[2024-04-16T11:57:44.445+0000] {processor.py:161} INFO - Started process (PID=35) to work on /opt/airflow/dags/calculator_dag.py
[2024-04-16T11:57:44.483+0000] {processor.py:830} INFO - Processing file /opt/airflow/dags/calculator_dag.py for tasks to queue
[2024-04-16T11:57:44.505+0000] {logging_mixin.py:188} INFO - [2024-04-16T11:57:44.495+0000] {dagbag.py:540} INFO - Filling up the DagBag from /opt/airflow/dags/calculator_dag.py
[2024-04-16T11:57:44.651+0000] {processor.py:840} INFO - DAG(s) 'calculator_dag' retrieved from /opt/airflow/dags/calculator_dag.py
[2024-04-16T11:57:45.004+0000] {logging_mixin.py:188} INFO - [2024-04-16T11:57:45.003+0000] {dag.py:3096} INFO - Sync 1 DAGs
[2024-04-16T11:57:45.081+0000] {logging_mixin.py:188} INFO - [2024-04-16T11:57:45.067+0000] {dag.py:3954} INFO - Setting next_dagrun for calculator_dag to 2024-04-15 00:00:00+00:00, run_after=2024-04-16 00:00:00+00:00
[2024-04-16T11:57:45.150+0000] {processor.py:183} INFO - Processing /opt/airflow/dags/calculator_dag.py took 0.837 seconds
[2024-04-16T11:58:28.076+0000] {processor.py:161} INFO - Started process (PID=100) to work on /opt/airflow/dags/calculator_dag.py
[2024-04-16T11:58:28.079+0000] {processor.py:830} INFO - Processing file /opt/airflow/dags/calculator_dag.py for tasks to queue
[2024-04-16T11:58:28.088+0000] {logging_mixin.py:188} INFO - [2024-04-16T11:58:28.087+0000] {dagbag.py:540} INFO - Filling up the DagBag from /opt/airflow/dags/calculator_dag.py
[2024-04-16T11:58:28.130+0000] {processor.py:840} INFO - DAG(s) 'calculator_dag' retrieved from /opt/airflow/dags/calculator_dag.py
[2024-04-16T11:58:28.185+0000] {logging_mixin.py:188} INFO - [2024-04-16T11:58:28.185+0000] {dag.py:3096} INFO - Sync 1 DAGs
[2024-04-16T11:58:28.224+0000] {logging_mixin.py:188} INFO - [2024-04-16T11:58:28.224+0000] {dag.py:3954} INFO - Setting next_dagrun for calculator_dag to 2024-04-16 00:00:00+00:00, run_after=2024-04-17 00:00:00+00:00
[2024-04-16T11:58:28.257+0000] {processor.py:183} INFO - Processing /opt/airflow/dags/calculator_dag.py took 0.190 seconds
[2024-04-16T12:08:34.614+0000] {processor.py:161} INFO - Started process (PID=39) to work on /opt/airflow/dags/calculator_dag.py
[2024-04-16T12:08:34.616+0000] {processor.py:830} INFO - Processing file /opt/airflow/dags/calculator_dag.py for tasks to queue
[2024-04-16T12:08:34.619+0000] {logging_mixin.py:188} INFO - [2024-04-16T12:08:34.618+0000] {dagbag.py:540} INFO - Filling up the DagBag from /opt/airflow/dags/calculator_dag.py
[2024-04-16T12:08:34.689+0000] {processor.py:840} INFO - DAG(s) 'calculator_dag' retrieved from /opt/airflow/dags/calculator_dag.py
[2024-04-16T12:08:34.973+0000] {logging_mixin.py:188} INFO - [2024-04-16T12:08:34.973+0000] {dag.py:3096} INFO - Sync 1 DAGs
[2024-04-16T12:08:35.036+0000] {logging_mixin.py:188} INFO - [2024-04-16T12:08:35.035+0000] {dag.py:3954} INFO - Setting next_dagrun for calculator_dag to 2024-04-16 00:00:00+00:00, run_after=2024-04-17 00:00:00+00:00
[2024-04-16T12:08:35.081+0000] {processor.py:183} INFO - Processing /opt/airflow/dags/calculator_dag.py took 0.475 seconds
[2024-04-16T12:09:05.785+0000] {processor.py:161} INFO - Started process (PID=100) to work on /opt/airflow/dags/calculator_dag.py
[2024-04-16T12:09:05.787+0000] {processor.py:830} INFO - Processing file /opt/airflow/dags/calculator_dag.py for tasks to queue
[2024-04-16T12:09:05.791+0000] {logging_mixin.py:188} INFO - [2024-04-16T12:09:05.791+0000] {dagbag.py:540} INFO - Filling up the DagBag from /opt/airflow/dags/calculator_dag.py
[2024-04-16T12:09:05.815+0000] {processor.py:840} INFO - DAG(s) 'calculator_dag' retrieved from /opt/airflow/dags/calculator_dag.py
[2024-04-16T12:09:05.884+0000] {logging_mixin.py:188} INFO - [2024-04-16T12:09:05.883+0000] {dag.py:3096} INFO - Sync 1 DAGs
[2024-04-16T12:09:05.940+0000] {logging_mixin.py:188} INFO - [2024-04-16T12:09:05.939+0000] {dag.py:3954} INFO - Setting next_dagrun for calculator_dag to 2024-04-16 00:00:00+00:00, run_after=2024-04-17 00:00:00+00:00
[2024-04-16T12:09:06.003+0000] {processor.py:183} INFO - Processing /opt/airflow/dags/calculator_dag.py took 0.226 seconds
[2024-04-16T12:09:36.517+0000] {processor.py:161} INFO - Started process (PID=163) to work on /opt/airflow/dags/calculator_dag.py
[2024-04-16T12:09:36.535+0000] {processor.py:830} INFO - Processing file /opt/airflow/dags/calculator_dag.py for tasks to queue
[2024-04-16T12:09:36.541+0000] {logging_mixin.py:188} INFO - [2024-04-16T12:09:36.541+0000] {dagbag.py:540} INFO - Filling up the DagBag from /opt/airflow/dags/calculator_dag.py
[2024-04-16T12:09:36.624+0000] {processor.py:840} INFO - DAG(s) 'calculator_dag' retrieved from /opt/airflow/dags/calculator_dag.py
[2024-04-16T12:09:36.702+0000] {logging_mixin.py:188} INFO - [2024-04-16T12:09:36.701+0000] {dag.py:3096} INFO - Sync 1 DAGs
[2024-04-16T12:09:36.773+0000] {logging_mixin.py:188} INFO - [2024-04-16T12:09:36.773+0000] {dag.py:3954} INFO - Setting next_dagrun for calculator_dag to 2024-04-16 00:00:00+00:00, run_after=2024-04-17 00:00:00+00:00
[2024-04-16T12:09:37.132+0000] {processor.py:183} INFO - Processing /opt/airflow/dags/calculator_dag.py took 0.620 seconds
[2024-04-16T12:10:07.980+0000] {processor.py:161} INFO - Started process (PID=226) to work on /opt/airflow/dags/calculator_dag.py
[2024-04-16T12:10:07.982+0000] {processor.py:830} INFO - Processing file /opt/airflow/dags/calculator_dag.py for tasks to queue
[2024-04-16T12:10:07.984+0000] {logging_mixin.py:188} INFO - [2024-04-16T12:10:07.984+0000] {dagbag.py:540} INFO - Filling up the DagBag from /opt/airflow/dags/calculator_dag.py
[2024-04-16T12:10:08.004+0000] {processor.py:840} INFO - DAG(s) 'calculator_dag' retrieved from /opt/airflow/dags/calculator_dag.py
[2024-04-16T12:10:08.050+0000] {logging_mixin.py:188} INFO - [2024-04-16T12:10:08.050+0000] {dag.py:3096} INFO - Sync 1 DAGs
[2024-04-16T12:10:08.104+0000] {logging_mixin.py:188} INFO - [2024-04-16T12:10:08.103+0000] {dag.py:3954} INFO - Setting next_dagrun for calculator_dag to 2024-04-16 00:00:00+00:00, run_after=2024-04-17 00:00:00+00:00
[2024-04-16T12:10:08.153+0000] {processor.py:183} INFO - Processing /opt/airflow/dags/calculator_dag.py took 0.180 seconds
[2024-04-16T12:31:08.276+0000] {processor.py:161} INFO - Started process (PID=34) to work on /opt/airflow/dags/calculator_dag.py
[2024-04-16T12:31:08.337+0000] {processor.py:830} INFO - Processing file /opt/airflow/dags/calculator_dag.py for tasks to queue
[2024-04-16T12:31:08.503+0000] {logging_mixin.py:188} INFO - [2024-04-16T12:31:08.484+0000] {dagbag.py:540} INFO - Filling up the DagBag from /opt/airflow/dags/calculator_dag.py
[2024-04-16T12:31:08.838+0000] {processor.py:840} INFO - DAG(s) 'calculator_dag' retrieved from /opt/airflow/dags/calculator_dag.py
[2024-04-16T12:31:10.077+0000] {logging_mixin.py:188} INFO - [2024-04-16T12:31:10.076+0000] {dag.py:3096} INFO - Sync 1 DAGs
[2024-04-16T12:31:10.602+0000] {logging_mixin.py:188} INFO - [2024-04-16T12:31:10.602+0000] {dag.py:3954} INFO - Setting next_dagrun for calculator_dag to 2024-04-16 00:00:00+00:00, run_after=2024-04-17 00:00:00+00:00
[2024-04-16T12:31:10.811+0000] {processor.py:183} INFO - Processing /opt/airflow/dags/calculator_dag.py took 2.809 seconds
[2024-04-16T12:31:41.222+0000] {processor.py:161} INFO - Started process (PID=104) to work on /opt/airflow/dags/calculator_dag.py
[2024-04-16T12:31:41.224+0000] {processor.py:830} INFO - Processing file /opt/airflow/dags/calculator_dag.py for tasks to queue
[2024-04-16T12:31:41.226+0000] {logging_mixin.py:188} INFO - [2024-04-16T12:31:41.225+0000] {dagbag.py:540} INFO - Filling up the DagBag from /opt/airflow/dags/calculator_dag.py
[2024-04-16T12:31:41.238+0000] {processor.py:840} INFO - DAG(s) 'calculator_dag' retrieved from /opt/airflow/dags/calculator_dag.py
[2024-04-16T12:31:41.259+0000] {logging_mixin.py:188} INFO - [2024-04-16T12:31:41.259+0000] {dag.py:3096} INFO - Sync 1 DAGs
[2024-04-16T12:31:41.282+0000] {logging_mixin.py:188} INFO - [2024-04-16T12:31:41.282+0000] {dag.py:3954} INFO - Setting next_dagrun for calculator_dag to 2024-04-16 00:00:00+00:00, run_after=2024-04-17 00:00:00+00:00
[2024-04-16T12:31:41.302+0000] {processor.py:183} INFO - Processing /opt/airflow/dags/calculator_dag.py took 0.085 seconds
[2024-04-16T12:32:11.747+0000] {processor.py:161} INFO - Started process (PID=167) to work on /opt/airflow/dags/calculator_dag.py
[2024-04-16T12:32:11.748+0000] {processor.py:830} INFO - Processing file /opt/airflow/dags/calculator_dag.py for tasks to queue
[2024-04-16T12:32:11.749+0000] {logging_mixin.py:188} INFO - [2024-04-16T12:32:11.748+0000] {dagbag.py:540} INFO - Filling up the DagBag from /opt/airflow/dags/calculator_dag.py
[2024-04-16T12:32:11.760+0000] {processor.py:840} INFO - DAG(s) 'calculator_dag' retrieved from /opt/airflow/dags/calculator_dag.py
[2024-04-16T12:32:11.777+0000] {logging_mixin.py:188} INFO - [2024-04-16T12:32:11.777+0000] {dag.py:3096} INFO - Sync 1 DAGs
[2024-04-16T12:32:11.797+0000] {logging_mixin.py:188} INFO - [2024-04-16T12:32:11.797+0000] {dag.py:3954} INFO - Setting next_dagrun for calculator_dag to 2024-04-16 00:00:00+00:00, run_after=2024-04-17 00:00:00+00:00
[2024-04-16T12:32:11.817+0000] {processor.py:183} INFO - Processing /opt/airflow/dags/calculator_dag.py took 0.075 seconds
[2024-04-16T12:32:42.632+0000] {processor.py:161} INFO - Started process (PID=228) to work on /opt/airflow/dags/calculator_dag.py
[2024-04-16T12:32:42.633+0000] {processor.py:830} INFO - Processing file /opt/airflow/dags/calculator_dag.py for tasks to queue
[2024-04-16T12:32:42.634+0000] {logging_mixin.py:188} INFO - [2024-04-16T12:32:42.633+0000] {dagbag.py:540} INFO - Filling up the DagBag from /opt/airflow/dags/calculator_dag.py
[2024-04-16T12:32:42.648+0000] {processor.py:840} INFO - DAG(s) 'calculator_dag' retrieved from /opt/airflow/dags/calculator_dag.py
[2024-04-16T12:32:42.671+0000] {logging_mixin.py:188} INFO - [2024-04-16T12:32:42.671+0000] {dag.py:3096} INFO - Sync 1 DAGs
[2024-04-16T12:32:42.696+0000] {logging_mixin.py:188} INFO - [2024-04-16T12:32:42.696+0000] {dag.py:3954} INFO - Setting next_dagrun for calculator_dag to 2024-04-16 00:00:00+00:00, run_after=2024-04-17 00:00:00+00:00
[2024-04-16T12:32:42.723+0000] {processor.py:183} INFO - Processing /opt/airflow/dags/calculator_dag.py took 0.097 seconds
[2024-04-16T12:33:16.943+0000] {processor.py:161} INFO - Started process (PID=292) to work on /opt/airflow/dags/calculator_dag.py
[2024-04-16T12:33:16.945+0000] {processor.py:830} INFO - Processing file /opt/airflow/dags/calculator_dag.py for tasks to queue
[2024-04-16T12:33:16.955+0000] {logging_mixin.py:188} INFO - [2024-04-16T12:33:16.946+0000] {dagbag.py:540} INFO - Filling up the DagBag from /opt/airflow/dags/calculator_dag.py
[2024-04-16T12:33:17.265+0000] {processor.py:840} INFO - DAG(s) 'calculator_dag' retrieved from /opt/airflow/dags/calculator_dag.py
[2024-04-16T12:33:17.317+0000] {logging_mixin.py:188} INFO - [2024-04-16T12:33:17.316+0000] {dag.py:3096} INFO - Sync 1 DAGs
[2024-04-16T12:33:17.404+0000] {logging_mixin.py:188} INFO - [2024-04-16T12:33:17.403+0000] {dag.py:3954} INFO - Setting next_dagrun for calculator_dag to 2024-04-16 00:00:00+00:00, run_after=2024-04-17 00:00:00+00:00
[2024-04-16T12:33:17.505+0000] {processor.py:183} INFO - Processing /opt/airflow/dags/calculator_dag.py took 0.569 seconds
[2024-04-16T12:33:48.240+0000] {processor.py:161} INFO - Started process (PID=355) to work on /opt/airflow/dags/calculator_dag.py
[2024-04-16T12:33:48.242+0000] {processor.py:830} INFO - Processing file /opt/airflow/dags/calculator_dag.py for tasks to queue
[2024-04-16T12:33:48.246+0000] {logging_mixin.py:188} INFO - [2024-04-16T12:33:48.245+0000] {dagbag.py:540} INFO - Filling up the DagBag from /opt/airflow/dags/calculator_dag.py
[2024-04-16T12:33:48.274+0000] {processor.py:840} INFO - DAG(s) 'calculator_dag' retrieved from /opt/airflow/dags/calculator_dag.py
[2024-04-16T12:33:48.296+0000] {logging_mixin.py:188} INFO - [2024-04-16T12:33:48.295+0000] {dag.py:3096} INFO - Sync 1 DAGs
[2024-04-16T12:33:48.318+0000] {logging_mixin.py:188} INFO - [2024-04-16T12:33:48.318+0000] {dag.py:3954} INFO - Setting next_dagrun for calculator_dag to 2024-04-16 00:00:00+00:00, run_after=2024-04-17 00:00:00+00:00
[2024-04-16T12:33:48.343+0000] {processor.py:183} INFO - Processing /opt/airflow/dags/calculator_dag.py took 0.109 seconds
[2024-04-16T12:34:18.391+0000] {processor.py:161} INFO - Started process (PID=418) to work on /opt/airflow/dags/calculator_dag.py
[2024-04-16T12:34:18.393+0000] {processor.py:830} INFO - Processing file /opt/airflow/dags/calculator_dag.py for tasks to queue
[2024-04-16T12:34:18.395+0000] {logging_mixin.py:188} INFO - [2024-04-16T12:34:18.394+0000] {dagbag.py:540} INFO - Filling up the DagBag from /opt/airflow/dags/calculator_dag.py
[2024-04-16T12:34:18.417+0000] {processor.py:840} INFO - DAG(s) 'calculator_dag' retrieved from /opt/airflow/dags/calculator_dag.py
[2024-04-16T12:34:18.436+0000] {logging_mixin.py:188} INFO - [2024-04-16T12:34:18.435+0000] {dag.py:3096} INFO - Sync 1 DAGs
[2024-04-16T12:34:18.458+0000] {logging_mixin.py:188} INFO - [2024-04-16T12:34:18.458+0000] {dag.py:3954} INFO - Setting next_dagrun for calculator_dag to 2024-04-16 00:00:00+00:00, run_after=2024-04-17 00:00:00+00:00
[2024-04-16T12:34:18.479+0000] {processor.py:183} INFO - Processing /opt/airflow/dags/calculator_dag.py took 0.095 seconds
[2024-04-16T12:36:11.755+0000] {processor.py:161} INFO - Started process (PID=457) to work on /opt/airflow/dags/calculator_dag.py
[2024-04-16T12:36:11.764+0000] {processor.py:830} INFO - Processing file /opt/airflow/dags/calculator_dag.py for tasks to queue
[2024-04-16T12:36:11.768+0000] {logging_mixin.py:188} INFO - [2024-04-16T12:36:11.765+0000] {dagbag.py:540} INFO - Filling up the DagBag from /opt/airflow/dags/calculator_dag.py
[2024-04-16T12:36:11.815+0000] {processor.py:840} INFO - DAG(s) 'calculator_dag' retrieved from /opt/airflow/dags/calculator_dag.py
[2024-04-16T12:36:11.865+0000] {logging_mixin.py:188} INFO - [2024-04-16T12:36:11.864+0000] {dag.py:3096} INFO - Sync 1 DAGs
[2024-04-16T12:36:11.913+0000] {logging_mixin.py:188} INFO - [2024-04-16T12:36:11.913+0000] {dag.py:3954} INFO - Setting next_dagrun for calculator_dag to 2024-04-16 00:00:00+00:00, run_after=2024-04-17 00:00:00+00:00
[2024-04-16T12:36:11.961+0000] {processor.py:183} INFO - Processing /opt/airflow/dags/calculator_dag.py took 0.233 seconds
[2024-04-16T12:39:11.015+0000] {processor.py:161} INFO - Started process (PID=534) to work on /opt/airflow/dags/calculator_dag.py
[2024-04-16T12:39:11.046+0000] {processor.py:830} INFO - Processing file /opt/airflow/dags/calculator_dag.py for tasks to queue
[2024-04-16T12:39:11.128+0000] {logging_mixin.py:188} INFO - [2024-04-16T12:39:11.108+0000] {dagbag.py:540} INFO - Filling up the DagBag from /opt/airflow/dags/calculator_dag.py
[2024-04-16T12:39:12.307+0000] {processor.py:840} INFO - DAG(s) 'calculator_dag' retrieved from /opt/airflow/dags/calculator_dag.py
[2024-04-16T12:39:17.099+0000] {logging_mixin.py:188} INFO - [2024-04-16T12:39:17.094+0000] {dag.py:3096} INFO - Sync 1 DAGs
[2024-04-16T12:39:18.588+0000] {logging_mixin.py:188} INFO - [2024-04-16T12:39:18.586+0000] {dag.py:3954} INFO - Setting next_dagrun for calculator_dag to 2024-04-16 00:00:00+00:00, run_after=2024-04-17 00:00:00+00:00
[2024-04-16T12:39:18.833+0000] {processor.py:183} INFO - Processing /opt/airflow/dags/calculator_dag.py took 8.096 seconds
[2024-04-16T12:40:16.541+0000] {processor.py:161} INFO - Started process (PID=597) to work on /opt/airflow/dags/calculator_dag.py
[2024-04-16T12:40:16.544+0000] {processor.py:830} INFO - Processing file /opt/airflow/dags/calculator_dag.py for tasks to queue
[2024-04-16T12:40:16.548+0000] {logging_mixin.py:188} INFO - [2024-04-16T12:40:16.547+0000] {dagbag.py:540} INFO - Filling up the DagBag from /opt/airflow/dags/calculator_dag.py
[2024-04-16T12:40:16.576+0000] {processor.py:840} INFO - DAG(s) 'calculator_dag' retrieved from /opt/airflow/dags/calculator_dag.py
[2024-04-16T12:40:16.658+0000] {logging_mixin.py:188} INFO - [2024-04-16T12:40:16.658+0000] {dag.py:3096} INFO - Sync 1 DAGs
[2024-04-16T12:40:16.741+0000] {logging_mixin.py:188} INFO - [2024-04-16T12:40:16.741+0000] {dag.py:3954} INFO - Setting next_dagrun for calculator_dag to 2024-04-16 00:00:00+00:00, run_after=2024-04-17 00:00:00+00:00
[2024-04-16T12:40:17.082+0000] {processor.py:183} INFO - Processing /opt/airflow/dags/calculator_dag.py took 0.552 seconds
[2024-04-16T12:42:33.852+0000] {processor.py:161} INFO - Started process (PID=29) to work on /opt/airflow/dags/calculator_dag.py
[2024-04-16T12:42:33.853+0000] {processor.py:830} INFO - Processing file /opt/airflow/dags/calculator_dag.py for tasks to queue
[2024-04-16T12:42:33.856+0000] {logging_mixin.py:188} INFO - [2024-04-16T12:42:33.855+0000] {dagbag.py:540} INFO - Filling up the DagBag from /opt/airflow/dags/calculator_dag.py
[2024-04-16T12:42:33.879+0000] {processor.py:840} INFO - DAG(s) 'calculator_dag' retrieved from /opt/airflow/dags/calculator_dag.py
[2024-04-16T12:42:33.935+0000] {logging_mixin.py:188} INFO - [2024-04-16T12:42:33.935+0000] {dag.py:3096} INFO - Sync 1 DAGs
[2024-04-16T12:42:34.007+0000] {logging_mixin.py:188} INFO - [2024-04-16T12:42:34.006+0000] {dag.py:3954} INFO - Setting next_dagrun for calculator_dag to 2024-04-16 00:00:00+00:00, run_after=2024-04-17 00:00:00+00:00
[2024-04-16T12:42:34.098+0000] {processor.py:183} INFO - Processing /opt/airflow/dags/calculator_dag.py took 0.257 seconds
[2024-04-16T12:45:58.673+0000] {processor.py:161} INFO - Started process (PID=25) to work on /opt/airflow/dags/calculator_dag.py
[2024-04-16T12:45:58.674+0000] {processor.py:830} INFO - Processing file /opt/airflow/dags/calculator_dag.py for tasks to queue
[2024-04-16T12:45:58.678+0000] {logging_mixin.py:188} INFO - [2024-04-16T12:45:58.677+0000] {dagbag.py:540} INFO - Filling up the DagBag from /opt/airflow/dags/calculator_dag.py
[2024-04-16T12:45:58.721+0000] {processor.py:840} INFO - DAG(s) 'calculator_dag' retrieved from /opt/airflow/dags/calculator_dag.py
[2024-04-16T12:45:58.813+0000] {logging_mixin.py:188} INFO - [2024-04-16T12:45:58.812+0000] {dag.py:3096} INFO - Sync 1 DAGs
[2024-04-16T12:45:58.843+0000] {logging_mixin.py:188} INFO - [2024-04-16T12:45:58.842+0000] {dag.py:3954} INFO - Setting next_dagrun for calculator_dag to 2024-04-16 00:00:00+00:00, run_after=2024-04-17 00:00:00+00:00
[2024-04-16T12:45:58.903+0000] {processor.py:183} INFO - Processing /opt/airflow/dags/calculator_dag.py took 0.236 seconds
