[2024-04-16T11:57:41.978+0000] {processor.py:161} INFO - Started process (PID=32) to work on /opt/airflow/dags/eksplorasi_dag.py
[2024-04-16T11:57:42.006+0000] {processor.py:830} INFO - Processing file /opt/airflow/dags/eksplorasi_dag.py for tasks to queue
[2024-04-16T11:57:42.055+0000] {logging_mixin.py:188} INFO - [2024-04-16T11:57:42.053+0000] {dagbag.py:540} INFO - Filling up the DagBag from /opt/airflow/dags/eksplorasi_dag.py
[2024-04-16T11:57:42.323+0000] {processor.py:840} INFO - DAG(s) 'fruits_dag' retrieved from /opt/airflow/dags/eksplorasi_dag.py
[2024-04-16T11:57:43.606+0000] {logging_mixin.py:188} INFO - [2024-04-16T11:57:43.603+0000] {override.py:1829} INFO - Created Permission View: can read on DAG:fruits_dag
[2024-04-16T11:57:43.657+0000] {logging_mixin.py:188} INFO - [2024-04-16T11:57:43.656+0000] {override.py:1829} INFO - Created Permission View: can delete on DAG:fruits_dag
[2024-04-16T11:57:43.674+0000] {logging_mixin.py:188} INFO - [2024-04-16T11:57:43.674+0000] {override.py:1829} INFO - Created Permission View: can edit on DAG:fruits_dag
[2024-04-16T11:57:43.677+0000] {logging_mixin.py:188} INFO - [2024-04-16T11:57:43.676+0000] {dag.py:3096} INFO - Sync 1 DAGs
[2024-04-16T11:57:43.750+0000] {logging_mixin.py:188} INFO - [2024-04-16T11:57:43.750+0000] {dag.py:3118} INFO - Creating ORM DAG for fruits_dag
[2024-04-16T11:57:43.858+0000] {logging_mixin.py:188} INFO - [2024-04-16T11:57:43.850+0000] {dag.py:3954} INFO - Setting next_dagrun for fruits_dag to 2023-03-01 00:00:00+00:00, run_after=2023-03-02 00:00:00+00:00
[2024-04-16T11:57:43.941+0000] {processor.py:183} INFO - Processing /opt/airflow/dags/eksplorasi_dag.py took 2.009 seconds
[2024-04-16T11:58:27.447+0000] {processor.py:161} INFO - Started process (PID=98) to work on /opt/airflow/dags/eksplorasi_dag.py
[2024-04-16T11:58:27.456+0000] {processor.py:830} INFO - Processing file /opt/airflow/dags/eksplorasi_dag.py for tasks to queue
[2024-04-16T11:58:27.460+0000] {logging_mixin.py:188} INFO - [2024-04-16T11:58:27.460+0000] {dagbag.py:540} INFO - Filling up the DagBag from /opt/airflow/dags/eksplorasi_dag.py
[2024-04-16T11:58:27.516+0000] {processor.py:840} INFO - DAG(s) 'fruits_dag' retrieved from /opt/airflow/dags/eksplorasi_dag.py
[2024-04-16T11:58:27.574+0000] {logging_mixin.py:188} INFO - [2024-04-16T11:58:27.574+0000] {dag.py:3096} INFO - Sync 1 DAGs
[2024-04-16T11:58:27.652+0000] {logging_mixin.py:188} INFO - [2024-04-16T11:58:27.651+0000] {dag.py:3954} INFO - Setting next_dagrun for fruits_dag to 2023-03-01 00:00:00+00:00, run_after=2023-03-02 00:00:00+00:00
[2024-04-16T11:58:27.707+0000] {processor.py:183} INFO - Processing /opt/airflow/dags/eksplorasi_dag.py took 0.268 seconds
[2024-04-16T11:58:29.888+0000] {processor.py:161} INFO - Started process (PID=110) to work on /opt/airflow/dags/eksplorasi_dag.py
[2024-04-16T11:58:29.910+0000] {processor.py:830} INFO - Processing file /opt/airflow/dags/eksplorasi_dag.py for tasks to queue
[2024-04-16T11:58:29.920+0000] {logging_mixin.py:188} INFO - [2024-04-16T11:58:29.919+0000] {dagbag.py:540} INFO - Filling up the DagBag from /opt/airflow/dags/eksplorasi_dag.py
[2024-04-16T11:58:30.024+0000] {processor.py:840} INFO - DAG(s) 'fruits_dag' retrieved from /opt/airflow/dags/eksplorasi_dag.py
[2024-04-16T11:58:30.132+0000] {logging_mixin.py:188} INFO - [2024-04-16T11:58:30.132+0000] {dag.py:3096} INFO - Sync 1 DAGs
[2024-04-16T11:58:30.240+0000] {logging_mixin.py:188} INFO - [2024-04-16T11:58:30.240+0000] {dag.py:3954} INFO - Setting next_dagrun for fruits_dag to 2023-03-01 00:00:00+00:00, run_after=2023-03-02 00:00:00+00:00
[2024-04-16T11:58:30.328+0000] {processor.py:183} INFO - Processing /opt/airflow/dags/eksplorasi_dag.py took 0.449 seconds
[2024-04-16T12:08:32.738+0000] {processor.py:161} INFO - Started process (PID=36) to work on /opt/airflow/dags/eksplorasi_dag.py
[2024-04-16T12:08:32.745+0000] {processor.py:830} INFO - Processing file /opt/airflow/dags/eksplorasi_dag.py for tasks to queue
[2024-04-16T12:08:32.773+0000] {logging_mixin.py:188} INFO - [2024-04-16T12:08:32.772+0000] {dagbag.py:540} INFO - Filling up the DagBag from /opt/airflow/dags/eksplorasi_dag.py
[2024-04-16T12:08:33.003+0000] {processor.py:840} INFO - DAG(s) 'fruits_dag' retrieved from /opt/airflow/dags/eksplorasi_dag.py
[2024-04-16T12:08:34.395+0000] {logging_mixin.py:188} INFO - [2024-04-16T12:08:34.393+0000] {dag.py:3096} INFO - Sync 1 DAGs
[2024-04-16T12:08:34.469+0000] {logging_mixin.py:188} INFO - [2024-04-16T12:08:34.468+0000] {dag.py:3954} INFO - Setting next_dagrun for fruits_dag to 2023-03-01 00:00:00+00:00, run_after=2023-03-02 00:00:00+00:00
[2024-04-16T12:08:34.541+0000] {processor.py:183} INFO - Processing /opt/airflow/dags/eksplorasi_dag.py took 1.852 seconds
[2024-04-16T12:09:05.495+0000] {processor.py:161} INFO - Started process (PID=98) to work on /opt/airflow/dags/eksplorasi_dag.py
[2024-04-16T12:09:05.510+0000] {processor.py:830} INFO - Processing file /opt/airflow/dags/eksplorasi_dag.py for tasks to queue
[2024-04-16T12:09:05.520+0000] {logging_mixin.py:188} INFO - [2024-04-16T12:09:05.519+0000] {dagbag.py:540} INFO - Filling up the DagBag from /opt/airflow/dags/eksplorasi_dag.py
[2024-04-16T12:09:05.591+0000] {processor.py:840} INFO - DAG(s) 'fruits_dag' retrieved from /opt/airflow/dags/eksplorasi_dag.py
[2024-04-16T12:09:05.673+0000] {logging_mixin.py:188} INFO - [2024-04-16T12:09:05.672+0000] {dag.py:3096} INFO - Sync 1 DAGs
[2024-04-16T12:09:05.713+0000] {logging_mixin.py:188} INFO - [2024-04-16T12:09:05.712+0000] {dag.py:3954} INFO - Setting next_dagrun for fruits_dag to 2023-03-01 00:00:00+00:00, run_after=2023-03-02 00:00:00+00:00
[2024-04-16T12:09:05.751+0000] {processor.py:183} INFO - Processing /opt/airflow/dags/eksplorasi_dag.py took 0.302 seconds
[2024-04-16T12:09:35.967+0000] {processor.py:161} INFO - Started process (PID=161) to work on /opt/airflow/dags/eksplorasi_dag.py
[2024-04-16T12:09:35.972+0000] {processor.py:830} INFO - Processing file /opt/airflow/dags/eksplorasi_dag.py for tasks to queue
[2024-04-16T12:09:35.981+0000] {logging_mixin.py:188} INFO - [2024-04-16T12:09:35.980+0000] {dagbag.py:540} INFO - Filling up the DagBag from /opt/airflow/dags/eksplorasi_dag.py
[2024-04-16T12:09:36.220+0000] {processor.py:840} INFO - DAG(s) 'fruits_dag' retrieved from /opt/airflow/dags/eksplorasi_dag.py
[2024-04-16T12:09:36.261+0000] {logging_mixin.py:188} INFO - [2024-04-16T12:09:36.260+0000] {dag.py:3096} INFO - Sync 1 DAGs
[2024-04-16T12:09:36.295+0000] {logging_mixin.py:188} INFO - [2024-04-16T12:09:36.295+0000] {dag.py:3954} INFO - Setting next_dagrun for fruits_dag to 2023-03-01 00:00:00+00:00, run_after=2023-03-02 00:00:00+00:00
[2024-04-16T12:09:36.345+0000] {processor.py:183} INFO - Processing /opt/airflow/dags/eksplorasi_dag.py took 0.397 seconds
[2024-04-16T12:10:06.618+0000] {processor.py:161} INFO - Started process (PID=224) to work on /opt/airflow/dags/eksplorasi_dag.py
[2024-04-16T12:10:06.717+0000] {processor.py:830} INFO - Processing file /opt/airflow/dags/eksplorasi_dag.py for tasks to queue
[2024-04-16T12:10:06.748+0000] {logging_mixin.py:188} INFO - [2024-04-16T12:10:06.748+0000] {dagbag.py:540} INFO - Filling up the DagBag from /opt/airflow/dags/eksplorasi_dag.py
[2024-04-16T12:10:06.790+0000] {processor.py:840} INFO - DAG(s) 'fruits_dag' retrieved from /opt/airflow/dags/eksplorasi_dag.py
[2024-04-16T12:10:06.856+0000] {logging_mixin.py:188} INFO - [2024-04-16T12:10:06.855+0000] {dag.py:3096} INFO - Sync 1 DAGs
[2024-04-16T12:10:06.901+0000] {logging_mixin.py:188} INFO - [2024-04-16T12:10:06.900+0000] {dag.py:3954} INFO - Setting next_dagrun for fruits_dag to 2023-03-01 00:00:00+00:00, run_after=2023-03-02 00:00:00+00:00
[2024-04-16T12:10:06.935+0000] {processor.py:183} INFO - Processing /opt/airflow/dags/eksplorasi_dag.py took 0.326 seconds
[2024-04-16T12:31:04.760+0000] {processor.py:161} INFO - Started process (PID=31) to work on /opt/airflow/dags/eksplorasi_dag.py
[2024-04-16T12:31:04.804+0000] {processor.py:830} INFO - Processing file /opt/airflow/dags/eksplorasi_dag.py for tasks to queue
[2024-04-16T12:31:04.845+0000] {logging_mixin.py:188} INFO - [2024-04-16T12:31:04.844+0000] {dagbag.py:540} INFO - Filling up the DagBag from /opt/airflow/dags/eksplorasi_dag.py
[2024-04-16T12:31:05.314+0000] {processor.py:840} INFO - DAG(s) 'eksplorasi' retrieved from /opt/airflow/dags/eksplorasi_dag.py
[2024-04-16T12:31:06.431+0000] {logging_mixin.py:188} INFO - [2024-04-16T12:31:06.430+0000] {override.py:1829} INFO - Created Permission View: can edit on DAG:eksplorasi
[2024-04-16T12:31:06.558+0000] {logging_mixin.py:188} INFO - [2024-04-16T12:31:06.556+0000] {override.py:1829} INFO - Created Permission View: can read on DAG:eksplorasi
[2024-04-16T12:31:06.653+0000] {logging_mixin.py:188} INFO - [2024-04-16T12:31:06.653+0000] {override.py:1829} INFO - Created Permission View: can delete on DAG:eksplorasi
[2024-04-16T12:31:06.659+0000] {logging_mixin.py:188} INFO - [2024-04-16T12:31:06.658+0000] {dag.py:3096} INFO - Sync 1 DAGs
[2024-04-16T12:31:06.840+0000] {logging_mixin.py:188} INFO - [2024-04-16T12:31:06.840+0000] {dag.py:3118} INFO - Creating ORM DAG for eksplorasi
[2024-04-16T12:31:07.018+0000] {logging_mixin.py:188} INFO - [2024-04-16T12:31:07.018+0000] {dag.py:3954} INFO - Setting next_dagrun for eksplorasi to 2023-03-01 00:00:00+00:00, run_after=2023-03-02 00:00:00+00:00
[2024-04-16T12:31:07.202+0000] {processor.py:183} INFO - Processing /opt/airflow/dags/eksplorasi_dag.py took 2.606 seconds
[2024-04-16T12:31:38.914+0000] {processor.py:161} INFO - Started process (PID=102) to work on /opt/airflow/dags/eksplorasi_dag.py
[2024-04-16T12:31:38.916+0000] {processor.py:830} INFO - Processing file /opt/airflow/dags/eksplorasi_dag.py for tasks to queue
[2024-04-16T12:31:38.918+0000] {logging_mixin.py:188} INFO - [2024-04-16T12:31:38.917+0000] {dagbag.py:540} INFO - Filling up the DagBag from /opt/airflow/dags/eksplorasi_dag.py
[2024-04-16T12:31:38.931+0000] {processor.py:840} INFO - DAG(s) 'eksplorasi' retrieved from /opt/airflow/dags/eksplorasi_dag.py
[2024-04-16T12:31:38.956+0000] {logging_mixin.py:188} INFO - [2024-04-16T12:31:38.956+0000] {dag.py:3096} INFO - Sync 1 DAGs
[2024-04-16T12:31:38.989+0000] {logging_mixin.py:188} INFO - [2024-04-16T12:31:38.989+0000] {dag.py:3954} INFO - Setting next_dagrun for eksplorasi to 2023-03-01 00:00:00+00:00, run_after=2023-03-02 00:00:00+00:00
[2024-04-16T12:31:39.016+0000] {processor.py:183} INFO - Processing /opt/airflow/dags/eksplorasi_dag.py took 0.106 seconds
[2024-04-16T12:32:09.081+0000] {processor.py:161} INFO - Started process (PID=163) to work on /opt/airflow/dags/eksplorasi_dag.py
[2024-04-16T12:32:09.082+0000] {processor.py:830} INFO - Processing file /opt/airflow/dags/eksplorasi_dag.py for tasks to queue
[2024-04-16T12:32:09.083+0000] {logging_mixin.py:188} INFO - [2024-04-16T12:32:09.082+0000] {dagbag.py:540} INFO - Filling up the DagBag from /opt/airflow/dags/eksplorasi_dag.py
[2024-04-16T12:32:09.095+0000] {processor.py:840} INFO - DAG(s) 'eksplorasi' retrieved from /opt/airflow/dags/eksplorasi_dag.py
[2024-04-16T12:32:09.113+0000] {logging_mixin.py:188} INFO - [2024-04-16T12:32:09.112+0000] {dag.py:3096} INFO - Sync 1 DAGs
[2024-04-16T12:32:09.132+0000] {logging_mixin.py:188} INFO - [2024-04-16T12:32:09.132+0000] {dag.py:3954} INFO - Setting next_dagrun for eksplorasi to 2023-03-01 00:00:00+00:00, run_after=2023-03-02 00:00:00+00:00
[2024-04-16T12:32:09.150+0000] {processor.py:183} INFO - Processing /opt/airflow/dags/eksplorasi_dag.py took 0.074 seconds
[2024-04-16T12:32:39.464+0000] {processor.py:161} INFO - Started process (PID=225) to work on /opt/airflow/dags/eksplorasi_dag.py
[2024-04-16T12:32:39.465+0000] {processor.py:830} INFO - Processing file /opt/airflow/dags/eksplorasi_dag.py for tasks to queue
[2024-04-16T12:32:39.466+0000] {logging_mixin.py:188} INFO - [2024-04-16T12:32:39.465+0000] {dagbag.py:540} INFO - Filling up the DagBag from /opt/airflow/dags/eksplorasi_dag.py
[2024-04-16T12:32:39.476+0000] {processor.py:840} INFO - DAG(s) 'eksplorasi' retrieved from /opt/airflow/dags/eksplorasi_dag.py
[2024-04-16T12:32:39.494+0000] {logging_mixin.py:188} INFO - [2024-04-16T12:32:39.494+0000] {dag.py:3096} INFO - Sync 1 DAGs
[2024-04-16T12:32:39.513+0000] {logging_mixin.py:188} INFO - [2024-04-16T12:32:39.513+0000] {dag.py:3954} INFO - Setting next_dagrun for eksplorasi to 2023-03-01 00:00:00+00:00, run_after=2023-03-02 00:00:00+00:00
[2024-04-16T12:32:39.530+0000] {processor.py:183} INFO - Processing /opt/airflow/dags/eksplorasi_dag.py took 0.071 seconds
[2024-04-16T12:33:11.465+0000] {processor.py:161} INFO - Started process (PID=274) to work on /opt/airflow/dags/eksplorasi_dag.py
[2024-04-16T12:33:11.468+0000] {processor.py:830} INFO - Processing file /opt/airflow/dags/eksplorasi_dag.py for tasks to queue
[2024-04-16T12:33:11.470+0000] {logging_mixin.py:188} INFO - [2024-04-16T12:33:11.470+0000] {dagbag.py:540} INFO - Filling up the DagBag from /opt/airflow/dags/eksplorasi_dag.py
[2024-04-16T12:33:11.577+0000] {processor.py:840} INFO - DAG(s) 'eksplorasi' retrieved from /opt/airflow/dags/eksplorasi_dag.py
[2024-04-16T12:33:11.625+0000] {logging_mixin.py:188} INFO - [2024-04-16T12:33:11.625+0000] {dag.py:3096} INFO - Sync 1 DAGs
[2024-04-16T12:33:11.709+0000] {logging_mixin.py:188} INFO - [2024-04-16T12:33:11.708+0000] {dag.py:3954} INFO - Setting next_dagrun for eksplorasi to 2023-03-01 00:00:00+00:00, run_after=2023-03-02 00:00:00+00:00
[2024-04-16T12:33:11.795+0000] {processor.py:183} INFO - Processing /opt/airflow/dags/eksplorasi_dag.py took 0.340 seconds
[2024-04-16T12:33:42.407+0000] {processor.py:161} INFO - Started process (PID=337) to work on /opt/airflow/dags/eksplorasi_dag.py
[2024-04-16T12:33:42.409+0000] {processor.py:830} INFO - Processing file /opt/airflow/dags/eksplorasi_dag.py for tasks to queue
[2024-04-16T12:33:42.411+0000] {logging_mixin.py:188} INFO - [2024-04-16T12:33:42.410+0000] {dagbag.py:540} INFO - Filling up the DagBag from /opt/airflow/dags/eksplorasi_dag.py
[2024-04-16T12:33:42.429+0000] {processor.py:840} INFO - DAG(s) 'eksplorasi' retrieved from /opt/airflow/dags/eksplorasi_dag.py
[2024-04-16T12:33:42.472+0000] {logging_mixin.py:188} INFO - [2024-04-16T12:33:42.471+0000] {dag.py:3096} INFO - Sync 1 DAGs
[2024-04-16T12:33:42.517+0000] {logging_mixin.py:188} INFO - [2024-04-16T12:33:42.517+0000] {dag.py:3954} INFO - Setting next_dagrun for eksplorasi to 2023-03-01 00:00:00+00:00, run_after=2023-03-02 00:00:00+00:00
[2024-04-16T12:33:42.542+0000] {processor.py:183} INFO - Processing /opt/airflow/dags/eksplorasi_dag.py took 0.143 seconds
[2024-04-16T12:34:13.089+0000] {processor.py:161} INFO - Started process (PID=400) to work on /opt/airflow/dags/eksplorasi_dag.py
[2024-04-16T12:34:13.091+0000] {processor.py:830} INFO - Processing file /opt/airflow/dags/eksplorasi_dag.py for tasks to queue
[2024-04-16T12:34:13.092+0000] {logging_mixin.py:188} INFO - [2024-04-16T12:34:13.092+0000] {dagbag.py:540} INFO - Filling up the DagBag from /opt/airflow/dags/eksplorasi_dag.py
[2024-04-16T12:34:13.126+0000] {processor.py:840} INFO - DAG(s) 'eksplorasi' retrieved from /opt/airflow/dags/eksplorasi_dag.py
[2024-04-16T12:34:13.149+0000] {logging_mixin.py:188} INFO - [2024-04-16T12:34:13.148+0000] {dag.py:3096} INFO - Sync 1 DAGs
[2024-04-16T12:34:13.175+0000] {logging_mixin.py:188} INFO - [2024-04-16T12:34:13.174+0000] {dag.py:3954} INFO - Setting next_dagrun for eksplorasi to 2023-03-01 00:00:00+00:00, run_after=2023-03-02 00:00:00+00:00
[2024-04-16T12:34:13.197+0000] {processor.py:183} INFO - Processing /opt/airflow/dags/eksplorasi_dag.py took 0.116 seconds
[2024-04-16T12:36:10.483+0000] {processor.py:161} INFO - Started process (PID=455) to work on /opt/airflow/dags/eksplorasi_dag.py
[2024-04-16T12:36:10.500+0000] {processor.py:830} INFO - Processing file /opt/airflow/dags/eksplorasi_dag.py for tasks to queue
[2024-04-16T12:36:10.514+0000] {logging_mixin.py:188} INFO - [2024-04-16T12:36:10.514+0000] {dagbag.py:540} INFO - Filling up the DagBag from /opt/airflow/dags/eksplorasi_dag.py
[2024-04-16T12:36:10.940+0000] {processor.py:840} INFO - DAG(s) 'eksplorasi' retrieved from /opt/airflow/dags/eksplorasi_dag.py
[2024-04-16T12:36:11.511+0000] {logging_mixin.py:188} INFO - [2024-04-16T12:36:11.509+0000] {dag.py:3096} INFO - Sync 1 DAGs
[2024-04-16T12:36:11.627+0000] {processor.py:183} INFO - Processing /opt/airflow/dags/eksplorasi_dag.py took 1.303 seconds
[2024-04-16T12:38:17.238+0000] {processor.py:161} INFO - Started process (PID=522) to work on /opt/airflow/dags/eksplorasi_dag.py
[2024-04-16T12:38:17.240+0000] {processor.py:830} INFO - Processing file /opt/airflow/dags/eksplorasi_dag.py for tasks to queue
[2024-04-16T12:38:17.245+0000] {logging_mixin.py:188} INFO - [2024-04-16T12:38:17.245+0000] {dagbag.py:540} INFO - Filling up the DagBag from /opt/airflow/dags/eksplorasi_dag.py
[2024-04-16T12:38:17.290+0000] {processor.py:840} INFO - DAG(s) 'eksplorasi' retrieved from /opt/airflow/dags/eksplorasi_dag.py
[2024-04-16T12:38:17.372+0000] {logging_mixin.py:188} INFO - [2024-04-16T12:38:17.372+0000] {dag.py:3096} INFO - Sync 1 DAGs
[2024-04-16T12:38:17.530+0000] {processor.py:183} INFO - Processing /opt/airflow/dags/eksplorasi_dag.py took 0.301 seconds
[2024-04-16T12:39:37.329+0000] {processor.py:161} INFO - Started process (PID=559) to work on /opt/airflow/dags/eksplorasi_dag.py
[2024-04-16T12:39:37.330+0000] {processor.py:830} INFO - Processing file /opt/airflow/dags/eksplorasi_dag.py for tasks to queue
[2024-04-16T12:39:37.331+0000] {logging_mixin.py:188} INFO - [2024-04-16T12:39:37.331+0000] {dagbag.py:540} INFO - Filling up the DagBag from /opt/airflow/dags/eksplorasi_dag.py
[2024-04-16T12:39:37.349+0000] {processor.py:840} INFO - DAG(s) 'eksplorasi' retrieved from /opt/airflow/dags/eksplorasi_dag.py
[2024-04-16T12:39:37.379+0000] {logging_mixin.py:188} INFO - [2024-04-16T12:39:37.379+0000] {dag.py:3096} INFO - Sync 1 DAGs
[2024-04-16T12:39:37.423+0000] {logging_mixin.py:188} INFO - [2024-04-16T12:39:37.419+0000] {dag.py:3954} INFO - Setting next_dagrun for eksplorasi to 2023-03-17 00:00:00+00:00, run_after=2023-03-18 00:00:00+00:00
[2024-04-16T12:39:37.454+0000] {processor.py:183} INFO - Processing /opt/airflow/dags/eksplorasi_dag.py took 0.132 seconds
[2024-04-16T12:40:14.962+0000] {processor.py:161} INFO - Started process (PID=587) to work on /opt/airflow/dags/eksplorasi_dag.py
[2024-04-16T12:40:14.965+0000] {processor.py:830} INFO - Processing file /opt/airflow/dags/eksplorasi_dag.py for tasks to queue
[2024-04-16T12:40:14.972+0000] {logging_mixin.py:188} INFO - [2024-04-16T12:40:14.971+0000] {dagbag.py:540} INFO - Filling up the DagBag from /opt/airflow/dags/eksplorasi_dag.py
[2024-04-16T12:40:15.049+0000] {processor.py:840} INFO - DAG(s) 'eksplorasi' retrieved from /opt/airflow/dags/eksplorasi_dag.py
[2024-04-16T12:40:15.174+0000] {logging_mixin.py:188} INFO - [2024-04-16T12:40:15.174+0000] {dag.py:3096} INFO - Sync 1 DAGs
[2024-04-16T12:40:15.325+0000] {logging_mixin.py:188} INFO - [2024-04-16T12:40:15.314+0000] {dag.py:3954} INFO - Setting next_dagrun for eksplorasi to 2023-03-22 00:00:00+00:00, run_after=2023-03-23 00:00:00+00:00
[2024-04-16T12:40:15.523+0000] {processor.py:183} INFO - Processing /opt/airflow/dags/eksplorasi_dag.py took 0.596 seconds
[2024-04-16T12:42:33.451+0000] {processor.py:161} INFO - Started process (PID=26) to work on /opt/airflow/dags/eksplorasi_dag.py
[2024-04-16T12:42:33.453+0000] {processor.py:830} INFO - Processing file /opt/airflow/dags/eksplorasi_dag.py for tasks to queue
[2024-04-16T12:42:33.455+0000] {logging_mixin.py:188} INFO - [2024-04-16T12:42:33.455+0000] {dagbag.py:540} INFO - Filling up the DagBag from /opt/airflow/dags/eksplorasi_dag.py
[2024-04-16T12:42:33.506+0000] {processor.py:840} INFO - DAG(s) 'eksplorasi' retrieved from /opt/airflow/dags/eksplorasi_dag.py
[2024-04-16T12:42:33.620+0000] {logging_mixin.py:188} INFO - [2024-04-16T12:42:33.620+0000] {dag.py:3096} INFO - Sync 1 DAGs
[2024-04-16T12:42:33.654+0000] {logging_mixin.py:188} INFO - [2024-04-16T12:42:33.654+0000] {dag.py:3954} INFO - Setting next_dagrun for eksplorasi to 2023-03-25 00:00:00+00:00, run_after=2023-03-26 00:00:00+00:00
[2024-04-16T12:42:33.688+0000] {processor.py:183} INFO - Processing /opt/airflow/dags/eksplorasi_dag.py took 0.248 seconds
[2024-04-16T12:45:58.754+0000] {processor.py:161} INFO - Started process (PID=26) to work on /opt/airflow/dags/eksplorasi_dag.py
[2024-04-16T12:45:58.759+0000] {processor.py:830} INFO - Processing file /opt/airflow/dags/eksplorasi_dag.py for tasks to queue
[2024-04-16T12:45:58.762+0000] {logging_mixin.py:188} INFO - [2024-04-16T12:45:58.762+0000] {dagbag.py:540} INFO - Filling up the DagBag from /opt/airflow/dags/eksplorasi_dag.py
[2024-04-16T12:45:58.801+0000] {processor.py:840} INFO - DAG(s) 'eksplorasi' retrieved from /opt/airflow/dags/eksplorasi_dag.py
[2024-04-16T12:45:59.342+0000] {logging_mixin.py:188} INFO - [2024-04-16T12:45:59.341+0000] {dag.py:3096} INFO - Sync 1 DAGs
[2024-04-16T12:45:59.409+0000] {logging_mixin.py:188} INFO - [2024-04-16T12:45:59.409+0000] {dag.py:3954} INFO - Setting next_dagrun for eksplorasi to 2023-04-01 00:00:00+00:00, run_after=2023-04-02 00:00:00+00:00
[2024-04-16T12:45:59.462+0000] {processor.py:183} INFO - Processing /opt/airflow/dags/eksplorasi_dag.py took 0.713 seconds
