[2024-04-16T11:57:42.211+0000] {processor.py:161} INFO - Started process (PID=33) to work on /opt/airflow/dags/hello_airflow_dag.py
[2024-04-16T11:57:42.222+0000] {processor.py:830} INFO - Processing file /opt/airflow/dags/hello_airflow_dag.py for tasks to queue
[2024-04-16T11:57:42.248+0000] {logging_mixin.py:188} INFO - [2024-04-16T11:57:42.245+0000] {dagbag.py:540} INFO - Filling up the DagBag from /opt/airflow/dags/hello_airflow_dag.py
[2024-04-16T11:57:42.376+0000] {processor.py:840} INFO - DAG(s) 'hello_airflow_dag' retrieved from /opt/airflow/dags/hello_airflow_dag.py
[2024-04-16T11:57:43.427+0000] {logging_mixin.py:188} INFO - [2024-04-16T11:57:43.427+0000] {dag.py:3096} INFO - Sync 1 DAGs
[2024-04-16T11:57:43.681+0000] {logging_mixin.py:188} INFO - [2024-04-16T11:57:43.681+0000] {dag.py:3954} INFO - Setting next_dagrun for hello_airflow_dag to 2024-04-15 00:00:00+00:00, run_after=2024-04-16 00:00:00+00:00
[2024-04-16T11:57:43.834+0000] {processor.py:183} INFO - Processing /opt/airflow/dags/hello_airflow_dag.py took 1.720 seconds
[2024-04-16T11:58:27.795+0000] {processor.py:161} INFO - Started process (PID=99) to work on /opt/airflow/dags/hello_airflow_dag.py
[2024-04-16T11:58:27.798+0000] {processor.py:830} INFO - Processing file /opt/airflow/dags/hello_airflow_dag.py for tasks to queue
[2024-04-16T11:58:27.803+0000] {logging_mixin.py:188} INFO - [2024-04-16T11:58:27.802+0000] {dagbag.py:540} INFO - Filling up the DagBag from /opt/airflow/dags/hello_airflow_dag.py
[2024-04-16T11:58:27.850+0000] {processor.py:840} INFO - DAG(s) 'hello_airflow_dag' retrieved from /opt/airflow/dags/hello_airflow_dag.py
[2024-04-16T11:58:27.887+0000] {logging_mixin.py:188} INFO - [2024-04-16T11:58:27.887+0000] {dag.py:3096} INFO - Sync 1 DAGs
[2024-04-16T11:58:27.955+0000] {logging_mixin.py:188} INFO - [2024-04-16T11:58:27.954+0000] {dag.py:3954} INFO - Setting next_dagrun for hello_airflow_dag to 2024-04-16 00:00:00+00:00, run_after=2024-04-17 00:00:00+00:00
[2024-04-16T11:58:28.008+0000] {processor.py:183} INFO - Processing /opt/airflow/dags/hello_airflow_dag.py took 0.222 seconds
[2024-04-16T12:08:32.930+0000] {processor.py:161} INFO - Started process (PID=37) to work on /opt/airflow/dags/hello_airflow_dag.py
[2024-04-16T12:08:32.945+0000] {processor.py:830} INFO - Processing file /opt/airflow/dags/hello_airflow_dag.py for tasks to queue
[2024-04-16T12:08:32.947+0000] {logging_mixin.py:188} INFO - [2024-04-16T12:08:32.946+0000] {dagbag.py:540} INFO - Filling up the DagBag from /opt/airflow/dags/hello_airflow_dag.py
[2024-04-16T12:08:33.161+0000] {processor.py:840} INFO - DAG(s) 'hello_airflow_dag' retrieved from /opt/airflow/dags/hello_airflow_dag.py
[2024-04-16T12:08:34.340+0000] {logging_mixin.py:188} INFO - [2024-04-16T12:08:34.339+0000] {dag.py:3096} INFO - Sync 1 DAGs
[2024-04-16T12:08:34.424+0000] {logging_mixin.py:188} INFO - [2024-04-16T12:08:34.422+0000] {dag.py:3954} INFO - Setting next_dagrun for hello_airflow_dag to 2024-04-16 00:00:00+00:00, run_after=2024-04-17 00:00:00+00:00
[2024-04-16T12:08:34.479+0000] {processor.py:183} INFO - Processing /opt/airflow/dags/hello_airflow_dag.py took 1.613 seconds
[2024-04-16T12:09:05.534+0000] {processor.py:161} INFO - Started process (PID=99) to work on /opt/airflow/dags/hello_airflow_dag.py
[2024-04-16T12:09:05.536+0000] {processor.py:830} INFO - Processing file /opt/airflow/dags/hello_airflow_dag.py for tasks to queue
[2024-04-16T12:09:05.543+0000] {logging_mixin.py:188} INFO - [2024-04-16T12:09:05.542+0000] {dagbag.py:540} INFO - Filling up the DagBag from /opt/airflow/dags/hello_airflow_dag.py
[2024-04-16T12:09:05.593+0000] {processor.py:840} INFO - DAG(s) 'hello_airflow_dag' retrieved from /opt/airflow/dags/hello_airflow_dag.py
[2024-04-16T12:09:05.633+0000] {logging_mixin.py:188} INFO - [2024-04-16T12:09:05.632+0000] {dag.py:3096} INFO - Sync 1 DAGs
[2024-04-16T12:09:05.677+0000] {logging_mixin.py:188} INFO - [2024-04-16T12:09:05.677+0000] {dag.py:3954} INFO - Setting next_dagrun for hello_airflow_dag to 2024-04-16 00:00:00+00:00, run_after=2024-04-17 00:00:00+00:00
[2024-04-16T12:09:05.718+0000] {processor.py:183} INFO - Processing /opt/airflow/dags/hello_airflow_dag.py took 0.202 seconds
[2024-04-16T12:09:35.932+0000] {processor.py:161} INFO - Started process (PID=162) to work on /opt/airflow/dags/hello_airflow_dag.py
[2024-04-16T12:09:35.943+0000] {processor.py:830} INFO - Processing file /opt/airflow/dags/hello_airflow_dag.py for tasks to queue
[2024-04-16T12:09:35.962+0000] {logging_mixin.py:188} INFO - [2024-04-16T12:09:35.961+0000] {dagbag.py:540} INFO - Filling up the DagBag from /opt/airflow/dags/hello_airflow_dag.py
[2024-04-16T12:09:36.167+0000] {processor.py:840} INFO - DAG(s) 'hello_airflow_dag' retrieved from /opt/airflow/dags/hello_airflow_dag.py
[2024-04-16T12:09:36.227+0000] {logging_mixin.py:188} INFO - [2024-04-16T12:09:36.226+0000] {dag.py:3096} INFO - Sync 1 DAGs
[2024-04-16T12:09:36.278+0000] {logging_mixin.py:188} INFO - [2024-04-16T12:09:36.278+0000] {dag.py:3954} INFO - Setting next_dagrun for hello_airflow_dag to 2024-04-16 00:00:00+00:00, run_after=2024-04-17 00:00:00+00:00
[2024-04-16T12:09:36.352+0000] {processor.py:183} INFO - Processing /opt/airflow/dags/hello_airflow_dag.py took 0.431 seconds
[2024-04-16T12:10:06.617+0000] {processor.py:161} INFO - Started process (PID=225) to work on /opt/airflow/dags/hello_airflow_dag.py
[2024-04-16T12:10:06.680+0000] {processor.py:830} INFO - Processing file /opt/airflow/dags/hello_airflow_dag.py for tasks to queue
[2024-04-16T12:10:06.683+0000] {logging_mixin.py:188} INFO - [2024-04-16T12:10:06.683+0000] {dagbag.py:540} INFO - Filling up the DagBag from /opt/airflow/dags/hello_airflow_dag.py
[2024-04-16T12:10:06.736+0000] {processor.py:840} INFO - DAG(s) 'hello_airflow_dag' retrieved from /opt/airflow/dags/hello_airflow_dag.py
[2024-04-16T12:10:06.800+0000] {logging_mixin.py:188} INFO - [2024-04-16T12:10:06.799+0000] {dag.py:3096} INFO - Sync 1 DAGs
[2024-04-16T12:10:06.876+0000] {logging_mixin.py:188} INFO - [2024-04-16T12:10:06.876+0000] {dag.py:3954} INFO - Setting next_dagrun for hello_airflow_dag to 2024-04-16 00:00:00+00:00, run_after=2024-04-17 00:00:00+00:00
[2024-04-16T12:10:06.905+0000] {processor.py:183} INFO - Processing /opt/airflow/dags/hello_airflow_dag.py took 0.295 seconds
[2024-04-16T12:31:05.024+0000] {processor.py:161} INFO - Started process (PID=32) to work on /opt/airflow/dags/hello_airflow_dag.py
[2024-04-16T12:31:05.038+0000] {processor.py:830} INFO - Processing file /opt/airflow/dags/hello_airflow_dag.py for tasks to queue
[2024-04-16T12:31:05.073+0000] {logging_mixin.py:188} INFO - [2024-04-16T12:31:05.072+0000] {dagbag.py:540} INFO - Filling up the DagBag from /opt/airflow/dags/hello_airflow_dag.py
[2024-04-16T12:31:05.311+0000] {processor.py:840} INFO - DAG(s) 'hello_airflow_dag' retrieved from /opt/airflow/dags/hello_airflow_dag.py
[2024-04-16T12:31:06.556+0000] {logging_mixin.py:188} INFO - [2024-04-16T12:31:06.555+0000] {dag.py:3096} INFO - Sync 1 DAGs
[2024-04-16T12:31:06.831+0000] {logging_mixin.py:188} INFO - [2024-04-16T12:31:06.820+0000] {dag.py:3954} INFO - Setting next_dagrun for hello_airflow_dag to 2024-04-16 00:00:00+00:00, run_after=2024-04-17 00:00:00+00:00
[2024-04-16T12:31:07.103+0000] {processor.py:183} INFO - Processing /opt/airflow/dags/hello_airflow_dag.py took 2.202 seconds
[2024-04-16T12:31:39.054+0000] {processor.py:161} INFO - Started process (PID=103) to work on /opt/airflow/dags/hello_airflow_dag.py
[2024-04-16T12:31:39.055+0000] {processor.py:830} INFO - Processing file /opt/airflow/dags/hello_airflow_dag.py for tasks to queue
[2024-04-16T12:31:39.058+0000] {logging_mixin.py:188} INFO - [2024-04-16T12:31:39.057+0000] {dagbag.py:540} INFO - Filling up the DagBag from /opt/airflow/dags/hello_airflow_dag.py
[2024-04-16T12:31:39.083+0000] {processor.py:840} INFO - DAG(s) 'hello_airflow_dag' retrieved from /opt/airflow/dags/hello_airflow_dag.py
[2024-04-16T12:31:39.109+0000] {logging_mixin.py:188} INFO - [2024-04-16T12:31:39.109+0000] {dag.py:3096} INFO - Sync 1 DAGs
[2024-04-16T12:31:39.144+0000] {logging_mixin.py:188} INFO - [2024-04-16T12:31:39.144+0000] {dag.py:3954} INFO - Setting next_dagrun for hello_airflow_dag to 2024-04-16 00:00:00+00:00, run_after=2024-04-17 00:00:00+00:00
[2024-04-16T12:31:39.169+0000] {processor.py:183} INFO - Processing /opt/airflow/dags/hello_airflow_dag.py took 0.123 seconds
[2024-04-16T12:32:10.098+0000] {processor.py:161} INFO - Started process (PID=164) to work on /opt/airflow/dags/hello_airflow_dag.py
[2024-04-16T12:32:10.099+0000] {processor.py:830} INFO - Processing file /opt/airflow/dags/hello_airflow_dag.py for tasks to queue
[2024-04-16T12:32:10.101+0000] {logging_mixin.py:188} INFO - [2024-04-16T12:32:10.100+0000] {dagbag.py:540} INFO - Filling up the DagBag from /opt/airflow/dags/hello_airflow_dag.py
[2024-04-16T12:32:10.118+0000] {processor.py:840} INFO - DAG(s) 'hello_airflow_dag' retrieved from /opt/airflow/dags/hello_airflow_dag.py
[2024-04-16T12:32:10.136+0000] {logging_mixin.py:188} INFO - [2024-04-16T12:32:10.136+0000] {dag.py:3096} INFO - Sync 1 DAGs
[2024-04-16T12:32:10.156+0000] {logging_mixin.py:188} INFO - [2024-04-16T12:32:10.156+0000] {dag.py:3954} INFO - Setting next_dagrun for hello_airflow_dag to 2024-04-16 00:00:00+00:00, run_after=2024-04-17 00:00:00+00:00
[2024-04-16T12:32:10.176+0000] {processor.py:183} INFO - Processing /opt/airflow/dags/hello_airflow_dag.py took 0.082 seconds
[2024-04-16T12:32:40.577+0000] {processor.py:161} INFO - Started process (PID=227) to work on /opt/airflow/dags/hello_airflow_dag.py
[2024-04-16T12:32:40.578+0000] {processor.py:830} INFO - Processing file /opt/airflow/dags/hello_airflow_dag.py for tasks to queue
[2024-04-16T12:32:40.579+0000] {logging_mixin.py:188} INFO - [2024-04-16T12:32:40.579+0000] {dagbag.py:540} INFO - Filling up the DagBag from /opt/airflow/dags/hello_airflow_dag.py
[2024-04-16T12:32:40.593+0000] {processor.py:840} INFO - DAG(s) 'hello_airflow_dag' retrieved from /opt/airflow/dags/hello_airflow_dag.py
[2024-04-16T12:32:40.610+0000] {logging_mixin.py:188} INFO - [2024-04-16T12:32:40.609+0000] {dag.py:3096} INFO - Sync 1 DAGs
[2024-04-16T12:32:40.630+0000] {logging_mixin.py:188} INFO - [2024-04-16T12:32:40.630+0000] {dag.py:3954} INFO - Setting next_dagrun for hello_airflow_dag to 2024-04-16 00:00:00+00:00, run_after=2024-04-17 00:00:00+00:00
[2024-04-16T12:32:40.650+0000] {processor.py:183} INFO - Processing /opt/airflow/dags/hello_airflow_dag.py took 0.078 seconds
[2024-04-16T12:33:11.504+0000] {processor.py:161} INFO - Started process (PID=275) to work on /opt/airflow/dags/hello_airflow_dag.py
[2024-04-16T12:33:11.517+0000] {processor.py:830} INFO - Processing file /opt/airflow/dags/hello_airflow_dag.py for tasks to queue
[2024-04-16T12:33:11.541+0000] {logging_mixin.py:188} INFO - [2024-04-16T12:33:11.541+0000] {dagbag.py:540} INFO - Filling up the DagBag from /opt/airflow/dags/hello_airflow_dag.py
[2024-04-16T12:33:11.686+0000] {processor.py:840} INFO - DAG(s) 'hello_airflow_dag' retrieved from /opt/airflow/dags/hello_airflow_dag.py
[2024-04-16T12:33:11.760+0000] {logging_mixin.py:188} INFO - [2024-04-16T12:33:11.759+0000] {dag.py:3096} INFO - Sync 1 DAGs
[2024-04-16T12:33:11.892+0000] {logging_mixin.py:188} INFO - [2024-04-16T12:33:11.891+0000] {dag.py:3954} INFO - Setting next_dagrun for hello_airflow_dag to 2024-04-16 00:00:00+00:00, run_after=2024-04-17 00:00:00+00:00
[2024-04-16T12:33:11.976+0000] {processor.py:183} INFO - Processing /opt/airflow/dags/hello_airflow_dag.py took 0.488 seconds
[2024-04-16T12:33:42.423+0000] {processor.py:161} INFO - Started process (PID=338) to work on /opt/airflow/dags/hello_airflow_dag.py
[2024-04-16T12:33:42.424+0000] {processor.py:830} INFO - Processing file /opt/airflow/dags/hello_airflow_dag.py for tasks to queue
[2024-04-16T12:33:42.425+0000] {logging_mixin.py:188} INFO - [2024-04-16T12:33:42.425+0000] {dagbag.py:540} INFO - Filling up the DagBag from /opt/airflow/dags/hello_airflow_dag.py
[2024-04-16T12:33:42.449+0000] {processor.py:840} INFO - DAG(s) 'hello_airflow_dag' retrieved from /opt/airflow/dags/hello_airflow_dag.py
[2024-04-16T12:33:42.505+0000] {logging_mixin.py:188} INFO - [2024-04-16T12:33:42.504+0000] {dag.py:3096} INFO - Sync 1 DAGs
[2024-04-16T12:33:42.538+0000] {logging_mixin.py:188} INFO - [2024-04-16T12:33:42.537+0000] {dag.py:3954} INFO - Setting next_dagrun for hello_airflow_dag to 2024-04-16 00:00:00+00:00, run_after=2024-04-17 00:00:00+00:00
[2024-04-16T12:33:42.603+0000] {processor.py:183} INFO - Processing /opt/airflow/dags/hello_airflow_dag.py took 0.188 seconds
[2024-04-16T12:34:13.102+0000] {processor.py:161} INFO - Started process (PID=401) to work on /opt/airflow/dags/hello_airflow_dag.py
[2024-04-16T12:34:13.104+0000] {processor.py:830} INFO - Processing file /opt/airflow/dags/hello_airflow_dag.py for tasks to queue
[2024-04-16T12:34:13.106+0000] {logging_mixin.py:188} INFO - [2024-04-16T12:34:13.106+0000] {dagbag.py:540} INFO - Filling up the DagBag from /opt/airflow/dags/hello_airflow_dag.py
[2024-04-16T12:34:13.131+0000] {processor.py:840} INFO - DAG(s) 'hello_airflow_dag' retrieved from /opt/airflow/dags/hello_airflow_dag.py
[2024-04-16T12:34:13.154+0000] {logging_mixin.py:188} INFO - [2024-04-16T12:34:13.154+0000] {dag.py:3096} INFO - Sync 1 DAGs
[2024-04-16T12:34:13.179+0000] {logging_mixin.py:188} INFO - [2024-04-16T12:34:13.178+0000] {dag.py:3954} INFO - Setting next_dagrun for hello_airflow_dag to 2024-04-16 00:00:00+00:00, run_after=2024-04-17 00:00:00+00:00
[2024-04-16T12:34:13.202+0000] {processor.py:183} INFO - Processing /opt/airflow/dags/hello_airflow_dag.py took 0.108 seconds
[2024-04-16T12:36:11.070+0000] {processor.py:161} INFO - Started process (PID=456) to work on /opt/airflow/dags/hello_airflow_dag.py
[2024-04-16T12:36:11.072+0000] {processor.py:830} INFO - Processing file /opt/airflow/dags/hello_airflow_dag.py for tasks to queue
[2024-04-16T12:36:11.076+0000] {logging_mixin.py:188} INFO - [2024-04-16T12:36:11.075+0000] {dagbag.py:540} INFO - Filling up the DagBag from /opt/airflow/dags/hello_airflow_dag.py
[2024-04-16T12:36:11.148+0000] {processor.py:840} INFO - DAG(s) 'hello_airflow_dag' retrieved from /opt/airflow/dags/hello_airflow_dag.py
[2024-04-16T12:36:11.522+0000] {logging_mixin.py:188} INFO - [2024-04-16T12:36:11.520+0000] {dag.py:3096} INFO - Sync 1 DAGs
[2024-04-16T12:36:11.601+0000] {logging_mixin.py:188} INFO - [2024-04-16T12:36:11.600+0000] {dag.py:3954} INFO - Setting next_dagrun for hello_airflow_dag to 2024-04-16 00:00:00+00:00, run_after=2024-04-17 00:00:00+00:00
[2024-04-16T12:36:11.659+0000] {processor.py:183} INFO - Processing /opt/airflow/dags/hello_airflow_dag.py took 0.605 seconds
[2024-04-16T12:38:17.601+0000] {processor.py:161} INFO - Started process (PID=524) to work on /opt/airflow/dags/hello_airflow_dag.py
[2024-04-16T12:38:17.602+0000] {processor.py:830} INFO - Processing file /opt/airflow/dags/hello_airflow_dag.py for tasks to queue
[2024-04-16T12:38:17.604+0000] {logging_mixin.py:188} INFO - [2024-04-16T12:38:17.603+0000] {dagbag.py:540} INFO - Filling up the DagBag from /opt/airflow/dags/hello_airflow_dag.py
[2024-04-16T12:38:17.642+0000] {processor.py:840} INFO - DAG(s) 'hello_airflow_dag' retrieved from /opt/airflow/dags/hello_airflow_dag.py
[2024-04-16T12:38:17.693+0000] {logging_mixin.py:188} INFO - [2024-04-16T12:38:17.692+0000] {dag.py:3096} INFO - Sync 1 DAGs
[2024-04-16T12:38:17.751+0000] {logging_mixin.py:188} INFO - [2024-04-16T12:38:17.751+0000] {dag.py:3954} INFO - Setting next_dagrun for hello_airflow_dag to 2024-04-16 00:00:00+00:00, run_after=2024-04-17 00:00:00+00:00
[2024-04-16T12:38:17.857+0000] {processor.py:183} INFO - Processing /opt/airflow/dags/hello_airflow_dag.py took 0.266 seconds
[2024-04-16T12:39:37.496+0000] {processor.py:161} INFO - Started process (PID=560) to work on /opt/airflow/dags/hello_airflow_dag.py
[2024-04-16T12:39:37.497+0000] {processor.py:830} INFO - Processing file /opt/airflow/dags/hello_airflow_dag.py for tasks to queue
[2024-04-16T12:39:37.498+0000] {logging_mixin.py:188} INFO - [2024-04-16T12:39:37.498+0000] {dagbag.py:540} INFO - Filling up the DagBag from /opt/airflow/dags/hello_airflow_dag.py
[2024-04-16T12:39:37.529+0000] {processor.py:840} INFO - DAG(s) 'hello_airflow_dag' retrieved from /opt/airflow/dags/hello_airflow_dag.py
[2024-04-16T12:39:37.585+0000] {logging_mixin.py:188} INFO - [2024-04-16T12:39:37.582+0000] {dag.py:3096} INFO - Sync 1 DAGs
[2024-04-16T12:39:37.676+0000] {logging_mixin.py:188} INFO - [2024-04-16T12:39:37.675+0000] {dag.py:3954} INFO - Setting next_dagrun for hello_airflow_dag to 2024-04-16 00:00:00+00:00, run_after=2024-04-17 00:00:00+00:00
[2024-04-16T12:39:37.735+0000] {processor.py:183} INFO - Processing /opt/airflow/dags/hello_airflow_dag.py took 0.246 seconds
[2024-04-16T12:40:15.910+0000] {processor.py:161} INFO - Started process (PID=594) to work on /opt/airflow/dags/hello_airflow_dag.py
[2024-04-16T12:40:15.958+0000] {processor.py:830} INFO - Processing file /opt/airflow/dags/hello_airflow_dag.py for tasks to queue
[2024-04-16T12:40:15.966+0000] {logging_mixin.py:188} INFO - [2024-04-16T12:40:15.962+0000] {dagbag.py:540} INFO - Filling up the DagBag from /opt/airflow/dags/hello_airflow_dag.py
[2024-04-16T12:40:16.033+0000] {processor.py:840} INFO - DAG(s) 'hello_airflow_dag' retrieved from /opt/airflow/dags/hello_airflow_dag.py
[2024-04-16T12:40:16.270+0000] {logging_mixin.py:188} INFO - [2024-04-16T12:40:16.268+0000] {dag.py:3096} INFO - Sync 1 DAGs
[2024-04-16T12:40:16.356+0000] {logging_mixin.py:188} INFO - [2024-04-16T12:40:16.355+0000] {dag.py:3954} INFO - Setting next_dagrun for hello_airflow_dag to 2024-04-16 00:00:00+00:00, run_after=2024-04-17 00:00:00+00:00
[2024-04-16T12:40:16.404+0000] {processor.py:183} INFO - Processing /opt/airflow/dags/hello_airflow_dag.py took 0.687 seconds
[2024-04-16T12:42:33.524+0000] {processor.py:161} INFO - Started process (PID=27) to work on /opt/airflow/dags/hello_airflow_dag.py
[2024-04-16T12:42:33.531+0000] {processor.py:830} INFO - Processing file /opt/airflow/dags/hello_airflow_dag.py for tasks to queue
[2024-04-16T12:42:33.540+0000] {logging_mixin.py:188} INFO - [2024-04-16T12:42:33.540+0000] {dagbag.py:540} INFO - Filling up the DagBag from /opt/airflow/dags/hello_airflow_dag.py
[2024-04-16T12:42:33.574+0000] {processor.py:840} INFO - DAG(s) 'hello_airflow_dag' retrieved from /opt/airflow/dags/hello_airflow_dag.py
[2024-04-16T12:42:33.658+0000] {logging_mixin.py:188} INFO - [2024-04-16T12:42:33.657+0000] {dag.py:3096} INFO - Sync 1 DAGs
[2024-04-16T12:42:33.723+0000] {logging_mixin.py:188} INFO - [2024-04-16T12:42:33.723+0000] {dag.py:3954} INFO - Setting next_dagrun for hello_airflow_dag to 2024-04-16 00:00:00+00:00, run_after=2024-04-17 00:00:00+00:00
[2024-04-16T12:42:33.763+0000] {processor.py:183} INFO - Processing /opt/airflow/dags/hello_airflow_dag.py took 0.251 seconds
[2024-04-16T12:45:58.984+0000] {processor.py:161} INFO - Started process (PID=32) to work on /opt/airflow/dags/hello_airflow_dag.py
[2024-04-16T12:45:58.986+0000] {processor.py:830} INFO - Processing file /opt/airflow/dags/hello_airflow_dag.py for tasks to queue
[2024-04-16T12:45:59.022+0000] {logging_mixin.py:188} INFO - [2024-04-16T12:45:59.022+0000] {dagbag.py:540} INFO - Filling up the DagBag from /opt/airflow/dags/hello_airflow_dag.py
[2024-04-16T12:45:59.093+0000] {processor.py:840} INFO - DAG(s) 'hello_airflow_dag' retrieved from /opt/airflow/dags/hello_airflow_dag.py
[2024-04-16T12:45:59.153+0000] {logging_mixin.py:188} INFO - [2024-04-16T12:45:59.153+0000] {dag.py:3096} INFO - Sync 1 DAGs
[2024-04-16T12:45:59.242+0000] {logging_mixin.py:188} INFO - [2024-04-16T12:45:59.242+0000] {dag.py:3954} INFO - Setting next_dagrun for hello_airflow_dag to 2024-04-16 00:00:00+00:00, run_after=2024-04-17 00:00:00+00:00
[2024-04-16T12:45:59.278+0000] {processor.py:183} INFO - Processing /opt/airflow/dags/hello_airflow_dag.py took 0.304 seconds
