[2024-04-24T07:26:23.202+0000] {processor.py:161} INFO - Started process (PID=79) to work on /home/airflow/.local/lib/python3.12/site-packages/airflow/example_dags/example_short_circuit_operator.py
[2024-04-24T07:26:23.203+0000] {processor.py:830} INFO - Processing file /home/airflow/.local/lib/python3.12/site-packages/airflow/example_dags/example_short_circuit_operator.py for tasks to queue
[2024-04-24T07:26:23.206+0000] {logging_mixin.py:188} INFO - [2024-04-24T07:26:23.205+0000] {dagbag.py:540} INFO - Filling up the DagBag from /home/airflow/.local/lib/python3.12/site-packages/airflow/example_dags/example_short_circuit_operator.py
[2024-04-24T07:26:23.230+0000] {processor.py:840} INFO - DAG(s) 'example_short_circuit_operator' retrieved from /home/airflow/.local/lib/python3.12/site-packages/airflow/example_dags/example_short_circuit_operator.py
[2024-04-24T07:26:23.677+0000] {logging_mixin.py:188} INFO - [2024-04-24T07:26:23.677+0000] {dag.py:3096} INFO - Sync 1 DAGs
[2024-04-24T07:26:23.749+0000] {logging_mixin.py:188} INFO - [2024-04-24T07:26:23.748+0000] {dag.py:3954} INFO - Setting next_dagrun for example_short_circuit_operator to 2024-04-23 00:00:00+00:00, run_after=2024-04-24 00:00:00+00:00
[2024-04-24T07:26:23.814+0000] {processor.py:183} INFO - Processing /home/airflow/.local/lib/python3.12/site-packages/airflow/example_dags/example_short_circuit_operator.py took 0.629 seconds
[2024-04-24T07:26:54.575+0000] {processor.py:161} INFO - Started process (PID=137) to work on /home/airflow/.local/lib/python3.12/site-packages/airflow/example_dags/example_short_circuit_operator.py
[2024-04-24T07:26:54.576+0000] {processor.py:830} INFO - Processing file /home/airflow/.local/lib/python3.12/site-packages/airflow/example_dags/example_short_circuit_operator.py for tasks to queue
[2024-04-24T07:26:54.578+0000] {logging_mixin.py:188} INFO - [2024-04-24T07:26:54.578+0000] {dagbag.py:540} INFO - Filling up the DagBag from /home/airflow/.local/lib/python3.12/site-packages/airflow/example_dags/example_short_circuit_operator.py
[2024-04-24T07:26:54.587+0000] {processor.py:840} INFO - DAG(s) 'example_short_circuit_operator' retrieved from /home/airflow/.local/lib/python3.12/site-packages/airflow/example_dags/example_short_circuit_operator.py
[2024-04-24T07:26:54.615+0000] {logging_mixin.py:188} INFO - [2024-04-24T07:26:54.615+0000] {dag.py:3096} INFO - Sync 1 DAGs
[2024-04-24T07:26:54.640+0000] {logging_mixin.py:188} INFO - [2024-04-24T07:26:54.640+0000] {dag.py:3954} INFO - Setting next_dagrun for example_short_circuit_operator to 2024-04-23 00:00:00+00:00, run_after=2024-04-24 00:00:00+00:00
[2024-04-24T07:26:54.666+0000] {processor.py:183} INFO - Processing /home/airflow/.local/lib/python3.12/site-packages/airflow/example_dags/example_short_circuit_operator.py took 0.097 seconds
[2024-04-24T07:27:24.841+0000] {processor.py:161} INFO - Started process (PID=195) to work on /home/airflow/.local/lib/python3.12/site-packages/airflow/example_dags/example_short_circuit_operator.py
[2024-04-24T07:27:24.842+0000] {processor.py:830} INFO - Processing file /home/airflow/.local/lib/python3.12/site-packages/airflow/example_dags/example_short_circuit_operator.py for tasks to queue
[2024-04-24T07:27:24.844+0000] {logging_mixin.py:188} INFO - [2024-04-24T07:27:24.844+0000] {dagbag.py:540} INFO - Filling up the DagBag from /home/airflow/.local/lib/python3.12/site-packages/airflow/example_dags/example_short_circuit_operator.py
[2024-04-24T07:27:24.852+0000] {processor.py:840} INFO - DAG(s) 'example_short_circuit_operator' retrieved from /home/airflow/.local/lib/python3.12/site-packages/airflow/example_dags/example_short_circuit_operator.py
[2024-04-24T07:27:24.879+0000] {logging_mixin.py:188} INFO - [2024-04-24T07:27:24.879+0000] {dag.py:3096} INFO - Sync 1 DAGs
[2024-04-24T07:27:24.907+0000] {logging_mixin.py:188} INFO - [2024-04-24T07:27:24.906+0000] {dag.py:3954} INFO - Setting next_dagrun for example_short_circuit_operator to 2024-04-23 00:00:00+00:00, run_after=2024-04-24 00:00:00+00:00
[2024-04-24T07:27:24.933+0000] {processor.py:183} INFO - Processing /home/airflow/.local/lib/python3.12/site-packages/airflow/example_dags/example_short_circuit_operator.py took 0.098 seconds
[2024-04-24T07:27:55.270+0000] {processor.py:161} INFO - Started process (PID=253) to work on /home/airflow/.local/lib/python3.12/site-packages/airflow/example_dags/example_short_circuit_operator.py
[2024-04-24T07:27:55.271+0000] {processor.py:830} INFO - Processing file /home/airflow/.local/lib/python3.12/site-packages/airflow/example_dags/example_short_circuit_operator.py for tasks to queue
[2024-04-24T07:27:55.274+0000] {logging_mixin.py:188} INFO - [2024-04-24T07:27:55.273+0000] {dagbag.py:540} INFO - Filling up the DagBag from /home/airflow/.local/lib/python3.12/site-packages/airflow/example_dags/example_short_circuit_operator.py
[2024-04-24T07:27:55.288+0000] {processor.py:840} INFO - DAG(s) 'example_short_circuit_operator' retrieved from /home/airflow/.local/lib/python3.12/site-packages/airflow/example_dags/example_short_circuit_operator.py
[2024-04-24T07:27:55.343+0000] {logging_mixin.py:188} INFO - [2024-04-24T07:27:55.343+0000] {dag.py:3096} INFO - Sync 1 DAGs
[2024-04-24T07:27:55.378+0000] {logging_mixin.py:188} INFO - [2024-04-24T07:27:55.378+0000] {dag.py:3954} INFO - Setting next_dagrun for example_short_circuit_operator to 2024-04-23 00:00:00+00:00, run_after=2024-04-24 00:00:00+00:00
[2024-04-24T07:27:55.434+0000] {processor.py:183} INFO - Processing /home/airflow/.local/lib/python3.12/site-packages/airflow/example_dags/example_short_circuit_operator.py took 0.172 seconds
[2024-04-24T07:28:25.812+0000] {processor.py:161} INFO - Started process (PID=312) to work on /home/airflow/.local/lib/python3.12/site-packages/airflow/example_dags/example_short_circuit_operator.py
[2024-04-24T07:28:25.824+0000] {processor.py:830} INFO - Processing file /home/airflow/.local/lib/python3.12/site-packages/airflow/example_dags/example_short_circuit_operator.py for tasks to queue
[2024-04-24T07:28:25.839+0000] {logging_mixin.py:188} INFO - [2024-04-24T07:28:25.838+0000] {dagbag.py:540} INFO - Filling up the DagBag from /home/airflow/.local/lib/python3.12/site-packages/airflow/example_dags/example_short_circuit_operator.py
[2024-04-24T07:28:25.874+0000] {processor.py:840} INFO - DAG(s) 'example_short_circuit_operator' retrieved from /home/airflow/.local/lib/python3.12/site-packages/airflow/example_dags/example_short_circuit_operator.py
[2024-04-24T07:28:25.919+0000] {logging_mixin.py:188} INFO - [2024-04-24T07:28:25.919+0000] {dag.py:3096} INFO - Sync 1 DAGs
[2024-04-24T07:28:25.955+0000] {logging_mixin.py:188} INFO - [2024-04-24T07:28:25.955+0000] {dag.py:3954} INFO - Setting next_dagrun for example_short_circuit_operator to 2024-04-23 00:00:00+00:00, run_after=2024-04-24 00:00:00+00:00
[2024-04-24T07:28:26.003+0000] {processor.py:183} INFO - Processing /home/airflow/.local/lib/python3.12/site-packages/airflow/example_dags/example_short_circuit_operator.py took 0.212 seconds
[2024-04-24T07:28:56.116+0000] {processor.py:161} INFO - Started process (PID=370) to work on /home/airflow/.local/lib/python3.12/site-packages/airflow/example_dags/example_short_circuit_operator.py
[2024-04-24T07:28:56.117+0000] {processor.py:830} INFO - Processing file /home/airflow/.local/lib/python3.12/site-packages/airflow/example_dags/example_short_circuit_operator.py for tasks to queue
[2024-04-24T07:28:56.121+0000] {logging_mixin.py:188} INFO - [2024-04-24T07:28:56.120+0000] {dagbag.py:540} INFO - Filling up the DagBag from /home/airflow/.local/lib/python3.12/site-packages/airflow/example_dags/example_short_circuit_operator.py
[2024-04-24T07:28:56.133+0000] {processor.py:840} INFO - DAG(s) 'example_short_circuit_operator' retrieved from /home/airflow/.local/lib/python3.12/site-packages/airflow/example_dags/example_short_circuit_operator.py
[2024-04-24T07:28:56.150+0000] {logging_mixin.py:188} INFO - [2024-04-24T07:28:56.150+0000] {dag.py:3096} INFO - Sync 1 DAGs
[2024-04-24T07:28:56.187+0000] {logging_mixin.py:188} INFO - [2024-04-24T07:28:56.187+0000] {dag.py:3954} INFO - Setting next_dagrun for example_short_circuit_operator to 2024-04-23 00:00:00+00:00, run_after=2024-04-24 00:00:00+00:00
[2024-04-24T07:28:56.209+0000] {processor.py:183} INFO - Processing /home/airflow/.local/lib/python3.12/site-packages/airflow/example_dags/example_short_circuit_operator.py took 0.101 seconds
[2024-04-24T07:29:28.510+0000] {processor.py:161} INFO - Started process (PID=428) to work on /home/airflow/.local/lib/python3.12/site-packages/airflow/example_dags/example_short_circuit_operator.py
[2024-04-24T07:29:28.526+0000] {processor.py:830} INFO - Processing file /home/airflow/.local/lib/python3.12/site-packages/airflow/example_dags/example_short_circuit_operator.py for tasks to queue
[2024-04-24T07:29:28.529+0000] {logging_mixin.py:188} INFO - [2024-04-24T07:29:28.529+0000] {dagbag.py:540} INFO - Filling up the DagBag from /home/airflow/.local/lib/python3.12/site-packages/airflow/example_dags/example_short_circuit_operator.py
[2024-04-24T07:29:28.547+0000] {processor.py:840} INFO - DAG(s) 'example_short_circuit_operator' retrieved from /home/airflow/.local/lib/python3.12/site-packages/airflow/example_dags/example_short_circuit_operator.py
[2024-04-24T07:29:29.044+0000] {logging_mixin.py:188} INFO - [2024-04-24T07:29:29.044+0000] {dag.py:3096} INFO - Sync 1 DAGs
[2024-04-24T07:29:29.088+0000] {logging_mixin.py:188} INFO - [2024-04-24T07:29:29.088+0000] {dag.py:3954} INFO - Setting next_dagrun for example_short_circuit_operator to 2024-04-23 00:00:00+00:00, run_after=2024-04-24 00:00:00+00:00
[2024-04-24T07:29:29.126+0000] {processor.py:183} INFO - Processing /home/airflow/.local/lib/python3.12/site-packages/airflow/example_dags/example_short_circuit_operator.py took 0.636 seconds
[2024-04-24T07:29:59.649+0000] {processor.py:161} INFO - Started process (PID=485) to work on /home/airflow/.local/lib/python3.12/site-packages/airflow/example_dags/example_short_circuit_operator.py
[2024-04-24T07:29:59.656+0000] {processor.py:830} INFO - Processing file /home/airflow/.local/lib/python3.12/site-packages/airflow/example_dags/example_short_circuit_operator.py for tasks to queue
[2024-04-24T07:29:59.668+0000] {logging_mixin.py:188} INFO - [2024-04-24T07:29:59.665+0000] {dagbag.py:540} INFO - Filling up the DagBag from /home/airflow/.local/lib/python3.12/site-packages/airflow/example_dags/example_short_circuit_operator.py
[2024-04-24T07:29:59.681+0000] {processor.py:840} INFO - DAG(s) 'example_short_circuit_operator' retrieved from /home/airflow/.local/lib/python3.12/site-packages/airflow/example_dags/example_short_circuit_operator.py
[2024-04-24T07:29:59.746+0000] {logging_mixin.py:188} INFO - [2024-04-24T07:29:59.746+0000] {dag.py:3096} INFO - Sync 1 DAGs
[2024-04-24T07:29:59.947+0000] {logging_mixin.py:188} INFO - [2024-04-24T07:29:59.942+0000] {dag.py:3954} INFO - Setting next_dagrun for example_short_circuit_operator to 2024-04-23 00:00:00+00:00, run_after=2024-04-24 00:00:00+00:00
[2024-04-24T07:30:00.004+0000] {processor.py:183} INFO - Processing /home/airflow/.local/lib/python3.12/site-packages/airflow/example_dags/example_short_circuit_operator.py took 0.378 seconds
[2024-04-24T07:30:30.230+0000] {processor.py:161} INFO - Started process (PID=544) to work on /home/airflow/.local/lib/python3.12/site-packages/airflow/example_dags/example_short_circuit_operator.py
[2024-04-24T07:30:30.231+0000] {processor.py:830} INFO - Processing file /home/airflow/.local/lib/python3.12/site-packages/airflow/example_dags/example_short_circuit_operator.py for tasks to queue
[2024-04-24T07:30:30.233+0000] {logging_mixin.py:188} INFO - [2024-04-24T07:30:30.232+0000] {dagbag.py:540} INFO - Filling up the DagBag from /home/airflow/.local/lib/python3.12/site-packages/airflow/example_dags/example_short_circuit_operator.py
[2024-04-24T07:30:30.243+0000] {processor.py:840} INFO - DAG(s) 'example_short_circuit_operator' retrieved from /home/airflow/.local/lib/python3.12/site-packages/airflow/example_dags/example_short_circuit_operator.py
[2024-04-24T07:30:30.257+0000] {logging_mixin.py:188} INFO - [2024-04-24T07:30:30.257+0000] {dag.py:3096} INFO - Sync 1 DAGs
[2024-04-24T07:30:30.302+0000] {logging_mixin.py:188} INFO - [2024-04-24T07:30:30.301+0000] {dag.py:3954} INFO - Setting next_dagrun for example_short_circuit_operator to 2024-04-23 00:00:00+00:00, run_after=2024-04-24 00:00:00+00:00
[2024-04-24T07:30:30.329+0000] {processor.py:183} INFO - Processing /home/airflow/.local/lib/python3.12/site-packages/airflow/example_dags/example_short_circuit_operator.py took 0.106 seconds
[2024-04-24T07:31:00.845+0000] {processor.py:161} INFO - Started process (PID=603) to work on /home/airflow/.local/lib/python3.12/site-packages/airflow/example_dags/example_short_circuit_operator.py
[2024-04-24T07:31:00.847+0000] {processor.py:830} INFO - Processing file /home/airflow/.local/lib/python3.12/site-packages/airflow/example_dags/example_short_circuit_operator.py for tasks to queue
[2024-04-24T07:31:00.849+0000] {logging_mixin.py:188} INFO - [2024-04-24T07:31:00.849+0000] {dagbag.py:540} INFO - Filling up the DagBag from /home/airflow/.local/lib/python3.12/site-packages/airflow/example_dags/example_short_circuit_operator.py
[2024-04-24T07:31:00.863+0000] {processor.py:840} INFO - DAG(s) 'example_short_circuit_operator' retrieved from /home/airflow/.local/lib/python3.12/site-packages/airflow/example_dags/example_short_circuit_operator.py
[2024-04-24T07:31:01.304+0000] {logging_mixin.py:188} INFO - [2024-04-24T07:31:01.303+0000] {dag.py:3096} INFO - Sync 1 DAGs
[2024-04-24T07:31:01.345+0000] {logging_mixin.py:188} INFO - [2024-04-24T07:31:01.344+0000] {dag.py:3954} INFO - Setting next_dagrun for example_short_circuit_operator to 2024-04-23 00:00:00+00:00, run_after=2024-04-24 00:00:00+00:00
[2024-04-24T07:31:01.400+0000] {processor.py:183} INFO - Processing /home/airflow/.local/lib/python3.12/site-packages/airflow/example_dags/example_short_circuit_operator.py took 0.562 seconds
