[2024-04-24T07:26:19.627+0000] {processor.py:161} INFO - Started process (PID=68) to work on /home/airflow/.local/lib/python3.12/site-packages/airflow/example_dags/example_xcom.py
[2024-04-24T07:26:19.629+0000] {processor.py:830} INFO - Processing file /home/airflow/.local/lib/python3.12/site-packages/airflow/example_dags/example_xcom.py for tasks to queue
[2024-04-24T07:26:19.638+0000] {logging_mixin.py:188} INFO - [2024-04-24T07:26:19.637+0000] {dagbag.py:540} INFO - Filling up the DagBag from /home/airflow/.local/lib/python3.12/site-packages/airflow/example_dags/example_xcom.py
[2024-04-24T07:26:19.669+0000] {processor.py:840} INFO - DAG(s) 'example_xcom' retrieved from /home/airflow/.local/lib/python3.12/site-packages/airflow/example_dags/example_xcom.py
[2024-04-24T07:26:20.068+0000] {logging_mixin.py:188} INFO - [2024-04-24T07:26:20.068+0000] {dag.py:3096} INFO - Sync 1 DAGs
[2024-04-24T07:26:20.132+0000] {logging_mixin.py:188} INFO - [2024-04-24T07:26:20.131+0000] {dag.py:3954} INFO - Setting next_dagrun for example_xcom to 2021-01-01 00:00:00+00:00, run_after=2021-01-01 00:00:00+00:00
[2024-04-24T07:26:20.212+0000] {processor.py:183} INFO - Processing /home/airflow/.local/lib/python3.12/site-packages/airflow/example_dags/example_xcom.py took 0.597 seconds
[2024-04-24T07:26:50.910+0000] {processor.py:161} INFO - Started process (PID=126) to work on /home/airflow/.local/lib/python3.12/site-packages/airflow/example_dags/example_xcom.py
[2024-04-24T07:26:50.911+0000] {processor.py:830} INFO - Processing file /home/airflow/.local/lib/python3.12/site-packages/airflow/example_dags/example_xcom.py for tasks to queue
[2024-04-24T07:26:50.914+0000] {logging_mixin.py:188} INFO - [2024-04-24T07:26:50.913+0000] {dagbag.py:540} INFO - Filling up the DagBag from /home/airflow/.local/lib/python3.12/site-packages/airflow/example_dags/example_xcom.py
[2024-04-24T07:26:50.922+0000] {processor.py:840} INFO - DAG(s) 'example_xcom' retrieved from /home/airflow/.local/lib/python3.12/site-packages/airflow/example_dags/example_xcom.py
[2024-04-24T07:26:50.946+0000] {logging_mixin.py:188} INFO - [2024-04-24T07:26:50.946+0000] {dag.py:3096} INFO - Sync 1 DAGs
[2024-04-24T07:26:50.973+0000] {logging_mixin.py:188} INFO - [2024-04-24T07:26:50.972+0000] {dag.py:3954} INFO - Setting next_dagrun for example_xcom to 2021-01-01 00:00:00+00:00, run_after=2021-01-01 00:00:00+00:00
[2024-04-24T07:26:50.994+0000] {processor.py:183} INFO - Processing /home/airflow/.local/lib/python3.12/site-packages/airflow/example_dags/example_xcom.py took 0.092 seconds
[2024-04-24T07:27:21.127+0000] {processor.py:161} INFO - Started process (PID=184) to work on /home/airflow/.local/lib/python3.12/site-packages/airflow/example_dags/example_xcom.py
[2024-04-24T07:27:21.128+0000] {processor.py:830} INFO - Processing file /home/airflow/.local/lib/python3.12/site-packages/airflow/example_dags/example_xcom.py for tasks to queue
[2024-04-24T07:27:21.130+0000] {logging_mixin.py:188} INFO - [2024-04-24T07:27:21.130+0000] {dagbag.py:540} INFO - Filling up the DagBag from /home/airflow/.local/lib/python3.12/site-packages/airflow/example_dags/example_xcom.py
[2024-04-24T07:27:21.139+0000] {processor.py:840} INFO - DAG(s) 'example_xcom' retrieved from /home/airflow/.local/lib/python3.12/site-packages/airflow/example_dags/example_xcom.py
[2024-04-24T07:27:21.164+0000] {logging_mixin.py:188} INFO - [2024-04-24T07:27:21.164+0000] {dag.py:3096} INFO - Sync 1 DAGs
[2024-04-24T07:27:21.187+0000] {logging_mixin.py:188} INFO - [2024-04-24T07:27:21.186+0000] {dag.py:3954} INFO - Setting next_dagrun for example_xcom to 2021-01-01 00:00:00+00:00, run_after=2021-01-01 00:00:00+00:00
[2024-04-24T07:27:21.207+0000] {processor.py:183} INFO - Processing /home/airflow/.local/lib/python3.12/site-packages/airflow/example_dags/example_xcom.py took 0.087 seconds
[2024-04-24T07:27:51.274+0000] {processor.py:161} INFO - Started process (PID=242) to work on /home/airflow/.local/lib/python3.12/site-packages/airflow/example_dags/example_xcom.py
[2024-04-24T07:27:51.276+0000] {processor.py:830} INFO - Processing file /home/airflow/.local/lib/python3.12/site-packages/airflow/example_dags/example_xcom.py for tasks to queue
[2024-04-24T07:27:51.278+0000] {logging_mixin.py:188} INFO - [2024-04-24T07:27:51.278+0000] {dagbag.py:540} INFO - Filling up the DagBag from /home/airflow/.local/lib/python3.12/site-packages/airflow/example_dags/example_xcom.py
[2024-04-24T07:27:51.288+0000] {processor.py:840} INFO - DAG(s) 'example_xcom' retrieved from /home/airflow/.local/lib/python3.12/site-packages/airflow/example_dags/example_xcom.py
[2024-04-24T07:27:51.311+0000] {logging_mixin.py:188} INFO - [2024-04-24T07:27:51.311+0000] {dag.py:3096} INFO - Sync 1 DAGs
[2024-04-24T07:27:51.335+0000] {logging_mixin.py:188} INFO - [2024-04-24T07:27:51.334+0000] {dag.py:3954} INFO - Setting next_dagrun for example_xcom to 2021-01-01 00:00:00+00:00, run_after=2021-01-01 00:00:00+00:00
[2024-04-24T07:27:51.353+0000] {processor.py:183} INFO - Processing /home/airflow/.local/lib/python3.12/site-packages/airflow/example_dags/example_xcom.py took 0.085 seconds
[2024-04-24T07:28:22.295+0000] {processor.py:161} INFO - Started process (PID=301) to work on /home/airflow/.local/lib/python3.12/site-packages/airflow/example_dags/example_xcom.py
[2024-04-24T07:28:22.299+0000] {processor.py:830} INFO - Processing file /home/airflow/.local/lib/python3.12/site-packages/airflow/example_dags/example_xcom.py for tasks to queue
[2024-04-24T07:28:22.303+0000] {logging_mixin.py:188} INFO - [2024-04-24T07:28:22.302+0000] {dagbag.py:540} INFO - Filling up the DagBag from /home/airflow/.local/lib/python3.12/site-packages/airflow/example_dags/example_xcom.py
[2024-04-24T07:28:22.311+0000] {processor.py:840} INFO - DAG(s) 'example_xcom' retrieved from /home/airflow/.local/lib/python3.12/site-packages/airflow/example_dags/example_xcom.py
[2024-04-24T07:28:22.339+0000] {logging_mixin.py:188} INFO - [2024-04-24T07:28:22.339+0000] {dag.py:3096} INFO - Sync 1 DAGs
[2024-04-24T07:28:22.377+0000] {logging_mixin.py:188} INFO - [2024-04-24T07:28:22.376+0000] {dag.py:3954} INFO - Setting next_dagrun for example_xcom to 2021-01-01 00:00:00+00:00, run_after=2021-01-01 00:00:00+00:00
[2024-04-24T07:28:22.451+0000] {processor.py:183} INFO - Processing /home/airflow/.local/lib/python3.12/site-packages/airflow/example_dags/example_xcom.py took 0.166 seconds
[2024-04-24T07:28:52.560+0000] {processor.py:161} INFO - Started process (PID=359) to work on /home/airflow/.local/lib/python3.12/site-packages/airflow/example_dags/example_xcom.py
[2024-04-24T07:28:52.561+0000] {processor.py:830} INFO - Processing file /home/airflow/.local/lib/python3.12/site-packages/airflow/example_dags/example_xcom.py for tasks to queue
[2024-04-24T07:28:52.564+0000] {logging_mixin.py:188} INFO - [2024-04-24T07:28:52.564+0000] {dagbag.py:540} INFO - Filling up the DagBag from /home/airflow/.local/lib/python3.12/site-packages/airflow/example_dags/example_xcom.py
[2024-04-24T07:28:52.574+0000] {processor.py:840} INFO - DAG(s) 'example_xcom' retrieved from /home/airflow/.local/lib/python3.12/site-packages/airflow/example_dags/example_xcom.py
[2024-04-24T07:28:52.587+0000] {logging_mixin.py:188} INFO - [2024-04-24T07:28:52.587+0000] {dag.py:3096} INFO - Sync 1 DAGs
[2024-04-24T07:28:52.618+0000] {logging_mixin.py:188} INFO - [2024-04-24T07:28:52.618+0000] {dag.py:3954} INFO - Setting next_dagrun for example_xcom to 2021-01-01 00:00:00+00:00, run_after=2021-01-01 00:00:00+00:00
[2024-04-24T07:28:52.640+0000] {processor.py:183} INFO - Processing /home/airflow/.local/lib/python3.12/site-packages/airflow/example_dags/example_xcom.py took 0.089 seconds
[2024-04-24T07:29:22.847+0000] {processor.py:161} INFO - Started process (PID=417) to work on /home/airflow/.local/lib/python3.12/site-packages/airflow/example_dags/example_xcom.py
[2024-04-24T07:29:22.849+0000] {processor.py:830} INFO - Processing file /home/airflow/.local/lib/python3.12/site-packages/airflow/example_dags/example_xcom.py for tasks to queue
[2024-04-24T07:29:22.854+0000] {logging_mixin.py:188} INFO - [2024-04-24T07:29:22.851+0000] {dagbag.py:540} INFO - Filling up the DagBag from /home/airflow/.local/lib/python3.12/site-packages/airflow/example_dags/example_xcom.py
[2024-04-24T07:29:22.868+0000] {processor.py:840} INFO - DAG(s) 'example_xcom' retrieved from /home/airflow/.local/lib/python3.12/site-packages/airflow/example_dags/example_xcom.py
[2024-04-24T07:29:23.141+0000] {logging_mixin.py:188} INFO - [2024-04-24T07:29:23.140+0000] {dag.py:3096} INFO - Sync 1 DAGs
[2024-04-24T07:29:23.674+0000] {logging_mixin.py:188} INFO - [2024-04-24T07:29:23.674+0000] {dag.py:3954} INFO - Setting next_dagrun for example_xcom to 2021-01-01 00:00:00+00:00, run_after=2021-01-01 00:00:00+00:00
[2024-04-24T07:29:23.711+0000] {processor.py:183} INFO - Processing /home/airflow/.local/lib/python3.12/site-packages/airflow/example_dags/example_xcom.py took 0.879 seconds
[2024-04-24T07:29:54.487+0000] {processor.py:161} INFO - Started process (PID=475) to work on /home/airflow/.local/lib/python3.12/site-packages/airflow/example_dags/example_xcom.py
[2024-04-24T07:29:54.489+0000] {processor.py:830} INFO - Processing file /home/airflow/.local/lib/python3.12/site-packages/airflow/example_dags/example_xcom.py for tasks to queue
[2024-04-24T07:29:54.492+0000] {logging_mixin.py:188} INFO - [2024-04-24T07:29:54.491+0000] {dagbag.py:540} INFO - Filling up the DagBag from /home/airflow/.local/lib/python3.12/site-packages/airflow/example_dags/example_xcom.py
[2024-04-24T07:29:54.506+0000] {processor.py:840} INFO - DAG(s) 'example_xcom' retrieved from /home/airflow/.local/lib/python3.12/site-packages/airflow/example_dags/example_xcom.py
[2024-04-24T07:29:54.559+0000] {logging_mixin.py:188} INFO - [2024-04-24T07:29:54.558+0000] {dag.py:3096} INFO - Sync 1 DAGs
[2024-04-24T07:29:54.595+0000] {logging_mixin.py:188} INFO - [2024-04-24T07:29:54.595+0000] {dag.py:3954} INFO - Setting next_dagrun for example_xcom to 2021-01-01 00:00:00+00:00, run_after=2021-01-01 00:00:00+00:00
[2024-04-24T07:29:54.659+0000] {processor.py:183} INFO - Processing /home/airflow/.local/lib/python3.12/site-packages/airflow/example_dags/example_xcom.py took 0.183 seconds
[2024-04-24T07:30:24.790+0000] {processor.py:161} INFO - Started process (PID=533) to work on /home/airflow/.local/lib/python3.12/site-packages/airflow/example_dags/example_xcom.py
[2024-04-24T07:30:24.791+0000] {processor.py:830} INFO - Processing file /home/airflow/.local/lib/python3.12/site-packages/airflow/example_dags/example_xcom.py for tasks to queue
[2024-04-24T07:30:24.795+0000] {logging_mixin.py:188} INFO - [2024-04-24T07:30:24.794+0000] {dagbag.py:540} INFO - Filling up the DagBag from /home/airflow/.local/lib/python3.12/site-packages/airflow/example_dags/example_xcom.py
[2024-04-24T07:30:24.818+0000] {processor.py:840} INFO - DAG(s) 'example_xcom' retrieved from /home/airflow/.local/lib/python3.12/site-packages/airflow/example_dags/example_xcom.py
[2024-04-24T07:30:24.960+0000] {logging_mixin.py:188} INFO - [2024-04-24T07:30:24.960+0000] {dag.py:3096} INFO - Sync 1 DAGs
[2024-04-24T07:30:26.010+0000] {logging_mixin.py:188} INFO - [2024-04-24T07:30:26.010+0000] {dag.py:3954} INFO - Setting next_dagrun for example_xcom to 2021-01-01 00:00:00+00:00, run_after=2021-01-01 00:00:00+00:00
[2024-04-24T07:30:26.050+0000] {processor.py:183} INFO - Processing /home/airflow/.local/lib/python3.12/site-packages/airflow/example_dags/example_xcom.py took 1.284 seconds
[2024-04-24T07:30:56.183+0000] {processor.py:161} INFO - Started process (PID=593) to work on /home/airflow/.local/lib/python3.12/site-packages/airflow/example_dags/example_xcom.py
[2024-04-24T07:30:56.185+0000] {processor.py:830} INFO - Processing file /home/airflow/.local/lib/python3.12/site-packages/airflow/example_dags/example_xcom.py for tasks to queue
[2024-04-24T07:30:56.187+0000] {logging_mixin.py:188} INFO - [2024-04-24T07:30:56.187+0000] {dagbag.py:540} INFO - Filling up the DagBag from /home/airflow/.local/lib/python3.12/site-packages/airflow/example_dags/example_xcom.py
[2024-04-24T07:30:56.196+0000] {processor.py:840} INFO - DAG(s) 'example_xcom' retrieved from /home/airflow/.local/lib/python3.12/site-packages/airflow/example_dags/example_xcom.py
[2024-04-24T07:30:56.551+0000] {logging_mixin.py:188} INFO - [2024-04-24T07:30:56.551+0000] {dag.py:3096} INFO - Sync 1 DAGs
[2024-04-24T07:30:56.571+0000] {logging_mixin.py:188} INFO - [2024-04-24T07:30:56.570+0000] {dag.py:3954} INFO - Setting next_dagrun for example_xcom to 2021-01-01 00:00:00+00:00, run_after=2021-01-01 00:00:00+00:00
[2024-04-24T07:30:56.594+0000] {processor.py:183} INFO - Processing /home/airflow/.local/lib/python3.12/site-packages/airflow/example_dags/example_xcom.py took 0.418 seconds
