[2024-04-24T07:26:10.958+0000] {processor.py:161} INFO - Started process (PID=57) to work on /home/airflow/.local/lib/python3.12/site-packages/airflow/example_dags/example_complex.py
[2024-04-24T07:26:10.993+0000] {processor.py:830} INFO - Processing file /home/airflow/.local/lib/python3.12/site-packages/airflow/example_dags/example_complex.py for tasks to queue
[2024-04-24T07:26:11.069+0000] {logging_mixin.py:188} INFO - [2024-04-24T07:26:11.067+0000] {dagbag.py:540} INFO - Filling up the DagBag from /home/airflow/.local/lib/python3.12/site-packages/airflow/example_dags/example_complex.py
[2024-04-24T07:26:11.332+0000] {processor.py:840} INFO - DAG(s) 'example_complex' retrieved from /home/airflow/.local/lib/python3.12/site-packages/airflow/example_dags/example_complex.py
[2024-04-24T07:26:12.386+0000] {logging_mixin.py:188} INFO - [2024-04-24T07:26:12.377+0000] {dag.py:3096} INFO - Sync 1 DAGs
[2024-04-24T07:26:12.474+0000] {logging_mixin.py:188} INFO - [2024-04-24T07:26:12.474+0000] {dag.py:3954} INFO - Setting next_dagrun for example_complex to None, run_after=None
[2024-04-24T07:26:12.572+0000] {processor.py:183} INFO - Processing /home/airflow/.local/lib/python3.12/site-packages/airflow/example_dags/example_complex.py took 1.676 seconds
[2024-04-24T07:26:43.076+0000] {processor.py:161} INFO - Started process (PID=115) to work on /home/airflow/.local/lib/python3.12/site-packages/airflow/example_dags/example_complex.py
[2024-04-24T07:26:43.078+0000] {processor.py:830} INFO - Processing file /home/airflow/.local/lib/python3.12/site-packages/airflow/example_dags/example_complex.py for tasks to queue
[2024-04-24T07:26:43.080+0000] {logging_mixin.py:188} INFO - [2024-04-24T07:26:43.080+0000] {dagbag.py:540} INFO - Filling up the DagBag from /home/airflow/.local/lib/python3.12/site-packages/airflow/example_dags/example_complex.py
[2024-04-24T07:26:43.091+0000] {processor.py:840} INFO - DAG(s) 'example_complex' retrieved from /home/airflow/.local/lib/python3.12/site-packages/airflow/example_dags/example_complex.py
[2024-04-24T07:26:43.125+0000] {logging_mixin.py:188} INFO - [2024-04-24T07:26:43.125+0000] {dag.py:3096} INFO - Sync 1 DAGs
[2024-04-24T07:26:43.137+0000] {logging_mixin.py:188} INFO - [2024-04-24T07:26:43.137+0000] {dag.py:3954} INFO - Setting next_dagrun for example_complex to None, run_after=None
[2024-04-24T07:26:43.166+0000] {processor.py:183} INFO - Processing /home/airflow/.local/lib/python3.12/site-packages/airflow/example_dags/example_complex.py took 0.096 seconds
[2024-04-24T07:27:13.290+0000] {processor.py:161} INFO - Started process (PID=173) to work on /home/airflow/.local/lib/python3.12/site-packages/airflow/example_dags/example_complex.py
[2024-04-24T07:27:13.292+0000] {processor.py:830} INFO - Processing file /home/airflow/.local/lib/python3.12/site-packages/airflow/example_dags/example_complex.py for tasks to queue
[2024-04-24T07:27:13.294+0000] {logging_mixin.py:188} INFO - [2024-04-24T07:27:13.293+0000] {dagbag.py:540} INFO - Filling up the DagBag from /home/airflow/.local/lib/python3.12/site-packages/airflow/example_dags/example_complex.py
[2024-04-24T07:27:13.318+0000] {processor.py:840} INFO - DAG(s) 'example_complex' retrieved from /home/airflow/.local/lib/python3.12/site-packages/airflow/example_dags/example_complex.py
[2024-04-24T07:27:13.376+0000] {logging_mixin.py:188} INFO - [2024-04-24T07:27:13.375+0000] {dag.py:3096} INFO - Sync 1 DAGs
[2024-04-24T07:27:13.401+0000] {logging_mixin.py:188} INFO - [2024-04-24T07:27:13.400+0000] {dag.py:3954} INFO - Setting next_dagrun for example_complex to None, run_after=None
[2024-04-24T07:27:13.428+0000] {processor.py:183} INFO - Processing /home/airflow/.local/lib/python3.12/site-packages/airflow/example_dags/example_complex.py took 0.147 seconds
[2024-04-24T07:27:43.465+0000] {processor.py:161} INFO - Started process (PID=231) to work on /home/airflow/.local/lib/python3.12/site-packages/airflow/example_dags/example_complex.py
[2024-04-24T07:27:43.466+0000] {processor.py:830} INFO - Processing file /home/airflow/.local/lib/python3.12/site-packages/airflow/example_dags/example_complex.py for tasks to queue
[2024-04-24T07:27:43.469+0000] {logging_mixin.py:188} INFO - [2024-04-24T07:27:43.468+0000] {dagbag.py:540} INFO - Filling up the DagBag from /home/airflow/.local/lib/python3.12/site-packages/airflow/example_dags/example_complex.py
[2024-04-24T07:27:43.481+0000] {processor.py:840} INFO - DAG(s) 'example_complex' retrieved from /home/airflow/.local/lib/python3.12/site-packages/airflow/example_dags/example_complex.py
[2024-04-24T07:27:43.521+0000] {logging_mixin.py:188} INFO - [2024-04-24T07:27:43.521+0000] {dag.py:3096} INFO - Sync 1 DAGs
[2024-04-24T07:27:43.535+0000] {logging_mixin.py:188} INFO - [2024-04-24T07:27:43.535+0000] {dag.py:3954} INFO - Setting next_dagrun for example_complex to None, run_after=None
[2024-04-24T07:27:43.552+0000] {processor.py:183} INFO - Processing /home/airflow/.local/lib/python3.12/site-packages/airflow/example_dags/example_complex.py took 0.095 seconds
[2024-04-24T07:28:13.903+0000] {processor.py:161} INFO - Started process (PID=290) to work on /home/airflow/.local/lib/python3.12/site-packages/airflow/example_dags/example_complex.py
[2024-04-24T07:28:13.906+0000] {processor.py:830} INFO - Processing file /home/airflow/.local/lib/python3.12/site-packages/airflow/example_dags/example_complex.py for tasks to queue
[2024-04-24T07:28:13.909+0000] {logging_mixin.py:188} INFO - [2024-04-24T07:28:13.908+0000] {dagbag.py:540} INFO - Filling up the DagBag from /home/airflow/.local/lib/python3.12/site-packages/airflow/example_dags/example_complex.py
[2024-04-24T07:28:13.931+0000] {processor.py:840} INFO - DAG(s) 'example_complex' retrieved from /home/airflow/.local/lib/python3.12/site-packages/airflow/example_dags/example_complex.py
[2024-04-24T07:28:14.007+0000] {logging_mixin.py:188} INFO - [2024-04-24T07:28:14.007+0000] {dag.py:3096} INFO - Sync 1 DAGs
[2024-04-24T07:28:14.037+0000] {logging_mixin.py:188} INFO - [2024-04-24T07:28:14.036+0000] {dag.py:3954} INFO - Setting next_dagrun for example_complex to None, run_after=None
[2024-04-24T07:28:14.074+0000] {processor.py:183} INFO - Processing /home/airflow/.local/lib/python3.12/site-packages/airflow/example_dags/example_complex.py took 0.183 seconds
[2024-04-24T07:28:44.249+0000] {processor.py:161} INFO - Started process (PID=348) to work on /home/airflow/.local/lib/python3.12/site-packages/airflow/example_dags/example_complex.py
[2024-04-24T07:28:44.251+0000] {processor.py:830} INFO - Processing file /home/airflow/.local/lib/python3.12/site-packages/airflow/example_dags/example_complex.py for tasks to queue
[2024-04-24T07:28:44.255+0000] {logging_mixin.py:188} INFO - [2024-04-24T07:28:44.254+0000] {dagbag.py:540} INFO - Filling up the DagBag from /home/airflow/.local/lib/python3.12/site-packages/airflow/example_dags/example_complex.py
[2024-04-24T07:28:44.277+0000] {processor.py:840} INFO - DAG(s) 'example_complex' retrieved from /home/airflow/.local/lib/python3.12/site-packages/airflow/example_dags/example_complex.py
[2024-04-24T07:28:44.326+0000] {logging_mixin.py:188} INFO - [2024-04-24T07:28:44.325+0000] {dag.py:3096} INFO - Sync 1 DAGs
[2024-04-24T07:28:44.353+0000] {logging_mixin.py:188} INFO - [2024-04-24T07:28:44.352+0000] {dag.py:3954} INFO - Setting next_dagrun for example_complex to None, run_after=None
[2024-04-24T07:28:44.399+0000] {processor.py:183} INFO - Processing /home/airflow/.local/lib/python3.12/site-packages/airflow/example_dags/example_complex.py took 0.163 seconds
[2024-04-24T07:29:14.873+0000] {processor.py:161} INFO - Started process (PID=404) to work on /home/airflow/.local/lib/python3.12/site-packages/airflow/example_dags/example_complex.py
[2024-04-24T07:29:14.874+0000] {processor.py:830} INFO - Processing file /home/airflow/.local/lib/python3.12/site-packages/airflow/example_dags/example_complex.py for tasks to queue
[2024-04-24T07:29:14.876+0000] {logging_mixin.py:188} INFO - [2024-04-24T07:29:14.875+0000] {dagbag.py:540} INFO - Filling up the DagBag from /home/airflow/.local/lib/python3.12/site-packages/airflow/example_dags/example_complex.py
[2024-04-24T07:29:14.892+0000] {processor.py:840} INFO - DAG(s) 'example_complex' retrieved from /home/airflow/.local/lib/python3.12/site-packages/airflow/example_dags/example_complex.py
[2024-04-24T07:29:15.041+0000] {logging_mixin.py:188} INFO - [2024-04-24T07:29:15.041+0000] {dag.py:3096} INFO - Sync 1 DAGs
[2024-04-24T07:29:15.380+0000] {logging_mixin.py:188} INFO - [2024-04-24T07:29:15.380+0000] {dag.py:3954} INFO - Setting next_dagrun for example_complex to None, run_after=None
[2024-04-24T07:29:15.402+0000] {processor.py:183} INFO - Processing /home/airflow/.local/lib/python3.12/site-packages/airflow/example_dags/example_complex.py took 0.537 seconds
[2024-04-24T07:29:46.723+0000] {processor.py:161} INFO - Started process (PID=461) to work on /home/airflow/.local/lib/python3.12/site-packages/airflow/example_dags/example_complex.py
[2024-04-24T07:29:46.738+0000] {processor.py:830} INFO - Processing file /home/airflow/.local/lib/python3.12/site-packages/airflow/example_dags/example_complex.py for tasks to queue
[2024-04-24T07:29:46.761+0000] {logging_mixin.py:188} INFO - [2024-04-24T07:29:46.758+0000] {dagbag.py:540} INFO - Filling up the DagBag from /home/airflow/.local/lib/python3.12/site-packages/airflow/example_dags/example_complex.py
[2024-04-24T07:29:46.822+0000] {processor.py:840} INFO - DAG(s) 'example_complex' retrieved from /home/airflow/.local/lib/python3.12/site-packages/airflow/example_dags/example_complex.py
[2024-04-24T07:29:46.903+0000] {logging_mixin.py:188} INFO - [2024-04-24T07:29:46.902+0000] {dag.py:3096} INFO - Sync 1 DAGs
[2024-04-24T07:29:46.923+0000] {logging_mixin.py:188} INFO - [2024-04-24T07:29:46.922+0000] {dag.py:3954} INFO - Setting next_dagrun for example_complex to None, run_after=None
[2024-04-24T07:29:46.946+0000] {processor.py:183} INFO - Processing /home/airflow/.local/lib/python3.12/site-packages/airflow/example_dags/example_complex.py took 0.232 seconds
[2024-04-24T07:30:17.234+0000] {processor.py:161} INFO - Started process (PID=519) to work on /home/airflow/.local/lib/python3.12/site-packages/airflow/example_dags/example_complex.py
[2024-04-24T07:30:17.236+0000] {processor.py:830} INFO - Processing file /home/airflow/.local/lib/python3.12/site-packages/airflow/example_dags/example_complex.py for tasks to queue
[2024-04-24T07:30:17.239+0000] {logging_mixin.py:188} INFO - [2024-04-24T07:30:17.238+0000] {dagbag.py:540} INFO - Filling up the DagBag from /home/airflow/.local/lib/python3.12/site-packages/airflow/example_dags/example_complex.py
[2024-04-24T07:30:17.266+0000] {processor.py:840} INFO - DAG(s) 'example_complex' retrieved from /home/airflow/.local/lib/python3.12/site-packages/airflow/example_dags/example_complex.py
[2024-04-24T07:30:17.324+0000] {logging_mixin.py:188} INFO - [2024-04-24T07:30:17.324+0000] {dag.py:3096} INFO - Sync 1 DAGs
[2024-04-24T07:30:17.344+0000] {logging_mixin.py:188} INFO - [2024-04-24T07:30:17.344+0000] {dag.py:3954} INFO - Setting next_dagrun for example_complex to None, run_after=None
[2024-04-24T07:30:17.379+0000] {processor.py:183} INFO - Processing /home/airflow/.local/lib/python3.12/site-packages/airflow/example_dags/example_complex.py took 0.153 seconds
[2024-04-24T07:30:48.346+0000] {processor.py:161} INFO - Started process (PID=577) to work on /home/airflow/.local/lib/python3.12/site-packages/airflow/example_dags/example_complex.py
[2024-04-24T07:30:48.348+0000] {processor.py:830} INFO - Processing file /home/airflow/.local/lib/python3.12/site-packages/airflow/example_dags/example_complex.py for tasks to queue
[2024-04-24T07:30:48.350+0000] {logging_mixin.py:188} INFO - [2024-04-24T07:30:48.349+0000] {dagbag.py:540} INFO - Filling up the DagBag from /home/airflow/.local/lib/python3.12/site-packages/airflow/example_dags/example_complex.py
[2024-04-24T07:30:48.365+0000] {processor.py:840} INFO - DAG(s) 'example_complex' retrieved from /home/airflow/.local/lib/python3.12/site-packages/airflow/example_dags/example_complex.py
[2024-04-24T07:30:48.377+0000] {logging_mixin.py:188} INFO - [2024-04-24T07:30:48.376+0000] {dag.py:3096} INFO - Sync 1 DAGs
[2024-04-24T07:30:48.395+0000] {logging_mixin.py:188} INFO - [2024-04-24T07:30:48.395+0000] {dag.py:3954} INFO - Setting next_dagrun for example_complex to None, run_after=None
[2024-04-24T07:30:48.417+0000] {processor.py:183} INFO - Processing /home/airflow/.local/lib/python3.12/site-packages/airflow/example_dags/example_complex.py took 0.077 seconds
