[2024-04-24T07:26:21.500+0000] {processor.py:161} INFO - Started process (PID=74) to work on /home/airflow/.local/lib/python3.12/site-packages/airflow/example_dags/example_setup_teardown.py
[2024-04-24T07:26:21.504+0000] {processor.py:830} INFO - Processing file /home/airflow/.local/lib/python3.12/site-packages/airflow/example_dags/example_setup_teardown.py for tasks to queue
[2024-04-24T07:26:21.507+0000] {logging_mixin.py:188} INFO - [2024-04-24T07:26:21.506+0000] {dagbag.py:540} INFO - Filling up the DagBag from /home/airflow/.local/lib/python3.12/site-packages/airflow/example_dags/example_setup_teardown.py
[2024-04-24T07:26:21.518+0000] {processor.py:840} INFO - DAG(s) 'example_setup_teardown' retrieved from /home/airflow/.local/lib/python3.12/site-packages/airflow/example_dags/example_setup_teardown.py
[2024-04-24T07:26:21.937+0000] {logging_mixin.py:188} INFO - [2024-04-24T07:26:21.936+0000] {dag.py:3096} INFO - Sync 1 DAGs
[2024-04-24T07:26:22.088+0000] {logging_mixin.py:188} INFO - [2024-04-24T07:26:22.087+0000] {dag.py:3954} INFO - Setting next_dagrun for example_setup_teardown to 2024-04-23 00:00:00+00:00, run_after=2024-04-24 00:00:00+00:00
[2024-04-24T07:26:22.207+0000] {processor.py:183} INFO - Processing /home/airflow/.local/lib/python3.12/site-packages/airflow/example_dags/example_setup_teardown.py took 0.713 seconds
[2024-04-24T07:26:52.332+0000] {processor.py:161} INFO - Started process (PID=132) to work on /home/airflow/.local/lib/python3.12/site-packages/airflow/example_dags/example_setup_teardown.py
[2024-04-24T07:26:52.333+0000] {processor.py:830} INFO - Processing file /home/airflow/.local/lib/python3.12/site-packages/airflow/example_dags/example_setup_teardown.py for tasks to queue
[2024-04-24T07:26:52.335+0000] {logging_mixin.py:188} INFO - [2024-04-24T07:26:52.334+0000] {dagbag.py:540} INFO - Filling up the DagBag from /home/airflow/.local/lib/python3.12/site-packages/airflow/example_dags/example_setup_teardown.py
[2024-04-24T07:26:52.342+0000] {processor.py:840} INFO - DAG(s) 'example_setup_teardown' retrieved from /home/airflow/.local/lib/python3.12/site-packages/airflow/example_dags/example_setup_teardown.py
[2024-04-24T07:26:52.363+0000] {logging_mixin.py:188} INFO - [2024-04-24T07:26:52.362+0000] {dag.py:3096} INFO - Sync 1 DAGs
[2024-04-24T07:26:52.388+0000] {logging_mixin.py:188} INFO - [2024-04-24T07:26:52.388+0000] {dag.py:3954} INFO - Setting next_dagrun for example_setup_teardown to 2024-04-23 00:00:00+00:00, run_after=2024-04-24 00:00:00+00:00
[2024-04-24T07:26:52.416+0000] {processor.py:183} INFO - Processing /home/airflow/.local/lib/python3.12/site-packages/airflow/example_dags/example_setup_teardown.py took 0.091 seconds
[2024-04-24T07:27:22.532+0000] {processor.py:161} INFO - Started process (PID=190) to work on /home/airflow/.local/lib/python3.12/site-packages/airflow/example_dags/example_setup_teardown.py
[2024-04-24T07:27:22.533+0000] {processor.py:830} INFO - Processing file /home/airflow/.local/lib/python3.12/site-packages/airflow/example_dags/example_setup_teardown.py for tasks to queue
[2024-04-24T07:27:22.542+0000] {logging_mixin.py:188} INFO - [2024-04-24T07:27:22.541+0000] {dagbag.py:540} INFO - Filling up the DagBag from /home/airflow/.local/lib/python3.12/site-packages/airflow/example_dags/example_setup_teardown.py
[2024-04-24T07:27:22.549+0000] {processor.py:840} INFO - DAG(s) 'example_setup_teardown' retrieved from /home/airflow/.local/lib/python3.12/site-packages/airflow/example_dags/example_setup_teardown.py
[2024-04-24T07:27:22.570+0000] {logging_mixin.py:188} INFO - [2024-04-24T07:27:22.569+0000] {dag.py:3096} INFO - Sync 1 DAGs
[2024-04-24T07:27:22.597+0000] {logging_mixin.py:188} INFO - [2024-04-24T07:27:22.596+0000] {dag.py:3954} INFO - Setting next_dagrun for example_setup_teardown to 2024-04-23 00:00:00+00:00, run_after=2024-04-24 00:00:00+00:00
[2024-04-24T07:27:22.617+0000] {processor.py:183} INFO - Processing /home/airflow/.local/lib/python3.12/site-packages/airflow/example_dags/example_setup_teardown.py took 0.091 seconds
[2024-04-24T07:27:53.521+0000] {processor.py:161} INFO - Started process (PID=248) to work on /home/airflow/.local/lib/python3.12/site-packages/airflow/example_dags/example_setup_teardown.py
[2024-04-24T07:27:53.523+0000] {processor.py:830} INFO - Processing file /home/airflow/.local/lib/python3.12/site-packages/airflow/example_dags/example_setup_teardown.py for tasks to queue
[2024-04-24T07:27:53.526+0000] {logging_mixin.py:188} INFO - [2024-04-24T07:27:53.525+0000] {dagbag.py:540} INFO - Filling up the DagBag from /home/airflow/.local/lib/python3.12/site-packages/airflow/example_dags/example_setup_teardown.py
[2024-04-24T07:27:53.534+0000] {processor.py:840} INFO - DAG(s) 'example_setup_teardown' retrieved from /home/airflow/.local/lib/python3.12/site-packages/airflow/example_dags/example_setup_teardown.py
[2024-04-24T07:27:53.615+0000] {logging_mixin.py:188} INFO - [2024-04-24T07:27:53.615+0000] {dag.py:3096} INFO - Sync 1 DAGs
[2024-04-24T07:27:53.693+0000] {logging_mixin.py:188} INFO - [2024-04-24T07:27:53.693+0000] {dag.py:3954} INFO - Setting next_dagrun for example_setup_teardown to 2024-04-23 00:00:00+00:00, run_after=2024-04-24 00:00:00+00:00
[2024-04-24T07:27:53.725+0000] {processor.py:183} INFO - Processing /home/airflow/.local/lib/python3.12/site-packages/airflow/example_dags/example_setup_teardown.py took 0.211 seconds
[2024-04-24T07:28:23.880+0000] {processor.py:161} INFO - Started process (PID=307) to work on /home/airflow/.local/lib/python3.12/site-packages/airflow/example_dags/example_setup_teardown.py
[2024-04-24T07:28:23.886+0000] {processor.py:830} INFO - Processing file /home/airflow/.local/lib/python3.12/site-packages/airflow/example_dags/example_setup_teardown.py for tasks to queue
[2024-04-24T07:28:23.889+0000] {logging_mixin.py:188} INFO - [2024-04-24T07:28:23.889+0000] {dagbag.py:540} INFO - Filling up the DagBag from /home/airflow/.local/lib/python3.12/site-packages/airflow/example_dags/example_setup_teardown.py
[2024-04-24T07:28:23.900+0000] {processor.py:840} INFO - DAG(s) 'example_setup_teardown' retrieved from /home/airflow/.local/lib/python3.12/site-packages/airflow/example_dags/example_setup_teardown.py
[2024-04-24T07:28:23.971+0000] {logging_mixin.py:188} INFO - [2024-04-24T07:28:23.971+0000] {dag.py:3096} INFO - Sync 1 DAGs
[2024-04-24T07:28:24.044+0000] {logging_mixin.py:188} INFO - [2024-04-24T07:28:24.044+0000] {dag.py:3954} INFO - Setting next_dagrun for example_setup_teardown to 2024-04-23 00:00:00+00:00, run_after=2024-04-24 00:00:00+00:00
[2024-04-24T07:28:24.112+0000] {processor.py:183} INFO - Processing /home/airflow/.local/lib/python3.12/site-packages/airflow/example_dags/example_setup_teardown.py took 0.243 seconds
[2024-04-24T07:28:54.846+0000] {processor.py:161} INFO - Started process (PID=365) to work on /home/airflow/.local/lib/python3.12/site-packages/airflow/example_dags/example_setup_teardown.py
[2024-04-24T07:28:54.847+0000] {processor.py:830} INFO - Processing file /home/airflow/.local/lib/python3.12/site-packages/airflow/example_dags/example_setup_teardown.py for tasks to queue
[2024-04-24T07:28:54.851+0000] {logging_mixin.py:188} INFO - [2024-04-24T07:28:54.850+0000] {dagbag.py:540} INFO - Filling up the DagBag from /home/airflow/.local/lib/python3.12/site-packages/airflow/example_dags/example_setup_teardown.py
[2024-04-24T07:28:54.859+0000] {processor.py:840} INFO - DAG(s) 'example_setup_teardown' retrieved from /home/airflow/.local/lib/python3.12/site-packages/airflow/example_dags/example_setup_teardown.py
[2024-04-24T07:28:54.873+0000] {logging_mixin.py:188} INFO - [2024-04-24T07:28:54.873+0000] {dag.py:3096} INFO - Sync 1 DAGs
[2024-04-24T07:28:54.898+0000] {logging_mixin.py:188} INFO - [2024-04-24T07:28:54.897+0000] {dag.py:3954} INFO - Setting next_dagrun for example_setup_teardown to 2024-04-23 00:00:00+00:00, run_after=2024-04-24 00:00:00+00:00
[2024-04-24T07:28:54.922+0000] {processor.py:183} INFO - Processing /home/airflow/.local/lib/python3.12/site-packages/airflow/example_dags/example_setup_teardown.py took 0.082 seconds
[2024-04-24T07:29:25.556+0000] {processor.py:161} INFO - Started process (PID=423) to work on /home/airflow/.local/lib/python3.12/site-packages/airflow/example_dags/example_setup_teardown.py
[2024-04-24T07:29:25.562+0000] {processor.py:830} INFO - Processing file /home/airflow/.local/lib/python3.12/site-packages/airflow/example_dags/example_setup_teardown.py for tasks to queue
[2024-04-24T07:29:25.565+0000] {logging_mixin.py:188} INFO - [2024-04-24T07:29:25.564+0000] {dagbag.py:540} INFO - Filling up the DagBag from /home/airflow/.local/lib/python3.12/site-packages/airflow/example_dags/example_setup_teardown.py
[2024-04-24T07:29:25.595+0000] {processor.py:840} INFO - DAG(s) 'example_setup_teardown' retrieved from /home/airflow/.local/lib/python3.12/site-packages/airflow/example_dags/example_setup_teardown.py
[2024-04-24T07:29:25.874+0000] {logging_mixin.py:188} INFO - [2024-04-24T07:29:25.873+0000] {dag.py:3096} INFO - Sync 1 DAGs
[2024-04-24T07:29:26.496+0000] {logging_mixin.py:188} INFO - [2024-04-24T07:29:26.495+0000] {dag.py:3954} INFO - Setting next_dagrun for example_setup_teardown to 2024-04-23 00:00:00+00:00, run_after=2024-04-24 00:00:00+00:00
[2024-04-24T07:29:26.554+0000] {processor.py:183} INFO - Processing /home/airflow/.local/lib/python3.12/site-packages/airflow/example_dags/example_setup_teardown.py took 1.014 seconds
[2024-04-24T07:29:56.809+0000] {processor.py:161} INFO - Started process (PID=480) to work on /home/airflow/.local/lib/python3.12/site-packages/airflow/example_dags/example_setup_teardown.py
[2024-04-24T07:29:56.810+0000] {processor.py:830} INFO - Processing file /home/airflow/.local/lib/python3.12/site-packages/airflow/example_dags/example_setup_teardown.py for tasks to queue
[2024-04-24T07:29:56.813+0000] {logging_mixin.py:188} INFO - [2024-04-24T07:29:56.812+0000] {dagbag.py:540} INFO - Filling up the DagBag from /home/airflow/.local/lib/python3.12/site-packages/airflow/example_dags/example_setup_teardown.py
[2024-04-24T07:29:56.825+0000] {processor.py:840} INFO - DAG(s) 'example_setup_teardown' retrieved from /home/airflow/.local/lib/python3.12/site-packages/airflow/example_dags/example_setup_teardown.py
[2024-04-24T07:29:56.855+0000] {logging_mixin.py:188} INFO - [2024-04-24T07:29:56.855+0000] {dag.py:3096} INFO - Sync 1 DAGs
[2024-04-24T07:29:56.892+0000] {logging_mixin.py:188} INFO - [2024-04-24T07:29:56.892+0000] {dag.py:3954} INFO - Setting next_dagrun for example_setup_teardown to 2024-04-23 00:00:00+00:00, run_after=2024-04-24 00:00:00+00:00
[2024-04-24T07:29:56.925+0000] {processor.py:183} INFO - Processing /home/airflow/.local/lib/python3.12/site-packages/airflow/example_dags/example_setup_teardown.py took 0.124 seconds
[2024-04-24T07:30:27.648+0000] {processor.py:161} INFO - Started process (PID=538) to work on /home/airflow/.local/lib/python3.12/site-packages/airflow/example_dags/example_setup_teardown.py
[2024-04-24T07:30:27.650+0000] {processor.py:830} INFO - Processing file /home/airflow/.local/lib/python3.12/site-packages/airflow/example_dags/example_setup_teardown.py for tasks to queue
[2024-04-24T07:30:27.653+0000] {logging_mixin.py:188} INFO - [2024-04-24T07:30:27.652+0000] {dagbag.py:540} INFO - Filling up the DagBag from /home/airflow/.local/lib/python3.12/site-packages/airflow/example_dags/example_setup_teardown.py
[2024-04-24T07:30:27.666+0000] {processor.py:840} INFO - DAG(s) 'example_setup_teardown' retrieved from /home/airflow/.local/lib/python3.12/site-packages/airflow/example_dags/example_setup_teardown.py
[2024-04-24T07:30:27.685+0000] {logging_mixin.py:188} INFO - [2024-04-24T07:30:27.685+0000] {dag.py:3096} INFO - Sync 1 DAGs
[2024-04-24T07:30:27.725+0000] {logging_mixin.py:188} INFO - [2024-04-24T07:30:27.725+0000] {dag.py:3954} INFO - Setting next_dagrun for example_setup_teardown to 2024-04-23 00:00:00+00:00, run_after=2024-04-24 00:00:00+00:00
[2024-04-24T07:30:27.755+0000] {processor.py:183} INFO - Processing /home/airflow/.local/lib/python3.12/site-packages/airflow/example_dags/example_setup_teardown.py took 0.114 seconds
[2024-04-24T07:30:58.268+0000] {processor.py:161} INFO - Started process (PID=598) to work on /home/airflow/.local/lib/python3.12/site-packages/airflow/example_dags/example_setup_teardown.py
[2024-04-24T07:30:58.269+0000] {processor.py:830} INFO - Processing file /home/airflow/.local/lib/python3.12/site-packages/airflow/example_dags/example_setup_teardown.py for tasks to queue
[2024-04-24T07:30:58.272+0000] {logging_mixin.py:188} INFO - [2024-04-24T07:30:58.272+0000] {dagbag.py:540} INFO - Filling up the DagBag from /home/airflow/.local/lib/python3.12/site-packages/airflow/example_dags/example_setup_teardown.py
[2024-04-24T07:30:58.283+0000] {processor.py:840} INFO - DAG(s) 'example_setup_teardown' retrieved from /home/airflow/.local/lib/python3.12/site-packages/airflow/example_dags/example_setup_teardown.py
[2024-04-24T07:30:58.721+0000] {logging_mixin.py:188} INFO - [2024-04-24T07:30:58.721+0000] {dag.py:3096} INFO - Sync 1 DAGs
[2024-04-24T07:30:58.776+0000] {logging_mixin.py:188} INFO - [2024-04-24T07:30:58.775+0000] {dag.py:3954} INFO - Setting next_dagrun for example_setup_teardown to 2024-04-23 00:00:00+00:00, run_after=2024-04-24 00:00:00+00:00
[2024-04-24T07:30:58.808+0000] {processor.py:183} INFO - Processing /home/airflow/.local/lib/python3.12/site-packages/airflow/example_dags/example_setup_teardown.py took 0.548 seconds
