[2024-04-24T07:26:14.588+0000] {processor.py:161} INFO - Started process (PID=62) to work on /home/airflow/.local/lib/python3.12/site-packages/airflow/example_dags/example_xcomargs.py
[2024-04-24T07:26:14.596+0000] {processor.py:830} INFO - Processing file /home/airflow/.local/lib/python3.12/site-packages/airflow/example_dags/example_xcomargs.py for tasks to queue
[2024-04-24T07:26:14.669+0000] {logging_mixin.py:188} INFO - [2024-04-24T07:26:14.637+0000] {dagbag.py:540} INFO - Filling up the DagBag from /home/airflow/.local/lib/python3.12/site-packages/airflow/example_dags/example_xcomargs.py
[2024-04-24T07:26:14.809+0000] {processor.py:840} INFO - DAG(s) 'example_xcom_args_with_operators', 'example_xcom_args' retrieved from /home/airflow/.local/lib/python3.12/site-packages/airflow/example_dags/example_xcomargs.py
[2024-04-24T07:26:15.378+0000] {logging_mixin.py:188} INFO - [2024-04-24T07:26:15.378+0000] {dag.py:3096} INFO - Sync 2 DAGs
[2024-04-24T07:26:15.407+0000] {logging_mixin.py:188} INFO - [2024-04-24T07:26:15.406+0000] {dag.py:3954} INFO - Setting next_dagrun for example_xcom_args to None, run_after=None
[2024-04-24T07:26:15.426+0000] {logging_mixin.py:188} INFO - [2024-04-24T07:26:15.425+0000] {dag.py:3954} INFO - Setting next_dagrun for example_xcom_args_with_operators to None, run_after=None
[2024-04-24T07:26:15.549+0000] {processor.py:183} INFO - Processing /home/airflow/.local/lib/python3.12/site-packages/airflow/example_dags/example_xcomargs.py took 0.975 seconds
[2024-04-24T07:26:45.626+0000] {processor.py:161} INFO - Started process (PID=120) to work on /home/airflow/.local/lib/python3.12/site-packages/airflow/example_dags/example_xcomargs.py
[2024-04-24T07:26:45.627+0000] {processor.py:830} INFO - Processing file /home/airflow/.local/lib/python3.12/site-packages/airflow/example_dags/example_xcomargs.py for tasks to queue
[2024-04-24T07:26:45.629+0000] {logging_mixin.py:188} INFO - [2024-04-24T07:26:45.628+0000] {dagbag.py:540} INFO - Filling up the DagBag from /home/airflow/.local/lib/python3.12/site-packages/airflow/example_dags/example_xcomargs.py
[2024-04-24T07:26:45.639+0000] {processor.py:840} INFO - DAG(s) 'example_xcom_args', 'example_xcom_args_with_operators' retrieved from /home/airflow/.local/lib/python3.12/site-packages/airflow/example_dags/example_xcomargs.py
[2024-04-24T07:26:45.667+0000] {logging_mixin.py:188} INFO - [2024-04-24T07:26:45.667+0000] {dag.py:3096} INFO - Sync 2 DAGs
[2024-04-24T07:26:45.680+0000] {logging_mixin.py:188} INFO - [2024-04-24T07:26:45.679+0000] {dag.py:3954} INFO - Setting next_dagrun for example_xcom_args to None, run_after=None
[2024-04-24T07:26:45.684+0000] {logging_mixin.py:188} INFO - [2024-04-24T07:26:45.684+0000] {dag.py:3954} INFO - Setting next_dagrun for example_xcom_args_with_operators to None, run_after=None
[2024-04-24T07:26:45.702+0000] {processor.py:183} INFO - Processing /home/airflow/.local/lib/python3.12/site-packages/airflow/example_dags/example_xcomargs.py took 0.081 seconds
[2024-04-24T07:27:16.593+0000] {processor.py:161} INFO - Started process (PID=178) to work on /home/airflow/.local/lib/python3.12/site-packages/airflow/example_dags/example_xcomargs.py
[2024-04-24T07:27:16.594+0000] {processor.py:830} INFO - Processing file /home/airflow/.local/lib/python3.12/site-packages/airflow/example_dags/example_xcomargs.py for tasks to queue
[2024-04-24T07:27:16.596+0000] {logging_mixin.py:188} INFO - [2024-04-24T07:27:16.595+0000] {dagbag.py:540} INFO - Filling up the DagBag from /home/airflow/.local/lib/python3.12/site-packages/airflow/example_dags/example_xcomargs.py
[2024-04-24T07:27:16.606+0000] {processor.py:840} INFO - DAG(s) 'example_xcom_args_with_operators', 'example_xcom_args' retrieved from /home/airflow/.local/lib/python3.12/site-packages/airflow/example_dags/example_xcomargs.py
[2024-04-24T07:27:16.630+0000] {logging_mixin.py:188} INFO - [2024-04-24T07:27:16.630+0000] {dag.py:3096} INFO - Sync 2 DAGs
[2024-04-24T07:27:16.644+0000] {logging_mixin.py:188} INFO - [2024-04-24T07:27:16.643+0000] {dag.py:3954} INFO - Setting next_dagrun for example_xcom_args to None, run_after=None
[2024-04-24T07:27:16.648+0000] {logging_mixin.py:188} INFO - [2024-04-24T07:27:16.647+0000] {dag.py:3954} INFO - Setting next_dagrun for example_xcom_args_with_operators to None, run_after=None
[2024-04-24T07:27:16.669+0000] {processor.py:183} INFO - Processing /home/airflow/.local/lib/python3.12/site-packages/airflow/example_dags/example_xcomargs.py took 0.082 seconds
[2024-04-24T07:27:46.713+0000] {processor.py:161} INFO - Started process (PID=235) to work on /home/airflow/.local/lib/python3.12/site-packages/airflow/example_dags/example_xcomargs.py
[2024-04-24T07:27:46.714+0000] {processor.py:830} INFO - Processing file /home/airflow/.local/lib/python3.12/site-packages/airflow/example_dags/example_xcomargs.py for tasks to queue
[2024-04-24T07:27:46.716+0000] {logging_mixin.py:188} INFO - [2024-04-24T07:27:46.716+0000] {dagbag.py:540} INFO - Filling up the DagBag from /home/airflow/.local/lib/python3.12/site-packages/airflow/example_dags/example_xcomargs.py
[2024-04-24T07:27:46.724+0000] {processor.py:840} INFO - DAG(s) 'example_xcom_args', 'example_xcom_args_with_operators' retrieved from /home/airflow/.local/lib/python3.12/site-packages/airflow/example_dags/example_xcomargs.py
[2024-04-24T07:27:46.747+0000] {logging_mixin.py:188} INFO - [2024-04-24T07:27:46.747+0000] {dag.py:3096} INFO - Sync 2 DAGs
[2024-04-24T07:27:46.761+0000] {logging_mixin.py:188} INFO - [2024-04-24T07:27:46.761+0000] {dag.py:3954} INFO - Setting next_dagrun for example_xcom_args to None, run_after=None
[2024-04-24T07:27:46.765+0000] {logging_mixin.py:188} INFO - [2024-04-24T07:27:46.765+0000] {dag.py:3954} INFO - Setting next_dagrun for example_xcom_args_with_operators to None, run_after=None
[2024-04-24T07:27:46.781+0000] {processor.py:183} INFO - Processing /home/airflow/.local/lib/python3.12/site-packages/airflow/example_dags/example_xcomargs.py took 0.075 seconds
[2024-04-24T07:28:17.231+0000] {processor.py:161} INFO - Started process (PID=294) to work on /home/airflow/.local/lib/python3.12/site-packages/airflow/example_dags/example_xcomargs.py
[2024-04-24T07:28:17.233+0000] {processor.py:830} INFO - Processing file /home/airflow/.local/lib/python3.12/site-packages/airflow/example_dags/example_xcomargs.py for tasks to queue
[2024-04-24T07:28:17.234+0000] {logging_mixin.py:188} INFO - [2024-04-24T07:28:17.234+0000] {dagbag.py:540} INFO - Filling up the DagBag from /home/airflow/.local/lib/python3.12/site-packages/airflow/example_dags/example_xcomargs.py
[2024-04-24T07:28:17.243+0000] {processor.py:840} INFO - DAG(s) 'example_xcom_args', 'example_xcom_args_with_operators' retrieved from /home/airflow/.local/lib/python3.12/site-packages/airflow/example_dags/example_xcomargs.py
[2024-04-24T07:28:17.269+0000] {logging_mixin.py:188} INFO - [2024-04-24T07:28:17.268+0000] {dag.py:3096} INFO - Sync 2 DAGs
[2024-04-24T07:28:17.285+0000] {logging_mixin.py:188} INFO - [2024-04-24T07:28:17.284+0000] {dag.py:3954} INFO - Setting next_dagrun for example_xcom_args to None, run_after=None
[2024-04-24T07:28:17.289+0000] {logging_mixin.py:188} INFO - [2024-04-24T07:28:17.289+0000] {dag.py:3954} INFO - Setting next_dagrun for example_xcom_args_with_operators to None, run_after=None
[2024-04-24T07:28:17.308+0000] {processor.py:183} INFO - Processing /home/airflow/.local/lib/python3.12/site-packages/airflow/example_dags/example_xcomargs.py took 0.082 seconds
[2024-04-24T07:28:48.025+0000] {processor.py:161} INFO - Started process (PID=352) to work on /home/airflow/.local/lib/python3.12/site-packages/airflow/example_dags/example_xcomargs.py
[2024-04-24T07:28:48.027+0000] {processor.py:830} INFO - Processing file /home/airflow/.local/lib/python3.12/site-packages/airflow/example_dags/example_xcomargs.py for tasks to queue
[2024-04-24T07:28:48.041+0000] {logging_mixin.py:188} INFO - [2024-04-24T07:28:48.040+0000] {dagbag.py:540} INFO - Filling up the DagBag from /home/airflow/.local/lib/python3.12/site-packages/airflow/example_dags/example_xcomargs.py
[2024-04-24T07:28:48.056+0000] {processor.py:840} INFO - DAG(s) 'example_xcom_args_with_operators', 'example_xcom_args' retrieved from /home/airflow/.local/lib/python3.12/site-packages/airflow/example_dags/example_xcomargs.py
[2024-04-24T07:28:48.077+0000] {logging_mixin.py:188} INFO - [2024-04-24T07:28:48.076+0000] {dag.py:3096} INFO - Sync 2 DAGs
[2024-04-24T07:28:48.098+0000] {logging_mixin.py:188} INFO - [2024-04-24T07:28:48.097+0000] {dag.py:3954} INFO - Setting next_dagrun for example_xcom_args to None, run_after=None
[2024-04-24T07:28:48.105+0000] {logging_mixin.py:188} INFO - [2024-04-24T07:28:48.105+0000] {dag.py:3954} INFO - Setting next_dagrun for example_xcom_args_with_operators to None, run_after=None
[2024-04-24T07:28:48.136+0000] {processor.py:183} INFO - Processing /home/airflow/.local/lib/python3.12/site-packages/airflow/example_dags/example_xcomargs.py took 0.145 seconds
[2024-04-24T07:29:19.128+0000] {processor.py:161} INFO - Started process (PID=410) to work on /home/airflow/.local/lib/python3.12/site-packages/airflow/example_dags/example_xcomargs.py
[2024-04-24T07:29:19.130+0000] {processor.py:830} INFO - Processing file /home/airflow/.local/lib/python3.12/site-packages/airflow/example_dags/example_xcomargs.py for tasks to queue
[2024-04-24T07:29:19.133+0000] {logging_mixin.py:188} INFO - [2024-04-24T07:29:19.132+0000] {dagbag.py:540} INFO - Filling up the DagBag from /home/airflow/.local/lib/python3.12/site-packages/airflow/example_dags/example_xcomargs.py
[2024-04-24T07:29:19.145+0000] {processor.py:840} INFO - DAG(s) 'example_xcom_args', 'example_xcom_args_with_operators' retrieved from /home/airflow/.local/lib/python3.12/site-packages/airflow/example_dags/example_xcomargs.py
[2024-04-24T07:29:19.442+0000] {logging_mixin.py:188} INFO - [2024-04-24T07:29:19.442+0000] {dag.py:3096} INFO - Sync 2 DAGs
[2024-04-24T07:29:19.462+0000] {logging_mixin.py:188} INFO - [2024-04-24T07:29:19.462+0000] {dag.py:3954} INFO - Setting next_dagrun for example_xcom_args to None, run_after=None
[2024-04-24T07:29:19.467+0000] {logging_mixin.py:188} INFO - [2024-04-24T07:29:19.466+0000] {dag.py:3954} INFO - Setting next_dagrun for example_xcom_args_with_operators to None, run_after=None
[2024-04-24T07:29:19.799+0000] {processor.py:183} INFO - Processing /home/airflow/.local/lib/python3.12/site-packages/airflow/example_dags/example_xcomargs.py took 0.679 seconds
[2024-04-24T07:29:50.304+0000] {processor.py:161} INFO - Started process (PID=467) to work on /home/airflow/.local/lib/python3.12/site-packages/airflow/example_dags/example_xcomargs.py
[2024-04-24T07:29:50.306+0000] {processor.py:830} INFO - Processing file /home/airflow/.local/lib/python3.12/site-packages/airflow/example_dags/example_xcomargs.py for tasks to queue
[2024-04-24T07:29:50.309+0000] {logging_mixin.py:188} INFO - [2024-04-24T07:29:50.309+0000] {dagbag.py:540} INFO - Filling up the DagBag from /home/airflow/.local/lib/python3.12/site-packages/airflow/example_dags/example_xcomargs.py
[2024-04-24T07:29:50.325+0000] {processor.py:840} INFO - DAG(s) 'example_xcom_args', 'example_xcom_args_with_operators' retrieved from /home/airflow/.local/lib/python3.12/site-packages/airflow/example_dags/example_xcomargs.py
[2024-04-24T07:29:50.364+0000] {logging_mixin.py:188} INFO - [2024-04-24T07:29:50.364+0000] {dag.py:3096} INFO - Sync 2 DAGs
[2024-04-24T07:29:50.393+0000] {logging_mixin.py:188} INFO - [2024-04-24T07:29:50.393+0000] {dag.py:3954} INFO - Setting next_dagrun for example_xcom_args to None, run_after=None
[2024-04-24T07:29:50.410+0000] {logging_mixin.py:188} INFO - [2024-04-24T07:29:50.410+0000] {dag.py:3954} INFO - Setting next_dagrun for example_xcom_args_with_operators to None, run_after=None
[2024-04-24T07:29:50.441+0000] {processor.py:183} INFO - Processing /home/airflow/.local/lib/python3.12/site-packages/airflow/example_dags/example_xcomargs.py took 0.149 seconds
[2024-04-24T07:30:20.523+0000] {processor.py:161} INFO - Started process (PID=525) to work on /home/airflow/.local/lib/python3.12/site-packages/airflow/example_dags/example_xcomargs.py
[2024-04-24T07:30:20.526+0000] {processor.py:830} INFO - Processing file /home/airflow/.local/lib/python3.12/site-packages/airflow/example_dags/example_xcomargs.py for tasks to queue
[2024-04-24T07:30:20.529+0000] {logging_mixin.py:188} INFO - [2024-04-24T07:30:20.528+0000] {dagbag.py:540} INFO - Filling up the DagBag from /home/airflow/.local/lib/python3.12/site-packages/airflow/example_dags/example_xcomargs.py
[2024-04-24T07:30:20.551+0000] {processor.py:840} INFO - DAG(s) 'example_xcom_args_with_operators', 'example_xcom_args' retrieved from /home/airflow/.local/lib/python3.12/site-packages/airflow/example_dags/example_xcomargs.py
[2024-04-24T07:30:20.626+0000] {logging_mixin.py:188} INFO - [2024-04-24T07:30:20.625+0000] {dag.py:3096} INFO - Sync 2 DAGs
[2024-04-24T07:30:20.673+0000] {logging_mixin.py:188} INFO - [2024-04-24T07:30:20.673+0000] {dag.py:3954} INFO - Setting next_dagrun for example_xcom_args to None, run_after=None
[2024-04-24T07:30:20.683+0000] {logging_mixin.py:188} INFO - [2024-04-24T07:30:20.682+0000] {dag.py:3954} INFO - Setting next_dagrun for example_xcom_args_with_operators to None, run_after=None
[2024-04-24T07:30:20.721+0000] {processor.py:183} INFO - Processing /home/airflow/.local/lib/python3.12/site-packages/airflow/example_dags/example_xcomargs.py took 0.208 seconds
[2024-04-24T07:30:51.595+0000] {processor.py:161} INFO - Started process (PID=581) to work on /home/airflow/.local/lib/python3.12/site-packages/airflow/example_dags/example_xcomargs.py
[2024-04-24T07:30:51.596+0000] {processor.py:830} INFO - Processing file /home/airflow/.local/lib/python3.12/site-packages/airflow/example_dags/example_xcomargs.py for tasks to queue
[2024-04-24T07:30:51.598+0000] {logging_mixin.py:188} INFO - [2024-04-24T07:30:51.598+0000] {dagbag.py:540} INFO - Filling up the DagBag from /home/airflow/.local/lib/python3.12/site-packages/airflow/example_dags/example_xcomargs.py
[2024-04-24T07:30:51.608+0000] {processor.py:840} INFO - DAG(s) 'example_xcom_args', 'example_xcom_args_with_operators' retrieved from /home/airflow/.local/lib/python3.12/site-packages/airflow/example_dags/example_xcomargs.py
[2024-04-24T07:30:51.622+0000] {logging_mixin.py:188} INFO - [2024-04-24T07:30:51.621+0000] {dag.py:3096} INFO - Sync 2 DAGs
[2024-04-24T07:30:51.638+0000] {logging_mixin.py:188} INFO - [2024-04-24T07:30:51.638+0000] {dag.py:3954} INFO - Setting next_dagrun for example_xcom_args to None, run_after=None
[2024-04-24T07:30:51.644+0000] {logging_mixin.py:188} INFO - [2024-04-24T07:30:51.643+0000] {dag.py:3954} INFO - Setting next_dagrun for example_xcom_args_with_operators to None, run_after=None
[2024-04-24T07:30:51.666+0000] {processor.py:183} INFO - Processing /home/airflow/.local/lib/python3.12/site-packages/airflow/example_dags/example_xcomargs.py took 0.078 seconds
