[2024-04-24T07:26:20.288+0000] {processor.py:161} INFO - Started process (PID=70) to work on /home/airflow/.local/lib/python3.12/site-packages/airflow/example_dags/example_skip_dag.py
[2024-04-24T07:26:20.290+0000] {processor.py:830} INFO - Processing file /home/airflow/.local/lib/python3.12/site-packages/airflow/example_dags/example_skip_dag.py for tasks to queue
[2024-04-24T07:26:20.294+0000] {logging_mixin.py:188} INFO - [2024-04-24T07:26:20.293+0000] {dagbag.py:540} INFO - Filling up the DagBag from /home/airflow/.local/lib/python3.12/site-packages/airflow/example_dags/example_skip_dag.py
[2024-04-24T07:26:20.308+0000] {processor.py:840} INFO - DAG(s) 'example_skip_dag' retrieved from /home/airflow/.local/lib/python3.12/site-packages/airflow/example_dags/example_skip_dag.py
[2024-04-24T07:26:20.476+0000] {logging_mixin.py:188} INFO - [2024-04-24T07:26:20.476+0000] {dag.py:3096} INFO - Sync 1 DAGs
[2024-04-24T07:26:20.508+0000] {logging_mixin.py:188} INFO - [2024-04-24T07:26:20.507+0000] {dag.py:3954} INFO - Setting next_dagrun for example_skip_dag to 2024-04-23 00:00:00+00:00, run_after=2024-04-24 00:00:00+00:00
[2024-04-24T07:26:20.537+0000] {processor.py:183} INFO - Processing /home/airflow/.local/lib/python3.12/site-packages/airflow/example_dags/example_skip_dag.py took 0.264 seconds
[2024-04-24T07:26:51.029+0000] {processor.py:161} INFO - Started process (PID=128) to work on /home/airflow/.local/lib/python3.12/site-packages/airflow/example_dags/example_skip_dag.py
[2024-04-24T07:26:51.030+0000] {processor.py:830} INFO - Processing file /home/airflow/.local/lib/python3.12/site-packages/airflow/example_dags/example_skip_dag.py for tasks to queue
[2024-04-24T07:26:51.032+0000] {logging_mixin.py:188} INFO - [2024-04-24T07:26:51.032+0000] {dagbag.py:540} INFO - Filling up the DagBag from /home/airflow/.local/lib/python3.12/site-packages/airflow/example_dags/example_skip_dag.py
[2024-04-24T07:26:51.042+0000] {processor.py:840} INFO - DAG(s) 'example_skip_dag' retrieved from /home/airflow/.local/lib/python3.12/site-packages/airflow/example_dags/example_skip_dag.py
[2024-04-24T07:26:51.073+0000] {logging_mixin.py:188} INFO - [2024-04-24T07:26:51.073+0000] {dag.py:3096} INFO - Sync 1 DAGs
[2024-04-24T07:26:51.124+0000] {logging_mixin.py:188} INFO - [2024-04-24T07:26:51.123+0000] {dag.py:3954} INFO - Setting next_dagrun for example_skip_dag to 2024-04-23 00:00:00+00:00, run_after=2024-04-24 00:00:00+00:00
[2024-04-24T07:26:51.168+0000] {processor.py:183} INFO - Processing /home/airflow/.local/lib/python3.12/site-packages/airflow/example_dags/example_skip_dag.py took 0.144 seconds
[2024-04-24T07:27:21.241+0000] {processor.py:161} INFO - Started process (PID=186) to work on /home/airflow/.local/lib/python3.12/site-packages/airflow/example_dags/example_skip_dag.py
[2024-04-24T07:27:21.242+0000] {processor.py:830} INFO - Processing file /home/airflow/.local/lib/python3.12/site-packages/airflow/example_dags/example_skip_dag.py for tasks to queue
[2024-04-24T07:27:21.244+0000] {logging_mixin.py:188} INFO - [2024-04-24T07:27:21.244+0000] {dagbag.py:540} INFO - Filling up the DagBag from /home/airflow/.local/lib/python3.12/site-packages/airflow/example_dags/example_skip_dag.py
[2024-04-24T07:27:21.250+0000] {processor.py:840} INFO - DAG(s) 'example_skip_dag' retrieved from /home/airflow/.local/lib/python3.12/site-packages/airflow/example_dags/example_skip_dag.py
[2024-04-24T07:27:21.278+0000] {logging_mixin.py:188} INFO - [2024-04-24T07:27:21.278+0000] {dag.py:3096} INFO - Sync 1 DAGs
[2024-04-24T07:27:21.301+0000] {logging_mixin.py:188} INFO - [2024-04-24T07:27:21.301+0000] {dag.py:3954} INFO - Setting next_dagrun for example_skip_dag to 2024-04-23 00:00:00+00:00, run_after=2024-04-24 00:00:00+00:00
[2024-04-24T07:27:21.325+0000] {processor.py:183} INFO - Processing /home/airflow/.local/lib/python3.12/site-packages/airflow/example_dags/example_skip_dag.py took 0.089 seconds
[2024-04-24T07:27:51.395+0000] {processor.py:161} INFO - Started process (PID=244) to work on /home/airflow/.local/lib/python3.12/site-packages/airflow/example_dags/example_skip_dag.py
[2024-04-24T07:27:51.396+0000] {processor.py:830} INFO - Processing file /home/airflow/.local/lib/python3.12/site-packages/airflow/example_dags/example_skip_dag.py for tasks to queue
[2024-04-24T07:27:51.398+0000] {logging_mixin.py:188} INFO - [2024-04-24T07:27:51.398+0000] {dagbag.py:540} INFO - Filling up the DagBag from /home/airflow/.local/lib/python3.12/site-packages/airflow/example_dags/example_skip_dag.py
[2024-04-24T07:27:51.404+0000] {processor.py:840} INFO - DAG(s) 'example_skip_dag' retrieved from /home/airflow/.local/lib/python3.12/site-packages/airflow/example_dags/example_skip_dag.py
[2024-04-24T07:27:51.426+0000] {logging_mixin.py:188} INFO - [2024-04-24T07:27:51.425+0000] {dag.py:3096} INFO - Sync 1 DAGs
[2024-04-24T07:27:51.449+0000] {logging_mixin.py:188} INFO - [2024-04-24T07:27:51.449+0000] {dag.py:3954} INFO - Setting next_dagrun for example_skip_dag to 2024-04-23 00:00:00+00:00, run_after=2024-04-24 00:00:00+00:00
[2024-04-24T07:27:51.467+0000] {processor.py:183} INFO - Processing /home/airflow/.local/lib/python3.12/site-packages/airflow/example_dags/example_skip_dag.py took 0.078 seconds
[2024-04-24T07:28:22.498+0000] {processor.py:161} INFO - Started process (PID=303) to work on /home/airflow/.local/lib/python3.12/site-packages/airflow/example_dags/example_skip_dag.py
[2024-04-24T07:28:22.500+0000] {processor.py:830} INFO - Processing file /home/airflow/.local/lib/python3.12/site-packages/airflow/example_dags/example_skip_dag.py for tasks to queue
[2024-04-24T07:28:22.502+0000] {logging_mixin.py:188} INFO - [2024-04-24T07:28:22.502+0000] {dagbag.py:540} INFO - Filling up the DagBag from /home/airflow/.local/lib/python3.12/site-packages/airflow/example_dags/example_skip_dag.py
[2024-04-24T07:28:22.512+0000] {processor.py:840} INFO - DAG(s) 'example_skip_dag' retrieved from /home/airflow/.local/lib/python3.12/site-packages/airflow/example_dags/example_skip_dag.py
[2024-04-24T07:28:22.569+0000] {logging_mixin.py:188} INFO - [2024-04-24T07:28:22.569+0000] {dag.py:3096} INFO - Sync 1 DAGs
[2024-04-24T07:28:22.623+0000] {logging_mixin.py:188} INFO - [2024-04-24T07:28:22.621+0000] {dag.py:3954} INFO - Setting next_dagrun for example_skip_dag to 2024-04-23 00:00:00+00:00, run_after=2024-04-24 00:00:00+00:00
[2024-04-24T07:28:22.732+0000] {processor.py:183} INFO - Processing /home/airflow/.local/lib/python3.12/site-packages/airflow/example_dags/example_skip_dag.py took 0.240 seconds
[2024-04-24T07:28:53.702+0000] {processor.py:161} INFO - Started process (PID=361) to work on /home/airflow/.local/lib/python3.12/site-packages/airflow/example_dags/example_skip_dag.py
[2024-04-24T07:28:53.703+0000] {processor.py:830} INFO - Processing file /home/airflow/.local/lib/python3.12/site-packages/airflow/example_dags/example_skip_dag.py for tasks to queue
[2024-04-24T07:28:53.707+0000] {logging_mixin.py:188} INFO - [2024-04-24T07:28:53.706+0000] {dagbag.py:540} INFO - Filling up the DagBag from /home/airflow/.local/lib/python3.12/site-packages/airflow/example_dags/example_skip_dag.py
[2024-04-24T07:28:53.715+0000] {processor.py:840} INFO - DAG(s) 'example_skip_dag' retrieved from /home/airflow/.local/lib/python3.12/site-packages/airflow/example_dags/example_skip_dag.py
[2024-04-24T07:28:53.732+0000] {logging_mixin.py:188} INFO - [2024-04-24T07:28:53.731+0000] {dag.py:3096} INFO - Sync 1 DAGs
[2024-04-24T07:28:53.759+0000] {logging_mixin.py:188} INFO - [2024-04-24T07:28:53.758+0000] {dag.py:3954} INFO - Setting next_dagrun for example_skip_dag to 2024-04-23 00:00:00+00:00, run_after=2024-04-24 00:00:00+00:00
[2024-04-24T07:28:53.780+0000] {processor.py:183} INFO - Processing /home/airflow/.local/lib/python3.12/site-packages/airflow/example_dags/example_skip_dag.py took 0.087 seconds
[2024-04-24T07:29:24.434+0000] {processor.py:161} INFO - Started process (PID=419) to work on /home/airflow/.local/lib/python3.12/site-packages/airflow/example_dags/example_skip_dag.py
[2024-04-24T07:29:24.437+0000] {processor.py:830} INFO - Processing file /home/airflow/.local/lib/python3.12/site-packages/airflow/example_dags/example_skip_dag.py for tasks to queue
[2024-04-24T07:29:24.440+0000] {logging_mixin.py:188} INFO - [2024-04-24T07:29:24.439+0000] {dagbag.py:540} INFO - Filling up the DagBag from /home/airflow/.local/lib/python3.12/site-packages/airflow/example_dags/example_skip_dag.py
[2024-04-24T07:29:24.449+0000] {processor.py:840} INFO - DAG(s) 'example_skip_dag' retrieved from /home/airflow/.local/lib/python3.12/site-packages/airflow/example_dags/example_skip_dag.py
[2024-04-24T07:29:24.667+0000] {logging_mixin.py:188} INFO - [2024-04-24T07:29:24.667+0000] {dag.py:3096} INFO - Sync 1 DAGs
[2024-04-24T07:29:24.936+0000] {logging_mixin.py:188} INFO - [2024-04-24T07:29:24.935+0000] {dag.py:3954} INFO - Setting next_dagrun for example_skip_dag to 2024-04-23 00:00:00+00:00, run_after=2024-04-24 00:00:00+00:00
[2024-04-24T07:29:24.980+0000] {processor.py:183} INFO - Processing /home/airflow/.local/lib/python3.12/site-packages/airflow/example_dags/example_skip_dag.py took 0.556 seconds
[2024-04-24T07:29:55.634+0000] {processor.py:161} INFO - Started process (PID=476) to work on /home/airflow/.local/lib/python3.12/site-packages/airflow/example_dags/example_skip_dag.py
[2024-04-24T07:29:55.636+0000] {processor.py:830} INFO - Processing file /home/airflow/.local/lib/python3.12/site-packages/airflow/example_dags/example_skip_dag.py for tasks to queue
[2024-04-24T07:29:55.638+0000] {logging_mixin.py:188} INFO - [2024-04-24T07:29:55.638+0000] {dagbag.py:540} INFO - Filling up the DagBag from /home/airflow/.local/lib/python3.12/site-packages/airflow/example_dags/example_skip_dag.py
[2024-04-24T07:29:55.650+0000] {processor.py:840} INFO - DAG(s) 'example_skip_dag' retrieved from /home/airflow/.local/lib/python3.12/site-packages/airflow/example_dags/example_skip_dag.py
[2024-04-24T07:29:55.676+0000] {logging_mixin.py:188} INFO - [2024-04-24T07:29:55.675+0000] {dag.py:3096} INFO - Sync 1 DAGs
[2024-04-24T07:29:55.708+0000] {logging_mixin.py:188} INFO - [2024-04-24T07:29:55.708+0000] {dag.py:3954} INFO - Setting next_dagrun for example_skip_dag to 2024-04-23 00:00:00+00:00, run_after=2024-04-24 00:00:00+00:00
[2024-04-24T07:29:55.748+0000] {processor.py:183} INFO - Processing /home/airflow/.local/lib/python3.12/site-packages/airflow/example_dags/example_skip_dag.py took 0.120 seconds
[2024-04-24T07:30:26.108+0000] {processor.py:161} INFO - Started process (PID=534) to work on /home/airflow/.local/lib/python3.12/site-packages/airflow/example_dags/example_skip_dag.py
[2024-04-24T07:30:26.110+0000] {processor.py:830} INFO - Processing file /home/airflow/.local/lib/python3.12/site-packages/airflow/example_dags/example_skip_dag.py for tasks to queue
[2024-04-24T07:30:26.116+0000] {logging_mixin.py:188} INFO - [2024-04-24T07:30:26.114+0000] {dagbag.py:540} INFO - Filling up the DagBag from /home/airflow/.local/lib/python3.12/site-packages/airflow/example_dags/example_skip_dag.py
[2024-04-24T07:30:26.133+0000] {processor.py:840} INFO - DAG(s) 'example_skip_dag' retrieved from /home/airflow/.local/lib/python3.12/site-packages/airflow/example_dags/example_skip_dag.py
[2024-04-24T07:30:26.153+0000] {logging_mixin.py:188} INFO - [2024-04-24T07:30:26.153+0000] {dag.py:3096} INFO - Sync 1 DAGs
[2024-04-24T07:30:26.204+0000] {logging_mixin.py:188} INFO - [2024-04-24T07:30:26.200+0000] {dag.py:3954} INFO - Setting next_dagrun for example_skip_dag to 2024-04-23 00:00:00+00:00, run_after=2024-04-24 00:00:00+00:00
[2024-04-24T07:30:26.258+0000] {processor.py:183} INFO - Processing /home/airflow/.local/lib/python3.12/site-packages/airflow/example_dags/example_skip_dag.py took 0.164 seconds
[2024-04-24T07:30:56.634+0000] {processor.py:161} INFO - Started process (PID=594) to work on /home/airflow/.local/lib/python3.12/site-packages/airflow/example_dags/example_skip_dag.py
[2024-04-24T07:30:56.635+0000] {processor.py:830} INFO - Processing file /home/airflow/.local/lib/python3.12/site-packages/airflow/example_dags/example_skip_dag.py for tasks to queue
[2024-04-24T07:30:56.637+0000] {logging_mixin.py:188} INFO - [2024-04-24T07:30:56.637+0000] {dagbag.py:540} INFO - Filling up the DagBag from /home/airflow/.local/lib/python3.12/site-packages/airflow/example_dags/example_skip_dag.py
[2024-04-24T07:30:56.644+0000] {processor.py:840} INFO - DAG(s) 'example_skip_dag' retrieved from /home/airflow/.local/lib/python3.12/site-packages/airflow/example_dags/example_skip_dag.py
[2024-04-24T07:30:56.915+0000] {logging_mixin.py:188} INFO - [2024-04-24T07:30:56.915+0000] {dag.py:3096} INFO - Sync 1 DAGs
[2024-04-24T07:30:56.938+0000] {logging_mixin.py:188} INFO - [2024-04-24T07:30:56.938+0000] {dag.py:3954} INFO - Setting next_dagrun for example_skip_dag to 2024-04-23 00:00:00+00:00, run_after=2024-04-24 00:00:00+00:00
[2024-04-24T07:30:56.963+0000] {processor.py:183} INFO - Processing /home/airflow/.local/lib/python3.12/site-packages/airflow/example_dags/example_skip_dag.py took 0.337 seconds
