[2024-04-24T07:26:02.690+0000] {processor.py:161} INFO - Started process (PID=42) to work on /home/airflow/.local/lib/python3.12/site-packages/airflow/example_dags/example_branch_python_dop_operator_3.py
[2024-04-24T07:26:02.716+0000] {processor.py:830} INFO - Processing file /home/airflow/.local/lib/python3.12/site-packages/airflow/example_dags/example_branch_python_dop_operator_3.py for tasks to queue
[2024-04-24T07:26:02.820+0000] {logging_mixin.py:188} INFO - [2024-04-24T07:26:02.804+0000] {dagbag.py:540} INFO - Filling up the DagBag from /home/airflow/.local/lib/python3.12/site-packages/airflow/example_dags/example_branch_python_dop_operator_3.py
[2024-04-24T07:26:03.130+0000] {processor.py:840} INFO - DAG(s) 'example_branch_dop_operator_v3' retrieved from /home/airflow/.local/lib/python3.12/site-packages/airflow/example_dags/example_branch_python_dop_operator_3.py
[2024-04-24T07:26:04.199+0000] {logging_mixin.py:188} INFO - [2024-04-24T07:26:04.195+0000] {dag.py:3096} INFO - Sync 1 DAGs
[2024-04-24T07:26:04.525+0000] {logging_mixin.py:188} INFO - [2024-04-24T07:26:04.525+0000] {dag.py:3954} INFO - Setting next_dagrun for example_branch_dop_operator_v3 to 2024-04-24 07:25:00+00:00, run_after=2024-04-24 07:26:00+00:00
[2024-04-24T07:26:04.587+0000] {processor.py:183} INFO - Processing /home/airflow/.local/lib/python3.12/site-packages/airflow/example_dags/example_branch_python_dop_operator_3.py took 1.966 seconds
[2024-04-24T07:26:35.282+0000] {processor.py:161} INFO - Started process (PID=100) to work on /home/airflow/.local/lib/python3.12/site-packages/airflow/example_dags/example_branch_python_dop_operator_3.py
[2024-04-24T07:26:35.286+0000] {processor.py:830} INFO - Processing file /home/airflow/.local/lib/python3.12/site-packages/airflow/example_dags/example_branch_python_dop_operator_3.py for tasks to queue
[2024-04-24T07:26:35.295+0000] {logging_mixin.py:188} INFO - [2024-04-24T07:26:35.294+0000] {dagbag.py:540} INFO - Filling up the DagBag from /home/airflow/.local/lib/python3.12/site-packages/airflow/example_dags/example_branch_python_dop_operator_3.py
[2024-04-24T07:26:35.320+0000] {processor.py:840} INFO - DAG(s) 'example_branch_dop_operator_v3' retrieved from /home/airflow/.local/lib/python3.12/site-packages/airflow/example_dags/example_branch_python_dop_operator_3.py
[2024-04-24T07:26:35.398+0000] {logging_mixin.py:188} INFO - [2024-04-24T07:26:35.397+0000] {dag.py:3096} INFO - Sync 1 DAGs
[2024-04-24T07:26:35.494+0000] {logging_mixin.py:188} INFO - [2024-04-24T07:26:35.493+0000] {dag.py:3954} INFO - Setting next_dagrun for example_branch_dop_operator_v3 to 2024-04-24 07:25:00+00:00, run_after=2024-04-24 07:26:00+00:00
[2024-04-24T07:26:35.517+0000] {processor.py:183} INFO - Processing /home/airflow/.local/lib/python3.12/site-packages/airflow/example_dags/example_branch_python_dop_operator_3.py took 0.248 seconds
[2024-04-24T07:27:05.990+0000] {processor.py:161} INFO - Started process (PID=156) to work on /home/airflow/.local/lib/python3.12/site-packages/airflow/example_dags/example_branch_python_dop_operator_3.py
[2024-04-24T07:27:05.991+0000] {processor.py:830} INFO - Processing file /home/airflow/.local/lib/python3.12/site-packages/airflow/example_dags/example_branch_python_dop_operator_3.py for tasks to queue
[2024-04-24T07:27:05.993+0000] {logging_mixin.py:188} INFO - [2024-04-24T07:27:05.992+0000] {dagbag.py:540} INFO - Filling up the DagBag from /home/airflow/.local/lib/python3.12/site-packages/airflow/example_dags/example_branch_python_dop_operator_3.py
[2024-04-24T07:27:06.002+0000] {processor.py:840} INFO - DAG(s) 'example_branch_dop_operator_v3' retrieved from /home/airflow/.local/lib/python3.12/site-packages/airflow/example_dags/example_branch_python_dop_operator_3.py
[2024-04-24T07:27:06.031+0000] {logging_mixin.py:188} INFO - [2024-04-24T07:27:06.031+0000] {dag.py:3096} INFO - Sync 1 DAGs
[2024-04-24T07:27:06.059+0000] {logging_mixin.py:188} INFO - [2024-04-24T07:27:06.059+0000] {dag.py:3954} INFO - Setting next_dagrun for example_branch_dop_operator_v3 to 2024-04-24 07:26:00+00:00, run_after=2024-04-24 07:27:00+00:00
[2024-04-24T07:27:06.078+0000] {processor.py:183} INFO - Processing /home/airflow/.local/lib/python3.12/site-packages/airflow/example_dags/example_branch_python_dop_operator_3.py took 0.097 seconds
[2024-04-24T07:27:36.394+0000] {processor.py:161} INFO - Started process (PID=214) to work on /home/airflow/.local/lib/python3.12/site-packages/airflow/example_dags/example_branch_python_dop_operator_3.py
[2024-04-24T07:27:36.396+0000] {processor.py:830} INFO - Processing file /home/airflow/.local/lib/python3.12/site-packages/airflow/example_dags/example_branch_python_dop_operator_3.py for tasks to queue
[2024-04-24T07:27:36.398+0000] {logging_mixin.py:188} INFO - [2024-04-24T07:27:36.398+0000] {dagbag.py:540} INFO - Filling up the DagBag from /home/airflow/.local/lib/python3.12/site-packages/airflow/example_dags/example_branch_python_dop_operator_3.py
[2024-04-24T07:27:36.409+0000] {processor.py:840} INFO - DAG(s) 'example_branch_dop_operator_v3' retrieved from /home/airflow/.local/lib/python3.12/site-packages/airflow/example_dags/example_branch_python_dop_operator_3.py
[2024-04-24T07:27:36.429+0000] {logging_mixin.py:188} INFO - [2024-04-24T07:27:36.428+0000] {dag.py:3096} INFO - Sync 1 DAGs
[2024-04-24T07:27:36.460+0000] {logging_mixin.py:188} INFO - [2024-04-24T07:27:36.459+0000] {dag.py:3954} INFO - Setting next_dagrun for example_branch_dop_operator_v3 to 2024-04-24 07:26:00+00:00, run_after=2024-04-24 07:27:00+00:00
[2024-04-24T07:27:36.480+0000] {processor.py:183} INFO - Processing /home/airflow/.local/lib/python3.12/site-packages/airflow/example_dags/example_branch_python_dop_operator_3.py took 0.093 seconds
[2024-04-24T07:28:06.718+0000] {processor.py:161} INFO - Started process (PID=272) to work on /home/airflow/.local/lib/python3.12/site-packages/airflow/example_dags/example_branch_python_dop_operator_3.py
[2024-04-24T07:28:06.720+0000] {processor.py:830} INFO - Processing file /home/airflow/.local/lib/python3.12/site-packages/airflow/example_dags/example_branch_python_dop_operator_3.py for tasks to queue
[2024-04-24T07:28:06.724+0000] {logging_mixin.py:188} INFO - [2024-04-24T07:28:06.724+0000] {dagbag.py:540} INFO - Filling up the DagBag from /home/airflow/.local/lib/python3.12/site-packages/airflow/example_dags/example_branch_python_dop_operator_3.py
[2024-04-24T07:28:06.739+0000] {processor.py:840} INFO - DAG(s) 'example_branch_dop_operator_v3' retrieved from /home/airflow/.local/lib/python3.12/site-packages/airflow/example_dags/example_branch_python_dop_operator_3.py
[2024-04-24T07:28:06.766+0000] {logging_mixin.py:188} INFO - [2024-04-24T07:28:06.765+0000] {dag.py:3096} INFO - Sync 1 DAGs
[2024-04-24T07:28:06.818+0000] {logging_mixin.py:188} INFO - [2024-04-24T07:28:06.818+0000] {dag.py:3954} INFO - Setting next_dagrun for example_branch_dop_operator_v3 to 2024-04-24 07:27:00+00:00, run_after=2024-04-24 07:28:00+00:00
[2024-04-24T07:28:06.895+0000] {processor.py:183} INFO - Processing /home/airflow/.local/lib/python3.12/site-packages/airflow/example_dags/example_branch_python_dop_operator_3.py took 0.183 seconds
[2024-04-24T07:28:38.094+0000] {processor.py:161} INFO - Started process (PID=331) to work on /home/airflow/.local/lib/python3.12/site-packages/airflow/example_dags/example_branch_python_dop_operator_3.py
[2024-04-24T07:28:38.146+0000] {processor.py:830} INFO - Processing file /home/airflow/.local/lib/python3.12/site-packages/airflow/example_dags/example_branch_python_dop_operator_3.py for tasks to queue
[2024-04-24T07:28:38.186+0000] {logging_mixin.py:188} INFO - [2024-04-24T07:28:38.185+0000] {dagbag.py:540} INFO - Filling up the DagBag from /home/airflow/.local/lib/python3.12/site-packages/airflow/example_dags/example_branch_python_dop_operator_3.py
[2024-04-24T07:28:38.266+0000] {processor.py:840} INFO - DAG(s) 'example_branch_dop_operator_v3' retrieved from /home/airflow/.local/lib/python3.12/site-packages/airflow/example_dags/example_branch_python_dop_operator_3.py
[2024-04-24T07:28:38.390+0000] {logging_mixin.py:188} INFO - [2024-04-24T07:28:38.390+0000] {dag.py:3096} INFO - Sync 1 DAGs
[2024-04-24T07:28:38.630+0000] {logging_mixin.py:188} INFO - [2024-04-24T07:28:38.630+0000] {dag.py:3954} INFO - Setting next_dagrun for example_branch_dop_operator_v3 to 2024-04-24 07:27:00+00:00, run_after=2024-04-24 07:28:00+00:00
[2024-04-24T07:28:38.784+0000] {processor.py:183} INFO - Processing /home/airflow/.local/lib/python3.12/site-packages/airflow/example_dags/example_branch_python_dop_operator_3.py took 0.732 seconds
[2024-04-24T07:29:09.128+0000] {processor.py:161} INFO - Started process (PID=395) to work on /home/airflow/.local/lib/python3.12/site-packages/airflow/example_dags/example_branch_python_dop_operator_3.py
[2024-04-24T07:29:09.129+0000] {processor.py:830} INFO - Processing file /home/airflow/.local/lib/python3.12/site-packages/airflow/example_dags/example_branch_python_dop_operator_3.py for tasks to queue
[2024-04-24T07:29:09.132+0000] {logging_mixin.py:188} INFO - [2024-04-24T07:29:09.132+0000] {dagbag.py:540} INFO - Filling up the DagBag from /home/airflow/.local/lib/python3.12/site-packages/airflow/example_dags/example_branch_python_dop_operator_3.py
[2024-04-24T07:29:09.144+0000] {processor.py:840} INFO - DAG(s) 'example_branch_dop_operator_v3' retrieved from /home/airflow/.local/lib/python3.12/site-packages/airflow/example_dags/example_branch_python_dop_operator_3.py
[2024-04-24T07:29:09.275+0000] {logging_mixin.py:188} INFO - [2024-04-24T07:29:09.275+0000] {dag.py:3096} INFO - Sync 1 DAGs
[2024-04-24T07:29:09.357+0000] {logging_mixin.py:188} INFO - [2024-04-24T07:29:09.357+0000] {dag.py:3954} INFO - Setting next_dagrun for example_branch_dop_operator_v3 to 2024-04-24 07:28:00+00:00, run_after=2024-04-24 07:29:00+00:00
[2024-04-24T07:29:09.396+0000] {processor.py:183} INFO - Processing /home/airflow/.local/lib/python3.12/site-packages/airflow/example_dags/example_branch_python_dop_operator_3.py took 0.274 seconds
[2024-04-24T07:29:40.423+0000] {processor.py:161} INFO - Started process (PID=452) to work on /home/airflow/.local/lib/python3.12/site-packages/airflow/example_dags/example_branch_python_dop_operator_3.py
[2024-04-24T07:29:40.424+0000] {processor.py:830} INFO - Processing file /home/airflow/.local/lib/python3.12/site-packages/airflow/example_dags/example_branch_python_dop_operator_3.py for tasks to queue
[2024-04-24T07:29:40.430+0000] {logging_mixin.py:188} INFO - [2024-04-24T07:29:40.429+0000] {dagbag.py:540} INFO - Filling up the DagBag from /home/airflow/.local/lib/python3.12/site-packages/airflow/example_dags/example_branch_python_dop_operator_3.py
[2024-04-24T07:29:40.453+0000] {processor.py:840} INFO - DAG(s) 'example_branch_dop_operator_v3' retrieved from /home/airflow/.local/lib/python3.12/site-packages/airflow/example_dags/example_branch_python_dop_operator_3.py
[2024-04-24T07:29:40.488+0000] {logging_mixin.py:188} INFO - [2024-04-24T07:29:40.488+0000] {dag.py:3096} INFO - Sync 1 DAGs
[2024-04-24T07:29:40.559+0000] {logging_mixin.py:188} INFO - [2024-04-24T07:29:40.558+0000] {dag.py:3954} INFO - Setting next_dagrun for example_branch_dop_operator_v3 to 2024-04-24 07:28:00+00:00, run_after=2024-04-24 07:29:00+00:00
[2024-04-24T07:29:40.624+0000] {processor.py:183} INFO - Processing /home/airflow/.local/lib/python3.12/site-packages/airflow/example_dags/example_branch_python_dop_operator_3.py took 0.212 seconds
[2024-04-24T07:30:11.413+0000] {processor.py:161} INFO - Started process (PID=510) to work on /home/airflow/.local/lib/python3.12/site-packages/airflow/example_dags/example_branch_python_dop_operator_3.py
[2024-04-24T07:30:11.424+0000] {processor.py:830} INFO - Processing file /home/airflow/.local/lib/python3.12/site-packages/airflow/example_dags/example_branch_python_dop_operator_3.py for tasks to queue
[2024-04-24T07:30:11.432+0000] {logging_mixin.py:188} INFO - [2024-04-24T07:30:11.429+0000] {dagbag.py:540} INFO - Filling up the DagBag from /home/airflow/.local/lib/python3.12/site-packages/airflow/example_dags/example_branch_python_dop_operator_3.py
[2024-04-24T07:30:11.455+0000] {processor.py:840} INFO - DAG(s) 'example_branch_dop_operator_v3' retrieved from /home/airflow/.local/lib/python3.12/site-packages/airflow/example_dags/example_branch_python_dop_operator_3.py
[2024-04-24T07:30:11.508+0000] {logging_mixin.py:188} INFO - [2024-04-24T07:30:11.507+0000] {dag.py:3096} INFO - Sync 1 DAGs
[2024-04-24T07:30:11.549+0000] {logging_mixin.py:188} INFO - [2024-04-24T07:30:11.548+0000] {dag.py:3954} INFO - Setting next_dagrun for example_branch_dop_operator_v3 to 2024-04-24 07:29:00+00:00, run_after=2024-04-24 07:30:00+00:00
[2024-04-24T07:30:11.575+0000] {processor.py:183} INFO - Processing /home/airflow/.local/lib/python3.12/site-packages/airflow/example_dags/example_branch_python_dop_operator_3.py took 0.172 seconds
[2024-04-24T07:30:41.742+0000] {processor.py:161} INFO - Started process (PID=568) to work on /home/airflow/.local/lib/python3.12/site-packages/airflow/example_dags/example_branch_python_dop_operator_3.py
[2024-04-24T07:30:41.743+0000] {processor.py:830} INFO - Processing file /home/airflow/.local/lib/python3.12/site-packages/airflow/example_dags/example_branch_python_dop_operator_3.py for tasks to queue
[2024-04-24T07:30:41.746+0000] {logging_mixin.py:188} INFO - [2024-04-24T07:30:41.745+0000] {dagbag.py:540} INFO - Filling up the DagBag from /home/airflow/.local/lib/python3.12/site-packages/airflow/example_dags/example_branch_python_dop_operator_3.py
[2024-04-24T07:30:41.762+0000] {processor.py:840} INFO - DAG(s) 'example_branch_dop_operator_v3' retrieved from /home/airflow/.local/lib/python3.12/site-packages/airflow/example_dags/example_branch_python_dop_operator_3.py
[2024-04-24T07:30:41.809+0000] {logging_mixin.py:188} INFO - [2024-04-24T07:30:41.807+0000] {dag.py:3096} INFO - Sync 1 DAGs
[2024-04-24T07:30:41.853+0000] {logging_mixin.py:188} INFO - [2024-04-24T07:30:41.853+0000] {dag.py:3954} INFO - Setting next_dagrun for example_branch_dop_operator_v3 to 2024-04-24 07:29:00+00:00, run_after=2024-04-24 07:30:00+00:00
[2024-04-24T07:30:41.883+0000] {processor.py:183} INFO - Processing /home/airflow/.local/lib/python3.12/site-packages/airflow/example_dags/example_branch_python_dop_operator_3.py took 0.149 seconds
[2024-04-24T07:32:46.382+0000] {processor.py:161} INFO - Started process (PID=36) to work on /home/airflow/.local/lib/python3.12/site-packages/airflow/example_dags/example_branch_python_dop_operator_3.py
[2024-04-24T07:32:46.386+0000] {processor.py:830} INFO - Processing file /home/airflow/.local/lib/python3.12/site-packages/airflow/example_dags/example_branch_python_dop_operator_3.py for tasks to queue
[2024-04-24T07:32:46.405+0000] {logging_mixin.py:188} INFO - [2024-04-24T07:32:46.405+0000] {dagbag.py:540} INFO - Filling up the DagBag from /home/airflow/.local/lib/python3.12/site-packages/airflow/example_dags/example_branch_python_dop_operator_3.py
[2024-04-24T07:32:46.475+0000] {processor.py:840} INFO - DAG(s) 'example_branch_dop_operator_v3' retrieved from /home/airflow/.local/lib/python3.12/site-packages/airflow/example_dags/example_branch_python_dop_operator_3.py
[2024-04-24T07:32:48.971+0000] {logging_mixin.py:188} INFO - [2024-04-24T07:32:48.944+0000] {dag.py:3096} INFO - Sync 1 DAGs
[2024-04-24T07:32:49.237+0000] {logging_mixin.py:188} INFO - [2024-04-24T07:32:49.214+0000] {dag.py:3954} INFO - Setting next_dagrun for example_branch_dop_operator_v3 to 2024-04-24 07:31:00+00:00, run_after=2024-04-24 07:32:00+00:00
[2024-04-24T07:34:19.771+0000] {processor.py:183} INFO - Processing /home/airflow/.local/lib/python3.12/site-packages/airflow/example_dags/example_branch_python_dop_operator_3.py took 93.430 seconds
