[2024-04-24T07:26:04.936+0000] {processor.py:161} INFO - Started process (PID=44) to work on /home/airflow/.local/lib/python3.12/site-packages/airflow/example_dags/example_latest_only_with_trigger.py
[2024-04-24T07:26:04.998+0000] {processor.py:830} INFO - Processing file /home/airflow/.local/lib/python3.12/site-packages/airflow/example_dags/example_latest_only_with_trigger.py for tasks to queue
[2024-04-24T07:26:05.006+0000] {logging_mixin.py:188} INFO - [2024-04-24T07:26:05.006+0000] {dagbag.py:540} INFO - Filling up the DagBag from /home/airflow/.local/lib/python3.12/site-packages/airflow/example_dags/example_latest_only_with_trigger.py
[2024-04-24T07:26:05.084+0000] {processor.py:840} INFO - DAG(s) 'latest_only_with_trigger' retrieved from /home/airflow/.local/lib/python3.12/site-packages/airflow/example_dags/example_latest_only_with_trigger.py
[2024-04-24T07:26:06.352+0000] {logging_mixin.py:188} INFO - [2024-04-24T07:26:06.352+0000] {dag.py:3096} INFO - Sync 1 DAGs
[2024-04-24T07:26:06.756+0000] {logging_mixin.py:188} INFO - [2024-04-24T07:26:06.756+0000] {dag.py:3954} INFO - Setting next_dagrun for latest_only_with_trigger to 2024-04-24 00:00:00+00:00, run_after=2024-04-24 04:00:00+00:00
[2024-04-24T07:26:06.837+0000] {processor.py:183} INFO - Processing /home/airflow/.local/lib/python3.12/site-packages/airflow/example_dags/example_latest_only_with_trigger.py took 2.107 seconds
[2024-04-24T07:26:37.577+0000] {processor.py:161} INFO - Started process (PID=102) to work on /home/airflow/.local/lib/python3.12/site-packages/airflow/example_dags/example_latest_only_with_trigger.py
[2024-04-24T07:26:37.578+0000] {processor.py:830} INFO - Processing file /home/airflow/.local/lib/python3.12/site-packages/airflow/example_dags/example_latest_only_with_trigger.py for tasks to queue
[2024-04-24T07:26:37.581+0000] {logging_mixin.py:188} INFO - [2024-04-24T07:26:37.580+0000] {dagbag.py:540} INFO - Filling up the DagBag from /home/airflow/.local/lib/python3.12/site-packages/airflow/example_dags/example_latest_only_with_trigger.py
[2024-04-24T07:26:37.589+0000] {processor.py:840} INFO - DAG(s) 'latest_only_with_trigger' retrieved from /home/airflow/.local/lib/python3.12/site-packages/airflow/example_dags/example_latest_only_with_trigger.py
[2024-04-24T07:26:37.651+0000] {logging_mixin.py:188} INFO - [2024-04-24T07:26:37.651+0000] {dag.py:3096} INFO - Sync 1 DAGs
[2024-04-24T07:26:37.704+0000] {logging_mixin.py:188} INFO - [2024-04-24T07:26:37.703+0000] {dag.py:3954} INFO - Setting next_dagrun for latest_only_with_trigger to 2024-04-24 00:00:00+00:00, run_after=2024-04-24 04:00:00+00:00
[2024-04-24T07:26:37.728+0000] {processor.py:183} INFO - Processing /home/airflow/.local/lib/python3.12/site-packages/airflow/example_dags/example_latest_only_with_trigger.py took 0.159 seconds
[2024-04-24T07:27:07.832+0000] {processor.py:161} INFO - Started process (PID=160) to work on /home/airflow/.local/lib/python3.12/site-packages/airflow/example_dags/example_latest_only_with_trigger.py
[2024-04-24T07:27:07.833+0000] {processor.py:830} INFO - Processing file /home/airflow/.local/lib/python3.12/site-packages/airflow/example_dags/example_latest_only_with_trigger.py for tasks to queue
[2024-04-24T07:27:07.835+0000] {logging_mixin.py:188} INFO - [2024-04-24T07:27:07.834+0000] {dagbag.py:540} INFO - Filling up the DagBag from /home/airflow/.local/lib/python3.12/site-packages/airflow/example_dags/example_latest_only_with_trigger.py
[2024-04-24T07:27:07.840+0000] {processor.py:840} INFO - DAG(s) 'latest_only_with_trigger' retrieved from /home/airflow/.local/lib/python3.12/site-packages/airflow/example_dags/example_latest_only_with_trigger.py
[2024-04-24T07:27:07.862+0000] {logging_mixin.py:188} INFO - [2024-04-24T07:27:07.862+0000] {dag.py:3096} INFO - Sync 1 DAGs
[2024-04-24T07:27:07.887+0000] {logging_mixin.py:188} INFO - [2024-04-24T07:27:07.886+0000] {dag.py:3954} INFO - Setting next_dagrun for latest_only_with_trigger to 2024-04-24 00:00:00+00:00, run_after=2024-04-24 04:00:00+00:00
[2024-04-24T07:27:07.904+0000] {processor.py:183} INFO - Processing /home/airflow/.local/lib/python3.12/site-packages/airflow/example_dags/example_latest_only_with_trigger.py took 0.077 seconds
[2024-04-24T07:27:38.433+0000] {processor.py:161} INFO - Started process (PID=222) to work on /home/airflow/.local/lib/python3.12/site-packages/airflow/example_dags/example_latest_only_with_trigger.py
[2024-04-24T07:27:38.434+0000] {processor.py:830} INFO - Processing file /home/airflow/.local/lib/python3.12/site-packages/airflow/example_dags/example_latest_only_with_trigger.py for tasks to queue
[2024-04-24T07:27:38.437+0000] {logging_mixin.py:188} INFO - [2024-04-24T07:27:38.436+0000] {dagbag.py:540} INFO - Filling up the DagBag from /home/airflow/.local/lib/python3.12/site-packages/airflow/example_dags/example_latest_only_with_trigger.py
[2024-04-24T07:27:38.443+0000] {processor.py:840} INFO - DAG(s) 'latest_only_with_trigger' retrieved from /home/airflow/.local/lib/python3.12/site-packages/airflow/example_dags/example_latest_only_with_trigger.py
[2024-04-24T07:27:38.473+0000] {logging_mixin.py:188} INFO - [2024-04-24T07:27:38.473+0000] {dag.py:3096} INFO - Sync 1 DAGs
[2024-04-24T07:27:38.507+0000] {logging_mixin.py:188} INFO - [2024-04-24T07:27:38.506+0000] {dag.py:3954} INFO - Setting next_dagrun for latest_only_with_trigger to 2024-04-24 00:00:00+00:00, run_after=2024-04-24 04:00:00+00:00
[2024-04-24T07:27:38.528+0000] {processor.py:183} INFO - Processing /home/airflow/.local/lib/python3.12/site-packages/airflow/example_dags/example_latest_only_with_trigger.py took 0.103 seconds
[2024-04-24T07:28:08.930+0000] {processor.py:161} INFO - Started process (PID=281) to work on /home/airflow/.local/lib/python3.12/site-packages/airflow/example_dags/example_latest_only_with_trigger.py
[2024-04-24T07:28:08.932+0000] {processor.py:830} INFO - Processing file /home/airflow/.local/lib/python3.12/site-packages/airflow/example_dags/example_latest_only_with_trigger.py for tasks to queue
[2024-04-24T07:28:08.935+0000] {logging_mixin.py:188} INFO - [2024-04-24T07:28:08.935+0000] {dagbag.py:540} INFO - Filling up the DagBag from /home/airflow/.local/lib/python3.12/site-packages/airflow/example_dags/example_latest_only_with_trigger.py
[2024-04-24T07:28:08.944+0000] {processor.py:840} INFO - DAG(s) 'latest_only_with_trigger' retrieved from /home/airflow/.local/lib/python3.12/site-packages/airflow/example_dags/example_latest_only_with_trigger.py
[2024-04-24T07:28:09.026+0000] {logging_mixin.py:188} INFO - [2024-04-24T07:28:09.026+0000] {dag.py:3096} INFO - Sync 1 DAGs
[2024-04-24T07:28:09.058+0000] {logging_mixin.py:188} INFO - [2024-04-24T07:28:09.057+0000] {dag.py:3954} INFO - Setting next_dagrun for latest_only_with_trigger to 2024-04-24 00:00:00+00:00, run_after=2024-04-24 04:00:00+00:00
[2024-04-24T07:28:09.084+0000] {processor.py:183} INFO - Processing /home/airflow/.local/lib/python3.12/site-packages/airflow/example_dags/example_latest_only_with_trigger.py took 0.163 seconds
[2024-04-24T07:28:39.712+0000] {processor.py:161} INFO - Started process (PID=339) to work on /home/airflow/.local/lib/python3.12/site-packages/airflow/example_dags/example_latest_only_with_trigger.py
[2024-04-24T07:28:39.715+0000] {processor.py:830} INFO - Processing file /home/airflow/.local/lib/python3.12/site-packages/airflow/example_dags/example_latest_only_with_trigger.py for tasks to queue
[2024-04-24T07:28:39.718+0000] {logging_mixin.py:188} INFO - [2024-04-24T07:28:39.717+0000] {dagbag.py:540} INFO - Filling up the DagBag from /home/airflow/.local/lib/python3.12/site-packages/airflow/example_dags/example_latest_only_with_trigger.py
[2024-04-24T07:28:39.730+0000] {processor.py:840} INFO - DAG(s) 'latest_only_with_trigger' retrieved from /home/airflow/.local/lib/python3.12/site-packages/airflow/example_dags/example_latest_only_with_trigger.py
[2024-04-24T07:28:39.764+0000] {logging_mixin.py:188} INFO - [2024-04-24T07:28:39.763+0000] {dag.py:3096} INFO - Sync 1 DAGs
[2024-04-24T07:28:39.810+0000] {logging_mixin.py:188} INFO - [2024-04-24T07:28:39.810+0000] {dag.py:3954} INFO - Setting next_dagrun for latest_only_with_trigger to 2024-04-24 00:00:00+00:00, run_after=2024-04-24 04:00:00+00:00
[2024-04-24T07:28:39.869+0000] {processor.py:183} INFO - Processing /home/airflow/.local/lib/python3.12/site-packages/airflow/example_dags/example_latest_only_with_trigger.py took 0.167 seconds
[2024-04-24T07:29:10.444+0000] {processor.py:161} INFO - Started process (PID=397) to work on /home/airflow/.local/lib/python3.12/site-packages/airflow/example_dags/example_latest_only_with_trigger.py
[2024-04-24T07:29:10.445+0000] {processor.py:830} INFO - Processing file /home/airflow/.local/lib/python3.12/site-packages/airflow/example_dags/example_latest_only_with_trigger.py for tasks to queue
[2024-04-24T07:29:10.447+0000] {logging_mixin.py:188} INFO - [2024-04-24T07:29:10.447+0000] {dagbag.py:540} INFO - Filling up the DagBag from /home/airflow/.local/lib/python3.12/site-packages/airflow/example_dags/example_latest_only_with_trigger.py
[2024-04-24T07:29:10.457+0000] {processor.py:840} INFO - DAG(s) 'latest_only_with_trigger' retrieved from /home/airflow/.local/lib/python3.12/site-packages/airflow/example_dags/example_latest_only_with_trigger.py
[2024-04-24T07:29:10.664+0000] {logging_mixin.py:188} INFO - [2024-04-24T07:29:10.663+0000] {dag.py:3096} INFO - Sync 1 DAGs
[2024-04-24T07:29:10.685+0000] {logging_mixin.py:188} INFO - [2024-04-24T07:29:10.685+0000] {dag.py:3954} INFO - Setting next_dagrun for latest_only_with_trigger to 2024-04-24 00:00:00+00:00, run_after=2024-04-24 04:00:00+00:00
[2024-04-24T07:29:10.896+0000] {processor.py:183} INFO - Processing /home/airflow/.local/lib/python3.12/site-packages/airflow/example_dags/example_latest_only_with_trigger.py took 0.460 seconds
[2024-04-24T07:29:41.714+0000] {processor.py:161} INFO - Started process (PID=454) to work on /home/airflow/.local/lib/python3.12/site-packages/airflow/example_dags/example_latest_only_with_trigger.py
[2024-04-24T07:29:41.715+0000] {processor.py:830} INFO - Processing file /home/airflow/.local/lib/python3.12/site-packages/airflow/example_dags/example_latest_only_with_trigger.py for tasks to queue
[2024-04-24T07:29:41.718+0000] {logging_mixin.py:188} INFO - [2024-04-24T07:29:41.718+0000] {dagbag.py:540} INFO - Filling up the DagBag from /home/airflow/.local/lib/python3.12/site-packages/airflow/example_dags/example_latest_only_with_trigger.py
[2024-04-24T07:29:41.725+0000] {processor.py:840} INFO - DAG(s) 'latest_only_with_trigger' retrieved from /home/airflow/.local/lib/python3.12/site-packages/airflow/example_dags/example_latest_only_with_trigger.py
[2024-04-24T07:29:41.775+0000] {logging_mixin.py:188} INFO - [2024-04-24T07:29:41.775+0000] {dag.py:3096} INFO - Sync 1 DAGs
[2024-04-24T07:29:41.818+0000] {logging_mixin.py:188} INFO - [2024-04-24T07:29:41.817+0000] {dag.py:3954} INFO - Setting next_dagrun for latest_only_with_trigger to 2024-04-24 00:00:00+00:00, run_after=2024-04-24 04:00:00+00:00
[2024-04-24T07:29:41.843+0000] {processor.py:183} INFO - Processing /home/airflow/.local/lib/python3.12/site-packages/airflow/example_dags/example_latest_only_with_trigger.py took 0.136 seconds
[2024-04-24T07:30:12.556+0000] {processor.py:161} INFO - Started process (PID=512) to work on /home/airflow/.local/lib/python3.12/site-packages/airflow/example_dags/example_latest_only_with_trigger.py
[2024-04-24T07:30:12.557+0000] {processor.py:830} INFO - Processing file /home/airflow/.local/lib/python3.12/site-packages/airflow/example_dags/example_latest_only_with_trigger.py for tasks to queue
[2024-04-24T07:30:12.560+0000] {logging_mixin.py:188} INFO - [2024-04-24T07:30:12.559+0000] {dagbag.py:540} INFO - Filling up the DagBag from /home/airflow/.local/lib/python3.12/site-packages/airflow/example_dags/example_latest_only_with_trigger.py
[2024-04-24T07:30:12.568+0000] {processor.py:840} INFO - DAG(s) 'latest_only_with_trigger' retrieved from /home/airflow/.local/lib/python3.12/site-packages/airflow/example_dags/example_latest_only_with_trigger.py
[2024-04-24T07:30:12.605+0000] {logging_mixin.py:188} INFO - [2024-04-24T07:30:12.603+0000] {dag.py:3096} INFO - Sync 1 DAGs
[2024-04-24T07:30:12.652+0000] {logging_mixin.py:188} INFO - [2024-04-24T07:30:12.652+0000] {dag.py:3954} INFO - Setting next_dagrun for latest_only_with_trigger to 2024-04-24 00:00:00+00:00, run_after=2024-04-24 04:00:00+00:00
[2024-04-24T07:30:12.688+0000] {processor.py:183} INFO - Processing /home/airflow/.local/lib/python3.12/site-packages/airflow/example_dags/example_latest_only_with_trigger.py took 0.139 seconds
[2024-04-24T07:30:42.783+0000] {processor.py:161} INFO - Started process (PID=570) to work on /home/airflow/.local/lib/python3.12/site-packages/airflow/example_dags/example_latest_only_with_trigger.py
[2024-04-24T07:30:42.785+0000] {processor.py:830} INFO - Processing file /home/airflow/.local/lib/python3.12/site-packages/airflow/example_dags/example_latest_only_with_trigger.py for tasks to queue
[2024-04-24T07:30:42.788+0000] {logging_mixin.py:188} INFO - [2024-04-24T07:30:42.787+0000] {dagbag.py:540} INFO - Filling up the DagBag from /home/airflow/.local/lib/python3.12/site-packages/airflow/example_dags/example_latest_only_with_trigger.py
[2024-04-24T07:30:42.796+0000] {processor.py:840} INFO - DAG(s) 'latest_only_with_trigger' retrieved from /home/airflow/.local/lib/python3.12/site-packages/airflow/example_dags/example_latest_only_with_trigger.py
[2024-04-24T07:30:42.821+0000] {logging_mixin.py:188} INFO - [2024-04-24T07:30:42.821+0000] {dag.py:3096} INFO - Sync 1 DAGs
[2024-04-24T07:30:42.870+0000] {logging_mixin.py:188} INFO - [2024-04-24T07:30:42.870+0000] {dag.py:3954} INFO - Setting next_dagrun for latest_only_with_trigger to 2024-04-24 00:00:00+00:00, run_after=2024-04-24 04:00:00+00:00
[2024-04-24T07:30:42.899+0000] {processor.py:183} INFO - Processing /home/airflow/.local/lib/python3.12/site-packages/airflow/example_dags/example_latest_only_with_trigger.py took 0.124 seconds
[2024-04-24T07:34:20.063+0000] {processor.py:161} INFO - Started process (PID=38) to work on /home/airflow/.local/lib/python3.12/site-packages/airflow/example_dags/example_latest_only_with_trigger.py
[2024-04-24T07:34:20.067+0000] {processor.py:830} INFO - Processing file /home/airflow/.local/lib/python3.12/site-packages/airflow/example_dags/example_latest_only_with_trigger.py for tasks to queue
[2024-04-24T07:34:20.085+0000] {logging_mixin.py:188} INFO - [2024-04-24T07:34:20.085+0000] {dagbag.py:540} INFO - Filling up the DagBag from /home/airflow/.local/lib/python3.12/site-packages/airflow/example_dags/example_latest_only_with_trigger.py
[2024-04-24T07:34:20.380+0000] {processor.py:840} INFO - DAG(s) 'latest_only_with_trigger' retrieved from /home/airflow/.local/lib/python3.12/site-packages/airflow/example_dags/example_latest_only_with_trigger.py
[2024-04-24T07:34:26.852+0000] {logging_mixin.py:188} INFO - [2024-04-24T07:34:26.842+0000] {dag.py:3096} INFO - Sync 1 DAGs
[2024-04-24T07:34:27.001+0000] {logging_mixin.py:188} INFO - [2024-04-24T07:34:26.998+0000] {dag.py:3954} INFO - Setting next_dagrun for latest_only_with_trigger to 2024-04-24 00:00:00+00:00, run_after=2024-04-24 04:00:00+00:00
[2024-04-24T07:34:27.310+0000] {processor.py:183} INFO - Processing /home/airflow/.local/lib/python3.12/site-packages/airflow/example_dags/example_latest_only_with_trigger.py took 7.289 seconds
