[2024-04-24T07:26:03.308+0000] {processor.py:161} INFO - Started process (PID=43) to work on /home/airflow/.local/lib/python3.12/site-packages/airflow/example_dags/example_task_group.py
[2024-04-24T07:26:03.318+0000] {processor.py:830} INFO - Processing file /home/airflow/.local/lib/python3.12/site-packages/airflow/example_dags/example_task_group.py for tasks to queue
[2024-04-24T07:26:03.329+0000] {logging_mixin.py:188} INFO - [2024-04-24T07:26:03.327+0000] {dagbag.py:540} INFO - Filling up the DagBag from /home/airflow/.local/lib/python3.12/site-packages/airflow/example_dags/example_task_group.py
[2024-04-24T07:26:03.686+0000] {processor.py:840} INFO - DAG(s) 'example_task_group' retrieved from /home/airflow/.local/lib/python3.12/site-packages/airflow/example_dags/example_task_group.py
[2024-04-24T07:26:05.103+0000] {logging_mixin.py:188} INFO - [2024-04-24T07:26:05.103+0000] {dag.py:3096} INFO - Sync 1 DAGs
[2024-04-24T07:26:05.294+0000] {logging_mixin.py:188} INFO - [2024-04-24T07:26:05.293+0000] {dag.py:3954} INFO - Setting next_dagrun for example_task_group to 2024-04-23 00:00:00+00:00, run_after=2024-04-24 00:00:00+00:00
[2024-04-24T07:26:05.414+0000] {processor.py:183} INFO - Processing /home/airflow/.local/lib/python3.12/site-packages/airflow/example_dags/example_task_group.py took 2.126 seconds
[2024-04-24T07:26:35.575+0000] {processor.py:161} INFO - Started process (PID=101) to work on /home/airflow/.local/lib/python3.12/site-packages/airflow/example_dags/example_task_group.py
[2024-04-24T07:26:35.579+0000] {processor.py:830} INFO - Processing file /home/airflow/.local/lib/python3.12/site-packages/airflow/example_dags/example_task_group.py for tasks to queue
[2024-04-24T07:26:35.586+0000] {logging_mixin.py:188} INFO - [2024-04-24T07:26:35.585+0000] {dagbag.py:540} INFO - Filling up the DagBag from /home/airflow/.local/lib/python3.12/site-packages/airflow/example_dags/example_task_group.py
[2024-04-24T07:26:35.601+0000] {processor.py:840} INFO - DAG(s) 'example_task_group' retrieved from /home/airflow/.local/lib/python3.12/site-packages/airflow/example_dags/example_task_group.py
[2024-04-24T07:26:35.666+0000] {logging_mixin.py:188} INFO - [2024-04-24T07:26:35.665+0000] {dag.py:3096} INFO - Sync 1 DAGs
[2024-04-24T07:26:35.693+0000] {logging_mixin.py:188} INFO - [2024-04-24T07:26:35.693+0000] {dag.py:3954} INFO - Setting next_dagrun for example_task_group to 2024-04-23 00:00:00+00:00, run_after=2024-04-24 00:00:00+00:00
[2024-04-24T07:26:35.727+0000] {processor.py:183} INFO - Processing /home/airflow/.local/lib/python3.12/site-packages/airflow/example_dags/example_task_group.py took 0.160 seconds
[2024-04-24T07:27:05.994+0000] {processor.py:161} INFO - Started process (PID=157) to work on /home/airflow/.local/lib/python3.12/site-packages/airflow/example_dags/example_task_group.py
[2024-04-24T07:27:05.994+0000] {processor.py:830} INFO - Processing file /home/airflow/.local/lib/python3.12/site-packages/airflow/example_dags/example_task_group.py for tasks to queue
[2024-04-24T07:27:05.996+0000] {logging_mixin.py:188} INFO - [2024-04-24T07:27:05.996+0000] {dagbag.py:540} INFO - Filling up the DagBag from /home/airflow/.local/lib/python3.12/site-packages/airflow/example_dags/example_task_group.py
[2024-04-24T07:27:06.003+0000] {processor.py:840} INFO - DAG(s) 'example_task_group' retrieved from /home/airflow/.local/lib/python3.12/site-packages/airflow/example_dags/example_task_group.py
[2024-04-24T07:27:06.034+0000] {logging_mixin.py:188} INFO - [2024-04-24T07:27:06.034+0000] {dag.py:3096} INFO - Sync 1 DAGs
[2024-04-24T07:27:06.059+0000] {logging_mixin.py:188} INFO - [2024-04-24T07:27:06.059+0000] {dag.py:3954} INFO - Setting next_dagrun for example_task_group to 2024-04-23 00:00:00+00:00, run_after=2024-04-24 00:00:00+00:00
[2024-04-24T07:27:06.078+0000] {processor.py:183} INFO - Processing /home/airflow/.local/lib/python3.12/site-packages/airflow/example_dags/example_task_group.py took 0.093 seconds
[2024-04-24T07:27:36.399+0000] {processor.py:161} INFO - Started process (PID=215) to work on /home/airflow/.local/lib/python3.12/site-packages/airflow/example_dags/example_task_group.py
[2024-04-24T07:27:36.400+0000] {processor.py:830} INFO - Processing file /home/airflow/.local/lib/python3.12/site-packages/airflow/example_dags/example_task_group.py for tasks to queue
[2024-04-24T07:27:36.402+0000] {logging_mixin.py:188} INFO - [2024-04-24T07:27:36.402+0000] {dagbag.py:540} INFO - Filling up the DagBag from /home/airflow/.local/lib/python3.12/site-packages/airflow/example_dags/example_task_group.py
[2024-04-24T07:27:36.411+0000] {processor.py:840} INFO - DAG(s) 'example_task_group' retrieved from /home/airflow/.local/lib/python3.12/site-packages/airflow/example_dags/example_task_group.py
[2024-04-24T07:27:36.434+0000] {logging_mixin.py:188} INFO - [2024-04-24T07:27:36.434+0000] {dag.py:3096} INFO - Sync 1 DAGs
[2024-04-24T07:27:36.460+0000] {logging_mixin.py:188} INFO - [2024-04-24T07:27:36.460+0000] {dag.py:3954} INFO - Setting next_dagrun for example_task_group to 2024-04-23 00:00:00+00:00, run_after=2024-04-24 00:00:00+00:00
[2024-04-24T07:27:36.481+0000] {processor.py:183} INFO - Processing /home/airflow/.local/lib/python3.12/site-packages/airflow/example_dags/example_task_group.py took 0.090 seconds
[2024-04-24T07:28:06.719+0000] {processor.py:161} INFO - Started process (PID=273) to work on /home/airflow/.local/lib/python3.12/site-packages/airflow/example_dags/example_task_group.py
[2024-04-24T07:28:06.722+0000] {processor.py:830} INFO - Processing file /home/airflow/.local/lib/python3.12/site-packages/airflow/example_dags/example_task_group.py for tasks to queue
[2024-04-24T07:28:06.725+0000] {logging_mixin.py:188} INFO - [2024-04-24T07:28:06.725+0000] {dagbag.py:540} INFO - Filling up the DagBag from /home/airflow/.local/lib/python3.12/site-packages/airflow/example_dags/example_task_group.py
[2024-04-24T07:28:06.756+0000] {processor.py:840} INFO - DAG(s) 'example_task_group' retrieved from /home/airflow/.local/lib/python3.12/site-packages/airflow/example_dags/example_task_group.py
[2024-04-24T07:28:06.786+0000] {logging_mixin.py:188} INFO - [2024-04-24T07:28:06.786+0000] {dag.py:3096} INFO - Sync 1 DAGs
[2024-04-24T07:28:06.814+0000] {logging_mixin.py:188} INFO - [2024-04-24T07:28:06.813+0000] {dag.py:3954} INFO - Setting next_dagrun for example_task_group to 2024-04-23 00:00:00+00:00, run_after=2024-04-24 00:00:00+00:00
[2024-04-24T07:28:06.849+0000] {processor.py:183} INFO - Processing /home/airflow/.local/lib/python3.12/site-packages/airflow/example_dags/example_task_group.py took 0.136 seconds
[2024-04-24T07:28:37.839+0000] {processor.py:161} INFO - Started process (PID=332) to work on /home/airflow/.local/lib/python3.12/site-packages/airflow/example_dags/example_task_group.py
[2024-04-24T07:28:37.873+0000] {processor.py:830} INFO - Processing file /home/airflow/.local/lib/python3.12/site-packages/airflow/example_dags/example_task_group.py for tasks to queue
[2024-04-24T07:28:37.890+0000] {logging_mixin.py:188} INFO - [2024-04-24T07:28:37.889+0000] {dagbag.py:540} INFO - Filling up the DagBag from /home/airflow/.local/lib/python3.12/site-packages/airflow/example_dags/example_task_group.py
[2024-04-24T07:28:37.956+0000] {processor.py:840} INFO - DAG(s) 'example_task_group' retrieved from /home/airflow/.local/lib/python3.12/site-packages/airflow/example_dags/example_task_group.py
[2024-04-24T07:28:38.068+0000] {logging_mixin.py:188} INFO - [2024-04-24T07:28:38.068+0000] {dag.py:3096} INFO - Sync 1 DAGs
[2024-04-24T07:28:38.357+0000] {logging_mixin.py:188} INFO - [2024-04-24T07:28:38.357+0000] {dag.py:3954} INFO - Setting next_dagrun for example_task_group to 2024-04-23 00:00:00+00:00, run_after=2024-04-24 00:00:00+00:00
[2024-04-24T07:28:38.485+0000] {processor.py:183} INFO - Processing /home/airflow/.local/lib/python3.12/site-packages/airflow/example_dags/example_task_group.py took 0.679 seconds
[2024-04-24T07:29:09.134+0000] {processor.py:161} INFO - Started process (PID=396) to work on /home/airflow/.local/lib/python3.12/site-packages/airflow/example_dags/example_task_group.py
[2024-04-24T07:29:09.136+0000] {processor.py:830} INFO - Processing file /home/airflow/.local/lib/python3.12/site-packages/airflow/example_dags/example_task_group.py for tasks to queue
[2024-04-24T07:29:09.138+0000] {logging_mixin.py:188} INFO - [2024-04-24T07:29:09.138+0000] {dagbag.py:540} INFO - Filling up the DagBag from /home/airflow/.local/lib/python3.12/site-packages/airflow/example_dags/example_task_group.py
[2024-04-24T07:29:09.154+0000] {processor.py:840} INFO - DAG(s) 'example_task_group' retrieved from /home/airflow/.local/lib/python3.12/site-packages/airflow/example_dags/example_task_group.py
[2024-04-24T07:29:09.282+0000] {logging_mixin.py:188} INFO - [2024-04-24T07:29:09.282+0000] {dag.py:3096} INFO - Sync 1 DAGs
[2024-04-24T07:29:09.332+0000] {logging_mixin.py:188} INFO - [2024-04-24T07:29:09.332+0000] {dag.py:3954} INFO - Setting next_dagrun for example_task_group to 2024-04-23 00:00:00+00:00, run_after=2024-04-24 00:00:00+00:00
[2024-04-24T07:29:09.540+0000] {processor.py:183} INFO - Processing /home/airflow/.local/lib/python3.12/site-packages/airflow/example_dags/example_task_group.py took 0.413 seconds
[2024-04-24T07:29:40.441+0000] {processor.py:161} INFO - Started process (PID=453) to work on /home/airflow/.local/lib/python3.12/site-packages/airflow/example_dags/example_task_group.py
[2024-04-24T07:29:40.442+0000] {processor.py:830} INFO - Processing file /home/airflow/.local/lib/python3.12/site-packages/airflow/example_dags/example_task_group.py for tasks to queue
[2024-04-24T07:29:40.444+0000] {logging_mixin.py:188} INFO - [2024-04-24T07:29:40.444+0000] {dagbag.py:540} INFO - Filling up the DagBag from /home/airflow/.local/lib/python3.12/site-packages/airflow/example_dags/example_task_group.py
[2024-04-24T07:29:40.473+0000] {processor.py:840} INFO - DAG(s) 'example_task_group' retrieved from /home/airflow/.local/lib/python3.12/site-packages/airflow/example_dags/example_task_group.py
[2024-04-24T07:29:40.508+0000] {logging_mixin.py:188} INFO - [2024-04-24T07:29:40.508+0000] {dag.py:3096} INFO - Sync 1 DAGs
[2024-04-24T07:29:40.614+0000] {logging_mixin.py:188} INFO - [2024-04-24T07:29:40.614+0000] {dag.py:3954} INFO - Setting next_dagrun for example_task_group to 2024-04-23 00:00:00+00:00, run_after=2024-04-24 00:00:00+00:00
[2024-04-24T07:29:40.681+0000] {processor.py:183} INFO - Processing /home/airflow/.local/lib/python3.12/site-packages/airflow/example_dags/example_task_group.py took 0.252 seconds
[2024-04-24T07:30:11.449+0000] {processor.py:161} INFO - Started process (PID=511) to work on /home/airflow/.local/lib/python3.12/site-packages/airflow/example_dags/example_task_group.py
[2024-04-24T07:30:11.454+0000] {processor.py:830} INFO - Processing file /home/airflow/.local/lib/python3.12/site-packages/airflow/example_dags/example_task_group.py for tasks to queue
[2024-04-24T07:30:11.456+0000] {logging_mixin.py:188} INFO - [2024-04-24T07:30:11.456+0000] {dagbag.py:540} INFO - Filling up the DagBag from /home/airflow/.local/lib/python3.12/site-packages/airflow/example_dags/example_task_group.py
[2024-04-24T07:30:11.468+0000] {processor.py:840} INFO - DAG(s) 'example_task_group' retrieved from /home/airflow/.local/lib/python3.12/site-packages/airflow/example_dags/example_task_group.py
[2024-04-24T07:30:11.519+0000] {logging_mixin.py:188} INFO - [2024-04-24T07:30:11.518+0000] {dag.py:3096} INFO - Sync 1 DAGs
[2024-04-24T07:30:11.557+0000] {logging_mixin.py:188} INFO - [2024-04-24T07:30:11.557+0000] {dag.py:3954} INFO - Setting next_dagrun for example_task_group to 2024-04-23 00:00:00+00:00, run_after=2024-04-24 00:00:00+00:00
[2024-04-24T07:30:11.588+0000] {processor.py:183} INFO - Processing /home/airflow/.local/lib/python3.12/site-packages/airflow/example_dags/example_task_group.py took 0.183 seconds
[2024-04-24T07:30:41.763+0000] {processor.py:161} INFO - Started process (PID=569) to work on /home/airflow/.local/lib/python3.12/site-packages/airflow/example_dags/example_task_group.py
[2024-04-24T07:30:41.764+0000] {processor.py:830} INFO - Processing file /home/airflow/.local/lib/python3.12/site-packages/airflow/example_dags/example_task_group.py for tasks to queue
[2024-04-24T07:30:41.782+0000] {logging_mixin.py:188} INFO - [2024-04-24T07:30:41.782+0000] {dagbag.py:540} INFO - Filling up the DagBag from /home/airflow/.local/lib/python3.12/site-packages/airflow/example_dags/example_task_group.py
[2024-04-24T07:30:41.796+0000] {processor.py:840} INFO - DAG(s) 'example_task_group' retrieved from /home/airflow/.local/lib/python3.12/site-packages/airflow/example_dags/example_task_group.py
[2024-04-24T07:30:41.829+0000] {logging_mixin.py:188} INFO - [2024-04-24T07:30:41.829+0000] {dag.py:3096} INFO - Sync 1 DAGs
[2024-04-24T07:30:41.863+0000] {logging_mixin.py:188} INFO - [2024-04-24T07:30:41.862+0000] {dag.py:3954} INFO - Setting next_dagrun for example_task_group to 2024-04-23 00:00:00+00:00, run_after=2024-04-24 00:00:00+00:00
[2024-04-24T07:30:41.895+0000] {processor.py:183} INFO - Processing /home/airflow/.local/lib/python3.12/site-packages/airflow/example_dags/example_task_group.py took 0.141 seconds
[2024-04-24T07:34:19.977+0000] {processor.py:161} INFO - Started process (PID=37) to work on /home/airflow/.local/lib/python3.12/site-packages/airflow/example_dags/example_task_group.py
[2024-04-24T07:34:19.983+0000] {processor.py:830} INFO - Processing file /home/airflow/.local/lib/python3.12/site-packages/airflow/example_dags/example_task_group.py for tasks to queue
[2024-04-24T07:34:20.011+0000] {logging_mixin.py:188} INFO - [2024-04-24T07:34:20.002+0000] {dagbag.py:540} INFO - Filling up the DagBag from /home/airflow/.local/lib/python3.12/site-packages/airflow/example_dags/example_task_group.py
[2024-04-24T07:34:20.376+0000] {processor.py:840} INFO - DAG(s) 'example_task_group' retrieved from /home/airflow/.local/lib/python3.12/site-packages/airflow/example_dags/example_task_group.py
[2024-04-24T07:34:26.847+0000] {logging_mixin.py:188} INFO - [2024-04-24T07:34:26.836+0000] {dag.py:3096} INFO - Sync 1 DAGs
[2024-04-24T07:34:27.000+0000] {logging_mixin.py:188} INFO - [2024-04-24T07:34:26.998+0000] {dag.py:3954} INFO - Setting next_dagrun for example_task_group to 2024-04-23 00:00:00+00:00, run_after=2024-04-24 00:00:00+00:00
[2024-04-24T07:34:27.242+0000] {processor.py:183} INFO - Processing /home/airflow/.local/lib/python3.12/site-packages/airflow/example_dags/example_task_group.py took 7.338 seconds
