[2024-04-24T07:26:25.116+0000] {processor.py:161} INFO - Started process (PID=84) to work on /home/airflow/.local/lib/python3.12/site-packages/airflow/example_dags/example_sensors.py
[2024-04-24T07:26:25.117+0000] {processor.py:830} INFO - Processing file /home/airflow/.local/lib/python3.12/site-packages/airflow/example_dags/example_sensors.py for tasks to queue
[2024-04-24T07:26:25.120+0000] {logging_mixin.py:188} INFO - [2024-04-24T07:26:25.119+0000] {dagbag.py:540} INFO - Filling up the DagBag from /home/airflow/.local/lib/python3.12/site-packages/airflow/example_dags/example_sensors.py
[2024-04-24T07:26:25.143+0000] {processor.py:840} INFO - DAG(s) 'example_sensors' retrieved from /home/airflow/.local/lib/python3.12/site-packages/airflow/example_dags/example_sensors.py
[2024-04-24T07:26:25.452+0000] {logging_mixin.py:188} INFO - [2024-04-24T07:26:25.452+0000] {dag.py:3096} INFO - Sync 1 DAGs
[2024-04-24T07:26:25.474+0000] {logging_mixin.py:188} INFO - [2024-04-24T07:26:25.473+0000] {dag.py:3954} INFO - Setting next_dagrun for example_sensors to None, run_after=None
[2024-04-24T07:26:25.931+0000] {processor.py:183} INFO - Processing /home/airflow/.local/lib/python3.12/site-packages/airflow/example_dags/example_sensors.py took 0.832 seconds
[2024-04-24T07:26:56.883+0000] {processor.py:161} INFO - Started process (PID=143) to work on /home/airflow/.local/lib/python3.12/site-packages/airflow/example_dags/example_sensors.py
[2024-04-24T07:26:56.884+0000] {processor.py:830} INFO - Processing file /home/airflow/.local/lib/python3.12/site-packages/airflow/example_dags/example_sensors.py for tasks to queue
[2024-04-24T07:26:56.887+0000] {logging_mixin.py:188} INFO - [2024-04-24T07:26:56.886+0000] {dagbag.py:540} INFO - Filling up the DagBag from /home/airflow/.local/lib/python3.12/site-packages/airflow/example_dags/example_sensors.py
[2024-04-24T07:26:56.895+0000] {processor.py:840} INFO - DAG(s) 'example_sensors' retrieved from /home/airflow/.local/lib/python3.12/site-packages/airflow/example_dags/example_sensors.py
[2024-04-24T07:26:56.918+0000] {logging_mixin.py:188} INFO - [2024-04-24T07:26:56.918+0000] {dag.py:3096} INFO - Sync 1 DAGs
[2024-04-24T07:26:56.931+0000] {logging_mixin.py:188} INFO - [2024-04-24T07:26:56.931+0000] {dag.py:3954} INFO - Setting next_dagrun for example_sensors to None, run_after=None
[2024-04-24T07:26:56.950+0000] {processor.py:183} INFO - Processing /home/airflow/.local/lib/python3.12/site-packages/airflow/example_dags/example_sensors.py took 0.074 seconds
[2024-04-24T07:27:27.179+0000] {processor.py:161} INFO - Started process (PID=201) to work on /home/airflow/.local/lib/python3.12/site-packages/airflow/example_dags/example_sensors.py
[2024-04-24T07:27:27.180+0000] {processor.py:830} INFO - Processing file /home/airflow/.local/lib/python3.12/site-packages/airflow/example_dags/example_sensors.py for tasks to queue
[2024-04-24T07:27:27.183+0000] {logging_mixin.py:188} INFO - [2024-04-24T07:27:27.182+0000] {dagbag.py:540} INFO - Filling up the DagBag from /home/airflow/.local/lib/python3.12/site-packages/airflow/example_dags/example_sensors.py
[2024-04-24T07:27:27.194+0000] {processor.py:840} INFO - DAG(s) 'example_sensors' retrieved from /home/airflow/.local/lib/python3.12/site-packages/airflow/example_dags/example_sensors.py
[2024-04-24T07:27:27.222+0000] {logging_mixin.py:188} INFO - [2024-04-24T07:27:27.222+0000] {dag.py:3096} INFO - Sync 1 DAGs
[2024-04-24T07:27:27.235+0000] {logging_mixin.py:188} INFO - [2024-04-24T07:27:27.234+0000] {dag.py:3954} INFO - Setting next_dagrun for example_sensors to None, run_after=None
[2024-04-24T07:27:27.255+0000] {processor.py:183} INFO - Processing /home/airflow/.local/lib/python3.12/site-packages/airflow/example_dags/example_sensors.py took 0.083 seconds
[2024-04-24T07:27:58.127+0000] {processor.py:161} INFO - Started process (PID=259) to work on /home/airflow/.local/lib/python3.12/site-packages/airflow/example_dags/example_sensors.py
[2024-04-24T07:27:58.133+0000] {processor.py:830} INFO - Processing file /home/airflow/.local/lib/python3.12/site-packages/airflow/example_dags/example_sensors.py for tasks to queue
[2024-04-24T07:27:58.137+0000] {logging_mixin.py:188} INFO - [2024-04-24T07:27:58.136+0000] {dagbag.py:540} INFO - Filling up the DagBag from /home/airflow/.local/lib/python3.12/site-packages/airflow/example_dags/example_sensors.py
[2024-04-24T07:27:58.152+0000] {processor.py:840} INFO - DAG(s) 'example_sensors' retrieved from /home/airflow/.local/lib/python3.12/site-packages/airflow/example_dags/example_sensors.py
[2024-04-24T07:27:58.246+0000] {logging_mixin.py:188} INFO - [2024-04-24T07:27:58.246+0000] {dag.py:3096} INFO - Sync 1 DAGs
[2024-04-24T07:27:58.341+0000] {logging_mixin.py:188} INFO - [2024-04-24T07:27:58.341+0000] {dag.py:3954} INFO - Setting next_dagrun for example_sensors to None, run_after=None
[2024-04-24T07:27:58.442+0000] {processor.py:183} INFO - Processing /home/airflow/.local/lib/python3.12/site-packages/airflow/example_dags/example_sensors.py took 0.331 seconds
[2024-04-24T07:28:28.862+0000] {processor.py:161} INFO - Started process (PID=318) to work on /home/airflow/.local/lib/python3.12/site-packages/airflow/example_dags/example_sensors.py
[2024-04-24T07:28:28.869+0000] {processor.py:830} INFO - Processing file /home/airflow/.local/lib/python3.12/site-packages/airflow/example_dags/example_sensors.py for tasks to queue
[2024-04-24T07:28:28.886+0000] {logging_mixin.py:188} INFO - [2024-04-24T07:28:28.885+0000] {dagbag.py:540} INFO - Filling up the DagBag from /home/airflow/.local/lib/python3.12/site-packages/airflow/example_dags/example_sensors.py
[2024-04-24T07:28:28.914+0000] {processor.py:840} INFO - DAG(s) 'example_sensors' retrieved from /home/airflow/.local/lib/python3.12/site-packages/airflow/example_dags/example_sensors.py
[2024-04-24T07:28:28.969+0000] {logging_mixin.py:188} INFO - [2024-04-24T07:28:28.969+0000] {dag.py:3096} INFO - Sync 1 DAGs
[2024-04-24T07:28:28.985+0000] {logging_mixin.py:188} INFO - [2024-04-24T07:28:28.985+0000] {dag.py:3954} INFO - Setting next_dagrun for example_sensors to None, run_after=None
[2024-04-24T07:28:29.012+0000] {processor.py:183} INFO - Processing /home/airflow/.local/lib/python3.12/site-packages/airflow/example_dags/example_sensors.py took 0.194 seconds
[2024-04-24T07:28:59.632+0000] {processor.py:161} INFO - Started process (PID=376) to work on /home/airflow/.local/lib/python3.12/site-packages/airflow/example_dags/example_sensors.py
[2024-04-24T07:28:59.633+0000] {processor.py:830} INFO - Processing file /home/airflow/.local/lib/python3.12/site-packages/airflow/example_dags/example_sensors.py for tasks to queue
[2024-04-24T07:28:59.636+0000] {logging_mixin.py:188} INFO - [2024-04-24T07:28:59.635+0000] {dagbag.py:540} INFO - Filling up the DagBag from /home/airflow/.local/lib/python3.12/site-packages/airflow/example_dags/example_sensors.py
[2024-04-24T07:28:59.648+0000] {processor.py:840} INFO - DAG(s) 'example_sensors' retrieved from /home/airflow/.local/lib/python3.12/site-packages/airflow/example_dags/example_sensors.py
[2024-04-24T07:28:59.665+0000] {logging_mixin.py:188} INFO - [2024-04-24T07:28:59.665+0000] {dag.py:3096} INFO - Sync 1 DAGs
[2024-04-24T07:28:59.682+0000] {logging_mixin.py:188} INFO - [2024-04-24T07:28:59.681+0000] {dag.py:3954} INFO - Setting next_dagrun for example_sensors to None, run_after=None
[2024-04-24T07:28:59.701+0000] {processor.py:183} INFO - Processing /home/airflow/.local/lib/python3.12/site-packages/airflow/example_dags/example_sensors.py took 0.078 seconds
[2024-04-24T07:29:30.815+0000] {processor.py:161} INFO - Started process (PID=434) to work on /home/airflow/.local/lib/python3.12/site-packages/airflow/example_dags/example_sensors.py
[2024-04-24T07:29:30.817+0000] {processor.py:830} INFO - Processing file /home/airflow/.local/lib/python3.12/site-packages/airflow/example_dags/example_sensors.py for tasks to queue
[2024-04-24T07:29:30.831+0000] {logging_mixin.py:188} INFO - [2024-04-24T07:29:30.822+0000] {dagbag.py:540} INFO - Filling up the DagBag from /home/airflow/.local/lib/python3.12/site-packages/airflow/example_dags/example_sensors.py
[2024-04-24T07:29:30.898+0000] {processor.py:840} INFO - DAG(s) 'example_sensors' retrieved from /home/airflow/.local/lib/python3.12/site-packages/airflow/example_dags/example_sensors.py
[2024-04-24T07:29:31.453+0000] {logging_mixin.py:188} INFO - [2024-04-24T07:29:31.453+0000] {dag.py:3096} INFO - Sync 1 DAGs
[2024-04-24T07:29:31.479+0000] {logging_mixin.py:188} INFO - [2024-04-24T07:29:31.478+0000] {dag.py:3954} INFO - Setting next_dagrun for example_sensors to None, run_after=None
[2024-04-24T07:29:31.514+0000] {processor.py:183} INFO - Processing /home/airflow/.local/lib/python3.12/site-packages/airflow/example_dags/example_sensors.py took 0.733 seconds
[2024-04-24T07:30:02.284+0000] {processor.py:161} INFO - Started process (PID=493) to work on /home/airflow/.local/lib/python3.12/site-packages/airflow/example_dags/example_sensors.py
[2024-04-24T07:30:02.286+0000] {processor.py:830} INFO - Processing file /home/airflow/.local/lib/python3.12/site-packages/airflow/example_dags/example_sensors.py for tasks to queue
[2024-04-24T07:30:02.288+0000] {logging_mixin.py:188} INFO - [2024-04-24T07:30:02.288+0000] {dagbag.py:540} INFO - Filling up the DagBag from /home/airflow/.local/lib/python3.12/site-packages/airflow/example_dags/example_sensors.py
[2024-04-24T07:30:02.302+0000] {processor.py:840} INFO - DAG(s) 'example_sensors' retrieved from /home/airflow/.local/lib/python3.12/site-packages/airflow/example_dags/example_sensors.py
[2024-04-24T07:30:02.340+0000] {logging_mixin.py:188} INFO - [2024-04-24T07:30:02.340+0000] {dag.py:3096} INFO - Sync 1 DAGs
[2024-04-24T07:30:02.359+0000] {logging_mixin.py:188} INFO - [2024-04-24T07:30:02.359+0000] {dag.py:3954} INFO - Setting next_dagrun for example_sensors to None, run_after=None
[2024-04-24T07:30:02.385+0000] {processor.py:183} INFO - Processing /home/airflow/.local/lib/python3.12/site-packages/airflow/example_dags/example_sensors.py took 0.120 seconds
[2024-04-24T07:30:32.609+0000] {processor.py:161} INFO - Started process (PID=548) to work on /home/airflow/.local/lib/python3.12/site-packages/airflow/example_dags/example_sensors.py
[2024-04-24T07:30:32.610+0000] {processor.py:830} INFO - Processing file /home/airflow/.local/lib/python3.12/site-packages/airflow/example_dags/example_sensors.py for tasks to queue
[2024-04-24T07:30:32.613+0000] {logging_mixin.py:188} INFO - [2024-04-24T07:30:32.613+0000] {dagbag.py:540} INFO - Filling up the DagBag from /home/airflow/.local/lib/python3.12/site-packages/airflow/example_dags/example_sensors.py
[2024-04-24T07:30:32.639+0000] {processor.py:840} INFO - DAG(s) 'example_sensors' retrieved from /home/airflow/.local/lib/python3.12/site-packages/airflow/example_dags/example_sensors.py
[2024-04-24T07:30:32.660+0000] {logging_mixin.py:188} INFO - [2024-04-24T07:30:32.659+0000] {dag.py:3096} INFO - Sync 1 DAGs
[2024-04-24T07:30:32.696+0000] {logging_mixin.py:188} INFO - [2024-04-24T07:30:32.695+0000] {dag.py:3954} INFO - Setting next_dagrun for example_sensors to None, run_after=None
[2024-04-24T07:30:32.726+0000] {processor.py:183} INFO - Processing /home/airflow/.local/lib/python3.12/site-packages/airflow/example_dags/example_sensors.py took 0.144 seconds
[2024-04-24T07:31:03.208+0000] {processor.py:161} INFO - Started process (PID=608) to work on /home/airflow/.local/lib/python3.12/site-packages/airflow/example_dags/example_sensors.py
[2024-04-24T07:31:03.210+0000] {processor.py:830} INFO - Processing file /home/airflow/.local/lib/python3.12/site-packages/airflow/example_dags/example_sensors.py for tasks to queue
[2024-04-24T07:31:03.212+0000] {logging_mixin.py:188} INFO - [2024-04-24T07:31:03.212+0000] {dagbag.py:540} INFO - Filling up the DagBag from /home/airflow/.local/lib/python3.12/site-packages/airflow/example_dags/example_sensors.py
[2024-04-24T07:31:03.224+0000] {processor.py:840} INFO - DAG(s) 'example_sensors' retrieved from /home/airflow/.local/lib/python3.12/site-packages/airflow/example_dags/example_sensors.py
[2024-04-24T07:31:04.170+0000] {logging_mixin.py:188} INFO - [2024-04-24T07:31:04.162+0000] {dag.py:3096} INFO - Sync 1 DAGs
[2024-04-24T07:31:04.220+0000] {logging_mixin.py:188} INFO - [2024-04-24T07:31:04.219+0000] {dag.py:3954} INFO - Setting next_dagrun for example_sensors to None, run_after=None
[2024-04-24T07:31:04.358+0000] {processor.py:183} INFO - Processing /home/airflow/.local/lib/python3.12/site-packages/airflow/example_dags/example_sensors.py took 1.157 seconds
