[2024-04-16T11:58:40.121+0000] {local_task_job_runner.py:120} INFO - ::group::Pre task execution logs
[2024-04-16T11:58:40.266+0000] {taskinstance.py:2073} INFO - Dependencies all met for dep_context=non-requeueable deps ti=<TaskInstance: hello_airflow_dag.mkdir_about_us scheduled__2024-04-15T00:00:00+00:00 [queued]>
[2024-04-16T11:58:40.367+0000] {taskinstance.py:2073} INFO - Dependencies all met for dep_context=requeueable deps ti=<TaskInstance: hello_airflow_dag.mkdir_about_us scheduled__2024-04-15T00:00:00+00:00 [queued]>
[2024-04-16T11:58:40.383+0000] {taskinstance.py:2303} INFO - Starting attempt 1 of 6
[2024-04-16T11:58:40.488+0000] {taskinstance.py:2327} INFO - Executing <Task(BashOperator): mkdir_about_us> on 2024-04-15 00:00:00+00:00
[2024-04-16T11:58:40.558+0000] {warnings.py:110} WARNING - /home/***/.local/lib/python3.12/site-packages/***/task/task_runner/standard_task_runner.py:61: DeprecationWarning: This process (pid=68) is multi-threaded, use of fork() may lead to deadlocks in the child.
  pid = os.fork()

[2024-04-16T11:58:40.596+0000] {standard_task_runner.py:63} INFO - Started process 73 to run task
[2024-04-16T11:58:40.583+0000] {standard_task_runner.py:90} INFO - Running: ['***', 'tasks', 'run', 'hello_***_dag', 'mkdir_about_us', 'scheduled__2024-04-15T00:00:00+00:00', '--job-id', '79', '--raw', '--subdir', 'DAGS_FOLDER/hello_***_dag.py', '--cfg-path', '/tmp/tmpznr3b5uo']
[2024-04-16T11:58:40.603+0000] {standard_task_runner.py:91} INFO - Job 79: Subtask mkdir_about_us
[2024-04-16T11:58:40.761+0000] {task_command.py:426} INFO - Running <TaskInstance: hello_airflow_dag.mkdir_about_us scheduled__2024-04-15T00:00:00+00:00 [running]> on host 8054b3face16
[2024-04-16T11:58:41.157+0000] {taskinstance.py:2644} INFO - Exporting env vars: AIRFLOW_CTX_DAG_OWNER='yazid' AIRFLOW_CTX_DAG_ID='hello_***_dag' AIRFLOW_CTX_TASK_ID='mkdir_about_us' AIRFLOW_CTX_EXECUTION_DATE='2024-04-15T00:00:00+00:00' AIRFLOW_CTX_TRY_NUMBER='1' AIRFLOW_CTX_DAG_RUN_ID='scheduled__2024-04-15T00:00:00+00:00'
[2024-04-16T11:58:41.162+0000] {taskinstance.py:430} INFO - ::endgroup::
[2024-04-16T11:58:41.224+0000] {subprocess.py:63} INFO - Tmp dir root location: /tmp
[2024-04-16T11:58:41.236+0000] {subprocess.py:75} INFO - Running command: ['/usr/bin/bash', '-c', 'mkdir -p /opt/***/dags/about_us']
[2024-04-16T11:58:41.304+0000] {subprocess.py:86} INFO - Output:
[2024-04-16T11:58:41.482+0000] {subprocess.py:97} INFO - Command exited with return code 0
[2024-04-16T11:58:41.503+0000] {taskinstance.py:441} INFO - ::group::Post task execution logs
[2024-04-16T11:58:41.600+0000] {taskinstance.py:1205} INFO - Marking task as SUCCESS. dag_id=hello_***_dag, task_id=mkdir_about_us, execution_date=20240415T000000, start_date=20240416T115840, end_date=20240416T115841
[2024-04-16T11:58:41.813+0000] {local_task_job_runner.py:240} INFO - Task exited with return code 0
[2024-04-16T11:58:41.918+0000] {taskinstance.py:3482} INFO - 1 downstream tasks scheduled from follow-on schedule check
[2024-04-16T11:58:41.943+0000] {local_task_job_runner.py:222} INFO - ::endgroup::
