[2024-04-15T15:36:00.432+0000] {local_task_job_runner.py:120} INFO - ::group::Pre task execution logs
[2024-04-15T15:36:00.473+0000] {taskinstance.py:2073} INFO - Dependencies all met for dep_context=non-requeueable deps ti=<TaskInstance: hello_airflow_dag.mkdir_our_work scheduled__2024-04-14T00:00:00+00:00 [queued]>
[2024-04-15T15:36:00.494+0000] {taskinstance.py:2073} INFO - Dependencies all met for dep_context=requeueable deps ti=<TaskInstance: hello_airflow_dag.mkdir_our_work scheduled__2024-04-14T00:00:00+00:00 [queued]>
[2024-04-15T15:36:00.495+0000] {taskinstance.py:2303} INFO - Starting attempt 2 of 6
[2024-04-15T15:36:00.529+0000] {taskinstance.py:2327} INFO - Executing <Task(BashOperator): mkdir_our_work> on 2024-04-14 00:00:00+00:00
[2024-04-15T15:36:00.544+0000] {warnings.py:110} WARNING - /home/***/.local/lib/python3.12/site-packages/***/task/task_runner/standard_task_runner.py:61: DeprecationWarning: This process (pid=1161) is multi-threaded, use of fork() may lead to deadlocks in the child.
  pid = os.fork()

[2024-04-15T15:36:00.546+0000] {standard_task_runner.py:63} INFO - Started process 1165 to run task
[2024-04-15T15:36:00.547+0000] {standard_task_runner.py:90} INFO - Running: ['***', 'tasks', 'run', 'hello_***_dag', 'mkdir_our_work', 'scheduled__2024-04-14T00:00:00+00:00', '--job-id', '40', '--raw', '--subdir', 'DAGS_FOLDER/hello_***_dag.py', '--cfg-path', '/tmp/tmper3r4r3r']
[2024-04-15T15:36:00.552+0000] {standard_task_runner.py:91} INFO - Job 40: Subtask mkdir_our_work
[2024-04-15T15:36:00.763+0000] {task_command.py:426} INFO - Running <TaskInstance: hello_airflow_dag.mkdir_our_work scheduled__2024-04-14T00:00:00+00:00 [running]> on host ead826da457c
[2024-04-15T15:36:01.117+0000] {taskinstance.py:2644} INFO - Exporting env vars: AIRFLOW_CTX_DAG_OWNER='yazid' AIRFLOW_CTX_DAG_ID='hello_***_dag' AIRFLOW_CTX_TASK_ID='mkdir_our_work' AIRFLOW_CTX_EXECUTION_DATE='2024-04-14T00:00:00+00:00' AIRFLOW_CTX_TRY_NUMBER='2' AIRFLOW_CTX_DAG_RUN_ID='scheduled__2024-04-14T00:00:00+00:00'
[2024-04-15T15:36:01.144+0000] {taskinstance.py:430} INFO - ::endgroup::
[2024-04-15T15:36:01.145+0000] {subprocess.py:63} INFO - Tmp dir root location: /tmp
[2024-04-15T15:36:01.161+0000] {subprocess.py:75} INFO - Running command: ['/usr/bin/bash', '-c', 'mkdir -p /opt/***/dags/our_works']
[2024-04-15T15:36:01.206+0000] {subprocess.py:86} INFO - Output:
[2024-04-15T15:36:01.234+0000] {subprocess.py:97} INFO - Command exited with return code 0
[2024-04-15T15:36:01.236+0000] {taskinstance.py:441} INFO - ::group::Post task execution logs
[2024-04-15T15:36:01.317+0000] {taskinstance.py:1205} INFO - Marking task as SUCCESS. dag_id=hello_***_dag, task_id=mkdir_our_work, execution_date=20240414T000000, start_date=20240415T153600, end_date=20240415T153601
[2024-04-15T15:36:01.419+0000] {local_task_job_runner.py:240} INFO - Task exited with return code 0
[2024-04-15T15:36:01.464+0000] {taskinstance.py:3482} INFO - 1 downstream tasks scheduled from follow-on schedule check
[2024-04-15T15:36:01.472+0000] {local_task_job_runner.py:222} INFO - ::endgroup::
