[2024-04-15T14:54:22.238+0000] {local_task_job_runner.py:120} INFO - ::group::Pre task execution logs
[2024-04-15T14:54:22.263+0000] {taskinstance.py:2073} INFO - Dependencies all met for dep_context=non-requeueable deps ti=<TaskInstance: hello_airflow_dag.start_task scheduled__2024-04-14T00:00:00+00:00 [queued]>
[2024-04-15T14:54:22.274+0000] {taskinstance.py:2073} INFO - Dependencies all met for dep_context=requeueable deps ti=<TaskInstance: hello_airflow_dag.start_task scheduled__2024-04-14T00:00:00+00:00 [queued]>
[2024-04-15T14:54:22.275+0000] {taskinstance.py:2303} INFO - Starting attempt 2 of 11
[2024-04-15T14:54:22.292+0000] {taskinstance.py:2327} INFO - Executing <Task(BashOperator): start_task> on 2024-04-14 00:00:00+00:00
[2024-04-15T14:54:22.302+0000] {warnings.py:110} WARNING - /home/***/.local/lib/python3.12/site-packages/***/task/task_runner/standard_task_runner.py:61: DeprecationWarning: This process (pid=752) is multi-threaded, use of fork() may lead to deadlocks in the child.
  pid = os.fork()

[2024-04-15T14:54:22.307+0000] {standard_task_runner.py:63} INFO - Started process 756 to run task
[2024-04-15T14:54:22.305+0000] {standard_task_runner.py:90} INFO - Running: ['***', 'tasks', 'run', 'hello_***_dag', 'start_task', 'scheduled__2024-04-14T00:00:00+00:00', '--job-id', '17', '--raw', '--subdir', 'DAGS_FOLDER/hello_***_dag.py', '--cfg-path', '/tmp/tmpvimjab1_']
[2024-04-15T14:54:22.307+0000] {standard_task_runner.py:91} INFO - Job 17: Subtask start_task
[2024-04-15T14:54:22.393+0000] {task_command.py:426} INFO - Running <TaskInstance: hello_airflow_dag.start_task scheduled__2024-04-14T00:00:00+00:00 [running]> on host ead826da457c
[2024-04-15T14:54:22.544+0000] {taskinstance.py:2644} INFO - Exporting env vars: AIRFLOW_CTX_DAG_OWNER='yazid' AIRFLOW_CTX_DAG_ID='hello_***_dag' AIRFLOW_CTX_TASK_ID='start_task' AIRFLOW_CTX_EXECUTION_DATE='2024-04-14T00:00:00+00:00' AIRFLOW_CTX_TRY_NUMBER='2' AIRFLOW_CTX_DAG_RUN_ID='scheduled__2024-04-14T00:00:00+00:00'
[2024-04-15T14:54:22.551+0000] {taskinstance.py:430} INFO - ::endgroup::
[2024-04-15T14:54:22.562+0000] {subprocess.py:63} INFO - Tmp dir root location: /tmp
[2024-04-15T14:54:22.563+0000] {subprocess.py:75} INFO - Running command: ['/usr/bin/bash', '-c', 'echo "hello ***"']
[2024-04-15T14:54:22.585+0000] {subprocess.py:86} INFO - Output:
[2024-04-15T14:54:22.595+0000] {subprocess.py:93} INFO - hello ***
[2024-04-15T14:54:22.596+0000] {subprocess.py:97} INFO - Command exited with return code 0
[2024-04-15T14:54:22.597+0000] {taskinstance.py:441} INFO - ::group::Post task execution logs
[2024-04-15T14:54:22.628+0000] {taskinstance.py:1205} INFO - Marking task as SUCCESS. dag_id=hello_***_dag, task_id=start_task, execution_date=20240414T000000, start_date=20240415T145422, end_date=20240415T145422
[2024-04-15T14:54:22.685+0000] {local_task_job_runner.py:240} INFO - Task exited with return code 0
[2024-04-15T14:54:22.727+0000] {taskinstance.py:3482} INFO - 2 downstream tasks scheduled from follow-on schedule check
[2024-04-15T14:54:22.730+0000] {local_task_job_runner.py:222} INFO - ::endgroup::
