[2024-04-19T18:47:47.479+0000] {processor.py:161} INFO - Started process (PID=1740) to work on /opt/airflow/dags/eksplorasi_data_quality_dag.py
[2024-04-19T18:47:47.481+0000] {processor.py:830} INFO - Processing file /opt/airflow/dags/eksplorasi_data_quality_dag.py for tasks to queue
[2024-04-19T18:47:47.482+0000] {logging_mixin.py:188} INFO - [2024-04-19T18:47:47.482+0000] {dagbag.py:540} INFO - Filling up the DagBag from /opt/airflow/dags/eksplorasi_data_quality_dag.py
[2024-04-19T18:47:47.896+0000] {processor.py:840} INFO - DAG(s) 'data_cleaning_workflow' retrieved from /opt/airflow/dags/eksplorasi_data_quality_dag.py
[2024-04-19T18:47:47.985+0000] {logging_mixin.py:188} INFO - [2024-04-19T18:47:47.984+0000] {dag.py:3096} INFO - Sync 1 DAGs
[2024-04-19T18:47:47.995+0000] {logging_mixin.py:188} INFO - [2024-04-19T18:47:47.995+0000] {dag.py:3954} INFO - Setting next_dagrun for data_cleaning_workflow to None, run_after=None
[2024-04-19T18:47:48.030+0000] {processor.py:183} INFO - Processing /opt/airflow/dags/eksplorasi_data_quality_dag.py took 0.557 seconds
[2024-04-19T18:48:18.412+0000] {processor.py:161} INFO - Started process (PID=1806) to work on /opt/airflow/dags/eksplorasi_data_quality_dag.py
[2024-04-19T18:48:18.413+0000] {processor.py:830} INFO - Processing file /opt/airflow/dags/eksplorasi_data_quality_dag.py for tasks to queue
[2024-04-19T18:48:18.414+0000] {logging_mixin.py:188} INFO - [2024-04-19T18:48:18.414+0000] {dagbag.py:540} INFO - Filling up the DagBag from /opt/airflow/dags/eksplorasi_data_quality_dag.py
[2024-04-19T18:48:18.771+0000] {processor.py:840} INFO - DAG(s) 'data_cleaning_workflow' retrieved from /opt/airflow/dags/eksplorasi_data_quality_dag.py
[2024-04-19T18:48:18.791+0000] {logging_mixin.py:188} INFO - [2024-04-19T18:48:18.790+0000] {dag.py:3096} INFO - Sync 1 DAGs
[2024-04-19T18:48:18.802+0000] {logging_mixin.py:188} INFO - [2024-04-19T18:48:18.802+0000] {dag.py:3954} INFO - Setting next_dagrun for data_cleaning_workflow to None, run_after=None
[2024-04-19T18:48:18.822+0000] {processor.py:183} INFO - Processing /opt/airflow/dags/eksplorasi_data_quality_dag.py took 0.416 seconds
[2024-04-19T18:48:42.664+0000] {processor.py:161} INFO - Started process (PID=1860) to work on /opt/airflow/dags/eksplorasi_data_quality_dag.py
[2024-04-19T18:48:42.666+0000] {processor.py:830} INFO - Processing file /opt/airflow/dags/eksplorasi_data_quality_dag.py for tasks to queue
[2024-04-19T18:48:42.668+0000] {logging_mixin.py:188} INFO - [2024-04-19T18:48:42.667+0000] {dagbag.py:540} INFO - Filling up the DagBag from /opt/airflow/dags/eksplorasi_data_quality_dag.py
[2024-04-19T18:48:42.689+0000] {logging_mixin.py:188} INFO - [2024-04-19T18:48:42.685+0000] {dagbag.py:350} ERROR - Failed to import: /opt/airflow/dags/eksplorasi_data_quality_dag.py
Traceback (most recent call last):
  File "/home/airflow/.local/lib/python3.12/site-packages/airflow/models/dagbag.py", line 346, in parse
    loader.exec_module(new_module)
  File "<frozen importlib._bootstrap_external>", line 991, in exec_module
  File "<frozen importlib._bootstrap_external>", line 1129, in get_code
  File "<frozen importlib._bootstrap_external>", line 1059, in source_to_code
  File "<frozen importlib._bootstrap>", line 488, in _call_with_frames_removed
  File "/opt/airflow/dags/eksplorasi_data_quality_dag.py", line 32
    output_path = os.path.join('C:\Users\yazid\OneDrive\Documents\GitHub\DE_Yazid-Ahmad-Hisyam\19_Data-Quality-and-Data-Governance', 'cleaned_data.csv')
                               ^^^^^^^^^^^^^^^^^^^^^^^^^^^^^^^^^^^^^^^^^^^^^^^^^^^^^^^^^^^^^^^^^^^^^^^^^^^^^^^^^^^^^^^^^^^^^^^^^^^^
SyntaxError: (unicode error) 'unicodeescape' codec can't decode bytes in position 2-3: truncated \UXXXXXXXX escape
[2024-04-19T18:48:42.691+0000] {processor.py:842} WARNING - No viable dags retrieved from /opt/airflow/dags/eksplorasi_data_quality_dag.py
[2024-04-19T18:48:42.749+0000] {processor.py:183} INFO - Processing /opt/airflow/dags/eksplorasi_data_quality_dag.py took 0.092 seconds
[2024-04-19T18:55:44.806+0000] {processor.py:161} INFO - Started process (PID=37) to work on /opt/airflow/dags/eksplorasi_data_quality_dag.py
[2024-04-19T18:55:45.008+0000] {processor.py:830} INFO - Processing file /opt/airflow/dags/eksplorasi_data_quality_dag.py for tasks to queue
[2024-04-19T18:55:45.125+0000] {logging_mixin.py:188} INFO - [2024-04-19T18:55:45.120+0000] {dagbag.py:540} INFO - Filling up the DagBag from /opt/airflow/dags/eksplorasi_data_quality_dag.py
[2024-04-19T18:55:45.394+0000] {logging_mixin.py:188} INFO - [2024-04-19T18:55:45.354+0000] {dagbag.py:350} ERROR - Failed to import: /opt/airflow/dags/eksplorasi_data_quality_dag.py
Traceback (most recent call last):
  File "/home/airflow/.local/lib/python3.12/site-packages/airflow/models/dagbag.py", line 346, in parse
    loader.exec_module(new_module)
  File "<frozen importlib._bootstrap_external>", line 991, in exec_module
  File "<frozen importlib._bootstrap_external>", line 1129, in get_code
  File "<frozen importlib._bootstrap_external>", line 1059, in source_to_code
  File "<frozen importlib._bootstrap>", line 488, in _call_with_frames_removed
  File "/opt/airflow/dags/eksplorasi_data_quality_dag.py", line 32
    output_path = os.path.join('C:\Users\yazid\OneDrive\Documents\GitHub\DE_Yazid-Ahmad-Hisyam\19_Data-Quality-and-Data-Governance', 'cleaned_data.csv')
                               ^^^^^^^^^^^^^^^^^^^^^^^^^^^^^^^^^^^^^^^^^^^^^^^^^^^^^^^^^^^^^^^^^^^^^^^^^^^^^^^^^^^^^^^^^^^^^^^^^^^^
SyntaxError: (unicode error) 'unicodeescape' codec can't decode bytes in position 2-3: truncated \UXXXXXXXX escape
[2024-04-19T18:55:45.405+0000] {processor.py:842} WARNING - No viable dags retrieved from /opt/airflow/dags/eksplorasi_data_quality_dag.py
[2024-04-19T18:55:45.804+0000] {processor.py:183} INFO - Processing /opt/airflow/dags/eksplorasi_data_quality_dag.py took 1.146 seconds
[2024-04-19T18:56:25.215+0000] {processor.py:161} INFO - Started process (PID=101) to work on /opt/airflow/dags/eksplorasi_data_quality_dag.py
[2024-04-19T18:56:25.225+0000] {processor.py:830} INFO - Processing file /opt/airflow/dags/eksplorasi_data_quality_dag.py for tasks to queue
[2024-04-19T18:56:25.247+0000] {logging_mixin.py:188} INFO - [2024-04-19T18:56:25.246+0000] {dagbag.py:540} INFO - Filling up the DagBag from /opt/airflow/dags/eksplorasi_data_quality_dag.py
[2024-04-19T18:56:25.307+0000] {logging_mixin.py:188} INFO - [2024-04-19T18:56:25.280+0000] {dagbag.py:350} ERROR - Failed to import: /opt/airflow/dags/eksplorasi_data_quality_dag.py
Traceback (most recent call last):
  File "/home/airflow/.local/lib/python3.12/site-packages/airflow/models/dagbag.py", line 346, in parse
    loader.exec_module(new_module)
  File "<frozen importlib._bootstrap_external>", line 991, in exec_module
  File "<frozen importlib._bootstrap_external>", line 1129, in get_code
  File "<frozen importlib._bootstrap_external>", line 1059, in source_to_code
  File "<frozen importlib._bootstrap>", line 488, in _call_with_frames_removed
  File "/opt/airflow/dags/eksplorasi_data_quality_dag.py", line 32
    output_path = os.path.join('C:\Users\yazid\OneDrive\Documents\GitHub\DE_Yazid-Ahmad-Hisyam\19_Data-Quality-and-Data-Governance', 'cleaned_data.csv')
                               ^^^^^^^^^^^^^^^^^^^^^^^^^^^^^^^^^^^^^^^^^^^^^^^^^^^^^^^^^^^^^^^^^^^^^^^^^^^^^^^^^^^^^^^^^^^^^^^^^^^^
SyntaxError: (unicode error) 'unicodeescape' codec can't decode bytes in position 2-3: truncated \UXXXXXXXX escape
[2024-04-19T18:56:25.319+0000] {processor.py:842} WARNING - No viable dags retrieved from /opt/airflow/dags/eksplorasi_data_quality_dag.py
[2024-04-19T18:56:25.881+0000] {processor.py:183} INFO - Processing /opt/airflow/dags/eksplorasi_data_quality_dag.py took 0.714 seconds
[2024-04-19T18:56:56.378+0000] {processor.py:161} INFO - Started process (PID=158) to work on /opt/airflow/dags/eksplorasi_data_quality_dag.py
[2024-04-19T18:56:56.382+0000] {processor.py:830} INFO - Processing file /opt/airflow/dags/eksplorasi_data_quality_dag.py for tasks to queue
[2024-04-19T18:56:56.384+0000] {logging_mixin.py:188} INFO - [2024-04-19T18:56:56.384+0000] {dagbag.py:540} INFO - Filling up the DagBag from /opt/airflow/dags/eksplorasi_data_quality_dag.py
[2024-04-19T18:56:56.424+0000] {logging_mixin.py:188} INFO - [2024-04-19T18:56:56.420+0000] {dagbag.py:350} ERROR - Failed to import: /opt/airflow/dags/eksplorasi_data_quality_dag.py
Traceback (most recent call last):
  File "/home/airflow/.local/lib/python3.12/site-packages/airflow/models/dagbag.py", line 346, in parse
    loader.exec_module(new_module)
  File "<frozen importlib._bootstrap_external>", line 991, in exec_module
  File "<frozen importlib._bootstrap_external>", line 1129, in get_code
  File "<frozen importlib._bootstrap_external>", line 1059, in source_to_code
  File "<frozen importlib._bootstrap>", line 488, in _call_with_frames_removed
  File "/opt/airflow/dags/eksplorasi_data_quality_dag.py", line 32
    output_path = os.path.join('C:\Users\yazid\OneDrive\Documents\GitHub\DE_Yazid-Ahmad-Hisyam\19_Data-Quality-and-Data-Governance', 'cleaned_data.csv')
                               ^^^^^^^^^^^^^^^^^^^^^^^^^^^^^^^^^^^^^^^^^^^^^^^^^^^^^^^^^^^^^^^^^^^^^^^^^^^^^^^^^^^^^^^^^^^^^^^^^^^^
SyntaxError: (unicode error) 'unicodeescape' codec can't decode bytes in position 2-3: truncated \UXXXXXXXX escape
[2024-04-19T18:56:56.427+0000] {processor.py:842} WARNING - No viable dags retrieved from /opt/airflow/dags/eksplorasi_data_quality_dag.py
[2024-04-19T18:56:56.471+0000] {processor.py:183} INFO - Processing /opt/airflow/dags/eksplorasi_data_quality_dag.py took 0.126 seconds
[2024-04-19T18:57:27.004+0000] {processor.py:161} INFO - Started process (PID=217) to work on /opt/airflow/dags/eksplorasi_data_quality_dag.py
[2024-04-19T18:57:27.007+0000] {processor.py:830} INFO - Processing file /opt/airflow/dags/eksplorasi_data_quality_dag.py for tasks to queue
[2024-04-19T18:57:27.009+0000] {logging_mixin.py:188} INFO - [2024-04-19T18:57:27.008+0000] {dagbag.py:540} INFO - Filling up the DagBag from /opt/airflow/dags/eksplorasi_data_quality_dag.py
[2024-04-19T18:57:27.028+0000] {logging_mixin.py:188} INFO - [2024-04-19T18:57:27.026+0000] {dagbag.py:350} ERROR - Failed to import: /opt/airflow/dags/eksplorasi_data_quality_dag.py
Traceback (most recent call last):
  File "/home/airflow/.local/lib/python3.12/site-packages/airflow/models/dagbag.py", line 346, in parse
    loader.exec_module(new_module)
  File "<frozen importlib._bootstrap_external>", line 991, in exec_module
  File "<frozen importlib._bootstrap_external>", line 1129, in get_code
  File "<frozen importlib._bootstrap_external>", line 1059, in source_to_code
  File "<frozen importlib._bootstrap>", line 488, in _call_with_frames_removed
  File "/opt/airflow/dags/eksplorasi_data_quality_dag.py", line 32
    output_path = os.path.join('C:\Users\yazid\OneDrive\Documents\GitHub\DE_Yazid-Ahmad-Hisyam\19_Data-Quality-and-Data-Governance', 'cleaned_data.csv')
                               ^^^^^^^^^^^^^^^^^^^^^^^^^^^^^^^^^^^^^^^^^^^^^^^^^^^^^^^^^^^^^^^^^^^^^^^^^^^^^^^^^^^^^^^^^^^^^^^^^^^^
SyntaxError: (unicode error) 'unicodeescape' codec can't decode bytes in position 2-3: truncated \UXXXXXXXX escape
[2024-04-19T18:57:27.029+0000] {processor.py:842} WARNING - No viable dags retrieved from /opt/airflow/dags/eksplorasi_data_quality_dag.py
[2024-04-19T18:57:27.053+0000] {processor.py:183} INFO - Processing /opt/airflow/dags/eksplorasi_data_quality_dag.py took 0.061 seconds
[2024-04-19T18:57:57.611+0000] {processor.py:161} INFO - Started process (PID=274) to work on /opt/airflow/dags/eksplorasi_data_quality_dag.py
[2024-04-19T18:57:57.619+0000] {processor.py:830} INFO - Processing file /opt/airflow/dags/eksplorasi_data_quality_dag.py for tasks to queue
[2024-04-19T18:57:57.628+0000] {logging_mixin.py:188} INFO - [2024-04-19T18:57:57.627+0000] {dagbag.py:540} INFO - Filling up the DagBag from /opt/airflow/dags/eksplorasi_data_quality_dag.py
[2024-04-19T18:57:57.681+0000] {logging_mixin.py:188} INFO - [2024-04-19T18:57:57.680+0000] {dagbag.py:350} ERROR - Failed to import: /opt/airflow/dags/eksplorasi_data_quality_dag.py
Traceback (most recent call last):
  File "/home/airflow/.local/lib/python3.12/site-packages/airflow/models/dagbag.py", line 346, in parse
    loader.exec_module(new_module)
  File "<frozen importlib._bootstrap_external>", line 991, in exec_module
  File "<frozen importlib._bootstrap_external>", line 1129, in get_code
  File "<frozen importlib._bootstrap_external>", line 1059, in source_to_code
  File "<frozen importlib._bootstrap>", line 488, in _call_with_frames_removed
  File "/opt/airflow/dags/eksplorasi_data_quality_dag.py", line 32
    output_path = os.path.join('C:\Users\yazid\OneDrive\Documents\GitHub\DE_Yazid-Ahmad-Hisyam\19_Data-Quality-and-Data-Governance', 'cleaned_data.csv')
                               ^^^^^^^^^^^^^^^^^^^^^^^^^^^^^^^^^^^^^^^^^^^^^^^^^^^^^^^^^^^^^^^^^^^^^^^^^^^^^^^^^^^^^^^^^^^^^^^^^^^^
SyntaxError: (unicode error) 'unicodeescape' codec can't decode bytes in position 2-3: truncated \UXXXXXXXX escape
[2024-04-19T18:57:57.683+0000] {processor.py:842} WARNING - No viable dags retrieved from /opt/airflow/dags/eksplorasi_data_quality_dag.py
[2024-04-19T18:57:57.731+0000] {processor.py:183} INFO - Processing /opt/airflow/dags/eksplorasi_data_quality_dag.py took 0.137 seconds
[2024-04-19T18:58:04.444+0000] {processor.py:161} INFO - Started process (PID=283) to work on /opt/airflow/dags/eksplorasi_data_quality_dag.py
[2024-04-19T18:58:04.445+0000] {processor.py:830} INFO - Processing file /opt/airflow/dags/eksplorasi_data_quality_dag.py for tasks to queue
[2024-04-19T18:58:04.447+0000] {logging_mixin.py:188} INFO - [2024-04-19T18:58:04.446+0000] {dagbag.py:540} INFO - Filling up the DagBag from /opt/airflow/dags/eksplorasi_data_quality_dag.py
[2024-04-19T18:58:05.131+0000] {processor.py:840} INFO - DAG(s) 'data_cleaning_workflow1' retrieved from /opt/airflow/dags/eksplorasi_data_quality_dag.py
[2024-04-19T18:58:05.262+0000] {logging_mixin.py:188} INFO - [2024-04-19T18:58:05.261+0000] {override.py:1829} INFO - Created Permission View: can read on DAG:data_cleaning_workflow1
[2024-04-19T18:58:05.276+0000] {logging_mixin.py:188} INFO - [2024-04-19T18:58:05.275+0000] {override.py:1829} INFO - Created Permission View: can delete on DAG:data_cleaning_workflow1
[2024-04-19T18:58:05.289+0000] {logging_mixin.py:188} INFO - [2024-04-19T18:58:05.289+0000] {override.py:1829} INFO - Created Permission View: can edit on DAG:data_cleaning_workflow1
[2024-04-19T18:58:05.290+0000] {logging_mixin.py:188} INFO - [2024-04-19T18:58:05.290+0000] {dag.py:3096} INFO - Sync 1 DAGs
[2024-04-19T18:58:05.303+0000] {logging_mixin.py:188} INFO - [2024-04-19T18:58:05.302+0000] {dag.py:3118} INFO - Creating ORM DAG for data_cleaning_workflow1
[2024-04-19T18:58:05.304+0000] {logging_mixin.py:188} INFO - [2024-04-19T18:58:05.303+0000] {dag.py:3954} INFO - Setting next_dagrun for data_cleaning_workflow1 to None, run_after=None
[2024-04-19T18:58:05.328+0000] {processor.py:183} INFO - Processing /opt/airflow/dags/eksplorasi_data_quality_dag.py took 0.895 seconds
[2024-04-19T18:58:36.566+0000] {processor.py:161} INFO - Started process (PID=347) to work on /opt/airflow/dags/eksplorasi_data_quality_dag.py
[2024-04-19T18:58:36.571+0000] {processor.py:830} INFO - Processing file /opt/airflow/dags/eksplorasi_data_quality_dag.py for tasks to queue
[2024-04-19T18:58:36.580+0000] {logging_mixin.py:188} INFO - [2024-04-19T18:58:36.580+0000] {dagbag.py:540} INFO - Filling up the DagBag from /opt/airflow/dags/eksplorasi_data_quality_dag.py
[2024-04-19T18:58:37.674+0000] {processor.py:840} INFO - DAG(s) 'data_cleaning_workflow1' retrieved from /opt/airflow/dags/eksplorasi_data_quality_dag.py
[2024-04-19T18:58:37.701+0000] {logging_mixin.py:188} INFO - [2024-04-19T18:58:37.700+0000] {dag.py:3096} INFO - Sync 1 DAGs
[2024-04-19T18:58:37.717+0000] {logging_mixin.py:188} INFO - [2024-04-19T18:58:37.717+0000] {dag.py:3954} INFO - Setting next_dagrun for data_cleaning_workflow1 to None, run_after=None
[2024-04-19T18:58:37.744+0000] {processor.py:183} INFO - Processing /opt/airflow/dags/eksplorasi_data_quality_dag.py took 1.185 seconds
[2024-04-19T18:59:07.985+0000] {processor.py:161} INFO - Started process (PID=406) to work on /opt/airflow/dags/eksplorasi_data_quality_dag.py
[2024-04-19T18:59:07.986+0000] {processor.py:830} INFO - Processing file /opt/airflow/dags/eksplorasi_data_quality_dag.py for tasks to queue
[2024-04-19T18:59:07.988+0000] {logging_mixin.py:188} INFO - [2024-04-19T18:59:07.988+0000] {dagbag.py:540} INFO - Filling up the DagBag from /opt/airflow/dags/eksplorasi_data_quality_dag.py
[2024-04-19T18:59:08.629+0000] {processor.py:840} INFO - DAG(s) 'data_cleaning_workflow1' retrieved from /opt/airflow/dags/eksplorasi_data_quality_dag.py
[2024-04-19T18:59:08.652+0000] {logging_mixin.py:188} INFO - [2024-04-19T18:59:08.651+0000] {dag.py:3096} INFO - Sync 1 DAGs
[2024-04-19T18:59:08.688+0000] {logging_mixin.py:188} INFO - [2024-04-19T18:59:08.688+0000] {dag.py:3954} INFO - Setting next_dagrun for data_cleaning_workflow1 to None, run_after=None
[2024-04-19T18:59:08.736+0000] {processor.py:183} INFO - Processing /opt/airflow/dags/eksplorasi_data_quality_dag.py took 0.765 seconds
[2024-04-19T18:59:38.995+0000] {processor.py:161} INFO - Started process (PID=470) to work on /opt/airflow/dags/eksplorasi_data_quality_dag.py
[2024-04-19T18:59:38.996+0000] {processor.py:830} INFO - Processing file /opt/airflow/dags/eksplorasi_data_quality_dag.py for tasks to queue
[2024-04-19T18:59:38.998+0000] {logging_mixin.py:188} INFO - [2024-04-19T18:59:38.997+0000] {dagbag.py:540} INFO - Filling up the DagBag from /opt/airflow/dags/eksplorasi_data_quality_dag.py
[2024-04-19T18:59:39.436+0000] {processor.py:840} INFO - DAG(s) 'data_cleaning_workflow1' retrieved from /opt/airflow/dags/eksplorasi_data_quality_dag.py
[2024-04-19T18:59:39.453+0000] {logging_mixin.py:188} INFO - [2024-04-19T18:59:39.452+0000] {dag.py:3096} INFO - Sync 1 DAGs
[2024-04-19T18:59:39.464+0000] {logging_mixin.py:188} INFO - [2024-04-19T18:59:39.464+0000] {dag.py:3954} INFO - Setting next_dagrun for data_cleaning_workflow1 to None, run_after=None
[2024-04-19T18:59:39.490+0000] {processor.py:183} INFO - Processing /opt/airflow/dags/eksplorasi_data_quality_dag.py took 0.503 seconds
[2024-04-19T19:00:09.633+0000] {processor.py:161} INFO - Started process (PID=530) to work on /opt/airflow/dags/eksplorasi_data_quality_dag.py
[2024-04-19T19:00:09.637+0000] {processor.py:830} INFO - Processing file /opt/airflow/dags/eksplorasi_data_quality_dag.py for tasks to queue
[2024-04-19T19:00:09.638+0000] {logging_mixin.py:188} INFO - [2024-04-19T19:00:09.638+0000] {dagbag.py:540} INFO - Filling up the DagBag from /opt/airflow/dags/eksplorasi_data_quality_dag.py
[2024-04-19T19:00:10.237+0000] {processor.py:840} INFO - DAG(s) 'data_cleaning_workflow1' retrieved from /opt/airflow/dags/eksplorasi_data_quality_dag.py
[2024-04-19T19:00:10.253+0000] {logging_mixin.py:188} INFO - [2024-04-19T19:00:10.253+0000] {dag.py:3096} INFO - Sync 1 DAGs
[2024-04-19T19:00:10.265+0000] {logging_mixin.py:188} INFO - [2024-04-19T19:00:10.265+0000] {dag.py:3954} INFO - Setting next_dagrun for data_cleaning_workflow1 to None, run_after=None
[2024-04-19T19:00:10.282+0000] {processor.py:183} INFO - Processing /opt/airflow/dags/eksplorasi_data_quality_dag.py took 0.656 seconds
[2024-04-19T19:00:40.586+0000] {processor.py:161} INFO - Started process (PID=590) to work on /opt/airflow/dags/eksplorasi_data_quality_dag.py
[2024-04-19T19:00:40.587+0000] {processor.py:830} INFO - Processing file /opt/airflow/dags/eksplorasi_data_quality_dag.py for tasks to queue
[2024-04-19T19:00:40.588+0000] {logging_mixin.py:188} INFO - [2024-04-19T19:00:40.588+0000] {dagbag.py:540} INFO - Filling up the DagBag from /opt/airflow/dags/eksplorasi_data_quality_dag.py
[2024-04-19T19:00:41.289+0000] {processor.py:840} INFO - DAG(s) 'data_cleaning_workflow1' retrieved from /opt/airflow/dags/eksplorasi_data_quality_dag.py
[2024-04-19T19:00:41.311+0000] {logging_mixin.py:188} INFO - [2024-04-19T19:00:41.309+0000] {dag.py:3096} INFO - Sync 1 DAGs
[2024-04-19T19:00:41.323+0000] {logging_mixin.py:188} INFO - [2024-04-19T19:00:41.323+0000] {dag.py:3954} INFO - Setting next_dagrun for data_cleaning_workflow1 to None, run_after=None
[2024-04-19T19:00:41.343+0000] {processor.py:183} INFO - Processing /opt/airflow/dags/eksplorasi_data_quality_dag.py took 0.763 seconds
[2024-04-19T19:01:12.067+0000] {processor.py:161} INFO - Started process (PID=653) to work on /opt/airflow/dags/eksplorasi_data_quality_dag.py
[2024-04-19T19:01:12.068+0000] {processor.py:830} INFO - Processing file /opt/airflow/dags/eksplorasi_data_quality_dag.py for tasks to queue
[2024-04-19T19:01:12.069+0000] {logging_mixin.py:188} INFO - [2024-04-19T19:01:12.069+0000] {dagbag.py:540} INFO - Filling up the DagBag from /opt/airflow/dags/eksplorasi_data_quality_dag.py
[2024-04-19T19:01:12.764+0000] {processor.py:840} INFO - DAG(s) 'data_cleaning_workflow1' retrieved from /opt/airflow/dags/eksplorasi_data_quality_dag.py
[2024-04-19T19:01:12.797+0000] {logging_mixin.py:188} INFO - [2024-04-19T19:01:12.796+0000] {dag.py:3096} INFO - Sync 1 DAGs
[2024-04-19T19:01:12.812+0000] {logging_mixin.py:188} INFO - [2024-04-19T19:01:12.812+0000] {dag.py:3954} INFO - Setting next_dagrun for data_cleaning_workflow1 to None, run_after=None
[2024-04-19T19:01:12.843+0000] {processor.py:183} INFO - Processing /opt/airflow/dags/eksplorasi_data_quality_dag.py took 0.783 seconds
[2024-04-19T19:01:43.779+0000] {processor.py:161} INFO - Started process (PID=717) to work on /opt/airflow/dags/eksplorasi_data_quality_dag.py
[2024-04-19T19:01:43.780+0000] {processor.py:830} INFO - Processing file /opt/airflow/dags/eksplorasi_data_quality_dag.py for tasks to queue
[2024-04-19T19:01:43.781+0000] {logging_mixin.py:188} INFO - [2024-04-19T19:01:43.781+0000] {dagbag.py:540} INFO - Filling up the DagBag from /opt/airflow/dags/eksplorasi_data_quality_dag.py
[2024-04-19T19:01:44.340+0000] {processor.py:840} INFO - DAG(s) 'data_cleaning_workflow1' retrieved from /opt/airflow/dags/eksplorasi_data_quality_dag.py
[2024-04-19T19:01:44.358+0000] {logging_mixin.py:188} INFO - [2024-04-19T19:01:44.358+0000] {dag.py:3096} INFO - Sync 1 DAGs
[2024-04-19T19:01:44.369+0000] {logging_mixin.py:188} INFO - [2024-04-19T19:01:44.369+0000] {dag.py:3954} INFO - Setting next_dagrun for data_cleaning_workflow1 to None, run_after=None
[2024-04-19T19:01:44.392+0000] {processor.py:183} INFO - Processing /opt/airflow/dags/eksplorasi_data_quality_dag.py took 0.623 seconds
[2024-04-19T19:02:12.299+0000] {processor.py:161} INFO - Started process (PID=769) to work on /opt/airflow/dags/eksplorasi_data_quality_dag.py
[2024-04-19T19:02:12.301+0000] {processor.py:830} INFO - Processing file /opt/airflow/dags/eksplorasi_data_quality_dag.py for tasks to queue
[2024-04-19T19:02:12.306+0000] {logging_mixin.py:188} INFO - [2024-04-19T19:02:12.301+0000] {dagbag.py:540} INFO - Filling up the DagBag from /opt/airflow/dags/eksplorasi_data_quality_dag.py
[2024-04-19T19:02:13.715+0000] {processor.py:840} INFO - DAG(s) 'data_cleaning_workflow1' retrieved from /opt/airflow/dags/eksplorasi_data_quality_dag.py
[2024-04-19T19:02:13.763+0000] {logging_mixin.py:188} INFO - [2024-04-19T19:02:13.762+0000] {dag.py:3096} INFO - Sync 1 DAGs
[2024-04-19T19:02:13.809+0000] {logging_mixin.py:188} INFO - [2024-04-19T19:02:13.808+0000] {dag.py:3954} INFO - Setting next_dagrun for data_cleaning_workflow1 to None, run_after=None
[2024-04-19T19:02:13.859+0000] {processor.py:183} INFO - Processing /opt/airflow/dags/eksplorasi_data_quality_dag.py took 1.568 seconds
[2024-04-19T19:02:43.936+0000] {processor.py:161} INFO - Started process (PID=833) to work on /opt/airflow/dags/eksplorasi_data_quality_dag.py
[2024-04-19T19:02:43.937+0000] {processor.py:830} INFO - Processing file /opt/airflow/dags/eksplorasi_data_quality_dag.py for tasks to queue
[2024-04-19T19:02:43.940+0000] {logging_mixin.py:188} INFO - [2024-04-19T19:02:43.939+0000] {dagbag.py:540} INFO - Filling up the DagBag from /opt/airflow/dags/eksplorasi_data_quality_dag.py
[2024-04-19T19:02:44.900+0000] {processor.py:840} INFO - DAG(s) 'data_cleaning_workflow1' retrieved from /opt/airflow/dags/eksplorasi_data_quality_dag.py
[2024-04-19T19:02:44.946+0000] {logging_mixin.py:188} INFO - [2024-04-19T19:02:44.945+0000] {dag.py:3096} INFO - Sync 1 DAGs
[2024-04-19T19:02:44.975+0000] {logging_mixin.py:188} INFO - [2024-04-19T19:02:44.974+0000] {dag.py:3954} INFO - Setting next_dagrun for data_cleaning_workflow1 to None, run_after=None
[2024-04-19T19:02:45.038+0000] {processor.py:183} INFO - Processing /opt/airflow/dags/eksplorasi_data_quality_dag.py took 1.111 seconds
[2024-04-19T19:02:46.504+0000] {processor.py:161} INFO - Started process (PID=840) to work on /opt/airflow/dags/eksplorasi_data_quality_dag.py
[2024-04-19T19:02:46.506+0000] {processor.py:830} INFO - Processing file /opt/airflow/dags/eksplorasi_data_quality_dag.py for tasks to queue
[2024-04-19T19:02:46.513+0000] {logging_mixin.py:188} INFO - [2024-04-19T19:02:46.510+0000] {dagbag.py:540} INFO - Filling up the DagBag from /opt/airflow/dags/eksplorasi_data_quality_dag.py
[2024-04-19T19:02:47.784+0000] {processor.py:840} INFO - DAG(s) 'data_cleaning_workflow1' retrieved from /opt/airflow/dags/eksplorasi_data_quality_dag.py
[2024-04-19T19:02:47.824+0000] {logging_mixin.py:188} INFO - [2024-04-19T19:02:47.824+0000] {dag.py:3096} INFO - Sync 1 DAGs
[2024-04-19T19:02:47.840+0000] {logging_mixin.py:188} INFO - [2024-04-19T19:02:47.839+0000] {dag.py:3954} INFO - Setting next_dagrun for data_cleaning_workflow1 to None, run_after=None
[2024-04-19T19:02:47.871+0000] {processor.py:183} INFO - Processing /opt/airflow/dags/eksplorasi_data_quality_dag.py took 1.376 seconds
[2024-04-19T19:03:18.507+0000] {processor.py:161} INFO - Started process (PID=900) to work on /opt/airflow/dags/eksplorasi_data_quality_dag.py
[2024-04-19T19:03:18.508+0000] {processor.py:830} INFO - Processing file /opt/airflow/dags/eksplorasi_data_quality_dag.py for tasks to queue
[2024-04-19T19:03:18.510+0000] {logging_mixin.py:188} INFO - [2024-04-19T19:03:18.510+0000] {dagbag.py:540} INFO - Filling up the DagBag from /opt/airflow/dags/eksplorasi_data_quality_dag.py
[2024-04-19T19:03:20.067+0000] {processor.py:840} INFO - DAG(s) 'data_cleaning_workflow1' retrieved from /opt/airflow/dags/eksplorasi_data_quality_dag.py
[2024-04-19T19:03:20.279+0000] {logging_mixin.py:188} INFO - [2024-04-19T19:03:20.278+0000] {dag.py:3096} INFO - Sync 1 DAGs
[2024-04-19T19:03:20.416+0000] {logging_mixin.py:188} INFO - [2024-04-19T19:03:20.415+0000] {dag.py:3954} INFO - Setting next_dagrun for data_cleaning_workflow1 to None, run_after=None
[2024-04-19T19:03:20.478+0000] {processor.py:183} INFO - Processing /opt/airflow/dags/eksplorasi_data_quality_dag.py took 1.981 seconds
[2024-04-19T19:03:51.336+0000] {processor.py:161} INFO - Started process (PID=960) to work on /opt/airflow/dags/eksplorasi_data_quality_dag.py
[2024-04-19T19:03:51.337+0000] {processor.py:830} INFO - Processing file /opt/airflow/dags/eksplorasi_data_quality_dag.py for tasks to queue
[2024-04-19T19:03:51.338+0000] {logging_mixin.py:188} INFO - [2024-04-19T19:03:51.337+0000] {dagbag.py:540} INFO - Filling up the DagBag from /opt/airflow/dags/eksplorasi_data_quality_dag.py
[2024-04-19T19:03:51.752+0000] {processor.py:840} INFO - DAG(s) 'data_cleaning_workflow1' retrieved from /opt/airflow/dags/eksplorasi_data_quality_dag.py
[2024-04-19T19:03:51.767+0000] {logging_mixin.py:188} INFO - [2024-04-19T19:03:51.766+0000] {dag.py:3096} INFO - Sync 1 DAGs
[2024-04-19T19:03:51.777+0000] {logging_mixin.py:188} INFO - [2024-04-19T19:03:51.777+0000] {dag.py:3954} INFO - Setting next_dagrun for data_cleaning_workflow1 to None, run_after=None
[2024-04-19T19:03:51.796+0000] {processor.py:183} INFO - Processing /opt/airflow/dags/eksplorasi_data_quality_dag.py took 0.467 seconds
[2024-04-19T19:04:21.893+0000] {processor.py:161} INFO - Started process (PID=1019) to work on /opt/airflow/dags/eksplorasi_data_quality_dag.py
[2024-04-19T19:04:21.894+0000] {processor.py:830} INFO - Processing file /opt/airflow/dags/eksplorasi_data_quality_dag.py for tasks to queue
[2024-04-19T19:04:21.895+0000] {logging_mixin.py:188} INFO - [2024-04-19T19:04:21.895+0000] {dagbag.py:540} INFO - Filling up the DagBag from /opt/airflow/dags/eksplorasi_data_quality_dag.py
[2024-04-19T19:04:22.359+0000] {processor.py:840} INFO - DAG(s) 'data_cleaning_workflow1' retrieved from /opt/airflow/dags/eksplorasi_data_quality_dag.py
[2024-04-19T19:04:22.376+0000] {logging_mixin.py:188} INFO - [2024-04-19T19:04:22.375+0000] {dag.py:3096} INFO - Sync 1 DAGs
[2024-04-19T19:04:22.387+0000] {logging_mixin.py:188} INFO - [2024-04-19T19:04:22.387+0000] {dag.py:3954} INFO - Setting next_dagrun for data_cleaning_workflow1 to None, run_after=None
[2024-04-19T19:04:22.408+0000] {processor.py:183} INFO - Processing /opt/airflow/dags/eksplorasi_data_quality_dag.py took 0.524 seconds
[2024-04-19T19:04:53.024+0000] {processor.py:161} INFO - Started process (PID=1079) to work on /opt/airflow/dags/eksplorasi_data_quality_dag.py
[2024-04-19T19:04:53.025+0000] {processor.py:830} INFO - Processing file /opt/airflow/dags/eksplorasi_data_quality_dag.py for tasks to queue
[2024-04-19T19:04:53.026+0000] {logging_mixin.py:188} INFO - [2024-04-19T19:04:53.026+0000] {dagbag.py:540} INFO - Filling up the DagBag from /opt/airflow/dags/eksplorasi_data_quality_dag.py
[2024-04-19T19:04:53.528+0000] {processor.py:840} INFO - DAG(s) 'data_cleaning_workflow1' retrieved from /opt/airflow/dags/eksplorasi_data_quality_dag.py
[2024-04-19T19:04:53.553+0000] {logging_mixin.py:188} INFO - [2024-04-19T19:04:53.553+0000] {dag.py:3096} INFO - Sync 1 DAGs
[2024-04-19T19:04:53.564+0000] {logging_mixin.py:188} INFO - [2024-04-19T19:04:53.563+0000] {dag.py:3954} INFO - Setting next_dagrun for data_cleaning_workflow1 to None, run_after=None
[2024-04-19T19:04:53.583+0000] {processor.py:183} INFO - Processing /opt/airflow/dags/eksplorasi_data_quality_dag.py took 0.565 seconds
[2024-04-19T19:05:24.539+0000] {processor.py:161} INFO - Started process (PID=1140) to work on /opt/airflow/dags/eksplorasi_data_quality_dag.py
[2024-04-19T19:05:24.540+0000] {processor.py:830} INFO - Processing file /opt/airflow/dags/eksplorasi_data_quality_dag.py for tasks to queue
[2024-04-19T19:05:24.542+0000] {logging_mixin.py:188} INFO - [2024-04-19T19:05:24.541+0000] {dagbag.py:540} INFO - Filling up the DagBag from /opt/airflow/dags/eksplorasi_data_quality_dag.py
[2024-04-19T19:05:25.047+0000] {processor.py:840} INFO - DAG(s) 'data_cleaning_workflow1' retrieved from /opt/airflow/dags/eksplorasi_data_quality_dag.py
[2024-04-19T19:05:25.071+0000] {logging_mixin.py:188} INFO - [2024-04-19T19:05:25.071+0000] {dag.py:3096} INFO - Sync 1 DAGs
[2024-04-19T19:05:25.087+0000] {logging_mixin.py:188} INFO - [2024-04-19T19:05:25.087+0000] {dag.py:3954} INFO - Setting next_dagrun for data_cleaning_workflow1 to None, run_after=None
[2024-04-19T19:05:25.110+0000] {processor.py:183} INFO - Processing /opt/airflow/dags/eksplorasi_data_quality_dag.py took 0.578 seconds
[2024-04-19T19:05:55.565+0000] {processor.py:161} INFO - Started process (PID=1200) to work on /opt/airflow/dags/eksplorasi_data_quality_dag.py
[2024-04-19T19:05:55.567+0000] {processor.py:830} INFO - Processing file /opt/airflow/dags/eksplorasi_data_quality_dag.py for tasks to queue
[2024-04-19T19:05:55.568+0000] {logging_mixin.py:188} INFO - [2024-04-19T19:05:55.568+0000] {dagbag.py:540} INFO - Filling up the DagBag from /opt/airflow/dags/eksplorasi_data_quality_dag.py
[2024-04-19T19:05:56.110+0000] {processor.py:840} INFO - DAG(s) 'data_cleaning_workflow1' retrieved from /opt/airflow/dags/eksplorasi_data_quality_dag.py
[2024-04-19T19:05:56.129+0000] {logging_mixin.py:188} INFO - [2024-04-19T19:05:56.128+0000] {dag.py:3096} INFO - Sync 1 DAGs
[2024-04-19T19:05:56.140+0000] {logging_mixin.py:188} INFO - [2024-04-19T19:05:56.140+0000] {dag.py:3954} INFO - Setting next_dagrun for data_cleaning_workflow1 to None, run_after=None
[2024-04-19T19:05:56.161+0000] {processor.py:183} INFO - Processing /opt/airflow/dags/eksplorasi_data_quality_dag.py took 0.606 seconds
[2024-04-19T19:06:26.386+0000] {processor.py:161} INFO - Started process (PID=1269) to work on /opt/airflow/dags/eksplorasi_data_quality_dag.py
[2024-04-19T19:06:26.392+0000] {processor.py:830} INFO - Processing file /opt/airflow/dags/eksplorasi_data_quality_dag.py for tasks to queue
[2024-04-19T19:06:26.395+0000] {logging_mixin.py:188} INFO - [2024-04-19T19:06:26.395+0000] {dagbag.py:540} INFO - Filling up the DagBag from /opt/airflow/dags/eksplorasi_data_quality_dag.py
[2024-04-19T19:06:26.814+0000] {processor.py:840} INFO - DAG(s) 'data_cleaning_workflow1' retrieved from /opt/airflow/dags/eksplorasi_data_quality_dag.py
[2024-04-19T19:06:26.833+0000] {logging_mixin.py:188} INFO - [2024-04-19T19:06:26.832+0000] {dag.py:3096} INFO - Sync 1 DAGs
[2024-04-19T19:06:26.846+0000] {logging_mixin.py:188} INFO - [2024-04-19T19:06:26.846+0000] {dag.py:3954} INFO - Setting next_dagrun for data_cleaning_workflow1 to None, run_after=None
[2024-04-19T19:06:26.865+0000] {processor.py:183} INFO - Processing /opt/airflow/dags/eksplorasi_data_quality_dag.py took 0.494 seconds
[2024-04-19T19:06:56.993+0000] {processor.py:161} INFO - Started process (PID=1326) to work on /opt/airflow/dags/eksplorasi_data_quality_dag.py
[2024-04-19T19:06:56.994+0000] {processor.py:830} INFO - Processing file /opt/airflow/dags/eksplorasi_data_quality_dag.py for tasks to queue
[2024-04-19T19:06:56.995+0000] {logging_mixin.py:188} INFO - [2024-04-19T19:06:56.994+0000] {dagbag.py:540} INFO - Filling up the DagBag from /opt/airflow/dags/eksplorasi_data_quality_dag.py
[2024-04-19T19:06:57.285+0000] {processor.py:840} INFO - DAG(s) 'data_cleaning_workflow1' retrieved from /opt/airflow/dags/eksplorasi_data_quality_dag.py
[2024-04-19T19:06:57.303+0000] {logging_mixin.py:188} INFO - [2024-04-19T19:06:57.303+0000] {dag.py:3096} INFO - Sync 1 DAGs
[2024-04-19T19:06:57.316+0000] {logging_mixin.py:188} INFO - [2024-04-19T19:06:57.316+0000] {dag.py:3954} INFO - Setting next_dagrun for data_cleaning_workflow1 to None, run_after=None
[2024-04-19T19:06:57.337+0000] {processor.py:183} INFO - Processing /opt/airflow/dags/eksplorasi_data_quality_dag.py took 0.350 seconds
[2024-04-19T19:07:27.398+0000] {processor.py:161} INFO - Started process (PID=1386) to work on /opt/airflow/dags/eksplorasi_data_quality_dag.py
[2024-04-19T19:07:27.400+0000] {processor.py:830} INFO - Processing file /opt/airflow/dags/eksplorasi_data_quality_dag.py for tasks to queue
[2024-04-19T19:07:27.402+0000] {logging_mixin.py:188} INFO - [2024-04-19T19:07:27.401+0000] {dagbag.py:540} INFO - Filling up the DagBag from /opt/airflow/dags/eksplorasi_data_quality_dag.py
[2024-04-19T19:07:27.853+0000] {processor.py:840} INFO - DAG(s) 'data_cleaning_workflow1' retrieved from /opt/airflow/dags/eksplorasi_data_quality_dag.py
[2024-04-19T19:07:27.880+0000] {logging_mixin.py:188} INFO - [2024-04-19T19:07:27.879+0000] {dag.py:3096} INFO - Sync 1 DAGs
[2024-04-19T19:07:27.901+0000] {logging_mixin.py:188} INFO - [2024-04-19T19:07:27.901+0000] {dag.py:3954} INFO - Setting next_dagrun for data_cleaning_workflow1 to None, run_after=None
[2024-04-19T19:07:27.920+0000] {processor.py:183} INFO - Processing /opt/airflow/dags/eksplorasi_data_quality_dag.py took 0.531 seconds
[2024-04-19T19:07:58.961+0000] {processor.py:161} INFO - Started process (PID=1446) to work on /opt/airflow/dags/eksplorasi_data_quality_dag.py
[2024-04-19T19:07:58.972+0000] {processor.py:830} INFO - Processing file /opt/airflow/dags/eksplorasi_data_quality_dag.py for tasks to queue
[2024-04-19T19:07:58.988+0000] {logging_mixin.py:188} INFO - [2024-04-19T19:07:58.985+0000] {dagbag.py:540} INFO - Filling up the DagBag from /opt/airflow/dags/eksplorasi_data_quality_dag.py
[2024-04-19T19:08:01.257+0000] {processor.py:840} INFO - DAG(s) 'data_cleaning_workflow1' retrieved from /opt/airflow/dags/eksplorasi_data_quality_dag.py
[2024-04-19T19:08:01.851+0000] {logging_mixin.py:188} INFO - [2024-04-19T19:08:01.835+0000] {dag.py:3096} INFO - Sync 1 DAGs
[2024-04-19T19:08:02.132+0000] {logging_mixin.py:188} INFO - [2024-04-19T19:08:02.131+0000] {dag.py:3954} INFO - Setting next_dagrun for data_cleaning_workflow1 to None, run_after=None
[2024-04-19T19:08:02.226+0000] {processor.py:183} INFO - Processing /opt/airflow/dags/eksplorasi_data_quality_dag.py took 3.281 seconds
[2024-04-19T19:08:33.007+0000] {processor.py:161} INFO - Started process (PID=1509) to work on /opt/airflow/dags/eksplorasi_data_quality_dag.py
[2024-04-19T19:08:33.008+0000] {processor.py:830} INFO - Processing file /opt/airflow/dags/eksplorasi_data_quality_dag.py for tasks to queue
[2024-04-19T19:08:33.010+0000] {logging_mixin.py:188} INFO - [2024-04-19T19:08:33.009+0000] {dagbag.py:540} INFO - Filling up the DagBag from /opt/airflow/dags/eksplorasi_data_quality_dag.py
[2024-04-19T19:08:33.381+0000] {processor.py:840} INFO - DAG(s) 'data_cleaning_workflow1' retrieved from /opt/airflow/dags/eksplorasi_data_quality_dag.py
[2024-04-19T19:08:33.401+0000] {logging_mixin.py:188} INFO - [2024-04-19T19:08:33.401+0000] {dag.py:3096} INFO - Sync 1 DAGs
[2024-04-19T19:08:33.416+0000] {logging_mixin.py:188} INFO - [2024-04-19T19:08:33.416+0000] {dag.py:3954} INFO - Setting next_dagrun for data_cleaning_workflow1 to None, run_after=None
[2024-04-19T19:08:33.447+0000] {processor.py:183} INFO - Processing /opt/airflow/dags/eksplorasi_data_quality_dag.py took 0.449 seconds
[2024-04-19T19:09:03.845+0000] {processor.py:161} INFO - Started process (PID=1569) to work on /opt/airflow/dags/eksplorasi_data_quality_dag.py
[2024-04-19T19:09:03.848+0000] {processor.py:830} INFO - Processing file /opt/airflow/dags/eksplorasi_data_quality_dag.py for tasks to queue
[2024-04-19T19:09:03.851+0000] {logging_mixin.py:188} INFO - [2024-04-19T19:09:03.850+0000] {dagbag.py:540} INFO - Filling up the DagBag from /opt/airflow/dags/eksplorasi_data_quality_dag.py
[2024-04-19T19:09:04.242+0000] {processor.py:840} INFO - DAG(s) 'data_cleaning_workflow1' retrieved from /opt/airflow/dags/eksplorasi_data_quality_dag.py
[2024-04-19T19:09:04.259+0000] {logging_mixin.py:188} INFO - [2024-04-19T19:09:04.259+0000] {dag.py:3096} INFO - Sync 1 DAGs
[2024-04-19T19:09:04.273+0000] {logging_mixin.py:188} INFO - [2024-04-19T19:09:04.273+0000] {dag.py:3954} INFO - Setting next_dagrun for data_cleaning_workflow1 to None, run_after=None
[2024-04-19T19:09:04.292+0000] {processor.py:183} INFO - Processing /opt/airflow/dags/eksplorasi_data_quality_dag.py took 0.455 seconds
[2024-04-19T19:09:34.437+0000] {processor.py:161} INFO - Started process (PID=1632) to work on /opt/airflow/dags/eksplorasi_data_quality_dag.py
[2024-04-19T19:09:34.438+0000] {processor.py:830} INFO - Processing file /opt/airflow/dags/eksplorasi_data_quality_dag.py for tasks to queue
[2024-04-19T19:09:34.439+0000] {logging_mixin.py:188} INFO - [2024-04-19T19:09:34.439+0000] {dagbag.py:540} INFO - Filling up the DagBag from /opt/airflow/dags/eksplorasi_data_quality_dag.py
[2024-04-19T19:09:34.877+0000] {processor.py:840} INFO - DAG(s) 'data_cleaning_workflow1' retrieved from /opt/airflow/dags/eksplorasi_data_quality_dag.py
[2024-04-19T19:09:34.894+0000] {logging_mixin.py:188} INFO - [2024-04-19T19:09:34.893+0000] {dag.py:3096} INFO - Sync 1 DAGs
[2024-04-19T19:09:34.906+0000] {logging_mixin.py:188} INFO - [2024-04-19T19:09:34.905+0000] {dag.py:3954} INFO - Setting next_dagrun for data_cleaning_workflow1 to None, run_after=None
[2024-04-19T19:09:34.925+0000] {processor.py:183} INFO - Processing /opt/airflow/dags/eksplorasi_data_quality_dag.py took 0.496 seconds
[2024-04-19T19:10:05.103+0000] {processor.py:161} INFO - Started process (PID=1695) to work on /opt/airflow/dags/eksplorasi_data_quality_dag.py
[2024-04-19T19:10:05.104+0000] {processor.py:830} INFO - Processing file /opt/airflow/dags/eksplorasi_data_quality_dag.py for tasks to queue
[2024-04-19T19:10:05.105+0000] {logging_mixin.py:188} INFO - [2024-04-19T19:10:05.105+0000] {dagbag.py:540} INFO - Filling up the DagBag from /opt/airflow/dags/eksplorasi_data_quality_dag.py
[2024-04-19T19:10:05.623+0000] {processor.py:840} INFO - DAG(s) 'data_cleaning_workflow1' retrieved from /opt/airflow/dags/eksplorasi_data_quality_dag.py
[2024-04-19T19:10:05.667+0000] {logging_mixin.py:188} INFO - [2024-04-19T19:10:05.666+0000] {dag.py:3096} INFO - Sync 1 DAGs
[2024-04-19T19:10:05.698+0000] {logging_mixin.py:188} INFO - [2024-04-19T19:10:05.698+0000] {dag.py:3954} INFO - Setting next_dagrun for data_cleaning_workflow1 to None, run_after=None
[2024-04-19T19:10:05.729+0000] {processor.py:183} INFO - Processing /opt/airflow/dags/eksplorasi_data_quality_dag.py took 0.635 seconds
[2024-04-19T19:10:36.263+0000] {processor.py:161} INFO - Started process (PID=1755) to work on /opt/airflow/dags/eksplorasi_data_quality_dag.py
[2024-04-19T19:10:36.264+0000] {processor.py:830} INFO - Processing file /opt/airflow/dags/eksplorasi_data_quality_dag.py for tasks to queue
[2024-04-19T19:10:36.265+0000] {logging_mixin.py:188} INFO - [2024-04-19T19:10:36.265+0000] {dagbag.py:540} INFO - Filling up the DagBag from /opt/airflow/dags/eksplorasi_data_quality_dag.py
[2024-04-19T19:10:36.600+0000] {processor.py:840} INFO - DAG(s) 'data_cleaning_workflow1' retrieved from /opt/airflow/dags/eksplorasi_data_quality_dag.py
[2024-04-19T19:10:36.620+0000] {logging_mixin.py:188} INFO - [2024-04-19T19:10:36.619+0000] {dag.py:3096} INFO - Sync 1 DAGs
[2024-04-19T19:10:36.636+0000] {logging_mixin.py:188} INFO - [2024-04-19T19:10:36.636+0000] {dag.py:3954} INFO - Setting next_dagrun for data_cleaning_workflow1 to None, run_after=None
[2024-04-19T19:10:36.658+0000] {processor.py:183} INFO - Processing /opt/airflow/dags/eksplorasi_data_quality_dag.py took 0.402 seconds
[2024-04-19T19:11:06.899+0000] {processor.py:161} INFO - Started process (PID=1815) to work on /opt/airflow/dags/eksplorasi_data_quality_dag.py
[2024-04-19T19:11:06.901+0000] {processor.py:830} INFO - Processing file /opt/airflow/dags/eksplorasi_data_quality_dag.py for tasks to queue
[2024-04-19T19:11:06.903+0000] {logging_mixin.py:188} INFO - [2024-04-19T19:11:06.903+0000] {dagbag.py:540} INFO - Filling up the DagBag from /opt/airflow/dags/eksplorasi_data_quality_dag.py
[2024-04-19T19:11:07.282+0000] {processor.py:840} INFO - DAG(s) 'data_cleaning_workflow1' retrieved from /opt/airflow/dags/eksplorasi_data_quality_dag.py
[2024-04-19T19:11:07.301+0000] {logging_mixin.py:188} INFO - [2024-04-19T19:11:07.301+0000] {dag.py:3096} INFO - Sync 1 DAGs
[2024-04-19T19:11:07.315+0000] {logging_mixin.py:188} INFO - [2024-04-19T19:11:07.315+0000] {dag.py:3954} INFO - Setting next_dagrun for data_cleaning_workflow1 to None, run_after=None
[2024-04-19T19:11:07.340+0000] {processor.py:183} INFO - Processing /opt/airflow/dags/eksplorasi_data_quality_dag.py took 0.453 seconds
[2024-04-19T19:11:38.092+0000] {processor.py:161} INFO - Started process (PID=1876) to work on /opt/airflow/dags/eksplorasi_data_quality_dag.py
[2024-04-19T19:11:38.093+0000] {processor.py:830} INFO - Processing file /opt/airflow/dags/eksplorasi_data_quality_dag.py for tasks to queue
[2024-04-19T19:11:38.095+0000] {logging_mixin.py:188} INFO - [2024-04-19T19:11:38.094+0000] {dagbag.py:540} INFO - Filling up the DagBag from /opt/airflow/dags/eksplorasi_data_quality_dag.py
[2024-04-19T19:11:38.444+0000] {processor.py:840} INFO - DAG(s) 'data_cleaning_workflow1' retrieved from /opt/airflow/dags/eksplorasi_data_quality_dag.py
[2024-04-19T19:11:38.460+0000] {logging_mixin.py:188} INFO - [2024-04-19T19:11:38.460+0000] {dag.py:3096} INFO - Sync 1 DAGs
[2024-04-19T19:11:38.472+0000] {logging_mixin.py:188} INFO - [2024-04-19T19:11:38.471+0000] {dag.py:3954} INFO - Setting next_dagrun for data_cleaning_workflow1 to None, run_after=None
[2024-04-19T19:11:38.491+0000] {processor.py:183} INFO - Processing /opt/airflow/dags/eksplorasi_data_quality_dag.py took 0.409 seconds
[2024-04-19T19:12:08.737+0000] {processor.py:161} INFO - Started process (PID=1936) to work on /opt/airflow/dags/eksplorasi_data_quality_dag.py
[2024-04-19T19:12:08.738+0000] {processor.py:830} INFO - Processing file /opt/airflow/dags/eksplorasi_data_quality_dag.py for tasks to queue
[2024-04-19T19:12:08.740+0000] {logging_mixin.py:188} INFO - [2024-04-19T19:12:08.739+0000] {dagbag.py:540} INFO - Filling up the DagBag from /opt/airflow/dags/eksplorasi_data_quality_dag.py
[2024-04-19T19:12:09.043+0000] {processor.py:840} INFO - DAG(s) 'data_cleaning_workflow1' retrieved from /opt/airflow/dags/eksplorasi_data_quality_dag.py
[2024-04-19T19:12:09.061+0000] {logging_mixin.py:188} INFO - [2024-04-19T19:12:09.060+0000] {dag.py:3096} INFO - Sync 1 DAGs
[2024-04-19T19:12:09.071+0000] {logging_mixin.py:188} INFO - [2024-04-19T19:12:09.071+0000] {dag.py:3954} INFO - Setting next_dagrun for data_cleaning_workflow1 to None, run_after=None
[2024-04-19T19:12:09.090+0000] {processor.py:183} INFO - Processing /opt/airflow/dags/eksplorasi_data_quality_dag.py took 0.361 seconds
[2024-04-19T19:12:39.720+0000] {processor.py:161} INFO - Started process (PID=1996) to work on /opt/airflow/dags/eksplorasi_data_quality_dag.py
[2024-04-19T19:12:39.722+0000] {processor.py:830} INFO - Processing file /opt/airflow/dags/eksplorasi_data_quality_dag.py for tasks to queue
[2024-04-19T19:12:39.724+0000] {logging_mixin.py:188} INFO - [2024-04-19T19:12:39.723+0000] {dagbag.py:540} INFO - Filling up the DagBag from /opt/airflow/dags/eksplorasi_data_quality_dag.py
[2024-04-19T19:12:40.151+0000] {processor.py:840} INFO - DAG(s) 'data_cleaning_workflow1' retrieved from /opt/airflow/dags/eksplorasi_data_quality_dag.py
[2024-04-19T19:12:40.185+0000] {logging_mixin.py:188} INFO - [2024-04-19T19:12:40.184+0000] {dag.py:3096} INFO - Sync 1 DAGs
[2024-04-19T19:12:40.209+0000] {logging_mixin.py:188} INFO - [2024-04-19T19:12:40.209+0000] {dag.py:3954} INFO - Setting next_dagrun for data_cleaning_workflow1 to None, run_after=None
[2024-04-19T19:12:40.233+0000] {processor.py:183} INFO - Processing /opt/airflow/dags/eksplorasi_data_quality_dag.py took 0.522 seconds
[2024-04-19T19:13:10.457+0000] {processor.py:161} INFO - Started process (PID=2056) to work on /opt/airflow/dags/eksplorasi_data_quality_dag.py
[2024-04-19T19:13:10.460+0000] {processor.py:830} INFO - Processing file /opt/airflow/dags/eksplorasi_data_quality_dag.py for tasks to queue
[2024-04-19T19:13:10.461+0000] {logging_mixin.py:188} INFO - [2024-04-19T19:13:10.461+0000] {dagbag.py:540} INFO - Filling up the DagBag from /opt/airflow/dags/eksplorasi_data_quality_dag.py
[2024-04-19T19:13:10.925+0000] {processor.py:840} INFO - DAG(s) 'data_cleaning_workflow1' retrieved from /opt/airflow/dags/eksplorasi_data_quality_dag.py
[2024-04-19T19:13:10.965+0000] {logging_mixin.py:188} INFO - [2024-04-19T19:13:10.965+0000] {dag.py:3096} INFO - Sync 1 DAGs
[2024-04-19T19:13:10.982+0000] {logging_mixin.py:188} INFO - [2024-04-19T19:13:10.982+0000] {dag.py:3954} INFO - Setting next_dagrun for data_cleaning_workflow1 to None, run_after=None
[2024-04-19T19:13:11.012+0000] {processor.py:183} INFO - Processing /opt/airflow/dags/eksplorasi_data_quality_dag.py took 0.561 seconds
[2024-04-19T19:13:41.651+0000] {processor.py:161} INFO - Started process (PID=2116) to work on /opt/airflow/dags/eksplorasi_data_quality_dag.py
[2024-04-19T19:13:41.653+0000] {processor.py:830} INFO - Processing file /opt/airflow/dags/eksplorasi_data_quality_dag.py for tasks to queue
[2024-04-19T19:13:41.655+0000] {logging_mixin.py:188} INFO - [2024-04-19T19:13:41.655+0000] {dagbag.py:540} INFO - Filling up the DagBag from /opt/airflow/dags/eksplorasi_data_quality_dag.py
[2024-04-19T19:13:42.132+0000] {processor.py:840} INFO - DAG(s) 'data_cleaning_workflow1' retrieved from /opt/airflow/dags/eksplorasi_data_quality_dag.py
[2024-04-19T19:13:42.152+0000] {logging_mixin.py:188} INFO - [2024-04-19T19:13:42.151+0000] {dag.py:3096} INFO - Sync 1 DAGs
[2024-04-19T19:13:42.164+0000] {logging_mixin.py:188} INFO - [2024-04-19T19:13:42.164+0000] {dag.py:3954} INFO - Setting next_dagrun for data_cleaning_workflow1 to None, run_after=None
[2024-04-19T19:13:42.184+0000] {processor.py:183} INFO - Processing /opt/airflow/dags/eksplorasi_data_quality_dag.py took 0.540 seconds
[2024-04-19T19:14:12.328+0000] {processor.py:161} INFO - Started process (PID=2177) to work on /opt/airflow/dags/eksplorasi_data_quality_dag.py
[2024-04-19T19:14:12.329+0000] {processor.py:830} INFO - Processing file /opt/airflow/dags/eksplorasi_data_quality_dag.py for tasks to queue
[2024-04-19T19:14:12.331+0000] {logging_mixin.py:188} INFO - [2024-04-19T19:14:12.330+0000] {dagbag.py:540} INFO - Filling up the DagBag from /opt/airflow/dags/eksplorasi_data_quality_dag.py
[2024-04-19T19:14:12.653+0000] {processor.py:840} INFO - DAG(s) 'data_cleaning_workflow1' retrieved from /opt/airflow/dags/eksplorasi_data_quality_dag.py
[2024-04-19T19:14:12.670+0000] {logging_mixin.py:188} INFO - [2024-04-19T19:14:12.670+0000] {dag.py:3096} INFO - Sync 1 DAGs
[2024-04-19T19:14:12.692+0000] {logging_mixin.py:188} INFO - [2024-04-19T19:14:12.692+0000] {dag.py:3954} INFO - Setting next_dagrun for data_cleaning_workflow1 to None, run_after=None
[2024-04-19T19:14:12.712+0000] {processor.py:183} INFO - Processing /opt/airflow/dags/eksplorasi_data_quality_dag.py took 0.393 seconds
[2024-04-19T19:14:43.313+0000] {processor.py:161} INFO - Started process (PID=2238) to work on /opt/airflow/dags/eksplorasi_data_quality_dag.py
[2024-04-19T19:14:43.317+0000] {processor.py:830} INFO - Processing file /opt/airflow/dags/eksplorasi_data_quality_dag.py for tasks to queue
[2024-04-19T19:14:43.319+0000] {logging_mixin.py:188} INFO - [2024-04-19T19:14:43.318+0000] {dagbag.py:540} INFO - Filling up the DagBag from /opt/airflow/dags/eksplorasi_data_quality_dag.py
[2024-04-19T19:14:43.827+0000] {processor.py:840} INFO - DAG(s) 'data_cleaning_workflow1' retrieved from /opt/airflow/dags/eksplorasi_data_quality_dag.py
[2024-04-19T19:14:43.860+0000] {logging_mixin.py:188} INFO - [2024-04-19T19:14:43.859+0000] {dag.py:3096} INFO - Sync 1 DAGs
[2024-04-19T19:14:43.879+0000] {logging_mixin.py:188} INFO - [2024-04-19T19:14:43.879+0000] {dag.py:3954} INFO - Setting next_dagrun for data_cleaning_workflow1 to None, run_after=None
[2024-04-19T19:14:43.922+0000] {processor.py:183} INFO - Processing /opt/airflow/dags/eksplorasi_data_quality_dag.py took 0.623 seconds
[2024-04-19T19:15:14.091+0000] {processor.py:161} INFO - Started process (PID=2300) to work on /opt/airflow/dags/eksplorasi_data_quality_dag.py
[2024-04-19T19:15:14.093+0000] {processor.py:830} INFO - Processing file /opt/airflow/dags/eksplorasi_data_quality_dag.py for tasks to queue
[2024-04-19T19:15:14.094+0000] {logging_mixin.py:188} INFO - [2024-04-19T19:15:14.094+0000] {dagbag.py:540} INFO - Filling up the DagBag from /opt/airflow/dags/eksplorasi_data_quality_dag.py
[2024-04-19T19:15:14.478+0000] {processor.py:840} INFO - DAG(s) 'data_cleaning_workflow1' retrieved from /opt/airflow/dags/eksplorasi_data_quality_dag.py
[2024-04-19T19:15:14.493+0000] {logging_mixin.py:188} INFO - [2024-04-19T19:15:14.493+0000] {dag.py:3096} INFO - Sync 1 DAGs
[2024-04-19T19:15:14.506+0000] {logging_mixin.py:188} INFO - [2024-04-19T19:15:14.506+0000] {dag.py:3954} INFO - Setting next_dagrun for data_cleaning_workflow1 to None, run_after=None
[2024-04-19T19:15:14.525+0000] {processor.py:183} INFO - Processing /opt/airflow/dags/eksplorasi_data_quality_dag.py took 0.445 seconds
[2024-04-19T19:15:44.977+0000] {processor.py:161} INFO - Started process (PID=2360) to work on /opt/airflow/dags/eksplorasi_data_quality_dag.py
[2024-04-19T19:15:44.980+0000] {processor.py:830} INFO - Processing file /opt/airflow/dags/eksplorasi_data_quality_dag.py for tasks to queue
[2024-04-19T19:15:44.982+0000] {logging_mixin.py:188} INFO - [2024-04-19T19:15:44.981+0000] {dagbag.py:540} INFO - Filling up the DagBag from /opt/airflow/dags/eksplorasi_data_quality_dag.py
[2024-04-19T19:15:45.342+0000] {processor.py:840} INFO - DAG(s) 'data_cleaning_workflow1' retrieved from /opt/airflow/dags/eksplorasi_data_quality_dag.py
[2024-04-19T19:15:45.358+0000] {logging_mixin.py:188} INFO - [2024-04-19T19:15:45.358+0000] {dag.py:3096} INFO - Sync 1 DAGs
[2024-04-19T19:15:45.370+0000] {logging_mixin.py:188} INFO - [2024-04-19T19:15:45.370+0000] {dag.py:3954} INFO - Setting next_dagrun for data_cleaning_workflow1 to None, run_after=None
[2024-04-19T19:15:45.388+0000] {processor.py:183} INFO - Processing /opt/airflow/dags/eksplorasi_data_quality_dag.py took 0.430 seconds
[2024-04-19T19:16:15.572+0000] {processor.py:161} INFO - Started process (PID=2421) to work on /opt/airflow/dags/eksplorasi_data_quality_dag.py
[2024-04-19T19:16:15.573+0000] {processor.py:830} INFO - Processing file /opt/airflow/dags/eksplorasi_data_quality_dag.py for tasks to queue
[2024-04-19T19:16:15.574+0000] {logging_mixin.py:188} INFO - [2024-04-19T19:16:15.574+0000] {dagbag.py:540} INFO - Filling up the DagBag from /opt/airflow/dags/eksplorasi_data_quality_dag.py
[2024-04-19T19:16:16.070+0000] {processor.py:840} INFO - DAG(s) 'data_cleaning_workflow1' retrieved from /opt/airflow/dags/eksplorasi_data_quality_dag.py
[2024-04-19T19:16:16.093+0000] {logging_mixin.py:188} INFO - [2024-04-19T19:16:16.092+0000] {dag.py:3096} INFO - Sync 1 DAGs
[2024-04-19T19:16:16.106+0000] {logging_mixin.py:188} INFO - [2024-04-19T19:16:16.105+0000] {dag.py:3954} INFO - Setting next_dagrun for data_cleaning_workflow1 to None, run_after=None
[2024-04-19T19:16:16.124+0000] {processor.py:183} INFO - Processing /opt/airflow/dags/eksplorasi_data_quality_dag.py took 0.560 seconds
[2024-04-19T19:16:46.988+0000] {processor.py:161} INFO - Started process (PID=2482) to work on /opt/airflow/dags/eksplorasi_data_quality_dag.py
[2024-04-19T19:16:46.989+0000] {processor.py:830} INFO - Processing file /opt/airflow/dags/eksplorasi_data_quality_dag.py for tasks to queue
[2024-04-19T19:16:46.991+0000] {logging_mixin.py:188} INFO - [2024-04-19T19:16:46.990+0000] {dagbag.py:540} INFO - Filling up the DagBag from /opt/airflow/dags/eksplorasi_data_quality_dag.py
[2024-04-19T19:16:47.363+0000] {processor.py:840} INFO - DAG(s) 'data_cleaning_workflow1' retrieved from /opt/airflow/dags/eksplorasi_data_quality_dag.py
[2024-04-19T19:16:47.391+0000] {logging_mixin.py:188} INFO - [2024-04-19T19:16:47.390+0000] {dag.py:3096} INFO - Sync 1 DAGs
[2024-04-19T19:16:47.414+0000] {logging_mixin.py:188} INFO - [2024-04-19T19:16:47.413+0000] {dag.py:3954} INFO - Setting next_dagrun for data_cleaning_workflow1 to None, run_after=None
[2024-04-19T19:16:47.444+0000] {processor.py:183} INFO - Processing /opt/airflow/dags/eksplorasi_data_quality_dag.py took 0.464 seconds
