[2024-04-19T18:37:46.424+0000] {processor.py:161} INFO - Started process (PID=581) to work on /opt/airflow/dags/eksplorasi_dag.py
[2024-04-19T18:37:46.425+0000] {processor.py:830} INFO - Processing file /opt/airflow/dags/eksplorasi_dag.py for tasks to queue
[2024-04-19T18:37:46.427+0000] {logging_mixin.py:188} INFO - [2024-04-19T18:37:46.427+0000] {dagbag.py:540} INFO - Filling up the DagBag from /opt/airflow/dags/eksplorasi_dag.py
[2024-04-19T18:37:47.018+0000] {processor.py:840} INFO - DAG(s) 'data_cleaning_workflow' retrieved from /opt/airflow/dags/eksplorasi_dag.py
[2024-04-19T18:37:47.151+0000] {logging_mixin.py:188} INFO - [2024-04-19T18:37:47.150+0000] {override.py:1829} INFO - Created Permission View: can edit on DAG:data_cleaning_workflow
[2024-04-19T18:37:47.161+0000] {logging_mixin.py:188} INFO - [2024-04-19T18:37:47.161+0000] {override.py:1829} INFO - Created Permission View: can delete on DAG:data_cleaning_workflow
[2024-04-19T18:37:47.168+0000] {logging_mixin.py:188} INFO - [2024-04-19T18:37:47.168+0000] {override.py:1829} INFO - Created Permission View: can read on DAG:data_cleaning_workflow
[2024-04-19T18:37:47.169+0000] {logging_mixin.py:188} INFO - [2024-04-19T18:37:47.169+0000] {dag.py:3096} INFO - Sync 1 DAGs
[2024-04-19T18:37:47.180+0000] {logging_mixin.py:188} INFO - [2024-04-19T18:37:47.179+0000] {dag.py:3118} INFO - Creating ORM DAG for data_cleaning_workflow
[2024-04-19T18:37:47.181+0000] {logging_mixin.py:188} INFO - [2024-04-19T18:37:47.181+0000] {dag.py:3954} INFO - Setting next_dagrun for data_cleaning_workflow to None, run_after=None
[2024-04-19T18:37:47.198+0000] {processor.py:183} INFO - Processing /opt/airflow/dags/eksplorasi_dag.py took 0.779 seconds
[2024-04-19T18:38:17.587+0000] {processor.py:161} INFO - Started process (PID=641) to work on /opt/airflow/dags/eksplorasi_dag.py
[2024-04-19T18:38:17.589+0000] {processor.py:830} INFO - Processing file /opt/airflow/dags/eksplorasi_dag.py for tasks to queue
[2024-04-19T18:38:17.591+0000] {logging_mixin.py:188} INFO - [2024-04-19T18:38:17.590+0000] {dagbag.py:540} INFO - Filling up the DagBag from /opt/airflow/dags/eksplorasi_dag.py
[2024-04-19T18:38:18.115+0000] {processor.py:840} INFO - DAG(s) 'data_cleaning_workflow' retrieved from /opt/airflow/dags/eksplorasi_dag.py
[2024-04-19T18:38:18.129+0000] {logging_mixin.py:188} INFO - [2024-04-19T18:38:18.129+0000] {dag.py:3096} INFO - Sync 1 DAGs
[2024-04-19T18:38:18.141+0000] {logging_mixin.py:188} INFO - [2024-04-19T18:38:18.141+0000] {dag.py:3954} INFO - Setting next_dagrun for data_cleaning_workflow to None, run_after=None
[2024-04-19T18:38:18.164+0000] {processor.py:183} INFO - Processing /opt/airflow/dags/eksplorasi_dag.py took 0.584 seconds
[2024-04-19T18:38:48.935+0000] {processor.py:161} INFO - Started process (PID=703) to work on /opt/airflow/dags/eksplorasi_dag.py
[2024-04-19T18:38:48.936+0000] {processor.py:830} INFO - Processing file /opt/airflow/dags/eksplorasi_dag.py for tasks to queue
[2024-04-19T18:38:48.939+0000] {logging_mixin.py:188} INFO - [2024-04-19T18:38:48.938+0000] {dagbag.py:540} INFO - Filling up the DagBag from /opt/airflow/dags/eksplorasi_dag.py
[2024-04-19T18:38:49.736+0000] {processor.py:840} INFO - DAG(s) 'data_cleaning_workflow' retrieved from /opt/airflow/dags/eksplorasi_dag.py
[2024-04-19T18:38:49.759+0000] {logging_mixin.py:188} INFO - [2024-04-19T18:38:49.759+0000] {dag.py:3096} INFO - Sync 1 DAGs
[2024-04-19T18:38:49.770+0000] {logging_mixin.py:188} INFO - [2024-04-19T18:38:49.770+0000] {dag.py:3954} INFO - Setting next_dagrun for data_cleaning_workflow to None, run_after=None
[2024-04-19T18:38:49.794+0000] {processor.py:183} INFO - Processing /opt/airflow/dags/eksplorasi_dag.py took 0.865 seconds
[2024-04-19T18:39:20.595+0000] {processor.py:161} INFO - Started process (PID=764) to work on /opt/airflow/dags/eksplorasi_dag.py
[2024-04-19T18:39:20.596+0000] {processor.py:830} INFO - Processing file /opt/airflow/dags/eksplorasi_dag.py for tasks to queue
[2024-04-19T18:39:20.599+0000] {logging_mixin.py:188} INFO - [2024-04-19T18:39:20.599+0000] {dagbag.py:540} INFO - Filling up the DagBag from /opt/airflow/dags/eksplorasi_dag.py
[2024-04-19T18:39:21.591+0000] {processor.py:840} INFO - DAG(s) 'data_cleaning_workflow' retrieved from /opt/airflow/dags/eksplorasi_dag.py
[2024-04-19T18:39:21.612+0000] {logging_mixin.py:188} INFO - [2024-04-19T18:39:21.612+0000] {dag.py:3096} INFO - Sync 1 DAGs
[2024-04-19T18:39:21.629+0000] {logging_mixin.py:188} INFO - [2024-04-19T18:39:21.629+0000] {dag.py:3954} INFO - Setting next_dagrun for data_cleaning_workflow to None, run_after=None
[2024-04-19T18:39:21.686+0000] {processor.py:183} INFO - Processing /opt/airflow/dags/eksplorasi_dag.py took 1.098 seconds
[2024-04-19T18:39:52.850+0000] {processor.py:161} INFO - Started process (PID=826) to work on /opt/airflow/dags/eksplorasi_dag.py
[2024-04-19T18:39:52.867+0000] {processor.py:830} INFO - Processing file /opt/airflow/dags/eksplorasi_dag.py for tasks to queue
[2024-04-19T18:39:52.885+0000] {logging_mixin.py:188} INFO - [2024-04-19T18:39:52.876+0000] {dagbag.py:540} INFO - Filling up the DagBag from /opt/airflow/dags/eksplorasi_dag.py
[2024-04-19T18:39:55.049+0000] {processor.py:840} INFO - DAG(s) 'data_cleaning_workflow' retrieved from /opt/airflow/dags/eksplorasi_dag.py
[2024-04-19T18:39:55.094+0000] {logging_mixin.py:188} INFO - [2024-04-19T18:39:55.093+0000] {dag.py:3096} INFO - Sync 1 DAGs
[2024-04-19T18:39:55.124+0000] {logging_mixin.py:188} INFO - [2024-04-19T18:39:55.124+0000] {dag.py:3954} INFO - Setting next_dagrun for data_cleaning_workflow to None, run_after=None
[2024-04-19T18:39:55.202+0000] {processor.py:183} INFO - Processing /opt/airflow/dags/eksplorasi_dag.py took 2.352 seconds
[2024-04-19T18:40:25.408+0000] {processor.py:161} INFO - Started process (PID=891) to work on /opt/airflow/dags/eksplorasi_dag.py
[2024-04-19T18:40:25.409+0000] {processor.py:830} INFO - Processing file /opt/airflow/dags/eksplorasi_dag.py for tasks to queue
[2024-04-19T18:40:25.411+0000] {logging_mixin.py:188} INFO - [2024-04-19T18:40:25.411+0000] {dagbag.py:540} INFO - Filling up the DagBag from /opt/airflow/dags/eksplorasi_dag.py
[2024-04-19T18:40:26.101+0000] {processor.py:840} INFO - DAG(s) 'data_cleaning_workflow' retrieved from /opt/airflow/dags/eksplorasi_dag.py
[2024-04-19T18:40:26.117+0000] {logging_mixin.py:188} INFO - [2024-04-19T18:40:26.116+0000] {dag.py:3096} INFO - Sync 1 DAGs
[2024-04-19T18:40:26.129+0000] {logging_mixin.py:188} INFO - [2024-04-19T18:40:26.128+0000] {dag.py:3954} INFO - Setting next_dagrun for data_cleaning_workflow to None, run_after=None
[2024-04-19T18:40:26.148+0000] {processor.py:183} INFO - Processing /opt/airflow/dags/eksplorasi_dag.py took 0.746 seconds
[2024-04-19T18:40:56.264+0000] {processor.py:161} INFO - Started process (PID=953) to work on /opt/airflow/dags/eksplorasi_dag.py
[2024-04-19T18:40:56.265+0000] {processor.py:830} INFO - Processing file /opt/airflow/dags/eksplorasi_dag.py for tasks to queue
[2024-04-19T18:40:56.268+0000] {logging_mixin.py:188} INFO - [2024-04-19T18:40:56.268+0000] {dagbag.py:540} INFO - Filling up the DagBag from /opt/airflow/dags/eksplorasi_dag.py
[2024-04-19T18:40:57.466+0000] {processor.py:840} INFO - DAG(s) 'data_cleaning_workflow' retrieved from /opt/airflow/dags/eksplorasi_dag.py
[2024-04-19T18:40:57.549+0000] {logging_mixin.py:188} INFO - [2024-04-19T18:40:57.549+0000] {dag.py:3096} INFO - Sync 1 DAGs
[2024-04-19T18:40:57.591+0000] {logging_mixin.py:188} INFO - [2024-04-19T18:40:57.591+0000] {dag.py:3954} INFO - Setting next_dagrun for data_cleaning_workflow to None, run_after=None
[2024-04-19T18:40:57.671+0000] {processor.py:183} INFO - Processing /opt/airflow/dags/eksplorasi_dag.py took 1.417 seconds
[2024-04-19T18:41:28.598+0000] {processor.py:161} INFO - Started process (PID=1015) to work on /opt/airflow/dags/eksplorasi_dag.py
[2024-04-19T18:41:28.599+0000] {processor.py:830} INFO - Processing file /opt/airflow/dags/eksplorasi_dag.py for tasks to queue
[2024-04-19T18:41:28.601+0000] {logging_mixin.py:188} INFO - [2024-04-19T18:41:28.601+0000] {dagbag.py:540} INFO - Filling up the DagBag from /opt/airflow/dags/eksplorasi_dag.py
[2024-04-19T18:41:29.386+0000] {processor.py:840} INFO - DAG(s) 'data_cleaning_workflow' retrieved from /opt/airflow/dags/eksplorasi_dag.py
[2024-04-19T18:41:29.404+0000] {logging_mixin.py:188} INFO - [2024-04-19T18:41:29.404+0000] {dag.py:3096} INFO - Sync 1 DAGs
[2024-04-19T18:41:29.416+0000] {logging_mixin.py:188} INFO - [2024-04-19T18:41:29.415+0000] {dag.py:3954} INFO - Setting next_dagrun for data_cleaning_workflow to None, run_after=None
[2024-04-19T18:41:29.432+0000] {processor.py:183} INFO - Processing /opt/airflow/dags/eksplorasi_dag.py took 0.840 seconds
[2024-04-19T18:41:59.506+0000] {processor.py:161} INFO - Started process (PID=1079) to work on /opt/airflow/dags/eksplorasi_dag.py
[2024-04-19T18:41:59.507+0000] {processor.py:830} INFO - Processing file /opt/airflow/dags/eksplorasi_dag.py for tasks to queue
[2024-04-19T18:41:59.510+0000] {logging_mixin.py:188} INFO - [2024-04-19T18:41:59.509+0000] {dagbag.py:540} INFO - Filling up the DagBag from /opt/airflow/dags/eksplorasi_dag.py
[2024-04-19T18:42:00.319+0000] {processor.py:840} INFO - DAG(s) 'data_cleaning_workflow' retrieved from /opt/airflow/dags/eksplorasi_dag.py
[2024-04-19T18:42:00.338+0000] {logging_mixin.py:188} INFO - [2024-04-19T18:42:00.337+0000] {dag.py:3096} INFO - Sync 1 DAGs
[2024-04-19T18:42:00.351+0000] {logging_mixin.py:188} INFO - [2024-04-19T18:42:00.351+0000] {dag.py:3954} INFO - Setting next_dagrun for data_cleaning_workflow to None, run_after=None
[2024-04-19T18:42:00.372+0000] {processor.py:183} INFO - Processing /opt/airflow/dags/eksplorasi_dag.py took 0.875 seconds
[2024-04-19T18:42:31.680+0000] {processor.py:161} INFO - Started process (PID=1138) to work on /opt/airflow/dags/eksplorasi_dag.py
[2024-04-19T18:42:31.682+0000] {processor.py:830} INFO - Processing file /opt/airflow/dags/eksplorasi_dag.py for tasks to queue
[2024-04-19T18:42:31.684+0000] {logging_mixin.py:188} INFO - [2024-04-19T18:42:31.683+0000] {dagbag.py:540} INFO - Filling up the DagBag from /opt/airflow/dags/eksplorasi_dag.py
[2024-04-19T18:42:33.579+0000] {processor.py:840} INFO - DAG(s) 'data_cleaning_workflow' retrieved from /opt/airflow/dags/eksplorasi_dag.py
[2024-04-19T18:42:33.608+0000] {logging_mixin.py:188} INFO - [2024-04-19T18:42:33.606+0000] {dag.py:3096} INFO - Sync 1 DAGs
[2024-04-19T18:42:33.623+0000] {logging_mixin.py:188} INFO - [2024-04-19T18:42:33.623+0000] {dag.py:3954} INFO - Setting next_dagrun for data_cleaning_workflow to None, run_after=None
[2024-04-19T18:42:33.647+0000] {processor.py:183} INFO - Processing /opt/airflow/dags/eksplorasi_dag.py took 1.977 seconds
[2024-04-19T18:43:03.734+0000] {processor.py:161} INFO - Started process (PID=1200) to work on /opt/airflow/dags/eksplorasi_dag.py
[2024-04-19T18:43:03.735+0000] {processor.py:830} INFO - Processing file /opt/airflow/dags/eksplorasi_dag.py for tasks to queue
[2024-04-19T18:43:03.737+0000] {logging_mixin.py:188} INFO - [2024-04-19T18:43:03.737+0000] {dagbag.py:540} INFO - Filling up the DagBag from /opt/airflow/dags/eksplorasi_dag.py
[2024-04-19T18:43:04.406+0000] {processor.py:840} INFO - DAG(s) 'data_cleaning_workflow' retrieved from /opt/airflow/dags/eksplorasi_dag.py
[2024-04-19T18:43:04.430+0000] {logging_mixin.py:188} INFO - [2024-04-19T18:43:04.430+0000] {dag.py:3096} INFO - Sync 1 DAGs
[2024-04-19T18:43:04.445+0000] {logging_mixin.py:188} INFO - [2024-04-19T18:43:04.444+0000] {dag.py:3954} INFO - Setting next_dagrun for data_cleaning_workflow to None, run_after=None
[2024-04-19T18:43:04.487+0000] {processor.py:183} INFO - Processing /opt/airflow/dags/eksplorasi_dag.py took 0.761 seconds
[2024-04-19T18:43:34.892+0000] {processor.py:161} INFO - Started process (PID=1260) to work on /opt/airflow/dags/eksplorasi_dag.py
[2024-04-19T18:43:34.897+0000] {processor.py:830} INFO - Processing file /opt/airflow/dags/eksplorasi_dag.py for tasks to queue
[2024-04-19T18:43:34.921+0000] {logging_mixin.py:188} INFO - [2024-04-19T18:43:34.912+0000] {dagbag.py:540} INFO - Filling up the DagBag from /opt/airflow/dags/eksplorasi_dag.py
[2024-04-19T18:43:35.570+0000] {processor.py:840} INFO - DAG(s) 'data_cleaning_workflow' retrieved from /opt/airflow/dags/eksplorasi_dag.py
[2024-04-19T18:43:35.609+0000] {logging_mixin.py:188} INFO - [2024-04-19T18:43:35.609+0000] {dag.py:3096} INFO - Sync 1 DAGs
[2024-04-19T18:43:35.633+0000] {logging_mixin.py:188} INFO - [2024-04-19T18:43:35.633+0000] {dag.py:3954} INFO - Setting next_dagrun for data_cleaning_workflow to None, run_after=None
[2024-04-19T18:43:35.678+0000] {processor.py:183} INFO - Processing /opt/airflow/dags/eksplorasi_dag.py took 0.805 seconds
[2024-04-19T18:44:05.987+0000] {processor.py:161} INFO - Started process (PID=1319) to work on /opt/airflow/dags/eksplorasi_dag.py
[2024-04-19T18:44:05.990+0000] {processor.py:830} INFO - Processing file /opt/airflow/dags/eksplorasi_dag.py for tasks to queue
[2024-04-19T18:44:05.992+0000] {logging_mixin.py:188} INFO - [2024-04-19T18:44:05.992+0000] {dagbag.py:540} INFO - Filling up the DagBag from /opt/airflow/dags/eksplorasi_dag.py
[2024-04-19T18:44:16.617+0000] {processor.py:840} INFO - DAG(s) 'data_cleaning_workflow' retrieved from /opt/airflow/dags/eksplorasi_dag.py
[2024-04-19T18:44:16.650+0000] {logging_mixin.py:188} INFO - [2024-04-19T18:44:16.650+0000] {dag.py:3096} INFO - Sync 1 DAGs
[2024-04-19T18:44:16.672+0000] {logging_mixin.py:188} INFO - [2024-04-19T18:44:16.672+0000] {dag.py:3954} INFO - Setting next_dagrun for data_cleaning_workflow to None, run_after=None
[2024-04-19T18:44:16.716+0000] {processor.py:183} INFO - Processing /opt/airflow/dags/eksplorasi_dag.py took 10.737 seconds
[2024-04-19T18:44:46.767+0000] {processor.py:161} INFO - Started process (PID=1384) to work on /opt/airflow/dags/eksplorasi_dag.py
[2024-04-19T18:44:46.768+0000] {processor.py:830} INFO - Processing file /opt/airflow/dags/eksplorasi_dag.py for tasks to queue
[2024-04-19T18:44:46.771+0000] {logging_mixin.py:188} INFO - [2024-04-19T18:44:46.770+0000] {dagbag.py:540} INFO - Filling up the DagBag from /opt/airflow/dags/eksplorasi_dag.py
[2024-04-19T18:44:47.276+0000] {processor.py:840} INFO - DAG(s) 'data_cleaning_workflow' retrieved from /opt/airflow/dags/eksplorasi_dag.py
[2024-04-19T18:44:47.302+0000] {logging_mixin.py:188} INFO - [2024-04-19T18:44:47.302+0000] {dag.py:3096} INFO - Sync 1 DAGs
[2024-04-19T18:44:47.315+0000] {logging_mixin.py:188} INFO - [2024-04-19T18:44:47.315+0000] {dag.py:3954} INFO - Setting next_dagrun for data_cleaning_workflow to None, run_after=None
[2024-04-19T18:44:47.336+0000] {processor.py:183} INFO - Processing /opt/airflow/dags/eksplorasi_dag.py took 0.575 seconds
[2024-04-19T18:45:18.328+0000] {processor.py:161} INFO - Started process (PID=1451) to work on /opt/airflow/dags/eksplorasi_dag.py
[2024-04-19T18:45:18.329+0000] {processor.py:830} INFO - Processing file /opt/airflow/dags/eksplorasi_dag.py for tasks to queue
[2024-04-19T18:45:18.331+0000] {logging_mixin.py:188} INFO - [2024-04-19T18:45:18.331+0000] {dagbag.py:540} INFO - Filling up the DagBag from /opt/airflow/dags/eksplorasi_dag.py
[2024-04-19T18:45:18.971+0000] {processor.py:840} INFO - DAG(s) 'data_cleaning_workflow' retrieved from /opt/airflow/dags/eksplorasi_dag.py
[2024-04-19T18:45:18.993+0000] {logging_mixin.py:188} INFO - [2024-04-19T18:45:18.993+0000] {dag.py:3096} INFO - Sync 1 DAGs
[2024-04-19T18:45:19.009+0000] {logging_mixin.py:188} INFO - [2024-04-19T18:45:19.009+0000] {dag.py:3954} INFO - Setting next_dagrun for data_cleaning_workflow to None, run_after=None
[2024-04-19T18:45:19.031+0000] {processor.py:183} INFO - Processing /opt/airflow/dags/eksplorasi_dag.py took 0.711 seconds
[2024-04-19T18:45:49.143+0000] {processor.py:161} INFO - Started process (PID=1511) to work on /opt/airflow/dags/eksplorasi_dag.py
[2024-04-19T18:45:49.144+0000] {processor.py:830} INFO - Processing file /opt/airflow/dags/eksplorasi_dag.py for tasks to queue
[2024-04-19T18:45:49.146+0000] {logging_mixin.py:188} INFO - [2024-04-19T18:45:49.146+0000] {dagbag.py:540} INFO - Filling up the DagBag from /opt/airflow/dags/eksplorasi_dag.py
[2024-04-19T18:45:49.957+0000] {processor.py:840} INFO - DAG(s) 'data_cleaning_workflow' retrieved from /opt/airflow/dags/eksplorasi_dag.py
[2024-04-19T18:45:49.980+0000] {logging_mixin.py:188} INFO - [2024-04-19T18:45:49.979+0000] {dag.py:3096} INFO - Sync 1 DAGs
[2024-04-19T18:45:49.997+0000] {logging_mixin.py:188} INFO - [2024-04-19T18:45:49.997+0000] {dag.py:3954} INFO - Setting next_dagrun for data_cleaning_workflow to None, run_after=None
[2024-04-19T18:45:50.021+0000] {processor.py:183} INFO - Processing /opt/airflow/dags/eksplorasi_dag.py took 0.890 seconds
[2024-04-19T18:46:20.170+0000] {processor.py:161} INFO - Started process (PID=1577) to work on /opt/airflow/dags/eksplorasi_dag.py
[2024-04-19T18:46:20.171+0000] {processor.py:830} INFO - Processing file /opt/airflow/dags/eksplorasi_dag.py for tasks to queue
[2024-04-19T18:46:20.173+0000] {logging_mixin.py:188} INFO - [2024-04-19T18:46:20.173+0000] {dagbag.py:540} INFO - Filling up the DagBag from /opt/airflow/dags/eksplorasi_dag.py
[2024-04-19T18:46:20.857+0000] {processor.py:840} INFO - DAG(s) 'data_cleaning_workflow' retrieved from /opt/airflow/dags/eksplorasi_dag.py
[2024-04-19T18:46:20.877+0000] {logging_mixin.py:188} INFO - [2024-04-19T18:46:20.876+0000] {dag.py:3096} INFO - Sync 1 DAGs
[2024-04-19T18:46:20.891+0000] {logging_mixin.py:188} INFO - [2024-04-19T18:46:20.890+0000] {dag.py:3954} INFO - Setting next_dagrun for data_cleaning_workflow to None, run_after=None
[2024-04-19T18:46:20.923+0000] {processor.py:183} INFO - Processing /opt/airflow/dags/eksplorasi_dag.py took 0.760 seconds
[2024-04-19T18:46:50.971+0000] {processor.py:161} INFO - Started process (PID=1638) to work on /opt/airflow/dags/eksplorasi_dag.py
[2024-04-19T18:46:50.971+0000] {processor.py:830} INFO - Processing file /opt/airflow/dags/eksplorasi_dag.py for tasks to queue
[2024-04-19T18:46:50.973+0000] {logging_mixin.py:188} INFO - [2024-04-19T18:46:50.973+0000] {dagbag.py:540} INFO - Filling up the DagBag from /opt/airflow/dags/eksplorasi_dag.py
[2024-04-19T18:46:51.560+0000] {processor.py:840} INFO - DAG(s) 'data_cleaning_workflow' retrieved from /opt/airflow/dags/eksplorasi_dag.py
[2024-04-19T18:46:51.585+0000] {logging_mixin.py:188} INFO - [2024-04-19T18:46:51.585+0000] {dag.py:3096} INFO - Sync 1 DAGs
[2024-04-19T18:46:51.597+0000] {logging_mixin.py:188} INFO - [2024-04-19T18:46:51.597+0000] {dag.py:3954} INFO - Setting next_dagrun for data_cleaning_workflow to None, run_after=None
[2024-04-19T18:46:51.622+0000] {processor.py:183} INFO - Processing /opt/airflow/dags/eksplorasi_dag.py took 0.657 seconds
[2024-04-19T18:47:22.168+0000] {processor.py:161} INFO - Started process (PID=1698) to work on /opt/airflow/dags/eksplorasi_dag.py
[2024-04-19T18:47:22.169+0000] {processor.py:830} INFO - Processing file /opt/airflow/dags/eksplorasi_dag.py for tasks to queue
[2024-04-19T18:47:22.172+0000] {logging_mixin.py:188} INFO - [2024-04-19T18:47:22.171+0000] {dagbag.py:540} INFO - Filling up the DagBag from /opt/airflow/dags/eksplorasi_dag.py
[2024-04-19T18:47:22.851+0000] {processor.py:840} INFO - DAG(s) 'data_cleaning_workflow' retrieved from /opt/airflow/dags/eksplorasi_dag.py
[2024-04-19T18:47:22.874+0000] {logging_mixin.py:188} INFO - [2024-04-19T18:47:22.873+0000] {dag.py:3096} INFO - Sync 1 DAGs
[2024-04-19T18:47:22.885+0000] {logging_mixin.py:188} INFO - [2024-04-19T18:47:22.885+0000] {dag.py:3954} INFO - Setting next_dagrun for data_cleaning_workflow to None, run_after=None
[2024-04-19T18:47:22.904+0000] {processor.py:183} INFO - Processing /opt/airflow/dags/eksplorasi_dag.py took 0.743 seconds
