[2024-04-15T16:22:41.178+0000] {local_task_job_runner.py:120} INFO - ::group::Pre task execution logs
[2024-04-15T16:22:41.228+0000] {taskinstance.py:2073} INFO - Dependencies all met for dep_context=non-requeueable deps ti=<TaskInstance: hello_airflow_dag.mkdir_our_work scheduled__2024-04-13T00:00:00+00:00 [queued]>
[2024-04-15T16:22:41.245+0000] {taskinstance.py:2073} INFO - Dependencies all met for dep_context=requeueable deps ti=<TaskInstance: hello_airflow_dag.mkdir_our_work scheduled__2024-04-13T00:00:00+00:00 [queued]>
[2024-04-15T16:22:41.246+0000] {taskinstance.py:2303} INFO - Starting attempt 1 of 6
[2024-04-15T16:22:41.291+0000] {taskinstance.py:2327} INFO - Executing <Task(BashOperator): mkdir_our_work> on 2024-04-13 00:00:00+00:00
[2024-04-15T16:22:41.319+0000] {warnings.py:110} WARNING - /home/***/.local/lib/python3.12/site-packages/***/task/task_runner/standard_task_runner.py:61: DeprecationWarning: This process (pid=154) is multi-threaded, use of fork() may lead to deadlocks in the child.
  pid = os.fork()

[2024-04-15T16:22:41.322+0000] {standard_task_runner.py:63} INFO - Started process 173 to run task
[2024-04-15T16:22:41.321+0000] {standard_task_runner.py:90} INFO - Running: ['***', 'tasks', 'run', 'hello_***_dag', 'mkdir_our_work', 'scheduled__2024-04-13T00:00:00+00:00', '--job-id', '54', '--raw', '--subdir', 'DAGS_FOLDER/hello_***_dag.py', '--cfg-path', '/tmp/tmp8qirek_g']
[2024-04-15T16:22:41.332+0000] {standard_task_runner.py:91} INFO - Job 54: Subtask mkdir_our_work
[2024-04-15T16:22:41.417+0000] {task_command.py:426} INFO - Running <TaskInstance: hello_airflow_dag.mkdir_our_work scheduled__2024-04-13T00:00:00+00:00 [running]> on host ead826da457c
[2024-04-15T16:22:41.574+0000] {taskinstance.py:2644} INFO - Exporting env vars: AIRFLOW_CTX_DAG_OWNER='yazid' AIRFLOW_CTX_DAG_ID='hello_***_dag' AIRFLOW_CTX_TASK_ID='mkdir_our_work' AIRFLOW_CTX_EXECUTION_DATE='2024-04-13T00:00:00+00:00' AIRFLOW_CTX_TRY_NUMBER='1' AIRFLOW_CTX_DAG_RUN_ID='scheduled__2024-04-13T00:00:00+00:00'
[2024-04-15T16:22:41.578+0000] {taskinstance.py:430} INFO - ::endgroup::
[2024-04-15T16:22:41.582+0000] {subprocess.py:63} INFO - Tmp dir root location: /tmp
[2024-04-15T16:22:41.589+0000] {subprocess.py:75} INFO - Running command: ['/usr/bin/bash', '-c', 'mkdir -p /opt/***/dags/our_works']
[2024-04-15T16:22:41.616+0000] {subprocess.py:86} INFO - Output:
[2024-04-15T16:22:41.638+0000] {subprocess.py:97} INFO - Command exited with return code 0
[2024-04-15T16:22:41.639+0000] {taskinstance.py:441} INFO - ::group::Post task execution logs
[2024-04-15T16:22:41.688+0000] {taskinstance.py:1205} INFO - Marking task as SUCCESS. dag_id=hello_***_dag, task_id=mkdir_our_work, execution_date=20240413T000000, start_date=20240415T162241, end_date=20240415T162241
[2024-04-15T16:22:41.779+0000] {local_task_job_runner.py:240} INFO - Task exited with return code 0
[2024-04-15T16:22:41.853+0000] {taskinstance.py:3482} INFO - 1 downstream tasks scheduled from follow-on schedule check
[2024-04-15T16:22:41.860+0000] {local_task_job_runner.py:222} INFO - ::endgroup::
