[2024-04-15T16:22:35.919+0000] {local_task_job_runner.py:120} INFO - ::group::Pre task execution logs
[2024-04-15T16:22:35.959+0000] {taskinstance.py:2073} INFO - Dependencies all met for dep_context=non-requeueable deps ti=<TaskInstance: hello_airflow_dag.touch_our_works scheduled__2024-04-12T00:00:00+00:00 [queued]>
[2024-04-15T16:22:35.975+0000] {taskinstance.py:2073} INFO - Dependencies all met for dep_context=requeueable deps ti=<TaskInstance: hello_airflow_dag.touch_our_works scheduled__2024-04-12T00:00:00+00:00 [queued]>
[2024-04-15T16:22:35.976+0000] {taskinstance.py:2303} INFO - Starting attempt 1 of 6
[2024-04-15T16:22:35.994+0000] {taskinstance.py:2327} INFO - Executing <Task(BashOperator): touch_our_works> on 2024-04-12 00:00:00+00:00
[2024-04-15T16:22:36.005+0000] {warnings.py:110} WARNING - /home/***/.local/lib/python3.12/site-packages/***/task/task_runner/standard_task_runner.py:61: DeprecationWarning: This process (pid=152) is multi-threaded, use of fork() may lead to deadlocks in the child.
  pid = os.fork()

[2024-04-15T16:22:36.007+0000] {standard_task_runner.py:63} INFO - Started process 159 to run task
[2024-04-15T16:22:36.017+0000] {standard_task_runner.py:90} INFO - Running: ['***', 'tasks', 'run', 'hello_***_dag', 'touch_our_works', 'scheduled__2024-04-12T00:00:00+00:00', '--job-id', '50', '--raw', '--subdir', 'DAGS_FOLDER/hello_***_dag.py', '--cfg-path', '/tmp/tmpjg25i4vv']
[2024-04-15T16:22:36.025+0000] {standard_task_runner.py:91} INFO - Job 50: Subtask touch_our_works
[2024-04-15T16:22:36.138+0000] {task_command.py:426} INFO - Running <TaskInstance: hello_airflow_dag.touch_our_works scheduled__2024-04-12T00:00:00+00:00 [running]> on host ead826da457c
[2024-04-15T16:22:36.357+0000] {taskinstance.py:2644} INFO - Exporting env vars: AIRFLOW_CTX_DAG_OWNER='yazid' AIRFLOW_CTX_DAG_ID='hello_***_dag' AIRFLOW_CTX_TASK_ID='touch_our_works' AIRFLOW_CTX_EXECUTION_DATE='2024-04-12T00:00:00+00:00' AIRFLOW_CTX_TRY_NUMBER='1' AIRFLOW_CTX_DAG_RUN_ID='scheduled__2024-04-12T00:00:00+00:00'
[2024-04-15T16:22:36.361+0000] {taskinstance.py:430} INFO - ::endgroup::
[2024-04-15T16:22:36.375+0000] {subprocess.py:63} INFO - Tmp dir root location: /tmp
[2024-04-15T16:22:36.379+0000] {subprocess.py:75} INFO - Running command: ['/usr/bin/bash', '-c', 'touch /opt/***/dags/our_works/works.txt']
[2024-04-15T16:22:36.407+0000] {subprocess.py:86} INFO - Output:
[2024-04-15T16:22:36.430+0000] {subprocess.py:97} INFO - Command exited with return code 0
[2024-04-15T16:22:36.432+0000] {taskinstance.py:441} INFO - ::group::Post task execution logs
[2024-04-15T16:22:36.470+0000] {taskinstance.py:1205} INFO - Marking task as SUCCESS. dag_id=hello_***_dag, task_id=touch_our_works, execution_date=20240412T000000, start_date=20240415T162235, end_date=20240415T162236
[2024-04-15T16:22:36.540+0000] {local_task_job_runner.py:240} INFO - Task exited with return code 0
[2024-04-15T16:22:36.577+0000] {taskinstance.py:3482} INFO - 0 downstream tasks scheduled from follow-on schedule check
[2024-04-15T16:22:36.580+0000] {local_task_job_runner.py:222} INFO - ::endgroup::
