[2024-04-15T13:48:45.903+0000] {processor.py:161} INFO - Started process (PID=32) to work on /opt/airflow/dags/example_dag.py
[2024-04-15T13:48:45.948+0000] {processor.py:830} INFO - Processing file /opt/airflow/dags/example_dag.py for tasks to queue
[2024-04-15T13:48:46.076+0000] {logging_mixin.py:188} INFO - [2024-04-15T13:48:46.075+0000] {dagbag.py:540} INFO - Filling up the DagBag from /opt/airflow/dags/example_dag.py
[2024-04-15T13:48:46.391+0000] {processor.py:840} INFO - DAG(s) 'my_first_dag' retrieved from /opt/airflow/dags/example_dag.py
[2024-04-15T13:48:47.092+0000] {logging_mixin.py:188} INFO - [2024-04-15T13:48:47.086+0000] {override.py:1829} INFO - Created Permission View: can read on DAG:my_first_dag
[2024-04-15T13:48:47.119+0000] {logging_mixin.py:188} INFO - [2024-04-15T13:48:47.119+0000] {override.py:1829} INFO - Created Permission View: can delete on DAG:my_first_dag
[2024-04-15T13:48:47.158+0000] {logging_mixin.py:188} INFO - [2024-04-15T13:48:47.158+0000] {override.py:1829} INFO - Created Permission View: can edit on DAG:my_first_dag
[2024-04-15T13:48:47.159+0000] {logging_mixin.py:188} INFO - [2024-04-15T13:48:47.159+0000] {dag.py:3096} INFO - Sync 1 DAGs
[2024-04-15T13:48:47.191+0000] {logging_mixin.py:188} INFO - [2024-04-15T13:48:47.191+0000] {dag.py:3118} INFO - Creating ORM DAG for my_first_dag
[2024-04-15T13:48:47.221+0000] {logging_mixin.py:188} INFO - [2024-04-15T13:48:47.220+0000] {dag.py:3954} INFO - Setting next_dagrun for my_first_dag to 2024-01-05 00:00:00+00:00, run_after=2024-01-06 00:00:00+00:00
[2024-04-15T13:48:47.336+0000] {processor.py:183} INFO - Processing /opt/airflow/dags/example_dag.py took 1.683 seconds
[2024-04-15T13:49:17.718+0000] {processor.py:161} INFO - Started process (PID=94) to work on /opt/airflow/dags/example_dag.py
[2024-04-15T13:49:17.720+0000] {processor.py:830} INFO - Processing file /opt/airflow/dags/example_dag.py for tasks to queue
[2024-04-15T13:49:17.723+0000] {logging_mixin.py:188} INFO - [2024-04-15T13:49:17.722+0000] {dagbag.py:540} INFO - Filling up the DagBag from /opt/airflow/dags/example_dag.py
[2024-04-15T13:49:17.746+0000] {processor.py:840} INFO - DAG(s) 'my_first_dag' retrieved from /opt/airflow/dags/example_dag.py
[2024-04-15T13:49:17.775+0000] {logging_mixin.py:188} INFO - [2024-04-15T13:49:17.775+0000] {dag.py:3096} INFO - Sync 1 DAGs
[2024-04-15T13:49:17.815+0000] {logging_mixin.py:188} INFO - [2024-04-15T13:49:17.814+0000] {dag.py:3954} INFO - Setting next_dagrun for my_first_dag to 2024-01-05 00:00:00+00:00, run_after=2024-01-06 00:00:00+00:00
[2024-04-15T13:49:17.844+0000] {processor.py:183} INFO - Processing /opt/airflow/dags/example_dag.py took 0.134 seconds
[2024-04-15T13:49:47.949+0000] {processor.py:161} INFO - Started process (PID=156) to work on /opt/airflow/dags/example_dag.py
[2024-04-15T13:49:47.965+0000] {processor.py:830} INFO - Processing file /opt/airflow/dags/example_dag.py for tasks to queue
[2024-04-15T13:49:47.971+0000] {logging_mixin.py:188} INFO - [2024-04-15T13:49:47.971+0000] {dagbag.py:540} INFO - Filling up the DagBag from /opt/airflow/dags/example_dag.py
[2024-04-15T13:49:48.011+0000] {processor.py:840} INFO - DAG(s) 'my_first_dag' retrieved from /opt/airflow/dags/example_dag.py
[2024-04-15T13:49:48.110+0000] {logging_mixin.py:188} INFO - [2024-04-15T13:49:48.109+0000] {dag.py:3096} INFO - Sync 1 DAGs
[2024-04-15T13:49:48.173+0000] {logging_mixin.py:188} INFO - [2024-04-15T13:49:48.173+0000] {dag.py:3954} INFO - Setting next_dagrun for my_first_dag to 2024-01-05 00:00:00+00:00, run_after=2024-01-06 00:00:00+00:00
[2024-04-15T13:49:48.223+0000] {processor.py:183} INFO - Processing /opt/airflow/dags/example_dag.py took 0.296 seconds
[2024-04-15T13:50:18.361+0000] {processor.py:161} INFO - Started process (PID=218) to work on /opt/airflow/dags/example_dag.py
[2024-04-15T13:50:18.362+0000] {processor.py:830} INFO - Processing file /opt/airflow/dags/example_dag.py for tasks to queue
[2024-04-15T13:50:18.365+0000] {logging_mixin.py:188} INFO - [2024-04-15T13:50:18.364+0000] {dagbag.py:540} INFO - Filling up the DagBag from /opt/airflow/dags/example_dag.py
[2024-04-15T13:50:18.385+0000] {processor.py:840} INFO - DAG(s) 'my_first_dag' retrieved from /opt/airflow/dags/example_dag.py
[2024-04-15T13:50:18.421+0000] {logging_mixin.py:188} INFO - [2024-04-15T13:50:18.421+0000] {dag.py:3096} INFO - Sync 1 DAGs
[2024-04-15T13:50:18.452+0000] {logging_mixin.py:188} INFO - [2024-04-15T13:50:18.452+0000] {dag.py:3954} INFO - Setting next_dagrun for my_first_dag to 2024-01-05 00:00:00+00:00, run_after=2024-01-06 00:00:00+00:00
[2024-04-15T13:50:18.480+0000] {processor.py:183} INFO - Processing /opt/airflow/dags/example_dag.py took 0.126 seconds
[2024-04-15T13:50:48.977+0000] {processor.py:161} INFO - Started process (PID=278) to work on /opt/airflow/dags/example_dag.py
[2024-04-15T13:50:48.978+0000] {processor.py:830} INFO - Processing file /opt/airflow/dags/example_dag.py for tasks to queue
[2024-04-15T13:50:48.982+0000] {logging_mixin.py:188} INFO - [2024-04-15T13:50:48.982+0000] {dagbag.py:540} INFO - Filling up the DagBag from /opt/airflow/dags/example_dag.py
[2024-04-15T13:50:49.004+0000] {processor.py:840} INFO - DAG(s) 'my_first_dag' retrieved from /opt/airflow/dags/example_dag.py
[2024-04-15T13:50:49.027+0000] {logging_mixin.py:188} INFO - [2024-04-15T13:50:49.027+0000] {dag.py:3096} INFO - Sync 1 DAGs
[2024-04-15T13:50:49.061+0000] {logging_mixin.py:188} INFO - [2024-04-15T13:50:49.060+0000] {dag.py:3954} INFO - Setting next_dagrun for my_first_dag to 2024-01-05 00:00:00+00:00, run_after=2024-01-06 00:00:00+00:00
[2024-04-15T13:50:49.083+0000] {processor.py:183} INFO - Processing /opt/airflow/dags/example_dag.py took 0.114 seconds
[2024-04-15T13:51:19.679+0000] {processor.py:161} INFO - Started process (PID=341) to work on /opt/airflow/dags/example_dag.py
[2024-04-15T13:51:19.680+0000] {processor.py:830} INFO - Processing file /opt/airflow/dags/example_dag.py for tasks to queue
[2024-04-15T13:51:19.684+0000] {logging_mixin.py:188} INFO - [2024-04-15T13:51:19.683+0000] {dagbag.py:540} INFO - Filling up the DagBag from /opt/airflow/dags/example_dag.py
[2024-04-15T13:51:19.708+0000] {processor.py:840} INFO - DAG(s) 'my_first_dag' retrieved from /opt/airflow/dags/example_dag.py
[2024-04-15T13:51:19.730+0000] {logging_mixin.py:188} INFO - [2024-04-15T13:51:19.730+0000] {dag.py:3096} INFO - Sync 1 DAGs
[2024-04-15T13:51:19.756+0000] {logging_mixin.py:188} INFO - [2024-04-15T13:51:19.756+0000] {dag.py:3954} INFO - Setting next_dagrun for my_first_dag to 2024-01-05 00:00:00+00:00, run_after=2024-01-06 00:00:00+00:00
[2024-04-15T13:51:19.784+0000] {processor.py:183} INFO - Processing /opt/airflow/dags/example_dag.py took 0.112 seconds
[2024-04-15T13:51:50.106+0000] {processor.py:161} INFO - Started process (PID=403) to work on /opt/airflow/dags/example_dag.py
[2024-04-15T13:51:50.108+0000] {processor.py:830} INFO - Processing file /opt/airflow/dags/example_dag.py for tasks to queue
[2024-04-15T13:51:50.110+0000] {logging_mixin.py:188} INFO - [2024-04-15T13:51:50.110+0000] {dagbag.py:540} INFO - Filling up the DagBag from /opt/airflow/dags/example_dag.py
[2024-04-15T13:51:50.135+0000] {processor.py:840} INFO - DAG(s) 'my_first_dag' retrieved from /opt/airflow/dags/example_dag.py
[2024-04-15T13:51:50.166+0000] {logging_mixin.py:188} INFO - [2024-04-15T13:51:50.166+0000] {dag.py:3096} INFO - Sync 1 DAGs
[2024-04-15T13:51:50.204+0000] {logging_mixin.py:188} INFO - [2024-04-15T13:51:50.203+0000] {dag.py:3954} INFO - Setting next_dagrun for my_first_dag to 2024-01-05 00:00:00+00:00, run_after=2024-01-06 00:00:00+00:00
[2024-04-15T13:51:50.237+0000] {processor.py:183} INFO - Processing /opt/airflow/dags/example_dag.py took 0.139 seconds
[2024-04-15T13:52:20.470+0000] {processor.py:161} INFO - Started process (PID=466) to work on /opt/airflow/dags/example_dag.py
[2024-04-15T13:52:20.472+0000] {processor.py:830} INFO - Processing file /opt/airflow/dags/example_dag.py for tasks to queue
[2024-04-15T13:52:20.475+0000] {logging_mixin.py:188} INFO - [2024-04-15T13:52:20.475+0000] {dagbag.py:540} INFO - Filling up the DagBag from /opt/airflow/dags/example_dag.py
[2024-04-15T13:52:20.502+0000] {processor.py:840} INFO - DAG(s) 'my_first_dag' retrieved from /opt/airflow/dags/example_dag.py
[2024-04-15T13:52:20.549+0000] {logging_mixin.py:188} INFO - [2024-04-15T13:52:20.548+0000] {dag.py:3096} INFO - Sync 1 DAGs
[2024-04-15T13:52:20.586+0000] {logging_mixin.py:188} INFO - [2024-04-15T13:52:20.585+0000] {dag.py:3954} INFO - Setting next_dagrun for my_first_dag to 2024-01-05 00:00:00+00:00, run_after=2024-01-06 00:00:00+00:00
[2024-04-15T13:52:20.620+0000] {processor.py:183} INFO - Processing /opt/airflow/dags/example_dag.py took 0.172 seconds
[2024-04-15T13:52:51.012+0000] {processor.py:161} INFO - Started process (PID=528) to work on /opt/airflow/dags/example_dag.py
[2024-04-15T13:52:51.013+0000] {processor.py:830} INFO - Processing file /opt/airflow/dags/example_dag.py for tasks to queue
[2024-04-15T13:52:51.016+0000] {logging_mixin.py:188} INFO - [2024-04-15T13:52:51.015+0000] {dagbag.py:540} INFO - Filling up the DagBag from /opt/airflow/dags/example_dag.py
[2024-04-15T13:52:51.036+0000] {processor.py:840} INFO - DAG(s) 'my_first_dag' retrieved from /opt/airflow/dags/example_dag.py
[2024-04-15T13:52:51.061+0000] {logging_mixin.py:188} INFO - [2024-04-15T13:52:51.061+0000] {dag.py:3096} INFO - Sync 1 DAGs
[2024-04-15T13:52:51.091+0000] {logging_mixin.py:188} INFO - [2024-04-15T13:52:51.090+0000] {dag.py:3954} INFO - Setting next_dagrun for my_first_dag to 2024-01-05 00:00:00+00:00, run_after=2024-01-06 00:00:00+00:00
[2024-04-15T13:52:51.120+0000] {processor.py:183} INFO - Processing /opt/airflow/dags/example_dag.py took 0.115 seconds
[2024-04-15T13:53:21.671+0000] {processor.py:161} INFO - Started process (PID=591) to work on /opt/airflow/dags/example_dag.py
[2024-04-15T13:53:21.674+0000] {processor.py:830} INFO - Processing file /opt/airflow/dags/example_dag.py for tasks to queue
[2024-04-15T13:53:21.679+0000] {logging_mixin.py:188} INFO - [2024-04-15T13:53:21.678+0000] {dagbag.py:540} INFO - Filling up the DagBag from /opt/airflow/dags/example_dag.py
[2024-04-15T13:53:21.702+0000] {processor.py:840} INFO - DAG(s) 'my_first_dag' retrieved from /opt/airflow/dags/example_dag.py
[2024-04-15T13:53:21.751+0000] {logging_mixin.py:188} INFO - [2024-04-15T13:53:21.750+0000] {dag.py:3096} INFO - Sync 1 DAGs
[2024-04-15T13:53:21.782+0000] {logging_mixin.py:188} INFO - [2024-04-15T13:53:21.782+0000] {dag.py:3954} INFO - Setting next_dagrun for my_first_dag to 2024-01-05 00:00:00+00:00, run_after=2024-01-06 00:00:00+00:00
[2024-04-15T13:53:21.810+0000] {processor.py:183} INFO - Processing /opt/airflow/dags/example_dag.py took 0.146 seconds
[2024-04-15T13:53:52.305+0000] {processor.py:161} INFO - Started process (PID=653) to work on /opt/airflow/dags/example_dag.py
[2024-04-15T13:53:52.307+0000] {processor.py:830} INFO - Processing file /opt/airflow/dags/example_dag.py for tasks to queue
[2024-04-15T13:53:52.310+0000] {logging_mixin.py:188} INFO - [2024-04-15T13:53:52.309+0000] {dagbag.py:540} INFO - Filling up the DagBag from /opt/airflow/dags/example_dag.py
[2024-04-15T13:53:52.334+0000] {processor.py:840} INFO - DAG(s) 'my_first_dag' retrieved from /opt/airflow/dags/example_dag.py
[2024-04-15T13:53:52.357+0000] {logging_mixin.py:188} INFO - [2024-04-15T13:53:52.357+0000] {dag.py:3096} INFO - Sync 1 DAGs
[2024-04-15T13:53:52.394+0000] {logging_mixin.py:188} INFO - [2024-04-15T13:53:52.394+0000] {dag.py:3954} INFO - Setting next_dagrun for my_first_dag to 2024-01-05 00:00:00+00:00, run_after=2024-01-06 00:00:00+00:00
[2024-04-15T13:53:52.429+0000] {processor.py:183} INFO - Processing /opt/airflow/dags/example_dag.py took 0.135 seconds
[2024-04-15T13:54:22.590+0000] {processor.py:161} INFO - Started process (PID=715) to work on /opt/airflow/dags/example_dag.py
[2024-04-15T13:54:22.591+0000] {processor.py:830} INFO - Processing file /opt/airflow/dags/example_dag.py for tasks to queue
[2024-04-15T13:54:22.594+0000] {logging_mixin.py:188} INFO - [2024-04-15T13:54:22.594+0000] {dagbag.py:540} INFO - Filling up the DagBag from /opt/airflow/dags/example_dag.py
[2024-04-15T13:54:22.616+0000] {processor.py:840} INFO - DAG(s) 'my_first_dag' retrieved from /opt/airflow/dags/example_dag.py
[2024-04-15T13:54:22.644+0000] {logging_mixin.py:188} INFO - [2024-04-15T13:54:22.643+0000] {dag.py:3096} INFO - Sync 1 DAGs
[2024-04-15T13:54:22.674+0000] {logging_mixin.py:188} INFO - [2024-04-15T13:54:22.674+0000] {dag.py:3954} INFO - Setting next_dagrun for my_first_dag to 2024-01-05 00:00:00+00:00, run_after=2024-01-06 00:00:00+00:00
[2024-04-15T13:54:22.731+0000] {processor.py:183} INFO - Processing /opt/airflow/dags/example_dag.py took 0.149 seconds
[2024-04-15T13:54:53.436+0000] {processor.py:161} INFO - Started process (PID=777) to work on /opt/airflow/dags/example_dag.py
[2024-04-15T13:54:53.437+0000] {processor.py:830} INFO - Processing file /opt/airflow/dags/example_dag.py for tasks to queue
[2024-04-15T13:54:53.440+0000] {logging_mixin.py:188} INFO - [2024-04-15T13:54:53.439+0000] {dagbag.py:540} INFO - Filling up the DagBag from /opt/airflow/dags/example_dag.py
[2024-04-15T13:54:53.462+0000] {processor.py:840} INFO - DAG(s) 'my_first_dag' retrieved from /opt/airflow/dags/example_dag.py
[2024-04-15T13:54:53.482+0000] {logging_mixin.py:188} INFO - [2024-04-15T13:54:53.482+0000] {dag.py:3096} INFO - Sync 1 DAGs
[2024-04-15T13:54:53.525+0000] {logging_mixin.py:188} INFO - [2024-04-15T13:54:53.524+0000] {dag.py:3954} INFO - Setting next_dagrun for my_first_dag to 2024-01-05 00:00:00+00:00, run_after=2024-01-06 00:00:00+00:00
[2024-04-15T13:54:54.054+0000] {processor.py:183} INFO - Processing /opt/airflow/dags/example_dag.py took 0.632 seconds
[2024-04-15T13:55:24.723+0000] {processor.py:161} INFO - Started process (PID=839) to work on /opt/airflow/dags/example_dag.py
[2024-04-15T13:55:24.724+0000] {processor.py:830} INFO - Processing file /opt/airflow/dags/example_dag.py for tasks to queue
[2024-04-15T13:55:24.727+0000] {logging_mixin.py:188} INFO - [2024-04-15T13:55:24.726+0000] {dagbag.py:540} INFO - Filling up the DagBag from /opt/airflow/dags/example_dag.py
[2024-04-15T13:55:24.756+0000] {processor.py:840} INFO - DAG(s) 'my_first_dag' retrieved from /opt/airflow/dags/example_dag.py
[2024-04-15T13:55:24.783+0000] {logging_mixin.py:188} INFO - [2024-04-15T13:55:24.782+0000] {dag.py:3096} INFO - Sync 1 DAGs
[2024-04-15T13:55:24.828+0000] {logging_mixin.py:188} INFO - [2024-04-15T13:55:24.828+0000] {dag.py:3954} INFO - Setting next_dagrun for my_first_dag to 2024-01-05 00:00:00+00:00, run_after=2024-01-06 00:00:00+00:00
[2024-04-15T13:55:24.856+0000] {processor.py:183} INFO - Processing /opt/airflow/dags/example_dag.py took 0.141 seconds
[2024-04-15T13:55:55.300+0000] {processor.py:161} INFO - Started process (PID=901) to work on /opt/airflow/dags/example_dag.py
[2024-04-15T13:55:55.301+0000] {processor.py:830} INFO - Processing file /opt/airflow/dags/example_dag.py for tasks to queue
[2024-04-15T13:55:55.303+0000] {logging_mixin.py:188} INFO - [2024-04-15T13:55:55.303+0000] {dagbag.py:540} INFO - Filling up the DagBag from /opt/airflow/dags/example_dag.py
[2024-04-15T13:55:55.323+0000] {processor.py:840} INFO - DAG(s) 'my_first_dag' retrieved from /opt/airflow/dags/example_dag.py
[2024-04-15T13:55:55.355+0000] {logging_mixin.py:188} INFO - [2024-04-15T13:55:55.354+0000] {dag.py:3096} INFO - Sync 1 DAGs
[2024-04-15T13:55:55.379+0000] {logging_mixin.py:188} INFO - [2024-04-15T13:55:55.379+0000] {dag.py:3954} INFO - Setting next_dagrun for my_first_dag to 2024-01-05 00:00:00+00:00, run_after=2024-01-06 00:00:00+00:00
[2024-04-15T13:55:55.400+0000] {processor.py:183} INFO - Processing /opt/airflow/dags/example_dag.py took 0.108 seconds
[2024-04-15T13:56:25.661+0000] {processor.py:161} INFO - Started process (PID=963) to work on /opt/airflow/dags/example_dag.py
[2024-04-15T13:56:25.662+0000] {processor.py:830} INFO - Processing file /opt/airflow/dags/example_dag.py for tasks to queue
[2024-04-15T13:56:25.666+0000] {logging_mixin.py:188} INFO - [2024-04-15T13:56:25.666+0000] {dagbag.py:540} INFO - Filling up the DagBag from /opt/airflow/dags/example_dag.py
[2024-04-15T13:56:25.689+0000] {processor.py:840} INFO - DAG(s) 'my_first_dag' retrieved from /opt/airflow/dags/example_dag.py
[2024-04-15T13:56:25.714+0000] {logging_mixin.py:188} INFO - [2024-04-15T13:56:25.713+0000] {dag.py:3096} INFO - Sync 1 DAGs
[2024-04-15T13:56:25.747+0000] {logging_mixin.py:188} INFO - [2024-04-15T13:56:25.747+0000] {dag.py:3954} INFO - Setting next_dagrun for my_first_dag to 2024-01-05 00:00:00+00:00, run_after=2024-01-06 00:00:00+00:00
[2024-04-15T13:56:25.772+0000] {processor.py:183} INFO - Processing /opt/airflow/dags/example_dag.py took 0.120 seconds
[2024-04-15T13:56:56.090+0000] {processor.py:161} INFO - Started process (PID=1025) to work on /opt/airflow/dags/example_dag.py
[2024-04-15T13:56:56.092+0000] {processor.py:830} INFO - Processing file /opt/airflow/dags/example_dag.py for tasks to queue
[2024-04-15T13:56:56.095+0000] {logging_mixin.py:188} INFO - [2024-04-15T13:56:56.094+0000] {dagbag.py:540} INFO - Filling up the DagBag from /opt/airflow/dags/example_dag.py
[2024-04-15T13:56:56.116+0000] {processor.py:840} INFO - DAG(s) 'my_first_dag' retrieved from /opt/airflow/dags/example_dag.py
[2024-04-15T13:56:56.142+0000] {logging_mixin.py:188} INFO - [2024-04-15T13:56:56.141+0000] {dag.py:3096} INFO - Sync 1 DAGs
[2024-04-15T13:56:56.172+0000] {logging_mixin.py:188} INFO - [2024-04-15T13:56:56.172+0000] {dag.py:3954} INFO - Setting next_dagrun for my_first_dag to 2024-01-05 00:00:00+00:00, run_after=2024-01-06 00:00:00+00:00
[2024-04-15T13:56:56.195+0000] {processor.py:183} INFO - Processing /opt/airflow/dags/example_dag.py took 0.116 seconds
[2024-04-15T13:57:26.801+0000] {processor.py:161} INFO - Started process (PID=1087) to work on /opt/airflow/dags/example_dag.py
[2024-04-15T13:57:26.803+0000] {processor.py:830} INFO - Processing file /opt/airflow/dags/example_dag.py for tasks to queue
[2024-04-15T13:57:26.806+0000] {logging_mixin.py:188} INFO - [2024-04-15T13:57:26.805+0000] {dagbag.py:540} INFO - Filling up the DagBag from /opt/airflow/dags/example_dag.py
[2024-04-15T13:57:26.825+0000] {processor.py:840} INFO - DAG(s) 'my_first_dag' retrieved from /opt/airflow/dags/example_dag.py
[2024-04-15T13:57:26.852+0000] {logging_mixin.py:188} INFO - [2024-04-15T13:57:26.851+0000] {dag.py:3096} INFO - Sync 1 DAGs
[2024-04-15T13:57:26.890+0000] {logging_mixin.py:188} INFO - [2024-04-15T13:57:26.890+0000] {dag.py:3954} INFO - Setting next_dagrun for my_first_dag to 2024-01-05 00:00:00+00:00, run_after=2024-01-06 00:00:00+00:00
[2024-04-15T13:57:26.918+0000] {processor.py:183} INFO - Processing /opt/airflow/dags/example_dag.py took 0.126 seconds
[2024-04-15T13:57:57.923+0000] {processor.py:161} INFO - Started process (PID=1150) to work on /opt/airflow/dags/example_dag.py
[2024-04-15T13:57:57.924+0000] {processor.py:830} INFO - Processing file /opt/airflow/dags/example_dag.py for tasks to queue
[2024-04-15T13:57:57.927+0000] {logging_mixin.py:188} INFO - [2024-04-15T13:57:57.926+0000] {dagbag.py:540} INFO - Filling up the DagBag from /opt/airflow/dags/example_dag.py
[2024-04-15T13:57:57.950+0000] {processor.py:840} INFO - DAG(s) 'my_first_dag' retrieved from /opt/airflow/dags/example_dag.py
[2024-04-15T13:57:57.976+0000] {logging_mixin.py:188} INFO - [2024-04-15T13:57:57.976+0000] {dag.py:3096} INFO - Sync 1 DAGs
[2024-04-15T13:57:58.194+0000] {logging_mixin.py:188} INFO - [2024-04-15T13:57:58.194+0000] {dag.py:3954} INFO - Setting next_dagrun for my_first_dag to 2024-01-05 00:00:00+00:00, run_after=2024-01-06 00:00:00+00:00
[2024-04-15T13:57:58.214+0000] {processor.py:183} INFO - Processing /opt/airflow/dags/example_dag.py took 0.299 seconds
[2024-04-15T13:58:28.819+0000] {processor.py:161} INFO - Started process (PID=1212) to work on /opt/airflow/dags/example_dag.py
[2024-04-15T13:58:28.821+0000] {processor.py:830} INFO - Processing file /opt/airflow/dags/example_dag.py for tasks to queue
[2024-04-15T13:58:28.824+0000] {logging_mixin.py:188} INFO - [2024-04-15T13:58:28.823+0000] {dagbag.py:540} INFO - Filling up the DagBag from /opt/airflow/dags/example_dag.py
[2024-04-15T13:58:28.846+0000] {processor.py:840} INFO - DAG(s) 'my_first_dag' retrieved from /opt/airflow/dags/example_dag.py
[2024-04-15T13:58:28.880+0000] {logging_mixin.py:188} INFO - [2024-04-15T13:58:28.879+0000] {dag.py:3096} INFO - Sync 1 DAGs
[2024-04-15T13:58:28.909+0000] {logging_mixin.py:188} INFO - [2024-04-15T13:58:28.909+0000] {dag.py:3954} INFO - Setting next_dagrun for my_first_dag to 2024-01-05 00:00:00+00:00, run_after=2024-01-06 00:00:00+00:00
[2024-04-15T13:58:28.940+0000] {processor.py:183} INFO - Processing /opt/airflow/dags/example_dag.py took 0.129 seconds
[2024-04-15T13:58:59.390+0000] {processor.py:161} INFO - Started process (PID=1274) to work on /opt/airflow/dags/example_dag.py
[2024-04-15T13:58:59.392+0000] {processor.py:830} INFO - Processing file /opt/airflow/dags/example_dag.py for tasks to queue
[2024-04-15T13:58:59.394+0000] {logging_mixin.py:188} INFO - [2024-04-15T13:58:59.394+0000] {dagbag.py:540} INFO - Filling up the DagBag from /opt/airflow/dags/example_dag.py
[2024-04-15T13:58:59.418+0000] {processor.py:840} INFO - DAG(s) 'my_first_dag' retrieved from /opt/airflow/dags/example_dag.py
[2024-04-15T13:58:59.446+0000] {logging_mixin.py:188} INFO - [2024-04-15T13:58:59.445+0000] {dag.py:3096} INFO - Sync 1 DAGs
[2024-04-15T13:58:59.480+0000] {logging_mixin.py:188} INFO - [2024-04-15T13:58:59.480+0000] {dag.py:3954} INFO - Setting next_dagrun for my_first_dag to 2024-01-05 00:00:00+00:00, run_after=2024-01-06 00:00:00+00:00
[2024-04-15T13:58:59.502+0000] {processor.py:183} INFO - Processing /opt/airflow/dags/example_dag.py took 0.120 seconds
[2024-04-15T13:59:29.858+0000] {processor.py:161} INFO - Started process (PID=1342) to work on /opt/airflow/dags/example_dag.py
[2024-04-15T13:59:29.859+0000] {processor.py:830} INFO - Processing file /opt/airflow/dags/example_dag.py for tasks to queue
[2024-04-15T13:59:29.863+0000] {logging_mixin.py:188} INFO - [2024-04-15T13:59:29.862+0000] {dagbag.py:540} INFO - Filling up the DagBag from /opt/airflow/dags/example_dag.py
[2024-04-15T13:59:29.926+0000] {processor.py:840} INFO - DAG(s) 'my_first_dag' retrieved from /opt/airflow/dags/example_dag.py
[2024-04-15T13:59:29.977+0000] {logging_mixin.py:188} INFO - [2024-04-15T13:59:29.977+0000] {dag.py:3096} INFO - Sync 1 DAGs
[2024-04-15T13:59:30.034+0000] {logging_mixin.py:188} INFO - [2024-04-15T13:59:30.033+0000] {dag.py:3954} INFO - Setting next_dagrun for my_first_dag to 2024-01-05 00:00:00+00:00, run_after=2024-01-06 00:00:00+00:00
[2024-04-15T13:59:30.068+0000] {processor.py:183} INFO - Processing /opt/airflow/dags/example_dag.py took 0.226 seconds
[2024-04-15T14:00:01.015+0000] {processor.py:161} INFO - Started process (PID=1404) to work on /opt/airflow/dags/example_dag.py
[2024-04-15T14:00:01.017+0000] {processor.py:830} INFO - Processing file /opt/airflow/dags/example_dag.py for tasks to queue
[2024-04-15T14:00:01.024+0000] {logging_mixin.py:188} INFO - [2024-04-15T14:00:01.022+0000] {dagbag.py:540} INFO - Filling up the DagBag from /opt/airflow/dags/example_dag.py
[2024-04-15T14:00:01.082+0000] {processor.py:840} INFO - DAG(s) 'my_first_dag' retrieved from /opt/airflow/dags/example_dag.py
[2024-04-15T14:00:01.114+0000] {logging_mixin.py:188} INFO - [2024-04-15T14:00:01.114+0000] {dag.py:3096} INFO - Sync 1 DAGs
[2024-04-15T14:00:01.150+0000] {logging_mixin.py:188} INFO - [2024-04-15T14:00:01.150+0000] {dag.py:3954} INFO - Setting next_dagrun for my_first_dag to 2024-01-05 00:00:00+00:00, run_after=2024-01-06 00:00:00+00:00
[2024-04-15T14:00:01.192+0000] {processor.py:183} INFO - Processing /opt/airflow/dags/example_dag.py took 0.184 seconds
[2024-04-15T14:00:32.173+0000] {processor.py:161} INFO - Started process (PID=1467) to work on /opt/airflow/dags/example_dag.py
[2024-04-15T14:00:32.174+0000] {processor.py:830} INFO - Processing file /opt/airflow/dags/example_dag.py for tasks to queue
[2024-04-15T14:00:32.178+0000] {logging_mixin.py:188} INFO - [2024-04-15T14:00:32.177+0000] {dagbag.py:540} INFO - Filling up the DagBag from /opt/airflow/dags/example_dag.py
[2024-04-15T14:00:32.207+0000] {processor.py:840} INFO - DAG(s) 'my_first_dag' retrieved from /opt/airflow/dags/example_dag.py
[2024-04-15T14:00:32.234+0000] {logging_mixin.py:188} INFO - [2024-04-15T14:00:32.234+0000] {dag.py:3096} INFO - Sync 1 DAGs
[2024-04-15T14:00:32.273+0000] {logging_mixin.py:188} INFO - [2024-04-15T14:00:32.272+0000] {dag.py:3954} INFO - Setting next_dagrun for my_first_dag to 2024-01-05 00:00:00+00:00, run_after=2024-01-06 00:00:00+00:00
[2024-04-15T14:00:32.316+0000] {processor.py:183} INFO - Processing /opt/airflow/dags/example_dag.py took 0.159 seconds
[2024-04-15T14:01:02.551+0000] {processor.py:161} INFO - Started process (PID=1530) to work on /opt/airflow/dags/example_dag.py
[2024-04-15T14:01:02.555+0000] {processor.py:830} INFO - Processing file /opt/airflow/dags/example_dag.py for tasks to queue
[2024-04-15T14:01:02.561+0000] {logging_mixin.py:188} INFO - [2024-04-15T14:01:02.560+0000] {dagbag.py:540} INFO - Filling up the DagBag from /opt/airflow/dags/example_dag.py
[2024-04-15T14:01:02.581+0000] {processor.py:840} INFO - DAG(s) 'my_first_dag' retrieved from /opt/airflow/dags/example_dag.py
[2024-04-15T14:01:02.612+0000] {logging_mixin.py:188} INFO - [2024-04-15T14:01:02.610+0000] {dag.py:3096} INFO - Sync 1 DAGs
[2024-04-15T14:01:02.653+0000] {logging_mixin.py:188} INFO - [2024-04-15T14:01:02.652+0000] {dag.py:3954} INFO - Setting next_dagrun for my_first_dag to 2024-01-05 00:00:00+00:00, run_after=2024-01-06 00:00:00+00:00
[2024-04-15T14:01:02.695+0000] {processor.py:183} INFO - Processing /opt/airflow/dags/example_dag.py took 0.157 seconds
[2024-04-15T14:01:33.407+0000] {processor.py:161} INFO - Started process (PID=1592) to work on /opt/airflow/dags/example_dag.py
[2024-04-15T14:01:33.408+0000] {processor.py:830} INFO - Processing file /opt/airflow/dags/example_dag.py for tasks to queue
[2024-04-15T14:01:33.412+0000] {logging_mixin.py:188} INFO - [2024-04-15T14:01:33.411+0000] {dagbag.py:540} INFO - Filling up the DagBag from /opt/airflow/dags/example_dag.py
[2024-04-15T14:01:33.430+0000] {processor.py:840} INFO - DAG(s) 'my_first_dag' retrieved from /opt/airflow/dags/example_dag.py
[2024-04-15T14:01:33.458+0000] {logging_mixin.py:188} INFO - [2024-04-15T14:01:33.458+0000] {dag.py:3096} INFO - Sync 1 DAGs
[2024-04-15T14:01:33.495+0000] {logging_mixin.py:188} INFO - [2024-04-15T14:01:33.495+0000] {dag.py:3954} INFO - Setting next_dagrun for my_first_dag to 2024-01-05 00:00:00+00:00, run_after=2024-01-06 00:00:00+00:00
[2024-04-15T14:01:33.530+0000] {processor.py:183} INFO - Processing /opt/airflow/dags/example_dag.py took 0.131 seconds
[2024-04-15T14:02:04.170+0000] {processor.py:161} INFO - Started process (PID=1654) to work on /opt/airflow/dags/example_dag.py
[2024-04-15T14:02:04.171+0000] {processor.py:830} INFO - Processing file /opt/airflow/dags/example_dag.py for tasks to queue
[2024-04-15T14:02:04.174+0000] {logging_mixin.py:188} INFO - [2024-04-15T14:02:04.173+0000] {dagbag.py:540} INFO - Filling up the DagBag from /opt/airflow/dags/example_dag.py
[2024-04-15T14:02:04.192+0000] {processor.py:840} INFO - DAG(s) 'my_first_dag' retrieved from /opt/airflow/dags/example_dag.py
[2024-04-15T14:02:04.214+0000] {logging_mixin.py:188} INFO - [2024-04-15T14:02:04.213+0000] {dag.py:3096} INFO - Sync 1 DAGs
[2024-04-15T14:02:04.237+0000] {logging_mixin.py:188} INFO - [2024-04-15T14:02:04.236+0000] {dag.py:3954} INFO - Setting next_dagrun for my_first_dag to 2024-01-05 00:00:00+00:00, run_after=2024-01-06 00:00:00+00:00
[2024-04-15T14:02:04.268+0000] {processor.py:183} INFO - Processing /opt/airflow/dags/example_dag.py took 0.104 seconds
[2024-04-15T14:02:34.763+0000] {processor.py:161} INFO - Started process (PID=1717) to work on /opt/airflow/dags/example_dag.py
[2024-04-15T14:02:34.765+0000] {processor.py:830} INFO - Processing file /opt/airflow/dags/example_dag.py for tasks to queue
[2024-04-15T14:02:34.768+0000] {logging_mixin.py:188} INFO - [2024-04-15T14:02:34.767+0000] {dagbag.py:540} INFO - Filling up the DagBag from /opt/airflow/dags/example_dag.py
[2024-04-15T14:02:34.785+0000] {processor.py:840} INFO - DAG(s) 'my_first_dag' retrieved from /opt/airflow/dags/example_dag.py
[2024-04-15T14:02:34.806+0000] {logging_mixin.py:188} INFO - [2024-04-15T14:02:34.805+0000] {dag.py:3096} INFO - Sync 1 DAGs
[2024-04-15T14:02:34.831+0000] {logging_mixin.py:188} INFO - [2024-04-15T14:02:34.831+0000] {dag.py:3954} INFO - Setting next_dagrun for my_first_dag to 2024-01-05 00:00:00+00:00, run_after=2024-01-06 00:00:00+00:00
[2024-04-15T14:02:34.852+0000] {processor.py:183} INFO - Processing /opt/airflow/dags/example_dag.py took 0.095 seconds
[2024-04-15T14:03:05.422+0000] {processor.py:161} INFO - Started process (PID=1779) to work on /opt/airflow/dags/example_dag.py
[2024-04-15T14:03:05.423+0000] {processor.py:830} INFO - Processing file /opt/airflow/dags/example_dag.py for tasks to queue
[2024-04-15T14:03:05.426+0000] {logging_mixin.py:188} INFO - [2024-04-15T14:03:05.426+0000] {dagbag.py:540} INFO - Filling up the DagBag from /opt/airflow/dags/example_dag.py
[2024-04-15T14:03:05.453+0000] {processor.py:840} INFO - DAG(s) 'my_first_dag' retrieved from /opt/airflow/dags/example_dag.py
[2024-04-15T14:03:05.475+0000] {logging_mixin.py:188} INFO - [2024-04-15T14:03:05.474+0000] {dag.py:3096} INFO - Sync 1 DAGs
[2024-04-15T14:03:05.498+0000] {logging_mixin.py:188} INFO - [2024-04-15T14:03:05.498+0000] {dag.py:3954} INFO - Setting next_dagrun for my_first_dag to 2024-01-05 00:00:00+00:00, run_after=2024-01-06 00:00:00+00:00
[2024-04-15T14:03:05.522+0000] {processor.py:183} INFO - Processing /opt/airflow/dags/example_dag.py took 0.107 seconds
[2024-04-15T14:03:35.952+0000] {processor.py:161} INFO - Started process (PID=1840) to work on /opt/airflow/dags/example_dag.py
[2024-04-15T14:03:35.953+0000] {processor.py:830} INFO - Processing file /opt/airflow/dags/example_dag.py for tasks to queue
[2024-04-15T14:03:35.956+0000] {logging_mixin.py:188} INFO - [2024-04-15T14:03:35.956+0000] {dagbag.py:540} INFO - Filling up the DagBag from /opt/airflow/dags/example_dag.py
[2024-04-15T14:03:35.978+0000] {processor.py:840} INFO - DAG(s) 'my_first_dag' retrieved from /opt/airflow/dags/example_dag.py
[2024-04-15T14:03:36.001+0000] {logging_mixin.py:188} INFO - [2024-04-15T14:03:36.001+0000] {dag.py:3096} INFO - Sync 1 DAGs
[2024-04-15T14:03:36.028+0000] {logging_mixin.py:188} INFO - [2024-04-15T14:03:36.028+0000] {dag.py:3954} INFO - Setting next_dagrun for my_first_dag to 2024-01-05 00:00:00+00:00, run_after=2024-01-06 00:00:00+00:00
[2024-04-15T14:03:36.049+0000] {processor.py:183} INFO - Processing /opt/airflow/dags/example_dag.py took 0.105 seconds
[2024-04-15T14:04:06.343+0000] {processor.py:161} INFO - Started process (PID=1902) to work on /opt/airflow/dags/example_dag.py
[2024-04-15T14:04:06.345+0000] {processor.py:830} INFO - Processing file /opt/airflow/dags/example_dag.py for tasks to queue
[2024-04-15T14:04:06.348+0000] {logging_mixin.py:188} INFO - [2024-04-15T14:04:06.347+0000] {dagbag.py:540} INFO - Filling up the DagBag from /opt/airflow/dags/example_dag.py
[2024-04-15T14:04:06.371+0000] {processor.py:840} INFO - DAG(s) 'my_first_dag' retrieved from /opt/airflow/dags/example_dag.py
[2024-04-15T14:04:06.394+0000] {logging_mixin.py:188} INFO - [2024-04-15T14:04:06.394+0000] {dag.py:3096} INFO - Sync 1 DAGs
[2024-04-15T14:04:06.420+0000] {logging_mixin.py:188} INFO - [2024-04-15T14:04:06.420+0000] {dag.py:3954} INFO - Setting next_dagrun for my_first_dag to 2024-01-05 00:00:00+00:00, run_after=2024-01-06 00:00:00+00:00
[2024-04-15T14:04:06.450+0000] {processor.py:183} INFO - Processing /opt/airflow/dags/example_dag.py took 0.115 seconds
[2024-04-15T14:04:37.013+0000] {processor.py:161} INFO - Started process (PID=1964) to work on /opt/airflow/dags/example_dag.py
[2024-04-15T14:04:37.014+0000] {processor.py:830} INFO - Processing file /opt/airflow/dags/example_dag.py for tasks to queue
[2024-04-15T14:04:37.018+0000] {logging_mixin.py:188} INFO - [2024-04-15T14:04:37.017+0000] {dagbag.py:540} INFO - Filling up the DagBag from /opt/airflow/dags/example_dag.py
[2024-04-15T14:04:37.039+0000] {processor.py:840} INFO - DAG(s) 'my_first_dag' retrieved from /opt/airflow/dags/example_dag.py
[2024-04-15T14:04:37.060+0000] {logging_mixin.py:188} INFO - [2024-04-15T14:04:37.059+0000] {dag.py:3096} INFO - Sync 1 DAGs
[2024-04-15T14:04:37.085+0000] {logging_mixin.py:188} INFO - [2024-04-15T14:04:37.085+0000] {dag.py:3954} INFO - Setting next_dagrun for my_first_dag to 2024-01-05 00:00:00+00:00, run_after=2024-01-06 00:00:00+00:00
[2024-04-15T14:04:37.117+0000] {processor.py:183} INFO - Processing /opt/airflow/dags/example_dag.py took 0.111 seconds
[2024-04-15T14:05:07.508+0000] {processor.py:161} INFO - Started process (PID=2026) to work on /opt/airflow/dags/example_dag.py
[2024-04-15T14:05:07.510+0000] {processor.py:830} INFO - Processing file /opt/airflow/dags/example_dag.py for tasks to queue
[2024-04-15T14:05:07.512+0000] {logging_mixin.py:188} INFO - [2024-04-15T14:05:07.512+0000] {dagbag.py:540} INFO - Filling up the DagBag from /opt/airflow/dags/example_dag.py
[2024-04-15T14:05:07.531+0000] {processor.py:840} INFO - DAG(s) 'my_first_dag' retrieved from /opt/airflow/dags/example_dag.py
[2024-04-15T14:05:07.554+0000] {logging_mixin.py:188} INFO - [2024-04-15T14:05:07.554+0000] {dag.py:3096} INFO - Sync 1 DAGs
[2024-04-15T14:05:07.579+0000] {logging_mixin.py:188} INFO - [2024-04-15T14:05:07.579+0000] {dag.py:3954} INFO - Setting next_dagrun for my_first_dag to 2024-01-05 00:00:00+00:00, run_after=2024-01-06 00:00:00+00:00
[2024-04-15T14:05:07.601+0000] {processor.py:183} INFO - Processing /opt/airflow/dags/example_dag.py took 0.100 seconds
[2024-04-15T14:05:38.056+0000] {processor.py:161} INFO - Started process (PID=2088) to work on /opt/airflow/dags/example_dag.py
[2024-04-15T14:05:38.058+0000] {processor.py:830} INFO - Processing file /opt/airflow/dags/example_dag.py for tasks to queue
[2024-04-15T14:05:38.061+0000] {logging_mixin.py:188} INFO - [2024-04-15T14:05:38.060+0000] {dagbag.py:540} INFO - Filling up the DagBag from /opt/airflow/dags/example_dag.py
[2024-04-15T14:05:38.093+0000] {processor.py:840} INFO - DAG(s) 'my_first_dag' retrieved from /opt/airflow/dags/example_dag.py
[2024-04-15T14:05:38.128+0000] {logging_mixin.py:188} INFO - [2024-04-15T14:05:38.127+0000] {dag.py:3096} INFO - Sync 1 DAGs
[2024-04-15T14:05:38.181+0000] {logging_mixin.py:188} INFO - [2024-04-15T14:05:38.181+0000] {dag.py:3954} INFO - Setting next_dagrun for my_first_dag to 2024-01-05 00:00:00+00:00, run_after=2024-01-06 00:00:00+00:00
[2024-04-15T14:05:38.222+0000] {processor.py:183} INFO - Processing /opt/airflow/dags/example_dag.py took 0.174 seconds
[2024-04-15T14:06:08.982+0000] {processor.py:161} INFO - Started process (PID=2150) to work on /opt/airflow/dags/example_dag.py
[2024-04-15T14:06:08.984+0000] {processor.py:830} INFO - Processing file /opt/airflow/dags/example_dag.py for tasks to queue
[2024-04-15T14:06:08.989+0000] {logging_mixin.py:188} INFO - [2024-04-15T14:06:08.989+0000] {dagbag.py:540} INFO - Filling up the DagBag from /opt/airflow/dags/example_dag.py
[2024-04-15T14:06:09.022+0000] {processor.py:840} INFO - DAG(s) 'my_first_dag' retrieved from /opt/airflow/dags/example_dag.py
[2024-04-15T14:06:09.067+0000] {logging_mixin.py:188} INFO - [2024-04-15T14:06:09.066+0000] {dag.py:3096} INFO - Sync 1 DAGs
[2024-04-15T14:06:09.157+0000] {logging_mixin.py:188} INFO - [2024-04-15T14:06:09.157+0000] {dag.py:3954} INFO - Setting next_dagrun for my_first_dag to 2024-01-05 00:00:00+00:00, run_after=2024-01-06 00:00:00+00:00
[2024-04-15T14:06:09.220+0000] {processor.py:183} INFO - Processing /opt/airflow/dags/example_dag.py took 0.245 seconds
[2024-04-15T14:06:39.290+0000] {processor.py:161} INFO - Started process (PID=2212) to work on /opt/airflow/dags/example_dag.py
[2024-04-15T14:06:39.291+0000] {processor.py:830} INFO - Processing file /opt/airflow/dags/example_dag.py for tasks to queue
[2024-04-15T14:06:39.293+0000] {logging_mixin.py:188} INFO - [2024-04-15T14:06:39.293+0000] {dagbag.py:540} INFO - Filling up the DagBag from /opt/airflow/dags/example_dag.py
[2024-04-15T14:06:39.312+0000] {processor.py:840} INFO - DAG(s) 'my_first_dag' retrieved from /opt/airflow/dags/example_dag.py
[2024-04-15T14:06:39.334+0000] {logging_mixin.py:188} INFO - [2024-04-15T14:06:39.334+0000] {dag.py:3096} INFO - Sync 1 DAGs
[2024-04-15T14:06:39.358+0000] {logging_mixin.py:188} INFO - [2024-04-15T14:06:39.357+0000] {dag.py:3954} INFO - Setting next_dagrun for my_first_dag to 2024-01-05 00:00:00+00:00, run_after=2024-01-06 00:00:00+00:00
[2024-04-15T14:06:39.380+0000] {processor.py:183} INFO - Processing /opt/airflow/dags/example_dag.py took 0.097 seconds
[2024-04-15T14:07:09.551+0000] {processor.py:161} INFO - Started process (PID=2274) to work on /opt/airflow/dags/example_dag.py
[2024-04-15T14:07:09.552+0000] {processor.py:830} INFO - Processing file /opt/airflow/dags/example_dag.py for tasks to queue
[2024-04-15T14:07:09.555+0000] {logging_mixin.py:188} INFO - [2024-04-15T14:07:09.554+0000] {dagbag.py:540} INFO - Filling up the DagBag from /opt/airflow/dags/example_dag.py
[2024-04-15T14:07:09.575+0000] {processor.py:840} INFO - DAG(s) 'my_first_dag' retrieved from /opt/airflow/dags/example_dag.py
[2024-04-15T14:07:09.595+0000] {logging_mixin.py:188} INFO - [2024-04-15T14:07:09.595+0000] {dag.py:3096} INFO - Sync 1 DAGs
[2024-04-15T14:07:09.617+0000] {logging_mixin.py:188} INFO - [2024-04-15T14:07:09.617+0000] {dag.py:3954} INFO - Setting next_dagrun for my_first_dag to 2024-01-05 00:00:00+00:00, run_after=2024-01-06 00:00:00+00:00
[2024-04-15T14:07:09.643+0000] {processor.py:183} INFO - Processing /opt/airflow/dags/example_dag.py took 0.099 seconds
[2024-04-15T14:07:39.726+0000] {processor.py:161} INFO - Started process (PID=2335) to work on /opt/airflow/dags/example_dag.py
[2024-04-15T14:07:39.727+0000] {processor.py:830} INFO - Processing file /opt/airflow/dags/example_dag.py for tasks to queue
[2024-04-15T14:07:39.729+0000] {logging_mixin.py:188} INFO - [2024-04-15T14:07:39.729+0000] {dagbag.py:540} INFO - Filling up the DagBag from /opt/airflow/dags/example_dag.py
[2024-04-15T14:07:39.752+0000] {processor.py:840} INFO - DAG(s) 'my_first_dag' retrieved from /opt/airflow/dags/example_dag.py
[2024-04-15T14:07:39.772+0000] {logging_mixin.py:188} INFO - [2024-04-15T14:07:39.772+0000] {dag.py:3096} INFO - Sync 1 DAGs
[2024-04-15T14:07:39.794+0000] {logging_mixin.py:188} INFO - [2024-04-15T14:07:39.793+0000] {dag.py:3954} INFO - Setting next_dagrun for my_first_dag to 2024-01-05 00:00:00+00:00, run_after=2024-01-06 00:00:00+00:00
[2024-04-15T14:07:39.814+0000] {processor.py:183} INFO - Processing /opt/airflow/dags/example_dag.py took 0.096 seconds
[2024-04-15T14:08:10.073+0000] {processor.py:161} INFO - Started process (PID=2397) to work on /opt/airflow/dags/example_dag.py
[2024-04-15T14:08:10.075+0000] {processor.py:830} INFO - Processing file /opt/airflow/dags/example_dag.py for tasks to queue
[2024-04-15T14:08:10.078+0000] {logging_mixin.py:188} INFO - [2024-04-15T14:08:10.077+0000] {dagbag.py:540} INFO - Filling up the DagBag from /opt/airflow/dags/example_dag.py
[2024-04-15T14:08:10.102+0000] {processor.py:840} INFO - DAG(s) 'my_first_dag' retrieved from /opt/airflow/dags/example_dag.py
[2024-04-15T14:08:10.130+0000] {logging_mixin.py:188} INFO - [2024-04-15T14:08:10.129+0000] {dag.py:3096} INFO - Sync 1 DAGs
[2024-04-15T14:08:10.177+0000] {logging_mixin.py:188} INFO - [2024-04-15T14:08:10.176+0000] {dag.py:3954} INFO - Setting next_dagrun for my_first_dag to 2024-01-05 00:00:00+00:00, run_after=2024-01-06 00:00:00+00:00
[2024-04-15T14:08:10.237+0000] {processor.py:183} INFO - Processing /opt/airflow/dags/example_dag.py took 0.171 seconds
[2024-04-15T14:08:40.363+0000] {processor.py:161} INFO - Started process (PID=2459) to work on /opt/airflow/dags/example_dag.py
[2024-04-15T14:08:40.365+0000] {processor.py:830} INFO - Processing file /opt/airflow/dags/example_dag.py for tasks to queue
[2024-04-15T14:08:40.367+0000] {logging_mixin.py:188} INFO - [2024-04-15T14:08:40.367+0000] {dagbag.py:540} INFO - Filling up the DagBag from /opt/airflow/dags/example_dag.py
[2024-04-15T14:08:40.386+0000] {processor.py:840} INFO - DAG(s) 'my_first_dag' retrieved from /opt/airflow/dags/example_dag.py
[2024-04-15T14:08:40.411+0000] {logging_mixin.py:188} INFO - [2024-04-15T14:08:40.411+0000] {dag.py:3096} INFO - Sync 1 DAGs
[2024-04-15T14:08:40.443+0000] {logging_mixin.py:188} INFO - [2024-04-15T14:08:40.442+0000] {dag.py:3954} INFO - Setting next_dagrun for my_first_dag to 2024-01-05 00:00:00+00:00, run_after=2024-01-06 00:00:00+00:00
[2024-04-15T14:08:40.466+0000] {processor.py:183} INFO - Processing /opt/airflow/dags/example_dag.py took 0.109 seconds
[2024-04-15T14:09:10.876+0000] {processor.py:161} INFO - Started process (PID=2521) to work on /opt/airflow/dags/example_dag.py
[2024-04-15T14:09:10.877+0000] {processor.py:830} INFO - Processing file /opt/airflow/dags/example_dag.py for tasks to queue
[2024-04-15T14:09:10.880+0000] {logging_mixin.py:188} INFO - [2024-04-15T14:09:10.880+0000] {dagbag.py:540} INFO - Filling up the DagBag from /opt/airflow/dags/example_dag.py
[2024-04-15T14:09:10.900+0000] {processor.py:840} INFO - DAG(s) 'my_first_dag' retrieved from /opt/airflow/dags/example_dag.py
[2024-04-15T14:09:10.925+0000] {logging_mixin.py:188} INFO - [2024-04-15T14:09:10.924+0000] {dag.py:3096} INFO - Sync 1 DAGs
[2024-04-15T14:09:10.951+0000] {logging_mixin.py:188} INFO - [2024-04-15T14:09:10.951+0000] {dag.py:3954} INFO - Setting next_dagrun for my_first_dag to 2024-01-05 00:00:00+00:00, run_after=2024-01-06 00:00:00+00:00
[2024-04-15T14:09:10.973+0000] {processor.py:183} INFO - Processing /opt/airflow/dags/example_dag.py took 0.105 seconds
[2024-04-15T14:09:41.275+0000] {processor.py:161} INFO - Started process (PID=2583) to work on /opt/airflow/dags/example_dag.py
[2024-04-15T14:09:41.277+0000] {processor.py:830} INFO - Processing file /opt/airflow/dags/example_dag.py for tasks to queue
[2024-04-15T14:09:41.281+0000] {logging_mixin.py:188} INFO - [2024-04-15T14:09:41.280+0000] {dagbag.py:540} INFO - Filling up the DagBag from /opt/airflow/dags/example_dag.py
[2024-04-15T14:09:41.298+0000] {processor.py:840} INFO - DAG(s) 'my_first_dag' retrieved from /opt/airflow/dags/example_dag.py
[2024-04-15T14:09:41.318+0000] {logging_mixin.py:188} INFO - [2024-04-15T14:09:41.318+0000] {dag.py:3096} INFO - Sync 1 DAGs
[2024-04-15T14:09:41.348+0000] {logging_mixin.py:188} INFO - [2024-04-15T14:09:41.348+0000] {dag.py:3954} INFO - Setting next_dagrun for my_first_dag to 2024-01-05 00:00:00+00:00, run_after=2024-01-06 00:00:00+00:00
[2024-04-15T14:09:41.377+0000] {processor.py:183} INFO - Processing /opt/airflow/dags/example_dag.py took 0.110 seconds
[2024-04-15T14:10:11.637+0000] {processor.py:161} INFO - Started process (PID=2645) to work on /opt/airflow/dags/example_dag.py
[2024-04-15T14:10:11.638+0000] {processor.py:830} INFO - Processing file /opt/airflow/dags/example_dag.py for tasks to queue
[2024-04-15T14:10:11.642+0000] {logging_mixin.py:188} INFO - [2024-04-15T14:10:11.642+0000] {dagbag.py:540} INFO - Filling up the DagBag from /opt/airflow/dags/example_dag.py
[2024-04-15T14:10:11.663+0000] {processor.py:840} INFO - DAG(s) 'my_first_dag' retrieved from /opt/airflow/dags/example_dag.py
[2024-04-15T14:10:11.683+0000] {logging_mixin.py:188} INFO - [2024-04-15T14:10:11.683+0000] {dag.py:3096} INFO - Sync 1 DAGs
[2024-04-15T14:10:11.706+0000] {logging_mixin.py:188} INFO - [2024-04-15T14:10:11.705+0000] {dag.py:3954} INFO - Setting next_dagrun for my_first_dag to 2024-01-05 00:00:00+00:00, run_after=2024-01-06 00:00:00+00:00
[2024-04-15T14:10:11.727+0000] {processor.py:183} INFO - Processing /opt/airflow/dags/example_dag.py took 0.096 seconds
[2024-04-15T14:10:42.141+0000] {processor.py:161} INFO - Started process (PID=2707) to work on /opt/airflow/dags/example_dag.py
[2024-04-15T14:10:42.143+0000] {processor.py:830} INFO - Processing file /opt/airflow/dags/example_dag.py for tasks to queue
[2024-04-15T14:10:42.147+0000] {logging_mixin.py:188} INFO - [2024-04-15T14:10:42.147+0000] {dagbag.py:540} INFO - Filling up the DagBag from /opt/airflow/dags/example_dag.py
[2024-04-15T14:10:42.172+0000] {processor.py:840} INFO - DAG(s) 'my_first_dag' retrieved from /opt/airflow/dags/example_dag.py
[2024-04-15T14:10:42.193+0000] {logging_mixin.py:188} INFO - [2024-04-15T14:10:42.193+0000] {dag.py:3096} INFO - Sync 1 DAGs
[2024-04-15T14:10:42.221+0000] {logging_mixin.py:188} INFO - [2024-04-15T14:10:42.220+0000] {dag.py:3954} INFO - Setting next_dagrun for my_first_dag to 2024-01-05 00:00:00+00:00, run_after=2024-01-06 00:00:00+00:00
[2024-04-15T14:10:42.243+0000] {processor.py:183} INFO - Processing /opt/airflow/dags/example_dag.py took 0.112 seconds
[2024-04-15T14:11:12.733+0000] {processor.py:161} INFO - Started process (PID=2770) to work on /opt/airflow/dags/example_dag.py
[2024-04-15T14:11:12.734+0000] {processor.py:830} INFO - Processing file /opt/airflow/dags/example_dag.py for tasks to queue
[2024-04-15T14:11:12.738+0000] {logging_mixin.py:188} INFO - [2024-04-15T14:11:12.737+0000] {dagbag.py:540} INFO - Filling up the DagBag from /opt/airflow/dags/example_dag.py
[2024-04-15T14:11:12.756+0000] {processor.py:840} INFO - DAG(s) 'my_first_dag' retrieved from /opt/airflow/dags/example_dag.py
[2024-04-15T14:11:12.779+0000] {logging_mixin.py:188} INFO - [2024-04-15T14:11:12.779+0000] {dag.py:3096} INFO - Sync 1 DAGs
[2024-04-15T14:11:12.801+0000] {logging_mixin.py:188} INFO - [2024-04-15T14:11:12.801+0000] {dag.py:3954} INFO - Setting next_dagrun for my_first_dag to 2024-01-05 00:00:00+00:00, run_after=2024-01-06 00:00:00+00:00
[2024-04-15T14:11:12.831+0000] {processor.py:183} INFO - Processing /opt/airflow/dags/example_dag.py took 0.106 seconds
[2024-04-15T14:24:26.001+0000] {processor.py:161} INFO - Started process (PID=2781) to work on /opt/airflow/dags/example_dag.py
[2024-04-15T14:24:26.005+0000] {processor.py:830} INFO - Processing file /opt/airflow/dags/example_dag.py for tasks to queue
[2024-04-15T14:24:26.010+0000] {logging_mixin.py:188} INFO - [2024-04-15T14:24:26.009+0000] {dagbag.py:540} INFO - Filling up the DagBag from /opt/airflow/dags/example_dag.py
[2024-04-15T14:24:26.533+0000] {processor.py:840} INFO - DAG(s) 'my_first_dag' retrieved from /opt/airflow/dags/example_dag.py
[2024-04-15T14:24:26.882+0000] {logging_mixin.py:188} INFO - [2024-04-15T14:24:26.882+0000] {dag.py:3096} INFO - Sync 1 DAGs
[2024-04-15T14:24:27.292+0000] {logging_mixin.py:188} INFO - [2024-04-15T14:24:27.283+0000] {dag.py:3954} INFO - Setting next_dagrun for my_first_dag to 2024-01-05 00:00:00+00:00, run_after=2024-01-06 00:00:00+00:00
[2024-04-15T14:24:27.388+0000] {processor.py:183} INFO - Processing /opt/airflow/dags/example_dag.py took 1.420 seconds
[2024-04-15T14:24:59.400+0000] {processor.py:161} INFO - Started process (PID=2844) to work on /opt/airflow/dags/example_dag.py
[2024-04-15T14:24:59.405+0000] {processor.py:830} INFO - Processing file /opt/airflow/dags/example_dag.py for tasks to queue
[2024-04-15T14:24:59.415+0000] {logging_mixin.py:188} INFO - [2024-04-15T14:24:59.414+0000] {dagbag.py:540} INFO - Filling up the DagBag from /opt/airflow/dags/example_dag.py
[2024-04-15T14:24:59.834+0000] {processor.py:840} INFO - DAG(s) 'my_first_dag' retrieved from /opt/airflow/dags/example_dag.py
[2024-04-15T14:24:59.961+0000] {logging_mixin.py:188} INFO - [2024-04-15T14:24:59.960+0000] {dag.py:3096} INFO - Sync 1 DAGs
[2024-04-15T14:25:00.523+0000] {logging_mixin.py:188} INFO - [2024-04-15T14:25:00.523+0000] {dag.py:3954} INFO - Setting next_dagrun for my_first_dag to 2024-01-05 00:00:00+00:00, run_after=2024-01-06 00:00:00+00:00
[2024-04-15T14:25:00.659+0000] {processor.py:183} INFO - Processing /opt/airflow/dags/example_dag.py took 1.350 seconds
[2024-04-15T14:25:31.471+0000] {processor.py:161} INFO - Started process (PID=2906) to work on /opt/airflow/dags/example_dag.py
[2024-04-15T14:25:31.473+0000] {processor.py:830} INFO - Processing file /opt/airflow/dags/example_dag.py for tasks to queue
[2024-04-15T14:25:31.476+0000] {logging_mixin.py:188} INFO - [2024-04-15T14:25:31.476+0000] {dagbag.py:540} INFO - Filling up the DagBag from /opt/airflow/dags/example_dag.py
[2024-04-15T14:25:31.498+0000] {processor.py:840} INFO - DAG(s) 'my_first_dag' retrieved from /opt/airflow/dags/example_dag.py
[2024-04-15T14:25:31.524+0000] {logging_mixin.py:188} INFO - [2024-04-15T14:25:31.523+0000] {dag.py:3096} INFO - Sync 1 DAGs
[2024-04-15T14:25:31.549+0000] {logging_mixin.py:188} INFO - [2024-04-15T14:25:31.549+0000] {dag.py:3954} INFO - Setting next_dagrun for my_first_dag to 2024-01-05 00:00:00+00:00, run_after=2024-01-06 00:00:00+00:00
[2024-04-15T14:25:31.572+0000] {processor.py:183} INFO - Processing /opt/airflow/dags/example_dag.py took 0.109 seconds
[2024-04-15T14:26:01.638+0000] {processor.py:161} INFO - Started process (PID=2968) to work on /opt/airflow/dags/example_dag.py
[2024-04-15T14:26:01.640+0000] {processor.py:830} INFO - Processing file /opt/airflow/dags/example_dag.py for tasks to queue
[2024-04-15T14:26:01.645+0000] {logging_mixin.py:188} INFO - [2024-04-15T14:26:01.645+0000] {dagbag.py:540} INFO - Filling up the DagBag from /opt/airflow/dags/example_dag.py
[2024-04-15T14:26:01.667+0000] {processor.py:840} INFO - DAG(s) 'my_first_dag' retrieved from /opt/airflow/dags/example_dag.py
[2024-04-15T14:26:01.694+0000] {logging_mixin.py:188} INFO - [2024-04-15T14:26:01.694+0000] {dag.py:3096} INFO - Sync 1 DAGs
[2024-04-15T14:26:01.735+0000] {logging_mixin.py:188} INFO - [2024-04-15T14:26:01.735+0000] {dag.py:3954} INFO - Setting next_dagrun for my_first_dag to 2024-01-05 00:00:00+00:00, run_after=2024-01-06 00:00:00+00:00
[2024-04-15T14:26:01.768+0000] {processor.py:183} INFO - Processing /opt/airflow/dags/example_dag.py took 0.138 seconds
[2024-04-15T14:26:31.952+0000] {processor.py:161} INFO - Started process (PID=3030) to work on /opt/airflow/dags/example_dag.py
[2024-04-15T14:26:31.954+0000] {processor.py:830} INFO - Processing file /opt/airflow/dags/example_dag.py for tasks to queue
[2024-04-15T14:26:31.958+0000] {logging_mixin.py:188} INFO - [2024-04-15T14:26:31.957+0000] {dagbag.py:540} INFO - Filling up the DagBag from /opt/airflow/dags/example_dag.py
[2024-04-15T14:26:31.981+0000] {processor.py:840} INFO - DAG(s) 'my_first_dag' retrieved from /opt/airflow/dags/example_dag.py
[2024-04-15T14:26:32.007+0000] {logging_mixin.py:188} INFO - [2024-04-15T14:26:32.007+0000] {dag.py:3096} INFO - Sync 1 DAGs
[2024-04-15T14:26:32.038+0000] {logging_mixin.py:188} INFO - [2024-04-15T14:26:32.037+0000] {dag.py:3954} INFO - Setting next_dagrun for my_first_dag to 2024-01-05 00:00:00+00:00, run_after=2024-01-06 00:00:00+00:00
[2024-04-15T14:26:32.080+0000] {processor.py:183} INFO - Processing /opt/airflow/dags/example_dag.py took 0.135 seconds
[2024-04-15T14:27:02.372+0000] {processor.py:161} INFO - Started process (PID=3092) to work on /opt/airflow/dags/example_dag.py
[2024-04-15T14:27:02.373+0000] {processor.py:830} INFO - Processing file /opt/airflow/dags/example_dag.py for tasks to queue
[2024-04-15T14:27:02.376+0000] {logging_mixin.py:188} INFO - [2024-04-15T14:27:02.375+0000] {dagbag.py:540} INFO - Filling up the DagBag from /opt/airflow/dags/example_dag.py
[2024-04-15T14:27:02.392+0000] {processor.py:840} INFO - DAG(s) 'my_first_dag' retrieved from /opt/airflow/dags/example_dag.py
[2024-04-15T14:27:02.414+0000] {logging_mixin.py:188} INFO - [2024-04-15T14:27:02.414+0000] {dag.py:3096} INFO - Sync 1 DAGs
[2024-04-15T14:27:02.442+0000] {logging_mixin.py:188} INFO - [2024-04-15T14:27:02.441+0000] {dag.py:3954} INFO - Setting next_dagrun for my_first_dag to 2024-01-05 00:00:00+00:00, run_after=2024-01-06 00:00:00+00:00
[2024-04-15T14:27:02.477+0000] {processor.py:183} INFO - Processing /opt/airflow/dags/example_dag.py took 0.112 seconds
[2024-04-15T14:27:32.604+0000] {processor.py:161} INFO - Started process (PID=3154) to work on /opt/airflow/dags/example_dag.py
[2024-04-15T14:27:32.605+0000] {processor.py:830} INFO - Processing file /opt/airflow/dags/example_dag.py for tasks to queue
[2024-04-15T14:27:32.609+0000] {logging_mixin.py:188} INFO - [2024-04-15T14:27:32.608+0000] {dagbag.py:540} INFO - Filling up the DagBag from /opt/airflow/dags/example_dag.py
[2024-04-15T14:27:32.630+0000] {processor.py:840} INFO - DAG(s) 'my_first_dag' retrieved from /opt/airflow/dags/example_dag.py
[2024-04-15T14:27:32.666+0000] {logging_mixin.py:188} INFO - [2024-04-15T14:27:32.666+0000] {dag.py:3096} INFO - Sync 1 DAGs
[2024-04-15T14:27:32.694+0000] {logging_mixin.py:188} INFO - [2024-04-15T14:27:32.694+0000] {dag.py:3954} INFO - Setting next_dagrun for my_first_dag to 2024-01-05 00:00:00+00:00, run_after=2024-01-06 00:00:00+00:00
[2024-04-15T14:27:32.725+0000] {processor.py:183} INFO - Processing /opt/airflow/dags/example_dag.py took 0.133 seconds
[2024-04-15T14:28:03.458+0000] {processor.py:161} INFO - Started process (PID=3217) to work on /opt/airflow/dags/example_dag.py
[2024-04-15T14:28:03.460+0000] {processor.py:830} INFO - Processing file /opt/airflow/dags/example_dag.py for tasks to queue
[2024-04-15T14:28:03.462+0000] {logging_mixin.py:188} INFO - [2024-04-15T14:28:03.462+0000] {dagbag.py:540} INFO - Filling up the DagBag from /opt/airflow/dags/example_dag.py
[2024-04-15T14:28:03.481+0000] {processor.py:840} INFO - DAG(s) 'my_first_dag' retrieved from /opt/airflow/dags/example_dag.py
[2024-04-15T14:28:03.504+0000] {logging_mixin.py:188} INFO - [2024-04-15T14:28:03.503+0000] {dag.py:3096} INFO - Sync 1 DAGs
[2024-04-15T14:28:03.525+0000] {logging_mixin.py:188} INFO - [2024-04-15T14:28:03.525+0000] {dag.py:3954} INFO - Setting next_dagrun for my_first_dag to 2024-01-05 00:00:00+00:00, run_after=2024-01-06 00:00:00+00:00
[2024-04-15T14:28:03.547+0000] {processor.py:183} INFO - Processing /opt/airflow/dags/example_dag.py took 0.095 seconds
[2024-04-15T14:28:34.340+0000] {processor.py:161} INFO - Started process (PID=3280) to work on /opt/airflow/dags/example_dag.py
[2024-04-15T14:28:34.342+0000] {processor.py:830} INFO - Processing file /opt/airflow/dags/example_dag.py for tasks to queue
[2024-04-15T14:28:34.344+0000] {logging_mixin.py:188} INFO - [2024-04-15T14:28:34.344+0000] {dagbag.py:540} INFO - Filling up the DagBag from /opt/airflow/dags/example_dag.py
[2024-04-15T14:28:34.368+0000] {processor.py:840} INFO - DAG(s) 'my_first_dag' retrieved from /opt/airflow/dags/example_dag.py
[2024-04-15T14:28:34.388+0000] {logging_mixin.py:188} INFO - [2024-04-15T14:28:34.388+0000] {dag.py:3096} INFO - Sync 1 DAGs
[2024-04-15T14:28:34.411+0000] {logging_mixin.py:188} INFO - [2024-04-15T14:28:34.411+0000] {dag.py:3954} INFO - Setting next_dagrun for my_first_dag to 2024-01-05 00:00:00+00:00, run_after=2024-01-06 00:00:00+00:00
[2024-04-15T14:28:34.443+0000] {processor.py:183} INFO - Processing /opt/airflow/dags/example_dag.py took 0.110 seconds
[2024-04-15T14:31:17.476+0000] {processor.py:161} INFO - Started process (PID=3616) to work on /opt/airflow/dags/example_dag.py
[2024-04-15T14:31:17.477+0000] {processor.py:830} INFO - Processing file /opt/airflow/dags/example_dag.py for tasks to queue
[2024-04-15T14:31:17.478+0000] {logging_mixin.py:188} INFO - [2024-04-15T14:31:17.478+0000] {dagbag.py:540} INFO - Filling up the DagBag from /opt/airflow/dags/example_dag.py
[2024-04-15T14:31:17.500+0000] {processor.py:840} INFO - DAG(s) 'my_first_dag' retrieved from /opt/airflow/dags/example_dag.py
[2024-04-15T14:31:17.517+0000] {logging_mixin.py:188} INFO - [2024-04-15T14:31:17.517+0000] {dag.py:3096} INFO - Sync 1 DAGs
[2024-04-15T14:31:17.537+0000] {logging_mixin.py:188} INFO - [2024-04-15T14:31:17.536+0000] {dag.py:3954} INFO - Setting next_dagrun for my_first_dag to 2024-01-05 00:00:00+00:00, run_after=2024-01-06 00:00:00+00:00
[2024-04-15T14:31:17.561+0000] {processor.py:183} INFO - Processing /opt/airflow/dags/example_dag.py took 0.091 seconds
[2024-04-15T14:31:47.629+0000] {processor.py:161} INFO - Started process (PID=3679) to work on /opt/airflow/dags/example_dag.py
[2024-04-15T14:31:47.630+0000] {processor.py:830} INFO - Processing file /opt/airflow/dags/example_dag.py for tasks to queue
[2024-04-15T14:31:47.631+0000] {logging_mixin.py:188} INFO - [2024-04-15T14:31:47.631+0000] {dagbag.py:540} INFO - Filling up the DagBag from /opt/airflow/dags/example_dag.py
[2024-04-15T14:31:47.647+0000] {processor.py:840} INFO - DAG(s) 'my_first_dag' retrieved from /opt/airflow/dags/example_dag.py
[2024-04-15T14:31:47.667+0000] {logging_mixin.py:188} INFO - [2024-04-15T14:31:47.667+0000] {dag.py:3096} INFO - Sync 1 DAGs
[2024-04-15T14:31:47.694+0000] {logging_mixin.py:188} INFO - [2024-04-15T14:31:47.694+0000] {dag.py:3954} INFO - Setting next_dagrun for my_first_dag to 2024-01-05 00:00:00+00:00, run_after=2024-01-06 00:00:00+00:00
[2024-04-15T14:31:47.716+0000] {processor.py:183} INFO - Processing /opt/airflow/dags/example_dag.py took 0.093 seconds
[2024-04-15T14:32:18.349+0000] {processor.py:161} INFO - Started process (PID=3742) to work on /opt/airflow/dags/example_dag.py
[2024-04-15T14:32:18.351+0000] {processor.py:830} INFO - Processing file /opt/airflow/dags/example_dag.py for tasks to queue
[2024-04-15T14:32:18.353+0000] {logging_mixin.py:188} INFO - [2024-04-15T14:32:18.352+0000] {dagbag.py:540} INFO - Filling up the DagBag from /opt/airflow/dags/example_dag.py
[2024-04-15T14:32:18.370+0000] {processor.py:840} INFO - DAG(s) 'my_first_dag' retrieved from /opt/airflow/dags/example_dag.py
[2024-04-15T14:32:18.394+0000] {logging_mixin.py:188} INFO - [2024-04-15T14:32:18.393+0000] {dag.py:3096} INFO - Sync 1 DAGs
[2024-04-15T14:32:18.424+0000] {logging_mixin.py:188} INFO - [2024-04-15T14:32:18.424+0000] {dag.py:3954} INFO - Setting next_dagrun for my_first_dag to 2024-01-05 00:00:00+00:00, run_after=2024-01-06 00:00:00+00:00
[2024-04-15T14:32:18.450+0000] {processor.py:183} INFO - Processing /opt/airflow/dags/example_dag.py took 0.109 seconds
[2024-04-15T14:32:48.653+0000] {processor.py:161} INFO - Started process (PID=3805) to work on /opt/airflow/dags/example_dag.py
[2024-04-15T14:32:48.654+0000] {processor.py:830} INFO - Processing file /opt/airflow/dags/example_dag.py for tasks to queue
[2024-04-15T14:32:48.655+0000] {logging_mixin.py:188} INFO - [2024-04-15T14:32:48.655+0000] {dagbag.py:540} INFO - Filling up the DagBag from /opt/airflow/dags/example_dag.py
[2024-04-15T14:32:48.678+0000] {processor.py:840} INFO - DAG(s) 'my_first_dag' retrieved from /opt/airflow/dags/example_dag.py
[2024-04-15T14:32:48.699+0000] {logging_mixin.py:188} INFO - [2024-04-15T14:32:48.699+0000] {dag.py:3096} INFO - Sync 1 DAGs
[2024-04-15T14:32:48.723+0000] {logging_mixin.py:188} INFO - [2024-04-15T14:32:48.722+0000] {dag.py:3954} INFO - Setting next_dagrun for my_first_dag to 2024-01-05 00:00:00+00:00, run_after=2024-01-06 00:00:00+00:00
[2024-04-15T14:32:48.748+0000] {processor.py:183} INFO - Processing /opt/airflow/dags/example_dag.py took 0.100 seconds
[2024-04-15T14:33:19.262+0000] {processor.py:161} INFO - Started process (PID=3868) to work on /opt/airflow/dags/example_dag.py
[2024-04-15T14:33:19.264+0000] {processor.py:830} INFO - Processing file /opt/airflow/dags/example_dag.py for tasks to queue
[2024-04-15T14:33:19.265+0000] {logging_mixin.py:188} INFO - [2024-04-15T14:33:19.265+0000] {dagbag.py:540} INFO - Filling up the DagBag from /opt/airflow/dags/example_dag.py
[2024-04-15T14:33:19.284+0000] {processor.py:840} INFO - DAG(s) 'my_first_dag' retrieved from /opt/airflow/dags/example_dag.py
[2024-04-15T14:33:19.305+0000] {logging_mixin.py:188} INFO - [2024-04-15T14:33:19.304+0000] {dag.py:3096} INFO - Sync 1 DAGs
[2024-04-15T14:33:19.326+0000] {logging_mixin.py:188} INFO - [2024-04-15T14:33:19.326+0000] {dag.py:3954} INFO - Setting next_dagrun for my_first_dag to 2024-01-05 00:00:00+00:00, run_after=2024-01-06 00:00:00+00:00
[2024-04-15T14:33:19.347+0000] {processor.py:183} INFO - Processing /opt/airflow/dags/example_dag.py took 0.093 seconds
[2024-04-15T14:33:49.728+0000] {processor.py:161} INFO - Started process (PID=3931) to work on /opt/airflow/dags/example_dag.py
[2024-04-15T14:33:49.730+0000] {processor.py:830} INFO - Processing file /opt/airflow/dags/example_dag.py for tasks to queue
[2024-04-15T14:33:49.731+0000] {logging_mixin.py:188} INFO - [2024-04-15T14:33:49.731+0000] {dagbag.py:540} INFO - Filling up the DagBag from /opt/airflow/dags/example_dag.py
[2024-04-15T14:33:49.758+0000] {processor.py:840} INFO - DAG(s) 'my_first_dag' retrieved from /opt/airflow/dags/example_dag.py
[2024-04-15T14:33:49.779+0000] {logging_mixin.py:188} INFO - [2024-04-15T14:33:49.778+0000] {dag.py:3096} INFO - Sync 1 DAGs
[2024-04-15T14:33:49.804+0000] {logging_mixin.py:188} INFO - [2024-04-15T14:33:49.804+0000] {dag.py:3954} INFO - Setting next_dagrun for my_first_dag to 2024-01-05 00:00:00+00:00, run_after=2024-01-06 00:00:00+00:00
[2024-04-15T14:33:49.829+0000] {processor.py:183} INFO - Processing /opt/airflow/dags/example_dag.py took 0.107 seconds
[2024-04-15T14:34:20.019+0000] {processor.py:161} INFO - Started process (PID=3994) to work on /opt/airflow/dags/example_dag.py
[2024-04-15T14:34:20.021+0000] {processor.py:830} INFO - Processing file /opt/airflow/dags/example_dag.py for tasks to queue
[2024-04-15T14:34:20.021+0000] {logging_mixin.py:188} INFO - [2024-04-15T14:34:20.021+0000] {dagbag.py:540} INFO - Filling up the DagBag from /opt/airflow/dags/example_dag.py
[2024-04-15T14:34:20.041+0000] {processor.py:840} INFO - DAG(s) 'my_first_dag' retrieved from /opt/airflow/dags/example_dag.py
[2024-04-15T14:34:20.100+0000] {logging_mixin.py:188} INFO - [2024-04-15T14:34:20.100+0000] {dag.py:3096} INFO - Sync 1 DAGs
[2024-04-15T14:34:20.140+0000] {logging_mixin.py:188} INFO - [2024-04-15T14:34:20.139+0000] {dag.py:3954} INFO - Setting next_dagrun for my_first_dag to 2024-01-05 00:00:00+00:00, run_after=2024-01-06 00:00:00+00:00
[2024-04-15T14:34:20.181+0000] {processor.py:183} INFO - Processing /opt/airflow/dags/example_dag.py took 0.170 seconds
[2024-04-15T14:34:50.628+0000] {processor.py:161} INFO - Started process (PID=4057) to work on /opt/airflow/dags/example_dag.py
[2024-04-15T14:34:50.629+0000] {processor.py:830} INFO - Processing file /opt/airflow/dags/example_dag.py for tasks to queue
[2024-04-15T14:34:50.630+0000] {logging_mixin.py:188} INFO - [2024-04-15T14:34:50.630+0000] {dagbag.py:540} INFO - Filling up the DagBag from /opt/airflow/dags/example_dag.py
[2024-04-15T14:34:50.657+0000] {processor.py:840} INFO - DAG(s) 'my_first_dag' retrieved from /opt/airflow/dags/example_dag.py
[2024-04-15T14:34:50.677+0000] {logging_mixin.py:188} INFO - [2024-04-15T14:34:50.677+0000] {dag.py:3096} INFO - Sync 1 DAGs
[2024-04-15T14:34:50.707+0000] {logging_mixin.py:188} INFO - [2024-04-15T14:34:50.707+0000] {dag.py:3954} INFO - Setting next_dagrun for my_first_dag to 2024-01-05 00:00:00+00:00, run_after=2024-01-06 00:00:00+00:00
[2024-04-15T14:34:50.732+0000] {processor.py:183} INFO - Processing /opt/airflow/dags/example_dag.py took 0.111 seconds
