[2024-04-15T16:22:39.372+0000] {local_task_job_runner.py:120} INFO - ::group::Pre task execution logs
[2024-04-15T16:22:39.419+0000] {taskinstance.py:2073} INFO - Dependencies all met for dep_context=non-requeueable deps ti=<TaskInstance: hello_airflow_dag.mkdir_about_us scheduled__2024-04-12T00:00:00+00:00 [queued]>
[2024-04-15T16:22:39.430+0000] {taskinstance.py:2073} INFO - Dependencies all met for dep_context=requeueable deps ti=<TaskInstance: hello_airflow_dag.mkdir_about_us scheduled__2024-04-12T00:00:00+00:00 [queued]>
[2024-04-15T16:22:39.432+0000] {taskinstance.py:2303} INFO - Starting attempt 1 of 6
[2024-04-15T16:22:39.447+0000] {taskinstance.py:2327} INFO - Executing <Task(BashOperator): mkdir_about_us> on 2024-04-12 00:00:00+00:00
[2024-04-15T16:22:39.460+0000] {warnings.py:110} WARNING - /home/***/.local/lib/python3.12/site-packages/***/task/task_runner/standard_task_runner.py:61: DeprecationWarning: This process (pid=146) is multi-threaded, use of fork() may lead to deadlocks in the child.
  pid = os.fork()

[2024-04-15T16:22:39.463+0000] {standard_task_runner.py:63} INFO - Started process 167 to run task
[2024-04-15T16:22:39.466+0000] {standard_task_runner.py:90} INFO - Running: ['***', 'tasks', 'run', 'hello_***_dag', 'mkdir_about_us', 'scheduled__2024-04-12T00:00:00+00:00', '--job-id', '53', '--raw', '--subdir', 'DAGS_FOLDER/hello_***_dag.py', '--cfg-path', '/tmp/tmp67waykhb']
[2024-04-15T16:22:39.470+0000] {standard_task_runner.py:91} INFO - Job 53: Subtask mkdir_about_us
[2024-04-15T16:22:39.534+0000] {task_command.py:426} INFO - Running <TaskInstance: hello_airflow_dag.mkdir_about_us scheduled__2024-04-12T00:00:00+00:00 [running]> on host ead826da457c
[2024-04-15T16:22:39.640+0000] {taskinstance.py:2644} INFO - Exporting env vars: AIRFLOW_CTX_DAG_OWNER='yazid' AIRFLOW_CTX_DAG_ID='hello_***_dag' AIRFLOW_CTX_TASK_ID='mkdir_about_us' AIRFLOW_CTX_EXECUTION_DATE='2024-04-12T00:00:00+00:00' AIRFLOW_CTX_TRY_NUMBER='1' AIRFLOW_CTX_DAG_RUN_ID='scheduled__2024-04-12T00:00:00+00:00'
[2024-04-15T16:22:39.643+0000] {taskinstance.py:430} INFO - ::endgroup::
[2024-04-15T16:22:39.653+0000] {subprocess.py:63} INFO - Tmp dir root location: /tmp
[2024-04-15T16:22:39.655+0000] {subprocess.py:75} INFO - Running command: ['/usr/bin/bash', '-c', 'mkdir -p /opt/***/dags/about_us']
[2024-04-15T16:22:39.688+0000] {subprocess.py:86} INFO - Output:
[2024-04-15T16:22:39.736+0000] {subprocess.py:97} INFO - Command exited with return code 0
[2024-04-15T16:22:39.738+0000] {taskinstance.py:441} INFO - ::group::Post task execution logs
[2024-04-15T16:22:39.775+0000] {taskinstance.py:1205} INFO - Marking task as SUCCESS. dag_id=hello_***_dag, task_id=mkdir_about_us, execution_date=20240412T000000, start_date=20240415T162239, end_date=20240415T162239
[2024-04-15T16:22:39.840+0000] {local_task_job_runner.py:240} INFO - Task exited with return code 0
[2024-04-15T16:22:39.896+0000] {taskinstance.py:3482} INFO - 1 downstream tasks scheduled from follow-on schedule check
[2024-04-15T16:22:39.904+0000] {local_task_job_runner.py:222} INFO - ::endgroup::
