[2024-04-15T16:22:27.473+0000] {local_task_job_runner.py:120} INFO - ::group::Pre task execution logs
[2024-04-15T16:22:27.545+0000] {taskinstance.py:2073} INFO - Dependencies all met for dep_context=non-requeueable deps ti=<TaskInstance: hello_airflow_dag.echo_hello_airflow scheduled__2024-04-12T00:00:00+00:00 [queued]>
[2024-04-15T16:22:27.569+0000] {taskinstance.py:2073} INFO - Dependencies all met for dep_context=requeueable deps ti=<TaskInstance: hello_airflow_dag.echo_hello_airflow scheduled__2024-04-12T00:00:00+00:00 [queued]>
[2024-04-15T16:22:27.571+0000] {taskinstance.py:2303} INFO - Starting attempt 1 of 6
[2024-04-15T16:22:27.610+0000] {taskinstance.py:2327} INFO - Executing <Task(BashOperator): echo_hello_airflow> on 2024-04-12 00:00:00+00:00
[2024-04-15T16:22:27.643+0000] {warnings.py:110} WARNING - /home/***/.local/lib/python3.12/site-packages/***/task/task_runner/standard_task_runner.py:61: DeprecationWarning: This process (pid=136) is multi-threaded, use of fork() may lead to deadlocks in the child.
  pid = os.fork()

[2024-04-15T16:22:27.645+0000] {standard_task_runner.py:63} INFO - Started process 140 to run task
[2024-04-15T16:22:27.638+0000] {standard_task_runner.py:90} INFO - Running: ['***', 'tasks', 'run', 'hello_***_dag', 'echo_hello_***', 'scheduled__2024-04-12T00:00:00+00:00', '--job-id', '46', '--raw', '--subdir', 'DAGS_FOLDER/hello_***_dag.py', '--cfg-path', '/tmp/tmp9zxkh5tv']
[2024-04-15T16:22:27.658+0000] {standard_task_runner.py:91} INFO - Job 46: Subtask echo_hello_***
[2024-04-15T16:22:27.723+0000] {task_command.py:426} INFO - Running <TaskInstance: hello_airflow_dag.echo_hello_airflow scheduled__2024-04-12T00:00:00+00:00 [running]> on host ead826da457c
[2024-04-15T16:22:27.827+0000] {taskinstance.py:2644} INFO - Exporting env vars: AIRFLOW_CTX_DAG_OWNER='yazid' AIRFLOW_CTX_DAG_ID='hello_***_dag' AIRFLOW_CTX_TASK_ID='echo_hello_***' AIRFLOW_CTX_EXECUTION_DATE='2024-04-12T00:00:00+00:00' AIRFLOW_CTX_TRY_NUMBER='1' AIRFLOW_CTX_DAG_RUN_ID='scheduled__2024-04-12T00:00:00+00:00'
[2024-04-15T16:22:27.829+0000] {taskinstance.py:430} INFO - ::endgroup::
[2024-04-15T16:22:27.837+0000] {subprocess.py:63} INFO - Tmp dir root location: /tmp
[2024-04-15T16:22:27.839+0000] {subprocess.py:75} INFO - Running command: ['/usr/bin/bash', '-c', 'echo hello ***']
[2024-04-15T16:22:27.859+0000] {subprocess.py:86} INFO - Output:
[2024-04-15T16:22:27.879+0000] {subprocess.py:93} INFO - hello ***
[2024-04-15T16:22:27.880+0000] {subprocess.py:97} INFO - Command exited with return code 0
[2024-04-15T16:22:27.881+0000] {taskinstance.py:441} INFO - ::group::Post task execution logs
[2024-04-15T16:22:27.909+0000] {taskinstance.py:1205} INFO - Marking task as SUCCESS. dag_id=hello_***_dag, task_id=echo_hello_***, execution_date=20240412T000000, start_date=20240415T162227, end_date=20240415T162227
[2024-04-15T16:22:27.941+0000] {local_task_job_runner.py:240} INFO - Task exited with return code 0
[2024-04-15T16:22:27.985+0000] {taskinstance.py:3482} INFO - 0 downstream tasks scheduled from follow-on schedule check
[2024-04-15T16:22:27.987+0000] {local_task_job_runner.py:222} INFO - ::endgroup::
