[2024-04-19T18:33:15.680+0000] {processor.py:161} INFO - Started process (PID=68) to work on /home/airflow/.local/lib/python3.12/site-packages/airflow/example_dags/example_xcom.py
[2024-04-19T18:33:15.683+0000] {processor.py:830} INFO - Processing file /home/airflow/.local/lib/python3.12/site-packages/airflow/example_dags/example_xcom.py for tasks to queue
[2024-04-19T18:33:15.691+0000] {logging_mixin.py:188} INFO - [2024-04-19T18:33:15.685+0000] {dagbag.py:540} INFO - Filling up the DagBag from /home/airflow/.local/lib/python3.12/site-packages/airflow/example_dags/example_xcom.py
[2024-04-19T18:33:15.706+0000] {processor.py:840} INFO - DAG(s) 'example_xcom' retrieved from /home/airflow/.local/lib/python3.12/site-packages/airflow/example_dags/example_xcom.py
[2024-04-19T18:33:15.964+0000] {logging_mixin.py:188} INFO - [2024-04-19T18:33:15.963+0000] {dag.py:3096} INFO - Sync 1 DAGs
[2024-04-19T18:33:16.010+0000] {logging_mixin.py:188} INFO - [2024-04-19T18:33:16.010+0000] {dag.py:3954} INFO - Setting next_dagrun for example_xcom to 2021-01-01 00:00:00+00:00, run_after=2021-01-01 00:00:00+00:00
[2024-04-19T18:33:16.087+0000] {processor.py:183} INFO - Processing /home/airflow/.local/lib/python3.12/site-packages/airflow/example_dags/example_xcom.py took 0.426 seconds
[2024-04-19T18:33:46.700+0000] {processor.py:161} INFO - Started process (PID=126) to work on /home/airflow/.local/lib/python3.12/site-packages/airflow/example_dags/example_xcom.py
[2024-04-19T18:33:46.702+0000] {processor.py:830} INFO - Processing file /home/airflow/.local/lib/python3.12/site-packages/airflow/example_dags/example_xcom.py for tasks to queue
[2024-04-19T18:33:46.706+0000] {logging_mixin.py:188} INFO - [2024-04-19T18:33:46.705+0000] {dagbag.py:540} INFO - Filling up the DagBag from /home/airflow/.local/lib/python3.12/site-packages/airflow/example_dags/example_xcom.py
[2024-04-19T18:33:46.715+0000] {processor.py:840} INFO - DAG(s) 'example_xcom' retrieved from /home/airflow/.local/lib/python3.12/site-packages/airflow/example_dags/example_xcom.py
[2024-04-19T18:33:46.745+0000] {logging_mixin.py:188} INFO - [2024-04-19T18:33:46.744+0000] {dag.py:3096} INFO - Sync 1 DAGs
[2024-04-19T18:33:46.783+0000] {logging_mixin.py:188} INFO - [2024-04-19T18:33:46.782+0000] {dag.py:3954} INFO - Setting next_dagrun for example_xcom to 2021-01-01 00:00:00+00:00, run_after=2021-01-01 00:00:00+00:00
[2024-04-19T18:33:46.824+0000] {processor.py:183} INFO - Processing /home/airflow/.local/lib/python3.12/site-packages/airflow/example_dags/example_xcom.py took 0.130 seconds
[2024-04-19T18:34:17.271+0000] {processor.py:161} INFO - Started process (PID=184) to work on /home/airflow/.local/lib/python3.12/site-packages/airflow/example_dags/example_xcom.py
[2024-04-19T18:34:17.273+0000] {processor.py:830} INFO - Processing file /home/airflow/.local/lib/python3.12/site-packages/airflow/example_dags/example_xcom.py for tasks to queue
[2024-04-19T18:34:17.276+0000] {logging_mixin.py:188} INFO - [2024-04-19T18:34:17.275+0000] {dagbag.py:540} INFO - Filling up the DagBag from /home/airflow/.local/lib/python3.12/site-packages/airflow/example_dags/example_xcom.py
[2024-04-19T18:34:17.287+0000] {processor.py:840} INFO - DAG(s) 'example_xcom' retrieved from /home/airflow/.local/lib/python3.12/site-packages/airflow/example_dags/example_xcom.py
[2024-04-19T18:34:17.324+0000] {logging_mixin.py:188} INFO - [2024-04-19T18:34:17.323+0000] {dag.py:3096} INFO - Sync 1 DAGs
[2024-04-19T18:34:17.356+0000] {logging_mixin.py:188} INFO - [2024-04-19T18:34:17.355+0000] {dag.py:3954} INFO - Setting next_dagrun for example_xcom to 2021-01-01 00:00:00+00:00, run_after=2021-01-01 00:00:00+00:00
[2024-04-19T18:34:17.411+0000] {processor.py:183} INFO - Processing /home/airflow/.local/lib/python3.12/site-packages/airflow/example_dags/example_xcom.py took 0.147 seconds
[2024-04-19T18:34:47.612+0000] {processor.py:161} INFO - Started process (PID=242) to work on /home/airflow/.local/lib/python3.12/site-packages/airflow/example_dags/example_xcom.py
[2024-04-19T18:34:47.613+0000] {processor.py:830} INFO - Processing file /home/airflow/.local/lib/python3.12/site-packages/airflow/example_dags/example_xcom.py for tasks to queue
[2024-04-19T18:34:47.615+0000] {logging_mixin.py:188} INFO - [2024-04-19T18:34:47.615+0000] {dagbag.py:540} INFO - Filling up the DagBag from /home/airflow/.local/lib/python3.12/site-packages/airflow/example_dags/example_xcom.py
[2024-04-19T18:34:47.629+0000] {processor.py:840} INFO - DAG(s) 'example_xcom' retrieved from /home/airflow/.local/lib/python3.12/site-packages/airflow/example_dags/example_xcom.py
[2024-04-19T18:34:47.672+0000] {logging_mixin.py:188} INFO - [2024-04-19T18:34:47.671+0000] {dag.py:3096} INFO - Sync 1 DAGs
[2024-04-19T18:34:47.705+0000] {logging_mixin.py:188} INFO - [2024-04-19T18:34:47.705+0000] {dag.py:3954} INFO - Setting next_dagrun for example_xcom to 2021-01-01 00:00:00+00:00, run_after=2021-01-01 00:00:00+00:00
[2024-04-19T18:34:47.737+0000] {processor.py:183} INFO - Processing /home/airflow/.local/lib/python3.12/site-packages/airflow/example_dags/example_xcom.py took 0.136 seconds
[2024-04-19T18:35:18.199+0000] {processor.py:161} INFO - Started process (PID=300) to work on /home/airflow/.local/lib/python3.12/site-packages/airflow/example_dags/example_xcom.py
[2024-04-19T18:35:18.208+0000] {processor.py:830} INFO - Processing file /home/airflow/.local/lib/python3.12/site-packages/airflow/example_dags/example_xcom.py for tasks to queue
[2024-04-19T18:35:18.212+0000] {logging_mixin.py:188} INFO - [2024-04-19T18:35:18.211+0000] {dagbag.py:540} INFO - Filling up the DagBag from /home/airflow/.local/lib/python3.12/site-packages/airflow/example_dags/example_xcom.py
[2024-04-19T18:35:18.243+0000] {processor.py:840} INFO - DAG(s) 'example_xcom' retrieved from /home/airflow/.local/lib/python3.12/site-packages/airflow/example_dags/example_xcom.py
[2024-04-19T18:35:18.308+0000] {logging_mixin.py:188} INFO - [2024-04-19T18:35:18.308+0000] {dag.py:3096} INFO - Sync 1 DAGs
[2024-04-19T18:35:18.375+0000] {logging_mixin.py:188} INFO - [2024-04-19T18:35:18.370+0000] {dag.py:3954} INFO - Setting next_dagrun for example_xcom to 2021-01-01 00:00:00+00:00, run_after=2021-01-01 00:00:00+00:00
[2024-04-19T18:35:18.418+0000] {processor.py:183} INFO - Processing /home/airflow/.local/lib/python3.12/site-packages/airflow/example_dags/example_xcom.py took 0.230 seconds
[2024-04-19T18:35:48.548+0000] {processor.py:161} INFO - Started process (PID=359) to work on /home/airflow/.local/lib/python3.12/site-packages/airflow/example_dags/example_xcom.py
[2024-04-19T18:35:48.550+0000] {processor.py:830} INFO - Processing file /home/airflow/.local/lib/python3.12/site-packages/airflow/example_dags/example_xcom.py for tasks to queue
[2024-04-19T18:35:48.555+0000] {logging_mixin.py:188} INFO - [2024-04-19T18:35:48.554+0000] {dagbag.py:540} INFO - Filling up the DagBag from /home/airflow/.local/lib/python3.12/site-packages/airflow/example_dags/example_xcom.py
[2024-04-19T18:35:48.575+0000] {processor.py:840} INFO - DAG(s) 'example_xcom' retrieved from /home/airflow/.local/lib/python3.12/site-packages/airflow/example_dags/example_xcom.py
[2024-04-19T18:35:48.637+0000] {logging_mixin.py:188} INFO - [2024-04-19T18:35:48.637+0000] {dag.py:3096} INFO - Sync 1 DAGs
[2024-04-19T18:35:48.672+0000] {logging_mixin.py:188} INFO - [2024-04-19T18:35:48.672+0000] {dag.py:3954} INFO - Setting next_dagrun for example_xcom to 2021-01-01 00:00:00+00:00, run_after=2021-01-01 00:00:00+00:00
[2024-04-19T18:35:48.715+0000] {processor.py:183} INFO - Processing /home/airflow/.local/lib/python3.12/site-packages/airflow/example_dags/example_xcom.py took 0.177 seconds
[2024-04-19T18:36:18.884+0000] {processor.py:161} INFO - Started process (PID=417) to work on /home/airflow/.local/lib/python3.12/site-packages/airflow/example_dags/example_xcom.py
[2024-04-19T18:36:18.885+0000] {processor.py:830} INFO - Processing file /home/airflow/.local/lib/python3.12/site-packages/airflow/example_dags/example_xcom.py for tasks to queue
[2024-04-19T18:36:18.888+0000] {logging_mixin.py:188} INFO - [2024-04-19T18:36:18.888+0000] {dagbag.py:540} INFO - Filling up the DagBag from /home/airflow/.local/lib/python3.12/site-packages/airflow/example_dags/example_xcom.py
[2024-04-19T18:36:18.904+0000] {processor.py:840} INFO - DAG(s) 'example_xcom' retrieved from /home/airflow/.local/lib/python3.12/site-packages/airflow/example_dags/example_xcom.py
[2024-04-19T18:36:18.921+0000] {logging_mixin.py:188} INFO - [2024-04-19T18:36:18.920+0000] {dag.py:3096} INFO - Sync 1 DAGs
[2024-04-19T18:36:18.959+0000] {logging_mixin.py:188} INFO - [2024-04-19T18:36:18.958+0000] {dag.py:3954} INFO - Setting next_dagrun for example_xcom to 2021-01-01 00:00:00+00:00, run_after=2021-01-01 00:00:00+00:00
[2024-04-19T18:36:18.985+0000] {processor.py:183} INFO - Processing /home/airflow/.local/lib/python3.12/site-packages/airflow/example_dags/example_xcom.py took 0.109 seconds
[2024-04-19T18:36:49.377+0000] {processor.py:161} INFO - Started process (PID=473) to work on /home/airflow/.local/lib/python3.12/site-packages/airflow/example_dags/example_xcom.py
[2024-04-19T18:36:49.378+0000] {processor.py:830} INFO - Processing file /home/airflow/.local/lib/python3.12/site-packages/airflow/example_dags/example_xcom.py for tasks to queue
[2024-04-19T18:36:49.381+0000] {logging_mixin.py:188} INFO - [2024-04-19T18:36:49.381+0000] {dagbag.py:540} INFO - Filling up the DagBag from /home/airflow/.local/lib/python3.12/site-packages/airflow/example_dags/example_xcom.py
[2024-04-19T18:36:49.389+0000] {processor.py:840} INFO - DAG(s) 'example_xcom' retrieved from /home/airflow/.local/lib/python3.12/site-packages/airflow/example_dags/example_xcom.py
[2024-04-19T18:36:49.502+0000] {logging_mixin.py:188} INFO - [2024-04-19T18:36:49.501+0000] {dag.py:3096} INFO - Sync 1 DAGs
[2024-04-19T18:36:49.522+0000] {logging_mixin.py:188} INFO - [2024-04-19T18:36:49.521+0000] {dag.py:3954} INFO - Setting next_dagrun for example_xcom to 2021-01-01 00:00:00+00:00, run_after=2021-01-01 00:00:00+00:00
[2024-04-19T18:36:49.726+0000] {processor.py:183} INFO - Processing /home/airflow/.local/lib/python3.12/site-packages/airflow/example_dags/example_xcom.py took 0.356 seconds
[2024-04-19T18:37:20.346+0000] {processor.py:161} INFO - Started process (PID=531) to work on /home/airflow/.local/lib/python3.12/site-packages/airflow/example_dags/example_xcom.py
[2024-04-19T18:37:20.348+0000] {processor.py:830} INFO - Processing file /home/airflow/.local/lib/python3.12/site-packages/airflow/example_dags/example_xcom.py for tasks to queue
[2024-04-19T18:37:20.353+0000] {logging_mixin.py:188} INFO - [2024-04-19T18:37:20.352+0000] {dagbag.py:540} INFO - Filling up the DagBag from /home/airflow/.local/lib/python3.12/site-packages/airflow/example_dags/example_xcom.py
[2024-04-19T18:37:20.365+0000] {processor.py:840} INFO - DAG(s) 'example_xcom' retrieved from /home/airflow/.local/lib/python3.12/site-packages/airflow/example_dags/example_xcom.py
[2024-04-19T18:37:20.406+0000] {logging_mixin.py:188} INFO - [2024-04-19T18:37:20.406+0000] {dag.py:3096} INFO - Sync 1 DAGs
[2024-04-19T18:37:20.441+0000] {logging_mixin.py:188} INFO - [2024-04-19T18:37:20.440+0000] {dag.py:3954} INFO - Setting next_dagrun for example_xcom to 2021-01-01 00:00:00+00:00, run_after=2021-01-01 00:00:00+00:00
[2024-04-19T18:37:20.475+0000] {processor.py:183} INFO - Processing /home/airflow/.local/lib/python3.12/site-packages/airflow/example_dags/example_xcom.py took 0.139 seconds
[2024-04-19T18:37:50.619+0000] {processor.py:161} INFO - Started process (PID=590) to work on /home/airflow/.local/lib/python3.12/site-packages/airflow/example_dags/example_xcom.py
[2024-04-19T18:37:50.621+0000] {processor.py:830} INFO - Processing file /home/airflow/.local/lib/python3.12/site-packages/airflow/example_dags/example_xcom.py for tasks to queue
[2024-04-19T18:37:50.623+0000] {logging_mixin.py:188} INFO - [2024-04-19T18:37:50.623+0000] {dagbag.py:540} INFO - Filling up the DagBag from /home/airflow/.local/lib/python3.12/site-packages/airflow/example_dags/example_xcom.py
[2024-04-19T18:37:50.630+0000] {processor.py:840} INFO - DAG(s) 'example_xcom' retrieved from /home/airflow/.local/lib/python3.12/site-packages/airflow/example_dags/example_xcom.py
[2024-04-19T18:37:50.652+0000] {logging_mixin.py:188} INFO - [2024-04-19T18:37:50.652+0000] {dag.py:3096} INFO - Sync 1 DAGs
[2024-04-19T18:37:50.673+0000] {logging_mixin.py:188} INFO - [2024-04-19T18:37:50.673+0000] {dag.py:3954} INFO - Setting next_dagrun for example_xcom to 2021-01-01 00:00:00+00:00, run_after=2021-01-01 00:00:00+00:00
[2024-04-19T18:37:50.697+0000] {processor.py:183} INFO - Processing /home/airflow/.local/lib/python3.12/site-packages/airflow/example_dags/example_xcom.py took 0.082 seconds
[2024-04-19T18:38:21.083+0000] {processor.py:161} INFO - Started process (PID=650) to work on /home/airflow/.local/lib/python3.12/site-packages/airflow/example_dags/example_xcom.py
[2024-04-19T18:38:21.084+0000] {processor.py:830} INFO - Processing file /home/airflow/.local/lib/python3.12/site-packages/airflow/example_dags/example_xcom.py for tasks to queue
[2024-04-19T18:38:21.088+0000] {logging_mixin.py:188} INFO - [2024-04-19T18:38:21.088+0000] {dagbag.py:540} INFO - Filling up the DagBag from /home/airflow/.local/lib/python3.12/site-packages/airflow/example_dags/example_xcom.py
[2024-04-19T18:38:21.096+0000] {processor.py:840} INFO - DAG(s) 'example_xcom' retrieved from /home/airflow/.local/lib/python3.12/site-packages/airflow/example_dags/example_xcom.py
[2024-04-19T18:38:21.123+0000] {logging_mixin.py:188} INFO - [2024-04-19T18:38:21.123+0000] {dag.py:3096} INFO - Sync 1 DAGs
[2024-04-19T18:38:21.148+0000] {logging_mixin.py:188} INFO - [2024-04-19T18:38:21.148+0000] {dag.py:3954} INFO - Setting next_dagrun for example_xcom to 2021-01-01 00:00:00+00:00, run_after=2021-01-01 00:00:00+00:00
[2024-04-19T18:38:21.175+0000] {processor.py:183} INFO - Processing /home/airflow/.local/lib/python3.12/site-packages/airflow/example_dags/example_xcom.py took 0.100 seconds
[2024-04-19T18:38:51.660+0000] {processor.py:161} INFO - Started process (PID=710) to work on /home/airflow/.local/lib/python3.12/site-packages/airflow/example_dags/example_xcom.py
[2024-04-19T18:38:51.661+0000] {processor.py:830} INFO - Processing file /home/airflow/.local/lib/python3.12/site-packages/airflow/example_dags/example_xcom.py for tasks to queue
[2024-04-19T18:38:51.664+0000] {logging_mixin.py:188} INFO - [2024-04-19T18:38:51.663+0000] {dagbag.py:540} INFO - Filling up the DagBag from /home/airflow/.local/lib/python3.12/site-packages/airflow/example_dags/example_xcom.py
[2024-04-19T18:38:51.674+0000] {processor.py:840} INFO - DAG(s) 'example_xcom' retrieved from /home/airflow/.local/lib/python3.12/site-packages/airflow/example_dags/example_xcom.py
[2024-04-19T18:38:51.711+0000] {logging_mixin.py:188} INFO - [2024-04-19T18:38:51.710+0000] {dag.py:3096} INFO - Sync 1 DAGs
[2024-04-19T18:38:51.751+0000] {logging_mixin.py:188} INFO - [2024-04-19T18:38:51.750+0000] {dag.py:3954} INFO - Setting next_dagrun for example_xcom to 2021-01-01 00:00:00+00:00, run_after=2021-01-01 00:00:00+00:00
[2024-04-19T18:38:51.785+0000] {processor.py:183} INFO - Processing /home/airflow/.local/lib/python3.12/site-packages/airflow/example_dags/example_xcom.py took 0.138 seconds
[2024-04-19T18:39:22.312+0000] {processor.py:161} INFO - Started process (PID=769) to work on /home/airflow/.local/lib/python3.12/site-packages/airflow/example_dags/example_xcom.py
[2024-04-19T18:39:22.314+0000] {processor.py:830} INFO - Processing file /home/airflow/.local/lib/python3.12/site-packages/airflow/example_dags/example_xcom.py for tasks to queue
[2024-04-19T18:39:22.321+0000] {logging_mixin.py:188} INFO - [2024-04-19T18:39:22.319+0000] {dagbag.py:540} INFO - Filling up the DagBag from /home/airflow/.local/lib/python3.12/site-packages/airflow/example_dags/example_xcom.py
[2024-04-19T18:39:22.349+0000] {processor.py:840} INFO - DAG(s) 'example_xcom' retrieved from /home/airflow/.local/lib/python3.12/site-packages/airflow/example_dags/example_xcom.py
[2024-04-19T18:39:22.404+0000] {logging_mixin.py:188} INFO - [2024-04-19T18:39:22.403+0000] {dag.py:3096} INFO - Sync 1 DAGs
[2024-04-19T18:39:22.461+0000] {logging_mixin.py:188} INFO - [2024-04-19T18:39:22.460+0000] {dag.py:3954} INFO - Setting next_dagrun for example_xcom to 2021-01-01 00:00:00+00:00, run_after=2021-01-01 00:00:00+00:00
[2024-04-19T18:39:22.521+0000] {processor.py:183} INFO - Processing /home/airflow/.local/lib/python3.12/site-packages/airflow/example_dags/example_xcom.py took 0.219 seconds
[2024-04-19T18:39:53.003+0000] {processor.py:161} INFO - Started process (PID=827) to work on /home/airflow/.local/lib/python3.12/site-packages/airflow/example_dags/example_xcom.py
[2024-04-19T18:39:53.015+0000] {processor.py:830} INFO - Processing file /home/airflow/.local/lib/python3.12/site-packages/airflow/example_dags/example_xcom.py for tasks to queue
[2024-04-19T18:39:53.018+0000] {logging_mixin.py:188} INFO - [2024-04-19T18:39:53.018+0000] {dagbag.py:540} INFO - Filling up the DagBag from /home/airflow/.local/lib/python3.12/site-packages/airflow/example_dags/example_xcom.py
[2024-04-19T18:39:53.041+0000] {processor.py:840} INFO - DAG(s) 'example_xcom' retrieved from /home/airflow/.local/lib/python3.12/site-packages/airflow/example_dags/example_xcom.py
[2024-04-19T18:39:53.121+0000] {logging_mixin.py:188} INFO - [2024-04-19T18:39:53.121+0000] {dag.py:3096} INFO - Sync 1 DAGs
[2024-04-19T18:39:53.173+0000] {logging_mixin.py:188} INFO - [2024-04-19T18:39:53.172+0000] {dag.py:3954} INFO - Setting next_dagrun for example_xcom to 2021-01-01 00:00:00+00:00, run_after=2021-01-01 00:00:00+00:00
[2024-04-19T18:39:53.396+0000] {processor.py:183} INFO - Processing /home/airflow/.local/lib/python3.12/site-packages/airflow/example_dags/example_xcom.py took 0.404 seconds
[2024-04-19T18:40:23.624+0000] {processor.py:161} INFO - Started process (PID=885) to work on /home/airflow/.local/lib/python3.12/site-packages/airflow/example_dags/example_xcom.py
[2024-04-19T18:40:23.625+0000] {processor.py:830} INFO - Processing file /home/airflow/.local/lib/python3.12/site-packages/airflow/example_dags/example_xcom.py for tasks to queue
[2024-04-19T18:40:23.628+0000] {logging_mixin.py:188} INFO - [2024-04-19T18:40:23.627+0000] {dagbag.py:540} INFO - Filling up the DagBag from /home/airflow/.local/lib/python3.12/site-packages/airflow/example_dags/example_xcom.py
[2024-04-19T18:40:23.640+0000] {processor.py:840} INFO - DAG(s) 'example_xcom' retrieved from /home/airflow/.local/lib/python3.12/site-packages/airflow/example_dags/example_xcom.py
[2024-04-19T18:40:23.674+0000] {logging_mixin.py:188} INFO - [2024-04-19T18:40:23.674+0000] {dag.py:3096} INFO - Sync 1 DAGs
[2024-04-19T18:40:23.908+0000] {logging_mixin.py:188} INFO - [2024-04-19T18:40:23.907+0000] {dag.py:3954} INFO - Setting next_dagrun for example_xcom to 2021-01-01 00:00:00+00:00, run_after=2021-01-01 00:00:00+00:00
[2024-04-19T18:40:23.934+0000] {processor.py:183} INFO - Processing /home/airflow/.local/lib/python3.12/site-packages/airflow/example_dags/example_xcom.py took 0.318 seconds
[2024-04-19T18:40:54.020+0000] {processor.py:161} INFO - Started process (PID=946) to work on /home/airflow/.local/lib/python3.12/site-packages/airflow/example_dags/example_xcom.py
[2024-04-19T18:40:54.023+0000] {processor.py:830} INFO - Processing file /home/airflow/.local/lib/python3.12/site-packages/airflow/example_dags/example_xcom.py for tasks to queue
[2024-04-19T18:40:54.026+0000] {logging_mixin.py:188} INFO - [2024-04-19T18:40:54.025+0000] {dagbag.py:540} INFO - Filling up the DagBag from /home/airflow/.local/lib/python3.12/site-packages/airflow/example_dags/example_xcom.py
[2024-04-19T18:40:54.038+0000] {processor.py:840} INFO - DAG(s) 'example_xcom' retrieved from /home/airflow/.local/lib/python3.12/site-packages/airflow/example_dags/example_xcom.py
[2024-04-19T18:40:54.068+0000] {logging_mixin.py:188} INFO - [2024-04-19T18:40:54.067+0000] {dag.py:3096} INFO - Sync 1 DAGs
[2024-04-19T18:40:54.098+0000] {logging_mixin.py:188} INFO - [2024-04-19T18:40:54.098+0000] {dag.py:3954} INFO - Setting next_dagrun for example_xcom to 2021-01-01 00:00:00+00:00, run_after=2021-01-01 00:00:00+00:00
[2024-04-19T18:40:54.386+0000] {processor.py:183} INFO - Processing /home/airflow/.local/lib/python3.12/site-packages/airflow/example_dags/example_xcom.py took 0.374 seconds
[2024-04-19T18:41:24.942+0000] {processor.py:161} INFO - Started process (PID=1006) to work on /home/airflow/.local/lib/python3.12/site-packages/airflow/example_dags/example_xcom.py
[2024-04-19T18:41:24.942+0000] {processor.py:830} INFO - Processing file /home/airflow/.local/lib/python3.12/site-packages/airflow/example_dags/example_xcom.py for tasks to queue
[2024-04-19T18:41:24.944+0000] {logging_mixin.py:188} INFO - [2024-04-19T18:41:24.944+0000] {dagbag.py:540} INFO - Filling up the DagBag from /home/airflow/.local/lib/python3.12/site-packages/airflow/example_dags/example_xcom.py
[2024-04-19T18:41:24.953+0000] {processor.py:840} INFO - DAG(s) 'example_xcom' retrieved from /home/airflow/.local/lib/python3.12/site-packages/airflow/example_dags/example_xcom.py
[2024-04-19T18:41:24.977+0000] {logging_mixin.py:188} INFO - [2024-04-19T18:41:24.977+0000] {dag.py:3096} INFO - Sync 1 DAGs
[2024-04-19T18:41:24.996+0000] {logging_mixin.py:188} INFO - [2024-04-19T18:41:24.996+0000] {dag.py:3954} INFO - Setting next_dagrun for example_xcom to 2021-01-01 00:00:00+00:00, run_after=2021-01-01 00:00:00+00:00
[2024-04-19T18:41:25.026+0000] {processor.py:183} INFO - Processing /home/airflow/.local/lib/python3.12/site-packages/airflow/example_dags/example_xcom.py took 0.090 seconds
[2024-04-19T18:41:55.336+0000] {processor.py:161} INFO - Started process (PID=1066) to work on /home/airflow/.local/lib/python3.12/site-packages/airflow/example_dags/example_xcom.py
[2024-04-19T18:41:55.337+0000] {processor.py:830} INFO - Processing file /home/airflow/.local/lib/python3.12/site-packages/airflow/example_dags/example_xcom.py for tasks to queue
[2024-04-19T18:41:55.338+0000] {logging_mixin.py:188} INFO - [2024-04-19T18:41:55.338+0000] {dagbag.py:540} INFO - Filling up the DagBag from /home/airflow/.local/lib/python3.12/site-packages/airflow/example_dags/example_xcom.py
[2024-04-19T18:41:55.346+0000] {processor.py:840} INFO - DAG(s) 'example_xcom' retrieved from /home/airflow/.local/lib/python3.12/site-packages/airflow/example_dags/example_xcom.py
[2024-04-19T18:41:55.368+0000] {logging_mixin.py:188} INFO - [2024-04-19T18:41:55.368+0000] {dag.py:3096} INFO - Sync 1 DAGs
[2024-04-19T18:41:55.392+0000] {logging_mixin.py:188} INFO - [2024-04-19T18:41:55.392+0000] {dag.py:3954} INFO - Setting next_dagrun for example_xcom to 2021-01-01 00:00:00+00:00, run_after=2021-01-01 00:00:00+00:00
[2024-04-19T18:41:55.416+0000] {processor.py:183} INFO - Processing /home/airflow/.local/lib/python3.12/site-packages/airflow/example_dags/example_xcom.py took 0.088 seconds
[2024-04-19T18:42:26.005+0000] {processor.py:161} INFO - Started process (PID=1125) to work on /home/airflow/.local/lib/python3.12/site-packages/airflow/example_dags/example_xcom.py
[2024-04-19T18:42:26.022+0000] {processor.py:830} INFO - Processing file /home/airflow/.local/lib/python3.12/site-packages/airflow/example_dags/example_xcom.py for tasks to queue
[2024-04-19T18:42:26.025+0000] {logging_mixin.py:188} INFO - [2024-04-19T18:42:26.024+0000] {dagbag.py:540} INFO - Filling up the DagBag from /home/airflow/.local/lib/python3.12/site-packages/airflow/example_dags/example_xcom.py
[2024-04-19T18:42:26.048+0000] {processor.py:840} INFO - DAG(s) 'example_xcom' retrieved from /home/airflow/.local/lib/python3.12/site-packages/airflow/example_dags/example_xcom.py
[2024-04-19T18:42:26.073+0000] {logging_mixin.py:188} INFO - [2024-04-19T18:42:26.073+0000] {dag.py:3096} INFO - Sync 1 DAGs
[2024-04-19T18:42:26.098+0000] {logging_mixin.py:188} INFO - [2024-04-19T18:42:26.098+0000] {dag.py:3954} INFO - Setting next_dagrun for example_xcom to 2021-01-01 00:00:00+00:00, run_after=2021-01-01 00:00:00+00:00
[2024-04-19T18:42:26.139+0000] {processor.py:183} INFO - Processing /home/airflow/.local/lib/python3.12/site-packages/airflow/example_dags/example_xcom.py took 0.146 seconds
[2024-04-19T18:42:56.340+0000] {processor.py:161} INFO - Started process (PID=1185) to work on /home/airflow/.local/lib/python3.12/site-packages/airflow/example_dags/example_xcom.py
[2024-04-19T18:42:56.342+0000] {processor.py:830} INFO - Processing file /home/airflow/.local/lib/python3.12/site-packages/airflow/example_dags/example_xcom.py for tasks to queue
[2024-04-19T18:42:56.344+0000] {logging_mixin.py:188} INFO - [2024-04-19T18:42:56.344+0000] {dagbag.py:540} INFO - Filling up the DagBag from /home/airflow/.local/lib/python3.12/site-packages/airflow/example_dags/example_xcom.py
[2024-04-19T18:42:56.352+0000] {processor.py:840} INFO - DAG(s) 'example_xcom' retrieved from /home/airflow/.local/lib/python3.12/site-packages/airflow/example_dags/example_xcom.py
[2024-04-19T18:42:56.377+0000] {logging_mixin.py:188} INFO - [2024-04-19T18:42:56.376+0000] {dag.py:3096} INFO - Sync 1 DAGs
[2024-04-19T18:42:56.407+0000] {logging_mixin.py:188} INFO - [2024-04-19T18:42:56.407+0000] {dag.py:3954} INFO - Setting next_dagrun for example_xcom to 2021-01-01 00:00:00+00:00, run_after=2021-01-01 00:00:00+00:00
[2024-04-19T18:42:56.874+0000] {processor.py:183} INFO - Processing /home/airflow/.local/lib/python3.12/site-packages/airflow/example_dags/example_xcom.py took 0.541 seconds
[2024-04-19T18:43:26.919+0000] {processor.py:161} INFO - Started process (PID=1245) to work on /home/airflow/.local/lib/python3.12/site-packages/airflow/example_dags/example_xcom.py
[2024-04-19T18:43:26.921+0000] {processor.py:830} INFO - Processing file /home/airflow/.local/lib/python3.12/site-packages/airflow/example_dags/example_xcom.py for tasks to queue
[2024-04-19T18:43:26.923+0000] {logging_mixin.py:188} INFO - [2024-04-19T18:43:26.922+0000] {dagbag.py:540} INFO - Filling up the DagBag from /home/airflow/.local/lib/python3.12/site-packages/airflow/example_dags/example_xcom.py
[2024-04-19T18:43:26.930+0000] {processor.py:840} INFO - DAG(s) 'example_xcom' retrieved from /home/airflow/.local/lib/python3.12/site-packages/airflow/example_dags/example_xcom.py
[2024-04-19T18:43:26.954+0000] {logging_mixin.py:188} INFO - [2024-04-19T18:43:26.954+0000] {dag.py:3096} INFO - Sync 1 DAGs
[2024-04-19T18:43:26.981+0000] {logging_mixin.py:188} INFO - [2024-04-19T18:43:26.980+0000] {dag.py:3954} INFO - Setting next_dagrun for example_xcom to 2021-01-01 00:00:00+00:00, run_after=2021-01-01 00:00:00+00:00
[2024-04-19T18:43:27.006+0000] {processor.py:183} INFO - Processing /home/airflow/.local/lib/python3.12/site-packages/airflow/example_dags/example_xcom.py took 0.093 seconds
[2024-04-19T18:43:57.732+0000] {processor.py:161} INFO - Started process (PID=1305) to work on /home/airflow/.local/lib/python3.12/site-packages/airflow/example_dags/example_xcom.py
[2024-04-19T18:43:57.735+0000] {processor.py:830} INFO - Processing file /home/airflow/.local/lib/python3.12/site-packages/airflow/example_dags/example_xcom.py for tasks to queue
[2024-04-19T18:43:57.737+0000] {logging_mixin.py:188} INFO - [2024-04-19T18:43:57.737+0000] {dagbag.py:540} INFO - Filling up the DagBag from /home/airflow/.local/lib/python3.12/site-packages/airflow/example_dags/example_xcom.py
[2024-04-19T18:43:57.749+0000] {processor.py:840} INFO - DAG(s) 'example_xcom' retrieved from /home/airflow/.local/lib/python3.12/site-packages/airflow/example_dags/example_xcom.py
[2024-04-19T18:43:57.781+0000] {logging_mixin.py:188} INFO - [2024-04-19T18:43:57.780+0000] {dag.py:3096} INFO - Sync 1 DAGs
[2024-04-19T18:43:57.822+0000] {logging_mixin.py:188} INFO - [2024-04-19T18:43:57.822+0000] {dag.py:3954} INFO - Setting next_dagrun for example_xcom to 2021-01-01 00:00:00+00:00, run_after=2021-01-01 00:00:00+00:00
[2024-04-19T18:43:57.857+0000] {processor.py:183} INFO - Processing /home/airflow/.local/lib/python3.12/site-packages/airflow/example_dags/example_xcom.py took 0.135 seconds
[2024-04-19T18:44:28.205+0000] {processor.py:161} INFO - Started process (PID=1365) to work on /home/airflow/.local/lib/python3.12/site-packages/airflow/example_dags/example_xcom.py
[2024-04-19T18:44:28.207+0000] {processor.py:830} INFO - Processing file /home/airflow/.local/lib/python3.12/site-packages/airflow/example_dags/example_xcom.py for tasks to queue
[2024-04-19T18:44:28.210+0000] {logging_mixin.py:188} INFO - [2024-04-19T18:44:28.209+0000] {dagbag.py:540} INFO - Filling up the DagBag from /home/airflow/.local/lib/python3.12/site-packages/airflow/example_dags/example_xcom.py
[2024-04-19T18:44:28.227+0000] {processor.py:840} INFO - DAG(s) 'example_xcom' retrieved from /home/airflow/.local/lib/python3.12/site-packages/airflow/example_dags/example_xcom.py
[2024-04-19T18:44:28.275+0000] {logging_mixin.py:188} INFO - [2024-04-19T18:44:28.274+0000] {dag.py:3096} INFO - Sync 1 DAGs
[2024-04-19T18:44:28.334+0000] {logging_mixin.py:188} INFO - [2024-04-19T18:44:28.332+0000] {dag.py:3954} INFO - Setting next_dagrun for example_xcom to 2021-01-01 00:00:00+00:00, run_after=2021-01-01 00:00:00+00:00
[2024-04-19T18:44:28.374+0000] {processor.py:183} INFO - Processing /home/airflow/.local/lib/python3.12/site-packages/airflow/example_dags/example_xcom.py took 0.180 seconds
[2024-04-19T18:44:58.802+0000] {processor.py:161} INFO - Started process (PID=1425) to work on /home/airflow/.local/lib/python3.12/site-packages/airflow/example_dags/example_xcom.py
[2024-04-19T18:44:58.803+0000] {processor.py:830} INFO - Processing file /home/airflow/.local/lib/python3.12/site-packages/airflow/example_dags/example_xcom.py for tasks to queue
[2024-04-19T18:44:58.805+0000] {logging_mixin.py:188} INFO - [2024-04-19T18:44:58.804+0000] {dagbag.py:540} INFO - Filling up the DagBag from /home/airflow/.local/lib/python3.12/site-packages/airflow/example_dags/example_xcom.py
[2024-04-19T18:44:58.813+0000] {processor.py:840} INFO - DAG(s) 'example_xcom' retrieved from /home/airflow/.local/lib/python3.12/site-packages/airflow/example_dags/example_xcom.py
[2024-04-19T18:44:58.836+0000] {logging_mixin.py:188} INFO - [2024-04-19T18:44:58.835+0000] {dag.py:3096} INFO - Sync 1 DAGs
[2024-04-19T18:44:58.859+0000] {logging_mixin.py:188} INFO - [2024-04-19T18:44:58.858+0000] {dag.py:3954} INFO - Setting next_dagrun for example_xcom to 2021-01-01 00:00:00+00:00, run_after=2021-01-01 00:00:00+00:00
[2024-04-19T18:44:58.883+0000] {processor.py:183} INFO - Processing /home/airflow/.local/lib/python3.12/site-packages/airflow/example_dags/example_xcom.py took 0.087 seconds
[2024-04-19T18:45:29.143+0000] {processor.py:161} INFO - Started process (PID=1485) to work on /home/airflow/.local/lib/python3.12/site-packages/airflow/example_dags/example_xcom.py
[2024-04-19T18:45:29.144+0000] {processor.py:830} INFO - Processing file /home/airflow/.local/lib/python3.12/site-packages/airflow/example_dags/example_xcom.py for tasks to queue
[2024-04-19T18:45:29.147+0000] {logging_mixin.py:188} INFO - [2024-04-19T18:45:29.146+0000] {dagbag.py:540} INFO - Filling up the DagBag from /home/airflow/.local/lib/python3.12/site-packages/airflow/example_dags/example_xcom.py
[2024-04-19T18:45:29.171+0000] {processor.py:840} INFO - DAG(s) 'example_xcom' retrieved from /home/airflow/.local/lib/python3.12/site-packages/airflow/example_dags/example_xcom.py
[2024-04-19T18:45:29.224+0000] {logging_mixin.py:188} INFO - [2024-04-19T18:45:29.223+0000] {dag.py:3096} INFO - Sync 1 DAGs
[2024-04-19T18:45:29.254+0000] {logging_mixin.py:188} INFO - [2024-04-19T18:45:29.254+0000] {dag.py:3954} INFO - Setting next_dagrun for example_xcom to 2021-01-01 00:00:00+00:00, run_after=2021-01-01 00:00:00+00:00
[2024-04-19T18:45:29.281+0000] {processor.py:183} INFO - Processing /home/airflow/.local/lib/python3.12/site-packages/airflow/example_dags/example_xcom.py took 0.149 seconds
[2024-04-19T18:45:59.462+0000] {processor.py:161} INFO - Started process (PID=1545) to work on /home/airflow/.local/lib/python3.12/site-packages/airflow/example_dags/example_xcom.py
[2024-04-19T18:45:59.463+0000] {processor.py:830} INFO - Processing file /home/airflow/.local/lib/python3.12/site-packages/airflow/example_dags/example_xcom.py for tasks to queue
[2024-04-19T18:45:59.466+0000] {logging_mixin.py:188} INFO - [2024-04-19T18:45:59.465+0000] {dagbag.py:540} INFO - Filling up the DagBag from /home/airflow/.local/lib/python3.12/site-packages/airflow/example_dags/example_xcom.py
[2024-04-19T18:45:59.475+0000] {processor.py:840} INFO - DAG(s) 'example_xcom' retrieved from /home/airflow/.local/lib/python3.12/site-packages/airflow/example_dags/example_xcom.py
[2024-04-19T18:45:59.495+0000] {logging_mixin.py:188} INFO - [2024-04-19T18:45:59.495+0000] {dag.py:3096} INFO - Sync 1 DAGs
[2024-04-19T18:45:59.518+0000] {logging_mixin.py:188} INFO - [2024-04-19T18:45:59.518+0000] {dag.py:3954} INFO - Setting next_dagrun for example_xcom to 2021-01-01 00:00:00+00:00, run_after=2021-01-01 00:00:00+00:00
[2024-04-19T18:45:59.539+0000] {processor.py:183} INFO - Processing /home/airflow/.local/lib/python3.12/site-packages/airflow/example_dags/example_xcom.py took 0.082 seconds
[2024-04-19T18:46:30.325+0000] {processor.py:161} INFO - Started process (PID=1606) to work on /home/airflow/.local/lib/python3.12/site-packages/airflow/example_dags/example_xcom.py
[2024-04-19T18:46:30.329+0000] {processor.py:830} INFO - Processing file /home/airflow/.local/lib/python3.12/site-packages/airflow/example_dags/example_xcom.py for tasks to queue
[2024-04-19T18:46:30.333+0000] {logging_mixin.py:188} INFO - [2024-04-19T18:46:30.332+0000] {dagbag.py:540} INFO - Filling up the DagBag from /home/airflow/.local/lib/python3.12/site-packages/airflow/example_dags/example_xcom.py
[2024-04-19T18:46:30.343+0000] {processor.py:840} INFO - DAG(s) 'example_xcom' retrieved from /home/airflow/.local/lib/python3.12/site-packages/airflow/example_dags/example_xcom.py
[2024-04-19T18:46:30.404+0000] {logging_mixin.py:188} INFO - [2024-04-19T18:46:30.403+0000] {dag.py:3096} INFO - Sync 1 DAGs
[2024-04-19T18:46:30.437+0000] {logging_mixin.py:188} INFO - [2024-04-19T18:46:30.436+0000] {dag.py:3954} INFO - Setting next_dagrun for example_xcom to 2021-01-01 00:00:00+00:00, run_after=2021-01-01 00:00:00+00:00
[2024-04-19T18:46:30.461+0000] {processor.py:183} INFO - Processing /home/airflow/.local/lib/python3.12/site-packages/airflow/example_dags/example_xcom.py took 0.143 seconds
[2024-04-19T18:47:00.956+0000] {processor.py:161} INFO - Started process (PID=1666) to work on /home/airflow/.local/lib/python3.12/site-packages/airflow/example_dags/example_xcom.py
[2024-04-19T18:47:00.957+0000] {processor.py:830} INFO - Processing file /home/airflow/.local/lib/python3.12/site-packages/airflow/example_dags/example_xcom.py for tasks to queue
[2024-04-19T18:47:00.960+0000] {logging_mixin.py:188} INFO - [2024-04-19T18:47:00.960+0000] {dagbag.py:540} INFO - Filling up the DagBag from /home/airflow/.local/lib/python3.12/site-packages/airflow/example_dags/example_xcom.py
[2024-04-19T18:47:00.969+0000] {processor.py:840} INFO - DAG(s) 'example_xcom' retrieved from /home/airflow/.local/lib/python3.12/site-packages/airflow/example_dags/example_xcom.py
[2024-04-19T18:47:00.995+0000] {logging_mixin.py:188} INFO - [2024-04-19T18:47:00.994+0000] {dag.py:3096} INFO - Sync 1 DAGs
[2024-04-19T18:47:01.022+0000] {logging_mixin.py:188} INFO - [2024-04-19T18:47:01.021+0000] {dag.py:3954} INFO - Setting next_dagrun for example_xcom to 2021-01-01 00:00:00+00:00, run_after=2021-01-01 00:00:00+00:00
[2024-04-19T18:47:01.061+0000] {processor.py:183} INFO - Processing /home/airflow/.local/lib/python3.12/site-packages/airflow/example_dags/example_xcom.py took 0.110 seconds
[2024-04-19T18:47:31.389+0000] {processor.py:161} INFO - Started process (PID=1726) to work on /home/airflow/.local/lib/python3.12/site-packages/airflow/example_dags/example_xcom.py
[2024-04-19T18:47:31.456+0000] {processor.py:830} INFO - Processing file /home/airflow/.local/lib/python3.12/site-packages/airflow/example_dags/example_xcom.py for tasks to queue
[2024-04-19T18:47:31.467+0000] {logging_mixin.py:188} INFO - [2024-04-19T18:47:31.466+0000] {dagbag.py:540} INFO - Filling up the DagBag from /home/airflow/.local/lib/python3.12/site-packages/airflow/example_dags/example_xcom.py
[2024-04-19T18:47:31.492+0000] {processor.py:840} INFO - DAG(s) 'example_xcom' retrieved from /home/airflow/.local/lib/python3.12/site-packages/airflow/example_dags/example_xcom.py
[2024-04-19T18:47:31.608+0000] {logging_mixin.py:188} INFO - [2024-04-19T18:47:31.608+0000] {dag.py:3096} INFO - Sync 1 DAGs
[2024-04-19T18:47:31.692+0000] {logging_mixin.py:188} INFO - [2024-04-19T18:47:31.691+0000] {dag.py:3954} INFO - Setting next_dagrun for example_xcom to 2021-01-01 00:00:00+00:00, run_after=2021-01-01 00:00:00+00:00
[2024-04-19T18:47:31.764+0000] {processor.py:183} INFO - Processing /home/airflow/.local/lib/python3.12/site-packages/airflow/example_dags/example_xcom.py took 0.394 seconds
[2024-04-19T18:48:02.115+0000] {processor.py:161} INFO - Started process (PID=1786) to work on /home/airflow/.local/lib/python3.12/site-packages/airflow/example_dags/example_xcom.py
[2024-04-19T18:48:02.116+0000] {processor.py:830} INFO - Processing file /home/airflow/.local/lib/python3.12/site-packages/airflow/example_dags/example_xcom.py for tasks to queue
[2024-04-19T18:48:02.118+0000] {logging_mixin.py:188} INFO - [2024-04-19T18:48:02.117+0000] {dagbag.py:540} INFO - Filling up the DagBag from /home/airflow/.local/lib/python3.12/site-packages/airflow/example_dags/example_xcom.py
[2024-04-19T18:48:02.128+0000] {processor.py:840} INFO - DAG(s) 'example_xcom' retrieved from /home/airflow/.local/lib/python3.12/site-packages/airflow/example_dags/example_xcom.py
[2024-04-19T18:48:02.175+0000] {logging_mixin.py:188} INFO - [2024-04-19T18:48:02.174+0000] {dag.py:3096} INFO - Sync 1 DAGs
[2024-04-19T18:48:02.234+0000] {logging_mixin.py:188} INFO - [2024-04-19T18:48:02.233+0000] {dag.py:3954} INFO - Setting next_dagrun for example_xcom to 2021-01-01 00:00:00+00:00, run_after=2021-01-01 00:00:00+00:00
[2024-04-19T18:48:02.260+0000] {processor.py:183} INFO - Processing /home/airflow/.local/lib/python3.12/site-packages/airflow/example_dags/example_xcom.py took 0.151 seconds
[2024-04-19T18:48:33.150+0000] {processor.py:161} INFO - Started process (PID=1846) to work on /home/airflow/.local/lib/python3.12/site-packages/airflow/example_dags/example_xcom.py
[2024-04-19T18:48:33.152+0000] {processor.py:830} INFO - Processing file /home/airflow/.local/lib/python3.12/site-packages/airflow/example_dags/example_xcom.py for tasks to queue
[2024-04-19T18:48:33.153+0000] {logging_mixin.py:188} INFO - [2024-04-19T18:48:33.153+0000] {dagbag.py:540} INFO - Filling up the DagBag from /home/airflow/.local/lib/python3.12/site-packages/airflow/example_dags/example_xcom.py
[2024-04-19T18:48:33.166+0000] {processor.py:840} INFO - DAG(s) 'example_xcom' retrieved from /home/airflow/.local/lib/python3.12/site-packages/airflow/example_dags/example_xcom.py
[2024-04-19T18:48:33.207+0000] {logging_mixin.py:188} INFO - [2024-04-19T18:48:33.206+0000] {dag.py:3096} INFO - Sync 1 DAGs
[2024-04-19T18:48:33.259+0000] {logging_mixin.py:188} INFO - [2024-04-19T18:48:33.258+0000] {dag.py:3954} INFO - Setting next_dagrun for example_xcom to 2021-01-01 00:00:00+00:00, run_after=2021-01-01 00:00:00+00:00
[2024-04-19T18:48:33.300+0000] {processor.py:183} INFO - Processing /home/airflow/.local/lib/python3.12/site-packages/airflow/example_dags/example_xcom.py took 0.159 seconds
[2024-04-19T18:49:04.247+0000] {processor.py:161} INFO - Started process (PID=1905) to work on /home/airflow/.local/lib/python3.12/site-packages/airflow/example_dags/example_xcom.py
[2024-04-19T18:49:04.262+0000] {processor.py:830} INFO - Processing file /home/airflow/.local/lib/python3.12/site-packages/airflow/example_dags/example_xcom.py for tasks to queue
[2024-04-19T18:49:04.271+0000] {logging_mixin.py:188} INFO - [2024-04-19T18:49:04.269+0000] {dagbag.py:540} INFO - Filling up the DagBag from /home/airflow/.local/lib/python3.12/site-packages/airflow/example_dags/example_xcom.py
[2024-04-19T18:49:04.314+0000] {processor.py:840} INFO - DAG(s) 'example_xcom' retrieved from /home/airflow/.local/lib/python3.12/site-packages/airflow/example_dags/example_xcom.py
[2024-04-19T18:49:04.354+0000] {logging_mixin.py:188} INFO - [2024-04-19T18:49:04.353+0000] {dag.py:3096} INFO - Sync 1 DAGs
[2024-04-19T18:49:04.434+0000] {logging_mixin.py:188} INFO - [2024-04-19T18:49:04.434+0000] {dag.py:3954} INFO - Setting next_dagrun for example_xcom to 2021-01-01 00:00:00+00:00, run_after=2021-01-01 00:00:00+00:00
[2024-04-19T18:49:04.472+0000] {processor.py:183} INFO - Processing /home/airflow/.local/lib/python3.12/site-packages/airflow/example_dags/example_xcom.py took 0.255 seconds
[2024-04-19T18:56:16.768+0000] {processor.py:161} INFO - Started process (PID=72) to work on /home/airflow/.local/lib/python3.12/site-packages/airflow/example_dags/example_xcom.py
[2024-04-19T18:56:16.781+0000] {processor.py:830} INFO - Processing file /home/airflow/.local/lib/python3.12/site-packages/airflow/example_dags/example_xcom.py for tasks to queue
[2024-04-19T18:56:16.793+0000] {logging_mixin.py:188} INFO - [2024-04-19T18:56:16.792+0000] {dagbag.py:540} INFO - Filling up the DagBag from /home/airflow/.local/lib/python3.12/site-packages/airflow/example_dags/example_xcom.py
[2024-04-19T18:56:16.886+0000] {processor.py:840} INFO - DAG(s) 'example_xcom' retrieved from /home/airflow/.local/lib/python3.12/site-packages/airflow/example_dags/example_xcom.py
[2024-04-19T18:56:17.074+0000] {logging_mixin.py:188} INFO - [2024-04-19T18:56:17.074+0000] {dag.py:3096} INFO - Sync 1 DAGs
[2024-04-19T18:56:17.269+0000] {logging_mixin.py:188} INFO - [2024-04-19T18:56:17.268+0000] {dag.py:3954} INFO - Setting next_dagrun for example_xcom to 2021-01-01 00:00:00+00:00, run_after=2021-01-01 00:00:00+00:00
[2024-04-19T18:56:17.516+0000] {processor.py:183} INFO - Processing /home/airflow/.local/lib/python3.12/site-packages/airflow/example_dags/example_xcom.py took 0.723 seconds
[2024-04-19T18:56:47.966+0000] {processor.py:161} INFO - Started process (PID=131) to work on /home/airflow/.local/lib/python3.12/site-packages/airflow/example_dags/example_xcom.py
[2024-04-19T18:56:47.967+0000] {processor.py:830} INFO - Processing file /home/airflow/.local/lib/python3.12/site-packages/airflow/example_dags/example_xcom.py for tasks to queue
[2024-04-19T18:56:47.972+0000] {logging_mixin.py:188} INFO - [2024-04-19T18:56:47.969+0000] {dagbag.py:540} INFO - Filling up the DagBag from /home/airflow/.local/lib/python3.12/site-packages/airflow/example_dags/example_xcom.py
[2024-04-19T18:56:47.991+0000] {processor.py:840} INFO - DAG(s) 'example_xcom' retrieved from /home/airflow/.local/lib/python3.12/site-packages/airflow/example_dags/example_xcom.py
[2024-04-19T18:56:48.011+0000] {logging_mixin.py:188} INFO - [2024-04-19T18:56:48.011+0000] {dag.py:3096} INFO - Sync 1 DAGs
[2024-04-19T18:56:48.048+0000] {logging_mixin.py:188} INFO - [2024-04-19T18:56:48.048+0000] {dag.py:3954} INFO - Setting next_dagrun for example_xcom to 2021-01-01 00:00:00+00:00, run_after=2021-01-01 00:00:00+00:00
[2024-04-19T18:56:48.072+0000] {processor.py:183} INFO - Processing /home/airflow/.local/lib/python3.12/site-packages/airflow/example_dags/example_xcom.py took 0.113 seconds
[2024-04-19T18:57:18.157+0000] {processor.py:161} INFO - Started process (PID=190) to work on /home/airflow/.local/lib/python3.12/site-packages/airflow/example_dags/example_xcom.py
[2024-04-19T18:57:18.158+0000] {processor.py:830} INFO - Processing file /home/airflow/.local/lib/python3.12/site-packages/airflow/example_dags/example_xcom.py for tasks to queue
[2024-04-19T18:57:18.160+0000] {logging_mixin.py:188} INFO - [2024-04-19T18:57:18.159+0000] {dagbag.py:540} INFO - Filling up the DagBag from /home/airflow/.local/lib/python3.12/site-packages/airflow/example_dags/example_xcom.py
[2024-04-19T18:57:18.175+0000] {processor.py:840} INFO - DAG(s) 'example_xcom' retrieved from /home/airflow/.local/lib/python3.12/site-packages/airflow/example_dags/example_xcom.py
[2024-04-19T18:57:18.367+0000] {logging_mixin.py:188} INFO - [2024-04-19T18:57:18.366+0000] {dag.py:3096} INFO - Sync 1 DAGs
[2024-04-19T18:57:18.412+0000] {logging_mixin.py:188} INFO - [2024-04-19T18:57:18.412+0000] {dag.py:3954} INFO - Setting next_dagrun for example_xcom to 2021-01-01 00:00:00+00:00, run_after=2021-01-01 00:00:00+00:00
[2024-04-19T18:57:18.465+0000] {processor.py:183} INFO - Processing /home/airflow/.local/lib/python3.12/site-packages/airflow/example_dags/example_xcom.py took 0.316 seconds
[2024-04-19T18:57:48.608+0000] {processor.py:161} INFO - Started process (PID=249) to work on /home/airflow/.local/lib/python3.12/site-packages/airflow/example_dags/example_xcom.py
[2024-04-19T18:57:48.609+0000] {processor.py:830} INFO - Processing file /home/airflow/.local/lib/python3.12/site-packages/airflow/example_dags/example_xcom.py for tasks to queue
[2024-04-19T18:57:48.611+0000] {logging_mixin.py:188} INFO - [2024-04-19T18:57:48.610+0000] {dagbag.py:540} INFO - Filling up the DagBag from /home/airflow/.local/lib/python3.12/site-packages/airflow/example_dags/example_xcom.py
[2024-04-19T18:57:48.626+0000] {processor.py:840} INFO - DAG(s) 'example_xcom' retrieved from /home/airflow/.local/lib/python3.12/site-packages/airflow/example_dags/example_xcom.py
[2024-04-19T18:57:48.666+0000] {logging_mixin.py:188} INFO - [2024-04-19T18:57:48.665+0000] {dag.py:3096} INFO - Sync 1 DAGs
[2024-04-19T18:57:48.700+0000] {logging_mixin.py:188} INFO - [2024-04-19T18:57:48.700+0000] {dag.py:3954} INFO - Setting next_dagrun for example_xcom to 2021-01-01 00:00:00+00:00, run_after=2021-01-01 00:00:00+00:00
[2024-04-19T18:57:48.726+0000] {processor.py:183} INFO - Processing /home/airflow/.local/lib/python3.12/site-packages/airflow/example_dags/example_xcom.py took 0.129 seconds
[2024-04-19T18:58:19.269+0000] {processor.py:161} INFO - Started process (PID=310) to work on /home/airflow/.local/lib/python3.12/site-packages/airflow/example_dags/example_xcom.py
[2024-04-19T18:58:19.272+0000] {processor.py:830} INFO - Processing file /home/airflow/.local/lib/python3.12/site-packages/airflow/example_dags/example_xcom.py for tasks to queue
[2024-04-19T18:58:19.274+0000] {logging_mixin.py:188} INFO - [2024-04-19T18:58:19.273+0000] {dagbag.py:540} INFO - Filling up the DagBag from /home/airflow/.local/lib/python3.12/site-packages/airflow/example_dags/example_xcom.py
[2024-04-19T18:58:19.291+0000] {processor.py:840} INFO - DAG(s) 'example_xcom' retrieved from /home/airflow/.local/lib/python3.12/site-packages/airflow/example_dags/example_xcom.py
[2024-04-19T18:58:19.336+0000] {logging_mixin.py:188} INFO - [2024-04-19T18:58:19.334+0000] {dag.py:3096} INFO - Sync 1 DAGs
[2024-04-19T18:58:19.380+0000] {logging_mixin.py:188} INFO - [2024-04-19T18:58:19.379+0000] {dag.py:3954} INFO - Setting next_dagrun for example_xcom to 2021-01-01 00:00:00+00:00, run_after=2021-01-01 00:00:00+00:00
[2024-04-19T18:58:19.424+0000] {processor.py:183} INFO - Processing /home/airflow/.local/lib/python3.12/site-packages/airflow/example_dags/example_xcom.py took 0.164 seconds
[2024-04-19T18:58:49.480+0000] {processor.py:161} INFO - Started process (PID=370) to work on /home/airflow/.local/lib/python3.12/site-packages/airflow/example_dags/example_xcom.py
[2024-04-19T18:58:49.482+0000] {processor.py:830} INFO - Processing file /home/airflow/.local/lib/python3.12/site-packages/airflow/example_dags/example_xcom.py for tasks to queue
[2024-04-19T18:58:49.483+0000] {logging_mixin.py:188} INFO - [2024-04-19T18:58:49.482+0000] {dagbag.py:540} INFO - Filling up the DagBag from /home/airflow/.local/lib/python3.12/site-packages/airflow/example_dags/example_xcom.py
[2024-04-19T18:58:49.491+0000] {processor.py:840} INFO - DAG(s) 'example_xcom' retrieved from /home/airflow/.local/lib/python3.12/site-packages/airflow/example_dags/example_xcom.py
[2024-04-19T18:58:49.515+0000] {logging_mixin.py:188} INFO - [2024-04-19T18:58:49.515+0000] {dag.py:3096} INFO - Sync 1 DAGs
[2024-04-19T18:58:49.538+0000] {logging_mixin.py:188} INFO - [2024-04-19T18:58:49.538+0000] {dag.py:3954} INFO - Setting next_dagrun for example_xcom to 2021-01-01 00:00:00+00:00, run_after=2021-01-01 00:00:00+00:00
[2024-04-19T18:58:49.561+0000] {processor.py:183} INFO - Processing /home/airflow/.local/lib/python3.12/site-packages/airflow/example_dags/example_xcom.py took 0.088 seconds
[2024-04-19T18:59:19.666+0000] {processor.py:161} INFO - Started process (PID=429) to work on /home/airflow/.local/lib/python3.12/site-packages/airflow/example_dags/example_xcom.py
[2024-04-19T18:59:19.667+0000] {processor.py:830} INFO - Processing file /home/airflow/.local/lib/python3.12/site-packages/airflow/example_dags/example_xcom.py for tasks to queue
[2024-04-19T18:59:19.668+0000] {logging_mixin.py:188} INFO - [2024-04-19T18:59:19.668+0000] {dagbag.py:540} INFO - Filling up the DagBag from /home/airflow/.local/lib/python3.12/site-packages/airflow/example_dags/example_xcom.py
[2024-04-19T18:59:19.679+0000] {processor.py:840} INFO - DAG(s) 'example_xcom' retrieved from /home/airflow/.local/lib/python3.12/site-packages/airflow/example_dags/example_xcom.py
[2024-04-19T18:59:19.706+0000] {logging_mixin.py:188} INFO - [2024-04-19T18:59:19.703+0000] {dag.py:3096} INFO - Sync 1 DAGs
[2024-04-19T18:59:19.733+0000] {logging_mixin.py:188} INFO - [2024-04-19T18:59:19.732+0000] {dag.py:3954} INFO - Setting next_dagrun for example_xcom to 2021-01-01 00:00:00+00:00, run_after=2021-01-01 00:00:00+00:00
[2024-04-19T18:59:19.759+0000] {processor.py:183} INFO - Processing /home/airflow/.local/lib/python3.12/site-packages/airflow/example_dags/example_xcom.py took 0.098 seconds
[2024-04-19T18:59:50.478+0000] {processor.py:161} INFO - Started process (PID=489) to work on /home/airflow/.local/lib/python3.12/site-packages/airflow/example_dags/example_xcom.py
[2024-04-19T18:59:50.479+0000] {processor.py:830} INFO - Processing file /home/airflow/.local/lib/python3.12/site-packages/airflow/example_dags/example_xcom.py for tasks to queue
[2024-04-19T18:59:50.480+0000] {logging_mixin.py:188} INFO - [2024-04-19T18:59:50.480+0000] {dagbag.py:540} INFO - Filling up the DagBag from /home/airflow/.local/lib/python3.12/site-packages/airflow/example_dags/example_xcom.py
[2024-04-19T18:59:50.491+0000] {processor.py:840} INFO - DAG(s) 'example_xcom' retrieved from /home/airflow/.local/lib/python3.12/site-packages/airflow/example_dags/example_xcom.py
[2024-04-19T18:59:50.515+0000] {logging_mixin.py:188} INFO - [2024-04-19T18:59:50.515+0000] {dag.py:3096} INFO - Sync 1 DAGs
[2024-04-19T18:59:50.547+0000] {logging_mixin.py:188} INFO - [2024-04-19T18:59:50.547+0000] {dag.py:3954} INFO - Setting next_dagrun for example_xcom to 2021-01-01 00:00:00+00:00, run_after=2021-01-01 00:00:00+00:00
[2024-04-19T18:59:50.574+0000] {processor.py:183} INFO - Processing /home/airflow/.local/lib/python3.12/site-packages/airflow/example_dags/example_xcom.py took 0.103 seconds
[2024-04-19T19:00:20.860+0000] {processor.py:161} INFO - Started process (PID=549) to work on /home/airflow/.local/lib/python3.12/site-packages/airflow/example_dags/example_xcom.py
[2024-04-19T19:00:20.861+0000] {processor.py:830} INFO - Processing file /home/airflow/.local/lib/python3.12/site-packages/airflow/example_dags/example_xcom.py for tasks to queue
[2024-04-19T19:00:20.862+0000] {logging_mixin.py:188} INFO - [2024-04-19T19:00:20.861+0000] {dagbag.py:540} INFO - Filling up the DagBag from /home/airflow/.local/lib/python3.12/site-packages/airflow/example_dags/example_xcom.py
[2024-04-19T19:00:20.873+0000] {processor.py:840} INFO - DAG(s) 'example_xcom' retrieved from /home/airflow/.local/lib/python3.12/site-packages/airflow/example_dags/example_xcom.py
[2024-04-19T19:00:20.897+0000] {logging_mixin.py:188} INFO - [2024-04-19T19:00:20.896+0000] {dag.py:3096} INFO - Sync 1 DAGs
[2024-04-19T19:00:20.921+0000] {logging_mixin.py:188} INFO - [2024-04-19T19:00:20.920+0000] {dag.py:3954} INFO - Setting next_dagrun for example_xcom to 2021-01-01 00:00:00+00:00, run_after=2021-01-01 00:00:00+00:00
[2024-04-19T19:00:20.941+0000] {processor.py:183} INFO - Processing /home/airflow/.local/lib/python3.12/site-packages/airflow/example_dags/example_xcom.py took 0.088 seconds
[2024-04-19T19:00:51.461+0000] {processor.py:161} INFO - Started process (PID=609) to work on /home/airflow/.local/lib/python3.12/site-packages/airflow/example_dags/example_xcom.py
[2024-04-19T19:00:51.463+0000] {processor.py:830} INFO - Processing file /home/airflow/.local/lib/python3.12/site-packages/airflow/example_dags/example_xcom.py for tasks to queue
[2024-04-19T19:00:51.464+0000] {logging_mixin.py:188} INFO - [2024-04-19T19:00:51.463+0000] {dagbag.py:540} INFO - Filling up the DagBag from /home/airflow/.local/lib/python3.12/site-packages/airflow/example_dags/example_xcom.py
[2024-04-19T19:00:51.475+0000] {processor.py:840} INFO - DAG(s) 'example_xcom' retrieved from /home/airflow/.local/lib/python3.12/site-packages/airflow/example_dags/example_xcom.py
[2024-04-19T19:00:51.503+0000] {logging_mixin.py:188} INFO - [2024-04-19T19:00:51.503+0000] {dag.py:3096} INFO - Sync 1 DAGs
[2024-04-19T19:00:51.537+0000] {logging_mixin.py:188} INFO - [2024-04-19T19:00:51.537+0000] {dag.py:3954} INFO - Setting next_dagrun for example_xcom to 2021-01-01 00:00:00+00:00, run_after=2021-01-01 00:00:00+00:00
[2024-04-19T19:00:51.564+0000] {processor.py:183} INFO - Processing /home/airflow/.local/lib/python3.12/site-packages/airflow/example_dags/example_xcom.py took 0.109 seconds
[2024-04-19T19:01:21.991+0000] {processor.py:161} INFO - Started process (PID=669) to work on /home/airflow/.local/lib/python3.12/site-packages/airflow/example_dags/example_xcom.py
[2024-04-19T19:01:21.992+0000] {processor.py:830} INFO - Processing file /home/airflow/.local/lib/python3.12/site-packages/airflow/example_dags/example_xcom.py for tasks to queue
[2024-04-19T19:01:21.993+0000] {logging_mixin.py:188} INFO - [2024-04-19T19:01:21.993+0000] {dagbag.py:540} INFO - Filling up the DagBag from /home/airflow/.local/lib/python3.12/site-packages/airflow/example_dags/example_xcom.py
[2024-04-19T19:01:22.004+0000] {processor.py:840} INFO - DAG(s) 'example_xcom' retrieved from /home/airflow/.local/lib/python3.12/site-packages/airflow/example_dags/example_xcom.py
[2024-04-19T19:01:22.029+0000] {logging_mixin.py:188} INFO - [2024-04-19T19:01:22.028+0000] {dag.py:3096} INFO - Sync 1 DAGs
[2024-04-19T19:01:22.056+0000] {logging_mixin.py:188} INFO - [2024-04-19T19:01:22.056+0000] {dag.py:3954} INFO - Setting next_dagrun for example_xcom to 2021-01-01 00:00:00+00:00, run_after=2021-01-01 00:00:00+00:00
[2024-04-19T19:01:22.077+0000] {processor.py:183} INFO - Processing /home/airflow/.local/lib/python3.12/site-packages/airflow/example_dags/example_xcom.py took 0.095 seconds
[2024-04-19T19:01:52.199+0000] {processor.py:161} INFO - Started process (PID=729) to work on /home/airflow/.local/lib/python3.12/site-packages/airflow/example_dags/example_xcom.py
[2024-04-19T19:01:52.200+0000] {processor.py:830} INFO - Processing file /home/airflow/.local/lib/python3.12/site-packages/airflow/example_dags/example_xcom.py for tasks to queue
[2024-04-19T19:01:52.201+0000] {logging_mixin.py:188} INFO - [2024-04-19T19:01:52.201+0000] {dagbag.py:540} INFO - Filling up the DagBag from /home/airflow/.local/lib/python3.12/site-packages/airflow/example_dags/example_xcom.py
[2024-04-19T19:01:52.208+0000] {processor.py:840} INFO - DAG(s) 'example_xcom' retrieved from /home/airflow/.local/lib/python3.12/site-packages/airflow/example_dags/example_xcom.py
[2024-04-19T19:01:52.235+0000] {logging_mixin.py:188} INFO - [2024-04-19T19:01:52.235+0000] {dag.py:3096} INFO - Sync 1 DAGs
[2024-04-19T19:01:52.261+0000] {logging_mixin.py:188} INFO - [2024-04-19T19:01:52.260+0000] {dag.py:3954} INFO - Setting next_dagrun for example_xcom to 2021-01-01 00:00:00+00:00, run_after=2021-01-01 00:00:00+00:00
[2024-04-19T19:01:52.296+0000] {processor.py:183} INFO - Processing /home/airflow/.local/lib/python3.12/site-packages/airflow/example_dags/example_xcom.py took 0.103 seconds
[2024-04-19T19:02:22.717+0000] {processor.py:161} INFO - Started process (PID=789) to work on /home/airflow/.local/lib/python3.12/site-packages/airflow/example_dags/example_xcom.py
[2024-04-19T19:02:22.718+0000] {processor.py:830} INFO - Processing file /home/airflow/.local/lib/python3.12/site-packages/airflow/example_dags/example_xcom.py for tasks to queue
[2024-04-19T19:02:22.720+0000] {logging_mixin.py:188} INFO - [2024-04-19T19:02:22.719+0000] {dagbag.py:540} INFO - Filling up the DagBag from /home/airflow/.local/lib/python3.12/site-packages/airflow/example_dags/example_xcom.py
[2024-04-19T19:02:22.727+0000] {processor.py:840} INFO - DAG(s) 'example_xcom' retrieved from /home/airflow/.local/lib/python3.12/site-packages/airflow/example_dags/example_xcom.py
[2024-04-19T19:02:22.759+0000] {logging_mixin.py:188} INFO - [2024-04-19T19:02:22.759+0000] {dag.py:3096} INFO - Sync 1 DAGs
[2024-04-19T19:02:22.786+0000] {logging_mixin.py:188} INFO - [2024-04-19T19:02:22.785+0000] {dag.py:3954} INFO - Setting next_dagrun for example_xcom to 2021-01-01 00:00:00+00:00, run_after=2021-01-01 00:00:00+00:00
[2024-04-19T19:02:22.824+0000] {processor.py:183} INFO - Processing /home/airflow/.local/lib/python3.12/site-packages/airflow/example_dags/example_xcom.py took 0.112 seconds
[2024-04-19T19:02:53.099+0000] {processor.py:161} INFO - Started process (PID=851) to work on /home/airflow/.local/lib/python3.12/site-packages/airflow/example_dags/example_xcom.py
[2024-04-19T19:02:53.100+0000] {processor.py:830} INFO - Processing file /home/airflow/.local/lib/python3.12/site-packages/airflow/example_dags/example_xcom.py for tasks to queue
[2024-04-19T19:02:53.101+0000] {logging_mixin.py:188} INFO - [2024-04-19T19:02:53.101+0000] {dagbag.py:540} INFO - Filling up the DagBag from /home/airflow/.local/lib/python3.12/site-packages/airflow/example_dags/example_xcom.py
[2024-04-19T19:02:53.110+0000] {processor.py:840} INFO - DAG(s) 'example_xcom' retrieved from /home/airflow/.local/lib/python3.12/site-packages/airflow/example_dags/example_xcom.py
[2024-04-19T19:02:53.146+0000] {logging_mixin.py:188} INFO - [2024-04-19T19:02:53.145+0000] {dag.py:3096} INFO - Sync 1 DAGs
[2024-04-19T19:02:53.185+0000] {logging_mixin.py:188} INFO - [2024-04-19T19:02:53.185+0000] {dag.py:3954} INFO - Setting next_dagrun for example_xcom to 2021-01-01 00:00:00+00:00, run_after=2021-01-01 00:00:00+00:00
[2024-04-19T19:02:53.214+0000] {processor.py:183} INFO - Processing /home/airflow/.local/lib/python3.12/site-packages/airflow/example_dags/example_xcom.py took 0.127 seconds
[2024-04-19T19:03:24.914+0000] {processor.py:161} INFO - Started process (PID=911) to work on /home/airflow/.local/lib/python3.12/site-packages/airflow/example_dags/example_xcom.py
[2024-04-19T19:03:24.927+0000] {processor.py:830} INFO - Processing file /home/airflow/.local/lib/python3.12/site-packages/airflow/example_dags/example_xcom.py for tasks to queue
[2024-04-19T19:03:24.929+0000] {logging_mixin.py:188} INFO - [2024-04-19T19:03:24.928+0000] {dagbag.py:540} INFO - Filling up the DagBag from /home/airflow/.local/lib/python3.12/site-packages/airflow/example_dags/example_xcom.py
[2024-04-19T19:03:24.998+0000] {processor.py:840} INFO - DAG(s) 'example_xcom' retrieved from /home/airflow/.local/lib/python3.12/site-packages/airflow/example_dags/example_xcom.py
[2024-04-19T19:03:25.224+0000] {logging_mixin.py:188} INFO - [2024-04-19T19:03:25.224+0000] {dag.py:3096} INFO - Sync 1 DAGs
[2024-04-19T19:03:25.390+0000] {logging_mixin.py:188} INFO - [2024-04-19T19:03:25.390+0000] {dag.py:3954} INFO - Setting next_dagrun for example_xcom to 2021-01-01 00:00:00+00:00, run_after=2021-01-01 00:00:00+00:00
[2024-04-19T19:03:25.546+0000] {processor.py:183} INFO - Processing /home/airflow/.local/lib/python3.12/site-packages/airflow/example_dags/example_xcom.py took 0.653 seconds
[2024-04-19T19:03:55.887+0000] {processor.py:161} INFO - Started process (PID=971) to work on /home/airflow/.local/lib/python3.12/site-packages/airflow/example_dags/example_xcom.py
[2024-04-19T19:03:55.889+0000] {processor.py:830} INFO - Processing file /home/airflow/.local/lib/python3.12/site-packages/airflow/example_dags/example_xcom.py for tasks to queue
[2024-04-19T19:03:55.891+0000] {logging_mixin.py:188} INFO - [2024-04-19T19:03:55.890+0000] {dagbag.py:540} INFO - Filling up the DagBag from /home/airflow/.local/lib/python3.12/site-packages/airflow/example_dags/example_xcom.py
[2024-04-19T19:03:55.901+0000] {processor.py:840} INFO - DAG(s) 'example_xcom' retrieved from /home/airflow/.local/lib/python3.12/site-packages/airflow/example_dags/example_xcom.py
[2024-04-19T19:03:55.929+0000] {logging_mixin.py:188} INFO - [2024-04-19T19:03:55.929+0000] {dag.py:3096} INFO - Sync 1 DAGs
[2024-04-19T19:03:55.956+0000] {logging_mixin.py:188} INFO - [2024-04-19T19:03:55.956+0000] {dag.py:3954} INFO - Setting next_dagrun for example_xcom to 2021-01-01 00:00:00+00:00, run_after=2021-01-01 00:00:00+00:00
[2024-04-19T19:03:56.180+0000] {processor.py:183} INFO - Processing /home/airflow/.local/lib/python3.12/site-packages/airflow/example_dags/example_xcom.py took 0.304 seconds
[2024-04-19T19:04:26.733+0000] {processor.py:161} INFO - Started process (PID=1036) to work on /home/airflow/.local/lib/python3.12/site-packages/airflow/example_dags/example_xcom.py
[2024-04-19T19:04:26.735+0000] {processor.py:830} INFO - Processing file /home/airflow/.local/lib/python3.12/site-packages/airflow/example_dags/example_xcom.py for tasks to queue
[2024-04-19T19:04:26.737+0000] {logging_mixin.py:188} INFO - [2024-04-19T19:04:26.736+0000] {dagbag.py:540} INFO - Filling up the DagBag from /home/airflow/.local/lib/python3.12/site-packages/airflow/example_dags/example_xcom.py
[2024-04-19T19:04:26.758+0000] {processor.py:840} INFO - DAG(s) 'example_xcom' retrieved from /home/airflow/.local/lib/python3.12/site-packages/airflow/example_dags/example_xcom.py
[2024-04-19T19:04:26.815+0000] {logging_mixin.py:188} INFO - [2024-04-19T19:04:26.814+0000] {dag.py:3096} INFO - Sync 1 DAGs
[2024-04-19T19:04:26.874+0000] {logging_mixin.py:188} INFO - [2024-04-19T19:04:26.873+0000] {dag.py:3954} INFO - Setting next_dagrun for example_xcom to 2021-01-01 00:00:00+00:00, run_after=2021-01-01 00:00:00+00:00
[2024-04-19T19:04:26.924+0000] {processor.py:183} INFO - Processing /home/airflow/.local/lib/python3.12/site-packages/airflow/example_dags/example_xcom.py took 0.208 seconds
[2024-04-19T19:04:57.007+0000] {processor.py:161} INFO - Started process (PID=1096) to work on /home/airflow/.local/lib/python3.12/site-packages/airflow/example_dags/example_xcom.py
[2024-04-19T19:04:57.008+0000] {processor.py:830} INFO - Processing file /home/airflow/.local/lib/python3.12/site-packages/airflow/example_dags/example_xcom.py for tasks to queue
[2024-04-19T19:04:57.009+0000] {logging_mixin.py:188} INFO - [2024-04-19T19:04:57.009+0000] {dagbag.py:540} INFO - Filling up the DagBag from /home/airflow/.local/lib/python3.12/site-packages/airflow/example_dags/example_xcom.py
[2024-04-19T19:04:57.016+0000] {processor.py:840} INFO - DAG(s) 'example_xcom' retrieved from /home/airflow/.local/lib/python3.12/site-packages/airflow/example_dags/example_xcom.py
[2024-04-19T19:04:57.036+0000] {logging_mixin.py:188} INFO - [2024-04-19T19:04:57.036+0000] {dag.py:3096} INFO - Sync 1 DAGs
[2024-04-19T19:04:57.058+0000] {logging_mixin.py:188} INFO - [2024-04-19T19:04:57.058+0000] {dag.py:3954} INFO - Setting next_dagrun for example_xcom to 2021-01-01 00:00:00+00:00, run_after=2021-01-01 00:00:00+00:00
[2024-04-19T19:04:57.079+0000] {processor.py:183} INFO - Processing /home/airflow/.local/lib/python3.12/site-packages/airflow/example_dags/example_xcom.py took 0.077 seconds
[2024-04-19T19:05:27.473+0000] {processor.py:161} INFO - Started process (PID=1156) to work on /home/airflow/.local/lib/python3.12/site-packages/airflow/example_dags/example_xcom.py
[2024-04-19T19:05:27.474+0000] {processor.py:830} INFO - Processing file /home/airflow/.local/lib/python3.12/site-packages/airflow/example_dags/example_xcom.py for tasks to queue
[2024-04-19T19:05:27.475+0000] {logging_mixin.py:188} INFO - [2024-04-19T19:05:27.475+0000] {dagbag.py:540} INFO - Filling up the DagBag from /home/airflow/.local/lib/python3.12/site-packages/airflow/example_dags/example_xcom.py
[2024-04-19T19:05:27.483+0000] {processor.py:840} INFO - DAG(s) 'example_xcom' retrieved from /home/airflow/.local/lib/python3.12/site-packages/airflow/example_dags/example_xcom.py
[2024-04-19T19:05:27.507+0000] {logging_mixin.py:188} INFO - [2024-04-19T19:05:27.507+0000] {dag.py:3096} INFO - Sync 1 DAGs
[2024-04-19T19:05:27.532+0000] {logging_mixin.py:188} INFO - [2024-04-19T19:05:27.532+0000] {dag.py:3954} INFO - Setting next_dagrun for example_xcom to 2021-01-01 00:00:00+00:00, run_after=2021-01-01 00:00:00+00:00
[2024-04-19T19:05:27.581+0000] {processor.py:183} INFO - Processing /home/airflow/.local/lib/python3.12/site-packages/airflow/example_dags/example_xcom.py took 0.115 seconds
[2024-04-19T19:05:57.773+0000] {processor.py:161} INFO - Started process (PID=1216) to work on /home/airflow/.local/lib/python3.12/site-packages/airflow/example_dags/example_xcom.py
[2024-04-19T19:05:57.775+0000] {processor.py:830} INFO - Processing file /home/airflow/.local/lib/python3.12/site-packages/airflow/example_dags/example_xcom.py for tasks to queue
[2024-04-19T19:05:57.777+0000] {logging_mixin.py:188} INFO - [2024-04-19T19:05:57.777+0000] {dagbag.py:540} INFO - Filling up the DagBag from /home/airflow/.local/lib/python3.12/site-packages/airflow/example_dags/example_xcom.py
[2024-04-19T19:05:57.791+0000] {processor.py:840} INFO - DAG(s) 'example_xcom' retrieved from /home/airflow/.local/lib/python3.12/site-packages/airflow/example_dags/example_xcom.py
[2024-04-19T19:05:57.843+0000] {logging_mixin.py:188} INFO - [2024-04-19T19:05:57.842+0000] {dag.py:3096} INFO - Sync 1 DAGs
[2024-04-19T19:05:57.881+0000] {logging_mixin.py:188} INFO - [2024-04-19T19:05:57.880+0000] {dag.py:3954} INFO - Setting next_dagrun for example_xcom to 2021-01-01 00:00:00+00:00, run_after=2021-01-01 00:00:00+00:00
[2024-04-19T19:05:57.951+0000] {processor.py:183} INFO - Processing /home/airflow/.local/lib/python3.12/site-packages/airflow/example_dags/example_xcom.py took 0.186 seconds
[2024-04-19T19:06:28.209+0000] {processor.py:161} INFO - Started process (PID=1276) to work on /home/airflow/.local/lib/python3.12/site-packages/airflow/example_dags/example_xcom.py
[2024-04-19T19:06:28.211+0000] {processor.py:830} INFO - Processing file /home/airflow/.local/lib/python3.12/site-packages/airflow/example_dags/example_xcom.py for tasks to queue
[2024-04-19T19:06:28.212+0000] {logging_mixin.py:188} INFO - [2024-04-19T19:06:28.211+0000] {dagbag.py:540} INFO - Filling up the DagBag from /home/airflow/.local/lib/python3.12/site-packages/airflow/example_dags/example_xcom.py
[2024-04-19T19:06:28.229+0000] {processor.py:840} INFO - DAG(s) 'example_xcom' retrieved from /home/airflow/.local/lib/python3.12/site-packages/airflow/example_dags/example_xcom.py
[2024-04-19T19:06:28.265+0000] {logging_mixin.py:188} INFO - [2024-04-19T19:06:28.265+0000] {dag.py:3096} INFO - Sync 1 DAGs
[2024-04-19T19:06:28.297+0000] {logging_mixin.py:188} INFO - [2024-04-19T19:06:28.296+0000] {dag.py:3954} INFO - Setting next_dagrun for example_xcom to 2021-01-01 00:00:00+00:00, run_after=2021-01-01 00:00:00+00:00
[2024-04-19T19:06:28.323+0000] {processor.py:183} INFO - Processing /home/airflow/.local/lib/python3.12/site-packages/airflow/example_dags/example_xcom.py took 0.124 seconds
[2024-04-19T19:06:58.561+0000] {processor.py:161} INFO - Started process (PID=1336) to work on /home/airflow/.local/lib/python3.12/site-packages/airflow/example_dags/example_xcom.py
[2024-04-19T19:06:58.562+0000] {processor.py:830} INFO - Processing file /home/airflow/.local/lib/python3.12/site-packages/airflow/example_dags/example_xcom.py for tasks to queue
[2024-04-19T19:06:58.564+0000] {logging_mixin.py:188} INFO - [2024-04-19T19:06:58.563+0000] {dagbag.py:540} INFO - Filling up the DagBag from /home/airflow/.local/lib/python3.12/site-packages/airflow/example_dags/example_xcom.py
[2024-04-19T19:06:58.578+0000] {processor.py:840} INFO - DAG(s) 'example_xcom' retrieved from /home/airflow/.local/lib/python3.12/site-packages/airflow/example_dags/example_xcom.py
[2024-04-19T19:06:58.611+0000] {logging_mixin.py:188} INFO - [2024-04-19T19:06:58.610+0000] {dag.py:3096} INFO - Sync 1 DAGs
[2024-04-19T19:06:58.648+0000] {logging_mixin.py:188} INFO - [2024-04-19T19:06:58.648+0000] {dag.py:3954} INFO - Setting next_dagrun for example_xcom to 2021-01-01 00:00:00+00:00, run_after=2021-01-01 00:00:00+00:00
[2024-04-19T19:06:58.669+0000] {processor.py:183} INFO - Processing /home/airflow/.local/lib/python3.12/site-packages/airflow/example_dags/example_xcom.py took 0.115 seconds
[2024-04-19T19:07:29.135+0000] {processor.py:161} INFO - Started process (PID=1396) to work on /home/airflow/.local/lib/python3.12/site-packages/airflow/example_dags/example_xcom.py
[2024-04-19T19:07:29.137+0000] {processor.py:830} INFO - Processing file /home/airflow/.local/lib/python3.12/site-packages/airflow/example_dags/example_xcom.py for tasks to queue
[2024-04-19T19:07:29.138+0000] {logging_mixin.py:188} INFO - [2024-04-19T19:07:29.138+0000] {dagbag.py:540} INFO - Filling up the DagBag from /home/airflow/.local/lib/python3.12/site-packages/airflow/example_dags/example_xcom.py
[2024-04-19T19:07:29.159+0000] {processor.py:840} INFO - DAG(s) 'example_xcom' retrieved from /home/airflow/.local/lib/python3.12/site-packages/airflow/example_dags/example_xcom.py
[2024-04-19T19:07:29.205+0000] {logging_mixin.py:188} INFO - [2024-04-19T19:07:29.205+0000] {dag.py:3096} INFO - Sync 1 DAGs
[2024-04-19T19:07:29.243+0000] {logging_mixin.py:188} INFO - [2024-04-19T19:07:29.243+0000] {dag.py:3954} INFO - Setting next_dagrun for example_xcom to 2021-01-01 00:00:00+00:00, run_after=2021-01-01 00:00:00+00:00
[2024-04-19T19:07:29.278+0000] {processor.py:183} INFO - Processing /home/airflow/.local/lib/python3.12/site-packages/airflow/example_dags/example_xcom.py took 0.150 seconds
[2024-04-19T19:08:03.127+0000] {processor.py:161} INFO - Started process (PID=1455) to work on /home/airflow/.local/lib/python3.12/site-packages/airflow/example_dags/example_xcom.py
[2024-04-19T19:08:03.128+0000] {processor.py:830} INFO - Processing file /home/airflow/.local/lib/python3.12/site-packages/airflow/example_dags/example_xcom.py for tasks to queue
[2024-04-19T19:08:03.129+0000] {logging_mixin.py:188} INFO - [2024-04-19T19:08:03.129+0000] {dagbag.py:540} INFO - Filling up the DagBag from /home/airflow/.local/lib/python3.12/site-packages/airflow/example_dags/example_xcom.py
[2024-04-19T19:08:03.148+0000] {processor.py:840} INFO - DAG(s) 'example_xcom' retrieved from /home/airflow/.local/lib/python3.12/site-packages/airflow/example_dags/example_xcom.py
[2024-04-19T19:08:03.180+0000] {logging_mixin.py:188} INFO - [2024-04-19T19:08:03.180+0000] {dag.py:3096} INFO - Sync 1 DAGs
[2024-04-19T19:08:03.206+0000] {logging_mixin.py:188} INFO - [2024-04-19T19:08:03.206+0000] {dag.py:3954} INFO - Setting next_dagrun for example_xcom to 2021-01-01 00:00:00+00:00, run_after=2021-01-01 00:00:00+00:00
[2024-04-19T19:08:03.240+0000] {processor.py:183} INFO - Processing /home/airflow/.local/lib/python3.12/site-packages/airflow/example_dags/example_xcom.py took 0.126 seconds
[2024-04-19T19:08:33.525+0000] {processor.py:161} INFO - Started process (PID=1515) to work on /home/airflow/.local/lib/python3.12/site-packages/airflow/example_dags/example_xcom.py
[2024-04-19T19:08:33.527+0000] {processor.py:830} INFO - Processing file /home/airflow/.local/lib/python3.12/site-packages/airflow/example_dags/example_xcom.py for tasks to queue
[2024-04-19T19:08:33.528+0000] {logging_mixin.py:188} INFO - [2024-04-19T19:08:33.527+0000] {dagbag.py:540} INFO - Filling up the DagBag from /home/airflow/.local/lib/python3.12/site-packages/airflow/example_dags/example_xcom.py
[2024-04-19T19:08:33.537+0000] {processor.py:840} INFO - DAG(s) 'example_xcom' retrieved from /home/airflow/.local/lib/python3.12/site-packages/airflow/example_dags/example_xcom.py
[2024-04-19T19:08:33.557+0000] {logging_mixin.py:188} INFO - [2024-04-19T19:08:33.557+0000] {dag.py:3096} INFO - Sync 1 DAGs
[2024-04-19T19:08:33.577+0000] {logging_mixin.py:188} INFO - [2024-04-19T19:08:33.577+0000] {dag.py:3954} INFO - Setting next_dagrun for example_xcom to 2021-01-01 00:00:00+00:00, run_after=2021-01-01 00:00:00+00:00
[2024-04-19T19:08:33.597+0000] {processor.py:183} INFO - Processing /home/airflow/.local/lib/python3.12/site-packages/airflow/example_dags/example_xcom.py took 0.077 seconds
[2024-04-19T19:09:04.335+0000] {processor.py:161} INFO - Started process (PID=1575) to work on /home/airflow/.local/lib/python3.12/site-packages/airflow/example_dags/example_xcom.py
[2024-04-19T19:09:04.337+0000] {processor.py:830} INFO - Processing file /home/airflow/.local/lib/python3.12/site-packages/airflow/example_dags/example_xcom.py for tasks to queue
[2024-04-19T19:09:04.338+0000] {logging_mixin.py:188} INFO - [2024-04-19T19:09:04.337+0000] {dagbag.py:540} INFO - Filling up the DagBag from /home/airflow/.local/lib/python3.12/site-packages/airflow/example_dags/example_xcom.py
[2024-04-19T19:09:04.346+0000] {processor.py:840} INFO - DAG(s) 'example_xcom' retrieved from /home/airflow/.local/lib/python3.12/site-packages/airflow/example_dags/example_xcom.py
[2024-04-19T19:09:04.370+0000] {logging_mixin.py:188} INFO - [2024-04-19T19:09:04.370+0000] {dag.py:3096} INFO - Sync 1 DAGs
[2024-04-19T19:09:04.401+0000] {logging_mixin.py:188} INFO - [2024-04-19T19:09:04.401+0000] {dag.py:3954} INFO - Setting next_dagrun for example_xcom to 2021-01-01 00:00:00+00:00, run_after=2021-01-01 00:00:00+00:00
[2024-04-19T19:09:04.422+0000] {processor.py:183} INFO - Processing /home/airflow/.local/lib/python3.12/site-packages/airflow/example_dags/example_xcom.py took 0.098 seconds
[2024-04-19T19:09:34.583+0000] {processor.py:161} INFO - Started process (PID=1635) to work on /home/airflow/.local/lib/python3.12/site-packages/airflow/example_dags/example_xcom.py
[2024-04-19T19:09:34.584+0000] {processor.py:830} INFO - Processing file /home/airflow/.local/lib/python3.12/site-packages/airflow/example_dags/example_xcom.py for tasks to queue
[2024-04-19T19:09:34.585+0000] {logging_mixin.py:188} INFO - [2024-04-19T19:09:34.585+0000] {dagbag.py:540} INFO - Filling up the DagBag from /home/airflow/.local/lib/python3.12/site-packages/airflow/example_dags/example_xcom.py
[2024-04-19T19:09:34.595+0000] {processor.py:840} INFO - DAG(s) 'example_xcom' retrieved from /home/airflow/.local/lib/python3.12/site-packages/airflow/example_dags/example_xcom.py
[2024-04-19T19:09:34.622+0000] {logging_mixin.py:188} INFO - [2024-04-19T19:09:34.622+0000] {dag.py:3096} INFO - Sync 1 DAGs
[2024-04-19T19:09:34.652+0000] {logging_mixin.py:188} INFO - [2024-04-19T19:09:34.651+0000] {dag.py:3954} INFO - Setting next_dagrun for example_xcom to 2021-01-01 00:00:00+00:00, run_after=2021-01-01 00:00:00+00:00
[2024-04-19T19:09:34.673+0000] {processor.py:183} INFO - Processing /home/airflow/.local/lib/python3.12/site-packages/airflow/example_dags/example_xcom.py took 0.096 seconds
[2024-04-19T19:10:04.911+0000] {processor.py:161} INFO - Started process (PID=1693) to work on /home/airflow/.local/lib/python3.12/site-packages/airflow/example_dags/example_xcom.py
[2024-04-19T19:10:04.912+0000] {processor.py:830} INFO - Processing file /home/airflow/.local/lib/python3.12/site-packages/airflow/example_dags/example_xcom.py for tasks to queue
[2024-04-19T19:10:04.913+0000] {logging_mixin.py:188} INFO - [2024-04-19T19:10:04.913+0000] {dagbag.py:540} INFO - Filling up the DagBag from /home/airflow/.local/lib/python3.12/site-packages/airflow/example_dags/example_xcom.py
[2024-04-19T19:10:04.925+0000] {processor.py:840} INFO - DAG(s) 'example_xcom' retrieved from /home/airflow/.local/lib/python3.12/site-packages/airflow/example_dags/example_xcom.py
[2024-04-19T19:10:04.963+0000] {logging_mixin.py:188} INFO - [2024-04-19T19:10:04.963+0000] {dag.py:3096} INFO - Sync 1 DAGs
[2024-04-19T19:10:05.005+0000] {logging_mixin.py:188} INFO - [2024-04-19T19:10:05.004+0000] {dag.py:3954} INFO - Setting next_dagrun for example_xcom to 2021-01-01 00:00:00+00:00, run_after=2021-01-01 00:00:00+00:00
[2024-04-19T19:10:05.042+0000] {processor.py:183} INFO - Processing /home/airflow/.local/lib/python3.12/site-packages/airflow/example_dags/example_xcom.py took 0.142 seconds
[2024-04-19T19:10:35.133+0000] {processor.py:161} INFO - Started process (PID=1753) to work on /home/airflow/.local/lib/python3.12/site-packages/airflow/example_dags/example_xcom.py
[2024-04-19T19:10:35.136+0000] {processor.py:830} INFO - Processing file /home/airflow/.local/lib/python3.12/site-packages/airflow/example_dags/example_xcom.py for tasks to queue
[2024-04-19T19:10:35.138+0000] {logging_mixin.py:188} INFO - [2024-04-19T19:10:35.138+0000] {dagbag.py:540} INFO - Filling up the DagBag from /home/airflow/.local/lib/python3.12/site-packages/airflow/example_dags/example_xcom.py
[2024-04-19T19:10:35.146+0000] {processor.py:840} INFO - DAG(s) 'example_xcom' retrieved from /home/airflow/.local/lib/python3.12/site-packages/airflow/example_dags/example_xcom.py
[2024-04-19T19:10:35.176+0000] {logging_mixin.py:188} INFO - [2024-04-19T19:10:35.176+0000] {dag.py:3096} INFO - Sync 1 DAGs
[2024-04-19T19:10:35.198+0000] {logging_mixin.py:188} INFO - [2024-04-19T19:10:35.198+0000] {dag.py:3954} INFO - Setting next_dagrun for example_xcom to 2021-01-01 00:00:00+00:00, run_after=2021-01-01 00:00:00+00:00
[2024-04-19T19:10:35.215+0000] {processor.py:183} INFO - Processing /home/airflow/.local/lib/python3.12/site-packages/airflow/example_dags/example_xcom.py took 0.089 seconds
[2024-04-19T19:11:05.738+0000] {processor.py:161} INFO - Started process (PID=1813) to work on /home/airflow/.local/lib/python3.12/site-packages/airflow/example_dags/example_xcom.py
[2024-04-19T19:11:05.739+0000] {processor.py:830} INFO - Processing file /home/airflow/.local/lib/python3.12/site-packages/airflow/example_dags/example_xcom.py for tasks to queue
[2024-04-19T19:11:05.740+0000] {logging_mixin.py:188} INFO - [2024-04-19T19:11:05.739+0000] {dagbag.py:540} INFO - Filling up the DagBag from /home/airflow/.local/lib/python3.12/site-packages/airflow/example_dags/example_xcom.py
[2024-04-19T19:11:05.749+0000] {processor.py:840} INFO - DAG(s) 'example_xcom' retrieved from /home/airflow/.local/lib/python3.12/site-packages/airflow/example_dags/example_xcom.py
[2024-04-19T19:11:05.773+0000] {logging_mixin.py:188} INFO - [2024-04-19T19:11:05.772+0000] {dag.py:3096} INFO - Sync 1 DAGs
[2024-04-19T19:11:05.798+0000] {logging_mixin.py:188} INFO - [2024-04-19T19:11:05.798+0000] {dag.py:3954} INFO - Setting next_dagrun for example_xcom to 2021-01-01 00:00:00+00:00, run_after=2021-01-01 00:00:00+00:00
[2024-04-19T19:11:05.817+0000] {processor.py:183} INFO - Processing /home/airflow/.local/lib/python3.12/site-packages/airflow/example_dags/example_xcom.py took 0.087 seconds
[2024-04-19T19:11:35.953+0000] {processor.py:161} INFO - Started process (PID=1874) to work on /home/airflow/.local/lib/python3.12/site-packages/airflow/example_dags/example_xcom.py
[2024-04-19T19:11:35.954+0000] {processor.py:830} INFO - Processing file /home/airflow/.local/lib/python3.12/site-packages/airflow/example_dags/example_xcom.py for tasks to queue
[2024-04-19T19:11:35.955+0000] {logging_mixin.py:188} INFO - [2024-04-19T19:11:35.955+0000] {dagbag.py:540} INFO - Filling up the DagBag from /home/airflow/.local/lib/python3.12/site-packages/airflow/example_dags/example_xcom.py
[2024-04-19T19:11:35.965+0000] {processor.py:840} INFO - DAG(s) 'example_xcom' retrieved from /home/airflow/.local/lib/python3.12/site-packages/airflow/example_dags/example_xcom.py
[2024-04-19T19:11:35.985+0000] {logging_mixin.py:188} INFO - [2024-04-19T19:11:35.985+0000] {dag.py:3096} INFO - Sync 1 DAGs
[2024-04-19T19:11:36.010+0000] {logging_mixin.py:188} INFO - [2024-04-19T19:11:36.010+0000] {dag.py:3954} INFO - Setting next_dagrun for example_xcom to 2021-01-01 00:00:00+00:00, run_after=2021-01-01 00:00:00+00:00
[2024-04-19T19:11:36.030+0000] {processor.py:183} INFO - Processing /home/airflow/.local/lib/python3.12/site-packages/airflow/example_dags/example_xcom.py took 0.084 seconds
[2024-04-19T19:12:06.615+0000] {processor.py:161} INFO - Started process (PID=1934) to work on /home/airflow/.local/lib/python3.12/site-packages/airflow/example_dags/example_xcom.py
[2024-04-19T19:12:06.617+0000] {processor.py:830} INFO - Processing file /home/airflow/.local/lib/python3.12/site-packages/airflow/example_dags/example_xcom.py for tasks to queue
[2024-04-19T19:12:06.619+0000] {logging_mixin.py:188} INFO - [2024-04-19T19:12:06.618+0000] {dagbag.py:540} INFO - Filling up the DagBag from /home/airflow/.local/lib/python3.12/site-packages/airflow/example_dags/example_xcom.py
[2024-04-19T19:12:06.627+0000] {processor.py:840} INFO - DAG(s) 'example_xcom' retrieved from /home/airflow/.local/lib/python3.12/site-packages/airflow/example_dags/example_xcom.py
[2024-04-19T19:12:06.649+0000] {logging_mixin.py:188} INFO - [2024-04-19T19:12:06.649+0000] {dag.py:3096} INFO - Sync 1 DAGs
[2024-04-19T19:12:06.670+0000] {logging_mixin.py:188} INFO - [2024-04-19T19:12:06.670+0000] {dag.py:3954} INFO - Setting next_dagrun for example_xcom to 2021-01-01 00:00:00+00:00, run_after=2021-01-01 00:00:00+00:00
[2024-04-19T19:12:06.689+0000] {processor.py:183} INFO - Processing /home/airflow/.local/lib/python3.12/site-packages/airflow/example_dags/example_xcom.py took 0.080 seconds
[2024-04-19T19:12:37.564+0000] {processor.py:161} INFO - Started process (PID=1994) to work on /home/airflow/.local/lib/python3.12/site-packages/airflow/example_dags/example_xcom.py
[2024-04-19T19:12:37.565+0000] {processor.py:830} INFO - Processing file /home/airflow/.local/lib/python3.12/site-packages/airflow/example_dags/example_xcom.py for tasks to queue
[2024-04-19T19:12:37.566+0000] {logging_mixin.py:188} INFO - [2024-04-19T19:12:37.566+0000] {dagbag.py:540} INFO - Filling up the DagBag from /home/airflow/.local/lib/python3.12/site-packages/airflow/example_dags/example_xcom.py
[2024-04-19T19:12:37.576+0000] {processor.py:840} INFO - DAG(s) 'example_xcom' retrieved from /home/airflow/.local/lib/python3.12/site-packages/airflow/example_dags/example_xcom.py
[2024-04-19T19:12:37.602+0000] {logging_mixin.py:188} INFO - [2024-04-19T19:12:37.602+0000] {dag.py:3096} INFO - Sync 1 DAGs
[2024-04-19T19:12:37.625+0000] {logging_mixin.py:188} INFO - [2024-04-19T19:12:37.624+0000] {dag.py:3954} INFO - Setting next_dagrun for example_xcom to 2021-01-01 00:00:00+00:00, run_after=2021-01-01 00:00:00+00:00
[2024-04-19T19:12:37.659+0000] {processor.py:183} INFO - Processing /home/airflow/.local/lib/python3.12/site-packages/airflow/example_dags/example_xcom.py took 0.102 seconds
[2024-04-19T19:13:08.238+0000] {processor.py:161} INFO - Started process (PID=2054) to work on /home/airflow/.local/lib/python3.12/site-packages/airflow/example_dags/example_xcom.py
[2024-04-19T19:13:08.240+0000] {processor.py:830} INFO - Processing file /home/airflow/.local/lib/python3.12/site-packages/airflow/example_dags/example_xcom.py for tasks to queue
[2024-04-19T19:13:08.241+0000] {logging_mixin.py:188} INFO - [2024-04-19T19:13:08.241+0000] {dagbag.py:540} INFO - Filling up the DagBag from /home/airflow/.local/lib/python3.12/site-packages/airflow/example_dags/example_xcom.py
[2024-04-19T19:13:08.253+0000] {processor.py:840} INFO - DAG(s) 'example_xcom' retrieved from /home/airflow/.local/lib/python3.12/site-packages/airflow/example_dags/example_xcom.py
[2024-04-19T19:13:08.310+0000] {logging_mixin.py:188} INFO - [2024-04-19T19:13:08.310+0000] {dag.py:3096} INFO - Sync 1 DAGs
[2024-04-19T19:13:08.349+0000] {logging_mixin.py:188} INFO - [2024-04-19T19:13:08.348+0000] {dag.py:3954} INFO - Setting next_dagrun for example_xcom to 2021-01-01 00:00:00+00:00, run_after=2021-01-01 00:00:00+00:00
[2024-04-19T19:13:08.391+0000] {processor.py:183} INFO - Processing /home/airflow/.local/lib/python3.12/site-packages/airflow/example_dags/example_xcom.py took 0.165 seconds
[2024-04-19T19:13:38.453+0000] {processor.py:161} INFO - Started process (PID=2114) to work on /home/airflow/.local/lib/python3.12/site-packages/airflow/example_dags/example_xcom.py
[2024-04-19T19:13:38.455+0000] {processor.py:830} INFO - Processing file /home/airflow/.local/lib/python3.12/site-packages/airflow/example_dags/example_xcom.py for tasks to queue
[2024-04-19T19:13:38.458+0000] {logging_mixin.py:188} INFO - [2024-04-19T19:13:38.457+0000] {dagbag.py:540} INFO - Filling up the DagBag from /home/airflow/.local/lib/python3.12/site-packages/airflow/example_dags/example_xcom.py
[2024-04-19T19:13:38.472+0000] {processor.py:840} INFO - DAG(s) 'example_xcom' retrieved from /home/airflow/.local/lib/python3.12/site-packages/airflow/example_dags/example_xcom.py
[2024-04-19T19:13:38.502+0000] {logging_mixin.py:188} INFO - [2024-04-19T19:13:38.501+0000] {dag.py:3096} INFO - Sync 1 DAGs
[2024-04-19T19:13:38.534+0000] {logging_mixin.py:188} INFO - [2024-04-19T19:13:38.533+0000] {dag.py:3954} INFO - Setting next_dagrun for example_xcom to 2021-01-01 00:00:00+00:00, run_after=2021-01-01 00:00:00+00:00
[2024-04-19T19:13:38.558+0000] {processor.py:183} INFO - Processing /home/airflow/.local/lib/python3.12/site-packages/airflow/example_dags/example_xcom.py took 0.113 seconds
[2024-04-19T19:14:09.170+0000] {processor.py:161} INFO - Started process (PID=2175) to work on /home/airflow/.local/lib/python3.12/site-packages/airflow/example_dags/example_xcom.py
[2024-04-19T19:14:09.171+0000] {processor.py:830} INFO - Processing file /home/airflow/.local/lib/python3.12/site-packages/airflow/example_dags/example_xcom.py for tasks to queue
[2024-04-19T19:14:09.173+0000] {logging_mixin.py:188} INFO - [2024-04-19T19:14:09.172+0000] {dagbag.py:540} INFO - Filling up the DagBag from /home/airflow/.local/lib/python3.12/site-packages/airflow/example_dags/example_xcom.py
[2024-04-19T19:14:09.184+0000] {processor.py:840} INFO - DAG(s) 'example_xcom' retrieved from /home/airflow/.local/lib/python3.12/site-packages/airflow/example_dags/example_xcom.py
[2024-04-19T19:14:09.215+0000] {logging_mixin.py:188} INFO - [2024-04-19T19:14:09.215+0000] {dag.py:3096} INFO - Sync 1 DAGs
[2024-04-19T19:14:09.245+0000] {logging_mixin.py:188} INFO - [2024-04-19T19:14:09.245+0000] {dag.py:3954} INFO - Setting next_dagrun for example_xcom to 2021-01-01 00:00:00+00:00, run_after=2021-01-01 00:00:00+00:00
[2024-04-19T19:14:09.269+0000] {processor.py:183} INFO - Processing /home/airflow/.local/lib/python3.12/site-packages/airflow/example_dags/example_xcom.py took 0.107 seconds
[2024-04-19T19:14:39.436+0000] {processor.py:161} INFO - Started process (PID=2235) to work on /home/airflow/.local/lib/python3.12/site-packages/airflow/example_dags/example_xcom.py
[2024-04-19T19:14:39.437+0000] {processor.py:830} INFO - Processing file /home/airflow/.local/lib/python3.12/site-packages/airflow/example_dags/example_xcom.py for tasks to queue
[2024-04-19T19:14:39.438+0000] {logging_mixin.py:188} INFO - [2024-04-19T19:14:39.438+0000] {dagbag.py:540} INFO - Filling up the DagBag from /home/airflow/.local/lib/python3.12/site-packages/airflow/example_dags/example_xcom.py
[2024-04-19T19:14:39.448+0000] {processor.py:840} INFO - DAG(s) 'example_xcom' retrieved from /home/airflow/.local/lib/python3.12/site-packages/airflow/example_dags/example_xcom.py
[2024-04-19T19:14:39.469+0000] {logging_mixin.py:188} INFO - [2024-04-19T19:14:39.469+0000] {dag.py:3096} INFO - Sync 1 DAGs
[2024-04-19T19:14:39.491+0000] {logging_mixin.py:188} INFO - [2024-04-19T19:14:39.491+0000] {dag.py:3954} INFO - Setting next_dagrun for example_xcom to 2021-01-01 00:00:00+00:00, run_after=2021-01-01 00:00:00+00:00
[2024-04-19T19:14:39.512+0000] {processor.py:183} INFO - Processing /home/airflow/.local/lib/python3.12/site-packages/airflow/example_dags/example_xcom.py took 0.081 seconds
[2024-04-19T19:15:10.239+0000] {processor.py:161} INFO - Started process (PID=2295) to work on /home/airflow/.local/lib/python3.12/site-packages/airflow/example_dags/example_xcom.py
[2024-04-19T19:15:10.241+0000] {processor.py:830} INFO - Processing file /home/airflow/.local/lib/python3.12/site-packages/airflow/example_dags/example_xcom.py for tasks to queue
[2024-04-19T19:15:10.242+0000] {logging_mixin.py:188} INFO - [2024-04-19T19:15:10.241+0000] {dagbag.py:540} INFO - Filling up the DagBag from /home/airflow/.local/lib/python3.12/site-packages/airflow/example_dags/example_xcom.py
[2024-04-19T19:15:10.257+0000] {processor.py:840} INFO - DAG(s) 'example_xcom' retrieved from /home/airflow/.local/lib/python3.12/site-packages/airflow/example_dags/example_xcom.py
[2024-04-19T19:15:10.280+0000] {logging_mixin.py:188} INFO - [2024-04-19T19:15:10.280+0000] {dag.py:3096} INFO - Sync 1 DAGs
[2024-04-19T19:15:10.303+0000] {logging_mixin.py:188} INFO - [2024-04-19T19:15:10.303+0000] {dag.py:3954} INFO - Setting next_dagrun for example_xcom to 2021-01-01 00:00:00+00:00, run_after=2021-01-01 00:00:00+00:00
[2024-04-19T19:15:10.334+0000] {processor.py:183} INFO - Processing /home/airflow/.local/lib/python3.12/site-packages/airflow/example_dags/example_xcom.py took 0.101 seconds
[2024-04-19T19:15:40.752+0000] {processor.py:161} INFO - Started process (PID=2355) to work on /home/airflow/.local/lib/python3.12/site-packages/airflow/example_dags/example_xcom.py
[2024-04-19T19:15:40.755+0000] {processor.py:830} INFO - Processing file /home/airflow/.local/lib/python3.12/site-packages/airflow/example_dags/example_xcom.py for tasks to queue
[2024-04-19T19:15:40.758+0000] {logging_mixin.py:188} INFO - [2024-04-19T19:15:40.758+0000] {dagbag.py:540} INFO - Filling up the DagBag from /home/airflow/.local/lib/python3.12/site-packages/airflow/example_dags/example_xcom.py
[2024-04-19T19:15:40.772+0000] {processor.py:840} INFO - DAG(s) 'example_xcom' retrieved from /home/airflow/.local/lib/python3.12/site-packages/airflow/example_dags/example_xcom.py
[2024-04-19T19:15:40.806+0000] {logging_mixin.py:188} INFO - [2024-04-19T19:15:40.806+0000] {dag.py:3096} INFO - Sync 1 DAGs
[2024-04-19T19:15:40.847+0000] {logging_mixin.py:188} INFO - [2024-04-19T19:15:40.847+0000] {dag.py:3954} INFO - Setting next_dagrun for example_xcom to 2021-01-01 00:00:00+00:00, run_after=2021-01-01 00:00:00+00:00
[2024-04-19T19:15:40.883+0000] {processor.py:183} INFO - Processing /home/airflow/.local/lib/python3.12/site-packages/airflow/example_dags/example_xcom.py took 0.144 seconds
[2024-04-19T19:16:11.096+0000] {processor.py:161} INFO - Started process (PID=2415) to work on /home/airflow/.local/lib/python3.12/site-packages/airflow/example_dags/example_xcom.py
[2024-04-19T19:16:11.097+0000] {processor.py:830} INFO - Processing file /home/airflow/.local/lib/python3.12/site-packages/airflow/example_dags/example_xcom.py for tasks to queue
[2024-04-19T19:16:11.098+0000] {logging_mixin.py:188} INFO - [2024-04-19T19:16:11.098+0000] {dagbag.py:540} INFO - Filling up the DagBag from /home/airflow/.local/lib/python3.12/site-packages/airflow/example_dags/example_xcom.py
[2024-04-19T19:16:11.106+0000] {processor.py:840} INFO - DAG(s) 'example_xcom' retrieved from /home/airflow/.local/lib/python3.12/site-packages/airflow/example_dags/example_xcom.py
[2024-04-19T19:16:11.130+0000] {logging_mixin.py:188} INFO - [2024-04-19T19:16:11.130+0000] {dag.py:3096} INFO - Sync 1 DAGs
[2024-04-19T19:16:11.155+0000] {logging_mixin.py:188} INFO - [2024-04-19T19:16:11.155+0000] {dag.py:3954} INFO - Setting next_dagrun for example_xcom to 2021-01-01 00:00:00+00:00, run_after=2021-01-01 00:00:00+00:00
[2024-04-19T19:16:11.177+0000] {processor.py:183} INFO - Processing /home/airflow/.local/lib/python3.12/site-packages/airflow/example_dags/example_xcom.py took 0.089 seconds
[2024-04-19T19:16:41.272+0000] {processor.py:161} INFO - Started process (PID=2475) to work on /home/airflow/.local/lib/python3.12/site-packages/airflow/example_dags/example_xcom.py
[2024-04-19T19:16:41.273+0000] {processor.py:830} INFO - Processing file /home/airflow/.local/lib/python3.12/site-packages/airflow/example_dags/example_xcom.py for tasks to queue
[2024-04-19T19:16:41.274+0000] {logging_mixin.py:188} INFO - [2024-04-19T19:16:41.274+0000] {dagbag.py:540} INFO - Filling up the DagBag from /home/airflow/.local/lib/python3.12/site-packages/airflow/example_dags/example_xcom.py
[2024-04-19T19:16:41.283+0000] {processor.py:840} INFO - DAG(s) 'example_xcom' retrieved from /home/airflow/.local/lib/python3.12/site-packages/airflow/example_dags/example_xcom.py
[2024-04-19T19:16:41.323+0000] {logging_mixin.py:188} INFO - [2024-04-19T19:16:41.322+0000] {dag.py:3096} INFO - Sync 1 DAGs
[2024-04-19T19:16:41.347+0000] {logging_mixin.py:188} INFO - [2024-04-19T19:16:41.347+0000] {dag.py:3954} INFO - Setting next_dagrun for example_xcom to 2021-01-01 00:00:00+00:00, run_after=2021-01-01 00:00:00+00:00
[2024-04-19T19:16:41.365+0000] {processor.py:183} INFO - Processing /home/airflow/.local/lib/python3.12/site-packages/airflow/example_dags/example_xcom.py took 0.103 seconds
