[2024-04-19T18:33:02.241+0000] {processor.py:161} INFO - Started process (PID=46) to work on /home/airflow/.local/lib/python3.12/site-packages/airflow/example_dags/example_python_decorator.py
[2024-04-19T18:33:02.243+0000] {processor.py:830} INFO - Processing file /home/airflow/.local/lib/python3.12/site-packages/airflow/example_dags/example_python_decorator.py for tasks to queue
[2024-04-19T18:33:02.272+0000] {logging_mixin.py:188} INFO - [2024-04-19T18:33:02.269+0000] {dagbag.py:540} INFO - Filling up the DagBag from /home/airflow/.local/lib/python3.12/site-packages/airflow/example_dags/example_python_decorator.py
[2024-04-19T18:33:02.475+0000] {processor.py:840} INFO - DAG(s) 'example_python_decorator' retrieved from /home/airflow/.local/lib/python3.12/site-packages/airflow/example_dags/example_python_decorator.py
[2024-04-19T18:33:03.239+0000] {logging_mixin.py:188} INFO - [2024-04-19T18:33:03.238+0000] {dag.py:3096} INFO - Sync 1 DAGs
[2024-04-19T18:33:03.268+0000] {logging_mixin.py:188} INFO - [2024-04-19T18:33:03.267+0000] {dag.py:3954} INFO - Setting next_dagrun for example_python_decorator to None, run_after=None
[2024-04-19T18:33:03.378+0000] {processor.py:183} INFO - Processing /home/airflow/.local/lib/python3.12/site-packages/airflow/example_dags/example_python_decorator.py took 1.158 seconds
[2024-04-19T18:33:35.457+0000] {processor.py:161} INFO - Started process (PID=105) to work on /home/airflow/.local/lib/python3.12/site-packages/airflow/example_dags/example_python_decorator.py
[2024-04-19T18:33:35.458+0000] {processor.py:830} INFO - Processing file /home/airflow/.local/lib/python3.12/site-packages/airflow/example_dags/example_python_decorator.py for tasks to queue
[2024-04-19T18:33:35.461+0000] {logging_mixin.py:188} INFO - [2024-04-19T18:33:35.461+0000] {dagbag.py:540} INFO - Filling up the DagBag from /home/airflow/.local/lib/python3.12/site-packages/airflow/example_dags/example_python_decorator.py
[2024-04-19T18:33:35.493+0000] {processor.py:840} INFO - DAG(s) 'example_python_decorator' retrieved from /home/airflow/.local/lib/python3.12/site-packages/airflow/example_dags/example_python_decorator.py
[2024-04-19T18:33:35.680+0000] {logging_mixin.py:188} INFO - [2024-04-19T18:33:35.680+0000] {dag.py:3096} INFO - Sync 1 DAGs
[2024-04-19T18:33:35.757+0000] {logging_mixin.py:188} INFO - [2024-04-19T18:33:35.756+0000] {dag.py:3954} INFO - Setting next_dagrun for example_python_decorator to None, run_after=None
[2024-04-19T18:33:35.867+0000] {processor.py:183} INFO - Processing /home/airflow/.local/lib/python3.12/site-packages/airflow/example_dags/example_python_decorator.py took 0.418 seconds
[2024-04-19T18:34:06.024+0000] {processor.py:161} INFO - Started process (PID=161) to work on /home/airflow/.local/lib/python3.12/site-packages/airflow/example_dags/example_python_decorator.py
[2024-04-19T18:34:06.026+0000] {processor.py:830} INFO - Processing file /home/airflow/.local/lib/python3.12/site-packages/airflow/example_dags/example_python_decorator.py for tasks to queue
[2024-04-19T18:34:06.027+0000] {logging_mixin.py:188} INFO - [2024-04-19T18:34:06.027+0000] {dagbag.py:540} INFO - Filling up the DagBag from /home/airflow/.local/lib/python3.12/site-packages/airflow/example_dags/example_python_decorator.py
[2024-04-19T18:34:06.039+0000] {processor.py:840} INFO - DAG(s) 'example_python_decorator' retrieved from /home/airflow/.local/lib/python3.12/site-packages/airflow/example_dags/example_python_decorator.py
[2024-04-19T18:34:06.062+0000] {logging_mixin.py:188} INFO - [2024-04-19T18:34:06.062+0000] {dag.py:3096} INFO - Sync 1 DAGs
[2024-04-19T18:34:06.079+0000] {logging_mixin.py:188} INFO - [2024-04-19T18:34:06.078+0000] {dag.py:3954} INFO - Setting next_dagrun for example_python_decorator to None, run_after=None
[2024-04-19T18:34:06.095+0000] {processor.py:183} INFO - Processing /home/airflow/.local/lib/python3.12/site-packages/airflow/example_dags/example_python_decorator.py took 0.077 seconds
[2024-04-19T18:34:37.825+0000] {processor.py:161} INFO - Started process (PID=219) to work on /home/airflow/.local/lib/python3.12/site-packages/airflow/example_dags/example_python_decorator.py
[2024-04-19T18:34:37.829+0000] {processor.py:830} INFO - Processing file /home/airflow/.local/lib/python3.12/site-packages/airflow/example_dags/example_python_decorator.py for tasks to queue
[2024-04-19T18:34:37.835+0000] {logging_mixin.py:188} INFO - [2024-04-19T18:34:37.834+0000] {dagbag.py:540} INFO - Filling up the DagBag from /home/airflow/.local/lib/python3.12/site-packages/airflow/example_dags/example_python_decorator.py
[2024-04-19T18:34:37.944+0000] {processor.py:840} INFO - DAG(s) 'example_python_decorator' retrieved from /home/airflow/.local/lib/python3.12/site-packages/airflow/example_dags/example_python_decorator.py
[2024-04-19T18:34:38.123+0000] {logging_mixin.py:188} INFO - [2024-04-19T18:34:38.123+0000] {dag.py:3096} INFO - Sync 1 DAGs
[2024-04-19T18:34:38.258+0000] {logging_mixin.py:188} INFO - [2024-04-19T18:34:38.258+0000] {dag.py:3954} INFO - Setting next_dagrun for example_python_decorator to None, run_after=None
[2024-04-19T18:34:38.334+0000] {processor.py:183} INFO - Processing /home/airflow/.local/lib/python3.12/site-packages/airflow/example_dags/example_python_decorator.py took 0.564 seconds
[2024-04-19T18:35:09.366+0000] {processor.py:161} INFO - Started process (PID=277) to work on /home/airflow/.local/lib/python3.12/site-packages/airflow/example_dags/example_python_decorator.py
[2024-04-19T18:35:09.367+0000] {processor.py:830} INFO - Processing file /home/airflow/.local/lib/python3.12/site-packages/airflow/example_dags/example_python_decorator.py for tasks to queue
[2024-04-19T18:35:09.369+0000] {logging_mixin.py:188} INFO - [2024-04-19T18:35:09.368+0000] {dagbag.py:540} INFO - Filling up the DagBag from /home/airflow/.local/lib/python3.12/site-packages/airflow/example_dags/example_python_decorator.py
[2024-04-19T18:35:09.386+0000] {processor.py:840} INFO - DAG(s) 'example_python_decorator' retrieved from /home/airflow/.local/lib/python3.12/site-packages/airflow/example_dags/example_python_decorator.py
[2024-04-19T18:35:09.417+0000] {logging_mixin.py:188} INFO - [2024-04-19T18:35:09.416+0000] {dag.py:3096} INFO - Sync 1 DAGs
[2024-04-19T18:35:09.438+0000] {logging_mixin.py:188} INFO - [2024-04-19T18:35:09.438+0000] {dag.py:3954} INFO - Setting next_dagrun for example_python_decorator to None, run_after=None
[2024-04-19T18:35:09.466+0000] {processor.py:183} INFO - Processing /home/airflow/.local/lib/python3.12/site-packages/airflow/example_dags/example_python_decorator.py took 0.110 seconds
[2024-04-19T18:35:39.613+0000] {processor.py:161} INFO - Started process (PID=335) to work on /home/airflow/.local/lib/python3.12/site-packages/airflow/example_dags/example_python_decorator.py
[2024-04-19T18:35:39.615+0000] {processor.py:830} INFO - Processing file /home/airflow/.local/lib/python3.12/site-packages/airflow/example_dags/example_python_decorator.py for tasks to queue
[2024-04-19T18:35:39.617+0000] {logging_mixin.py:188} INFO - [2024-04-19T18:35:39.617+0000] {dagbag.py:540} INFO - Filling up the DagBag from /home/airflow/.local/lib/python3.12/site-packages/airflow/example_dags/example_python_decorator.py
[2024-04-19T18:35:39.636+0000] {processor.py:840} INFO - DAG(s) 'example_python_decorator' retrieved from /home/airflow/.local/lib/python3.12/site-packages/airflow/example_dags/example_python_decorator.py
[2024-04-19T18:35:39.657+0000] {logging_mixin.py:188} INFO - [2024-04-19T18:35:39.657+0000] {dag.py:3096} INFO - Sync 1 DAGs
[2024-04-19T18:35:39.671+0000] {logging_mixin.py:188} INFO - [2024-04-19T18:35:39.671+0000] {dag.py:3954} INFO - Setting next_dagrun for example_python_decorator to None, run_after=None
[2024-04-19T18:35:39.693+0000] {processor.py:183} INFO - Processing /home/airflow/.local/lib/python3.12/site-packages/airflow/example_dags/example_python_decorator.py took 0.087 seconds
[2024-04-19T18:36:09.832+0000] {processor.py:161} INFO - Started process (PID=394) to work on /home/airflow/.local/lib/python3.12/site-packages/airflow/example_dags/example_python_decorator.py
[2024-04-19T18:36:09.835+0000] {processor.py:830} INFO - Processing file /home/airflow/.local/lib/python3.12/site-packages/airflow/example_dags/example_python_decorator.py for tasks to queue
[2024-04-19T18:36:09.839+0000] {logging_mixin.py:188} INFO - [2024-04-19T18:36:09.838+0000] {dagbag.py:540} INFO - Filling up the DagBag from /home/airflow/.local/lib/python3.12/site-packages/airflow/example_dags/example_python_decorator.py
[2024-04-19T18:36:09.860+0000] {processor.py:840} INFO - DAG(s) 'example_python_decorator' retrieved from /home/airflow/.local/lib/python3.12/site-packages/airflow/example_dags/example_python_decorator.py
[2024-04-19T18:36:09.875+0000] {logging_mixin.py:188} INFO - [2024-04-19T18:36:09.875+0000] {dag.py:3096} INFO - Sync 1 DAGs
[2024-04-19T18:36:09.893+0000] {logging_mixin.py:188} INFO - [2024-04-19T18:36:09.893+0000] {dag.py:3954} INFO - Setting next_dagrun for example_python_decorator to None, run_after=None
[2024-04-19T18:36:09.924+0000] {processor.py:183} INFO - Processing /home/airflow/.local/lib/python3.12/site-packages/airflow/example_dags/example_python_decorator.py took 0.099 seconds
[2024-04-19T18:36:40.316+0000] {processor.py:161} INFO - Started process (PID=452) to work on /home/airflow/.local/lib/python3.12/site-packages/airflow/example_dags/example_python_decorator.py
[2024-04-19T18:36:40.317+0000] {processor.py:830} INFO - Processing file /home/airflow/.local/lib/python3.12/site-packages/airflow/example_dags/example_python_decorator.py for tasks to queue
[2024-04-19T18:36:40.320+0000] {logging_mixin.py:188} INFO - [2024-04-19T18:36:40.320+0000] {dagbag.py:540} INFO - Filling up the DagBag from /home/airflow/.local/lib/python3.12/site-packages/airflow/example_dags/example_python_decorator.py
[2024-04-19T18:36:40.350+0000] {processor.py:840} INFO - DAG(s) 'example_python_decorator' retrieved from /home/airflow/.local/lib/python3.12/site-packages/airflow/example_dags/example_python_decorator.py
[2024-04-19T18:36:40.553+0000] {logging_mixin.py:188} INFO - [2024-04-19T18:36:40.553+0000] {dag.py:3096} INFO - Sync 1 DAGs
[2024-04-19T18:36:40.566+0000] {logging_mixin.py:188} INFO - [2024-04-19T18:36:40.566+0000] {dag.py:3954} INFO - Setting next_dagrun for example_python_decorator to None, run_after=None
[2024-04-19T18:36:40.601+0000] {processor.py:183} INFO - Processing /home/airflow/.local/lib/python3.12/site-packages/airflow/example_dags/example_python_decorator.py took 0.295 seconds
[2024-04-19T18:37:11.644+0000] {processor.py:161} INFO - Started process (PID=510) to work on /home/airflow/.local/lib/python3.12/site-packages/airflow/example_dags/example_python_decorator.py
[2024-04-19T18:37:11.651+0000] {processor.py:830} INFO - Processing file /home/airflow/.local/lib/python3.12/site-packages/airflow/example_dags/example_python_decorator.py for tasks to queue
[2024-04-19T18:37:11.656+0000] {logging_mixin.py:188} INFO - [2024-04-19T18:37:11.655+0000] {dagbag.py:540} INFO - Filling up the DagBag from /home/airflow/.local/lib/python3.12/site-packages/airflow/example_dags/example_python_decorator.py
[2024-04-19T18:37:11.709+0000] {processor.py:840} INFO - DAG(s) 'example_python_decorator' retrieved from /home/airflow/.local/lib/python3.12/site-packages/airflow/example_dags/example_python_decorator.py
[2024-04-19T18:37:11.819+0000] {logging_mixin.py:188} INFO - [2024-04-19T18:37:11.807+0000] {dag.py:3096} INFO - Sync 1 DAGs
[2024-04-19T18:37:11.871+0000] {logging_mixin.py:188} INFO - [2024-04-19T18:37:11.871+0000] {dag.py:3954} INFO - Setting next_dagrun for example_python_decorator to None, run_after=None
[2024-04-19T18:37:12.007+0000] {processor.py:183} INFO - Processing /home/airflow/.local/lib/python3.12/site-packages/airflow/example_dags/example_python_decorator.py took 0.371 seconds
[2024-04-19T18:37:42.778+0000] {processor.py:161} INFO - Started process (PID=568) to work on /home/airflow/.local/lib/python3.12/site-packages/airflow/example_dags/example_python_decorator.py
[2024-04-19T18:37:42.779+0000] {processor.py:830} INFO - Processing file /home/airflow/.local/lib/python3.12/site-packages/airflow/example_dags/example_python_decorator.py for tasks to queue
[2024-04-19T18:37:42.781+0000] {logging_mixin.py:188} INFO - [2024-04-19T18:37:42.781+0000] {dagbag.py:540} INFO - Filling up the DagBag from /home/airflow/.local/lib/python3.12/site-packages/airflow/example_dags/example_python_decorator.py
[2024-04-19T18:37:42.794+0000] {processor.py:840} INFO - DAG(s) 'example_python_decorator' retrieved from /home/airflow/.local/lib/python3.12/site-packages/airflow/example_dags/example_python_decorator.py
[2024-04-19T18:37:42.813+0000] {logging_mixin.py:188} INFO - [2024-04-19T18:37:42.813+0000] {dag.py:3096} INFO - Sync 1 DAGs
[2024-04-19T18:37:42.827+0000] {logging_mixin.py:188} INFO - [2024-04-19T18:37:42.826+0000] {dag.py:3954} INFO - Setting next_dagrun for example_python_decorator to None, run_after=None
[2024-04-19T18:37:42.849+0000] {processor.py:183} INFO - Processing /home/airflow/.local/lib/python3.12/site-packages/airflow/example_dags/example_python_decorator.py took 0.077 seconds
[2024-04-19T18:38:13.097+0000] {processor.py:161} INFO - Started process (PID=628) to work on /home/airflow/.local/lib/python3.12/site-packages/airflow/example_dags/example_python_decorator.py
[2024-04-19T18:38:13.098+0000] {processor.py:830} INFO - Processing file /home/airflow/.local/lib/python3.12/site-packages/airflow/example_dags/example_python_decorator.py for tasks to queue
[2024-04-19T18:38:13.100+0000] {logging_mixin.py:188} INFO - [2024-04-19T18:38:13.100+0000] {dagbag.py:540} INFO - Filling up the DagBag from /home/airflow/.local/lib/python3.12/site-packages/airflow/example_dags/example_python_decorator.py
[2024-04-19T18:38:13.114+0000] {processor.py:840} INFO - DAG(s) 'example_python_decorator' retrieved from /home/airflow/.local/lib/python3.12/site-packages/airflow/example_dags/example_python_decorator.py
[2024-04-19T18:38:13.139+0000] {logging_mixin.py:188} INFO - [2024-04-19T18:38:13.139+0000] {dag.py:3096} INFO - Sync 1 DAGs
[2024-04-19T18:38:13.153+0000] {logging_mixin.py:188} INFO - [2024-04-19T18:38:13.153+0000] {dag.py:3954} INFO - Setting next_dagrun for example_python_decorator to None, run_after=None
[2024-04-19T18:38:13.175+0000] {processor.py:183} INFO - Processing /home/airflow/.local/lib/python3.12/site-packages/airflow/example_dags/example_python_decorator.py took 0.084 seconds
[2024-04-19T18:38:43.918+0000] {processor.py:161} INFO - Started process (PID=688) to work on /home/airflow/.local/lib/python3.12/site-packages/airflow/example_dags/example_python_decorator.py
[2024-04-19T18:38:43.919+0000] {processor.py:830} INFO - Processing file /home/airflow/.local/lib/python3.12/site-packages/airflow/example_dags/example_python_decorator.py for tasks to queue
[2024-04-19T18:38:43.922+0000] {logging_mixin.py:188} INFO - [2024-04-19T18:38:43.922+0000] {dagbag.py:540} INFO - Filling up the DagBag from /home/airflow/.local/lib/python3.12/site-packages/airflow/example_dags/example_python_decorator.py
[2024-04-19T18:38:43.981+0000] {processor.py:840} INFO - DAG(s) 'example_python_decorator' retrieved from /home/airflow/.local/lib/python3.12/site-packages/airflow/example_dags/example_python_decorator.py
[2024-04-19T18:38:44.010+0000] {logging_mixin.py:188} INFO - [2024-04-19T18:38:44.010+0000] {dag.py:3096} INFO - Sync 1 DAGs
[2024-04-19T18:38:44.027+0000] {logging_mixin.py:188} INFO - [2024-04-19T18:38:44.027+0000] {dag.py:3954} INFO - Setting next_dagrun for example_python_decorator to None, run_after=None
[2024-04-19T18:38:44.053+0000] {processor.py:183} INFO - Processing /home/airflow/.local/lib/python3.12/site-packages/airflow/example_dags/example_python_decorator.py took 0.148 seconds
[2024-04-19T18:39:14.340+0000] {processor.py:161} INFO - Started process (PID=748) to work on /home/airflow/.local/lib/python3.12/site-packages/airflow/example_dags/example_python_decorator.py
[2024-04-19T18:39:14.341+0000] {processor.py:830} INFO - Processing file /home/airflow/.local/lib/python3.12/site-packages/airflow/example_dags/example_python_decorator.py for tasks to queue
[2024-04-19T18:39:14.346+0000] {logging_mixin.py:188} INFO - [2024-04-19T18:39:14.345+0000] {dagbag.py:540} INFO - Filling up the DagBag from /home/airflow/.local/lib/python3.12/site-packages/airflow/example_dags/example_python_decorator.py
[2024-04-19T18:39:14.375+0000] {processor.py:840} INFO - DAG(s) 'example_python_decorator' retrieved from /home/airflow/.local/lib/python3.12/site-packages/airflow/example_dags/example_python_decorator.py
[2024-04-19T18:39:14.421+0000] {logging_mixin.py:188} INFO - [2024-04-19T18:39:14.420+0000] {dag.py:3096} INFO - Sync 1 DAGs
[2024-04-19T18:39:14.460+0000] {logging_mixin.py:188} INFO - [2024-04-19T18:39:14.460+0000] {dag.py:3954} INFO - Setting next_dagrun for example_python_decorator to None, run_after=None
[2024-04-19T18:39:14.578+0000] {processor.py:183} INFO - Processing /home/airflow/.local/lib/python3.12/site-packages/airflow/example_dags/example_python_decorator.py took 0.254 seconds
[2024-04-19T18:39:44.841+0000] {processor.py:161} INFO - Started process (PID=807) to work on /home/airflow/.local/lib/python3.12/site-packages/airflow/example_dags/example_python_decorator.py
[2024-04-19T18:39:44.842+0000] {processor.py:830} INFO - Processing file /home/airflow/.local/lib/python3.12/site-packages/airflow/example_dags/example_python_decorator.py for tasks to queue
[2024-04-19T18:39:44.844+0000] {logging_mixin.py:188} INFO - [2024-04-19T18:39:44.844+0000] {dagbag.py:540} INFO - Filling up the DagBag from /home/airflow/.local/lib/python3.12/site-packages/airflow/example_dags/example_python_decorator.py
[2024-04-19T18:39:44.858+0000] {processor.py:840} INFO - DAG(s) 'example_python_decorator' retrieved from /home/airflow/.local/lib/python3.12/site-packages/airflow/example_dags/example_python_decorator.py
[2024-04-19T18:39:44.884+0000] {logging_mixin.py:188} INFO - [2024-04-19T18:39:44.884+0000] {dag.py:3096} INFO - Sync 1 DAGs
[2024-04-19T18:39:45.065+0000] {logging_mixin.py:188} INFO - [2024-04-19T18:39:45.065+0000] {dag.py:3954} INFO - Setting next_dagrun for example_python_decorator to None, run_after=None
[2024-04-19T18:39:45.084+0000] {processor.py:183} INFO - Processing /home/airflow/.local/lib/python3.12/site-packages/airflow/example_dags/example_python_decorator.py took 0.253 seconds
[2024-04-19T18:40:15.166+0000] {processor.py:161} INFO - Started process (PID=866) to work on /home/airflow/.local/lib/python3.12/site-packages/airflow/example_dags/example_python_decorator.py
[2024-04-19T18:40:15.167+0000] {processor.py:830} INFO - Processing file /home/airflow/.local/lib/python3.12/site-packages/airflow/example_dags/example_python_decorator.py for tasks to queue
[2024-04-19T18:40:15.170+0000] {logging_mixin.py:188} INFO - [2024-04-19T18:40:15.169+0000] {dagbag.py:540} INFO - Filling up the DagBag from /home/airflow/.local/lib/python3.12/site-packages/airflow/example_dags/example_python_decorator.py
[2024-04-19T18:40:15.187+0000] {processor.py:840} INFO - DAG(s) 'example_python_decorator' retrieved from /home/airflow/.local/lib/python3.12/site-packages/airflow/example_dags/example_python_decorator.py
[2024-04-19T18:40:15.216+0000] {logging_mixin.py:188} INFO - [2024-04-19T18:40:15.215+0000] {dag.py:3096} INFO - Sync 1 DAGs
[2024-04-19T18:40:15.234+0000] {logging_mixin.py:188} INFO - [2024-04-19T18:40:15.234+0000] {dag.py:3954} INFO - Setting next_dagrun for example_python_decorator to None, run_after=None
[2024-04-19T18:40:15.469+0000] {processor.py:183} INFO - Processing /home/airflow/.local/lib/python3.12/site-packages/airflow/example_dags/example_python_decorator.py took 0.311 seconds
[2024-04-19T18:40:45.603+0000] {processor.py:161} INFO - Started process (PID=925) to work on /home/airflow/.local/lib/python3.12/site-packages/airflow/example_dags/example_python_decorator.py
[2024-04-19T18:40:45.604+0000] {processor.py:830} INFO - Processing file /home/airflow/.local/lib/python3.12/site-packages/airflow/example_dags/example_python_decorator.py for tasks to queue
[2024-04-19T18:40:45.607+0000] {logging_mixin.py:188} INFO - [2024-04-19T18:40:45.606+0000] {dagbag.py:540} INFO - Filling up the DagBag from /home/airflow/.local/lib/python3.12/site-packages/airflow/example_dags/example_python_decorator.py
[2024-04-19T18:40:45.619+0000] {processor.py:840} INFO - DAG(s) 'example_python_decorator' retrieved from /home/airflow/.local/lib/python3.12/site-packages/airflow/example_dags/example_python_decorator.py
[2024-04-19T18:40:45.645+0000] {logging_mixin.py:188} INFO - [2024-04-19T18:40:45.644+0000] {dag.py:3096} INFO - Sync 1 DAGs
[2024-04-19T18:40:45.665+0000] {logging_mixin.py:188} INFO - [2024-04-19T18:40:45.665+0000] {dag.py:3954} INFO - Setting next_dagrun for example_python_decorator to None, run_after=None
[2024-04-19T18:40:45.687+0000] {processor.py:183} INFO - Processing /home/airflow/.local/lib/python3.12/site-packages/airflow/example_dags/example_python_decorator.py took 0.091 seconds
[2024-04-19T18:41:16.090+0000] {processor.py:161} INFO - Started process (PID=986) to work on /home/airflow/.local/lib/python3.12/site-packages/airflow/example_dags/example_python_decorator.py
[2024-04-19T18:41:16.092+0000] {processor.py:830} INFO - Processing file /home/airflow/.local/lib/python3.12/site-packages/airflow/example_dags/example_python_decorator.py for tasks to queue
[2024-04-19T18:41:16.094+0000] {logging_mixin.py:188} INFO - [2024-04-19T18:41:16.094+0000] {dagbag.py:540} INFO - Filling up the DagBag from /home/airflow/.local/lib/python3.12/site-packages/airflow/example_dags/example_python_decorator.py
[2024-04-19T18:41:16.110+0000] {processor.py:840} INFO - DAG(s) 'example_python_decorator' retrieved from /home/airflow/.local/lib/python3.12/site-packages/airflow/example_dags/example_python_decorator.py
[2024-04-19T18:41:16.146+0000] {logging_mixin.py:188} INFO - [2024-04-19T18:41:16.146+0000] {dag.py:3096} INFO - Sync 1 DAGs
[2024-04-19T18:41:16.160+0000] {logging_mixin.py:188} INFO - [2024-04-19T18:41:16.160+0000] {dag.py:3954} INFO - Setting next_dagrun for example_python_decorator to None, run_after=None
[2024-04-19T18:41:16.189+0000] {processor.py:183} INFO - Processing /home/airflow/.local/lib/python3.12/site-packages/airflow/example_dags/example_python_decorator.py took 0.105 seconds
[2024-04-19T18:41:46.346+0000] {processor.py:161} INFO - Started process (PID=1046) to work on /home/airflow/.local/lib/python3.12/site-packages/airflow/example_dags/example_python_decorator.py
[2024-04-19T18:41:46.347+0000] {processor.py:830} INFO - Processing file /home/airflow/.local/lib/python3.12/site-packages/airflow/example_dags/example_python_decorator.py for tasks to queue
[2024-04-19T18:41:46.349+0000] {logging_mixin.py:188} INFO - [2024-04-19T18:41:46.349+0000] {dagbag.py:540} INFO - Filling up the DagBag from /home/airflow/.local/lib/python3.12/site-packages/airflow/example_dags/example_python_decorator.py
[2024-04-19T18:41:46.365+0000] {processor.py:840} INFO - DAG(s) 'example_python_decorator' retrieved from /home/airflow/.local/lib/python3.12/site-packages/airflow/example_dags/example_python_decorator.py
[2024-04-19T18:41:46.388+0000] {logging_mixin.py:188} INFO - [2024-04-19T18:41:46.387+0000] {dag.py:3096} INFO - Sync 1 DAGs
[2024-04-19T18:41:46.404+0000] {logging_mixin.py:188} INFO - [2024-04-19T18:41:46.404+0000] {dag.py:3954} INFO - Setting next_dagrun for example_python_decorator to None, run_after=None
[2024-04-19T18:41:46.424+0000] {processor.py:183} INFO - Processing /home/airflow/.local/lib/python3.12/site-packages/airflow/example_dags/example_python_decorator.py took 0.086 seconds
[2024-04-19T18:42:16.565+0000] {processor.py:161} INFO - Started process (PID=1106) to work on /home/airflow/.local/lib/python3.12/site-packages/airflow/example_dags/example_python_decorator.py
[2024-04-19T18:42:16.568+0000] {processor.py:830} INFO - Processing file /home/airflow/.local/lib/python3.12/site-packages/airflow/example_dags/example_python_decorator.py for tasks to queue
[2024-04-19T18:42:16.571+0000] {logging_mixin.py:188} INFO - [2024-04-19T18:42:16.570+0000] {dagbag.py:540} INFO - Filling up the DagBag from /home/airflow/.local/lib/python3.12/site-packages/airflow/example_dags/example_python_decorator.py
[2024-04-19T18:42:16.591+0000] {processor.py:840} INFO - DAG(s) 'example_python_decorator' retrieved from /home/airflow/.local/lib/python3.12/site-packages/airflow/example_dags/example_python_decorator.py
[2024-04-19T18:42:16.642+0000] {logging_mixin.py:188} INFO - [2024-04-19T18:42:16.642+0000] {dag.py:3096} INFO - Sync 1 DAGs
[2024-04-19T18:42:16.670+0000] {logging_mixin.py:188} INFO - [2024-04-19T18:42:16.670+0000] {dag.py:3954} INFO - Setting next_dagrun for example_python_decorator to None, run_after=None
[2024-04-19T18:42:16.724+0000] {processor.py:183} INFO - Processing /home/airflow/.local/lib/python3.12/site-packages/airflow/example_dags/example_python_decorator.py took 0.167 seconds
[2024-04-19T18:42:47.075+0000] {processor.py:161} INFO - Started process (PID=1171) to work on /home/airflow/.local/lib/python3.12/site-packages/airflow/example_dags/example_python_decorator.py
[2024-04-19T18:42:47.077+0000] {processor.py:830} INFO - Processing file /home/airflow/.local/lib/python3.12/site-packages/airflow/example_dags/example_python_decorator.py for tasks to queue
[2024-04-19T18:42:47.080+0000] {logging_mixin.py:188} INFO - [2024-04-19T18:42:47.080+0000] {dagbag.py:540} INFO - Filling up the DagBag from /home/airflow/.local/lib/python3.12/site-packages/airflow/example_dags/example_python_decorator.py
[2024-04-19T18:42:47.097+0000] {processor.py:840} INFO - DAG(s) 'example_python_decorator' retrieved from /home/airflow/.local/lib/python3.12/site-packages/airflow/example_dags/example_python_decorator.py
[2024-04-19T18:42:47.129+0000] {logging_mixin.py:188} INFO - [2024-04-19T18:42:47.129+0000] {dag.py:3096} INFO - Sync 1 DAGs
[2024-04-19T18:42:47.146+0000] {logging_mixin.py:188} INFO - [2024-04-19T18:42:47.146+0000] {dag.py:3954} INFO - Setting next_dagrun for example_python_decorator to None, run_after=None
[2024-04-19T18:42:47.166+0000] {processor.py:183} INFO - Processing /home/airflow/.local/lib/python3.12/site-packages/airflow/example_dags/example_python_decorator.py took 0.098 seconds
[2024-04-19T18:43:17.271+0000] {processor.py:161} INFO - Started process (PID=1231) to work on /home/airflow/.local/lib/python3.12/site-packages/airflow/example_dags/example_python_decorator.py
[2024-04-19T18:43:17.272+0000] {processor.py:830} INFO - Processing file /home/airflow/.local/lib/python3.12/site-packages/airflow/example_dags/example_python_decorator.py for tasks to queue
[2024-04-19T18:43:17.274+0000] {logging_mixin.py:188} INFO - [2024-04-19T18:43:17.274+0000] {dagbag.py:540} INFO - Filling up the DagBag from /home/airflow/.local/lib/python3.12/site-packages/airflow/example_dags/example_python_decorator.py
[2024-04-19T18:43:17.290+0000] {processor.py:840} INFO - DAG(s) 'example_python_decorator' retrieved from /home/airflow/.local/lib/python3.12/site-packages/airflow/example_dags/example_python_decorator.py
[2024-04-19T18:43:17.318+0000] {logging_mixin.py:188} INFO - [2024-04-19T18:43:17.318+0000] {dag.py:3096} INFO - Sync 1 DAGs
[2024-04-19T18:43:17.333+0000] {logging_mixin.py:188} INFO - [2024-04-19T18:43:17.333+0000] {dag.py:3954} INFO - Setting next_dagrun for example_python_decorator to None, run_after=None
[2024-04-19T18:43:17.356+0000] {processor.py:183} INFO - Processing /home/airflow/.local/lib/python3.12/site-packages/airflow/example_dags/example_python_decorator.py took 0.092 seconds
[2024-04-19T18:43:47.668+0000] {processor.py:161} INFO - Started process (PID=1291) to work on /home/airflow/.local/lib/python3.12/site-packages/airflow/example_dags/example_python_decorator.py
[2024-04-19T18:43:47.669+0000] {processor.py:830} INFO - Processing file /home/airflow/.local/lib/python3.12/site-packages/airflow/example_dags/example_python_decorator.py for tasks to queue
[2024-04-19T18:43:47.671+0000] {logging_mixin.py:188} INFO - [2024-04-19T18:43:47.671+0000] {dagbag.py:540} INFO - Filling up the DagBag from /home/airflow/.local/lib/python3.12/site-packages/airflow/example_dags/example_python_decorator.py
[2024-04-19T18:43:47.687+0000] {processor.py:840} INFO - DAG(s) 'example_python_decorator' retrieved from /home/airflow/.local/lib/python3.12/site-packages/airflow/example_dags/example_python_decorator.py
[2024-04-19T18:43:47.712+0000] {logging_mixin.py:188} INFO - [2024-04-19T18:43:47.712+0000] {dag.py:3096} INFO - Sync 1 DAGs
[2024-04-19T18:43:47.727+0000] {logging_mixin.py:188} INFO - [2024-04-19T18:43:47.727+0000] {dag.py:3954} INFO - Setting next_dagrun for example_python_decorator to None, run_after=None
[2024-04-19T18:43:47.749+0000] {processor.py:183} INFO - Processing /home/airflow/.local/lib/python3.12/site-packages/airflow/example_dags/example_python_decorator.py took 0.089 seconds
[2024-04-19T18:44:18.967+0000] {processor.py:161} INFO - Started process (PID=1351) to work on /home/airflow/.local/lib/python3.12/site-packages/airflow/example_dags/example_python_decorator.py
[2024-04-19T18:44:18.968+0000] {processor.py:830} INFO - Processing file /home/airflow/.local/lib/python3.12/site-packages/airflow/example_dags/example_python_decorator.py for tasks to queue
[2024-04-19T18:44:18.971+0000] {logging_mixin.py:188} INFO - [2024-04-19T18:44:18.970+0000] {dagbag.py:540} INFO - Filling up the DagBag from /home/airflow/.local/lib/python3.12/site-packages/airflow/example_dags/example_python_decorator.py
[2024-04-19T18:44:18.996+0000] {processor.py:840} INFO - DAG(s) 'example_python_decorator' retrieved from /home/airflow/.local/lib/python3.12/site-packages/airflow/example_dags/example_python_decorator.py
[2024-04-19T18:44:19.029+0000] {logging_mixin.py:188} INFO - [2024-04-19T18:44:19.029+0000] {dag.py:3096} INFO - Sync 1 DAGs
[2024-04-19T18:44:19.053+0000] {logging_mixin.py:188} INFO - [2024-04-19T18:44:19.053+0000] {dag.py:3954} INFO - Setting next_dagrun for example_python_decorator to None, run_after=None
[2024-04-19T18:44:19.084+0000] {processor.py:183} INFO - Processing /home/airflow/.local/lib/python3.12/site-packages/airflow/example_dags/example_python_decorator.py took 0.125 seconds
[2024-04-19T18:44:49.508+0000] {processor.py:161} INFO - Started process (PID=1408) to work on /home/airflow/.local/lib/python3.12/site-packages/airflow/example_dags/example_python_decorator.py
[2024-04-19T18:44:49.510+0000] {processor.py:830} INFO - Processing file /home/airflow/.local/lib/python3.12/site-packages/airflow/example_dags/example_python_decorator.py for tasks to queue
[2024-04-19T18:44:49.512+0000] {logging_mixin.py:188} INFO - [2024-04-19T18:44:49.512+0000] {dagbag.py:540} INFO - Filling up the DagBag from /home/airflow/.local/lib/python3.12/site-packages/airflow/example_dags/example_python_decorator.py
[2024-04-19T18:44:49.527+0000] {processor.py:840} INFO - DAG(s) 'example_python_decorator' retrieved from /home/airflow/.local/lib/python3.12/site-packages/airflow/example_dags/example_python_decorator.py
[2024-04-19T18:44:49.555+0000] {logging_mixin.py:188} INFO - [2024-04-19T18:44:49.555+0000] {dag.py:3096} INFO - Sync 1 DAGs
[2024-04-19T18:44:49.572+0000] {logging_mixin.py:188} INFO - [2024-04-19T18:44:49.572+0000] {dag.py:3954} INFO - Setting next_dagrun for example_python_decorator to None, run_after=None
[2024-04-19T18:44:49.606+0000] {processor.py:183} INFO - Processing /home/airflow/.local/lib/python3.12/site-packages/airflow/example_dags/example_python_decorator.py took 0.105 seconds
[2024-04-19T18:45:20.761+0000] {processor.py:161} INFO - Started process (PID=1468) to work on /home/airflow/.local/lib/python3.12/site-packages/airflow/example_dags/example_python_decorator.py
[2024-04-19T18:45:20.762+0000] {processor.py:830} INFO - Processing file /home/airflow/.local/lib/python3.12/site-packages/airflow/example_dags/example_python_decorator.py for tasks to queue
[2024-04-19T18:45:20.764+0000] {logging_mixin.py:188} INFO - [2024-04-19T18:45:20.763+0000] {dagbag.py:540} INFO - Filling up the DagBag from /home/airflow/.local/lib/python3.12/site-packages/airflow/example_dags/example_python_decorator.py
[2024-04-19T18:45:20.779+0000] {processor.py:840} INFO - DAG(s) 'example_python_decorator' retrieved from /home/airflow/.local/lib/python3.12/site-packages/airflow/example_dags/example_python_decorator.py
[2024-04-19T18:45:20.812+0000] {logging_mixin.py:188} INFO - [2024-04-19T18:45:20.812+0000] {dag.py:3096} INFO - Sync 1 DAGs
[2024-04-19T18:45:20.829+0000] {logging_mixin.py:188} INFO - [2024-04-19T18:45:20.829+0000] {dag.py:3954} INFO - Setting next_dagrun for example_python_decorator to None, run_after=None
[2024-04-19T18:45:20.852+0000] {processor.py:183} INFO - Processing /home/airflow/.local/lib/python3.12/site-packages/airflow/example_dags/example_python_decorator.py took 0.099 seconds
[2024-04-19T18:45:51.106+0000] {processor.py:161} INFO - Started process (PID=1528) to work on /home/airflow/.local/lib/python3.12/site-packages/airflow/example_dags/example_python_decorator.py
[2024-04-19T18:45:51.108+0000] {processor.py:830} INFO - Processing file /home/airflow/.local/lib/python3.12/site-packages/airflow/example_dags/example_python_decorator.py for tasks to queue
[2024-04-19T18:45:51.111+0000] {logging_mixin.py:188} INFO - [2024-04-19T18:45:51.111+0000] {dagbag.py:540} INFO - Filling up the DagBag from /home/airflow/.local/lib/python3.12/site-packages/airflow/example_dags/example_python_decorator.py
[2024-04-19T18:45:51.134+0000] {processor.py:840} INFO - DAG(s) 'example_python_decorator' retrieved from /home/airflow/.local/lib/python3.12/site-packages/airflow/example_dags/example_python_decorator.py
[2024-04-19T18:45:51.172+0000] {logging_mixin.py:188} INFO - [2024-04-19T18:45:51.172+0000] {dag.py:3096} INFO - Sync 1 DAGs
[2024-04-19T18:45:51.189+0000] {logging_mixin.py:188} INFO - [2024-04-19T18:45:51.189+0000] {dag.py:3954} INFO - Setting next_dagrun for example_python_decorator to None, run_after=None
[2024-04-19T18:45:51.235+0000] {processor.py:183} INFO - Processing /home/airflow/.local/lib/python3.12/site-packages/airflow/example_dags/example_python_decorator.py took 0.145 seconds
[2024-04-19T18:46:22.110+0000] {processor.py:161} INFO - Started process (PID=1589) to work on /home/airflow/.local/lib/python3.12/site-packages/airflow/example_dags/example_python_decorator.py
[2024-04-19T18:46:22.116+0000] {processor.py:830} INFO - Processing file /home/airflow/.local/lib/python3.12/site-packages/airflow/example_dags/example_python_decorator.py for tasks to queue
[2024-04-19T18:46:22.120+0000] {logging_mixin.py:188} INFO - [2024-04-19T18:46:22.119+0000] {dagbag.py:540} INFO - Filling up the DagBag from /home/airflow/.local/lib/python3.12/site-packages/airflow/example_dags/example_python_decorator.py
[2024-04-19T18:46:22.142+0000] {processor.py:840} INFO - DAG(s) 'example_python_decorator' retrieved from /home/airflow/.local/lib/python3.12/site-packages/airflow/example_dags/example_python_decorator.py
[2024-04-19T18:46:22.186+0000] {logging_mixin.py:188} INFO - [2024-04-19T18:46:22.186+0000] {dag.py:3096} INFO - Sync 1 DAGs
[2024-04-19T18:46:22.203+0000] {logging_mixin.py:188} INFO - [2024-04-19T18:46:22.203+0000] {dag.py:3954} INFO - Setting next_dagrun for example_python_decorator to None, run_after=None
[2024-04-19T18:46:22.231+0000] {processor.py:183} INFO - Processing /home/airflow/.local/lib/python3.12/site-packages/airflow/example_dags/example_python_decorator.py took 0.129 seconds
[2024-04-19T18:46:52.334+0000] {processor.py:161} INFO - Started process (PID=1649) to work on /home/airflow/.local/lib/python3.12/site-packages/airflow/example_dags/example_python_decorator.py
[2024-04-19T18:46:52.335+0000] {processor.py:830} INFO - Processing file /home/airflow/.local/lib/python3.12/site-packages/airflow/example_dags/example_python_decorator.py for tasks to queue
[2024-04-19T18:46:52.340+0000] {logging_mixin.py:188} INFO - [2024-04-19T18:46:52.340+0000] {dagbag.py:540} INFO - Filling up the DagBag from /home/airflow/.local/lib/python3.12/site-packages/airflow/example_dags/example_python_decorator.py
[2024-04-19T18:46:52.387+0000] {processor.py:840} INFO - DAG(s) 'example_python_decorator' retrieved from /home/airflow/.local/lib/python3.12/site-packages/airflow/example_dags/example_python_decorator.py
[2024-04-19T18:46:52.427+0000] {logging_mixin.py:188} INFO - [2024-04-19T18:46:52.426+0000] {dag.py:3096} INFO - Sync 1 DAGs
[2024-04-19T18:46:52.487+0000] {logging_mixin.py:188} INFO - [2024-04-19T18:46:52.477+0000] {dag.py:3954} INFO - Setting next_dagrun for example_python_decorator to None, run_after=None
[2024-04-19T18:46:52.615+0000] {processor.py:183} INFO - Processing /home/airflow/.local/lib/python3.12/site-packages/airflow/example_dags/example_python_decorator.py took 0.290 seconds
[2024-04-19T18:47:23.050+0000] {processor.py:161} INFO - Started process (PID=1709) to work on /home/airflow/.local/lib/python3.12/site-packages/airflow/example_dags/example_python_decorator.py
[2024-04-19T18:47:23.051+0000] {processor.py:830} INFO - Processing file /home/airflow/.local/lib/python3.12/site-packages/airflow/example_dags/example_python_decorator.py for tasks to queue
[2024-04-19T18:47:23.053+0000] {logging_mixin.py:188} INFO - [2024-04-19T18:47:23.053+0000] {dagbag.py:540} INFO - Filling up the DagBag from /home/airflow/.local/lib/python3.12/site-packages/airflow/example_dags/example_python_decorator.py
[2024-04-19T18:47:23.066+0000] {processor.py:840} INFO - DAG(s) 'example_python_decorator' retrieved from /home/airflow/.local/lib/python3.12/site-packages/airflow/example_dags/example_python_decorator.py
[2024-04-19T18:47:23.094+0000] {logging_mixin.py:188} INFO - [2024-04-19T18:47:23.094+0000] {dag.py:3096} INFO - Sync 1 DAGs
[2024-04-19T18:47:23.108+0000] {logging_mixin.py:188} INFO - [2024-04-19T18:47:23.108+0000] {dag.py:3954} INFO - Setting next_dagrun for example_python_decorator to None, run_after=None
[2024-04-19T18:47:23.135+0000] {processor.py:183} INFO - Processing /home/airflow/.local/lib/python3.12/site-packages/airflow/example_dags/example_python_decorator.py took 0.092 seconds
[2024-04-19T18:47:53.812+0000] {processor.py:161} INFO - Started process (PID=1767) to work on /home/airflow/.local/lib/python3.12/site-packages/airflow/example_dags/example_python_decorator.py
[2024-04-19T18:47:53.813+0000] {processor.py:830} INFO - Processing file /home/airflow/.local/lib/python3.12/site-packages/airflow/example_dags/example_python_decorator.py for tasks to queue
[2024-04-19T18:47:53.814+0000] {logging_mixin.py:188} INFO - [2024-04-19T18:47:53.814+0000] {dagbag.py:540} INFO - Filling up the DagBag from /home/airflow/.local/lib/python3.12/site-packages/airflow/example_dags/example_python_decorator.py
[2024-04-19T18:47:53.841+0000] {processor.py:840} INFO - DAG(s) 'example_python_decorator' retrieved from /home/airflow/.local/lib/python3.12/site-packages/airflow/example_dags/example_python_decorator.py
[2024-04-19T18:47:53.882+0000] {logging_mixin.py:188} INFO - [2024-04-19T18:47:53.882+0000] {dag.py:3096} INFO - Sync 1 DAGs
[2024-04-19T18:47:53.913+0000] {logging_mixin.py:188} INFO - [2024-04-19T18:47:53.913+0000] {dag.py:3954} INFO - Setting next_dagrun for example_python_decorator to None, run_after=None
[2024-04-19T18:47:53.961+0000] {processor.py:183} INFO - Processing /home/airflow/.local/lib/python3.12/site-packages/airflow/example_dags/example_python_decorator.py took 0.164 seconds
[2024-04-19T18:48:24.623+0000] {processor.py:161} INFO - Started process (PID=1827) to work on /home/airflow/.local/lib/python3.12/site-packages/airflow/example_dags/example_python_decorator.py
[2024-04-19T18:48:24.625+0000] {processor.py:830} INFO - Processing file /home/airflow/.local/lib/python3.12/site-packages/airflow/example_dags/example_python_decorator.py for tasks to queue
[2024-04-19T18:48:24.626+0000] {logging_mixin.py:188} INFO - [2024-04-19T18:48:24.625+0000] {dagbag.py:540} INFO - Filling up the DagBag from /home/airflow/.local/lib/python3.12/site-packages/airflow/example_dags/example_python_decorator.py
[2024-04-19T18:48:24.646+0000] {processor.py:840} INFO - DAG(s) 'example_python_decorator' retrieved from /home/airflow/.local/lib/python3.12/site-packages/airflow/example_dags/example_python_decorator.py
[2024-04-19T18:48:24.673+0000] {logging_mixin.py:188} INFO - [2024-04-19T18:48:24.673+0000] {dag.py:3096} INFO - Sync 1 DAGs
[2024-04-19T18:48:24.689+0000] {logging_mixin.py:188} INFO - [2024-04-19T18:48:24.689+0000] {dag.py:3954} INFO - Setting next_dagrun for example_python_decorator to None, run_after=None
[2024-04-19T18:48:24.725+0000] {processor.py:183} INFO - Processing /home/airflow/.local/lib/python3.12/site-packages/airflow/example_dags/example_python_decorator.py took 0.108 seconds
[2024-04-19T18:48:54.862+0000] {processor.py:161} INFO - Started process (PID=1885) to work on /home/airflow/.local/lib/python3.12/site-packages/airflow/example_dags/example_python_decorator.py
[2024-04-19T18:48:54.863+0000] {processor.py:830} INFO - Processing file /home/airflow/.local/lib/python3.12/site-packages/airflow/example_dags/example_python_decorator.py for tasks to queue
[2024-04-19T18:48:54.864+0000] {logging_mixin.py:188} INFO - [2024-04-19T18:48:54.864+0000] {dagbag.py:540} INFO - Filling up the DagBag from /home/airflow/.local/lib/python3.12/site-packages/airflow/example_dags/example_python_decorator.py
[2024-04-19T18:48:54.879+0000] {processor.py:840} INFO - DAG(s) 'example_python_decorator' retrieved from /home/airflow/.local/lib/python3.12/site-packages/airflow/example_dags/example_python_decorator.py
[2024-04-19T18:48:54.907+0000] {logging_mixin.py:188} INFO - [2024-04-19T18:48:54.907+0000] {dag.py:3096} INFO - Sync 1 DAGs
[2024-04-19T18:48:54.922+0000] {logging_mixin.py:188} INFO - [2024-04-19T18:48:54.922+0000] {dag.py:3954} INFO - Setting next_dagrun for example_python_decorator to None, run_after=None
[2024-04-19T18:48:54.952+0000] {processor.py:183} INFO - Processing /home/airflow/.local/lib/python3.12/site-packages/airflow/example_dags/example_python_decorator.py took 0.097 seconds
[2024-04-19T18:56:01.858+0000] {processor.py:161} INFO - Started process (PID=57) to work on /home/airflow/.local/lib/python3.12/site-packages/airflow/example_dags/example_python_decorator.py
[2024-04-19T18:56:01.891+0000] {processor.py:830} INFO - Processing file /home/airflow/.local/lib/python3.12/site-packages/airflow/example_dags/example_python_decorator.py for tasks to queue
[2024-04-19T18:56:01.903+0000] {logging_mixin.py:188} INFO - [2024-04-19T18:56:01.902+0000] {dagbag.py:540} INFO - Filling up the DagBag from /home/airflow/.local/lib/python3.12/site-packages/airflow/example_dags/example_python_decorator.py
[2024-04-19T18:56:02.023+0000] {processor.py:840} INFO - DAG(s) 'example_python_decorator' retrieved from /home/airflow/.local/lib/python3.12/site-packages/airflow/example_dags/example_python_decorator.py
[2024-04-19T18:56:02.591+0000] {logging_mixin.py:188} INFO - [2024-04-19T18:56:02.591+0000] {dag.py:3096} INFO - Sync 1 DAGs
[2024-04-19T18:56:02.678+0000] {logging_mixin.py:188} INFO - [2024-04-19T18:56:02.677+0000] {dag.py:3954} INFO - Setting next_dagrun for example_python_decorator to None, run_after=None
[2024-04-19T18:56:02.832+0000] {processor.py:183} INFO - Processing /home/airflow/.local/lib/python3.12/site-packages/airflow/example_dags/example_python_decorator.py took 1.077 seconds
[2024-04-19T18:56:33.325+0000] {processor.py:161} INFO - Started process (PID=116) to work on /home/airflow/.local/lib/python3.12/site-packages/airflow/example_dags/example_python_decorator.py
[2024-04-19T18:56:33.327+0000] {processor.py:830} INFO - Processing file /home/airflow/.local/lib/python3.12/site-packages/airflow/example_dags/example_python_decorator.py for tasks to queue
[2024-04-19T18:56:33.329+0000] {logging_mixin.py:188} INFO - [2024-04-19T18:56:33.329+0000] {dagbag.py:540} INFO - Filling up the DagBag from /home/airflow/.local/lib/python3.12/site-packages/airflow/example_dags/example_python_decorator.py
[2024-04-19T18:56:33.361+0000] {processor.py:840} INFO - DAG(s) 'example_python_decorator' retrieved from /home/airflow/.local/lib/python3.12/site-packages/airflow/example_dags/example_python_decorator.py
[2024-04-19T18:56:33.379+0000] {logging_mixin.py:188} INFO - [2024-04-19T18:56:33.379+0000] {dag.py:3096} INFO - Sync 1 DAGs
[2024-04-19T18:56:33.399+0000] {logging_mixin.py:188} INFO - [2024-04-19T18:56:33.399+0000] {dag.py:3954} INFO - Setting next_dagrun for example_python_decorator to None, run_after=None
[2024-04-19T18:56:33.433+0000] {processor.py:183} INFO - Processing /home/airflow/.local/lib/python3.12/site-packages/airflow/example_dags/example_python_decorator.py took 0.121 seconds
[2024-04-19T18:57:04.608+0000] {processor.py:161} INFO - Started process (PID=173) to work on /home/airflow/.local/lib/python3.12/site-packages/airflow/example_dags/example_python_decorator.py
[2024-04-19T18:57:04.610+0000] {processor.py:830} INFO - Processing file /home/airflow/.local/lib/python3.12/site-packages/airflow/example_dags/example_python_decorator.py for tasks to queue
[2024-04-19T18:57:04.611+0000] {logging_mixin.py:188} INFO - [2024-04-19T18:57:04.611+0000] {dagbag.py:540} INFO - Filling up the DagBag from /home/airflow/.local/lib/python3.12/site-packages/airflow/example_dags/example_python_decorator.py
[2024-04-19T18:57:04.633+0000] {processor.py:840} INFO - DAG(s) 'example_python_decorator' retrieved from /home/airflow/.local/lib/python3.12/site-packages/airflow/example_dags/example_python_decorator.py
[2024-04-19T18:57:04.809+0000] {logging_mixin.py:188} INFO - [2024-04-19T18:57:04.808+0000] {dag.py:3096} INFO - Sync 1 DAGs
[2024-04-19T18:57:04.827+0000] {logging_mixin.py:188} INFO - [2024-04-19T18:57:04.827+0000] {dag.py:3954} INFO - Setting next_dagrun for example_python_decorator to None, run_after=None
[2024-04-19T18:57:04.887+0000] {processor.py:183} INFO - Processing /home/airflow/.local/lib/python3.12/site-packages/airflow/example_dags/example_python_decorator.py took 0.288 seconds
[2024-04-19T18:57:35.112+0000] {processor.py:161} INFO - Started process (PID=232) to work on /home/airflow/.local/lib/python3.12/site-packages/airflow/example_dags/example_python_decorator.py
[2024-04-19T18:57:35.113+0000] {processor.py:830} INFO - Processing file /home/airflow/.local/lib/python3.12/site-packages/airflow/example_dags/example_python_decorator.py for tasks to queue
[2024-04-19T18:57:35.118+0000] {logging_mixin.py:188} INFO - [2024-04-19T18:57:35.118+0000] {dagbag.py:540} INFO - Filling up the DagBag from /home/airflow/.local/lib/python3.12/site-packages/airflow/example_dags/example_python_decorator.py
[2024-04-19T18:57:35.143+0000] {processor.py:840} INFO - DAG(s) 'example_python_decorator' retrieved from /home/airflow/.local/lib/python3.12/site-packages/airflow/example_dags/example_python_decorator.py
[2024-04-19T18:57:35.195+0000] {logging_mixin.py:188} INFO - [2024-04-19T18:57:35.195+0000] {dag.py:3096} INFO - Sync 1 DAGs
[2024-04-19T18:57:35.225+0000] {logging_mixin.py:188} INFO - [2024-04-19T18:57:35.223+0000] {dag.py:3954} INFO - Setting next_dagrun for example_python_decorator to None, run_after=None
[2024-04-19T18:57:35.256+0000] {processor.py:183} INFO - Processing /home/airflow/.local/lib/python3.12/site-packages/airflow/example_dags/example_python_decorator.py took 0.151 seconds
[2024-04-19T18:58:05.663+0000] {processor.py:161} INFO - Started process (PID=293) to work on /home/airflow/.local/lib/python3.12/site-packages/airflow/example_dags/example_python_decorator.py
[2024-04-19T18:58:05.664+0000] {processor.py:830} INFO - Processing file /home/airflow/.local/lib/python3.12/site-packages/airflow/example_dags/example_python_decorator.py for tasks to queue
[2024-04-19T18:58:05.666+0000] {logging_mixin.py:188} INFO - [2024-04-19T18:58:05.665+0000] {dagbag.py:540} INFO - Filling up the DagBag from /home/airflow/.local/lib/python3.12/site-packages/airflow/example_dags/example_python_decorator.py
[2024-04-19T18:58:05.692+0000] {processor.py:840} INFO - DAG(s) 'example_python_decorator' retrieved from /home/airflow/.local/lib/python3.12/site-packages/airflow/example_dags/example_python_decorator.py
[2024-04-19T18:58:05.731+0000] {logging_mixin.py:188} INFO - [2024-04-19T18:58:05.730+0000] {dag.py:3096} INFO - Sync 1 DAGs
[2024-04-19T18:58:05.745+0000] {logging_mixin.py:188} INFO - [2024-04-19T18:58:05.745+0000] {dag.py:3954} INFO - Setting next_dagrun for example_python_decorator to None, run_after=None
[2024-04-19T18:58:05.782+0000] {processor.py:183} INFO - Processing /home/airflow/.local/lib/python3.12/site-packages/airflow/example_dags/example_python_decorator.py took 0.125 seconds
[2024-04-19T18:58:37.728+0000] {processor.py:161} INFO - Started process (PID=353) to work on /home/airflow/.local/lib/python3.12/site-packages/airflow/example_dags/example_python_decorator.py
[2024-04-19T18:58:37.730+0000] {processor.py:830} INFO - Processing file /home/airflow/.local/lib/python3.12/site-packages/airflow/example_dags/example_python_decorator.py for tasks to queue
[2024-04-19T18:58:37.732+0000] {logging_mixin.py:188} INFO - [2024-04-19T18:58:37.731+0000] {dagbag.py:540} INFO - Filling up the DagBag from /home/airflow/.local/lib/python3.12/site-packages/airflow/example_dags/example_python_decorator.py
[2024-04-19T18:58:37.753+0000] {processor.py:840} INFO - DAG(s) 'example_python_decorator' retrieved from /home/airflow/.local/lib/python3.12/site-packages/airflow/example_dags/example_python_decorator.py
[2024-04-19T18:58:37.796+0000] {logging_mixin.py:188} INFO - [2024-04-19T18:58:37.796+0000] {dag.py:3096} INFO - Sync 1 DAGs
[2024-04-19T18:58:37.852+0000] {logging_mixin.py:188} INFO - [2024-04-19T18:58:37.851+0000] {dag.py:3954} INFO - Setting next_dagrun for example_python_decorator to None, run_after=None
[2024-04-19T18:58:37.902+0000] {processor.py:183} INFO - Processing /home/airflow/.local/lib/python3.12/site-packages/airflow/example_dags/example_python_decorator.py took 0.181 seconds
[2024-04-19T18:59:08.588+0000] {processor.py:161} INFO - Started process (PID=412) to work on /home/airflow/.local/lib/python3.12/site-packages/airflow/example_dags/example_python_decorator.py
[2024-04-19T18:59:08.589+0000] {processor.py:830} INFO - Processing file /home/airflow/.local/lib/python3.12/site-packages/airflow/example_dags/example_python_decorator.py for tasks to queue
[2024-04-19T18:59:08.590+0000] {logging_mixin.py:188} INFO - [2024-04-19T18:59:08.590+0000] {dagbag.py:540} INFO - Filling up the DagBag from /home/airflow/.local/lib/python3.12/site-packages/airflow/example_dags/example_python_decorator.py
[2024-04-19T18:59:08.610+0000] {processor.py:840} INFO - DAG(s) 'example_python_decorator' retrieved from /home/airflow/.local/lib/python3.12/site-packages/airflow/example_dags/example_python_decorator.py
[2024-04-19T18:59:08.640+0000] {logging_mixin.py:188} INFO - [2024-04-19T18:59:08.640+0000] {dag.py:3096} INFO - Sync 1 DAGs
[2024-04-19T18:59:08.673+0000] {logging_mixin.py:188} INFO - [2024-04-19T18:59:08.673+0000] {dag.py:3954} INFO - Setting next_dagrun for example_python_decorator to None, run_after=None
[2024-04-19T18:59:08.738+0000] {processor.py:183} INFO - Processing /home/airflow/.local/lib/python3.12/site-packages/airflow/example_dags/example_python_decorator.py took 0.156 seconds
[2024-04-19T18:59:39.535+0000] {processor.py:161} INFO - Started process (PID=472) to work on /home/airflow/.local/lib/python3.12/site-packages/airflow/example_dags/example_python_decorator.py
[2024-04-19T18:59:39.537+0000] {processor.py:830} INFO - Processing file /home/airflow/.local/lib/python3.12/site-packages/airflow/example_dags/example_python_decorator.py for tasks to queue
[2024-04-19T18:59:39.538+0000] {logging_mixin.py:188} INFO - [2024-04-19T18:59:39.538+0000] {dagbag.py:540} INFO - Filling up the DagBag from /home/airflow/.local/lib/python3.12/site-packages/airflow/example_dags/example_python_decorator.py
[2024-04-19T18:59:39.555+0000] {processor.py:840} INFO - DAG(s) 'example_python_decorator' retrieved from /home/airflow/.local/lib/python3.12/site-packages/airflow/example_dags/example_python_decorator.py
[2024-04-19T18:59:39.580+0000] {logging_mixin.py:188} INFO - [2024-04-19T18:59:39.580+0000] {dag.py:3096} INFO - Sync 1 DAGs
[2024-04-19T18:59:39.596+0000] {logging_mixin.py:188} INFO - [2024-04-19T18:59:39.596+0000] {dag.py:3954} INFO - Setting next_dagrun for example_python_decorator to None, run_after=None
[2024-04-19T18:59:39.619+0000] {processor.py:183} INFO - Processing /home/airflow/.local/lib/python3.12/site-packages/airflow/example_dags/example_python_decorator.py took 0.092 seconds
[2024-04-19T19:00:10.330+0000] {processor.py:161} INFO - Started process (PID=532) to work on /home/airflow/.local/lib/python3.12/site-packages/airflow/example_dags/example_python_decorator.py
[2024-04-19T19:00:10.331+0000] {processor.py:830} INFO - Processing file /home/airflow/.local/lib/python3.12/site-packages/airflow/example_dags/example_python_decorator.py for tasks to queue
[2024-04-19T19:00:10.332+0000] {logging_mixin.py:188} INFO - [2024-04-19T19:00:10.332+0000] {dagbag.py:540} INFO - Filling up the DagBag from /home/airflow/.local/lib/python3.12/site-packages/airflow/example_dags/example_python_decorator.py
[2024-04-19T19:00:10.345+0000] {processor.py:840} INFO - DAG(s) 'example_python_decorator' retrieved from /home/airflow/.local/lib/python3.12/site-packages/airflow/example_dags/example_python_decorator.py
[2024-04-19T19:00:10.370+0000] {logging_mixin.py:188} INFO - [2024-04-19T19:00:10.370+0000] {dag.py:3096} INFO - Sync 1 DAGs
[2024-04-19T19:00:10.386+0000] {logging_mixin.py:188} INFO - [2024-04-19T19:00:10.385+0000] {dag.py:3954} INFO - Setting next_dagrun for example_python_decorator to None, run_after=None
[2024-04-19T19:00:10.409+0000] {processor.py:183} INFO - Processing /home/airflow/.local/lib/python3.12/site-packages/airflow/example_dags/example_python_decorator.py took 0.086 seconds
[2024-04-19T19:00:40.597+0000] {processor.py:161} INFO - Started process (PID=591) to work on /home/airflow/.local/lib/python3.12/site-packages/airflow/example_dags/example_python_decorator.py
[2024-04-19T19:00:40.598+0000] {processor.py:830} INFO - Processing file /home/airflow/.local/lib/python3.12/site-packages/airflow/example_dags/example_python_decorator.py for tasks to queue
[2024-04-19T19:00:40.599+0000] {logging_mixin.py:188} INFO - [2024-04-19T19:00:40.599+0000] {dagbag.py:540} INFO - Filling up the DagBag from /home/airflow/.local/lib/python3.12/site-packages/airflow/example_dags/example_python_decorator.py
[2024-04-19T19:00:40.613+0000] {processor.py:840} INFO - DAG(s) 'example_python_decorator' retrieved from /home/airflow/.local/lib/python3.12/site-packages/airflow/example_dags/example_python_decorator.py
[2024-04-19T19:00:40.638+0000] {logging_mixin.py:188} INFO - [2024-04-19T19:00:40.638+0000] {dag.py:3096} INFO - Sync 1 DAGs
[2024-04-19T19:00:40.654+0000] {logging_mixin.py:188} INFO - [2024-04-19T19:00:40.653+0000] {dag.py:3954} INFO - Setting next_dagrun for example_python_decorator to None, run_after=None
[2024-04-19T19:00:40.681+0000] {processor.py:183} INFO - Processing /home/airflow/.local/lib/python3.12/site-packages/airflow/example_dags/example_python_decorator.py took 0.091 seconds
[2024-04-19T19:01:10.789+0000] {processor.py:161} INFO - Started process (PID=650) to work on /home/airflow/.local/lib/python3.12/site-packages/airflow/example_dags/example_python_decorator.py
[2024-04-19T19:01:10.791+0000] {processor.py:830} INFO - Processing file /home/airflow/.local/lib/python3.12/site-packages/airflow/example_dags/example_python_decorator.py for tasks to queue
[2024-04-19T19:01:10.792+0000] {logging_mixin.py:188} INFO - [2024-04-19T19:01:10.791+0000] {dagbag.py:540} INFO - Filling up the DagBag from /home/airflow/.local/lib/python3.12/site-packages/airflow/example_dags/example_python_decorator.py
[2024-04-19T19:01:10.813+0000] {processor.py:840} INFO - DAG(s) 'example_python_decorator' retrieved from /home/airflow/.local/lib/python3.12/site-packages/airflow/example_dags/example_python_decorator.py
[2024-04-19T19:01:10.845+0000] {logging_mixin.py:188} INFO - [2024-04-19T19:01:10.845+0000] {dag.py:3096} INFO - Sync 1 DAGs
[2024-04-19T19:01:10.870+0000] {logging_mixin.py:188} INFO - [2024-04-19T19:01:10.869+0000] {dag.py:3954} INFO - Setting next_dagrun for example_python_decorator to None, run_after=None
[2024-04-19T19:01:10.894+0000] {processor.py:183} INFO - Processing /home/airflow/.local/lib/python3.12/site-packages/airflow/example_dags/example_python_decorator.py took 0.112 seconds
[2024-04-19T19:01:41.132+0000] {processor.py:161} INFO - Started process (PID=710) to work on /home/airflow/.local/lib/python3.12/site-packages/airflow/example_dags/example_python_decorator.py
[2024-04-19T19:01:41.133+0000] {processor.py:830} INFO - Processing file /home/airflow/.local/lib/python3.12/site-packages/airflow/example_dags/example_python_decorator.py for tasks to queue
[2024-04-19T19:01:41.134+0000] {logging_mixin.py:188} INFO - [2024-04-19T19:01:41.133+0000] {dagbag.py:540} INFO - Filling up the DagBag from /home/airflow/.local/lib/python3.12/site-packages/airflow/example_dags/example_python_decorator.py
[2024-04-19T19:01:41.151+0000] {processor.py:840} INFO - DAG(s) 'example_python_decorator' retrieved from /home/airflow/.local/lib/python3.12/site-packages/airflow/example_dags/example_python_decorator.py
[2024-04-19T19:01:41.180+0000] {logging_mixin.py:188} INFO - [2024-04-19T19:01:41.180+0000] {dag.py:3096} INFO - Sync 1 DAGs
[2024-04-19T19:01:41.200+0000] {logging_mixin.py:188} INFO - [2024-04-19T19:01:41.200+0000] {dag.py:3954} INFO - Setting next_dagrun for example_python_decorator to None, run_after=None
[2024-04-19T19:01:41.235+0000] {processor.py:183} INFO - Processing /home/airflow/.local/lib/python3.12/site-packages/airflow/example_dags/example_python_decorator.py took 0.111 seconds
[2024-04-19T19:02:12.865+0000] {processor.py:161} INFO - Started process (PID=772) to work on /home/airflow/.local/lib/python3.12/site-packages/airflow/example_dags/example_python_decorator.py
[2024-04-19T19:02:12.866+0000] {processor.py:830} INFO - Processing file /home/airflow/.local/lib/python3.12/site-packages/airflow/example_dags/example_python_decorator.py for tasks to queue
[2024-04-19T19:02:12.870+0000] {logging_mixin.py:188} INFO - [2024-04-19T19:02:12.868+0000] {dagbag.py:540} INFO - Filling up the DagBag from /home/airflow/.local/lib/python3.12/site-packages/airflow/example_dags/example_python_decorator.py
[2024-04-19T19:02:12.898+0000] {processor.py:840} INFO - DAG(s) 'example_python_decorator' retrieved from /home/airflow/.local/lib/python3.12/site-packages/airflow/example_dags/example_python_decorator.py
[2024-04-19T19:02:12.971+0000] {logging_mixin.py:188} INFO - [2024-04-19T19:02:12.970+0000] {dag.py:3096} INFO - Sync 1 DAGs
[2024-04-19T19:02:12.993+0000] {logging_mixin.py:188} INFO - [2024-04-19T19:02:12.993+0000] {dag.py:3954} INFO - Setting next_dagrun for example_python_decorator to None, run_after=None
[2024-04-19T19:02:13.034+0000] {processor.py:183} INFO - Processing /home/airflow/.local/lib/python3.12/site-packages/airflow/example_dags/example_python_decorator.py took 0.178 seconds
[2024-04-19T19:02:43.602+0000] {processor.py:161} INFO - Started process (PID=830) to work on /home/airflow/.local/lib/python3.12/site-packages/airflow/example_dags/example_python_decorator.py
[2024-04-19T19:02:43.606+0000] {processor.py:830} INFO - Processing file /home/airflow/.local/lib/python3.12/site-packages/airflow/example_dags/example_python_decorator.py for tasks to queue
[2024-04-19T19:02:43.608+0000] {logging_mixin.py:188} INFO - [2024-04-19T19:02:43.607+0000] {dagbag.py:540} INFO - Filling up the DagBag from /home/airflow/.local/lib/python3.12/site-packages/airflow/example_dags/example_python_decorator.py
[2024-04-19T19:02:43.627+0000] {processor.py:840} INFO - DAG(s) 'example_python_decorator' retrieved from /home/airflow/.local/lib/python3.12/site-packages/airflow/example_dags/example_python_decorator.py
[2024-04-19T19:02:43.663+0000] {logging_mixin.py:188} INFO - [2024-04-19T19:02:43.662+0000] {dag.py:3096} INFO - Sync 1 DAGs
[2024-04-19T19:02:43.690+0000] {logging_mixin.py:188} INFO - [2024-04-19T19:02:43.689+0000] {dag.py:3954} INFO - Setting next_dagrun for example_python_decorator to None, run_after=None
[2024-04-19T19:02:43.728+0000] {processor.py:183} INFO - Processing /home/airflow/.local/lib/python3.12/site-packages/airflow/example_dags/example_python_decorator.py took 0.133 seconds
[2024-04-19T19:03:14.670+0000] {processor.py:161} INFO - Started process (PID=892) to work on /home/airflow/.local/lib/python3.12/site-packages/airflow/example_dags/example_python_decorator.py
[2024-04-19T19:03:14.671+0000] {processor.py:830} INFO - Processing file /home/airflow/.local/lib/python3.12/site-packages/airflow/example_dags/example_python_decorator.py for tasks to queue
[2024-04-19T19:03:14.672+0000] {logging_mixin.py:188} INFO - [2024-04-19T19:03:14.672+0000] {dagbag.py:540} INFO - Filling up the DagBag from /home/airflow/.local/lib/python3.12/site-packages/airflow/example_dags/example_python_decorator.py
[2024-04-19T19:03:14.688+0000] {processor.py:840} INFO - DAG(s) 'example_python_decorator' retrieved from /home/airflow/.local/lib/python3.12/site-packages/airflow/example_dags/example_python_decorator.py
[2024-04-19T19:03:14.711+0000] {logging_mixin.py:188} INFO - [2024-04-19T19:03:14.711+0000] {dag.py:3096} INFO - Sync 1 DAGs
[2024-04-19T19:03:14.725+0000] {logging_mixin.py:188} INFO - [2024-04-19T19:03:14.725+0000] {dag.py:3954} INFO - Setting next_dagrun for example_python_decorator to None, run_after=None
[2024-04-19T19:03:14.752+0000] {processor.py:183} INFO - Processing /home/airflow/.local/lib/python3.12/site-packages/airflow/example_dags/example_python_decorator.py took 0.089 seconds
[2024-04-19T19:03:45.550+0000] {processor.py:161} INFO - Started process (PID=952) to work on /home/airflow/.local/lib/python3.12/site-packages/airflow/example_dags/example_python_decorator.py
[2024-04-19T19:03:45.552+0000] {processor.py:830} INFO - Processing file /home/airflow/.local/lib/python3.12/site-packages/airflow/example_dags/example_python_decorator.py for tasks to queue
[2024-04-19T19:03:45.553+0000] {logging_mixin.py:188} INFO - [2024-04-19T19:03:45.553+0000] {dagbag.py:540} INFO - Filling up the DagBag from /home/airflow/.local/lib/python3.12/site-packages/airflow/example_dags/example_python_decorator.py
[2024-04-19T19:03:45.569+0000] {processor.py:840} INFO - DAG(s) 'example_python_decorator' retrieved from /home/airflow/.local/lib/python3.12/site-packages/airflow/example_dags/example_python_decorator.py
[2024-04-19T19:03:45.599+0000] {logging_mixin.py:188} INFO - [2024-04-19T19:03:45.599+0000] {dag.py:3096} INFO - Sync 1 DAGs
[2024-04-19T19:03:45.618+0000] {logging_mixin.py:188} INFO - [2024-04-19T19:03:45.618+0000] {dag.py:3954} INFO - Setting next_dagrun for example_python_decorator to None, run_after=None
[2024-04-19T19:03:45.649+0000] {processor.py:183} INFO - Processing /home/airflow/.local/lib/python3.12/site-packages/airflow/example_dags/example_python_decorator.py took 0.106 seconds
[2024-04-19T19:04:16.459+0000] {processor.py:161} INFO - Started process (PID=1011) to work on /home/airflow/.local/lib/python3.12/site-packages/airflow/example_dags/example_python_decorator.py
[2024-04-19T19:04:16.461+0000] {processor.py:830} INFO - Processing file /home/airflow/.local/lib/python3.12/site-packages/airflow/example_dags/example_python_decorator.py for tasks to queue
[2024-04-19T19:04:16.462+0000] {logging_mixin.py:188} INFO - [2024-04-19T19:04:16.462+0000] {dagbag.py:540} INFO - Filling up the DagBag from /home/airflow/.local/lib/python3.12/site-packages/airflow/example_dags/example_python_decorator.py
[2024-04-19T19:04:16.482+0000] {processor.py:840} INFO - DAG(s) 'example_python_decorator' retrieved from /home/airflow/.local/lib/python3.12/site-packages/airflow/example_dags/example_python_decorator.py
[2024-04-19T19:04:16.521+0000] {logging_mixin.py:188} INFO - [2024-04-19T19:04:16.521+0000] {dag.py:3096} INFO - Sync 1 DAGs
[2024-04-19T19:04:16.540+0000] {logging_mixin.py:188} INFO - [2024-04-19T19:04:16.540+0000] {dag.py:3954} INFO - Setting next_dagrun for example_python_decorator to None, run_after=None
[2024-04-19T19:04:16.570+0000] {processor.py:183} INFO - Processing /home/airflow/.local/lib/python3.12/site-packages/airflow/example_dags/example_python_decorator.py took 0.118 seconds
[2024-04-19T19:04:47.091+0000] {processor.py:161} INFO - Started process (PID=1071) to work on /home/airflow/.local/lib/python3.12/site-packages/airflow/example_dags/example_python_decorator.py
[2024-04-19T19:04:47.094+0000] {processor.py:830} INFO - Processing file /home/airflow/.local/lib/python3.12/site-packages/airflow/example_dags/example_python_decorator.py for tasks to queue
[2024-04-19T19:04:47.095+0000] {logging_mixin.py:188} INFO - [2024-04-19T19:04:47.095+0000] {dagbag.py:540} INFO - Filling up the DagBag from /home/airflow/.local/lib/python3.12/site-packages/airflow/example_dags/example_python_decorator.py
[2024-04-19T19:04:47.112+0000] {processor.py:840} INFO - DAG(s) 'example_python_decorator' retrieved from /home/airflow/.local/lib/python3.12/site-packages/airflow/example_dags/example_python_decorator.py
[2024-04-19T19:04:47.147+0000] {logging_mixin.py:188} INFO - [2024-04-19T19:04:47.147+0000] {dag.py:3096} INFO - Sync 1 DAGs
[2024-04-19T19:04:47.161+0000] {logging_mixin.py:188} INFO - [2024-04-19T19:04:47.161+0000] {dag.py:3954} INFO - Setting next_dagrun for example_python_decorator to None, run_after=None
[2024-04-19T19:04:47.551+0000] {processor.py:183} INFO - Processing /home/airflow/.local/lib/python3.12/site-packages/airflow/example_dags/example_python_decorator.py took 0.467 seconds
[2024-04-19T19:05:17.722+0000] {processor.py:161} INFO - Started process (PID=1131) to work on /home/airflow/.local/lib/python3.12/site-packages/airflow/example_dags/example_python_decorator.py
[2024-04-19T19:05:17.723+0000] {processor.py:830} INFO - Processing file /home/airflow/.local/lib/python3.12/site-packages/airflow/example_dags/example_python_decorator.py for tasks to queue
[2024-04-19T19:05:17.725+0000] {logging_mixin.py:188} INFO - [2024-04-19T19:05:17.724+0000] {dagbag.py:540} INFO - Filling up the DagBag from /home/airflow/.local/lib/python3.12/site-packages/airflow/example_dags/example_python_decorator.py
[2024-04-19T19:05:17.740+0000] {processor.py:840} INFO - DAG(s) 'example_python_decorator' retrieved from /home/airflow/.local/lib/python3.12/site-packages/airflow/example_dags/example_python_decorator.py
[2024-04-19T19:05:17.763+0000] {logging_mixin.py:188} INFO - [2024-04-19T19:05:17.763+0000] {dag.py:3096} INFO - Sync 1 DAGs
[2024-04-19T19:05:17.775+0000] {logging_mixin.py:188} INFO - [2024-04-19T19:05:17.775+0000] {dag.py:3954} INFO - Setting next_dagrun for example_python_decorator to None, run_after=None
[2024-04-19T19:05:17.797+0000] {processor.py:183} INFO - Processing /home/airflow/.local/lib/python3.12/site-packages/airflow/example_dags/example_python_decorator.py took 0.082 seconds
[2024-04-19T19:05:48.634+0000] {processor.py:161} INFO - Started process (PID=1191) to work on /home/airflow/.local/lib/python3.12/site-packages/airflow/example_dags/example_python_decorator.py
[2024-04-19T19:05:48.635+0000] {processor.py:830} INFO - Processing file /home/airflow/.local/lib/python3.12/site-packages/airflow/example_dags/example_python_decorator.py for tasks to queue
[2024-04-19T19:05:48.636+0000] {logging_mixin.py:188} INFO - [2024-04-19T19:05:48.636+0000] {dagbag.py:540} INFO - Filling up the DagBag from /home/airflow/.local/lib/python3.12/site-packages/airflow/example_dags/example_python_decorator.py
[2024-04-19T19:05:48.650+0000] {processor.py:840} INFO - DAG(s) 'example_python_decorator' retrieved from /home/airflow/.local/lib/python3.12/site-packages/airflow/example_dags/example_python_decorator.py
[2024-04-19T19:05:48.673+0000] {logging_mixin.py:188} INFO - [2024-04-19T19:05:48.673+0000] {dag.py:3096} INFO - Sync 1 DAGs
[2024-04-19T19:05:48.686+0000] {logging_mixin.py:188} INFO - [2024-04-19T19:05:48.686+0000] {dag.py:3954} INFO - Setting next_dagrun for example_python_decorator to None, run_after=None
[2024-04-19T19:05:48.708+0000] {processor.py:183} INFO - Processing /home/airflow/.local/lib/python3.12/site-packages/airflow/example_dags/example_python_decorator.py took 0.079 seconds
[2024-04-19T19:06:19.553+0000] {processor.py:161} INFO - Started process (PID=1252) to work on /home/airflow/.local/lib/python3.12/site-packages/airflow/example_dags/example_python_decorator.py
[2024-04-19T19:06:19.554+0000] {processor.py:830} INFO - Processing file /home/airflow/.local/lib/python3.12/site-packages/airflow/example_dags/example_python_decorator.py for tasks to queue
[2024-04-19T19:06:19.555+0000] {logging_mixin.py:188} INFO - [2024-04-19T19:06:19.554+0000] {dagbag.py:540} INFO - Filling up the DagBag from /home/airflow/.local/lib/python3.12/site-packages/airflow/example_dags/example_python_decorator.py
[2024-04-19T19:06:19.568+0000] {processor.py:840} INFO - DAG(s) 'example_python_decorator' retrieved from /home/airflow/.local/lib/python3.12/site-packages/airflow/example_dags/example_python_decorator.py
[2024-04-19T19:06:19.591+0000] {logging_mixin.py:188} INFO - [2024-04-19T19:06:19.590+0000] {dag.py:3096} INFO - Sync 1 DAGs
[2024-04-19T19:06:19.604+0000] {logging_mixin.py:188} INFO - [2024-04-19T19:06:19.603+0000] {dag.py:3954} INFO - Setting next_dagrun for example_python_decorator to None, run_after=None
[2024-04-19T19:06:19.632+0000] {processor.py:183} INFO - Processing /home/airflow/.local/lib/python3.12/site-packages/airflow/example_dags/example_python_decorator.py took 0.085 seconds
[2024-04-19T19:06:50.495+0000] {processor.py:161} INFO - Started process (PID=1312) to work on /home/airflow/.local/lib/python3.12/site-packages/airflow/example_dags/example_python_decorator.py
[2024-04-19T19:06:50.496+0000] {processor.py:830} INFO - Processing file /home/airflow/.local/lib/python3.12/site-packages/airflow/example_dags/example_python_decorator.py for tasks to queue
[2024-04-19T19:06:50.497+0000] {logging_mixin.py:188} INFO - [2024-04-19T19:06:50.497+0000] {dagbag.py:540} INFO - Filling up the DagBag from /home/airflow/.local/lib/python3.12/site-packages/airflow/example_dags/example_python_decorator.py
[2024-04-19T19:06:50.513+0000] {processor.py:840} INFO - DAG(s) 'example_python_decorator' retrieved from /home/airflow/.local/lib/python3.12/site-packages/airflow/example_dags/example_python_decorator.py
[2024-04-19T19:06:50.539+0000] {logging_mixin.py:188} INFO - [2024-04-19T19:06:50.539+0000] {dag.py:3096} INFO - Sync 1 DAGs
[2024-04-19T19:06:50.553+0000] {logging_mixin.py:188} INFO - [2024-04-19T19:06:50.553+0000] {dag.py:3954} INFO - Setting next_dagrun for example_python_decorator to None, run_after=None
[2024-04-19T19:06:50.580+0000] {processor.py:183} INFO - Processing /home/airflow/.local/lib/python3.12/site-packages/airflow/example_dags/example_python_decorator.py took 0.090 seconds
[2024-04-19T19:07:21.082+0000] {processor.py:161} INFO - Started process (PID=1372) to work on /home/airflow/.local/lib/python3.12/site-packages/airflow/example_dags/example_python_decorator.py
[2024-04-19T19:07:21.083+0000] {processor.py:830} INFO - Processing file /home/airflow/.local/lib/python3.12/site-packages/airflow/example_dags/example_python_decorator.py for tasks to queue
[2024-04-19T19:07:21.084+0000] {logging_mixin.py:188} INFO - [2024-04-19T19:07:21.084+0000] {dagbag.py:540} INFO - Filling up the DagBag from /home/airflow/.local/lib/python3.12/site-packages/airflow/example_dags/example_python_decorator.py
[2024-04-19T19:07:21.108+0000] {processor.py:840} INFO - DAG(s) 'example_python_decorator' retrieved from /home/airflow/.local/lib/python3.12/site-packages/airflow/example_dags/example_python_decorator.py
[2024-04-19T19:07:21.268+0000] {logging_mixin.py:188} INFO - [2024-04-19T19:07:21.268+0000] {dag.py:3096} INFO - Sync 1 DAGs
[2024-04-19T19:07:21.331+0000] {logging_mixin.py:188} INFO - [2024-04-19T19:07:21.330+0000] {dag.py:3954} INFO - Setting next_dagrun for example_python_decorator to None, run_after=None
[2024-04-19T19:07:21.371+0000] {processor.py:183} INFO - Processing /home/airflow/.local/lib/python3.12/site-packages/airflow/example_dags/example_python_decorator.py took 0.306 seconds
[2024-04-19T19:07:52.019+0000] {processor.py:161} INFO - Started process (PID=1432) to work on /home/airflow/.local/lib/python3.12/site-packages/airflow/example_dags/example_python_decorator.py
[2024-04-19T19:07:52.039+0000] {processor.py:830} INFO - Processing file /home/airflow/.local/lib/python3.12/site-packages/airflow/example_dags/example_python_decorator.py for tasks to queue
[2024-04-19T19:07:52.042+0000] {logging_mixin.py:188} INFO - [2024-04-19T19:07:52.042+0000] {dagbag.py:540} INFO - Filling up the DagBag from /home/airflow/.local/lib/python3.12/site-packages/airflow/example_dags/example_python_decorator.py
[2024-04-19T19:07:52.096+0000] {processor.py:840} INFO - DAG(s) 'example_python_decorator' retrieved from /home/airflow/.local/lib/python3.12/site-packages/airflow/example_dags/example_python_decorator.py
[2024-04-19T19:07:52.201+0000] {logging_mixin.py:188} INFO - [2024-04-19T19:07:52.199+0000] {dag.py:3096} INFO - Sync 1 DAGs
[2024-04-19T19:07:52.239+0000] {logging_mixin.py:188} INFO - [2024-04-19T19:07:52.238+0000] {dag.py:3954} INFO - Setting next_dagrun for example_python_decorator to None, run_after=None
[2024-04-19T19:07:52.276+0000] {processor.py:183} INFO - Processing /home/airflow/.local/lib/python3.12/site-packages/airflow/example_dags/example_python_decorator.py took 0.266 seconds
[2024-04-19T19:08:23.688+0000] {processor.py:161} INFO - Started process (PID=1489) to work on /home/airflow/.local/lib/python3.12/site-packages/airflow/example_dags/example_python_decorator.py
[2024-04-19T19:08:23.701+0000] {processor.py:830} INFO - Processing file /home/airflow/.local/lib/python3.12/site-packages/airflow/example_dags/example_python_decorator.py for tasks to queue
[2024-04-19T19:08:23.707+0000] {logging_mixin.py:188} INFO - [2024-04-19T19:08:23.705+0000] {dagbag.py:540} INFO - Filling up the DagBag from /home/airflow/.local/lib/python3.12/site-packages/airflow/example_dags/example_python_decorator.py
[2024-04-19T19:08:23.785+0000] {processor.py:840} INFO - DAG(s) 'example_python_decorator' retrieved from /home/airflow/.local/lib/python3.12/site-packages/airflow/example_dags/example_python_decorator.py
[2024-04-19T19:08:23.916+0000] {logging_mixin.py:188} INFO - [2024-04-19T19:08:23.916+0000] {dag.py:3096} INFO - Sync 1 DAGs
[2024-04-19T19:08:23.978+0000] {logging_mixin.py:188} INFO - [2024-04-19T19:08:23.978+0000] {dag.py:3954} INFO - Setting next_dagrun for example_python_decorator to None, run_after=None
[2024-04-19T19:08:24.100+0000] {processor.py:183} INFO - Processing /home/airflow/.local/lib/python3.12/site-packages/airflow/example_dags/example_python_decorator.py took 0.434 seconds
[2024-04-19T19:08:55.020+0000] {processor.py:161} INFO - Started process (PID=1550) to work on /home/airflow/.local/lib/python3.12/site-packages/airflow/example_dags/example_python_decorator.py
[2024-04-19T19:08:55.021+0000] {processor.py:830} INFO - Processing file /home/airflow/.local/lib/python3.12/site-packages/airflow/example_dags/example_python_decorator.py for tasks to queue
[2024-04-19T19:08:55.022+0000] {logging_mixin.py:188} INFO - [2024-04-19T19:08:55.022+0000] {dagbag.py:540} INFO - Filling up the DagBag from /home/airflow/.local/lib/python3.12/site-packages/airflow/example_dags/example_python_decorator.py
[2024-04-19T19:08:55.040+0000] {processor.py:840} INFO - DAG(s) 'example_python_decorator' retrieved from /home/airflow/.local/lib/python3.12/site-packages/airflow/example_dags/example_python_decorator.py
[2024-04-19T19:08:55.069+0000] {logging_mixin.py:188} INFO - [2024-04-19T19:08:55.069+0000] {dag.py:3096} INFO - Sync 1 DAGs
[2024-04-19T19:08:55.083+0000] {logging_mixin.py:188} INFO - [2024-04-19T19:08:55.083+0000] {dag.py:3954} INFO - Setting next_dagrun for example_python_decorator to None, run_after=None
[2024-04-19T19:08:55.109+0000] {processor.py:183} INFO - Processing /home/airflow/.local/lib/python3.12/site-packages/airflow/example_dags/example_python_decorator.py took 0.098 seconds
[2024-04-19T19:09:25.348+0000] {processor.py:161} INFO - Started process (PID=1610) to work on /home/airflow/.local/lib/python3.12/site-packages/airflow/example_dags/example_python_decorator.py
[2024-04-19T19:09:25.350+0000] {processor.py:830} INFO - Processing file /home/airflow/.local/lib/python3.12/site-packages/airflow/example_dags/example_python_decorator.py for tasks to queue
[2024-04-19T19:09:25.353+0000] {logging_mixin.py:188} INFO - [2024-04-19T19:09:25.352+0000] {dagbag.py:540} INFO - Filling up the DagBag from /home/airflow/.local/lib/python3.12/site-packages/airflow/example_dags/example_python_decorator.py
[2024-04-19T19:09:25.372+0000] {processor.py:840} INFO - DAG(s) 'example_python_decorator' retrieved from /home/airflow/.local/lib/python3.12/site-packages/airflow/example_dags/example_python_decorator.py
[2024-04-19T19:09:25.403+0000] {logging_mixin.py:188} INFO - [2024-04-19T19:09:25.403+0000] {dag.py:3096} INFO - Sync 1 DAGs
[2024-04-19T19:09:25.424+0000] {logging_mixin.py:188} INFO - [2024-04-19T19:09:25.422+0000] {dag.py:3954} INFO - Setting next_dagrun for example_python_decorator to None, run_after=None
[2024-04-19T19:09:25.454+0000] {processor.py:183} INFO - Processing /home/airflow/.local/lib/python3.12/site-packages/airflow/example_dags/example_python_decorator.py took 0.114 seconds
[2024-04-19T19:09:56.154+0000] {processor.py:161} INFO - Started process (PID=1670) to work on /home/airflow/.local/lib/python3.12/site-packages/airflow/example_dags/example_python_decorator.py
[2024-04-19T19:09:56.155+0000] {processor.py:830} INFO - Processing file /home/airflow/.local/lib/python3.12/site-packages/airflow/example_dags/example_python_decorator.py for tasks to queue
[2024-04-19T19:09:56.156+0000] {logging_mixin.py:188} INFO - [2024-04-19T19:09:56.156+0000] {dagbag.py:540} INFO - Filling up the DagBag from /home/airflow/.local/lib/python3.12/site-packages/airflow/example_dags/example_python_decorator.py
[2024-04-19T19:09:56.329+0000] {processor.py:840} INFO - DAG(s) 'example_python_decorator' retrieved from /home/airflow/.local/lib/python3.12/site-packages/airflow/example_dags/example_python_decorator.py
[2024-04-19T19:09:56.352+0000] {logging_mixin.py:188} INFO - [2024-04-19T19:09:56.352+0000] {dag.py:3096} INFO - Sync 1 DAGs
[2024-04-19T19:09:56.365+0000] {logging_mixin.py:188} INFO - [2024-04-19T19:09:56.365+0000] {dag.py:3954} INFO - Setting next_dagrun for example_python_decorator to None, run_after=None
[2024-04-19T19:09:56.603+0000] {processor.py:183} INFO - Processing /home/airflow/.local/lib/python3.12/site-packages/airflow/example_dags/example_python_decorator.py took 0.455 seconds
[2024-04-19T19:10:27.008+0000] {processor.py:161} INFO - Started process (PID=1730) to work on /home/airflow/.local/lib/python3.12/site-packages/airflow/example_dags/example_python_decorator.py
[2024-04-19T19:10:27.010+0000] {processor.py:830} INFO - Processing file /home/airflow/.local/lib/python3.12/site-packages/airflow/example_dags/example_python_decorator.py for tasks to queue
[2024-04-19T19:10:27.011+0000] {logging_mixin.py:188} INFO - [2024-04-19T19:10:27.011+0000] {dagbag.py:540} INFO - Filling up the DagBag from /home/airflow/.local/lib/python3.12/site-packages/airflow/example_dags/example_python_decorator.py
[2024-04-19T19:10:27.027+0000] {processor.py:840} INFO - DAG(s) 'example_python_decorator' retrieved from /home/airflow/.local/lib/python3.12/site-packages/airflow/example_dags/example_python_decorator.py
[2024-04-19T19:10:27.059+0000] {logging_mixin.py:188} INFO - [2024-04-19T19:10:27.059+0000] {dag.py:3096} INFO - Sync 1 DAGs
[2024-04-19T19:10:27.075+0000] {logging_mixin.py:188} INFO - [2024-04-19T19:10:27.075+0000] {dag.py:3954} INFO - Setting next_dagrun for example_python_decorator to None, run_after=None
[2024-04-19T19:10:27.101+0000] {processor.py:183} INFO - Processing /home/airflow/.local/lib/python3.12/site-packages/airflow/example_dags/example_python_decorator.py took 0.100 seconds
[2024-04-19T19:10:57.402+0000] {processor.py:161} INFO - Started process (PID=1790) to work on /home/airflow/.local/lib/python3.12/site-packages/airflow/example_dags/example_python_decorator.py
[2024-04-19T19:10:57.403+0000] {processor.py:830} INFO - Processing file /home/airflow/.local/lib/python3.12/site-packages/airflow/example_dags/example_python_decorator.py for tasks to queue
[2024-04-19T19:10:57.404+0000] {logging_mixin.py:188} INFO - [2024-04-19T19:10:57.404+0000] {dagbag.py:540} INFO - Filling up the DagBag from /home/airflow/.local/lib/python3.12/site-packages/airflow/example_dags/example_python_decorator.py
[2024-04-19T19:10:57.418+0000] {processor.py:840} INFO - DAG(s) 'example_python_decorator' retrieved from /home/airflow/.local/lib/python3.12/site-packages/airflow/example_dags/example_python_decorator.py
[2024-04-19T19:10:57.445+0000] {logging_mixin.py:188} INFO - [2024-04-19T19:10:57.445+0000] {dag.py:3096} INFO - Sync 1 DAGs
[2024-04-19T19:10:57.458+0000] {logging_mixin.py:188} INFO - [2024-04-19T19:10:57.458+0000] {dag.py:3954} INFO - Setting next_dagrun for example_python_decorator to None, run_after=None
[2024-04-19T19:10:57.481+0000] {processor.py:183} INFO - Processing /home/airflow/.local/lib/python3.12/site-packages/airflow/example_dags/example_python_decorator.py took 0.089 seconds
[2024-04-19T19:11:27.884+0000] {processor.py:161} INFO - Started process (PID=1857) to work on /home/airflow/.local/lib/python3.12/site-packages/airflow/example_dags/example_python_decorator.py
[2024-04-19T19:11:27.886+0000] {processor.py:830} INFO - Processing file /home/airflow/.local/lib/python3.12/site-packages/airflow/example_dags/example_python_decorator.py for tasks to queue
[2024-04-19T19:11:27.887+0000] {logging_mixin.py:188} INFO - [2024-04-19T19:11:27.887+0000] {dagbag.py:540} INFO - Filling up the DagBag from /home/airflow/.local/lib/python3.12/site-packages/airflow/example_dags/example_python_decorator.py
[2024-04-19T19:11:27.911+0000] {processor.py:840} INFO - DAG(s) 'example_python_decorator' retrieved from /home/airflow/.local/lib/python3.12/site-packages/airflow/example_dags/example_python_decorator.py
[2024-04-19T19:11:27.940+0000] {logging_mixin.py:188} INFO - [2024-04-19T19:11:27.940+0000] {dag.py:3096} INFO - Sync 1 DAGs
[2024-04-19T19:11:27.955+0000] {logging_mixin.py:188} INFO - [2024-04-19T19:11:27.955+0000] {dag.py:3954} INFO - Setting next_dagrun for example_python_decorator to None, run_after=None
[2024-04-19T19:11:27.982+0000] {processor.py:183} INFO - Processing /home/airflow/.local/lib/python3.12/site-packages/airflow/example_dags/example_python_decorator.py took 0.106 seconds
[2024-04-19T19:11:58.418+0000] {processor.py:161} INFO - Started process (PID=1917) to work on /home/airflow/.local/lib/python3.12/site-packages/airflow/example_dags/example_python_decorator.py
[2024-04-19T19:11:58.419+0000] {processor.py:830} INFO - Processing file /home/airflow/.local/lib/python3.12/site-packages/airflow/example_dags/example_python_decorator.py for tasks to queue
[2024-04-19T19:11:58.420+0000] {logging_mixin.py:188} INFO - [2024-04-19T19:11:58.419+0000] {dagbag.py:540} INFO - Filling up the DagBag from /home/airflow/.local/lib/python3.12/site-packages/airflow/example_dags/example_python_decorator.py
[2024-04-19T19:11:58.435+0000] {processor.py:840} INFO - DAG(s) 'example_python_decorator' retrieved from /home/airflow/.local/lib/python3.12/site-packages/airflow/example_dags/example_python_decorator.py
[2024-04-19T19:11:58.459+0000] {logging_mixin.py:188} INFO - [2024-04-19T19:11:58.459+0000] {dag.py:3096} INFO - Sync 1 DAGs
[2024-04-19T19:11:58.472+0000] {logging_mixin.py:188} INFO - [2024-04-19T19:11:58.472+0000] {dag.py:3954} INFO - Setting next_dagrun for example_python_decorator to None, run_after=None
[2024-04-19T19:11:58.492+0000] {processor.py:183} INFO - Processing /home/airflow/.local/lib/python3.12/site-packages/airflow/example_dags/example_python_decorator.py took 0.081 seconds
[2024-04-19T19:12:29.351+0000] {processor.py:161} INFO - Started process (PID=1977) to work on /home/airflow/.local/lib/python3.12/site-packages/airflow/example_dags/example_python_decorator.py
[2024-04-19T19:12:29.352+0000] {processor.py:830} INFO - Processing file /home/airflow/.local/lib/python3.12/site-packages/airflow/example_dags/example_python_decorator.py for tasks to queue
[2024-04-19T19:12:29.353+0000] {logging_mixin.py:188} INFO - [2024-04-19T19:12:29.353+0000] {dagbag.py:540} INFO - Filling up the DagBag from /home/airflow/.local/lib/python3.12/site-packages/airflow/example_dags/example_python_decorator.py
[2024-04-19T19:12:29.367+0000] {processor.py:840} INFO - DAG(s) 'example_python_decorator' retrieved from /home/airflow/.local/lib/python3.12/site-packages/airflow/example_dags/example_python_decorator.py
[2024-04-19T19:12:29.389+0000] {logging_mixin.py:188} INFO - [2024-04-19T19:12:29.389+0000] {dag.py:3096} INFO - Sync 1 DAGs
[2024-04-19T19:12:29.402+0000] {logging_mixin.py:188} INFO - [2024-04-19T19:12:29.402+0000] {dag.py:3954} INFO - Setting next_dagrun for example_python_decorator to None, run_after=None
[2024-04-19T19:12:29.427+0000] {processor.py:183} INFO - Processing /home/airflow/.local/lib/python3.12/site-packages/airflow/example_dags/example_python_decorator.py took 0.082 seconds
[2024-04-19T19:13:02.184+0000] {processor.py:161} INFO - Started process (PID=2037) to work on /home/airflow/.local/lib/python3.12/site-packages/airflow/example_dags/example_python_decorator.py
[2024-04-19T19:13:02.236+0000] {processor.py:830} INFO - Processing file /home/airflow/.local/lib/python3.12/site-packages/airflow/example_dags/example_python_decorator.py for tasks to queue
[2024-04-19T19:13:02.286+0000] {logging_mixin.py:188} INFO - [2024-04-19T19:13:02.285+0000] {dagbag.py:540} INFO - Filling up the DagBag from /home/airflow/.local/lib/python3.12/site-packages/airflow/example_dags/example_python_decorator.py
[2024-04-19T19:13:02.353+0000] {processor.py:840} INFO - DAG(s) 'example_python_decorator' retrieved from /home/airflow/.local/lib/python3.12/site-packages/airflow/example_dags/example_python_decorator.py
[2024-04-19T19:13:02.510+0000] {logging_mixin.py:188} INFO - [2024-04-19T19:13:02.499+0000] {dag.py:3096} INFO - Sync 1 DAGs
[2024-04-19T19:13:02.562+0000] {logging_mixin.py:188} INFO - [2024-04-19T19:13:02.562+0000] {dag.py:3954} INFO - Setting next_dagrun for example_python_decorator to None, run_after=None
[2024-04-19T19:13:02.642+0000] {processor.py:183} INFO - Processing /home/airflow/.local/lib/python3.12/site-packages/airflow/example_dags/example_python_decorator.py took 0.467 seconds
[2024-04-19T19:13:33.323+0000] {processor.py:161} INFO - Started process (PID=2097) to work on /home/airflow/.local/lib/python3.12/site-packages/airflow/example_dags/example_python_decorator.py
[2024-04-19T19:13:33.325+0000] {processor.py:830} INFO - Processing file /home/airflow/.local/lib/python3.12/site-packages/airflow/example_dags/example_python_decorator.py for tasks to queue
[2024-04-19T19:13:33.327+0000] {logging_mixin.py:188} INFO - [2024-04-19T19:13:33.326+0000] {dagbag.py:540} INFO - Filling up the DagBag from /home/airflow/.local/lib/python3.12/site-packages/airflow/example_dags/example_python_decorator.py
[2024-04-19T19:13:33.350+0000] {processor.py:840} INFO - DAG(s) 'example_python_decorator' retrieved from /home/airflow/.local/lib/python3.12/site-packages/airflow/example_dags/example_python_decorator.py
[2024-04-19T19:13:33.377+0000] {logging_mixin.py:188} INFO - [2024-04-19T19:13:33.377+0000] {dag.py:3096} INFO - Sync 1 DAGs
[2024-04-19T19:13:33.395+0000] {logging_mixin.py:188} INFO - [2024-04-19T19:13:33.393+0000] {dag.py:3954} INFO - Setting next_dagrun for example_python_decorator to None, run_after=None
[2024-04-19T19:13:33.470+0000] {processor.py:183} INFO - Processing /home/airflow/.local/lib/python3.12/site-packages/airflow/example_dags/example_python_decorator.py took 0.156 seconds
[2024-04-19T19:14:04.258+0000] {processor.py:161} INFO - Started process (PID=2158) to work on /home/airflow/.local/lib/python3.12/site-packages/airflow/example_dags/example_python_decorator.py
[2024-04-19T19:14:04.259+0000] {processor.py:830} INFO - Processing file /home/airflow/.local/lib/python3.12/site-packages/airflow/example_dags/example_python_decorator.py for tasks to queue
[2024-04-19T19:14:04.260+0000] {logging_mixin.py:188} INFO - [2024-04-19T19:14:04.260+0000] {dagbag.py:540} INFO - Filling up the DagBag from /home/airflow/.local/lib/python3.12/site-packages/airflow/example_dags/example_python_decorator.py
[2024-04-19T19:14:04.274+0000] {processor.py:840} INFO - DAG(s) 'example_python_decorator' retrieved from /home/airflow/.local/lib/python3.12/site-packages/airflow/example_dags/example_python_decorator.py
[2024-04-19T19:14:04.299+0000] {logging_mixin.py:188} INFO - [2024-04-19T19:14:04.298+0000] {dag.py:3096} INFO - Sync 1 DAGs
[2024-04-19T19:14:04.313+0000] {logging_mixin.py:188} INFO - [2024-04-19T19:14:04.312+0000] {dag.py:3954} INFO - Setting next_dagrun for example_python_decorator to None, run_after=None
[2024-04-19T19:14:04.332+0000] {processor.py:183} INFO - Processing /home/airflow/.local/lib/python3.12/site-packages/airflow/example_dags/example_python_decorator.py took 0.081 seconds
[2024-04-19T19:14:34.393+0000] {processor.py:161} INFO - Started process (PID=2218) to work on /home/airflow/.local/lib/python3.12/site-packages/airflow/example_dags/example_python_decorator.py
[2024-04-19T19:14:34.394+0000] {processor.py:830} INFO - Processing file /home/airflow/.local/lib/python3.12/site-packages/airflow/example_dags/example_python_decorator.py for tasks to queue
[2024-04-19T19:14:34.395+0000] {logging_mixin.py:188} INFO - [2024-04-19T19:14:34.394+0000] {dagbag.py:540} INFO - Filling up the DagBag from /home/airflow/.local/lib/python3.12/site-packages/airflow/example_dags/example_python_decorator.py
[2024-04-19T19:14:34.410+0000] {processor.py:840} INFO - DAG(s) 'example_python_decorator' retrieved from /home/airflow/.local/lib/python3.12/site-packages/airflow/example_dags/example_python_decorator.py
[2024-04-19T19:14:34.441+0000] {logging_mixin.py:188} INFO - [2024-04-19T19:14:34.441+0000] {dag.py:3096} INFO - Sync 1 DAGs
[2024-04-19T19:14:34.457+0000] {logging_mixin.py:188} INFO - [2024-04-19T19:14:34.457+0000] {dag.py:3954} INFO - Setting next_dagrun for example_python_decorator to None, run_after=None
[2024-04-19T19:14:34.483+0000] {processor.py:183} INFO - Processing /home/airflow/.local/lib/python3.12/site-packages/airflow/example_dags/example_python_decorator.py took 0.100 seconds
[2024-04-19T19:15:05.290+0000] {processor.py:161} INFO - Started process (PID=2278) to work on /home/airflow/.local/lib/python3.12/site-packages/airflow/example_dags/example_python_decorator.py
[2024-04-19T19:15:05.291+0000] {processor.py:830} INFO - Processing file /home/airflow/.local/lib/python3.12/site-packages/airflow/example_dags/example_python_decorator.py for tasks to queue
[2024-04-19T19:15:05.292+0000] {logging_mixin.py:188} INFO - [2024-04-19T19:15:05.292+0000] {dagbag.py:540} INFO - Filling up the DagBag from /home/airflow/.local/lib/python3.12/site-packages/airflow/example_dags/example_python_decorator.py
[2024-04-19T19:15:05.310+0000] {processor.py:840} INFO - DAG(s) 'example_python_decorator' retrieved from /home/airflow/.local/lib/python3.12/site-packages/airflow/example_dags/example_python_decorator.py
[2024-04-19T19:15:05.336+0000] {logging_mixin.py:188} INFO - [2024-04-19T19:15:05.336+0000] {dag.py:3096} INFO - Sync 1 DAGs
[2024-04-19T19:15:05.352+0000] {logging_mixin.py:188} INFO - [2024-04-19T19:15:05.352+0000] {dag.py:3954} INFO - Setting next_dagrun for example_python_decorator to None, run_after=None
[2024-04-19T19:15:05.377+0000] {processor.py:183} INFO - Processing /home/airflow/.local/lib/python3.12/site-packages/airflow/example_dags/example_python_decorator.py took 0.095 seconds
[2024-04-19T19:15:36.213+0000] {processor.py:161} INFO - Started process (PID=2338) to work on /home/airflow/.local/lib/python3.12/site-packages/airflow/example_dags/example_python_decorator.py
[2024-04-19T19:15:36.215+0000] {processor.py:830} INFO - Processing file /home/airflow/.local/lib/python3.12/site-packages/airflow/example_dags/example_python_decorator.py for tasks to queue
[2024-04-19T19:15:36.217+0000] {logging_mixin.py:188} INFO - [2024-04-19T19:15:36.216+0000] {dagbag.py:540} INFO - Filling up the DagBag from /home/airflow/.local/lib/python3.12/site-packages/airflow/example_dags/example_python_decorator.py
[2024-04-19T19:15:36.235+0000] {processor.py:840} INFO - DAG(s) 'example_python_decorator' retrieved from /home/airflow/.local/lib/python3.12/site-packages/airflow/example_dags/example_python_decorator.py
[2024-04-19T19:15:36.269+0000] {logging_mixin.py:188} INFO - [2024-04-19T19:15:36.269+0000] {dag.py:3096} INFO - Sync 1 DAGs
[2024-04-19T19:15:36.304+0000] {logging_mixin.py:188} INFO - [2024-04-19T19:15:36.304+0000] {dag.py:3954} INFO - Setting next_dagrun for example_python_decorator to None, run_after=None
[2024-04-19T19:15:36.360+0000] {processor.py:183} INFO - Processing /home/airflow/.local/lib/python3.12/site-packages/airflow/example_dags/example_python_decorator.py took 0.155 seconds
[2024-04-19T19:16:06.772+0000] {processor.py:161} INFO - Started process (PID=2398) to work on /home/airflow/.local/lib/python3.12/site-packages/airflow/example_dags/example_python_decorator.py
[2024-04-19T19:16:06.774+0000] {processor.py:830} INFO - Processing file /home/airflow/.local/lib/python3.12/site-packages/airflow/example_dags/example_python_decorator.py for tasks to queue
[2024-04-19T19:16:06.775+0000] {logging_mixin.py:188} INFO - [2024-04-19T19:16:06.775+0000] {dagbag.py:540} INFO - Filling up the DagBag from /home/airflow/.local/lib/python3.12/site-packages/airflow/example_dags/example_python_decorator.py
[2024-04-19T19:16:06.790+0000] {processor.py:840} INFO - DAG(s) 'example_python_decorator' retrieved from /home/airflow/.local/lib/python3.12/site-packages/airflow/example_dags/example_python_decorator.py
[2024-04-19T19:16:06.818+0000] {logging_mixin.py:188} INFO - [2024-04-19T19:16:06.817+0000] {dag.py:3096} INFO - Sync 1 DAGs
[2024-04-19T19:16:06.834+0000] {logging_mixin.py:188} INFO - [2024-04-19T19:16:06.834+0000] {dag.py:3954} INFO - Setting next_dagrun for example_python_decorator to None, run_after=None
[2024-04-19T19:16:06.867+0000] {processor.py:183} INFO - Processing /home/airflow/.local/lib/python3.12/site-packages/airflow/example_dags/example_python_decorator.py took 0.103 seconds
[2024-04-19T19:16:37.185+0000] {processor.py:161} INFO - Started process (PID=2458) to work on /home/airflow/.local/lib/python3.12/site-packages/airflow/example_dags/example_python_decorator.py
[2024-04-19T19:16:37.187+0000] {processor.py:830} INFO - Processing file /home/airflow/.local/lib/python3.12/site-packages/airflow/example_dags/example_python_decorator.py for tasks to queue
[2024-04-19T19:16:37.189+0000] {logging_mixin.py:188} INFO - [2024-04-19T19:16:37.188+0000] {dagbag.py:540} INFO - Filling up the DagBag from /home/airflow/.local/lib/python3.12/site-packages/airflow/example_dags/example_python_decorator.py
[2024-04-19T19:16:37.204+0000] {processor.py:840} INFO - DAG(s) 'example_python_decorator' retrieved from /home/airflow/.local/lib/python3.12/site-packages/airflow/example_dags/example_python_decorator.py
[2024-04-19T19:16:37.251+0000] {logging_mixin.py:188} INFO - [2024-04-19T19:16:37.251+0000] {dag.py:3096} INFO - Sync 1 DAGs
[2024-04-19T19:16:37.280+0000] {logging_mixin.py:188} INFO - [2024-04-19T19:16:37.279+0000] {dag.py:3954} INFO - Setting next_dagrun for example_python_decorator to None, run_after=None
[2024-04-19T19:16:37.311+0000] {processor.py:183} INFO - Processing /home/airflow/.local/lib/python3.12/site-packages/airflow/example_dags/example_python_decorator.py took 0.136 seconds
