[2024-04-19T18:33:06.132+0000] {processor.py:161} INFO - Started process (PID=51) to work on /home/airflow/.local/lib/python3.12/site-packages/airflow/example_dags/example_branch_operator.py
[2024-04-19T18:33:06.134+0000] {processor.py:830} INFO - Processing file /home/airflow/.local/lib/python3.12/site-packages/airflow/example_dags/example_branch_operator.py for tasks to queue
[2024-04-19T18:33:06.137+0000] {logging_mixin.py:188} INFO - [2024-04-19T18:33:06.136+0000] {dagbag.py:540} INFO - Filling up the DagBag from /home/airflow/.local/lib/python3.12/site-packages/airflow/example_dags/example_branch_operator.py
[2024-04-19T18:33:06.176+0000] {processor.py:840} INFO - DAG(s) 'example_branch_operator' retrieved from /home/airflow/.local/lib/python3.12/site-packages/airflow/example_dags/example_branch_operator.py
[2024-04-19T18:33:07.530+0000] {logging_mixin.py:188} INFO - [2024-04-19T18:33:07.530+0000] {dag.py:3096} INFO - Sync 1 DAGs
[2024-04-19T18:33:07.617+0000] {logging_mixin.py:188} INFO - [2024-04-19T18:33:07.617+0000] {dag.py:3954} INFO - Setting next_dagrun for example_branch_operator to 2024-04-18 00:00:00+00:00, run_after=2024-04-19 00:00:00+00:00
[2024-04-19T18:33:07.706+0000] {processor.py:183} INFO - Processing /home/airflow/.local/lib/python3.12/site-packages/airflow/example_dags/example_branch_operator.py took 1.582 seconds
[2024-04-19T18:33:38.623+0000] {processor.py:161} INFO - Started process (PID=110) to work on /home/airflow/.local/lib/python3.12/site-packages/airflow/example_dags/example_branch_operator.py
[2024-04-19T18:33:38.661+0000] {processor.py:830} INFO - Processing file /home/airflow/.local/lib/python3.12/site-packages/airflow/example_dags/example_branch_operator.py for tasks to queue
[2024-04-19T18:33:38.681+0000] {logging_mixin.py:188} INFO - [2024-04-19T18:33:38.680+0000] {dagbag.py:540} INFO - Filling up the DagBag from /home/airflow/.local/lib/python3.12/site-packages/airflow/example_dags/example_branch_operator.py
[2024-04-19T18:33:38.893+0000] {processor.py:840} INFO - DAG(s) 'example_branch_operator' retrieved from /home/airflow/.local/lib/python3.12/site-packages/airflow/example_dags/example_branch_operator.py
[2024-04-19T18:33:39.210+0000] {logging_mixin.py:188} INFO - [2024-04-19T18:33:39.210+0000] {dag.py:3096} INFO - Sync 1 DAGs
[2024-04-19T18:33:39.274+0000] {logging_mixin.py:188} INFO - [2024-04-19T18:33:39.274+0000] {dag.py:3954} INFO - Setting next_dagrun for example_branch_operator to 2024-04-18 00:00:00+00:00, run_after=2024-04-19 00:00:00+00:00
[2024-04-19T18:33:39.338+0000] {processor.py:183} INFO - Processing /home/airflow/.local/lib/python3.12/site-packages/airflow/example_dags/example_branch_operator.py took 0.995 seconds
[2024-04-19T18:34:09.429+0000] {processor.py:161} INFO - Started process (PID=166) to work on /home/airflow/.local/lib/python3.12/site-packages/airflow/example_dags/example_branch_operator.py
[2024-04-19T18:34:09.432+0000] {processor.py:830} INFO - Processing file /home/airflow/.local/lib/python3.12/site-packages/airflow/example_dags/example_branch_operator.py for tasks to queue
[2024-04-19T18:34:09.435+0000] {logging_mixin.py:188} INFO - [2024-04-19T18:34:09.435+0000] {dagbag.py:540} INFO - Filling up the DagBag from /home/airflow/.local/lib/python3.12/site-packages/airflow/example_dags/example_branch_operator.py
[2024-04-19T18:34:09.460+0000] {processor.py:840} INFO - DAG(s) 'example_branch_operator' retrieved from /home/airflow/.local/lib/python3.12/site-packages/airflow/example_dags/example_branch_operator.py
[2024-04-19T18:34:09.501+0000] {logging_mixin.py:188} INFO - [2024-04-19T18:34:09.501+0000] {dag.py:3096} INFO - Sync 1 DAGs
[2024-04-19T18:34:09.527+0000] {logging_mixin.py:188} INFO - [2024-04-19T18:34:09.526+0000] {dag.py:3954} INFO - Setting next_dagrun for example_branch_operator to 2024-04-18 00:00:00+00:00, run_after=2024-04-19 00:00:00+00:00
[2024-04-19T18:34:09.554+0000] {processor.py:183} INFO - Processing /home/airflow/.local/lib/python3.12/site-packages/airflow/example_dags/example_branch_operator.py took 0.133 seconds
[2024-04-19T18:34:40.224+0000] {processor.py:161} INFO - Started process (PID=224) to work on /home/airflow/.local/lib/python3.12/site-packages/airflow/example_dags/example_branch_operator.py
[2024-04-19T18:34:40.226+0000] {processor.py:830} INFO - Processing file /home/airflow/.local/lib/python3.12/site-packages/airflow/example_dags/example_branch_operator.py for tasks to queue
[2024-04-19T18:34:40.230+0000] {logging_mixin.py:188} INFO - [2024-04-19T18:34:40.229+0000] {dagbag.py:540} INFO - Filling up the DagBag from /home/airflow/.local/lib/python3.12/site-packages/airflow/example_dags/example_branch_operator.py
[2024-04-19T18:34:40.295+0000] {processor.py:840} INFO - DAG(s) 'example_branch_operator' retrieved from /home/airflow/.local/lib/python3.12/site-packages/airflow/example_dags/example_branch_operator.py
[2024-04-19T18:34:40.350+0000] {logging_mixin.py:188} INFO - [2024-04-19T18:34:40.350+0000] {dag.py:3096} INFO - Sync 1 DAGs
[2024-04-19T18:34:40.389+0000] {logging_mixin.py:188} INFO - [2024-04-19T18:34:40.389+0000] {dag.py:3954} INFO - Setting next_dagrun for example_branch_operator to 2024-04-18 00:00:00+00:00, run_after=2024-04-19 00:00:00+00:00
[2024-04-19T18:34:40.419+0000] {processor.py:183} INFO - Processing /home/airflow/.local/lib/python3.12/site-packages/airflow/example_dags/example_branch_operator.py took 0.206 seconds
[2024-04-19T18:35:10.847+0000] {processor.py:161} INFO - Started process (PID=282) to work on /home/airflow/.local/lib/python3.12/site-packages/airflow/example_dags/example_branch_operator.py
[2024-04-19T18:35:10.849+0000] {processor.py:830} INFO - Processing file /home/airflow/.local/lib/python3.12/site-packages/airflow/example_dags/example_branch_operator.py for tasks to queue
[2024-04-19T18:35:10.851+0000] {logging_mixin.py:188} INFO - [2024-04-19T18:35:10.851+0000] {dagbag.py:540} INFO - Filling up the DagBag from /home/airflow/.local/lib/python3.12/site-packages/airflow/example_dags/example_branch_operator.py
[2024-04-19T18:35:10.870+0000] {processor.py:840} INFO - DAG(s) 'example_branch_operator' retrieved from /home/airflow/.local/lib/python3.12/site-packages/airflow/example_dags/example_branch_operator.py
[2024-04-19T18:35:10.901+0000] {logging_mixin.py:188} INFO - [2024-04-19T18:35:10.901+0000] {dag.py:3096} INFO - Sync 1 DAGs
[2024-04-19T18:35:10.932+0000] {logging_mixin.py:188} INFO - [2024-04-19T18:35:10.932+0000] {dag.py:3954} INFO - Setting next_dagrun for example_branch_operator to 2024-04-18 00:00:00+00:00, run_after=2024-04-19 00:00:00+00:00
[2024-04-19T18:35:10.955+0000] {processor.py:183} INFO - Processing /home/airflow/.local/lib/python3.12/site-packages/airflow/example_dags/example_branch_operator.py took 0.114 seconds
[2024-04-19T18:35:41.010+0000] {processor.py:161} INFO - Started process (PID=340) to work on /home/airflow/.local/lib/python3.12/site-packages/airflow/example_dags/example_branch_operator.py
[2024-04-19T18:35:41.011+0000] {processor.py:830} INFO - Processing file /home/airflow/.local/lib/python3.12/site-packages/airflow/example_dags/example_branch_operator.py for tasks to queue
[2024-04-19T18:35:41.014+0000] {logging_mixin.py:188} INFO - [2024-04-19T18:35:41.013+0000] {dagbag.py:540} INFO - Filling up the DagBag from /home/airflow/.local/lib/python3.12/site-packages/airflow/example_dags/example_branch_operator.py
[2024-04-19T18:35:41.038+0000] {processor.py:840} INFO - DAG(s) 'example_branch_operator' retrieved from /home/airflow/.local/lib/python3.12/site-packages/airflow/example_dags/example_branch_operator.py
[2024-04-19T18:35:41.095+0000] {logging_mixin.py:188} INFO - [2024-04-19T18:35:41.095+0000] {dag.py:3096} INFO - Sync 1 DAGs
[2024-04-19T18:35:41.139+0000] {logging_mixin.py:188} INFO - [2024-04-19T18:35:41.138+0000] {dag.py:3954} INFO - Setting next_dagrun for example_branch_operator to 2024-04-18 00:00:00+00:00, run_after=2024-04-19 00:00:00+00:00
[2024-04-19T18:35:41.174+0000] {processor.py:183} INFO - Processing /home/airflow/.local/lib/python3.12/site-packages/airflow/example_dags/example_branch_operator.py took 0.173 seconds
[2024-04-19T18:36:11.226+0000] {processor.py:161} INFO - Started process (PID=399) to work on /home/airflow/.local/lib/python3.12/site-packages/airflow/example_dags/example_branch_operator.py
[2024-04-19T18:36:11.227+0000] {processor.py:830} INFO - Processing file /home/airflow/.local/lib/python3.12/site-packages/airflow/example_dags/example_branch_operator.py for tasks to queue
[2024-04-19T18:36:11.228+0000] {logging_mixin.py:188} INFO - [2024-04-19T18:36:11.228+0000] {dagbag.py:540} INFO - Filling up the DagBag from /home/airflow/.local/lib/python3.12/site-packages/airflow/example_dags/example_branch_operator.py
[2024-04-19T18:36:11.250+0000] {processor.py:840} INFO - DAG(s) 'example_branch_operator' retrieved from /home/airflow/.local/lib/python3.12/site-packages/airflow/example_dags/example_branch_operator.py
[2024-04-19T18:36:11.261+0000] {logging_mixin.py:188} INFO - [2024-04-19T18:36:11.260+0000] {dag.py:3096} INFO - Sync 1 DAGs
[2024-04-19T18:36:11.285+0000] {logging_mixin.py:188} INFO - [2024-04-19T18:36:11.285+0000] {dag.py:3954} INFO - Setting next_dagrun for example_branch_operator to 2024-04-18 00:00:00+00:00, run_after=2024-04-19 00:00:00+00:00
[2024-04-19T18:36:11.305+0000] {processor.py:183} INFO - Processing /home/airflow/.local/lib/python3.12/site-packages/airflow/example_dags/example_branch_operator.py took 0.085 seconds
[2024-04-19T18:36:41.880+0000] {processor.py:161} INFO - Started process (PID=457) to work on /home/airflow/.local/lib/python3.12/site-packages/airflow/example_dags/example_branch_operator.py
[2024-04-19T18:36:41.881+0000] {processor.py:830} INFO - Processing file /home/airflow/.local/lib/python3.12/site-packages/airflow/example_dags/example_branch_operator.py for tasks to queue
[2024-04-19T18:36:41.883+0000] {logging_mixin.py:188} INFO - [2024-04-19T18:36:41.883+0000] {dagbag.py:540} INFO - Filling up the DagBag from /home/airflow/.local/lib/python3.12/site-packages/airflow/example_dags/example_branch_operator.py
[2024-04-19T18:36:41.901+0000] {processor.py:840} INFO - DAG(s) 'example_branch_operator' retrieved from /home/airflow/.local/lib/python3.12/site-packages/airflow/example_dags/example_branch_operator.py
[2024-04-19T18:36:42.018+0000] {logging_mixin.py:188} INFO - [2024-04-19T18:36:42.017+0000] {dag.py:3096} INFO - Sync 1 DAGs
[2024-04-19T18:36:42.047+0000] {logging_mixin.py:188} INFO - [2024-04-19T18:36:42.046+0000] {dag.py:3954} INFO - Setting next_dagrun for example_branch_operator to 2024-04-18 00:00:00+00:00, run_after=2024-04-19 00:00:00+00:00
[2024-04-19T18:36:42.261+0000] {processor.py:183} INFO - Processing /home/airflow/.local/lib/python3.12/site-packages/airflow/example_dags/example_branch_operator.py took 0.386 seconds
[2024-04-19T18:37:12.669+0000] {processor.py:161} INFO - Started process (PID=515) to work on /home/airflow/.local/lib/python3.12/site-packages/airflow/example_dags/example_branch_operator.py
[2024-04-19T18:37:12.670+0000] {processor.py:830} INFO - Processing file /home/airflow/.local/lib/python3.12/site-packages/airflow/example_dags/example_branch_operator.py for tasks to queue
[2024-04-19T18:37:12.672+0000] {logging_mixin.py:188} INFO - [2024-04-19T18:37:12.671+0000] {dagbag.py:540} INFO - Filling up the DagBag from /home/airflow/.local/lib/python3.12/site-packages/airflow/example_dags/example_branch_operator.py
[2024-04-19T18:37:12.701+0000] {processor.py:840} INFO - DAG(s) 'example_branch_operator' retrieved from /home/airflow/.local/lib/python3.12/site-packages/airflow/example_dags/example_branch_operator.py
[2024-04-19T18:37:12.752+0000] {logging_mixin.py:188} INFO - [2024-04-19T18:37:12.752+0000] {dag.py:3096} INFO - Sync 1 DAGs
[2024-04-19T18:37:12.791+0000] {logging_mixin.py:188} INFO - [2024-04-19T18:37:12.790+0000] {dag.py:3954} INFO - Setting next_dagrun for example_branch_operator to 2024-04-18 00:00:00+00:00, run_after=2024-04-19 00:00:00+00:00
[2024-04-19T18:37:12.826+0000] {processor.py:183} INFO - Processing /home/airflow/.local/lib/python3.12/site-packages/airflow/example_dags/example_branch_operator.py took 0.165 seconds
[2024-04-19T18:37:43.147+0000] {processor.py:161} INFO - Started process (PID=573) to work on /home/airflow/.local/lib/python3.12/site-packages/airflow/example_dags/example_branch_operator.py
[2024-04-19T18:37:43.148+0000] {processor.py:830} INFO - Processing file /home/airflow/.local/lib/python3.12/site-packages/airflow/example_dags/example_branch_operator.py for tasks to queue
[2024-04-19T18:37:43.150+0000] {logging_mixin.py:188} INFO - [2024-04-19T18:37:43.150+0000] {dagbag.py:540} INFO - Filling up the DagBag from /home/airflow/.local/lib/python3.12/site-packages/airflow/example_dags/example_branch_operator.py
[2024-04-19T18:37:43.168+0000] {processor.py:840} INFO - DAG(s) 'example_branch_operator' retrieved from /home/airflow/.local/lib/python3.12/site-packages/airflow/example_dags/example_branch_operator.py
[2024-04-19T18:37:43.201+0000] {logging_mixin.py:188} INFO - [2024-04-19T18:37:43.201+0000] {dag.py:3096} INFO - Sync 1 DAGs
[2024-04-19T18:37:43.234+0000] {logging_mixin.py:188} INFO - [2024-04-19T18:37:43.234+0000] {dag.py:3954} INFO - Setting next_dagrun for example_branch_operator to 2024-04-18 00:00:00+00:00, run_after=2024-04-19 00:00:00+00:00
[2024-04-19T18:37:43.257+0000] {processor.py:183} INFO - Processing /home/airflow/.local/lib/python3.12/site-packages/airflow/example_dags/example_branch_operator.py took 0.115 seconds
[2024-04-19T18:38:13.430+0000] {processor.py:161} INFO - Started process (PID=633) to work on /home/airflow/.local/lib/python3.12/site-packages/airflow/example_dags/example_branch_operator.py
[2024-04-19T18:38:13.431+0000] {processor.py:830} INFO - Processing file /home/airflow/.local/lib/python3.12/site-packages/airflow/example_dags/example_branch_operator.py for tasks to queue
[2024-04-19T18:38:13.434+0000] {logging_mixin.py:188} INFO - [2024-04-19T18:38:13.433+0000] {dagbag.py:540} INFO - Filling up the DagBag from /home/airflow/.local/lib/python3.12/site-packages/airflow/example_dags/example_branch_operator.py
[2024-04-19T18:38:13.450+0000] {processor.py:840} INFO - DAG(s) 'example_branch_operator' retrieved from /home/airflow/.local/lib/python3.12/site-packages/airflow/example_dags/example_branch_operator.py
[2024-04-19T18:38:13.474+0000] {logging_mixin.py:188} INFO - [2024-04-19T18:38:13.473+0000] {dag.py:3096} INFO - Sync 1 DAGs
[2024-04-19T18:38:13.497+0000] {logging_mixin.py:188} INFO - [2024-04-19T18:38:13.497+0000] {dag.py:3954} INFO - Setting next_dagrun for example_branch_operator to 2024-04-18 00:00:00+00:00, run_after=2024-04-19 00:00:00+00:00
[2024-04-19T18:38:13.519+0000] {processor.py:183} INFO - Processing /home/airflow/.local/lib/python3.12/site-packages/airflow/example_dags/example_branch_operator.py took 0.096 seconds
[2024-04-19T18:38:44.514+0000] {processor.py:161} INFO - Started process (PID=693) to work on /home/airflow/.local/lib/python3.12/site-packages/airflow/example_dags/example_branch_operator.py
[2024-04-19T18:38:44.518+0000] {processor.py:830} INFO - Processing file /home/airflow/.local/lib/python3.12/site-packages/airflow/example_dags/example_branch_operator.py for tasks to queue
[2024-04-19T18:38:44.522+0000] {logging_mixin.py:188} INFO - [2024-04-19T18:38:44.521+0000] {dagbag.py:540} INFO - Filling up the DagBag from /home/airflow/.local/lib/python3.12/site-packages/airflow/example_dags/example_branch_operator.py
[2024-04-19T18:38:44.569+0000] {processor.py:840} INFO - DAG(s) 'example_branch_operator' retrieved from /home/airflow/.local/lib/python3.12/site-packages/airflow/example_dags/example_branch_operator.py
[2024-04-19T18:38:44.623+0000] {logging_mixin.py:188} INFO - [2024-04-19T18:38:44.621+0000] {dag.py:3096} INFO - Sync 1 DAGs
[2024-04-19T18:38:44.664+0000] {logging_mixin.py:188} INFO - [2024-04-19T18:38:44.664+0000] {dag.py:3954} INFO - Setting next_dagrun for example_branch_operator to 2024-04-18 00:00:00+00:00, run_after=2024-04-19 00:00:00+00:00
[2024-04-19T18:38:44.703+0000] {processor.py:183} INFO - Processing /home/airflow/.local/lib/python3.12/site-packages/airflow/example_dags/example_branch_operator.py took 0.203 seconds
[2024-04-19T18:39:14.926+0000] {processor.py:161} INFO - Started process (PID=753) to work on /home/airflow/.local/lib/python3.12/site-packages/airflow/example_dags/example_branch_operator.py
[2024-04-19T18:39:14.927+0000] {processor.py:830} INFO - Processing file /home/airflow/.local/lib/python3.12/site-packages/airflow/example_dags/example_branch_operator.py for tasks to queue
[2024-04-19T18:39:14.929+0000] {logging_mixin.py:188} INFO - [2024-04-19T18:39:14.928+0000] {dagbag.py:540} INFO - Filling up the DagBag from /home/airflow/.local/lib/python3.12/site-packages/airflow/example_dags/example_branch_operator.py
[2024-04-19T18:39:14.950+0000] {processor.py:840} INFO - DAG(s) 'example_branch_operator' retrieved from /home/airflow/.local/lib/python3.12/site-packages/airflow/example_dags/example_branch_operator.py
[2024-04-19T18:39:14.988+0000] {logging_mixin.py:188} INFO - [2024-04-19T18:39:14.987+0000] {dag.py:3096} INFO - Sync 1 DAGs
[2024-04-19T18:39:15.017+0000] {logging_mixin.py:188} INFO - [2024-04-19T18:39:15.017+0000] {dag.py:3954} INFO - Setting next_dagrun for example_branch_operator to 2024-04-18 00:00:00+00:00, run_after=2024-04-19 00:00:00+00:00
[2024-04-19T18:39:15.039+0000] {processor.py:183} INFO - Processing /home/airflow/.local/lib/python3.12/site-packages/airflow/example_dags/example_branch_operator.py took 0.121 seconds
[2024-04-19T18:39:45.567+0000] {processor.py:161} INFO - Started process (PID=812) to work on /home/airflow/.local/lib/python3.12/site-packages/airflow/example_dags/example_branch_operator.py
[2024-04-19T18:39:45.570+0000] {processor.py:830} INFO - Processing file /home/airflow/.local/lib/python3.12/site-packages/airflow/example_dags/example_branch_operator.py for tasks to queue
[2024-04-19T18:39:45.573+0000] {logging_mixin.py:188} INFO - [2024-04-19T18:39:45.572+0000] {dagbag.py:540} INFO - Filling up the DagBag from /home/airflow/.local/lib/python3.12/site-packages/airflow/example_dags/example_branch_operator.py
[2024-04-19T18:39:45.593+0000] {processor.py:840} INFO - DAG(s) 'example_branch_operator' retrieved from /home/airflow/.local/lib/python3.12/site-packages/airflow/example_dags/example_branch_operator.py
[2024-04-19T18:39:45.659+0000] {logging_mixin.py:188} INFO - [2024-04-19T18:39:45.658+0000] {dag.py:3096} INFO - Sync 1 DAGs
[2024-04-19T18:39:45.691+0000] {logging_mixin.py:188} INFO - [2024-04-19T18:39:45.690+0000] {dag.py:3954} INFO - Setting next_dagrun for example_branch_operator to 2024-04-18 00:00:00+00:00, run_after=2024-04-19 00:00:00+00:00
[2024-04-19T18:39:45.712+0000] {processor.py:183} INFO - Processing /home/airflow/.local/lib/python3.12/site-packages/airflow/example_dags/example_branch_operator.py took 0.152 seconds
[2024-04-19T18:40:16.176+0000] {processor.py:161} INFO - Started process (PID=871) to work on /home/airflow/.local/lib/python3.12/site-packages/airflow/example_dags/example_branch_operator.py
[2024-04-19T18:40:16.177+0000] {processor.py:830} INFO - Processing file /home/airflow/.local/lib/python3.12/site-packages/airflow/example_dags/example_branch_operator.py for tasks to queue
[2024-04-19T18:40:16.180+0000] {logging_mixin.py:188} INFO - [2024-04-19T18:40:16.180+0000] {dagbag.py:540} INFO - Filling up the DagBag from /home/airflow/.local/lib/python3.12/site-packages/airflow/example_dags/example_branch_operator.py
[2024-04-19T18:40:16.202+0000] {processor.py:840} INFO - DAG(s) 'example_branch_operator' retrieved from /home/airflow/.local/lib/python3.12/site-packages/airflow/example_dags/example_branch_operator.py
[2024-04-19T18:40:16.244+0000] {logging_mixin.py:188} INFO - [2024-04-19T18:40:16.243+0000] {dag.py:3096} INFO - Sync 1 DAGs
[2024-04-19T18:40:16.503+0000] {logging_mixin.py:188} INFO - [2024-04-19T18:40:16.503+0000] {dag.py:3954} INFO - Setting next_dagrun for example_branch_operator to 2024-04-18 00:00:00+00:00, run_after=2024-04-19 00:00:00+00:00
[2024-04-19T18:40:16.531+0000] {processor.py:183} INFO - Processing /home/airflow/.local/lib/python3.12/site-packages/airflow/example_dags/example_branch_operator.py took 0.364 seconds
[2024-04-19T18:40:46.859+0000] {processor.py:161} INFO - Started process (PID=937) to work on /home/airflow/.local/lib/python3.12/site-packages/airflow/example_dags/example_branch_operator.py
[2024-04-19T18:40:46.861+0000] {processor.py:830} INFO - Processing file /home/airflow/.local/lib/python3.12/site-packages/airflow/example_dags/example_branch_operator.py for tasks to queue
[2024-04-19T18:40:46.863+0000] {logging_mixin.py:188} INFO - [2024-04-19T18:40:46.863+0000] {dagbag.py:540} INFO - Filling up the DagBag from /home/airflow/.local/lib/python3.12/site-packages/airflow/example_dags/example_branch_operator.py
[2024-04-19T18:40:46.883+0000] {processor.py:840} INFO - DAG(s) 'example_branch_operator' retrieved from /home/airflow/.local/lib/python3.12/site-packages/airflow/example_dags/example_branch_operator.py
[2024-04-19T18:40:46.916+0000] {logging_mixin.py:188} INFO - [2024-04-19T18:40:46.915+0000] {dag.py:3096} INFO - Sync 1 DAGs
[2024-04-19T18:40:47.134+0000] {logging_mixin.py:188} INFO - [2024-04-19T18:40:47.134+0000] {dag.py:3954} INFO - Setting next_dagrun for example_branch_operator to 2024-04-18 00:00:00+00:00, run_after=2024-04-19 00:00:00+00:00
[2024-04-19T18:40:47.155+0000] {processor.py:183} INFO - Processing /home/airflow/.local/lib/python3.12/site-packages/airflow/example_dags/example_branch_operator.py took 0.301 seconds
[2024-04-19T18:41:17.404+0000] {processor.py:161} INFO - Started process (PID=997) to work on /home/airflow/.local/lib/python3.12/site-packages/airflow/example_dags/example_branch_operator.py
[2024-04-19T18:41:17.405+0000] {processor.py:830} INFO - Processing file /home/airflow/.local/lib/python3.12/site-packages/airflow/example_dags/example_branch_operator.py for tasks to queue
[2024-04-19T18:41:17.407+0000] {logging_mixin.py:188} INFO - [2024-04-19T18:41:17.406+0000] {dagbag.py:540} INFO - Filling up the DagBag from /home/airflow/.local/lib/python3.12/site-packages/airflow/example_dags/example_branch_operator.py
[2024-04-19T18:41:17.426+0000] {processor.py:840} INFO - DAG(s) 'example_branch_operator' retrieved from /home/airflow/.local/lib/python3.12/site-packages/airflow/example_dags/example_branch_operator.py
[2024-04-19T18:41:17.463+0000] {logging_mixin.py:188} INFO - [2024-04-19T18:41:17.463+0000] {dag.py:3096} INFO - Sync 1 DAGs
[2024-04-19T18:41:17.493+0000] {logging_mixin.py:188} INFO - [2024-04-19T18:41:17.493+0000] {dag.py:3954} INFO - Setting next_dagrun for example_branch_operator to 2024-04-18 00:00:00+00:00, run_after=2024-04-19 00:00:00+00:00
[2024-04-19T18:41:17.525+0000] {processor.py:183} INFO - Processing /home/airflow/.local/lib/python3.12/site-packages/airflow/example_dags/example_branch_operator.py took 0.127 seconds
[2024-04-19T18:41:47.630+0000] {processor.py:161} INFO - Started process (PID=1057) to work on /home/airflow/.local/lib/python3.12/site-packages/airflow/example_dags/example_branch_operator.py
[2024-04-19T18:41:47.631+0000] {processor.py:830} INFO - Processing file /home/airflow/.local/lib/python3.12/site-packages/airflow/example_dags/example_branch_operator.py for tasks to queue
[2024-04-19T18:41:47.633+0000] {logging_mixin.py:188} INFO - [2024-04-19T18:41:47.633+0000] {dagbag.py:540} INFO - Filling up the DagBag from /home/airflow/.local/lib/python3.12/site-packages/airflow/example_dags/example_branch_operator.py
[2024-04-19T18:41:47.647+0000] {processor.py:840} INFO - DAG(s) 'example_branch_operator' retrieved from /home/airflow/.local/lib/python3.12/site-packages/airflow/example_dags/example_branch_operator.py
[2024-04-19T18:41:47.674+0000] {logging_mixin.py:188} INFO - [2024-04-19T18:41:47.674+0000] {dag.py:3096} INFO - Sync 1 DAGs
[2024-04-19T18:41:47.695+0000] {logging_mixin.py:188} INFO - [2024-04-19T18:41:47.695+0000] {dag.py:3954} INFO - Setting next_dagrun for example_branch_operator to 2024-04-18 00:00:00+00:00, run_after=2024-04-19 00:00:00+00:00
[2024-04-19T18:41:47.715+0000] {processor.py:183} INFO - Processing /home/airflow/.local/lib/python3.12/site-packages/airflow/example_dags/example_branch_operator.py took 0.091 seconds
[2024-04-19T18:42:18.072+0000] {processor.py:161} INFO - Started process (PID=1116) to work on /home/airflow/.local/lib/python3.12/site-packages/airflow/example_dags/example_branch_operator.py
[2024-04-19T18:42:18.073+0000] {processor.py:830} INFO - Processing file /home/airflow/.local/lib/python3.12/site-packages/airflow/example_dags/example_branch_operator.py for tasks to queue
[2024-04-19T18:42:18.076+0000] {logging_mixin.py:188} INFO - [2024-04-19T18:42:18.075+0000] {dagbag.py:540} INFO - Filling up the DagBag from /home/airflow/.local/lib/python3.12/site-packages/airflow/example_dags/example_branch_operator.py
[2024-04-19T18:42:18.103+0000] {processor.py:840} INFO - DAG(s) 'example_branch_operator' retrieved from /home/airflow/.local/lib/python3.12/site-packages/airflow/example_dags/example_branch_operator.py
[2024-04-19T18:42:18.157+0000] {logging_mixin.py:188} INFO - [2024-04-19T18:42:18.157+0000] {dag.py:3096} INFO - Sync 1 DAGs
[2024-04-19T18:42:18.199+0000] {logging_mixin.py:188} INFO - [2024-04-19T18:42:18.199+0000] {dag.py:3954} INFO - Setting next_dagrun for example_branch_operator to 2024-04-18 00:00:00+00:00, run_after=2024-04-19 00:00:00+00:00
[2024-04-19T18:42:18.236+0000] {processor.py:183} INFO - Processing /home/airflow/.local/lib/python3.12/site-packages/airflow/example_dags/example_branch_operator.py took 0.174 seconds
[2024-04-19T18:42:48.444+0000] {processor.py:161} INFO - Started process (PID=1176) to work on /home/airflow/.local/lib/python3.12/site-packages/airflow/example_dags/example_branch_operator.py
[2024-04-19T18:42:48.447+0000] {processor.py:830} INFO - Processing file /home/airflow/.local/lib/python3.12/site-packages/airflow/example_dags/example_branch_operator.py for tasks to queue
[2024-04-19T18:42:48.454+0000] {logging_mixin.py:188} INFO - [2024-04-19T18:42:48.453+0000] {dagbag.py:540} INFO - Filling up the DagBag from /home/airflow/.local/lib/python3.12/site-packages/airflow/example_dags/example_branch_operator.py
[2024-04-19T18:42:48.477+0000] {processor.py:840} INFO - DAG(s) 'example_branch_operator' retrieved from /home/airflow/.local/lib/python3.12/site-packages/airflow/example_dags/example_branch_operator.py
[2024-04-19T18:42:48.509+0000] {logging_mixin.py:188} INFO - [2024-04-19T18:42:48.508+0000] {dag.py:3096} INFO - Sync 1 DAGs
[2024-04-19T18:42:48.533+0000] {logging_mixin.py:188} INFO - [2024-04-19T18:42:48.532+0000] {dag.py:3954} INFO - Setting next_dagrun for example_branch_operator to 2024-04-18 00:00:00+00:00, run_after=2024-04-19 00:00:00+00:00
[2024-04-19T18:42:48.556+0000] {processor.py:183} INFO - Processing /home/airflow/.local/lib/python3.12/site-packages/airflow/example_dags/example_branch_operator.py took 0.120 seconds
[2024-04-19T18:43:18.685+0000] {processor.py:161} INFO - Started process (PID=1236) to work on /home/airflow/.local/lib/python3.12/site-packages/airflow/example_dags/example_branch_operator.py
[2024-04-19T18:43:18.687+0000] {processor.py:830} INFO - Processing file /home/airflow/.local/lib/python3.12/site-packages/airflow/example_dags/example_branch_operator.py for tasks to queue
[2024-04-19T18:43:18.689+0000] {logging_mixin.py:188} INFO - [2024-04-19T18:43:18.689+0000] {dagbag.py:540} INFO - Filling up the DagBag from /home/airflow/.local/lib/python3.12/site-packages/airflow/example_dags/example_branch_operator.py
[2024-04-19T18:43:18.708+0000] {processor.py:840} INFO - DAG(s) 'example_branch_operator' retrieved from /home/airflow/.local/lib/python3.12/site-packages/airflow/example_dags/example_branch_operator.py
[2024-04-19T18:43:18.738+0000] {logging_mixin.py:188} INFO - [2024-04-19T18:43:18.737+0000] {dag.py:3096} INFO - Sync 1 DAGs
[2024-04-19T18:43:18.764+0000] {logging_mixin.py:188} INFO - [2024-04-19T18:43:18.764+0000] {dag.py:3954} INFO - Setting next_dagrun for example_branch_operator to 2024-04-18 00:00:00+00:00, run_after=2024-04-19 00:00:00+00:00
[2024-04-19T18:43:18.784+0000] {processor.py:183} INFO - Processing /home/airflow/.local/lib/python3.12/site-packages/airflow/example_dags/example_branch_operator.py took 0.105 seconds
[2024-04-19T18:43:48.971+0000] {processor.py:161} INFO - Started process (PID=1296) to work on /home/airflow/.local/lib/python3.12/site-packages/airflow/example_dags/example_branch_operator.py
[2024-04-19T18:43:48.972+0000] {processor.py:830} INFO - Processing file /home/airflow/.local/lib/python3.12/site-packages/airflow/example_dags/example_branch_operator.py for tasks to queue
[2024-04-19T18:43:48.975+0000] {logging_mixin.py:188} INFO - [2024-04-19T18:43:48.975+0000] {dagbag.py:540} INFO - Filling up the DagBag from /home/airflow/.local/lib/python3.12/site-packages/airflow/example_dags/example_branch_operator.py
[2024-04-19T18:43:48.996+0000] {processor.py:840} INFO - DAG(s) 'example_branch_operator' retrieved from /home/airflow/.local/lib/python3.12/site-packages/airflow/example_dags/example_branch_operator.py
[2024-04-19T18:43:49.033+0000] {logging_mixin.py:188} INFO - [2024-04-19T18:43:49.033+0000] {dag.py:3096} INFO - Sync 1 DAGs
[2024-04-19T18:43:49.071+0000] {logging_mixin.py:188} INFO - [2024-04-19T18:43:49.071+0000] {dag.py:3954} INFO - Setting next_dagrun for example_branch_operator to 2024-04-18 00:00:00+00:00, run_after=2024-04-19 00:00:00+00:00
[2024-04-19T18:43:49.099+0000] {processor.py:183} INFO - Processing /home/airflow/.local/lib/python3.12/site-packages/airflow/example_dags/example_branch_operator.py took 0.137 seconds
[2024-04-19T18:44:19.596+0000] {processor.py:161} INFO - Started process (PID=1356) to work on /home/airflow/.local/lib/python3.12/site-packages/airflow/example_dags/example_branch_operator.py
[2024-04-19T18:44:19.600+0000] {processor.py:830} INFO - Processing file /home/airflow/.local/lib/python3.12/site-packages/airflow/example_dags/example_branch_operator.py for tasks to queue
[2024-04-19T18:44:19.602+0000] {logging_mixin.py:188} INFO - [2024-04-19T18:44:19.602+0000] {dagbag.py:540} INFO - Filling up the DagBag from /home/airflow/.local/lib/python3.12/site-packages/airflow/example_dags/example_branch_operator.py
[2024-04-19T18:44:19.633+0000] {processor.py:840} INFO - DAG(s) 'example_branch_operator' retrieved from /home/airflow/.local/lib/python3.12/site-packages/airflow/example_dags/example_branch_operator.py
[2024-04-19T18:44:19.678+0000] {logging_mixin.py:188} INFO - [2024-04-19T18:44:19.677+0000] {dag.py:3096} INFO - Sync 1 DAGs
[2024-04-19T18:44:19.718+0000] {logging_mixin.py:188} INFO - [2024-04-19T18:44:19.718+0000] {dag.py:3954} INFO - Setting next_dagrun for example_branch_operator to 2024-04-18 00:00:00+00:00, run_after=2024-04-19 00:00:00+00:00
[2024-04-19T18:44:19.768+0000] {processor.py:183} INFO - Processing /home/airflow/.local/lib/python3.12/site-packages/airflow/example_dags/example_branch_operator.py took 0.189 seconds
[2024-04-19T18:44:50.139+0000] {processor.py:161} INFO - Started process (PID=1416) to work on /home/airflow/.local/lib/python3.12/site-packages/airflow/example_dags/example_branch_operator.py
[2024-04-19T18:44:50.140+0000] {processor.py:830} INFO - Processing file /home/airflow/.local/lib/python3.12/site-packages/airflow/example_dags/example_branch_operator.py for tasks to queue
[2024-04-19T18:44:50.142+0000] {logging_mixin.py:188} INFO - [2024-04-19T18:44:50.141+0000] {dagbag.py:540} INFO - Filling up the DagBag from /home/airflow/.local/lib/python3.12/site-packages/airflow/example_dags/example_branch_operator.py
[2024-04-19T18:44:50.162+0000] {processor.py:840} INFO - DAG(s) 'example_branch_operator' retrieved from /home/airflow/.local/lib/python3.12/site-packages/airflow/example_dags/example_branch_operator.py
[2024-04-19T18:44:50.198+0000] {logging_mixin.py:188} INFO - [2024-04-19T18:44:50.198+0000] {dag.py:3096} INFO - Sync 1 DAGs
[2024-04-19T18:44:50.220+0000] {logging_mixin.py:188} INFO - [2024-04-19T18:44:50.220+0000] {dag.py:3954} INFO - Setting next_dagrun for example_branch_operator to 2024-04-18 00:00:00+00:00, run_after=2024-04-19 00:00:00+00:00
[2024-04-19T18:44:50.240+0000] {processor.py:183} INFO - Processing /home/airflow/.local/lib/python3.12/site-packages/airflow/example_dags/example_branch_operator.py took 0.106 seconds
[2024-04-19T18:45:21.130+0000] {processor.py:161} INFO - Started process (PID=1473) to work on /home/airflow/.local/lib/python3.12/site-packages/airflow/example_dags/example_branch_operator.py
[2024-04-19T18:45:21.131+0000] {processor.py:830} INFO - Processing file /home/airflow/.local/lib/python3.12/site-packages/airflow/example_dags/example_branch_operator.py for tasks to queue
[2024-04-19T18:45:21.133+0000] {logging_mixin.py:188} INFO - [2024-04-19T18:45:21.133+0000] {dagbag.py:540} INFO - Filling up the DagBag from /home/airflow/.local/lib/python3.12/site-packages/airflow/example_dags/example_branch_operator.py
[2024-04-19T18:45:21.152+0000] {processor.py:840} INFO - DAG(s) 'example_branch_operator' retrieved from /home/airflow/.local/lib/python3.12/site-packages/airflow/example_dags/example_branch_operator.py
[2024-04-19T18:45:21.212+0000] {logging_mixin.py:188} INFO - [2024-04-19T18:45:21.212+0000] {dag.py:3096} INFO - Sync 1 DAGs
[2024-04-19T18:45:21.238+0000] {logging_mixin.py:188} INFO - [2024-04-19T18:45:21.238+0000] {dag.py:3954} INFO - Setting next_dagrun for example_branch_operator to 2024-04-18 00:00:00+00:00, run_after=2024-04-19 00:00:00+00:00
[2024-04-19T18:45:21.263+0000] {processor.py:183} INFO - Processing /home/airflow/.local/lib/python3.12/site-packages/airflow/example_dags/example_branch_operator.py took 0.138 seconds
[2024-04-19T18:45:51.718+0000] {processor.py:161} INFO - Started process (PID=1533) to work on /home/airflow/.local/lib/python3.12/site-packages/airflow/example_dags/example_branch_operator.py
[2024-04-19T18:45:51.719+0000] {processor.py:830} INFO - Processing file /home/airflow/.local/lib/python3.12/site-packages/airflow/example_dags/example_branch_operator.py for tasks to queue
[2024-04-19T18:45:51.723+0000] {logging_mixin.py:188} INFO - [2024-04-19T18:45:51.722+0000] {dagbag.py:540} INFO - Filling up the DagBag from /home/airflow/.local/lib/python3.12/site-packages/airflow/example_dags/example_branch_operator.py
[2024-04-19T18:45:51.748+0000] {processor.py:840} INFO - DAG(s) 'example_branch_operator' retrieved from /home/airflow/.local/lib/python3.12/site-packages/airflow/example_dags/example_branch_operator.py
[2024-04-19T18:45:51.788+0000] {logging_mixin.py:188} INFO - [2024-04-19T18:45:51.788+0000] {dag.py:3096} INFO - Sync 1 DAGs
[2024-04-19T18:45:51.826+0000] {logging_mixin.py:188} INFO - [2024-04-19T18:45:51.825+0000] {dag.py:3954} INFO - Setting next_dagrun for example_branch_operator to 2024-04-18 00:00:00+00:00, run_after=2024-04-19 00:00:00+00:00
[2024-04-19T18:45:51.853+0000] {processor.py:183} INFO - Processing /home/airflow/.local/lib/python3.12/site-packages/airflow/example_dags/example_branch_operator.py took 0.144 seconds
[2024-04-19T18:46:22.620+0000] {processor.py:161} INFO - Started process (PID=1594) to work on /home/airflow/.local/lib/python3.12/site-packages/airflow/example_dags/example_branch_operator.py
[2024-04-19T18:46:22.621+0000] {processor.py:830} INFO - Processing file /home/airflow/.local/lib/python3.12/site-packages/airflow/example_dags/example_branch_operator.py for tasks to queue
[2024-04-19T18:46:22.623+0000] {logging_mixin.py:188} INFO - [2024-04-19T18:46:22.622+0000] {dagbag.py:540} INFO - Filling up the DagBag from /home/airflow/.local/lib/python3.12/site-packages/airflow/example_dags/example_branch_operator.py
[2024-04-19T18:46:22.644+0000] {processor.py:840} INFO - DAG(s) 'example_branch_operator' retrieved from /home/airflow/.local/lib/python3.12/site-packages/airflow/example_dags/example_branch_operator.py
[2024-04-19T18:46:22.675+0000] {logging_mixin.py:188} INFO - [2024-04-19T18:46:22.675+0000] {dag.py:3096} INFO - Sync 1 DAGs
[2024-04-19T18:46:22.703+0000] {logging_mixin.py:188} INFO - [2024-04-19T18:46:22.702+0000] {dag.py:3954} INFO - Setting next_dagrun for example_branch_operator to 2024-04-18 00:00:00+00:00, run_after=2024-04-19 00:00:00+00:00
[2024-04-19T18:46:22.725+0000] {processor.py:183} INFO - Processing /home/airflow/.local/lib/python3.12/site-packages/airflow/example_dags/example_branch_operator.py took 0.111 seconds
[2024-04-19T18:46:53.155+0000] {processor.py:161} INFO - Started process (PID=1654) to work on /home/airflow/.local/lib/python3.12/site-packages/airflow/example_dags/example_branch_operator.py
[2024-04-19T18:46:53.157+0000] {processor.py:830} INFO - Processing file /home/airflow/.local/lib/python3.12/site-packages/airflow/example_dags/example_branch_operator.py for tasks to queue
[2024-04-19T18:46:53.160+0000] {logging_mixin.py:188} INFO - [2024-04-19T18:46:53.159+0000] {dagbag.py:540} INFO - Filling up the DagBag from /home/airflow/.local/lib/python3.12/site-packages/airflow/example_dags/example_branch_operator.py
[2024-04-19T18:46:53.189+0000] {processor.py:840} INFO - DAG(s) 'example_branch_operator' retrieved from /home/airflow/.local/lib/python3.12/site-packages/airflow/example_dags/example_branch_operator.py
[2024-04-19T18:46:53.237+0000] {logging_mixin.py:188} INFO - [2024-04-19T18:46:53.237+0000] {dag.py:3096} INFO - Sync 1 DAGs
[2024-04-19T18:46:53.275+0000] {logging_mixin.py:188} INFO - [2024-04-19T18:46:53.275+0000] {dag.py:3954} INFO - Setting next_dagrun for example_branch_operator to 2024-04-18 00:00:00+00:00, run_after=2024-04-19 00:00:00+00:00
[2024-04-19T18:46:53.309+0000] {processor.py:183} INFO - Processing /home/airflow/.local/lib/python3.12/site-packages/airflow/example_dags/example_branch_operator.py took 0.162 seconds
[2024-04-19T18:47:23.424+0000] {processor.py:161} INFO - Started process (PID=1714) to work on /home/airflow/.local/lib/python3.12/site-packages/airflow/example_dags/example_branch_operator.py
[2024-04-19T18:47:23.425+0000] {processor.py:830} INFO - Processing file /home/airflow/.local/lib/python3.12/site-packages/airflow/example_dags/example_branch_operator.py for tasks to queue
[2024-04-19T18:47:23.427+0000] {logging_mixin.py:188} INFO - [2024-04-19T18:47:23.427+0000] {dagbag.py:540} INFO - Filling up the DagBag from /home/airflow/.local/lib/python3.12/site-packages/airflow/example_dags/example_branch_operator.py
[2024-04-19T18:47:23.444+0000] {processor.py:840} INFO - DAG(s) 'example_branch_operator' retrieved from /home/airflow/.local/lib/python3.12/site-packages/airflow/example_dags/example_branch_operator.py
[2024-04-19T18:47:23.470+0000] {logging_mixin.py:188} INFO - [2024-04-19T18:47:23.470+0000] {dag.py:3096} INFO - Sync 1 DAGs
[2024-04-19T18:47:23.490+0000] {logging_mixin.py:188} INFO - [2024-04-19T18:47:23.490+0000] {dag.py:3954} INFO - Setting next_dagrun for example_branch_operator to 2024-04-18 00:00:00+00:00, run_after=2024-04-19 00:00:00+00:00
[2024-04-19T18:47:23.510+0000] {processor.py:183} INFO - Processing /home/airflow/.local/lib/python3.12/site-packages/airflow/example_dags/example_branch_operator.py took 0.094 seconds
[2024-04-19T18:47:54.677+0000] {processor.py:161} INFO - Started process (PID=1774) to work on /home/airflow/.local/lib/python3.12/site-packages/airflow/example_dags/example_branch_operator.py
[2024-04-19T18:47:54.679+0000] {processor.py:830} INFO - Processing file /home/airflow/.local/lib/python3.12/site-packages/airflow/example_dags/example_branch_operator.py for tasks to queue
[2024-04-19T18:47:54.681+0000] {logging_mixin.py:188} INFO - [2024-04-19T18:47:54.680+0000] {dagbag.py:540} INFO - Filling up the DagBag from /home/airflow/.local/lib/python3.12/site-packages/airflow/example_dags/example_branch_operator.py
[2024-04-19T18:47:54.712+0000] {processor.py:840} INFO - DAG(s) 'example_branch_operator' retrieved from /home/airflow/.local/lib/python3.12/site-packages/airflow/example_dags/example_branch_operator.py
[2024-04-19T18:47:54.766+0000] {logging_mixin.py:188} INFO - [2024-04-19T18:47:54.765+0000] {dag.py:3096} INFO - Sync 1 DAGs
[2024-04-19T18:47:54.809+0000] {logging_mixin.py:188} INFO - [2024-04-19T18:47:54.808+0000] {dag.py:3954} INFO - Setting next_dagrun for example_branch_operator to 2024-04-18 00:00:00+00:00, run_after=2024-04-19 00:00:00+00:00
[2024-04-19T18:47:54.853+0000] {processor.py:183} INFO - Processing /home/airflow/.local/lib/python3.12/site-packages/airflow/example_dags/example_branch_operator.py took 0.188 seconds
[2024-04-19T18:48:25.119+0000] {processor.py:161} INFO - Started process (PID=1833) to work on /home/airflow/.local/lib/python3.12/site-packages/airflow/example_dags/example_branch_operator.py
[2024-04-19T18:48:25.121+0000] {processor.py:830} INFO - Processing file /home/airflow/.local/lib/python3.12/site-packages/airflow/example_dags/example_branch_operator.py for tasks to queue
[2024-04-19T18:48:25.122+0000] {logging_mixin.py:188} INFO - [2024-04-19T18:48:25.121+0000] {dagbag.py:540} INFO - Filling up the DagBag from /home/airflow/.local/lib/python3.12/site-packages/airflow/example_dags/example_branch_operator.py
[2024-04-19T18:48:25.146+0000] {processor.py:840} INFO - DAG(s) 'example_branch_operator' retrieved from /home/airflow/.local/lib/python3.12/site-packages/airflow/example_dags/example_branch_operator.py
[2024-04-19T18:48:25.186+0000] {logging_mixin.py:188} INFO - [2024-04-19T18:48:25.186+0000] {dag.py:3096} INFO - Sync 1 DAGs
[2024-04-19T18:48:25.220+0000] {logging_mixin.py:188} INFO - [2024-04-19T18:48:25.219+0000] {dag.py:3954} INFO - Setting next_dagrun for example_branch_operator to 2024-04-18 00:00:00+00:00, run_after=2024-04-19 00:00:00+00:00
[2024-04-19T18:48:25.248+0000] {processor.py:183} INFO - Processing /home/airflow/.local/lib/python3.12/site-packages/airflow/example_dags/example_branch_operator.py took 0.139 seconds
[2024-04-19T18:48:55.551+0000] {processor.py:161} INFO - Started process (PID=1892) to work on /home/airflow/.local/lib/python3.12/site-packages/airflow/example_dags/example_branch_operator.py
[2024-04-19T18:48:55.552+0000] {processor.py:830} INFO - Processing file /home/airflow/.local/lib/python3.12/site-packages/airflow/example_dags/example_branch_operator.py for tasks to queue
[2024-04-19T18:48:55.553+0000] {logging_mixin.py:188} INFO - [2024-04-19T18:48:55.553+0000] {dagbag.py:540} INFO - Filling up the DagBag from /home/airflow/.local/lib/python3.12/site-packages/airflow/example_dags/example_branch_operator.py
[2024-04-19T18:48:55.579+0000] {processor.py:840} INFO - DAG(s) 'example_branch_operator' retrieved from /home/airflow/.local/lib/python3.12/site-packages/airflow/example_dags/example_branch_operator.py
[2024-04-19T18:48:55.625+0000] {logging_mixin.py:188} INFO - [2024-04-19T18:48:55.624+0000] {dag.py:3096} INFO - Sync 1 DAGs
[2024-04-19T18:48:55.658+0000] {logging_mixin.py:188} INFO - [2024-04-19T18:48:55.658+0000] {dag.py:3954} INFO - Setting next_dagrun for example_branch_operator to 2024-04-18 00:00:00+00:00, run_after=2024-04-19 00:00:00+00:00
[2024-04-19T18:48:55.686+0000] {processor.py:183} INFO - Processing /home/airflow/.local/lib/python3.12/site-packages/airflow/example_dags/example_branch_operator.py took 0.145 seconds
[2024-04-19T18:56:03.962+0000] {processor.py:161} INFO - Started process (PID=62) to work on /home/airflow/.local/lib/python3.12/site-packages/airflow/example_dags/example_branch_operator.py
[2024-04-19T18:56:03.964+0000] {processor.py:830} INFO - Processing file /home/airflow/.local/lib/python3.12/site-packages/airflow/example_dags/example_branch_operator.py for tasks to queue
[2024-04-19T18:56:03.978+0000] {logging_mixin.py:188} INFO - [2024-04-19T18:56:03.978+0000] {dagbag.py:540} INFO - Filling up the DagBag from /home/airflow/.local/lib/python3.12/site-packages/airflow/example_dags/example_branch_operator.py
[2024-04-19T18:56:04.096+0000] {processor.py:840} INFO - DAG(s) 'example_branch_operator' retrieved from /home/airflow/.local/lib/python3.12/site-packages/airflow/example_dags/example_branch_operator.py
[2024-04-19T18:56:04.598+0000] {logging_mixin.py:188} INFO - [2024-04-19T18:56:04.597+0000] {dag.py:3096} INFO - Sync 1 DAGs
[2024-04-19T18:56:04.716+0000] {logging_mixin.py:188} INFO - [2024-04-19T18:56:04.715+0000] {dag.py:3954} INFO - Setting next_dagrun for example_branch_operator to 2024-04-18 00:00:00+00:00, run_after=2024-04-19 00:00:00+00:00
[2024-04-19T18:56:04.833+0000] {processor.py:183} INFO - Processing /home/airflow/.local/lib/python3.12/site-packages/airflow/example_dags/example_branch_operator.py took 0.892 seconds
[2024-04-19T18:56:35.836+0000] {processor.py:161} INFO - Started process (PID=121) to work on /home/airflow/.local/lib/python3.12/site-packages/airflow/example_dags/example_branch_operator.py
[2024-04-19T18:56:35.846+0000] {processor.py:830} INFO - Processing file /home/airflow/.local/lib/python3.12/site-packages/airflow/example_dags/example_branch_operator.py for tasks to queue
[2024-04-19T18:56:35.849+0000] {logging_mixin.py:188} INFO - [2024-04-19T18:56:35.849+0000] {dagbag.py:540} INFO - Filling up the DagBag from /home/airflow/.local/lib/python3.12/site-packages/airflow/example_dags/example_branch_operator.py
[2024-04-19T18:56:35.899+0000] {processor.py:840} INFO - DAG(s) 'example_branch_operator' retrieved from /home/airflow/.local/lib/python3.12/site-packages/airflow/example_dags/example_branch_operator.py
[2024-04-19T18:56:35.967+0000] {logging_mixin.py:188} INFO - [2024-04-19T18:56:35.966+0000] {dag.py:3096} INFO - Sync 1 DAGs
[2024-04-19T18:56:36.027+0000] {logging_mixin.py:188} INFO - [2024-04-19T18:56:36.027+0000] {dag.py:3954} INFO - Setting next_dagrun for example_branch_operator to 2024-04-18 00:00:00+00:00, run_after=2024-04-19 00:00:00+00:00
[2024-04-19T18:56:36.069+0000] {processor.py:183} INFO - Processing /home/airflow/.local/lib/python3.12/site-packages/airflow/example_dags/example_branch_operator.py took 0.241 seconds
[2024-04-19T18:57:06.328+0000] {processor.py:161} INFO - Started process (PID=180) to work on /home/airflow/.local/lib/python3.12/site-packages/airflow/example_dags/example_branch_operator.py
[2024-04-19T18:57:06.338+0000] {processor.py:830} INFO - Processing file /home/airflow/.local/lib/python3.12/site-packages/airflow/example_dags/example_branch_operator.py for tasks to queue
[2024-04-19T18:57:06.341+0000] {logging_mixin.py:188} INFO - [2024-04-19T18:57:06.340+0000] {dagbag.py:540} INFO - Filling up the DagBag from /home/airflow/.local/lib/python3.12/site-packages/airflow/example_dags/example_branch_operator.py
[2024-04-19T18:57:06.367+0000] {processor.py:840} INFO - DAG(s) 'example_branch_operator' retrieved from /home/airflow/.local/lib/python3.12/site-packages/airflow/example_dags/example_branch_operator.py
[2024-04-19T18:57:06.495+0000] {logging_mixin.py:188} INFO - [2024-04-19T18:57:06.495+0000] {dag.py:3096} INFO - Sync 1 DAGs
[2024-04-19T18:57:06.518+0000] {logging_mixin.py:188} INFO - [2024-04-19T18:57:06.518+0000] {dag.py:3954} INFO - Setting next_dagrun for example_branch_operator to 2024-04-18 00:00:00+00:00, run_after=2024-04-19 00:00:00+00:00
[2024-04-19T18:57:06.538+0000] {processor.py:183} INFO - Processing /home/airflow/.local/lib/python3.12/site-packages/airflow/example_dags/example_branch_operator.py took 0.217 seconds
[2024-04-19T18:57:36.934+0000] {processor.py:161} INFO - Started process (PID=239) to work on /home/airflow/.local/lib/python3.12/site-packages/airflow/example_dags/example_branch_operator.py
[2024-04-19T18:57:36.936+0000] {processor.py:830} INFO - Processing file /home/airflow/.local/lib/python3.12/site-packages/airflow/example_dags/example_branch_operator.py for tasks to queue
[2024-04-19T18:57:36.937+0000] {logging_mixin.py:188} INFO - [2024-04-19T18:57:36.937+0000] {dagbag.py:540} INFO - Filling up the DagBag from /home/airflow/.local/lib/python3.12/site-packages/airflow/example_dags/example_branch_operator.py
[2024-04-19T18:57:36.964+0000] {processor.py:840} INFO - DAG(s) 'example_branch_operator' retrieved from /home/airflow/.local/lib/python3.12/site-packages/airflow/example_dags/example_branch_operator.py
[2024-04-19T18:57:37.006+0000] {logging_mixin.py:188} INFO - [2024-04-19T18:57:37.005+0000] {dag.py:3096} INFO - Sync 1 DAGs
[2024-04-19T18:57:37.048+0000] {logging_mixin.py:188} INFO - [2024-04-19T18:57:37.047+0000] {dag.py:3954} INFO - Setting next_dagrun for example_branch_operator to 2024-04-18 00:00:00+00:00, run_after=2024-04-19 00:00:00+00:00
[2024-04-19T18:57:37.079+0000] {processor.py:183} INFO - Processing /home/airflow/.local/lib/python3.12/site-packages/airflow/example_dags/example_branch_operator.py took 0.156 seconds
[2024-04-19T18:58:07.800+0000] {processor.py:161} INFO - Started process (PID=300) to work on /home/airflow/.local/lib/python3.12/site-packages/airflow/example_dags/example_branch_operator.py
[2024-04-19T18:58:07.802+0000] {processor.py:830} INFO - Processing file /home/airflow/.local/lib/python3.12/site-packages/airflow/example_dags/example_branch_operator.py for tasks to queue
[2024-04-19T18:58:07.803+0000] {logging_mixin.py:188} INFO - [2024-04-19T18:58:07.803+0000] {dagbag.py:540} INFO - Filling up the DagBag from /home/airflow/.local/lib/python3.12/site-packages/airflow/example_dags/example_branch_operator.py
[2024-04-19T18:58:07.831+0000] {processor.py:840} INFO - DAG(s) 'example_branch_operator' retrieved from /home/airflow/.local/lib/python3.12/site-packages/airflow/example_dags/example_branch_operator.py
[2024-04-19T18:58:07.877+0000] {logging_mixin.py:188} INFO - [2024-04-19T18:58:07.877+0000] {dag.py:3096} INFO - Sync 1 DAGs
[2024-04-19T18:58:07.916+0000] {logging_mixin.py:188} INFO - [2024-04-19T18:58:07.915+0000] {dag.py:3954} INFO - Setting next_dagrun for example_branch_operator to 2024-04-18 00:00:00+00:00, run_after=2024-04-19 00:00:00+00:00
[2024-04-19T18:58:07.953+0000] {processor.py:183} INFO - Processing /home/airflow/.local/lib/python3.12/site-packages/airflow/example_dags/example_branch_operator.py took 0.160 seconds
[2024-04-19T18:58:38.338+0000] {processor.py:161} INFO - Started process (PID=358) to work on /home/airflow/.local/lib/python3.12/site-packages/airflow/example_dags/example_branch_operator.py
[2024-04-19T18:58:38.354+0000] {processor.py:830} INFO - Processing file /home/airflow/.local/lib/python3.12/site-packages/airflow/example_dags/example_branch_operator.py for tasks to queue
[2024-04-19T18:58:38.355+0000] {logging_mixin.py:188} INFO - [2024-04-19T18:58:38.354+0000] {dagbag.py:540} INFO - Filling up the DagBag from /home/airflow/.local/lib/python3.12/site-packages/airflow/example_dags/example_branch_operator.py
[2024-04-19T18:58:38.387+0000] {processor.py:840} INFO - DAG(s) 'example_branch_operator' retrieved from /home/airflow/.local/lib/python3.12/site-packages/airflow/example_dags/example_branch_operator.py
[2024-04-19T18:58:38.432+0000] {logging_mixin.py:188} INFO - [2024-04-19T18:58:38.431+0000] {dag.py:3096} INFO - Sync 1 DAGs
[2024-04-19T18:58:38.474+0000] {logging_mixin.py:188} INFO - [2024-04-19T18:58:38.474+0000] {dag.py:3954} INFO - Setting next_dagrun for example_branch_operator to 2024-04-18 00:00:00+00:00, run_after=2024-04-19 00:00:00+00:00
[2024-04-19T18:58:38.535+0000] {processor.py:183} INFO - Processing /home/airflow/.local/lib/python3.12/site-packages/airflow/example_dags/example_branch_operator.py took 0.204 seconds
[2024-04-19T18:59:09.169+0000] {processor.py:161} INFO - Started process (PID=417) to work on /home/airflow/.local/lib/python3.12/site-packages/airflow/example_dags/example_branch_operator.py
[2024-04-19T18:59:09.170+0000] {processor.py:830} INFO - Processing file /home/airflow/.local/lib/python3.12/site-packages/airflow/example_dags/example_branch_operator.py for tasks to queue
[2024-04-19T18:59:09.171+0000] {logging_mixin.py:188} INFO - [2024-04-19T18:59:09.171+0000] {dagbag.py:540} INFO - Filling up the DagBag from /home/airflow/.local/lib/python3.12/site-packages/airflow/example_dags/example_branch_operator.py
[2024-04-19T18:59:09.196+0000] {processor.py:840} INFO - DAG(s) 'example_branch_operator' retrieved from /home/airflow/.local/lib/python3.12/site-packages/airflow/example_dags/example_branch_operator.py
[2024-04-19T18:59:09.236+0000] {logging_mixin.py:188} INFO - [2024-04-19T18:59:09.235+0000] {dag.py:3096} INFO - Sync 1 DAGs
[2024-04-19T18:59:09.271+0000] {logging_mixin.py:188} INFO - [2024-04-19T18:59:09.271+0000] {dag.py:3954} INFO - Setting next_dagrun for example_branch_operator to 2024-04-18 00:00:00+00:00, run_after=2024-04-19 00:00:00+00:00
[2024-04-19T18:59:09.306+0000] {processor.py:183} INFO - Processing /home/airflow/.local/lib/python3.12/site-packages/airflow/example_dags/example_branch_operator.py took 0.144 seconds
[2024-04-19T18:59:39.892+0000] {processor.py:161} INFO - Started process (PID=477) to work on /home/airflow/.local/lib/python3.12/site-packages/airflow/example_dags/example_branch_operator.py
[2024-04-19T18:59:39.894+0000] {processor.py:830} INFO - Processing file /home/airflow/.local/lib/python3.12/site-packages/airflow/example_dags/example_branch_operator.py for tasks to queue
[2024-04-19T18:59:39.895+0000] {logging_mixin.py:188} INFO - [2024-04-19T18:59:39.894+0000] {dagbag.py:540} INFO - Filling up the DagBag from /home/airflow/.local/lib/python3.12/site-packages/airflow/example_dags/example_branch_operator.py
[2024-04-19T18:59:39.912+0000] {processor.py:840} INFO - DAG(s) 'example_branch_operator' retrieved from /home/airflow/.local/lib/python3.12/site-packages/airflow/example_dags/example_branch_operator.py
[2024-04-19T18:59:39.942+0000] {logging_mixin.py:188} INFO - [2024-04-19T18:59:39.942+0000] {dag.py:3096} INFO - Sync 1 DAGs
[2024-04-19T18:59:39.963+0000] {logging_mixin.py:188} INFO - [2024-04-19T18:59:39.962+0000] {dag.py:3954} INFO - Setting next_dagrun for example_branch_operator to 2024-04-18 00:00:00+00:00, run_after=2024-04-19 00:00:00+00:00
[2024-04-19T18:59:39.982+0000] {processor.py:183} INFO - Processing /home/airflow/.local/lib/python3.12/site-packages/airflow/example_dags/example_branch_operator.py took 0.094 seconds
[2024-04-19T19:00:10.633+0000] {processor.py:161} INFO - Started process (PID=537) to work on /home/airflow/.local/lib/python3.12/site-packages/airflow/example_dags/example_branch_operator.py
[2024-04-19T19:00:10.636+0000] {processor.py:830} INFO - Processing file /home/airflow/.local/lib/python3.12/site-packages/airflow/example_dags/example_branch_operator.py for tasks to queue
[2024-04-19T19:00:10.638+0000] {logging_mixin.py:188} INFO - [2024-04-19T19:00:10.637+0000] {dagbag.py:540} INFO - Filling up the DagBag from /home/airflow/.local/lib/python3.12/site-packages/airflow/example_dags/example_branch_operator.py
[2024-04-19T19:00:10.664+0000] {processor.py:840} INFO - DAG(s) 'example_branch_operator' retrieved from /home/airflow/.local/lib/python3.12/site-packages/airflow/example_dags/example_branch_operator.py
[2024-04-19T19:00:10.740+0000] {logging_mixin.py:188} INFO - [2024-04-19T19:00:10.740+0000] {dag.py:3096} INFO - Sync 1 DAGs
[2024-04-19T19:00:10.799+0000] {logging_mixin.py:188} INFO - [2024-04-19T19:00:10.798+0000] {dag.py:3954} INFO - Setting next_dagrun for example_branch_operator to 2024-04-18 00:00:00+00:00, run_after=2024-04-19 00:00:00+00:00
[2024-04-19T19:00:10.845+0000] {processor.py:183} INFO - Processing /home/airflow/.local/lib/python3.12/site-packages/airflow/example_dags/example_branch_operator.py took 0.219 seconds
[2024-04-19T19:00:41.325+0000] {processor.py:161} INFO - Started process (PID=597) to work on /home/airflow/.local/lib/python3.12/site-packages/airflow/example_dags/example_branch_operator.py
[2024-04-19T19:00:41.326+0000] {processor.py:830} INFO - Processing file /home/airflow/.local/lib/python3.12/site-packages/airflow/example_dags/example_branch_operator.py for tasks to queue
[2024-04-19T19:00:41.327+0000] {logging_mixin.py:188} INFO - [2024-04-19T19:00:41.326+0000] {dagbag.py:540} INFO - Filling up the DagBag from /home/airflow/.local/lib/python3.12/site-packages/airflow/example_dags/example_branch_operator.py
[2024-04-19T19:00:41.351+0000] {processor.py:840} INFO - DAG(s) 'example_branch_operator' retrieved from /home/airflow/.local/lib/python3.12/site-packages/airflow/example_dags/example_branch_operator.py
[2024-04-19T19:00:41.390+0000] {logging_mixin.py:188} INFO - [2024-04-19T19:00:41.390+0000] {dag.py:3096} INFO - Sync 1 DAGs
[2024-04-19T19:00:41.422+0000] {logging_mixin.py:188} INFO - [2024-04-19T19:00:41.422+0000] {dag.py:3954} INFO - Setting next_dagrun for example_branch_operator to 2024-04-18 00:00:00+00:00, run_after=2024-04-19 00:00:00+00:00
[2024-04-19T19:00:41.448+0000] {processor.py:183} INFO - Processing /home/airflow/.local/lib/python3.12/site-packages/airflow/example_dags/example_branch_operator.py took 0.129 seconds
[2024-04-19T19:01:12.382+0000] {processor.py:161} INFO - Started process (PID=657) to work on /home/airflow/.local/lib/python3.12/site-packages/airflow/example_dags/example_branch_operator.py
[2024-04-19T19:01:12.383+0000] {processor.py:830} INFO - Processing file /home/airflow/.local/lib/python3.12/site-packages/airflow/example_dags/example_branch_operator.py for tasks to queue
[2024-04-19T19:01:12.384+0000] {logging_mixin.py:188} INFO - [2024-04-19T19:01:12.384+0000] {dagbag.py:540} INFO - Filling up the DagBag from /home/airflow/.local/lib/python3.12/site-packages/airflow/example_dags/example_branch_operator.py
[2024-04-19T19:01:12.413+0000] {processor.py:840} INFO - DAG(s) 'example_branch_operator' retrieved from /home/airflow/.local/lib/python3.12/site-packages/airflow/example_dags/example_branch_operator.py
[2024-04-19T19:01:12.452+0000] {logging_mixin.py:188} INFO - [2024-04-19T19:01:12.451+0000] {dag.py:3096} INFO - Sync 1 DAGs
[2024-04-19T19:01:12.481+0000] {logging_mixin.py:188} INFO - [2024-04-19T19:01:12.481+0000] {dag.py:3954} INFO - Setting next_dagrun for example_branch_operator to 2024-04-18 00:00:00+00:00, run_after=2024-04-19 00:00:00+00:00
[2024-04-19T19:01:12.507+0000] {processor.py:183} INFO - Processing /home/airflow/.local/lib/python3.12/site-packages/airflow/example_dags/example_branch_operator.py took 0.132 seconds
[2024-04-19T19:01:42.599+0000] {processor.py:161} INFO - Started process (PID=715) to work on /home/airflow/.local/lib/python3.12/site-packages/airflow/example_dags/example_branch_operator.py
[2024-04-19T19:01:42.601+0000] {processor.py:830} INFO - Processing file /home/airflow/.local/lib/python3.12/site-packages/airflow/example_dags/example_branch_operator.py for tasks to queue
[2024-04-19T19:01:42.603+0000] {logging_mixin.py:188} INFO - [2024-04-19T19:01:42.602+0000] {dagbag.py:540} INFO - Filling up the DagBag from /home/airflow/.local/lib/python3.12/site-packages/airflow/example_dags/example_branch_operator.py
[2024-04-19T19:01:42.624+0000] {processor.py:840} INFO - DAG(s) 'example_branch_operator' retrieved from /home/airflow/.local/lib/python3.12/site-packages/airflow/example_dags/example_branch_operator.py
[2024-04-19T19:01:42.676+0000] {logging_mixin.py:188} INFO - [2024-04-19T19:01:42.676+0000] {dag.py:3096} INFO - Sync 1 DAGs
[2024-04-19T19:01:42.700+0000] {logging_mixin.py:188} INFO - [2024-04-19T19:01:42.700+0000] {dag.py:3954} INFO - Setting next_dagrun for example_branch_operator to 2024-04-18 00:00:00+00:00, run_after=2024-04-19 00:00:00+00:00
[2024-04-19T19:01:42.720+0000] {processor.py:183} INFO - Processing /home/airflow/.local/lib/python3.12/site-packages/airflow/example_dags/example_branch_operator.py took 0.128 seconds
[2024-04-19T19:02:14.295+0000] {processor.py:161} INFO - Started process (PID=777) to work on /home/airflow/.local/lib/python3.12/site-packages/airflow/example_dags/example_branch_operator.py
[2024-04-19T19:02:14.296+0000] {processor.py:830} INFO - Processing file /home/airflow/.local/lib/python3.12/site-packages/airflow/example_dags/example_branch_operator.py for tasks to queue
[2024-04-19T19:02:14.298+0000] {logging_mixin.py:188} INFO - [2024-04-19T19:02:14.297+0000] {dagbag.py:540} INFO - Filling up the DagBag from /home/airflow/.local/lib/python3.12/site-packages/airflow/example_dags/example_branch_operator.py
[2024-04-19T19:02:14.326+0000] {processor.py:840} INFO - DAG(s) 'example_branch_operator' retrieved from /home/airflow/.local/lib/python3.12/site-packages/airflow/example_dags/example_branch_operator.py
[2024-04-19T19:02:14.366+0000] {logging_mixin.py:188} INFO - [2024-04-19T19:02:14.366+0000] {dag.py:3096} INFO - Sync 1 DAGs
[2024-04-19T19:02:14.399+0000] {logging_mixin.py:188} INFO - [2024-04-19T19:02:14.399+0000] {dag.py:3954} INFO - Setting next_dagrun for example_branch_operator to 2024-04-18 00:00:00+00:00, run_after=2024-04-19 00:00:00+00:00
[2024-04-19T19:02:14.428+0000] {processor.py:183} INFO - Processing /home/airflow/.local/lib/python3.12/site-packages/airflow/example_dags/example_branch_operator.py took 0.146 seconds
[2024-04-19T19:02:45.208+0000] {processor.py:161} INFO - Started process (PID=837) to work on /home/airflow/.local/lib/python3.12/site-packages/airflow/example_dags/example_branch_operator.py
[2024-04-19T19:02:45.210+0000] {processor.py:830} INFO - Processing file /home/airflow/.local/lib/python3.12/site-packages/airflow/example_dags/example_branch_operator.py for tasks to queue
[2024-04-19T19:02:45.211+0000] {logging_mixin.py:188} INFO - [2024-04-19T19:02:45.211+0000] {dagbag.py:540} INFO - Filling up the DagBag from /home/airflow/.local/lib/python3.12/site-packages/airflow/example_dags/example_branch_operator.py
[2024-04-19T19:02:45.239+0000] {processor.py:840} INFO - DAG(s) 'example_branch_operator' retrieved from /home/airflow/.local/lib/python3.12/site-packages/airflow/example_dags/example_branch_operator.py
[2024-04-19T19:02:45.291+0000] {logging_mixin.py:188} INFO - [2024-04-19T19:02:45.290+0000] {dag.py:3096} INFO - Sync 1 DAGs
[2024-04-19T19:02:45.327+0000] {logging_mixin.py:188} INFO - [2024-04-19T19:02:45.326+0000] {dag.py:3954} INFO - Setting next_dagrun for example_branch_operator to 2024-04-18 00:00:00+00:00, run_after=2024-04-19 00:00:00+00:00
[2024-04-19T19:02:45.367+0000] {processor.py:183} INFO - Processing /home/airflow/.local/lib/python3.12/site-packages/airflow/example_dags/example_branch_operator.py took 0.171 seconds
[2024-04-19T19:03:16.488+0000] {processor.py:161} INFO - Started process (PID=897) to work on /home/airflow/.local/lib/python3.12/site-packages/airflow/example_dags/example_branch_operator.py
[2024-04-19T19:03:16.501+0000] {processor.py:830} INFO - Processing file /home/airflow/.local/lib/python3.12/site-packages/airflow/example_dags/example_branch_operator.py for tasks to queue
[2024-04-19T19:03:16.505+0000] {logging_mixin.py:188} INFO - [2024-04-19T19:03:16.504+0000] {dagbag.py:540} INFO - Filling up the DagBag from /home/airflow/.local/lib/python3.12/site-packages/airflow/example_dags/example_branch_operator.py
[2024-04-19T19:03:16.604+0000] {processor.py:840} INFO - DAG(s) 'example_branch_operator' retrieved from /home/airflow/.local/lib/python3.12/site-packages/airflow/example_dags/example_branch_operator.py
[2024-04-19T19:03:16.725+0000] {logging_mixin.py:188} INFO - [2024-04-19T19:03:16.725+0000] {dag.py:3096} INFO - Sync 1 DAGs
[2024-04-19T19:03:16.981+0000] {logging_mixin.py:188} INFO - [2024-04-19T19:03:16.956+0000] {dag.py:3954} INFO - Setting next_dagrun for example_branch_operator to 2024-04-18 00:00:00+00:00, run_after=2024-04-19 00:00:00+00:00
[2024-04-19T19:03:17.444+0000] {processor.py:183} INFO - Processing /home/airflow/.local/lib/python3.12/site-packages/airflow/example_dags/example_branch_operator.py took 0.979 seconds
[2024-04-19T19:03:47.860+0000] {processor.py:161} INFO - Started process (PID=956) to work on /home/airflow/.local/lib/python3.12/site-packages/airflow/example_dags/example_branch_operator.py
[2024-04-19T19:03:47.861+0000] {processor.py:830} INFO - Processing file /home/airflow/.local/lib/python3.12/site-packages/airflow/example_dags/example_branch_operator.py for tasks to queue
[2024-04-19T19:03:47.862+0000] {logging_mixin.py:188} INFO - [2024-04-19T19:03:47.862+0000] {dagbag.py:540} INFO - Filling up the DagBag from /home/airflow/.local/lib/python3.12/site-packages/airflow/example_dags/example_branch_operator.py
[2024-04-19T19:03:47.877+0000] {processor.py:840} INFO - DAG(s) 'example_branch_operator' retrieved from /home/airflow/.local/lib/python3.12/site-packages/airflow/example_dags/example_branch_operator.py
[2024-04-19T19:03:47.903+0000] {logging_mixin.py:188} INFO - [2024-04-19T19:03:47.903+0000] {dag.py:3096} INFO - Sync 1 DAGs
[2024-04-19T19:03:47.925+0000] {logging_mixin.py:188} INFO - [2024-04-19T19:03:47.925+0000] {dag.py:3954} INFO - Setting next_dagrun for example_branch_operator to 2024-04-18 00:00:00+00:00, run_after=2024-04-19 00:00:00+00:00
[2024-04-19T19:03:48.102+0000] {processor.py:183} INFO - Processing /home/airflow/.local/lib/python3.12/site-packages/airflow/example_dags/example_branch_operator.py took 0.247 seconds
[2024-04-19T19:04:18.720+0000] {processor.py:161} INFO - Started process (PID=1016) to work on /home/airflow/.local/lib/python3.12/site-packages/airflow/example_dags/example_branch_operator.py
[2024-04-19T19:04:18.721+0000] {processor.py:830} INFO - Processing file /home/airflow/.local/lib/python3.12/site-packages/airflow/example_dags/example_branch_operator.py for tasks to queue
[2024-04-19T19:04:18.722+0000] {logging_mixin.py:188} INFO - [2024-04-19T19:04:18.722+0000] {dagbag.py:540} INFO - Filling up the DagBag from /home/airflow/.local/lib/python3.12/site-packages/airflow/example_dags/example_branch_operator.py
[2024-04-19T19:04:18.740+0000] {processor.py:840} INFO - DAG(s) 'example_branch_operator' retrieved from /home/airflow/.local/lib/python3.12/site-packages/airflow/example_dags/example_branch_operator.py
[2024-04-19T19:04:18.768+0000] {logging_mixin.py:188} INFO - [2024-04-19T19:04:18.768+0000] {dag.py:3096} INFO - Sync 1 DAGs
[2024-04-19T19:04:18.792+0000] {logging_mixin.py:188} INFO - [2024-04-19T19:04:18.792+0000] {dag.py:3954} INFO - Setting next_dagrun for example_branch_operator to 2024-04-18 00:00:00+00:00, run_after=2024-04-19 00:00:00+00:00
[2024-04-19T19:04:18.816+0000] {processor.py:183} INFO - Processing /home/airflow/.local/lib/python3.12/site-packages/airflow/example_dags/example_branch_operator.py took 0.102 seconds
[2024-04-19T19:04:48.960+0000] {processor.py:161} INFO - Started process (PID=1076) to work on /home/airflow/.local/lib/python3.12/site-packages/airflow/example_dags/example_branch_operator.py
[2024-04-19T19:04:48.961+0000] {processor.py:830} INFO - Processing file /home/airflow/.local/lib/python3.12/site-packages/airflow/example_dags/example_branch_operator.py for tasks to queue
[2024-04-19T19:04:48.962+0000] {logging_mixin.py:188} INFO - [2024-04-19T19:04:48.961+0000] {dagbag.py:540} INFO - Filling up the DagBag from /home/airflow/.local/lib/python3.12/site-packages/airflow/example_dags/example_branch_operator.py
[2024-04-19T19:04:49.000+0000] {processor.py:840} INFO - DAG(s) 'example_branch_operator' retrieved from /home/airflow/.local/lib/python3.12/site-packages/airflow/example_dags/example_branch_operator.py
[2024-04-19T19:04:49.043+0000] {logging_mixin.py:188} INFO - [2024-04-19T19:04:49.043+0000] {dag.py:3096} INFO - Sync 1 DAGs
[2024-04-19T19:04:49.068+0000] {logging_mixin.py:188} INFO - [2024-04-19T19:04:49.068+0000] {dag.py:3954} INFO - Setting next_dagrun for example_branch_operator to 2024-04-18 00:00:00+00:00, run_after=2024-04-19 00:00:00+00:00
[2024-04-19T19:04:49.088+0000] {processor.py:183} INFO - Processing /home/airflow/.local/lib/python3.12/site-packages/airflow/example_dags/example_branch_operator.py took 0.136 seconds
[2024-04-19T19:05:20.064+0000] {processor.py:161} INFO - Started process (PID=1136) to work on /home/airflow/.local/lib/python3.12/site-packages/airflow/example_dags/example_branch_operator.py
[2024-04-19T19:05:20.066+0000] {processor.py:830} INFO - Processing file /home/airflow/.local/lib/python3.12/site-packages/airflow/example_dags/example_branch_operator.py for tasks to queue
[2024-04-19T19:05:20.068+0000] {logging_mixin.py:188} INFO - [2024-04-19T19:05:20.068+0000] {dagbag.py:540} INFO - Filling up the DagBag from /home/airflow/.local/lib/python3.12/site-packages/airflow/example_dags/example_branch_operator.py
[2024-04-19T19:05:20.089+0000] {processor.py:840} INFO - DAG(s) 'example_branch_operator' retrieved from /home/airflow/.local/lib/python3.12/site-packages/airflow/example_dags/example_branch_operator.py
[2024-04-19T19:05:20.123+0000] {logging_mixin.py:188} INFO - [2024-04-19T19:05:20.123+0000] {dag.py:3096} INFO - Sync 1 DAGs
[2024-04-19T19:05:20.150+0000] {logging_mixin.py:188} INFO - [2024-04-19T19:05:20.150+0000] {dag.py:3954} INFO - Setting next_dagrun for example_branch_operator to 2024-04-18 00:00:00+00:00, run_after=2024-04-19 00:00:00+00:00
[2024-04-19T19:05:20.196+0000] {processor.py:183} INFO - Processing /home/airflow/.local/lib/python3.12/site-packages/airflow/example_dags/example_branch_operator.py took 0.146 seconds
[2024-04-19T19:05:50.911+0000] {processor.py:161} INFO - Started process (PID=1196) to work on /home/airflow/.local/lib/python3.12/site-packages/airflow/example_dags/example_branch_operator.py
[2024-04-19T19:05:50.913+0000] {processor.py:830} INFO - Processing file /home/airflow/.local/lib/python3.12/site-packages/airflow/example_dags/example_branch_operator.py for tasks to queue
[2024-04-19T19:05:50.920+0000] {logging_mixin.py:188} INFO - [2024-04-19T19:05:50.914+0000] {dagbag.py:540} INFO - Filling up the DagBag from /home/airflow/.local/lib/python3.12/site-packages/airflow/example_dags/example_branch_operator.py
[2024-04-19T19:05:50.953+0000] {processor.py:840} INFO - DAG(s) 'example_branch_operator' retrieved from /home/airflow/.local/lib/python3.12/site-packages/airflow/example_dags/example_branch_operator.py
[2024-04-19T19:05:51.026+0000] {logging_mixin.py:188} INFO - [2024-04-19T19:05:51.026+0000] {dag.py:3096} INFO - Sync 1 DAGs
[2024-04-19T19:05:51.087+0000] {logging_mixin.py:188} INFO - [2024-04-19T19:05:51.087+0000] {dag.py:3954} INFO - Setting next_dagrun for example_branch_operator to 2024-04-18 00:00:00+00:00, run_after=2024-04-19 00:00:00+00:00
[2024-04-19T19:05:51.150+0000] {processor.py:183} INFO - Processing /home/airflow/.local/lib/python3.12/site-packages/airflow/example_dags/example_branch_operator.py took 0.247 seconds
[2024-04-19T19:06:21.559+0000] {processor.py:161} INFO - Started process (PID=1257) to work on /home/airflow/.local/lib/python3.12/site-packages/airflow/example_dags/example_branch_operator.py
[2024-04-19T19:06:21.560+0000] {processor.py:830} INFO - Processing file /home/airflow/.local/lib/python3.12/site-packages/airflow/example_dags/example_branch_operator.py for tasks to queue
[2024-04-19T19:06:21.561+0000] {logging_mixin.py:188} INFO - [2024-04-19T19:06:21.560+0000] {dagbag.py:540} INFO - Filling up the DagBag from /home/airflow/.local/lib/python3.12/site-packages/airflow/example_dags/example_branch_operator.py
[2024-04-19T19:06:21.576+0000] {processor.py:840} INFO - DAG(s) 'example_branch_operator' retrieved from /home/airflow/.local/lib/python3.12/site-packages/airflow/example_dags/example_branch_operator.py
[2024-04-19T19:06:21.606+0000] {logging_mixin.py:188} INFO - [2024-04-19T19:06:21.605+0000] {dag.py:3096} INFO - Sync 1 DAGs
[2024-04-19T19:06:21.630+0000] {logging_mixin.py:188} INFO - [2024-04-19T19:06:21.629+0000] {dag.py:3954} INFO - Setting next_dagrun for example_branch_operator to 2024-04-18 00:00:00+00:00, run_after=2024-04-19 00:00:00+00:00
[2024-04-19T19:06:22.053+0000] {processor.py:183} INFO - Processing /home/airflow/.local/lib/python3.12/site-packages/airflow/example_dags/example_branch_operator.py took 0.502 seconds
[2024-04-19T19:06:52.802+0000] {processor.py:161} INFO - Started process (PID=1317) to work on /home/airflow/.local/lib/python3.12/site-packages/airflow/example_dags/example_branch_operator.py
[2024-04-19T19:06:52.803+0000] {processor.py:830} INFO - Processing file /home/airflow/.local/lib/python3.12/site-packages/airflow/example_dags/example_branch_operator.py for tasks to queue
[2024-04-19T19:06:52.804+0000] {logging_mixin.py:188} INFO - [2024-04-19T19:06:52.804+0000] {dagbag.py:540} INFO - Filling up the DagBag from /home/airflow/.local/lib/python3.12/site-packages/airflow/example_dags/example_branch_operator.py
[2024-04-19T19:06:52.820+0000] {processor.py:840} INFO - DAG(s) 'example_branch_operator' retrieved from /home/airflow/.local/lib/python3.12/site-packages/airflow/example_dags/example_branch_operator.py
[2024-04-19T19:06:52.852+0000] {logging_mixin.py:188} INFO - [2024-04-19T19:06:52.851+0000] {dag.py:3096} INFO - Sync 1 DAGs
[2024-04-19T19:06:52.878+0000] {logging_mixin.py:188} INFO - [2024-04-19T19:06:52.878+0000] {dag.py:3954} INFO - Setting next_dagrun for example_branch_operator to 2024-04-18 00:00:00+00:00, run_after=2024-04-19 00:00:00+00:00
[2024-04-19T19:06:52.902+0000] {processor.py:183} INFO - Processing /home/airflow/.local/lib/python3.12/site-packages/airflow/example_dags/example_branch_operator.py took 0.106 seconds
[2024-04-19T19:07:23.172+0000] {processor.py:161} INFO - Started process (PID=1378) to work on /home/airflow/.local/lib/python3.12/site-packages/airflow/example_dags/example_branch_operator.py
[2024-04-19T19:07:23.174+0000] {processor.py:830} INFO - Processing file /home/airflow/.local/lib/python3.12/site-packages/airflow/example_dags/example_branch_operator.py for tasks to queue
[2024-04-19T19:07:23.175+0000] {logging_mixin.py:188} INFO - [2024-04-19T19:07:23.175+0000] {dagbag.py:540} INFO - Filling up the DagBag from /home/airflow/.local/lib/python3.12/site-packages/airflow/example_dags/example_branch_operator.py
[2024-04-19T19:07:23.199+0000] {processor.py:840} INFO - DAG(s) 'example_branch_operator' retrieved from /home/airflow/.local/lib/python3.12/site-packages/airflow/example_dags/example_branch_operator.py
[2024-04-19T19:07:23.238+0000] {logging_mixin.py:188} INFO - [2024-04-19T19:07:23.238+0000] {dag.py:3096} INFO - Sync 1 DAGs
[2024-04-19T19:07:23.263+0000] {logging_mixin.py:188} INFO - [2024-04-19T19:07:23.263+0000] {dag.py:3954} INFO - Setting next_dagrun for example_branch_operator to 2024-04-18 00:00:00+00:00, run_after=2024-04-19 00:00:00+00:00
[2024-04-19T19:07:23.282+0000] {processor.py:183} INFO - Processing /home/airflow/.local/lib/python3.12/site-packages/airflow/example_dags/example_branch_operator.py took 0.119 seconds
[2024-04-19T19:07:57.154+0000] {processor.py:161} INFO - Started process (PID=1437) to work on /home/airflow/.local/lib/python3.12/site-packages/airflow/example_dags/example_branch_operator.py
[2024-04-19T19:07:57.225+0000] {processor.py:830} INFO - Processing file /home/airflow/.local/lib/python3.12/site-packages/airflow/example_dags/example_branch_operator.py for tasks to queue
[2024-04-19T19:07:57.302+0000] {logging_mixin.py:188} INFO - [2024-04-19T19:07:57.301+0000] {dagbag.py:540} INFO - Filling up the DagBag from /home/airflow/.local/lib/python3.12/site-packages/airflow/example_dags/example_branch_operator.py
[2024-04-19T19:07:57.470+0000] {processor.py:840} INFO - DAG(s) 'example_branch_operator' retrieved from /home/airflow/.local/lib/python3.12/site-packages/airflow/example_dags/example_branch_operator.py
[2024-04-19T19:07:57.721+0000] {logging_mixin.py:188} INFO - [2024-04-19T19:07:57.720+0000] {dag.py:3096} INFO - Sync 1 DAGs
[2024-04-19T19:07:57.892+0000] {logging_mixin.py:188} INFO - [2024-04-19T19:07:57.891+0000] {dag.py:3954} INFO - Setting next_dagrun for example_branch_operator to 2024-04-18 00:00:00+00:00, run_after=2024-04-19 00:00:00+00:00
[2024-04-19T19:07:58.082+0000] {processor.py:183} INFO - Processing /home/airflow/.local/lib/python3.12/site-packages/airflow/example_dags/example_branch_operator.py took 0.937 seconds
[2024-04-19T19:08:28.701+0000] {processor.py:161} INFO - Started process (PID=1504) to work on /home/airflow/.local/lib/python3.12/site-packages/airflow/example_dags/example_branch_operator.py
[2024-04-19T19:08:28.703+0000] {processor.py:830} INFO - Processing file /home/airflow/.local/lib/python3.12/site-packages/airflow/example_dags/example_branch_operator.py for tasks to queue
[2024-04-19T19:08:28.704+0000] {logging_mixin.py:188} INFO - [2024-04-19T19:08:28.704+0000] {dagbag.py:540} INFO - Filling up the DagBag from /home/airflow/.local/lib/python3.12/site-packages/airflow/example_dags/example_branch_operator.py
[2024-04-19T19:08:28.723+0000] {processor.py:840} INFO - DAG(s) 'example_branch_operator' retrieved from /home/airflow/.local/lib/python3.12/site-packages/airflow/example_dags/example_branch_operator.py
[2024-04-19T19:08:28.758+0000] {logging_mixin.py:188} INFO - [2024-04-19T19:08:28.758+0000] {dag.py:3096} INFO - Sync 1 DAGs
[2024-04-19T19:08:28.787+0000] {logging_mixin.py:188} INFO - [2024-04-19T19:08:28.787+0000] {dag.py:3954} INFO - Setting next_dagrun for example_branch_operator to 2024-04-18 00:00:00+00:00, run_after=2024-04-19 00:00:00+00:00
[2024-04-19T19:08:28.811+0000] {processor.py:183} INFO - Processing /home/airflow/.local/lib/python3.12/site-packages/airflow/example_dags/example_branch_operator.py took 0.118 seconds
[2024-04-19T19:08:59.527+0000] {processor.py:161} INFO - Started process (PID=1564) to work on /home/airflow/.local/lib/python3.12/site-packages/airflow/example_dags/example_branch_operator.py
[2024-04-19T19:08:59.528+0000] {processor.py:830} INFO - Processing file /home/airflow/.local/lib/python3.12/site-packages/airflow/example_dags/example_branch_operator.py for tasks to queue
[2024-04-19T19:08:59.529+0000] {logging_mixin.py:188} INFO - [2024-04-19T19:08:59.529+0000] {dagbag.py:540} INFO - Filling up the DagBag from /home/airflow/.local/lib/python3.12/site-packages/airflow/example_dags/example_branch_operator.py
[2024-04-19T19:08:59.546+0000] {processor.py:840} INFO - DAG(s) 'example_branch_operator' retrieved from /home/airflow/.local/lib/python3.12/site-packages/airflow/example_dags/example_branch_operator.py
[2024-04-19T19:08:59.574+0000] {logging_mixin.py:188} INFO - [2024-04-19T19:08:59.574+0000] {dag.py:3096} INFO - Sync 1 DAGs
[2024-04-19T19:08:59.600+0000] {logging_mixin.py:188} INFO - [2024-04-19T19:08:59.599+0000] {dag.py:3954} INFO - Setting next_dagrun for example_branch_operator to 2024-04-18 00:00:00+00:00, run_after=2024-04-19 00:00:00+00:00
[2024-04-19T19:08:59.621+0000] {processor.py:183} INFO - Processing /home/airflow/.local/lib/python3.12/site-packages/airflow/example_dags/example_branch_operator.py took 0.100 seconds
[2024-04-19T19:09:29.782+0000] {processor.py:161} INFO - Started process (PID=1624) to work on /home/airflow/.local/lib/python3.12/site-packages/airflow/example_dags/example_branch_operator.py
[2024-04-19T19:09:29.785+0000] {processor.py:830} INFO - Processing file /home/airflow/.local/lib/python3.12/site-packages/airflow/example_dags/example_branch_operator.py for tasks to queue
[2024-04-19T19:09:29.786+0000] {logging_mixin.py:188} INFO - [2024-04-19T19:09:29.786+0000] {dagbag.py:540} INFO - Filling up the DagBag from /home/airflow/.local/lib/python3.12/site-packages/airflow/example_dags/example_branch_operator.py
[2024-04-19T19:09:29.822+0000] {processor.py:840} INFO - DAG(s) 'example_branch_operator' retrieved from /home/airflow/.local/lib/python3.12/site-packages/airflow/example_dags/example_branch_operator.py
[2024-04-19T19:09:29.865+0000] {logging_mixin.py:188} INFO - [2024-04-19T19:09:29.865+0000] {dag.py:3096} INFO - Sync 1 DAGs
[2024-04-19T19:09:29.898+0000] {logging_mixin.py:188} INFO - [2024-04-19T19:09:29.897+0000] {dag.py:3954} INFO - Setting next_dagrun for example_branch_operator to 2024-04-18 00:00:00+00:00, run_after=2024-04-19 00:00:00+00:00
[2024-04-19T19:09:29.925+0000] {processor.py:183} INFO - Processing /home/airflow/.local/lib/python3.12/site-packages/airflow/example_dags/example_branch_operator.py took 0.154 seconds
[2024-04-19T19:10:00.051+0000] {processor.py:161} INFO - Started process (PID=1684) to work on /home/airflow/.local/lib/python3.12/site-packages/airflow/example_dags/example_branch_operator.py
[2024-04-19T19:10:00.053+0000] {processor.py:830} INFO - Processing file /home/airflow/.local/lib/python3.12/site-packages/airflow/example_dags/example_branch_operator.py for tasks to queue
[2024-04-19T19:10:00.054+0000] {logging_mixin.py:188} INFO - [2024-04-19T19:10:00.054+0000] {dagbag.py:540} INFO - Filling up the DagBag from /home/airflow/.local/lib/python3.12/site-packages/airflow/example_dags/example_branch_operator.py
[2024-04-19T19:10:00.081+0000] {processor.py:840} INFO - DAG(s) 'example_branch_operator' retrieved from /home/airflow/.local/lib/python3.12/site-packages/airflow/example_dags/example_branch_operator.py
[2024-04-19T19:10:00.123+0000] {logging_mixin.py:188} INFO - [2024-04-19T19:10:00.123+0000] {dag.py:3096} INFO - Sync 1 DAGs
[2024-04-19T19:10:00.157+0000] {logging_mixin.py:188} INFO - [2024-04-19T19:10:00.156+0000] {dag.py:3954} INFO - Setting next_dagrun for example_branch_operator to 2024-04-18 00:00:00+00:00, run_after=2024-04-19 00:00:00+00:00
[2024-04-19T19:10:00.188+0000] {processor.py:183} INFO - Processing /home/airflow/.local/lib/python3.12/site-packages/airflow/example_dags/example_branch_operator.py took 0.144 seconds
[2024-04-19T19:10:30.534+0000] {processor.py:161} INFO - Started process (PID=1744) to work on /home/airflow/.local/lib/python3.12/site-packages/airflow/example_dags/example_branch_operator.py
[2024-04-19T19:10:30.535+0000] {processor.py:830} INFO - Processing file /home/airflow/.local/lib/python3.12/site-packages/airflow/example_dags/example_branch_operator.py for tasks to queue
[2024-04-19T19:10:30.537+0000] {logging_mixin.py:188} INFO - [2024-04-19T19:10:30.536+0000] {dagbag.py:540} INFO - Filling up the DagBag from /home/airflow/.local/lib/python3.12/site-packages/airflow/example_dags/example_branch_operator.py
[2024-04-19T19:10:30.553+0000] {processor.py:840} INFO - DAG(s) 'example_branch_operator' retrieved from /home/airflow/.local/lib/python3.12/site-packages/airflow/example_dags/example_branch_operator.py
[2024-04-19T19:10:30.587+0000] {logging_mixin.py:188} INFO - [2024-04-19T19:10:30.587+0000] {dag.py:3096} INFO - Sync 1 DAGs
[2024-04-19T19:10:30.615+0000] {logging_mixin.py:188} INFO - [2024-04-19T19:10:30.615+0000] {dag.py:3954} INFO - Setting next_dagrun for example_branch_operator to 2024-04-18 00:00:00+00:00, run_after=2024-04-19 00:00:00+00:00
[2024-04-19T19:10:30.648+0000] {processor.py:183} INFO - Processing /home/airflow/.local/lib/python3.12/site-packages/airflow/example_dags/example_branch_operator.py took 0.121 seconds
[2024-04-19T19:11:00.923+0000] {processor.py:161} INFO - Started process (PID=1804) to work on /home/airflow/.local/lib/python3.12/site-packages/airflow/example_dags/example_branch_operator.py
[2024-04-19T19:11:00.929+0000] {processor.py:830} INFO - Processing file /home/airflow/.local/lib/python3.12/site-packages/airflow/example_dags/example_branch_operator.py for tasks to queue
[2024-04-19T19:11:00.931+0000] {logging_mixin.py:188} INFO - [2024-04-19T19:11:00.930+0000] {dagbag.py:540} INFO - Filling up the DagBag from /home/airflow/.local/lib/python3.12/site-packages/airflow/example_dags/example_branch_operator.py
[2024-04-19T19:11:00.989+0000] {processor.py:840} INFO - DAG(s) 'example_branch_operator' retrieved from /home/airflow/.local/lib/python3.12/site-packages/airflow/example_dags/example_branch_operator.py
[2024-04-19T19:11:01.119+0000] {logging_mixin.py:188} INFO - [2024-04-19T19:11:01.119+0000] {dag.py:3096} INFO - Sync 1 DAGs
[2024-04-19T19:11:01.192+0000] {logging_mixin.py:188} INFO - [2024-04-19T19:11:01.191+0000] {dag.py:3954} INFO - Setting next_dagrun for example_branch_operator to 2024-04-18 00:00:00+00:00, run_after=2024-04-19 00:00:00+00:00
[2024-04-19T19:11:01.244+0000] {processor.py:183} INFO - Processing /home/airflow/.local/lib/python3.12/site-packages/airflow/example_dags/example_branch_operator.py took 0.332 seconds
[2024-04-19T19:11:31.373+0000] {processor.py:161} INFO - Started process (PID=1865) to work on /home/airflow/.local/lib/python3.12/site-packages/airflow/example_dags/example_branch_operator.py
[2024-04-19T19:11:31.374+0000] {processor.py:830} INFO - Processing file /home/airflow/.local/lib/python3.12/site-packages/airflow/example_dags/example_branch_operator.py for tasks to queue
[2024-04-19T19:11:31.376+0000] {logging_mixin.py:188} INFO - [2024-04-19T19:11:31.375+0000] {dagbag.py:540} INFO - Filling up the DagBag from /home/airflow/.local/lib/python3.12/site-packages/airflow/example_dags/example_branch_operator.py
[2024-04-19T19:11:31.402+0000] {processor.py:840} INFO - DAG(s) 'example_branch_operator' retrieved from /home/airflow/.local/lib/python3.12/site-packages/airflow/example_dags/example_branch_operator.py
[2024-04-19T19:11:31.441+0000] {logging_mixin.py:188} INFO - [2024-04-19T19:11:31.441+0000] {dag.py:3096} INFO - Sync 1 DAGs
[2024-04-19T19:11:31.472+0000] {logging_mixin.py:188} INFO - [2024-04-19T19:11:31.472+0000] {dag.py:3954} INFO - Setting next_dagrun for example_branch_operator to 2024-04-18 00:00:00+00:00, run_after=2024-04-19 00:00:00+00:00
[2024-04-19T19:11:31.493+0000] {processor.py:183} INFO - Processing /home/airflow/.local/lib/python3.12/site-packages/airflow/example_dags/example_branch_operator.py took 0.128 seconds
[2024-04-19T19:12:01.979+0000] {processor.py:161} INFO - Started process (PID=1925) to work on /home/airflow/.local/lib/python3.12/site-packages/airflow/example_dags/example_branch_operator.py
[2024-04-19T19:12:01.980+0000] {processor.py:830} INFO - Processing file /home/airflow/.local/lib/python3.12/site-packages/airflow/example_dags/example_branch_operator.py for tasks to queue
[2024-04-19T19:12:01.981+0000] {logging_mixin.py:188} INFO - [2024-04-19T19:12:01.981+0000] {dagbag.py:540} INFO - Filling up the DagBag from /home/airflow/.local/lib/python3.12/site-packages/airflow/example_dags/example_branch_operator.py
[2024-04-19T19:12:01.998+0000] {processor.py:840} INFO - DAG(s) 'example_branch_operator' retrieved from /home/airflow/.local/lib/python3.12/site-packages/airflow/example_dags/example_branch_operator.py
[2024-04-19T19:12:02.031+0000] {logging_mixin.py:188} INFO - [2024-04-19T19:12:02.030+0000] {dag.py:3096} INFO - Sync 1 DAGs
[2024-04-19T19:12:02.091+0000] {logging_mixin.py:188} INFO - [2024-04-19T19:12:02.089+0000] {dag.py:3954} INFO - Setting next_dagrun for example_branch_operator to 2024-04-18 00:00:00+00:00, run_after=2024-04-19 00:00:00+00:00
[2024-04-19T19:12:02.136+0000] {processor.py:183} INFO - Processing /home/airflow/.local/lib/python3.12/site-packages/airflow/example_dags/example_branch_operator.py took 0.166 seconds
[2024-04-19T19:12:33.010+0000] {processor.py:161} INFO - Started process (PID=1985) to work on /home/airflow/.local/lib/python3.12/site-packages/airflow/example_dags/example_branch_operator.py
[2024-04-19T19:12:33.012+0000] {processor.py:830} INFO - Processing file /home/airflow/.local/lib/python3.12/site-packages/airflow/example_dags/example_branch_operator.py for tasks to queue
[2024-04-19T19:12:33.014+0000] {logging_mixin.py:188} INFO - [2024-04-19T19:12:33.013+0000] {dagbag.py:540} INFO - Filling up the DagBag from /home/airflow/.local/lib/python3.12/site-packages/airflow/example_dags/example_branch_operator.py
[2024-04-19T19:12:33.039+0000] {processor.py:840} INFO - DAG(s) 'example_branch_operator' retrieved from /home/airflow/.local/lib/python3.12/site-packages/airflow/example_dags/example_branch_operator.py
[2024-04-19T19:12:33.072+0000] {logging_mixin.py:188} INFO - [2024-04-19T19:12:33.072+0000] {dag.py:3096} INFO - Sync 1 DAGs
[2024-04-19T19:12:33.098+0000] {logging_mixin.py:188} INFO - [2024-04-19T19:12:33.098+0000] {dag.py:3954} INFO - Setting next_dagrun for example_branch_operator to 2024-04-18 00:00:00+00:00, run_after=2024-04-19 00:00:00+00:00
[2024-04-19T19:12:33.121+0000] {processor.py:183} INFO - Processing /home/airflow/.local/lib/python3.12/site-packages/airflow/example_dags/example_branch_operator.py took 0.124 seconds
[2024-04-19T19:13:04.602+0000] {processor.py:161} INFO - Started process (PID=2045) to work on /home/airflow/.local/lib/python3.12/site-packages/airflow/example_dags/example_branch_operator.py
[2024-04-19T19:13:04.615+0000] {processor.py:830} INFO - Processing file /home/airflow/.local/lib/python3.12/site-packages/airflow/example_dags/example_branch_operator.py for tasks to queue
[2024-04-19T19:13:04.638+0000] {logging_mixin.py:188} INFO - [2024-04-19T19:13:04.638+0000] {dagbag.py:540} INFO - Filling up the DagBag from /home/airflow/.local/lib/python3.12/site-packages/airflow/example_dags/example_branch_operator.py
[2024-04-19T19:13:04.703+0000] {processor.py:840} INFO - DAG(s) 'example_branch_operator' retrieved from /home/airflow/.local/lib/python3.12/site-packages/airflow/example_dags/example_branch_operator.py
[2024-04-19T19:13:04.828+0000] {logging_mixin.py:188} INFO - [2024-04-19T19:13:04.828+0000] {dag.py:3096} INFO - Sync 1 DAGs
[2024-04-19T19:13:04.920+0000] {logging_mixin.py:188} INFO - [2024-04-19T19:13:04.920+0000] {dag.py:3954} INFO - Setting next_dagrun for example_branch_operator to 2024-04-18 00:00:00+00:00, run_after=2024-04-19 00:00:00+00:00
[2024-04-19T19:13:05.126+0000] {processor.py:183} INFO - Processing /home/airflow/.local/lib/python3.12/site-packages/airflow/example_dags/example_branch_operator.py took 0.558 seconds
[2024-04-19T19:13:35.828+0000] {processor.py:161} INFO - Started process (PID=2105) to work on /home/airflow/.local/lib/python3.12/site-packages/airflow/example_dags/example_branch_operator.py
[2024-04-19T19:13:35.833+0000] {processor.py:830} INFO - Processing file /home/airflow/.local/lib/python3.12/site-packages/airflow/example_dags/example_branch_operator.py for tasks to queue
[2024-04-19T19:13:35.835+0000] {logging_mixin.py:188} INFO - [2024-04-19T19:13:35.834+0000] {dagbag.py:540} INFO - Filling up the DagBag from /home/airflow/.local/lib/python3.12/site-packages/airflow/example_dags/example_branch_operator.py
[2024-04-19T19:13:35.862+0000] {processor.py:840} INFO - DAG(s) 'example_branch_operator' retrieved from /home/airflow/.local/lib/python3.12/site-packages/airflow/example_dags/example_branch_operator.py
[2024-04-19T19:13:35.928+0000] {logging_mixin.py:188} INFO - [2024-04-19T19:13:35.928+0000] {dag.py:3096} INFO - Sync 1 DAGs
[2024-04-19T19:13:35.962+0000] {logging_mixin.py:188} INFO - [2024-04-19T19:13:35.962+0000] {dag.py:3954} INFO - Setting next_dagrun for example_branch_operator to 2024-04-18 00:00:00+00:00, run_after=2024-04-19 00:00:00+00:00
[2024-04-19T19:13:35.989+0000] {processor.py:183} INFO - Processing /home/airflow/.local/lib/python3.12/site-packages/airflow/example_dags/example_branch_operator.py took 0.170 seconds
[2024-04-19T19:14:06.602+0000] {processor.py:161} INFO - Started process (PID=2166) to work on /home/airflow/.local/lib/python3.12/site-packages/airflow/example_dags/example_branch_operator.py
[2024-04-19T19:14:06.604+0000] {processor.py:830} INFO - Processing file /home/airflow/.local/lib/python3.12/site-packages/airflow/example_dags/example_branch_operator.py for tasks to queue
[2024-04-19T19:14:06.604+0000] {logging_mixin.py:188} INFO - [2024-04-19T19:14:06.604+0000] {dagbag.py:540} INFO - Filling up the DagBag from /home/airflow/.local/lib/python3.12/site-packages/airflow/example_dags/example_branch_operator.py
[2024-04-19T19:14:06.620+0000] {processor.py:840} INFO - DAG(s) 'example_branch_operator' retrieved from /home/airflow/.local/lib/python3.12/site-packages/airflow/example_dags/example_branch_operator.py
[2024-04-19T19:14:06.649+0000] {logging_mixin.py:188} INFO - [2024-04-19T19:14:06.649+0000] {dag.py:3096} INFO - Sync 1 DAGs
[2024-04-19T19:14:06.675+0000] {logging_mixin.py:188} INFO - [2024-04-19T19:14:06.675+0000] {dag.py:3954} INFO - Setting next_dagrun for example_branch_operator to 2024-04-18 00:00:00+00:00, run_after=2024-04-19 00:00:00+00:00
[2024-04-19T19:14:06.696+0000] {processor.py:183} INFO - Processing /home/airflow/.local/lib/python3.12/site-packages/airflow/example_dags/example_branch_operator.py took 0.101 seconds
[2024-04-19T19:14:36.761+0000] {processor.py:161} INFO - Started process (PID=2226) to work on /home/airflow/.local/lib/python3.12/site-packages/airflow/example_dags/example_branch_operator.py
[2024-04-19T19:14:36.763+0000] {processor.py:830} INFO - Processing file /home/airflow/.local/lib/python3.12/site-packages/airflow/example_dags/example_branch_operator.py for tasks to queue
[2024-04-19T19:14:36.764+0000] {logging_mixin.py:188} INFO - [2024-04-19T19:14:36.764+0000] {dagbag.py:540} INFO - Filling up the DagBag from /home/airflow/.local/lib/python3.12/site-packages/airflow/example_dags/example_branch_operator.py
[2024-04-19T19:14:36.798+0000] {processor.py:840} INFO - DAG(s) 'example_branch_operator' retrieved from /home/airflow/.local/lib/python3.12/site-packages/airflow/example_dags/example_branch_operator.py
[2024-04-19T19:14:36.850+0000] {logging_mixin.py:188} INFO - [2024-04-19T19:14:36.848+0000] {dag.py:3096} INFO - Sync 1 DAGs
[2024-04-19T19:14:36.897+0000] {logging_mixin.py:188} INFO - [2024-04-19T19:14:36.897+0000] {dag.py:3954} INFO - Setting next_dagrun for example_branch_operator to 2024-04-18 00:00:00+00:00, run_after=2024-04-19 00:00:00+00:00
[2024-04-19T19:14:36.930+0000] {processor.py:183} INFO - Processing /home/airflow/.local/lib/python3.12/site-packages/airflow/example_dags/example_branch_operator.py took 0.177 seconds
[2024-04-19T19:15:07.689+0000] {processor.py:161} INFO - Started process (PID=2286) to work on /home/airflow/.local/lib/python3.12/site-packages/airflow/example_dags/example_branch_operator.py
[2024-04-19T19:15:07.690+0000] {processor.py:830} INFO - Processing file /home/airflow/.local/lib/python3.12/site-packages/airflow/example_dags/example_branch_operator.py for tasks to queue
[2024-04-19T19:15:07.692+0000] {logging_mixin.py:188} INFO - [2024-04-19T19:15:07.691+0000] {dagbag.py:540} INFO - Filling up the DagBag from /home/airflow/.local/lib/python3.12/site-packages/airflow/example_dags/example_branch_operator.py
[2024-04-19T19:15:07.710+0000] {processor.py:840} INFO - DAG(s) 'example_branch_operator' retrieved from /home/airflow/.local/lib/python3.12/site-packages/airflow/example_dags/example_branch_operator.py
[2024-04-19T19:15:07.742+0000] {logging_mixin.py:188} INFO - [2024-04-19T19:15:07.742+0000] {dag.py:3096} INFO - Sync 1 DAGs
[2024-04-19T19:15:07.772+0000] {logging_mixin.py:188} INFO - [2024-04-19T19:15:07.771+0000] {dag.py:3954} INFO - Setting next_dagrun for example_branch_operator to 2024-04-18 00:00:00+00:00, run_after=2024-04-19 00:00:00+00:00
[2024-04-19T19:15:07.795+0000] {processor.py:183} INFO - Processing /home/airflow/.local/lib/python3.12/site-packages/airflow/example_dags/example_branch_operator.py took 0.114 seconds
[2024-04-19T19:15:38.637+0000] {processor.py:161} INFO - Started process (PID=2346) to work on /home/airflow/.local/lib/python3.12/site-packages/airflow/example_dags/example_branch_operator.py
[2024-04-19T19:15:38.655+0000] {processor.py:830} INFO - Processing file /home/airflow/.local/lib/python3.12/site-packages/airflow/example_dags/example_branch_operator.py for tasks to queue
[2024-04-19T19:15:38.660+0000] {logging_mixin.py:188} INFO - [2024-04-19T19:15:38.659+0000] {dagbag.py:540} INFO - Filling up the DagBag from /home/airflow/.local/lib/python3.12/site-packages/airflow/example_dags/example_branch_operator.py
[2024-04-19T19:15:38.724+0000] {processor.py:840} INFO - DAG(s) 'example_branch_operator' retrieved from /home/airflow/.local/lib/python3.12/site-packages/airflow/example_dags/example_branch_operator.py
[2024-04-19T19:15:38.843+0000] {logging_mixin.py:188} INFO - [2024-04-19T19:15:38.842+0000] {dag.py:3096} INFO - Sync 1 DAGs
[2024-04-19T19:15:38.924+0000] {logging_mixin.py:188} INFO - [2024-04-19T19:15:38.923+0000] {dag.py:3954} INFO - Setting next_dagrun for example_branch_operator to 2024-04-18 00:00:00+00:00, run_after=2024-04-19 00:00:00+00:00
[2024-04-19T19:15:39.021+0000] {processor.py:183} INFO - Processing /home/airflow/.local/lib/python3.12/site-packages/airflow/example_dags/example_branch_operator.py took 0.395 seconds
[2024-04-19T19:16:09.389+0000] {processor.py:161} INFO - Started process (PID=2406) to work on /home/airflow/.local/lib/python3.12/site-packages/airflow/example_dags/example_branch_operator.py
[2024-04-19T19:16:09.391+0000] {processor.py:830} INFO - Processing file /home/airflow/.local/lib/python3.12/site-packages/airflow/example_dags/example_branch_operator.py for tasks to queue
[2024-04-19T19:16:09.392+0000] {logging_mixin.py:188} INFO - [2024-04-19T19:16:09.391+0000] {dagbag.py:540} INFO - Filling up the DagBag from /home/airflow/.local/lib/python3.12/site-packages/airflow/example_dags/example_branch_operator.py
[2024-04-19T19:16:09.411+0000] {processor.py:840} INFO - DAG(s) 'example_branch_operator' retrieved from /home/airflow/.local/lib/python3.12/site-packages/airflow/example_dags/example_branch_operator.py
[2024-04-19T19:16:09.449+0000] {logging_mixin.py:188} INFO - [2024-04-19T19:16:09.449+0000] {dag.py:3096} INFO - Sync 1 DAGs
[2024-04-19T19:16:09.478+0000] {logging_mixin.py:188} INFO - [2024-04-19T19:16:09.477+0000] {dag.py:3954} INFO - Setting next_dagrun for example_branch_operator to 2024-04-18 00:00:00+00:00, run_after=2024-04-19 00:00:00+00:00
[2024-04-19T19:16:09.509+0000] {processor.py:183} INFO - Processing /home/airflow/.local/lib/python3.12/site-packages/airflow/example_dags/example_branch_operator.py took 0.127 seconds
[2024-04-19T19:16:39.685+0000] {processor.py:161} INFO - Started process (PID=2466) to work on /home/airflow/.local/lib/python3.12/site-packages/airflow/example_dags/example_branch_operator.py
[2024-04-19T19:16:39.687+0000] {processor.py:830} INFO - Processing file /home/airflow/.local/lib/python3.12/site-packages/airflow/example_dags/example_branch_operator.py for tasks to queue
[2024-04-19T19:16:39.688+0000] {logging_mixin.py:188} INFO - [2024-04-19T19:16:39.687+0000] {dagbag.py:540} INFO - Filling up the DagBag from /home/airflow/.local/lib/python3.12/site-packages/airflow/example_dags/example_branch_operator.py
[2024-04-19T19:16:39.705+0000] {processor.py:840} INFO - DAG(s) 'example_branch_operator' retrieved from /home/airflow/.local/lib/python3.12/site-packages/airflow/example_dags/example_branch_operator.py
[2024-04-19T19:16:39.734+0000] {logging_mixin.py:188} INFO - [2024-04-19T19:16:39.734+0000] {dag.py:3096} INFO - Sync 1 DAGs
[2024-04-19T19:16:39.761+0000] {logging_mixin.py:188} INFO - [2024-04-19T19:16:39.761+0000] {dag.py:3954} INFO - Setting next_dagrun for example_branch_operator to 2024-04-18 00:00:00+00:00, run_after=2024-04-19 00:00:00+00:00
[2024-04-19T19:16:39.784+0000] {processor.py:183} INFO - Processing /home/airflow/.local/lib/python3.12/site-packages/airflow/example_dags/example_branch_operator.py took 0.104 seconds
