[2024-04-19T18:32:48.263+0000] {processor.py:161} INFO - Started process (PID=36) to work on /home/airflow/.local/lib/python3.12/site-packages/airflow/example_dags/example_sla_dag.py
[2024-04-19T18:32:48.285+0000] {processor.py:830} INFO - Processing file /home/airflow/.local/lib/python3.12/site-packages/airflow/example_dags/example_sla_dag.py for tasks to queue
[2024-04-19T18:32:48.314+0000] {logging_mixin.py:188} INFO - [2024-04-19T18:32:48.312+0000] {dagbag.py:540} INFO - Filling up the DagBag from /home/airflow/.local/lib/python3.12/site-packages/airflow/example_dags/example_sla_dag.py
[2024-04-19T18:32:48.727+0000] {processor.py:840} INFO - DAG(s) 'example_sla_dag' retrieved from /home/airflow/.local/lib/python3.12/site-packages/airflow/example_dags/example_sla_dag.py
[2024-04-19T18:32:49.590+0000] {logging_mixin.py:188} INFO - [2024-04-19T18:32:49.590+0000] {dag.py:3096} INFO - Sync 1 DAGs
[2024-04-19T18:32:49.931+0000] {logging_mixin.py:188} INFO - [2024-04-19T18:32:49.931+0000] {dag.py:3954} INFO - Setting next_dagrun for example_sla_dag to 2024-04-19 18:30:00+00:00, run_after=2024-04-19 18:32:00+00:00
[2024-04-19T18:32:50.115+0000] {processor.py:183} INFO - Processing /home/airflow/.local/lib/python3.12/site-packages/airflow/example_dags/example_sla_dag.py took 1.965 seconds
[2024-04-19T18:33:26.851+0000] {processor.py:161} INFO - Started process (PID=95) to work on /home/airflow/.local/lib/python3.12/site-packages/airflow/example_dags/example_sla_dag.py
[2024-04-19T18:33:26.853+0000] {processor.py:830} INFO - Processing file /home/airflow/.local/lib/python3.12/site-packages/airflow/example_dags/example_sla_dag.py for tasks to queue
[2024-04-19T18:33:26.863+0000] {logging_mixin.py:188} INFO - [2024-04-19T18:33:26.861+0000] {dagbag.py:540} INFO - Filling up the DagBag from /home/airflow/.local/lib/python3.12/site-packages/airflow/example_dags/example_sla_dag.py
[2024-04-19T18:33:26.899+0000] {processor.py:840} INFO - DAG(s) 'example_sla_dag' retrieved from /home/airflow/.local/lib/python3.12/site-packages/airflow/example_dags/example_sla_dag.py
[2024-04-19T18:33:27.020+0000] {logging_mixin.py:188} INFO - [2024-04-19T18:33:27.020+0000] {dag.py:3096} INFO - Sync 1 DAGs
[2024-04-19T18:33:27.103+0000] {logging_mixin.py:188} INFO - [2024-04-19T18:33:27.103+0000] {dag.py:3954} INFO - Setting next_dagrun for example_sla_dag to 2024-04-19 18:30:00+00:00, run_after=2024-04-19 18:32:00+00:00
[2024-04-19T18:33:27.161+0000] {processor.py:183} INFO - Processing /home/airflow/.local/lib/python3.12/site-packages/airflow/example_dags/example_sla_dag.py took 0.321 seconds
[2024-04-19T18:33:57.301+0000] {processor.py:161} INFO - Started process (PID=151) to work on /home/airflow/.local/lib/python3.12/site-packages/airflow/example_dags/example_sla_dag.py
[2024-04-19T18:33:57.303+0000] {processor.py:830} INFO - Processing file /home/airflow/.local/lib/python3.12/site-packages/airflow/example_dags/example_sla_dag.py for tasks to queue
[2024-04-19T18:33:57.307+0000] {logging_mixin.py:188} INFO - [2024-04-19T18:33:57.305+0000] {dagbag.py:540} INFO - Filling up the DagBag from /home/airflow/.local/lib/python3.12/site-packages/airflow/example_dags/example_sla_dag.py
[2024-04-19T18:33:57.320+0000] {processor.py:840} INFO - DAG(s) 'example_sla_dag' retrieved from /home/airflow/.local/lib/python3.12/site-packages/airflow/example_dags/example_sla_dag.py
[2024-04-19T18:33:57.342+0000] {logging_mixin.py:188} INFO - [2024-04-19T18:33:57.342+0000] {dag.py:3096} INFO - Sync 1 DAGs
[2024-04-19T18:33:57.369+0000] {logging_mixin.py:188} INFO - [2024-04-19T18:33:57.368+0000] {dag.py:3954} INFO - Setting next_dagrun for example_sla_dag to 2024-04-19 18:30:00+00:00, run_after=2024-04-19 18:32:00+00:00
[2024-04-19T18:33:57.388+0000] {processor.py:183} INFO - Processing /home/airflow/.local/lib/python3.12/site-packages/airflow/example_dags/example_sla_dag.py took 0.093 seconds
[2024-04-19T18:34:27.970+0000] {processor.py:161} INFO - Started process (PID=209) to work on /home/airflow/.local/lib/python3.12/site-packages/airflow/example_dags/example_sla_dag.py
[2024-04-19T18:34:27.971+0000] {processor.py:830} INFO - Processing file /home/airflow/.local/lib/python3.12/site-packages/airflow/example_dags/example_sla_dag.py for tasks to queue
[2024-04-19T18:34:27.978+0000] {logging_mixin.py:188} INFO - [2024-04-19T18:34:27.977+0000] {dagbag.py:540} INFO - Filling up the DagBag from /home/airflow/.local/lib/python3.12/site-packages/airflow/example_dags/example_sla_dag.py
[2024-04-19T18:34:27.992+0000] {processor.py:840} INFO - DAG(s) 'example_sla_dag' retrieved from /home/airflow/.local/lib/python3.12/site-packages/airflow/example_dags/example_sla_dag.py
[2024-04-19T18:34:28.019+0000] {logging_mixin.py:188} INFO - [2024-04-19T18:34:28.019+0000] {dag.py:3096} INFO - Sync 1 DAGs
[2024-04-19T18:34:28.053+0000] {logging_mixin.py:188} INFO - [2024-04-19T18:34:28.053+0000] {dag.py:3954} INFO - Setting next_dagrun for example_sla_dag to 2024-04-19 18:32:00+00:00, run_after=2024-04-19 18:34:00+00:00
[2024-04-19T18:34:28.082+0000] {processor.py:183} INFO - Processing /home/airflow/.local/lib/python3.12/site-packages/airflow/example_dags/example_sla_dag.py took 0.119 seconds
[2024-04-19T18:34:58.347+0000] {processor.py:161} INFO - Started process (PID=267) to work on /home/airflow/.local/lib/python3.12/site-packages/airflow/example_dags/example_sla_dag.py
[2024-04-19T18:34:58.348+0000] {processor.py:830} INFO - Processing file /home/airflow/.local/lib/python3.12/site-packages/airflow/example_dags/example_sla_dag.py for tasks to queue
[2024-04-19T18:34:58.350+0000] {logging_mixin.py:188} INFO - [2024-04-19T18:34:58.350+0000] {dagbag.py:540} INFO - Filling up the DagBag from /home/airflow/.local/lib/python3.12/site-packages/airflow/example_dags/example_sla_dag.py
[2024-04-19T18:34:58.364+0000] {processor.py:840} INFO - DAG(s) 'example_sla_dag' retrieved from /home/airflow/.local/lib/python3.12/site-packages/airflow/example_dags/example_sla_dag.py
[2024-04-19T18:34:58.388+0000] {logging_mixin.py:188} INFO - [2024-04-19T18:34:58.387+0000] {dag.py:3096} INFO - Sync 1 DAGs
[2024-04-19T18:34:58.417+0000] {logging_mixin.py:188} INFO - [2024-04-19T18:34:58.417+0000] {dag.py:3954} INFO - Setting next_dagrun for example_sla_dag to 2024-04-19 18:32:00+00:00, run_after=2024-04-19 18:34:00+00:00
[2024-04-19T18:34:58.445+0000] {processor.py:183} INFO - Processing /home/airflow/.local/lib/python3.12/site-packages/airflow/example_dags/example_sla_dag.py took 0.104 seconds
[2024-04-19T18:35:28.683+0000] {processor.py:161} INFO - Started process (PID=325) to work on /home/airflow/.local/lib/python3.12/site-packages/airflow/example_dags/example_sla_dag.py
[2024-04-19T18:35:28.685+0000] {processor.py:830} INFO - Processing file /home/airflow/.local/lib/python3.12/site-packages/airflow/example_dags/example_sla_dag.py for tasks to queue
[2024-04-19T18:35:28.696+0000] {logging_mixin.py:188} INFO - [2024-04-19T18:35:28.687+0000] {dagbag.py:540} INFO - Filling up the DagBag from /home/airflow/.local/lib/python3.12/site-packages/airflow/example_dags/example_sla_dag.py
[2024-04-19T18:35:28.712+0000] {processor.py:840} INFO - DAG(s) 'example_sla_dag' retrieved from /home/airflow/.local/lib/python3.12/site-packages/airflow/example_dags/example_sla_dag.py
[2024-04-19T18:35:28.751+0000] {logging_mixin.py:188} INFO - [2024-04-19T18:35:28.751+0000] {dag.py:3096} INFO - Sync 1 DAGs
[2024-04-19T18:35:28.789+0000] {logging_mixin.py:188} INFO - [2024-04-19T18:35:28.789+0000] {dag.py:3954} INFO - Setting next_dagrun for example_sla_dag to 2024-04-19 18:32:00+00:00, run_after=2024-04-19 18:34:00+00:00
[2024-04-19T18:35:28.820+0000] {processor.py:183} INFO - Processing /home/airflow/.local/lib/python3.12/site-packages/airflow/example_dags/example_sla_dag.py took 0.148 seconds
[2024-04-19T18:35:58.877+0000] {processor.py:161} INFO - Started process (PID=383) to work on /home/airflow/.local/lib/python3.12/site-packages/airflow/example_dags/example_sla_dag.py
[2024-04-19T18:35:58.878+0000] {processor.py:830} INFO - Processing file /home/airflow/.local/lib/python3.12/site-packages/airflow/example_dags/example_sla_dag.py for tasks to queue
[2024-04-19T18:35:58.880+0000] {logging_mixin.py:188} INFO - [2024-04-19T18:35:58.880+0000] {dagbag.py:540} INFO - Filling up the DagBag from /home/airflow/.local/lib/python3.12/site-packages/airflow/example_dags/example_sla_dag.py
[2024-04-19T18:35:58.889+0000] {processor.py:840} INFO - DAG(s) 'example_sla_dag' retrieved from /home/airflow/.local/lib/python3.12/site-packages/airflow/example_dags/example_sla_dag.py
[2024-04-19T18:35:58.910+0000] {logging_mixin.py:188} INFO - [2024-04-19T18:35:58.909+0000] {dag.py:3096} INFO - Sync 1 DAGs
[2024-04-19T18:35:58.942+0000] {logging_mixin.py:188} INFO - [2024-04-19T18:35:58.942+0000] {dag.py:3954} INFO - Setting next_dagrun for example_sla_dag to 2024-04-19 18:32:00+00:00, run_after=2024-04-19 18:34:00+00:00
[2024-04-19T18:35:58.968+0000] {processor.py:183} INFO - Processing /home/airflow/.local/lib/python3.12/site-packages/airflow/example_dags/example_sla_dag.py took 0.098 seconds
[2024-04-19T18:36:29.035+0000] {processor.py:161} INFO - Started process (PID=441) to work on /home/airflow/.local/lib/python3.12/site-packages/airflow/example_dags/example_sla_dag.py
[2024-04-19T18:36:29.036+0000] {processor.py:830} INFO - Processing file /home/airflow/.local/lib/python3.12/site-packages/airflow/example_dags/example_sla_dag.py for tasks to queue
[2024-04-19T18:36:29.038+0000] {logging_mixin.py:188} INFO - [2024-04-19T18:36:29.038+0000] {dagbag.py:540} INFO - Filling up the DagBag from /home/airflow/.local/lib/python3.12/site-packages/airflow/example_dags/example_sla_dag.py
[2024-04-19T18:36:29.048+0000] {processor.py:840} INFO - DAG(s) 'example_sla_dag' retrieved from /home/airflow/.local/lib/python3.12/site-packages/airflow/example_dags/example_sla_dag.py
[2024-04-19T18:36:29.060+0000] {logging_mixin.py:188} INFO - [2024-04-19T18:36:29.060+0000] {dag.py:3096} INFO - Sync 1 DAGs
[2024-04-19T18:36:29.088+0000] {logging_mixin.py:188} INFO - [2024-04-19T18:36:29.088+0000] {dag.py:3954} INFO - Setting next_dagrun for example_sla_dag to 2024-04-19 18:34:00+00:00, run_after=2024-04-19 18:36:00+00:00
[2024-04-19T18:36:29.108+0000] {processor.py:183} INFO - Processing /home/airflow/.local/lib/python3.12/site-packages/airflow/example_dags/example_sla_dag.py took 0.080 seconds
[2024-04-19T18:37:00.336+0000] {processor.py:161} INFO - Started process (PID=499) to work on /home/airflow/.local/lib/python3.12/site-packages/airflow/example_dags/example_sla_dag.py
[2024-04-19T18:37:00.338+0000] {processor.py:830} INFO - Processing file /home/airflow/.local/lib/python3.12/site-packages/airflow/example_dags/example_sla_dag.py for tasks to queue
[2024-04-19T18:37:00.340+0000] {logging_mixin.py:188} INFO - [2024-04-19T18:37:00.340+0000] {dagbag.py:540} INFO - Filling up the DagBag from /home/airflow/.local/lib/python3.12/site-packages/airflow/example_dags/example_sla_dag.py
[2024-04-19T18:37:00.352+0000] {processor.py:840} INFO - DAG(s) 'example_sla_dag' retrieved from /home/airflow/.local/lib/python3.12/site-packages/airflow/example_dags/example_sla_dag.py
[2024-04-19T18:37:00.694+0000] {logging_mixin.py:188} INFO - [2024-04-19T18:37:00.694+0000] {dag.py:3096} INFO - Sync 1 DAGs
[2024-04-19T18:37:00.724+0000] {logging_mixin.py:188} INFO - [2024-04-19T18:37:00.724+0000] {dag.py:3954} INFO - Setting next_dagrun for example_sla_dag to 2024-04-19 18:34:00+00:00, run_after=2024-04-19 18:36:00+00:00
[2024-04-19T18:37:00.747+0000] {processor.py:183} INFO - Processing /home/airflow/.local/lib/python3.12/site-packages/airflow/example_dags/example_sla_dag.py took 0.418 seconds
[2024-04-19T18:37:30.974+0000] {processor.py:161} INFO - Started process (PID=557) to work on /home/airflow/.local/lib/python3.12/site-packages/airflow/example_dags/example_sla_dag.py
[2024-04-19T18:37:30.975+0000] {processor.py:830} INFO - Processing file /home/airflow/.local/lib/python3.12/site-packages/airflow/example_dags/example_sla_dag.py for tasks to queue
[2024-04-19T18:37:30.978+0000] {logging_mixin.py:188} INFO - [2024-04-19T18:37:30.977+0000] {dagbag.py:540} INFO - Filling up the DagBag from /home/airflow/.local/lib/python3.12/site-packages/airflow/example_dags/example_sla_dag.py
[2024-04-19T18:37:30.987+0000] {processor.py:840} INFO - DAG(s) 'example_sla_dag' retrieved from /home/airflow/.local/lib/python3.12/site-packages/airflow/example_dags/example_sla_dag.py
[2024-04-19T18:37:31.009+0000] {logging_mixin.py:188} INFO - [2024-04-19T18:37:31.009+0000] {dag.py:3096} INFO - Sync 1 DAGs
[2024-04-19T18:37:31.033+0000] {logging_mixin.py:188} INFO - [2024-04-19T18:37:31.033+0000] {dag.py:3954} INFO - Setting next_dagrun for example_sla_dag to 2024-04-19 18:34:00+00:00, run_after=2024-04-19 18:36:00+00:00
[2024-04-19T18:37:31.053+0000] {processor.py:183} INFO - Processing /home/airflow/.local/lib/python3.12/site-packages/airflow/example_dags/example_sla_dag.py took 0.085 seconds
[2024-04-19T18:38:02.116+0000] {processor.py:161} INFO - Started process (PID=618) to work on /home/airflow/.local/lib/python3.12/site-packages/airflow/example_dags/example_sla_dag.py
[2024-04-19T18:38:02.117+0000] {processor.py:830} INFO - Processing file /home/airflow/.local/lib/python3.12/site-packages/airflow/example_dags/example_sla_dag.py for tasks to queue
[2024-04-19T18:38:02.125+0000] {logging_mixin.py:188} INFO - [2024-04-19T18:38:02.124+0000] {dagbag.py:540} INFO - Filling up the DagBag from /home/airflow/.local/lib/python3.12/site-packages/airflow/example_dags/example_sla_dag.py
[2024-04-19T18:38:02.153+0000] {processor.py:840} INFO - DAG(s) 'example_sla_dag' retrieved from /home/airflow/.local/lib/python3.12/site-packages/airflow/example_dags/example_sla_dag.py
[2024-04-19T18:38:02.203+0000] {logging_mixin.py:188} INFO - [2024-04-19T18:38:02.202+0000] {dag.py:3096} INFO - Sync 1 DAGs
[2024-04-19T18:38:02.259+0000] {logging_mixin.py:188} INFO - [2024-04-19T18:38:02.259+0000] {dag.py:3954} INFO - Setting next_dagrun for example_sla_dag to 2024-04-19 18:36:00+00:00, run_after=2024-04-19 18:38:00+00:00
[2024-04-19T18:38:02.374+0000] {processor.py:183} INFO - Processing /home/airflow/.local/lib/python3.12/site-packages/airflow/example_dags/example_sla_dag.py took 0.277 seconds
[2024-04-19T18:38:34.356+0000] {processor.py:161} INFO - Started process (PID=677) to work on /home/airflow/.local/lib/python3.12/site-packages/airflow/example_dags/example_sla_dag.py
[2024-04-19T18:38:34.362+0000] {processor.py:830} INFO - Processing file /home/airflow/.local/lib/python3.12/site-packages/airflow/example_dags/example_sla_dag.py for tasks to queue
[2024-04-19T18:38:34.368+0000] {logging_mixin.py:188} INFO - [2024-04-19T18:38:34.367+0000] {dagbag.py:540} INFO - Filling up the DagBag from /home/airflow/.local/lib/python3.12/site-packages/airflow/example_dags/example_sla_dag.py
[2024-04-19T18:38:34.389+0000] {processor.py:840} INFO - DAG(s) 'example_sla_dag' retrieved from /home/airflow/.local/lib/python3.12/site-packages/airflow/example_dags/example_sla_dag.py
[2024-04-19T18:38:34.431+0000] {logging_mixin.py:188} INFO - [2024-04-19T18:38:34.431+0000] {dag.py:3096} INFO - Sync 1 DAGs
[2024-04-19T18:38:34.498+0000] {logging_mixin.py:188} INFO - [2024-04-19T18:38:34.498+0000] {dag.py:3954} INFO - Setting next_dagrun for example_sla_dag to 2024-04-19 18:36:00+00:00, run_after=2024-04-19 18:38:00+00:00
[2024-04-19T18:38:34.548+0000] {processor.py:183} INFO - Processing /home/airflow/.local/lib/python3.12/site-packages/airflow/example_dags/example_sla_dag.py took 0.211 seconds
[2024-04-19T18:39:05.652+0000] {processor.py:161} INFO - Started process (PID=737) to work on /home/airflow/.local/lib/python3.12/site-packages/airflow/example_dags/example_sla_dag.py
[2024-04-19T18:39:05.653+0000] {processor.py:830} INFO - Processing file /home/airflow/.local/lib/python3.12/site-packages/airflow/example_dags/example_sla_dag.py for tasks to queue
[2024-04-19T18:39:05.656+0000] {logging_mixin.py:188} INFO - [2024-04-19T18:39:05.656+0000] {dagbag.py:540} INFO - Filling up the DagBag from /home/airflow/.local/lib/python3.12/site-packages/airflow/example_dags/example_sla_dag.py
[2024-04-19T18:39:05.665+0000] {processor.py:840} INFO - DAG(s) 'example_sla_dag' retrieved from /home/airflow/.local/lib/python3.12/site-packages/airflow/example_dags/example_sla_dag.py
[2024-04-19T18:39:05.685+0000] {logging_mixin.py:188} INFO - [2024-04-19T18:39:05.684+0000] {dag.py:3096} INFO - Sync 1 DAGs
[2024-04-19T18:39:05.719+0000] {logging_mixin.py:188} INFO - [2024-04-19T18:39:05.719+0000] {dag.py:3954} INFO - Setting next_dagrun for example_sla_dag to 2024-04-19 18:36:00+00:00, run_after=2024-04-19 18:38:00+00:00
[2024-04-19T18:39:05.742+0000] {processor.py:183} INFO - Processing /home/airflow/.local/lib/python3.12/site-packages/airflow/example_dags/example_sla_dag.py took 0.095 seconds
[2024-04-19T18:39:35.998+0000] {processor.py:161} INFO - Started process (PID=796) to work on /home/airflow/.local/lib/python3.12/site-packages/airflow/example_dags/example_sla_dag.py
[2024-04-19T18:39:35.999+0000] {processor.py:830} INFO - Processing file /home/airflow/.local/lib/python3.12/site-packages/airflow/example_dags/example_sla_dag.py for tasks to queue
[2024-04-19T18:39:36.001+0000] {logging_mixin.py:188} INFO - [2024-04-19T18:39:36.001+0000] {dagbag.py:540} INFO - Filling up the DagBag from /home/airflow/.local/lib/python3.12/site-packages/airflow/example_dags/example_sla_dag.py
[2024-04-19T18:39:36.025+0000] {processor.py:840} INFO - DAG(s) 'example_sla_dag' retrieved from /home/airflow/.local/lib/python3.12/site-packages/airflow/example_dags/example_sla_dag.py
[2024-04-19T18:39:36.071+0000] {logging_mixin.py:188} INFO - [2024-04-19T18:39:36.071+0000] {dag.py:3096} INFO - Sync 1 DAGs
[2024-04-19T18:39:36.097+0000] {logging_mixin.py:188} INFO - [2024-04-19T18:39:36.096+0000] {dag.py:3954} INFO - Setting next_dagrun for example_sla_dag to 2024-04-19 18:36:00+00:00, run_after=2024-04-19 18:38:00+00:00
[2024-04-19T18:39:36.293+0000] {processor.py:183} INFO - Processing /home/airflow/.local/lib/python3.12/site-packages/airflow/example_dags/example_sla_dag.py took 0.303 seconds
[2024-04-19T18:40:06.378+0000] {processor.py:161} INFO - Started process (PID=855) to work on /home/airflow/.local/lib/python3.12/site-packages/airflow/example_dags/example_sla_dag.py
[2024-04-19T18:40:06.380+0000] {processor.py:830} INFO - Processing file /home/airflow/.local/lib/python3.12/site-packages/airflow/example_dags/example_sla_dag.py for tasks to queue
[2024-04-19T18:40:06.383+0000] {logging_mixin.py:188} INFO - [2024-04-19T18:40:06.383+0000] {dagbag.py:540} INFO - Filling up the DagBag from /home/airflow/.local/lib/python3.12/site-packages/airflow/example_dags/example_sla_dag.py
[2024-04-19T18:40:06.398+0000] {processor.py:840} INFO - DAG(s) 'example_sla_dag' retrieved from /home/airflow/.local/lib/python3.12/site-packages/airflow/example_dags/example_sla_dag.py
[2024-04-19T18:40:06.425+0000] {logging_mixin.py:188} INFO - [2024-04-19T18:40:06.425+0000] {dag.py:3096} INFO - Sync 1 DAGs
[2024-04-19T18:40:06.465+0000] {logging_mixin.py:188} INFO - [2024-04-19T18:40:06.464+0000] {dag.py:3954} INFO - Setting next_dagrun for example_sla_dag to 2024-04-19 18:38:00+00:00, run_after=2024-04-19 18:40:00+00:00
[2024-04-19T18:40:06.493+0000] {processor.py:183} INFO - Processing /home/airflow/.local/lib/python3.12/site-packages/airflow/example_dags/example_sla_dag.py took 0.124 seconds
[2024-04-19T18:40:36.642+0000] {processor.py:161} INFO - Started process (PID=913) to work on /home/airflow/.local/lib/python3.12/site-packages/airflow/example_dags/example_sla_dag.py
[2024-04-19T18:40:36.643+0000] {processor.py:830} INFO - Processing file /home/airflow/.local/lib/python3.12/site-packages/airflow/example_dags/example_sla_dag.py for tasks to queue
[2024-04-19T18:40:36.646+0000] {logging_mixin.py:188} INFO - [2024-04-19T18:40:36.645+0000] {dagbag.py:540} INFO - Filling up the DagBag from /home/airflow/.local/lib/python3.12/site-packages/airflow/example_dags/example_sla_dag.py
[2024-04-19T18:40:36.658+0000] {processor.py:840} INFO - DAG(s) 'example_sla_dag' retrieved from /home/airflow/.local/lib/python3.12/site-packages/airflow/example_dags/example_sla_dag.py
[2024-04-19T18:40:36.686+0000] {logging_mixin.py:188} INFO - [2024-04-19T18:40:36.685+0000] {dag.py:3096} INFO - Sync 1 DAGs
[2024-04-19T18:40:36.740+0000] {logging_mixin.py:188} INFO - [2024-04-19T18:40:36.739+0000] {dag.py:3954} INFO - Setting next_dagrun for example_sla_dag to 2024-04-19 18:38:00+00:00, run_after=2024-04-19 18:40:00+00:00
[2024-04-19T18:40:36.811+0000] {processor.py:183} INFO - Processing /home/airflow/.local/lib/python3.12/site-packages/airflow/example_dags/example_sla_dag.py took 0.175 seconds
[2024-04-19T18:41:07.820+0000] {processor.py:161} INFO - Started process (PID=974) to work on /home/airflow/.local/lib/python3.12/site-packages/airflow/example_dags/example_sla_dag.py
[2024-04-19T18:41:07.821+0000] {processor.py:830} INFO - Processing file /home/airflow/.local/lib/python3.12/site-packages/airflow/example_dags/example_sla_dag.py for tasks to queue
[2024-04-19T18:41:07.823+0000] {logging_mixin.py:188} INFO - [2024-04-19T18:41:07.823+0000] {dagbag.py:540} INFO - Filling up the DagBag from /home/airflow/.local/lib/python3.12/site-packages/airflow/example_dags/example_sla_dag.py
[2024-04-19T18:41:07.996+0000] {processor.py:840} INFO - DAG(s) 'example_sla_dag' retrieved from /home/airflow/.local/lib/python3.12/site-packages/airflow/example_dags/example_sla_dag.py
[2024-04-19T18:41:08.013+0000] {logging_mixin.py:188} INFO - [2024-04-19T18:41:08.013+0000] {dag.py:3096} INFO - Sync 1 DAGs
[2024-04-19T18:41:08.039+0000] {logging_mixin.py:188} INFO - [2024-04-19T18:41:08.039+0000] {dag.py:3954} INFO - Setting next_dagrun for example_sla_dag to 2024-04-19 18:38:00+00:00, run_after=2024-04-19 18:40:00+00:00
[2024-04-19T18:41:08.057+0000] {processor.py:183} INFO - Processing /home/airflow/.local/lib/python3.12/site-packages/airflow/example_dags/example_sla_dag.py took 0.244 seconds
[2024-04-19T18:41:38.330+0000] {processor.py:161} INFO - Started process (PID=1034) to work on /home/airflow/.local/lib/python3.12/site-packages/airflow/example_dags/example_sla_dag.py
[2024-04-19T18:41:38.331+0000] {processor.py:830} INFO - Processing file /home/airflow/.local/lib/python3.12/site-packages/airflow/example_dags/example_sla_dag.py for tasks to queue
[2024-04-19T18:41:38.336+0000] {logging_mixin.py:188} INFO - [2024-04-19T18:41:38.336+0000] {dagbag.py:540} INFO - Filling up the DagBag from /home/airflow/.local/lib/python3.12/site-packages/airflow/example_dags/example_sla_dag.py
[2024-04-19T18:41:38.352+0000] {processor.py:840} INFO - DAG(s) 'example_sla_dag' retrieved from /home/airflow/.local/lib/python3.12/site-packages/airflow/example_dags/example_sla_dag.py
[2024-04-19T18:41:38.387+0000] {logging_mixin.py:188} INFO - [2024-04-19T18:41:38.387+0000] {dag.py:3096} INFO - Sync 1 DAGs
[2024-04-19T18:41:38.435+0000] {logging_mixin.py:188} INFO - [2024-04-19T18:41:38.435+0000] {dag.py:3954} INFO - Setting next_dagrun for example_sla_dag to 2024-04-19 18:38:00+00:00, run_after=2024-04-19 18:40:00+00:00
[2024-04-19T18:41:38.465+0000] {processor.py:183} INFO - Processing /home/airflow/.local/lib/python3.12/site-packages/airflow/example_dags/example_sla_dag.py took 0.144 seconds
[2024-04-19T18:42:08.610+0000] {processor.py:161} INFO - Started process (PID=1094) to work on /home/airflow/.local/lib/python3.12/site-packages/airflow/example_dags/example_sla_dag.py
[2024-04-19T18:42:08.612+0000] {processor.py:830} INFO - Processing file /home/airflow/.local/lib/python3.12/site-packages/airflow/example_dags/example_sla_dag.py for tasks to queue
[2024-04-19T18:42:08.614+0000] {logging_mixin.py:188} INFO - [2024-04-19T18:42:08.614+0000] {dagbag.py:540} INFO - Filling up the DagBag from /home/airflow/.local/lib/python3.12/site-packages/airflow/example_dags/example_sla_dag.py
[2024-04-19T18:42:08.625+0000] {processor.py:840} INFO - DAG(s) 'example_sla_dag' retrieved from /home/airflow/.local/lib/python3.12/site-packages/airflow/example_dags/example_sla_dag.py
[2024-04-19T18:42:08.649+0000] {logging_mixin.py:188} INFO - [2024-04-19T18:42:08.648+0000] {dag.py:3096} INFO - Sync 1 DAGs
[2024-04-19T18:42:08.678+0000] {logging_mixin.py:188} INFO - [2024-04-19T18:42:08.678+0000] {dag.py:3954} INFO - Setting next_dagrun for example_sla_dag to 2024-04-19 18:40:00+00:00, run_after=2024-04-19 18:42:00+00:00
[2024-04-19T18:42:08.702+0000] {processor.py:183} INFO - Processing /home/airflow/.local/lib/python3.12/site-packages/airflow/example_dags/example_sla_dag.py took 0.097 seconds
[2024-04-19T18:42:39.164+0000] {processor.py:161} INFO - Started process (PID=1153) to work on /home/airflow/.local/lib/python3.12/site-packages/airflow/example_dags/example_sla_dag.py
[2024-04-19T18:42:39.165+0000] {processor.py:830} INFO - Processing file /home/airflow/.local/lib/python3.12/site-packages/airflow/example_dags/example_sla_dag.py for tasks to queue
[2024-04-19T18:42:39.167+0000] {logging_mixin.py:188} INFO - [2024-04-19T18:42:39.166+0000] {dagbag.py:540} INFO - Filling up the DagBag from /home/airflow/.local/lib/python3.12/site-packages/airflow/example_dags/example_sla_dag.py
[2024-04-19T18:42:39.178+0000] {processor.py:840} INFO - DAG(s) 'example_sla_dag' retrieved from /home/airflow/.local/lib/python3.12/site-packages/airflow/example_dags/example_sla_dag.py
[2024-04-19T18:42:39.202+0000] {logging_mixin.py:188} INFO - [2024-04-19T18:42:39.201+0000] {dag.py:3096} INFO - Sync 1 DAGs
[2024-04-19T18:42:39.231+0000] {logging_mixin.py:188} INFO - [2024-04-19T18:42:39.231+0000] {dag.py:3954} INFO - Setting next_dagrun for example_sla_dag to 2024-04-19 18:40:00+00:00, run_after=2024-04-19 18:42:00+00:00
[2024-04-19T18:42:39.259+0000] {processor.py:183} INFO - Processing /home/airflow/.local/lib/python3.12/site-packages/airflow/example_dags/example_sla_dag.py took 0.101 seconds
[2024-04-19T18:43:09.370+0000] {processor.py:161} INFO - Started process (PID=1213) to work on /home/airflow/.local/lib/python3.12/site-packages/airflow/example_dags/example_sla_dag.py
[2024-04-19T18:43:09.371+0000] {processor.py:830} INFO - Processing file /home/airflow/.local/lib/python3.12/site-packages/airflow/example_dags/example_sla_dag.py for tasks to queue
[2024-04-19T18:43:09.373+0000] {logging_mixin.py:188} INFO - [2024-04-19T18:43:09.372+0000] {dagbag.py:540} INFO - Filling up the DagBag from /home/airflow/.local/lib/python3.12/site-packages/airflow/example_dags/example_sla_dag.py
[2024-04-19T18:43:09.383+0000] {processor.py:840} INFO - DAG(s) 'example_sla_dag' retrieved from /home/airflow/.local/lib/python3.12/site-packages/airflow/example_dags/example_sla_dag.py
[2024-04-19T18:43:09.414+0000] {logging_mixin.py:188} INFO - [2024-04-19T18:43:09.413+0000] {dag.py:3096} INFO - Sync 1 DAGs
[2024-04-19T18:43:09.453+0000] {logging_mixin.py:188} INFO - [2024-04-19T18:43:09.453+0000] {dag.py:3954} INFO - Setting next_dagrun for example_sla_dag to 2024-04-19 18:40:00+00:00, run_after=2024-04-19 18:42:00+00:00
[2024-04-19T18:43:09.480+0000] {processor.py:183} INFO - Processing /home/airflow/.local/lib/python3.12/site-packages/airflow/example_dags/example_sla_dag.py took 0.117 seconds
[2024-04-19T18:43:39.997+0000] {processor.py:161} INFO - Started process (PID=1273) to work on /home/airflow/.local/lib/python3.12/site-packages/airflow/example_dags/example_sla_dag.py
[2024-04-19T18:43:40.002+0000] {processor.py:830} INFO - Processing file /home/airflow/.local/lib/python3.12/site-packages/airflow/example_dags/example_sla_dag.py for tasks to queue
[2024-04-19T18:43:40.008+0000] {logging_mixin.py:188} INFO - [2024-04-19T18:43:40.008+0000] {dagbag.py:540} INFO - Filling up the DagBag from /home/airflow/.local/lib/python3.12/site-packages/airflow/example_dags/example_sla_dag.py
[2024-04-19T18:43:40.046+0000] {processor.py:840} INFO - DAG(s) 'example_sla_dag' retrieved from /home/airflow/.local/lib/python3.12/site-packages/airflow/example_dags/example_sla_dag.py
[2024-04-19T18:43:40.111+0000] {logging_mixin.py:188} INFO - [2024-04-19T18:43:40.110+0000] {dag.py:3096} INFO - Sync 1 DAGs
[2024-04-19T18:43:40.195+0000] {logging_mixin.py:188} INFO - [2024-04-19T18:43:40.194+0000] {dag.py:3954} INFO - Setting next_dagrun for example_sla_dag to 2024-04-19 18:40:00+00:00, run_after=2024-04-19 18:42:00+00:00
[2024-04-19T18:43:40.331+0000] {processor.py:183} INFO - Processing /home/airflow/.local/lib/python3.12/site-packages/airflow/example_dags/example_sla_dag.py took 0.348 seconds
[2024-04-19T18:44:17.015+0000] {processor.py:161} INFO - Started process (PID=1329) to work on /home/airflow/.local/lib/python3.12/site-packages/airflow/example_dags/example_sla_dag.py
[2024-04-19T18:44:17.021+0000] {processor.py:830} INFO - Processing file /home/airflow/.local/lib/python3.12/site-packages/airflow/example_dags/example_sla_dag.py for tasks to queue
[2024-04-19T18:44:17.025+0000] {logging_mixin.py:188} INFO - [2024-04-19T18:44:17.024+0000] {dagbag.py:540} INFO - Filling up the DagBag from /home/airflow/.local/lib/python3.12/site-packages/airflow/example_dags/example_sla_dag.py
[2024-04-19T18:44:17.040+0000] {processor.py:840} INFO - DAG(s) 'example_sla_dag' retrieved from /home/airflow/.local/lib/python3.12/site-packages/airflow/example_dags/example_sla_dag.py
[2024-04-19T18:44:17.190+0000] {logging_mixin.py:188} INFO - [2024-04-19T18:44:17.190+0000] {dag.py:3096} INFO - Sync 1 DAGs
[2024-04-19T18:44:17.329+0000] {logging_mixin.py:188} INFO - [2024-04-19T18:44:17.329+0000] {dag.py:3954} INFO - Setting next_dagrun for example_sla_dag to 2024-04-19 18:42:00+00:00, run_after=2024-04-19 18:44:00+00:00
[2024-04-19T18:44:17.392+0000] {processor.py:183} INFO - Processing /home/airflow/.local/lib/python3.12/site-packages/airflow/example_dags/example_sla_dag.py took 0.390 seconds
[2024-04-19T18:44:47.475+0000] {processor.py:161} INFO - Started process (PID=1395) to work on /home/airflow/.local/lib/python3.12/site-packages/airflow/example_dags/example_sla_dag.py
[2024-04-19T18:44:47.476+0000] {processor.py:830} INFO - Processing file /home/airflow/.local/lib/python3.12/site-packages/airflow/example_dags/example_sla_dag.py for tasks to queue
[2024-04-19T18:44:47.477+0000] {logging_mixin.py:188} INFO - [2024-04-19T18:44:47.477+0000] {dagbag.py:540} INFO - Filling up the DagBag from /home/airflow/.local/lib/python3.12/site-packages/airflow/example_dags/example_sla_dag.py
[2024-04-19T18:44:47.487+0000] {processor.py:840} INFO - DAG(s) 'example_sla_dag' retrieved from /home/airflow/.local/lib/python3.12/site-packages/airflow/example_dags/example_sla_dag.py
[2024-04-19T18:44:47.522+0000] {logging_mixin.py:188} INFO - [2024-04-19T18:44:47.522+0000] {dag.py:3096} INFO - Sync 1 DAGs
[2024-04-19T18:44:47.550+0000] {logging_mixin.py:188} INFO - [2024-04-19T18:44:47.550+0000] {dag.py:3954} INFO - Setting next_dagrun for example_sla_dag to 2024-04-19 18:42:00+00:00, run_after=2024-04-19 18:44:00+00:00
[2024-04-19T18:44:47.580+0000] {processor.py:183} INFO - Processing /home/airflow/.local/lib/python3.12/site-packages/airflow/example_dags/example_sla_dag.py took 0.111 seconds
[2024-04-19T18:45:18.683+0000] {processor.py:161} INFO - Started process (PID=1455) to work on /home/airflow/.local/lib/python3.12/site-packages/airflow/example_dags/example_sla_dag.py
[2024-04-19T18:45:18.684+0000] {processor.py:830} INFO - Processing file /home/airflow/.local/lib/python3.12/site-packages/airflow/example_dags/example_sla_dag.py for tasks to queue
[2024-04-19T18:45:18.686+0000] {logging_mixin.py:188} INFO - [2024-04-19T18:45:18.686+0000] {dagbag.py:540} INFO - Filling up the DagBag from /home/airflow/.local/lib/python3.12/site-packages/airflow/example_dags/example_sla_dag.py
[2024-04-19T18:45:18.696+0000] {processor.py:840} INFO - DAG(s) 'example_sla_dag' retrieved from /home/airflow/.local/lib/python3.12/site-packages/airflow/example_dags/example_sla_dag.py
[2024-04-19T18:45:18.723+0000] {logging_mixin.py:188} INFO - [2024-04-19T18:45:18.722+0000] {dag.py:3096} INFO - Sync 1 DAGs
[2024-04-19T18:45:18.751+0000] {logging_mixin.py:188} INFO - [2024-04-19T18:45:18.750+0000] {dag.py:3954} INFO - Setting next_dagrun for example_sla_dag to 2024-04-19 18:42:00+00:00, run_after=2024-04-19 18:44:00+00:00
[2024-04-19T18:45:18.773+0000] {processor.py:183} INFO - Processing /home/airflow/.local/lib/python3.12/site-packages/airflow/example_dags/example_sla_dag.py took 0.095 seconds
[2024-04-19T18:45:49.496+0000] {processor.py:161} INFO - Started process (PID=1515) to work on /home/airflow/.local/lib/python3.12/site-packages/airflow/example_dags/example_sla_dag.py
[2024-04-19T18:45:49.497+0000] {processor.py:830} INFO - Processing file /home/airflow/.local/lib/python3.12/site-packages/airflow/example_dags/example_sla_dag.py for tasks to queue
[2024-04-19T18:45:49.500+0000] {logging_mixin.py:188} INFO - [2024-04-19T18:45:49.499+0000] {dagbag.py:540} INFO - Filling up the DagBag from /home/airflow/.local/lib/python3.12/site-packages/airflow/example_dags/example_sla_dag.py
[2024-04-19T18:45:49.510+0000] {processor.py:840} INFO - DAG(s) 'example_sla_dag' retrieved from /home/airflow/.local/lib/python3.12/site-packages/airflow/example_dags/example_sla_dag.py
[2024-04-19T18:45:49.535+0000] {logging_mixin.py:188} INFO - [2024-04-19T18:45:49.534+0000] {dag.py:3096} INFO - Sync 1 DAGs
[2024-04-19T18:45:49.570+0000] {logging_mixin.py:188} INFO - [2024-04-19T18:45:49.569+0000] {dag.py:3954} INFO - Setting next_dagrun for example_sla_dag to 2024-04-19 18:42:00+00:00, run_after=2024-04-19 18:44:00+00:00
[2024-04-19T18:45:49.616+0000] {processor.py:183} INFO - Processing /home/airflow/.local/lib/python3.12/site-packages/airflow/example_dags/example_sla_dag.py took 0.128 seconds
[2024-04-19T18:46:19.772+0000] {processor.py:161} INFO - Started process (PID=1574) to work on /home/airflow/.local/lib/python3.12/site-packages/airflow/example_dags/example_sla_dag.py
[2024-04-19T18:46:19.773+0000] {processor.py:830} INFO - Processing file /home/airflow/.local/lib/python3.12/site-packages/airflow/example_dags/example_sla_dag.py for tasks to queue
[2024-04-19T18:46:19.775+0000] {logging_mixin.py:188} INFO - [2024-04-19T18:46:19.775+0000] {dagbag.py:540} INFO - Filling up the DagBag from /home/airflow/.local/lib/python3.12/site-packages/airflow/example_dags/example_sla_dag.py
[2024-04-19T18:46:19.790+0000] {processor.py:840} INFO - DAG(s) 'example_sla_dag' retrieved from /home/airflow/.local/lib/python3.12/site-packages/airflow/example_dags/example_sla_dag.py
[2024-04-19T18:46:19.812+0000] {logging_mixin.py:188} INFO - [2024-04-19T18:46:19.812+0000] {dag.py:3096} INFO - Sync 1 DAGs
[2024-04-19T18:46:19.835+0000] {logging_mixin.py:188} INFO - [2024-04-19T18:46:19.834+0000] {dag.py:3954} INFO - Setting next_dagrun for example_sla_dag to 2024-04-19 18:44:00+00:00, run_after=2024-04-19 18:46:00+00:00
[2024-04-19T18:46:19.853+0000] {processor.py:183} INFO - Processing /home/airflow/.local/lib/python3.12/site-packages/airflow/example_dags/example_sla_dag.py took 0.086 seconds
[2024-04-19T18:46:50.509+0000] {processor.py:161} INFO - Started process (PID=1634) to work on /home/airflow/.local/lib/python3.12/site-packages/airflow/example_dags/example_sla_dag.py
[2024-04-19T18:46:50.510+0000] {processor.py:830} INFO - Processing file /home/airflow/.local/lib/python3.12/site-packages/airflow/example_dags/example_sla_dag.py for tasks to queue
[2024-04-19T18:46:50.513+0000] {logging_mixin.py:188} INFO - [2024-04-19T18:46:50.512+0000] {dagbag.py:540} INFO - Filling up the DagBag from /home/airflow/.local/lib/python3.12/site-packages/airflow/example_dags/example_sla_dag.py
[2024-04-19T18:46:50.523+0000] {processor.py:840} INFO - DAG(s) 'example_sla_dag' retrieved from /home/airflow/.local/lib/python3.12/site-packages/airflow/example_dags/example_sla_dag.py
[2024-04-19T18:46:50.546+0000] {logging_mixin.py:188} INFO - [2024-04-19T18:46:50.546+0000] {dag.py:3096} INFO - Sync 1 DAGs
[2024-04-19T18:46:50.582+0000] {logging_mixin.py:188} INFO - [2024-04-19T18:46:50.581+0000] {dag.py:3954} INFO - Setting next_dagrun for example_sla_dag to 2024-04-19 18:44:00+00:00, run_after=2024-04-19 18:46:00+00:00
[2024-04-19T18:46:50.604+0000] {processor.py:183} INFO - Processing /home/airflow/.local/lib/python3.12/site-packages/airflow/example_dags/example_sla_dag.py took 0.104 seconds
[2024-04-19T18:47:20.665+0000] {processor.py:161} INFO - Started process (PID=1693) to work on /home/airflow/.local/lib/python3.12/site-packages/airflow/example_dags/example_sla_dag.py
[2024-04-19T18:47:20.666+0000] {processor.py:830} INFO - Processing file /home/airflow/.local/lib/python3.12/site-packages/airflow/example_dags/example_sla_dag.py for tasks to queue
[2024-04-19T18:47:20.668+0000] {logging_mixin.py:188} INFO - [2024-04-19T18:47:20.668+0000] {dagbag.py:540} INFO - Filling up the DagBag from /home/airflow/.local/lib/python3.12/site-packages/airflow/example_dags/example_sla_dag.py
[2024-04-19T18:47:20.677+0000] {processor.py:840} INFO - DAG(s) 'example_sla_dag' retrieved from /home/airflow/.local/lib/python3.12/site-packages/airflow/example_dags/example_sla_dag.py
[2024-04-19T18:47:20.698+0000] {logging_mixin.py:188} INFO - [2024-04-19T18:47:20.698+0000] {dag.py:3096} INFO - Sync 1 DAGs
[2024-04-19T18:47:20.727+0000] {logging_mixin.py:188} INFO - [2024-04-19T18:47:20.727+0000] {dag.py:3954} INFO - Setting next_dagrun for example_sla_dag to 2024-04-19 18:44:00+00:00, run_after=2024-04-19 18:46:00+00:00
[2024-04-19T18:47:20.748+0000] {processor.py:183} INFO - Processing /home/airflow/.local/lib/python3.12/site-packages/airflow/example_dags/example_sla_dag.py took 0.089 seconds
[2024-04-19T18:47:51.032+0000] {processor.py:161} INFO - Started process (PID=1755) to work on /home/airflow/.local/lib/python3.12/site-packages/airflow/example_dags/example_sla_dag.py
[2024-04-19T18:47:51.040+0000] {processor.py:830} INFO - Processing file /home/airflow/.local/lib/python3.12/site-packages/airflow/example_dags/example_sla_dag.py for tasks to queue
[2024-04-19T18:47:51.046+0000] {logging_mixin.py:188} INFO - [2024-04-19T18:47:51.045+0000] {dagbag.py:540} INFO - Filling up the DagBag from /home/airflow/.local/lib/python3.12/site-packages/airflow/example_dags/example_sla_dag.py
[2024-04-19T18:47:51.069+0000] {processor.py:840} INFO - DAG(s) 'example_sla_dag' retrieved from /home/airflow/.local/lib/python3.12/site-packages/airflow/example_dags/example_sla_dag.py
[2024-04-19T18:47:51.141+0000] {logging_mixin.py:188} INFO - [2024-04-19T18:47:51.141+0000] {dag.py:3096} INFO - Sync 1 DAGs
[2024-04-19T18:47:51.179+0000] {logging_mixin.py:188} INFO - [2024-04-19T18:47:51.179+0000] {dag.py:3954} INFO - Setting next_dagrun for example_sla_dag to 2024-04-19 18:44:00+00:00, run_after=2024-04-19 18:46:00+00:00
[2024-04-19T18:47:51.212+0000] {processor.py:183} INFO - Processing /home/airflow/.local/lib/python3.12/site-packages/airflow/example_dags/example_sla_dag.py took 0.190 seconds
[2024-04-19T18:48:21.450+0000] {processor.py:161} INFO - Started process (PID=1815) to work on /home/airflow/.local/lib/python3.12/site-packages/airflow/example_dags/example_sla_dag.py
[2024-04-19T18:48:21.451+0000] {processor.py:830} INFO - Processing file /home/airflow/.local/lib/python3.12/site-packages/airflow/example_dags/example_sla_dag.py for tasks to queue
[2024-04-19T18:48:21.452+0000] {logging_mixin.py:188} INFO - [2024-04-19T18:48:21.452+0000] {dagbag.py:540} INFO - Filling up the DagBag from /home/airflow/.local/lib/python3.12/site-packages/airflow/example_dags/example_sla_dag.py
[2024-04-19T18:48:21.467+0000] {processor.py:840} INFO - DAG(s) 'example_sla_dag' retrieved from /home/airflow/.local/lib/python3.12/site-packages/airflow/example_dags/example_sla_dag.py
[2024-04-19T18:48:21.501+0000] {logging_mixin.py:188} INFO - [2024-04-19T18:48:21.501+0000] {dag.py:3096} INFO - Sync 1 DAGs
[2024-04-19T18:48:21.541+0000] {logging_mixin.py:188} INFO - [2024-04-19T18:48:21.541+0000] {dag.py:3954} INFO - Setting next_dagrun for example_sla_dag to 2024-04-19 18:46:00+00:00, run_after=2024-04-19 18:48:00+00:00
[2024-04-19T18:48:21.589+0000] {processor.py:183} INFO - Processing /home/airflow/.local/lib/python3.12/site-packages/airflow/example_dags/example_sla_dag.py took 0.144 seconds
[2024-04-19T18:48:52.865+0000] {processor.py:161} INFO - Started process (PID=1871) to work on /home/airflow/.local/lib/python3.12/site-packages/airflow/example_dags/example_sla_dag.py
[2024-04-19T18:48:52.907+0000] {processor.py:830} INFO - Processing file /home/airflow/.local/lib/python3.12/site-packages/airflow/example_dags/example_sla_dag.py for tasks to queue
[2024-04-19T18:48:52.908+0000] {logging_mixin.py:188} INFO - [2024-04-19T18:48:52.908+0000] {dagbag.py:540} INFO - Filling up the DagBag from /home/airflow/.local/lib/python3.12/site-packages/airflow/example_dags/example_sla_dag.py
[2024-04-19T18:48:52.940+0000] {processor.py:840} INFO - DAG(s) 'example_sla_dag' retrieved from /home/airflow/.local/lib/python3.12/site-packages/airflow/example_dags/example_sla_dag.py
[2024-04-19T18:48:52.987+0000] {logging_mixin.py:188} INFO - [2024-04-19T18:48:52.987+0000] {dag.py:3096} INFO - Sync 1 DAGs
[2024-04-19T18:48:53.046+0000] {logging_mixin.py:188} INFO - [2024-04-19T18:48:53.046+0000] {dag.py:3954} INFO - Setting next_dagrun for example_sla_dag to 2024-04-19 18:46:00+00:00, run_after=2024-04-19 18:48:00+00:00
[2024-04-19T18:48:53.083+0000] {processor.py:183} INFO - Processing /home/airflow/.local/lib/python3.12/site-packages/airflow/example_dags/example_sla_dag.py took 0.258 seconds
[2024-04-19T18:55:56.130+0000] {processor.py:161} INFO - Started process (PID=47) to work on /home/airflow/.local/lib/python3.12/site-packages/airflow/example_dags/example_sla_dag.py
[2024-04-19T18:55:56.142+0000] {processor.py:830} INFO - Processing file /home/airflow/.local/lib/python3.12/site-packages/airflow/example_dags/example_sla_dag.py for tasks to queue
[2024-04-19T18:55:56.144+0000] {logging_mixin.py:188} INFO - [2024-04-19T18:55:56.144+0000] {dagbag.py:540} INFO - Filling up the DagBag from /home/airflow/.local/lib/python3.12/site-packages/airflow/example_dags/example_sla_dag.py
[2024-04-19T18:55:56.240+0000] {processor.py:840} INFO - DAG(s) 'example_sla_dag' retrieved from /home/airflow/.local/lib/python3.12/site-packages/airflow/example_dags/example_sla_dag.py
[2024-04-19T18:55:56.603+0000] {logging_mixin.py:188} INFO - [2024-04-19T18:55:56.597+0000] {dag.py:3096} INFO - Sync 1 DAGs
[2024-04-19T18:55:56.939+0000] {logging_mixin.py:188} INFO - [2024-04-19T18:55:56.939+0000] {dag.py:3954} INFO - Setting next_dagrun for example_sla_dag to 2024-04-19 18:52:00+00:00, run_after=2024-04-19 18:54:00+00:00
[2024-04-19T18:55:57.064+0000] {processor.py:183} INFO - Processing /home/airflow/.local/lib/python3.12/site-packages/airflow/example_dags/example_sla_dag.py took 0.983 seconds
[2024-04-19T18:56:27.491+0000] {processor.py:161} INFO - Started process (PID=105) to work on /home/airflow/.local/lib/python3.12/site-packages/airflow/example_dags/example_sla_dag.py
[2024-04-19T18:56:27.492+0000] {processor.py:830} INFO - Processing file /home/airflow/.local/lib/python3.12/site-packages/airflow/example_dags/example_sla_dag.py for tasks to queue
[2024-04-19T18:56:27.495+0000] {logging_mixin.py:188} INFO - [2024-04-19T18:56:27.495+0000] {dagbag.py:540} INFO - Filling up the DagBag from /home/airflow/.local/lib/python3.12/site-packages/airflow/example_dags/example_sla_dag.py
[2024-04-19T18:56:27.525+0000] {processor.py:840} INFO - DAG(s) 'example_sla_dag' retrieved from /home/airflow/.local/lib/python3.12/site-packages/airflow/example_dags/example_sla_dag.py
[2024-04-19T18:56:27.572+0000] {logging_mixin.py:188} INFO - [2024-04-19T18:56:27.572+0000] {dag.py:3096} INFO - Sync 1 DAGs
[2024-04-19T18:56:27.741+0000] {logging_mixin.py:188} INFO - [2024-04-19T18:56:27.740+0000] {dag.py:3954} INFO - Setting next_dagrun for example_sla_dag to 2024-04-19 18:54:00+00:00, run_after=2024-04-19 18:56:00+00:00
[2024-04-19T18:56:27.823+0000] {processor.py:183} INFO - Processing /home/airflow/.local/lib/python3.12/site-packages/airflow/example_dags/example_sla_dag.py took 0.338 seconds
[2024-04-19T18:56:59.023+0000] {processor.py:161} INFO - Started process (PID=163) to work on /home/airflow/.local/lib/python3.12/site-packages/airflow/example_dags/example_sla_dag.py
[2024-04-19T18:56:59.027+0000] {processor.py:830} INFO - Processing file /home/airflow/.local/lib/python3.12/site-packages/airflow/example_dags/example_sla_dag.py for tasks to queue
[2024-04-19T18:56:59.028+0000] {logging_mixin.py:188} INFO - [2024-04-19T18:56:59.028+0000] {dagbag.py:540} INFO - Filling up the DagBag from /home/airflow/.local/lib/python3.12/site-packages/airflow/example_dags/example_sla_dag.py
[2024-04-19T18:56:59.052+0000] {processor.py:840} INFO - DAG(s) 'example_sla_dag' retrieved from /home/airflow/.local/lib/python3.12/site-packages/airflow/example_dags/example_sla_dag.py
[2024-04-19T18:56:59.649+0000] {logging_mixin.py:188} INFO - [2024-04-19T18:56:59.648+0000] {dag.py:3096} INFO - Sync 1 DAGs
[2024-04-19T18:56:59.832+0000] {logging_mixin.py:188} INFO - [2024-04-19T18:56:59.831+0000] {dag.py:3954} INFO - Setting next_dagrun for example_sla_dag to 2024-04-19 18:54:00+00:00, run_after=2024-04-19 18:56:00+00:00
[2024-04-19T18:57:00.033+0000] {processor.py:183} INFO - Processing /home/airflow/.local/lib/python3.12/site-packages/airflow/example_dags/example_sla_dag.py took 1.043 seconds
[2024-04-19T18:57:30.346+0000] {processor.py:161} INFO - Started process (PID=221) to work on /home/airflow/.local/lib/python3.12/site-packages/airflow/example_dags/example_sla_dag.py
[2024-04-19T18:57:30.347+0000] {processor.py:830} INFO - Processing file /home/airflow/.local/lib/python3.12/site-packages/airflow/example_dags/example_sla_dag.py for tasks to queue
[2024-04-19T18:57:30.350+0000] {logging_mixin.py:188} INFO - [2024-04-19T18:57:30.350+0000] {dagbag.py:540} INFO - Filling up the DagBag from /home/airflow/.local/lib/python3.12/site-packages/airflow/example_dags/example_sla_dag.py
[2024-04-19T18:57:30.361+0000] {processor.py:840} INFO - DAG(s) 'example_sla_dag' retrieved from /home/airflow/.local/lib/python3.12/site-packages/airflow/example_dags/example_sla_dag.py
[2024-04-19T18:57:30.394+0000] {logging_mixin.py:188} INFO - [2024-04-19T18:57:30.394+0000] {dag.py:3096} INFO - Sync 1 DAGs
[2024-04-19T18:57:30.431+0000] {logging_mixin.py:188} INFO - [2024-04-19T18:57:30.430+0000] {dag.py:3954} INFO - Setting next_dagrun for example_sla_dag to 2024-04-19 18:54:00+00:00, run_after=2024-04-19 18:56:00+00:00
[2024-04-19T18:57:30.457+0000] {processor.py:183} INFO - Processing /home/airflow/.local/lib/python3.12/site-packages/airflow/example_dags/example_sla_dag.py took 0.120 seconds
[2024-04-19T18:58:01.220+0000] {processor.py:161} INFO - Started process (PID=280) to work on /home/airflow/.local/lib/python3.12/site-packages/airflow/example_dags/example_sla_dag.py
[2024-04-19T18:58:01.221+0000] {processor.py:830} INFO - Processing file /home/airflow/.local/lib/python3.12/site-packages/airflow/example_dags/example_sla_dag.py for tasks to queue
[2024-04-19T18:58:01.222+0000] {logging_mixin.py:188} INFO - [2024-04-19T18:58:01.222+0000] {dagbag.py:540} INFO - Filling up the DagBag from /home/airflow/.local/lib/python3.12/site-packages/airflow/example_dags/example_sla_dag.py
[2024-04-19T18:58:01.233+0000] {processor.py:840} INFO - DAG(s) 'example_sla_dag' retrieved from /home/airflow/.local/lib/python3.12/site-packages/airflow/example_dags/example_sla_dag.py
[2024-04-19T18:58:01.257+0000] {logging_mixin.py:188} INFO - [2024-04-19T18:58:01.256+0000] {dag.py:3096} INFO - Sync 1 DAGs
[2024-04-19T18:58:01.283+0000] {logging_mixin.py:188} INFO - [2024-04-19T18:58:01.283+0000] {dag.py:3954} INFO - Setting next_dagrun for example_sla_dag to 2024-04-19 18:56:00+00:00, run_after=2024-04-19 18:58:00+00:00
[2024-04-19T18:58:01.311+0000] {processor.py:183} INFO - Processing /home/airflow/.local/lib/python3.12/site-packages/airflow/example_dags/example_sla_dag.py took 0.098 seconds
[2024-04-19T18:58:31.693+0000] {processor.py:161} INFO - Started process (PID=340) to work on /home/airflow/.local/lib/python3.12/site-packages/airflow/example_dags/example_sla_dag.py
[2024-04-19T18:58:31.695+0000] {processor.py:830} INFO - Processing file /home/airflow/.local/lib/python3.12/site-packages/airflow/example_dags/example_sla_dag.py for tasks to queue
[2024-04-19T18:58:31.696+0000] {logging_mixin.py:188} INFO - [2024-04-19T18:58:31.696+0000] {dagbag.py:540} INFO - Filling up the DagBag from /home/airflow/.local/lib/python3.12/site-packages/airflow/example_dags/example_sla_dag.py
[2024-04-19T18:58:31.709+0000] {processor.py:840} INFO - DAG(s) 'example_sla_dag' retrieved from /home/airflow/.local/lib/python3.12/site-packages/airflow/example_dags/example_sla_dag.py
[2024-04-19T18:58:31.742+0000] {logging_mixin.py:188} INFO - [2024-04-19T18:58:31.742+0000] {dag.py:3096} INFO - Sync 1 DAGs
[2024-04-19T18:58:31.781+0000] {logging_mixin.py:188} INFO - [2024-04-19T18:58:31.781+0000] {dag.py:3954} INFO - Setting next_dagrun for example_sla_dag to 2024-04-19 18:56:00+00:00, run_after=2024-04-19 18:58:00+00:00
[2024-04-19T18:58:31.808+0000] {processor.py:183} INFO - Processing /home/airflow/.local/lib/python3.12/site-packages/airflow/example_dags/example_sla_dag.py took 0.122 seconds
[2024-04-19T18:59:01.887+0000] {processor.py:161} INFO - Started process (PID=399) to work on /home/airflow/.local/lib/python3.12/site-packages/airflow/example_dags/example_sla_dag.py
[2024-04-19T18:59:01.889+0000] {processor.py:830} INFO - Processing file /home/airflow/.local/lib/python3.12/site-packages/airflow/example_dags/example_sla_dag.py for tasks to queue
[2024-04-19T18:59:01.890+0000] {logging_mixin.py:188} INFO - [2024-04-19T18:59:01.890+0000] {dagbag.py:540} INFO - Filling up the DagBag from /home/airflow/.local/lib/python3.12/site-packages/airflow/example_dags/example_sla_dag.py
[2024-04-19T18:59:01.903+0000] {processor.py:840} INFO - DAG(s) 'example_sla_dag' retrieved from /home/airflow/.local/lib/python3.12/site-packages/airflow/example_dags/example_sla_dag.py
[2024-04-19T18:59:01.930+0000] {logging_mixin.py:188} INFO - [2024-04-19T18:59:01.930+0000] {dag.py:3096} INFO - Sync 1 DAGs
[2024-04-19T18:59:01.957+0000] {logging_mixin.py:188} INFO - [2024-04-19T18:59:01.957+0000] {dag.py:3954} INFO - Setting next_dagrun for example_sla_dag to 2024-04-19 18:56:00+00:00, run_after=2024-04-19 18:58:00+00:00
[2024-04-19T18:59:01.977+0000] {processor.py:183} INFO - Processing /home/airflow/.local/lib/python3.12/site-packages/airflow/example_dags/example_sla_dag.py took 0.097 seconds
[2024-04-19T18:59:32.183+0000] {processor.py:161} INFO - Started process (PID=459) to work on /home/airflow/.local/lib/python3.12/site-packages/airflow/example_dags/example_sla_dag.py
[2024-04-19T18:59:32.184+0000] {processor.py:830} INFO - Processing file /home/airflow/.local/lib/python3.12/site-packages/airflow/example_dags/example_sla_dag.py for tasks to queue
[2024-04-19T18:59:32.185+0000] {logging_mixin.py:188} INFO - [2024-04-19T18:59:32.185+0000] {dagbag.py:540} INFO - Filling up the DagBag from /home/airflow/.local/lib/python3.12/site-packages/airflow/example_dags/example_sla_dag.py
[2024-04-19T18:59:32.195+0000] {processor.py:840} INFO - DAG(s) 'example_sla_dag' retrieved from /home/airflow/.local/lib/python3.12/site-packages/airflow/example_dags/example_sla_dag.py
[2024-04-19T18:59:32.215+0000] {logging_mixin.py:188} INFO - [2024-04-19T18:59:32.214+0000] {dag.py:3096} INFO - Sync 1 DAGs
[2024-04-19T18:59:32.242+0000] {logging_mixin.py:188} INFO - [2024-04-19T18:59:32.242+0000] {dag.py:3954} INFO - Setting next_dagrun for example_sla_dag to 2024-04-19 18:56:00+00:00, run_after=2024-04-19 18:58:00+00:00
[2024-04-19T18:59:32.261+0000] {processor.py:183} INFO - Processing /home/airflow/.local/lib/python3.12/site-packages/airflow/example_dags/example_sla_dag.py took 0.085 seconds
[2024-04-19T19:00:03.170+0000] {processor.py:161} INFO - Started process (PID=519) to work on /home/airflow/.local/lib/python3.12/site-packages/airflow/example_dags/example_sla_dag.py
[2024-04-19T19:00:03.171+0000] {processor.py:830} INFO - Processing file /home/airflow/.local/lib/python3.12/site-packages/airflow/example_dags/example_sla_dag.py for tasks to queue
[2024-04-19T19:00:03.172+0000] {logging_mixin.py:188} INFO - [2024-04-19T19:00:03.172+0000] {dagbag.py:540} INFO - Filling up the DagBag from /home/airflow/.local/lib/python3.12/site-packages/airflow/example_dags/example_sla_dag.py
[2024-04-19T19:00:03.182+0000] {processor.py:840} INFO - DAG(s) 'example_sla_dag' retrieved from /home/airflow/.local/lib/python3.12/site-packages/airflow/example_dags/example_sla_dag.py
[2024-04-19T19:00:03.207+0000] {logging_mixin.py:188} INFO - [2024-04-19T19:00:03.207+0000] {dag.py:3096} INFO - Sync 1 DAGs
[2024-04-19T19:00:03.236+0000] {logging_mixin.py:188} INFO - [2024-04-19T19:00:03.236+0000] {dag.py:3954} INFO - Setting next_dagrun for example_sla_dag to 2024-04-19 18:58:00+00:00, run_after=2024-04-19 19:00:00+00:00
[2024-04-19T19:00:03.275+0000] {processor.py:183} INFO - Processing /home/airflow/.local/lib/python3.12/site-packages/airflow/example_dags/example_sla_dag.py took 0.110 seconds
[2024-04-19T19:00:33.802+0000] {processor.py:161} INFO - Started process (PID=579) to work on /home/airflow/.local/lib/python3.12/site-packages/airflow/example_dags/example_sla_dag.py
[2024-04-19T19:00:33.803+0000] {processor.py:830} INFO - Processing file /home/airflow/.local/lib/python3.12/site-packages/airflow/example_dags/example_sla_dag.py for tasks to queue
[2024-04-19T19:00:33.809+0000] {logging_mixin.py:188} INFO - [2024-04-19T19:00:33.806+0000] {dagbag.py:540} INFO - Filling up the DagBag from /home/airflow/.local/lib/python3.12/site-packages/airflow/example_dags/example_sla_dag.py
[2024-04-19T19:00:33.823+0000] {processor.py:840} INFO - DAG(s) 'example_sla_dag' retrieved from /home/airflow/.local/lib/python3.12/site-packages/airflow/example_dags/example_sla_dag.py
[2024-04-19T19:00:33.858+0000] {logging_mixin.py:188} INFO - [2024-04-19T19:00:33.858+0000] {dag.py:3096} INFO - Sync 1 DAGs
[2024-04-19T19:00:33.920+0000] {logging_mixin.py:188} INFO - [2024-04-19T19:00:33.920+0000] {dag.py:3954} INFO - Setting next_dagrun for example_sla_dag to 2024-04-19 18:58:00+00:00, run_after=2024-04-19 19:00:00+00:00
[2024-04-19T19:00:33.972+0000] {processor.py:183} INFO - Processing /home/airflow/.local/lib/python3.12/site-packages/airflow/example_dags/example_sla_dag.py took 0.177 seconds
[2024-04-19T19:01:04.791+0000] {processor.py:161} INFO - Started process (PID=639) to work on /home/airflow/.local/lib/python3.12/site-packages/airflow/example_dags/example_sla_dag.py
[2024-04-19T19:01:04.792+0000] {processor.py:830} INFO - Processing file /home/airflow/.local/lib/python3.12/site-packages/airflow/example_dags/example_sla_dag.py for tasks to queue
[2024-04-19T19:01:04.794+0000] {logging_mixin.py:188} INFO - [2024-04-19T19:01:04.793+0000] {dagbag.py:540} INFO - Filling up the DagBag from /home/airflow/.local/lib/python3.12/site-packages/airflow/example_dags/example_sla_dag.py
[2024-04-19T19:01:04.802+0000] {processor.py:840} INFO - DAG(s) 'example_sla_dag' retrieved from /home/airflow/.local/lib/python3.12/site-packages/airflow/example_dags/example_sla_dag.py
[2024-04-19T19:01:04.823+0000] {logging_mixin.py:188} INFO - [2024-04-19T19:01:04.823+0000] {dag.py:3096} INFO - Sync 1 DAGs
[2024-04-19T19:01:04.848+0000] {logging_mixin.py:188} INFO - [2024-04-19T19:01:04.847+0000] {dag.py:3954} INFO - Setting next_dagrun for example_sla_dag to 2024-04-19 18:58:00+00:00, run_after=2024-04-19 19:00:00+00:00
[2024-04-19T19:01:04.867+0000] {processor.py:183} INFO - Processing /home/airflow/.local/lib/python3.12/site-packages/airflow/example_dags/example_sla_dag.py took 0.083 seconds
[2024-04-19T19:01:35.702+0000] {processor.py:161} INFO - Started process (PID=699) to work on /home/airflow/.local/lib/python3.12/site-packages/airflow/example_dags/example_sla_dag.py
[2024-04-19T19:01:35.704+0000] {processor.py:830} INFO - Processing file /home/airflow/.local/lib/python3.12/site-packages/airflow/example_dags/example_sla_dag.py for tasks to queue
[2024-04-19T19:01:35.705+0000] {logging_mixin.py:188} INFO - [2024-04-19T19:01:35.704+0000] {dagbag.py:540} INFO - Filling up the DagBag from /home/airflow/.local/lib/python3.12/site-packages/airflow/example_dags/example_sla_dag.py
[2024-04-19T19:01:35.715+0000] {processor.py:840} INFO - DAG(s) 'example_sla_dag' retrieved from /home/airflow/.local/lib/python3.12/site-packages/airflow/example_dags/example_sla_dag.py
[2024-04-19T19:01:35.744+0000] {logging_mixin.py:188} INFO - [2024-04-19T19:01:35.744+0000] {dag.py:3096} INFO - Sync 1 DAGs
[2024-04-19T19:01:35.779+0000] {logging_mixin.py:188} INFO - [2024-04-19T19:01:35.778+0000] {dag.py:3954} INFO - Setting next_dagrun for example_sla_dag to 2024-04-19 18:58:00+00:00, run_after=2024-04-19 19:00:00+00:00
[2024-04-19T19:01:35.804+0000] {processor.py:183} INFO - Processing /home/airflow/.local/lib/python3.12/site-packages/airflow/example_dags/example_sla_dag.py took 0.107 seconds
[2024-04-19T19:02:10.016+0000] {processor.py:161} INFO - Started process (PID=756) to work on /home/airflow/.local/lib/python3.12/site-packages/airflow/example_dags/example_sla_dag.py
[2024-04-19T19:02:10.017+0000] {processor.py:830} INFO - Processing file /home/airflow/.local/lib/python3.12/site-packages/airflow/example_dags/example_sla_dag.py for tasks to queue
[2024-04-19T19:02:10.021+0000] {logging_mixin.py:188} INFO - [2024-04-19T19:02:10.020+0000] {dagbag.py:540} INFO - Filling up the DagBag from /home/airflow/.local/lib/python3.12/site-packages/airflow/example_dags/example_sla_dag.py
[2024-04-19T19:02:10.038+0000] {processor.py:840} INFO - DAG(s) 'example_sla_dag' retrieved from /home/airflow/.local/lib/python3.12/site-packages/airflow/example_dags/example_sla_dag.py
[2024-04-19T19:02:10.216+0000] {logging_mixin.py:188} INFO - [2024-04-19T19:02:10.216+0000] {dag.py:3096} INFO - Sync 1 DAGs
[2024-04-19T19:02:10.276+0000] {logging_mixin.py:188} INFO - [2024-04-19T19:02:10.275+0000] {dag.py:3954} INFO - Setting next_dagrun for example_sla_dag to 2024-04-19 19:00:00+00:00, run_after=2024-04-19 19:02:00+00:00
[2024-04-19T19:02:10.326+0000] {processor.py:183} INFO - Processing /home/airflow/.local/lib/python3.12/site-packages/airflow/example_dags/example_sla_dag.py took 0.318 seconds
[2024-04-19T19:02:40.410+0000] {processor.py:161} INFO - Started process (PID=816) to work on /home/airflow/.local/lib/python3.12/site-packages/airflow/example_dags/example_sla_dag.py
[2024-04-19T19:02:40.412+0000] {processor.py:830} INFO - Processing file /home/airflow/.local/lib/python3.12/site-packages/airflow/example_dags/example_sla_dag.py for tasks to queue
[2024-04-19T19:02:40.413+0000] {logging_mixin.py:188} INFO - [2024-04-19T19:02:40.412+0000] {dagbag.py:540} INFO - Filling up the DagBag from /home/airflow/.local/lib/python3.12/site-packages/airflow/example_dags/example_sla_dag.py
[2024-04-19T19:02:40.422+0000] {processor.py:840} INFO - DAG(s) 'example_sla_dag' retrieved from /home/airflow/.local/lib/python3.12/site-packages/airflow/example_dags/example_sla_dag.py
[2024-04-19T19:02:40.452+0000] {logging_mixin.py:188} INFO - [2024-04-19T19:02:40.452+0000] {dag.py:3096} INFO - Sync 1 DAGs
[2024-04-19T19:02:40.494+0000] {logging_mixin.py:188} INFO - [2024-04-19T19:02:40.493+0000] {dag.py:3954} INFO - Setting next_dagrun for example_sla_dag to 2024-04-19 19:00:00+00:00, run_after=2024-04-19 19:02:00+00:00
[2024-04-19T19:02:40.535+0000] {processor.py:183} INFO - Processing /home/airflow/.local/lib/python3.12/site-packages/airflow/example_dags/example_sla_dag.py took 0.133 seconds
[2024-04-19T19:03:11.524+0000] {processor.py:161} INFO - Started process (PID=878) to work on /home/airflow/.local/lib/python3.12/site-packages/airflow/example_dags/example_sla_dag.py
[2024-04-19T19:03:11.525+0000] {processor.py:830} INFO - Processing file /home/airflow/.local/lib/python3.12/site-packages/airflow/example_dags/example_sla_dag.py for tasks to queue
[2024-04-19T19:03:11.526+0000] {logging_mixin.py:188} INFO - [2024-04-19T19:03:11.526+0000] {dagbag.py:540} INFO - Filling up the DagBag from /home/airflow/.local/lib/python3.12/site-packages/airflow/example_dags/example_sla_dag.py
[2024-04-19T19:03:11.534+0000] {processor.py:840} INFO - DAG(s) 'example_sla_dag' retrieved from /home/airflow/.local/lib/python3.12/site-packages/airflow/example_dags/example_sla_dag.py
[2024-04-19T19:03:11.555+0000] {logging_mixin.py:188} INFO - [2024-04-19T19:03:11.555+0000] {dag.py:3096} INFO - Sync 1 DAGs
[2024-04-19T19:03:11.581+0000] {logging_mixin.py:188} INFO - [2024-04-19T19:03:11.581+0000] {dag.py:3954} INFO - Setting next_dagrun for example_sla_dag to 2024-04-19 19:00:00+00:00, run_after=2024-04-19 19:02:00+00:00
[2024-04-19T19:03:11.601+0000] {processor.py:183} INFO - Processing /home/airflow/.local/lib/python3.12/site-packages/airflow/example_dags/example_sla_dag.py took 0.083 seconds
[2024-04-19T19:03:42.576+0000] {processor.py:161} INFO - Started process (PID=938) to work on /home/airflow/.local/lib/python3.12/site-packages/airflow/example_dags/example_sla_dag.py
[2024-04-19T19:03:42.578+0000] {processor.py:830} INFO - Processing file /home/airflow/.local/lib/python3.12/site-packages/airflow/example_dags/example_sla_dag.py for tasks to queue
[2024-04-19T19:03:42.579+0000] {logging_mixin.py:188} INFO - [2024-04-19T19:03:42.578+0000] {dagbag.py:540} INFO - Filling up the DagBag from /home/airflow/.local/lib/python3.12/site-packages/airflow/example_dags/example_sla_dag.py
[2024-04-19T19:03:42.599+0000] {processor.py:840} INFO - DAG(s) 'example_sla_dag' retrieved from /home/airflow/.local/lib/python3.12/site-packages/airflow/example_dags/example_sla_dag.py
[2024-04-19T19:03:42.653+0000] {logging_mixin.py:188} INFO - [2024-04-19T19:03:42.653+0000] {dag.py:3096} INFO - Sync 1 DAGs
[2024-04-19T19:03:42.725+0000] {logging_mixin.py:188} INFO - [2024-04-19T19:03:42.724+0000] {dag.py:3954} INFO - Setting next_dagrun for example_sla_dag to 2024-04-19 19:00:00+00:00, run_after=2024-04-19 19:02:00+00:00
[2024-04-19T19:03:42.772+0000] {processor.py:183} INFO - Processing /home/airflow/.local/lib/python3.12/site-packages/airflow/example_dags/example_sla_dag.py took 0.203 seconds
[2024-04-19T19:04:12.933+0000] {processor.py:161} INFO - Started process (PID=997) to work on /home/airflow/.local/lib/python3.12/site-packages/airflow/example_dags/example_sla_dag.py
[2024-04-19T19:04:12.937+0000] {processor.py:830} INFO - Processing file /home/airflow/.local/lib/python3.12/site-packages/airflow/example_dags/example_sla_dag.py for tasks to queue
[2024-04-19T19:04:12.938+0000] {logging_mixin.py:188} INFO - [2024-04-19T19:04:12.938+0000] {dagbag.py:540} INFO - Filling up the DagBag from /home/airflow/.local/lib/python3.12/site-packages/airflow/example_dags/example_sla_dag.py
[2024-04-19T19:04:12.952+0000] {processor.py:840} INFO - DAG(s) 'example_sla_dag' retrieved from /home/airflow/.local/lib/python3.12/site-packages/airflow/example_dags/example_sla_dag.py
[2024-04-19T19:04:12.974+0000] {logging_mixin.py:188} INFO - [2024-04-19T19:04:12.973+0000] {dag.py:3096} INFO - Sync 1 DAGs
[2024-04-19T19:04:13.003+0000] {logging_mixin.py:188} INFO - [2024-04-19T19:04:13.003+0000] {dag.py:3954} INFO - Setting next_dagrun for example_sla_dag to 2024-04-19 19:02:00+00:00, run_after=2024-04-19 19:04:00+00:00
[2024-04-19T19:04:13.039+0000] {processor.py:183} INFO - Processing /home/airflow/.local/lib/python3.12/site-packages/airflow/example_dags/example_sla_dag.py took 0.111 seconds
[2024-04-19T19:04:43.721+0000] {processor.py:161} INFO - Started process (PID=1057) to work on /home/airflow/.local/lib/python3.12/site-packages/airflow/example_dags/example_sla_dag.py
[2024-04-19T19:04:43.723+0000] {processor.py:830} INFO - Processing file /home/airflow/.local/lib/python3.12/site-packages/airflow/example_dags/example_sla_dag.py for tasks to queue
[2024-04-19T19:04:43.724+0000] {logging_mixin.py:188} INFO - [2024-04-19T19:04:43.723+0000] {dagbag.py:540} INFO - Filling up the DagBag from /home/airflow/.local/lib/python3.12/site-packages/airflow/example_dags/example_sla_dag.py
[2024-04-19T19:04:43.731+0000] {processor.py:840} INFO - DAG(s) 'example_sla_dag' retrieved from /home/airflow/.local/lib/python3.12/site-packages/airflow/example_dags/example_sla_dag.py
[2024-04-19T19:04:43.751+0000] {logging_mixin.py:188} INFO - [2024-04-19T19:04:43.751+0000] {dag.py:3096} INFO - Sync 1 DAGs
[2024-04-19T19:04:43.792+0000] {logging_mixin.py:188} INFO - [2024-04-19T19:04:43.791+0000] {dag.py:3954} INFO - Setting next_dagrun for example_sla_dag to 2024-04-19 19:02:00+00:00, run_after=2024-04-19 19:04:00+00:00
[2024-04-19T19:04:43.992+0000] {processor.py:183} INFO - Processing /home/airflow/.local/lib/python3.12/site-packages/airflow/example_dags/example_sla_dag.py took 0.276 seconds
[2024-04-19T19:05:14.322+0000] {processor.py:161} INFO - Started process (PID=1117) to work on /home/airflow/.local/lib/python3.12/site-packages/airflow/example_dags/example_sla_dag.py
[2024-04-19T19:05:14.323+0000] {processor.py:830} INFO - Processing file /home/airflow/.local/lib/python3.12/site-packages/airflow/example_dags/example_sla_dag.py for tasks to queue
[2024-04-19T19:05:14.324+0000] {logging_mixin.py:188} INFO - [2024-04-19T19:05:14.323+0000] {dagbag.py:540} INFO - Filling up the DagBag from /home/airflow/.local/lib/python3.12/site-packages/airflow/example_dags/example_sla_dag.py
[2024-04-19T19:05:14.337+0000] {processor.py:840} INFO - DAG(s) 'example_sla_dag' retrieved from /home/airflow/.local/lib/python3.12/site-packages/airflow/example_dags/example_sla_dag.py
[2024-04-19T19:05:14.361+0000] {logging_mixin.py:188} INFO - [2024-04-19T19:05:14.360+0000] {dag.py:3096} INFO - Sync 1 DAGs
[2024-04-19T19:05:14.586+0000] {logging_mixin.py:188} INFO - [2024-04-19T19:05:14.585+0000] {dag.py:3954} INFO - Setting next_dagrun for example_sla_dag to 2024-04-19 19:02:00+00:00, run_after=2024-04-19 19:04:00+00:00
[2024-04-19T19:05:14.612+0000] {processor.py:183} INFO - Processing /home/airflow/.local/lib/python3.12/site-packages/airflow/example_dags/example_sla_dag.py took 0.298 seconds
[2024-04-19T19:05:44.868+0000] {processor.py:161} INFO - Started process (PID=1177) to work on /home/airflow/.local/lib/python3.12/site-packages/airflow/example_dags/example_sla_dag.py
[2024-04-19T19:05:44.869+0000] {processor.py:830} INFO - Processing file /home/airflow/.local/lib/python3.12/site-packages/airflow/example_dags/example_sla_dag.py for tasks to queue
[2024-04-19T19:05:44.871+0000] {logging_mixin.py:188} INFO - [2024-04-19T19:05:44.870+0000] {dagbag.py:540} INFO - Filling up the DagBag from /home/airflow/.local/lib/python3.12/site-packages/airflow/example_dags/example_sla_dag.py
[2024-04-19T19:05:44.883+0000] {processor.py:840} INFO - DAG(s) 'example_sla_dag' retrieved from /home/airflow/.local/lib/python3.12/site-packages/airflow/example_dags/example_sla_dag.py
[2024-04-19T19:05:44.906+0000] {logging_mixin.py:188} INFO - [2024-04-19T19:05:44.905+0000] {dag.py:3096} INFO - Sync 1 DAGs
[2024-04-19T19:05:44.934+0000] {logging_mixin.py:188} INFO - [2024-04-19T19:05:44.934+0000] {dag.py:3954} INFO - Setting next_dagrun for example_sla_dag to 2024-04-19 19:02:00+00:00, run_after=2024-04-19 19:04:00+00:00
[2024-04-19T19:05:44.954+0000] {processor.py:183} INFO - Processing /home/airflow/.local/lib/python3.12/site-packages/airflow/example_dags/example_sla_dag.py took 0.092 seconds
[2024-04-19T19:06:15.640+0000] {processor.py:161} INFO - Started process (PID=1235) to work on /home/airflow/.local/lib/python3.12/site-packages/airflow/example_dags/example_sla_dag.py
[2024-04-19T19:06:15.642+0000] {processor.py:830} INFO - Processing file /home/airflow/.local/lib/python3.12/site-packages/airflow/example_dags/example_sla_dag.py for tasks to queue
[2024-04-19T19:06:15.643+0000] {logging_mixin.py:188} INFO - [2024-04-19T19:06:15.643+0000] {dagbag.py:540} INFO - Filling up the DagBag from /home/airflow/.local/lib/python3.12/site-packages/airflow/example_dags/example_sla_dag.py
[2024-04-19T19:06:15.652+0000] {processor.py:840} INFO - DAG(s) 'example_sla_dag' retrieved from /home/airflow/.local/lib/python3.12/site-packages/airflow/example_dags/example_sla_dag.py
[2024-04-19T19:06:15.673+0000] {logging_mixin.py:188} INFO - [2024-04-19T19:06:15.673+0000] {dag.py:3096} INFO - Sync 1 DAGs
[2024-04-19T19:06:15.697+0000] {logging_mixin.py:188} INFO - [2024-04-19T19:06:15.697+0000] {dag.py:3954} INFO - Setting next_dagrun for example_sla_dag to 2024-04-19 19:04:00+00:00, run_after=2024-04-19 19:06:00+00:00
[2024-04-19T19:06:15.724+0000] {processor.py:183} INFO - Processing /home/airflow/.local/lib/python3.12/site-packages/airflow/example_dags/example_sla_dag.py took 0.091 seconds
[2024-04-19T19:06:46.509+0000] {processor.py:161} INFO - Started process (PID=1295) to work on /home/airflow/.local/lib/python3.12/site-packages/airflow/example_dags/example_sla_dag.py
[2024-04-19T19:06:46.510+0000] {processor.py:830} INFO - Processing file /home/airflow/.local/lib/python3.12/site-packages/airflow/example_dags/example_sla_dag.py for tasks to queue
[2024-04-19T19:06:46.511+0000] {logging_mixin.py:188} INFO - [2024-04-19T19:06:46.511+0000] {dagbag.py:540} INFO - Filling up the DagBag from /home/airflow/.local/lib/python3.12/site-packages/airflow/example_dags/example_sla_dag.py
[2024-04-19T19:06:46.527+0000] {processor.py:840} INFO - DAG(s) 'example_sla_dag' retrieved from /home/airflow/.local/lib/python3.12/site-packages/airflow/example_dags/example_sla_dag.py
[2024-04-19T19:06:46.560+0000] {logging_mixin.py:188} INFO - [2024-04-19T19:06:46.560+0000] {dag.py:3096} INFO - Sync 1 DAGs
[2024-04-19T19:06:46.590+0000] {logging_mixin.py:188} INFO - [2024-04-19T19:06:46.590+0000] {dag.py:3954} INFO - Setting next_dagrun for example_sla_dag to 2024-04-19 19:04:00+00:00, run_after=2024-04-19 19:06:00+00:00
[2024-04-19T19:06:46.612+0000] {processor.py:183} INFO - Processing /home/airflow/.local/lib/python3.12/site-packages/airflow/example_dags/example_sla_dag.py took 0.113 seconds
[2024-04-19T19:07:16.707+0000] {processor.py:161} INFO - Started process (PID=1355) to work on /home/airflow/.local/lib/python3.12/site-packages/airflow/example_dags/example_sla_dag.py
[2024-04-19T19:07:16.708+0000] {processor.py:830} INFO - Processing file /home/airflow/.local/lib/python3.12/site-packages/airflow/example_dags/example_sla_dag.py for tasks to queue
[2024-04-19T19:07:16.711+0000] {logging_mixin.py:188} INFO - [2024-04-19T19:07:16.710+0000] {dagbag.py:540} INFO - Filling up the DagBag from /home/airflow/.local/lib/python3.12/site-packages/airflow/example_dags/example_sla_dag.py
[2024-04-19T19:07:16.722+0000] {processor.py:840} INFO - DAG(s) 'example_sla_dag' retrieved from /home/airflow/.local/lib/python3.12/site-packages/airflow/example_dags/example_sla_dag.py
[2024-04-19T19:07:16.749+0000] {logging_mixin.py:188} INFO - [2024-04-19T19:07:16.749+0000] {dag.py:3096} INFO - Sync 1 DAGs
[2024-04-19T19:07:16.789+0000] {logging_mixin.py:188} INFO - [2024-04-19T19:07:16.789+0000] {dag.py:3954} INFO - Setting next_dagrun for example_sla_dag to 2024-04-19 19:04:00+00:00, run_after=2024-04-19 19:06:00+00:00
[2024-04-19T19:07:16.818+0000] {processor.py:183} INFO - Processing /home/airflow/.local/lib/python3.12/site-packages/airflow/example_dags/example_sla_dag.py took 0.117 seconds
[2024-04-19T19:07:46.915+0000] {processor.py:161} INFO - Started process (PID=1415) to work on /home/airflow/.local/lib/python3.12/site-packages/airflow/example_dags/example_sla_dag.py
[2024-04-19T19:07:46.916+0000] {processor.py:830} INFO - Processing file /home/airflow/.local/lib/python3.12/site-packages/airflow/example_dags/example_sla_dag.py for tasks to queue
[2024-04-19T19:07:46.918+0000] {logging_mixin.py:188} INFO - [2024-04-19T19:07:46.917+0000] {dagbag.py:540} INFO - Filling up the DagBag from /home/airflow/.local/lib/python3.12/site-packages/airflow/example_dags/example_sla_dag.py
[2024-04-19T19:07:46.931+0000] {processor.py:840} INFO - DAG(s) 'example_sla_dag' retrieved from /home/airflow/.local/lib/python3.12/site-packages/airflow/example_dags/example_sla_dag.py
[2024-04-19T19:07:46.966+0000] {logging_mixin.py:188} INFO - [2024-04-19T19:07:46.966+0000] {dag.py:3096} INFO - Sync 1 DAGs
[2024-04-19T19:07:47.009+0000] {logging_mixin.py:188} INFO - [2024-04-19T19:07:47.009+0000] {dag.py:3954} INFO - Setting next_dagrun for example_sla_dag to 2024-04-19 19:04:00+00:00, run_after=2024-04-19 19:06:00+00:00
[2024-04-19T19:07:47.042+0000] {processor.py:183} INFO - Processing /home/airflow/.local/lib/python3.12/site-packages/airflow/example_dags/example_sla_dag.py took 0.136 seconds
[2024-04-19T19:08:17.530+0000] {processor.py:161} INFO - Started process (PID=1475) to work on /home/airflow/.local/lib/python3.12/site-packages/airflow/example_dags/example_sla_dag.py
[2024-04-19T19:08:17.532+0000] {processor.py:830} INFO - Processing file /home/airflow/.local/lib/python3.12/site-packages/airflow/example_dags/example_sla_dag.py for tasks to queue
[2024-04-19T19:08:17.533+0000] {logging_mixin.py:188} INFO - [2024-04-19T19:08:17.532+0000] {dagbag.py:540} INFO - Filling up the DagBag from /home/airflow/.local/lib/python3.12/site-packages/airflow/example_dags/example_sla_dag.py
[2024-04-19T19:08:17.545+0000] {processor.py:840} INFO - DAG(s) 'example_sla_dag' retrieved from /home/airflow/.local/lib/python3.12/site-packages/airflow/example_dags/example_sla_dag.py
[2024-04-19T19:08:17.566+0000] {logging_mixin.py:188} INFO - [2024-04-19T19:08:17.565+0000] {dag.py:3096} INFO - Sync 1 DAGs
[2024-04-19T19:08:17.596+0000] {logging_mixin.py:188} INFO - [2024-04-19T19:08:17.595+0000] {dag.py:3954} INFO - Setting next_dagrun for example_sla_dag to 2024-04-19 19:06:00+00:00, run_after=2024-04-19 19:08:00+00:00
[2024-04-19T19:08:17.616+0000] {processor.py:183} INFO - Processing /home/airflow/.local/lib/python3.12/site-packages/airflow/example_dags/example_sla_dag.py took 0.096 seconds
[2024-04-19T19:08:48.033+0000] {processor.py:161} INFO - Started process (PID=1536) to work on /home/airflow/.local/lib/python3.12/site-packages/airflow/example_dags/example_sla_dag.py
[2024-04-19T19:08:48.034+0000] {processor.py:830} INFO - Processing file /home/airflow/.local/lib/python3.12/site-packages/airflow/example_dags/example_sla_dag.py for tasks to queue
[2024-04-19T19:08:48.035+0000] {logging_mixin.py:188} INFO - [2024-04-19T19:08:48.035+0000] {dagbag.py:540} INFO - Filling up the DagBag from /home/airflow/.local/lib/python3.12/site-packages/airflow/example_dags/example_sla_dag.py
[2024-04-19T19:08:48.044+0000] {processor.py:840} INFO - DAG(s) 'example_sla_dag' retrieved from /home/airflow/.local/lib/python3.12/site-packages/airflow/example_dags/example_sla_dag.py
[2024-04-19T19:08:48.064+0000] {logging_mixin.py:188} INFO - [2024-04-19T19:08:48.064+0000] {dag.py:3096} INFO - Sync 1 DAGs
[2024-04-19T19:08:48.089+0000] {logging_mixin.py:188} INFO - [2024-04-19T19:08:48.089+0000] {dag.py:3954} INFO - Setting next_dagrun for example_sla_dag to 2024-04-19 19:06:00+00:00, run_after=2024-04-19 19:08:00+00:00
[2024-04-19T19:08:48.108+0000] {processor.py:183} INFO - Processing /home/airflow/.local/lib/python3.12/site-packages/airflow/example_dags/example_sla_dag.py took 0.082 seconds
[2024-04-19T19:09:19.054+0000] {processor.py:161} INFO - Started process (PID=1596) to work on /home/airflow/.local/lib/python3.12/site-packages/airflow/example_dags/example_sla_dag.py
[2024-04-19T19:09:19.055+0000] {processor.py:830} INFO - Processing file /home/airflow/.local/lib/python3.12/site-packages/airflow/example_dags/example_sla_dag.py for tasks to queue
[2024-04-19T19:09:19.057+0000] {logging_mixin.py:188} INFO - [2024-04-19T19:09:19.056+0000] {dagbag.py:540} INFO - Filling up the DagBag from /home/airflow/.local/lib/python3.12/site-packages/airflow/example_dags/example_sla_dag.py
[2024-04-19T19:09:19.067+0000] {processor.py:840} INFO - DAG(s) 'example_sla_dag' retrieved from /home/airflow/.local/lib/python3.12/site-packages/airflow/example_dags/example_sla_dag.py
[2024-04-19T19:09:19.090+0000] {logging_mixin.py:188} INFO - [2024-04-19T19:09:19.090+0000] {dag.py:3096} INFO - Sync 1 DAGs
[2024-04-19T19:09:19.118+0000] {logging_mixin.py:188} INFO - [2024-04-19T19:09:19.117+0000] {dag.py:3954} INFO - Setting next_dagrun for example_sla_dag to 2024-04-19 19:06:00+00:00, run_after=2024-04-19 19:08:00+00:00
[2024-04-19T19:09:19.136+0000] {processor.py:183} INFO - Processing /home/airflow/.local/lib/python3.12/site-packages/airflow/example_dags/example_sla_dag.py took 0.089 seconds
[2024-04-19T19:09:49.483+0000] {processor.py:161} INFO - Started process (PID=1656) to work on /home/airflow/.local/lib/python3.12/site-packages/airflow/example_dags/example_sla_dag.py
[2024-04-19T19:09:49.484+0000] {processor.py:830} INFO - Processing file /home/airflow/.local/lib/python3.12/site-packages/airflow/example_dags/example_sla_dag.py for tasks to queue
[2024-04-19T19:09:49.487+0000] {logging_mixin.py:188} INFO - [2024-04-19T19:09:49.486+0000] {dagbag.py:540} INFO - Filling up the DagBag from /home/airflow/.local/lib/python3.12/site-packages/airflow/example_dags/example_sla_dag.py
[2024-04-19T19:09:49.500+0000] {processor.py:840} INFO - DAG(s) 'example_sla_dag' retrieved from /home/airflow/.local/lib/python3.12/site-packages/airflow/example_dags/example_sla_dag.py
[2024-04-19T19:09:49.528+0000] {logging_mixin.py:188} INFO - [2024-04-19T19:09:49.528+0000] {dag.py:3096} INFO - Sync 1 DAGs
[2024-04-19T19:09:49.571+0000] {logging_mixin.py:188} INFO - [2024-04-19T19:09:49.571+0000] {dag.py:3954} INFO - Setting next_dagrun for example_sla_dag to 2024-04-19 19:06:00+00:00, run_after=2024-04-19 19:08:00+00:00
[2024-04-19T19:09:49.599+0000] {processor.py:183} INFO - Processing /home/airflow/.local/lib/python3.12/site-packages/airflow/example_dags/example_sla_dag.py took 0.128 seconds
[2024-04-19T19:10:19.909+0000] {processor.py:161} INFO - Started process (PID=1716) to work on /home/airflow/.local/lib/python3.12/site-packages/airflow/example_dags/example_sla_dag.py
[2024-04-19T19:10:19.911+0000] {processor.py:830} INFO - Processing file /home/airflow/.local/lib/python3.12/site-packages/airflow/example_dags/example_sla_dag.py for tasks to queue
[2024-04-19T19:10:19.912+0000] {logging_mixin.py:188} INFO - [2024-04-19T19:10:19.912+0000] {dagbag.py:540} INFO - Filling up the DagBag from /home/airflow/.local/lib/python3.12/site-packages/airflow/example_dags/example_sla_dag.py
[2024-04-19T19:10:19.929+0000] {processor.py:840} INFO - DAG(s) 'example_sla_dag' retrieved from /home/airflow/.local/lib/python3.12/site-packages/airflow/example_dags/example_sla_dag.py
[2024-04-19T19:10:19.975+0000] {logging_mixin.py:188} INFO - [2024-04-19T19:10:19.974+0000] {dag.py:3096} INFO - Sync 1 DAGs
[2024-04-19T19:10:20.010+0000] {logging_mixin.py:188} INFO - [2024-04-19T19:10:20.010+0000] {dag.py:3954} INFO - Setting next_dagrun for example_sla_dag to 2024-04-19 19:08:00+00:00, run_after=2024-04-19 19:10:00+00:00
[2024-04-19T19:10:20.031+0000] {processor.py:183} INFO - Processing /home/airflow/.local/lib/python3.12/site-packages/airflow/example_dags/example_sla_dag.py took 0.132 seconds
[2024-04-19T19:10:50.608+0000] {processor.py:161} INFO - Started process (PID=1776) to work on /home/airflow/.local/lib/python3.12/site-packages/airflow/example_dags/example_sla_dag.py
[2024-04-19T19:10:50.609+0000] {processor.py:830} INFO - Processing file /home/airflow/.local/lib/python3.12/site-packages/airflow/example_dags/example_sla_dag.py for tasks to queue
[2024-04-19T19:10:50.610+0000] {logging_mixin.py:188} INFO - [2024-04-19T19:10:50.610+0000] {dagbag.py:540} INFO - Filling up the DagBag from /home/airflow/.local/lib/python3.12/site-packages/airflow/example_dags/example_sla_dag.py
[2024-04-19T19:10:50.617+0000] {processor.py:840} INFO - DAG(s) 'example_sla_dag' retrieved from /home/airflow/.local/lib/python3.12/site-packages/airflow/example_dags/example_sla_dag.py
[2024-04-19T19:10:50.641+0000] {logging_mixin.py:188} INFO - [2024-04-19T19:10:50.641+0000] {dag.py:3096} INFO - Sync 1 DAGs
[2024-04-19T19:10:50.663+0000] {logging_mixin.py:188} INFO - [2024-04-19T19:10:50.663+0000] {dag.py:3954} INFO - Setting next_dagrun for example_sla_dag to 2024-04-19 19:08:00+00:00, run_after=2024-04-19 19:10:00+00:00
[2024-04-19T19:10:50.681+0000] {processor.py:183} INFO - Processing /home/airflow/.local/lib/python3.12/site-packages/airflow/example_dags/example_sla_dag.py took 0.079 seconds
[2024-04-19T19:11:20.927+0000] {processor.py:161} INFO - Started process (PID=1836) to work on /home/airflow/.local/lib/python3.12/site-packages/airflow/example_dags/example_sla_dag.py
[2024-04-19T19:11:20.929+0000] {processor.py:830} INFO - Processing file /home/airflow/.local/lib/python3.12/site-packages/airflow/example_dags/example_sla_dag.py for tasks to queue
[2024-04-19T19:11:20.930+0000] {logging_mixin.py:188} INFO - [2024-04-19T19:11:20.930+0000] {dagbag.py:540} INFO - Filling up the DagBag from /home/airflow/.local/lib/python3.12/site-packages/airflow/example_dags/example_sla_dag.py
[2024-04-19T19:11:20.947+0000] {processor.py:840} INFO - DAG(s) 'example_sla_dag' retrieved from /home/airflow/.local/lib/python3.12/site-packages/airflow/example_dags/example_sla_dag.py
[2024-04-19T19:11:20.979+0000] {logging_mixin.py:188} INFO - [2024-04-19T19:11:20.977+0000] {dag.py:3096} INFO - Sync 1 DAGs
[2024-04-19T19:11:21.016+0000] {logging_mixin.py:188} INFO - [2024-04-19T19:11:21.015+0000] {dag.py:3954} INFO - Setting next_dagrun for example_sla_dag to 2024-04-19 19:08:00+00:00, run_after=2024-04-19 19:10:00+00:00
[2024-04-19T19:11:21.039+0000] {processor.py:183} INFO - Processing /home/airflow/.local/lib/python3.12/site-packages/airflow/example_dags/example_sla_dag.py took 0.122 seconds
[2024-04-19T19:11:51.519+0000] {processor.py:161} INFO - Started process (PID=1897) to work on /home/airflow/.local/lib/python3.12/site-packages/airflow/example_dags/example_sla_dag.py
[2024-04-19T19:11:51.520+0000] {processor.py:830} INFO - Processing file /home/airflow/.local/lib/python3.12/site-packages/airflow/example_dags/example_sla_dag.py for tasks to queue
[2024-04-19T19:11:51.521+0000] {logging_mixin.py:188} INFO - [2024-04-19T19:11:51.521+0000] {dagbag.py:540} INFO - Filling up the DagBag from /home/airflow/.local/lib/python3.12/site-packages/airflow/example_dags/example_sla_dag.py
[2024-04-19T19:11:51.531+0000] {processor.py:840} INFO - DAG(s) 'example_sla_dag' retrieved from /home/airflow/.local/lib/python3.12/site-packages/airflow/example_dags/example_sla_dag.py
[2024-04-19T19:11:51.553+0000] {logging_mixin.py:188} INFO - [2024-04-19T19:11:51.553+0000] {dag.py:3096} INFO - Sync 1 DAGs
[2024-04-19T19:11:51.583+0000] {logging_mixin.py:188} INFO - [2024-04-19T19:11:51.583+0000] {dag.py:3954} INFO - Setting next_dagrun for example_sla_dag to 2024-04-19 19:08:00+00:00, run_after=2024-04-19 19:10:00+00:00
[2024-04-19T19:11:51.606+0000] {processor.py:183} INFO - Processing /home/airflow/.local/lib/python3.12/site-packages/airflow/example_dags/example_sla_dag.py took 0.093 seconds
[2024-04-19T19:12:22.299+0000] {processor.py:161} INFO - Started process (PID=1957) to work on /home/airflow/.local/lib/python3.12/site-packages/airflow/example_dags/example_sla_dag.py
[2024-04-19T19:12:22.300+0000] {processor.py:830} INFO - Processing file /home/airflow/.local/lib/python3.12/site-packages/airflow/example_dags/example_sla_dag.py for tasks to queue
[2024-04-19T19:12:22.301+0000] {logging_mixin.py:188} INFO - [2024-04-19T19:12:22.301+0000] {dagbag.py:540} INFO - Filling up the DagBag from /home/airflow/.local/lib/python3.12/site-packages/airflow/example_dags/example_sla_dag.py
[2024-04-19T19:12:22.310+0000] {processor.py:840} INFO - DAG(s) 'example_sla_dag' retrieved from /home/airflow/.local/lib/python3.12/site-packages/airflow/example_dags/example_sla_dag.py
[2024-04-19T19:12:22.335+0000] {logging_mixin.py:188} INFO - [2024-04-19T19:12:22.334+0000] {dag.py:3096} INFO - Sync 1 DAGs
[2024-04-19T19:12:22.363+0000] {logging_mixin.py:188} INFO - [2024-04-19T19:12:22.362+0000] {dag.py:3954} INFO - Setting next_dagrun for example_sla_dag to 2024-04-19 19:10:00+00:00, run_after=2024-04-19 19:12:00+00:00
[2024-04-19T19:12:22.393+0000] {processor.py:183} INFO - Processing /home/airflow/.local/lib/python3.12/site-packages/airflow/example_dags/example_sla_dag.py took 0.101 seconds
[2024-04-19T19:12:52.864+0000] {processor.py:161} INFO - Started process (PID=2017) to work on /home/airflow/.local/lib/python3.12/site-packages/airflow/example_dags/example_sla_dag.py
[2024-04-19T19:12:52.865+0000] {processor.py:830} INFO - Processing file /home/airflow/.local/lib/python3.12/site-packages/airflow/example_dags/example_sla_dag.py for tasks to queue
[2024-04-19T19:12:52.866+0000] {logging_mixin.py:188} INFO - [2024-04-19T19:12:52.865+0000] {dagbag.py:540} INFO - Filling up the DagBag from /home/airflow/.local/lib/python3.12/site-packages/airflow/example_dags/example_sla_dag.py
[2024-04-19T19:12:52.874+0000] {processor.py:840} INFO - DAG(s) 'example_sla_dag' retrieved from /home/airflow/.local/lib/python3.12/site-packages/airflow/example_dags/example_sla_dag.py
[2024-04-19T19:12:52.895+0000] {logging_mixin.py:188} INFO - [2024-04-19T19:12:52.894+0000] {dag.py:3096} INFO - Sync 1 DAGs
[2024-04-19T19:12:52.921+0000] {logging_mixin.py:188} INFO - [2024-04-19T19:12:52.921+0000] {dag.py:3954} INFO - Setting next_dagrun for example_sla_dag to 2024-04-19 19:10:00+00:00, run_after=2024-04-19 19:12:00+00:00
[2024-04-19T19:12:52.944+0000] {processor.py:183} INFO - Processing /home/airflow/.local/lib/python3.12/site-packages/airflow/example_dags/example_sla_dag.py took 0.088 seconds
[2024-04-19T19:13:23.130+0000] {processor.py:161} INFO - Started process (PID=2077) to work on /home/airflow/.local/lib/python3.12/site-packages/airflow/example_dags/example_sla_dag.py
[2024-04-19T19:13:23.131+0000] {processor.py:830} INFO - Processing file /home/airflow/.local/lib/python3.12/site-packages/airflow/example_dags/example_sla_dag.py for tasks to queue
[2024-04-19T19:13:23.132+0000] {logging_mixin.py:188} INFO - [2024-04-19T19:13:23.132+0000] {dagbag.py:540} INFO - Filling up the DagBag from /home/airflow/.local/lib/python3.12/site-packages/airflow/example_dags/example_sla_dag.py
[2024-04-19T19:13:23.141+0000] {processor.py:840} INFO - DAG(s) 'example_sla_dag' retrieved from /home/airflow/.local/lib/python3.12/site-packages/airflow/example_dags/example_sla_dag.py
[2024-04-19T19:13:23.166+0000] {logging_mixin.py:188} INFO - [2024-04-19T19:13:23.166+0000] {dag.py:3096} INFO - Sync 1 DAGs
[2024-04-19T19:13:23.198+0000] {logging_mixin.py:188} INFO - [2024-04-19T19:13:23.197+0000] {dag.py:3954} INFO - Setting next_dagrun for example_sla_dag to 2024-04-19 19:10:00+00:00, run_after=2024-04-19 19:12:00+00:00
[2024-04-19T19:13:23.222+0000] {processor.py:183} INFO - Processing /home/airflow/.local/lib/python3.12/site-packages/airflow/example_dags/example_sla_dag.py took 0.100 seconds
[2024-04-19T19:13:53.282+0000] {processor.py:161} INFO - Started process (PID=2137) to work on /home/airflow/.local/lib/python3.12/site-packages/airflow/example_dags/example_sla_dag.py
[2024-04-19T19:13:53.283+0000] {processor.py:830} INFO - Processing file /home/airflow/.local/lib/python3.12/site-packages/airflow/example_dags/example_sla_dag.py for tasks to queue
[2024-04-19T19:13:53.284+0000] {logging_mixin.py:188} INFO - [2024-04-19T19:13:53.284+0000] {dagbag.py:540} INFO - Filling up the DagBag from /home/airflow/.local/lib/python3.12/site-packages/airflow/example_dags/example_sla_dag.py
[2024-04-19T19:13:53.293+0000] {processor.py:840} INFO - DAG(s) 'example_sla_dag' retrieved from /home/airflow/.local/lib/python3.12/site-packages/airflow/example_dags/example_sla_dag.py
[2024-04-19T19:13:53.314+0000] {logging_mixin.py:188} INFO - [2024-04-19T19:13:53.314+0000] {dag.py:3096} INFO - Sync 1 DAGs
[2024-04-19T19:13:53.340+0000] {logging_mixin.py:188} INFO - [2024-04-19T19:13:53.339+0000] {dag.py:3954} INFO - Setting next_dagrun for example_sla_dag to 2024-04-19 19:10:00+00:00, run_after=2024-04-19 19:12:00+00:00
[2024-04-19T19:13:53.366+0000] {processor.py:183} INFO - Processing /home/airflow/.local/lib/python3.12/site-packages/airflow/example_dags/example_sla_dag.py took 0.093 seconds
[2024-04-19T19:14:23.606+0000] {processor.py:161} INFO - Started process (PID=2196) to work on /home/airflow/.local/lib/python3.12/site-packages/airflow/example_dags/example_sla_dag.py
[2024-04-19T19:14:23.608+0000] {processor.py:830} INFO - Processing file /home/airflow/.local/lib/python3.12/site-packages/airflow/example_dags/example_sla_dag.py for tasks to queue
[2024-04-19T19:14:23.609+0000] {logging_mixin.py:188} INFO - [2024-04-19T19:14:23.609+0000] {dagbag.py:540} INFO - Filling up the DagBag from /home/airflow/.local/lib/python3.12/site-packages/airflow/example_dags/example_sla_dag.py
[2024-04-19T19:14:23.618+0000] {processor.py:840} INFO - DAG(s) 'example_sla_dag' retrieved from /home/airflow/.local/lib/python3.12/site-packages/airflow/example_dags/example_sla_dag.py
[2024-04-19T19:14:23.645+0000] {logging_mixin.py:188} INFO - [2024-04-19T19:14:23.645+0000] {dag.py:3096} INFO - Sync 1 DAGs
[2024-04-19T19:14:23.731+0000] {logging_mixin.py:188} INFO - [2024-04-19T19:14:23.730+0000] {dag.py:3954} INFO - Setting next_dagrun for example_sla_dag to 2024-04-19 19:12:00+00:00, run_after=2024-04-19 19:14:00+00:00
[2024-04-19T19:14:23.776+0000] {processor.py:183} INFO - Processing /home/airflow/.local/lib/python3.12/site-packages/airflow/example_dags/example_sla_dag.py took 0.179 seconds
[2024-04-19T19:14:53.987+0000] {processor.py:161} INFO - Started process (PID=2256) to work on /home/airflow/.local/lib/python3.12/site-packages/airflow/example_dags/example_sla_dag.py
[2024-04-19T19:14:53.988+0000] {processor.py:830} INFO - Processing file /home/airflow/.local/lib/python3.12/site-packages/airflow/example_dags/example_sla_dag.py for tasks to queue
[2024-04-19T19:14:53.990+0000] {logging_mixin.py:188} INFO - [2024-04-19T19:14:53.990+0000] {dagbag.py:540} INFO - Filling up the DagBag from /home/airflow/.local/lib/python3.12/site-packages/airflow/example_dags/example_sla_dag.py
[2024-04-19T19:14:54.008+0000] {processor.py:840} INFO - DAG(s) 'example_sla_dag' retrieved from /home/airflow/.local/lib/python3.12/site-packages/airflow/example_dags/example_sla_dag.py
[2024-04-19T19:14:54.042+0000] {logging_mixin.py:188} INFO - [2024-04-19T19:14:54.041+0000] {dag.py:3096} INFO - Sync 1 DAGs
[2024-04-19T19:14:54.092+0000] {logging_mixin.py:188} INFO - [2024-04-19T19:14:54.092+0000] {dag.py:3954} INFO - Setting next_dagrun for example_sla_dag to 2024-04-19 19:12:00+00:00, run_after=2024-04-19 19:14:00+00:00
[2024-04-19T19:14:54.160+0000] {processor.py:183} INFO - Processing /home/airflow/.local/lib/python3.12/site-packages/airflow/example_dags/example_sla_dag.py took 0.181 seconds
[2024-04-19T19:15:24.392+0000] {processor.py:161} INFO - Started process (PID=2316) to work on /home/airflow/.local/lib/python3.12/site-packages/airflow/example_dags/example_sla_dag.py
[2024-04-19T19:15:24.393+0000] {processor.py:830} INFO - Processing file /home/airflow/.local/lib/python3.12/site-packages/airflow/example_dags/example_sla_dag.py for tasks to queue
[2024-04-19T19:15:24.394+0000] {logging_mixin.py:188} INFO - [2024-04-19T19:15:24.394+0000] {dagbag.py:540} INFO - Filling up the DagBag from /home/airflow/.local/lib/python3.12/site-packages/airflow/example_dags/example_sla_dag.py
[2024-04-19T19:15:24.404+0000] {processor.py:840} INFO - DAG(s) 'example_sla_dag' retrieved from /home/airflow/.local/lib/python3.12/site-packages/airflow/example_dags/example_sla_dag.py
[2024-04-19T19:15:24.427+0000] {logging_mixin.py:188} INFO - [2024-04-19T19:15:24.427+0000] {dag.py:3096} INFO - Sync 1 DAGs
[2024-04-19T19:15:24.454+0000] {logging_mixin.py:188} INFO - [2024-04-19T19:15:24.453+0000] {dag.py:3954} INFO - Setting next_dagrun for example_sla_dag to 2024-04-19 19:12:00+00:00, run_after=2024-04-19 19:14:00+00:00
[2024-04-19T19:15:24.475+0000] {processor.py:183} INFO - Processing /home/airflow/.local/lib/python3.12/site-packages/airflow/example_dags/example_sla_dag.py took 0.089 seconds
[2024-04-19T19:15:55.435+0000] {processor.py:161} INFO - Started process (PID=2376) to work on /home/airflow/.local/lib/python3.12/site-packages/airflow/example_dags/example_sla_dag.py
[2024-04-19T19:15:55.437+0000] {processor.py:830} INFO - Processing file /home/airflow/.local/lib/python3.12/site-packages/airflow/example_dags/example_sla_dag.py for tasks to queue
[2024-04-19T19:15:55.439+0000] {logging_mixin.py:188} INFO - [2024-04-19T19:15:55.438+0000] {dagbag.py:540} INFO - Filling up the DagBag from /home/airflow/.local/lib/python3.12/site-packages/airflow/example_dags/example_sla_dag.py
[2024-04-19T19:15:55.453+0000] {processor.py:840} INFO - DAG(s) 'example_sla_dag' retrieved from /home/airflow/.local/lib/python3.12/site-packages/airflow/example_dags/example_sla_dag.py
[2024-04-19T19:15:55.479+0000] {logging_mixin.py:188} INFO - [2024-04-19T19:15:55.479+0000] {dag.py:3096} INFO - Sync 1 DAGs
[2024-04-19T19:15:55.509+0000] {logging_mixin.py:188} INFO - [2024-04-19T19:15:55.509+0000] {dag.py:3954} INFO - Setting next_dagrun for example_sla_dag to 2024-04-19 19:12:00+00:00, run_after=2024-04-19 19:14:00+00:00
[2024-04-19T19:15:55.536+0000] {processor.py:183} INFO - Processing /home/airflow/.local/lib/python3.12/site-packages/airflow/example_dags/example_sla_dag.py took 0.114 seconds
[2024-04-19T19:16:25.862+0000] {processor.py:161} INFO - Started process (PID=2436) to work on /home/airflow/.local/lib/python3.12/site-packages/airflow/example_dags/example_sla_dag.py
[2024-04-19T19:16:25.864+0000] {processor.py:830} INFO - Processing file /home/airflow/.local/lib/python3.12/site-packages/airflow/example_dags/example_sla_dag.py for tasks to queue
[2024-04-19T19:16:25.865+0000] {logging_mixin.py:188} INFO - [2024-04-19T19:16:25.864+0000] {dagbag.py:540} INFO - Filling up the DagBag from /home/airflow/.local/lib/python3.12/site-packages/airflow/example_dags/example_sla_dag.py
[2024-04-19T19:16:25.876+0000] {processor.py:840} INFO - DAG(s) 'example_sla_dag' retrieved from /home/airflow/.local/lib/python3.12/site-packages/airflow/example_dags/example_sla_dag.py
[2024-04-19T19:16:25.910+0000] {logging_mixin.py:188} INFO - [2024-04-19T19:16:25.910+0000] {dag.py:3096} INFO - Sync 1 DAGs
[2024-04-19T19:16:25.955+0000] {logging_mixin.py:188} INFO - [2024-04-19T19:16:25.955+0000] {dag.py:3954} INFO - Setting next_dagrun for example_sla_dag to 2024-04-19 19:14:00+00:00, run_after=2024-04-19 19:16:00+00:00
[2024-04-19T19:16:26.017+0000] {processor.py:183} INFO - Processing /home/airflow/.local/lib/python3.12/site-packages/airflow/example_dags/example_sla_dag.py took 0.165 seconds
[2024-04-19T19:16:58.064+0000] {processor.py:161} INFO - Started process (PID=2496) to work on /home/airflow/.local/lib/python3.12/site-packages/airflow/example_dags/example_sla_dag.py
[2024-04-19T19:16:58.096+0000] {processor.py:830} INFO - Processing file /home/airflow/.local/lib/python3.12/site-packages/airflow/example_dags/example_sla_dag.py for tasks to queue
[2024-04-19T19:16:58.123+0000] {logging_mixin.py:188} INFO - [2024-04-19T19:16:58.112+0000] {dagbag.py:540} INFO - Filling up the DagBag from /home/airflow/.local/lib/python3.12/site-packages/airflow/example_dags/example_sla_dag.py
[2024-04-19T19:16:58.225+0000] {processor.py:840} INFO - DAG(s) 'example_sla_dag' retrieved from /home/airflow/.local/lib/python3.12/site-packages/airflow/example_dags/example_sla_dag.py
[2024-04-19T19:16:58.717+0000] {logging_mixin.py:188} INFO - [2024-04-19T19:16:58.716+0000] {dag.py:3096} INFO - Sync 1 DAGs
[2024-04-19T19:16:58.847+0000] {logging_mixin.py:188} INFO - [2024-04-19T19:16:58.847+0000] {dag.py:3954} INFO - Setting next_dagrun for example_sla_dag to 2024-04-19 19:14:00+00:00, run_after=2024-04-19 19:16:00+00:00
[2024-04-19T19:16:58.960+0000] {processor.py:183} INFO - Processing /home/airflow/.local/lib/python3.12/site-packages/airflow/example_dags/example_sla_dag.py took 0.913 seconds
