[2024-04-19T18:33:05.116+0000] {processor.py:161} INFO - Started process (PID=50) to work on /home/airflow/.local/lib/python3.12/site-packages/airflow/example_dags/example_complex.py
[2024-04-19T18:33:05.159+0000] {processor.py:830} INFO - Processing file /home/airflow/.local/lib/python3.12/site-packages/airflow/example_dags/example_complex.py for tasks to queue
[2024-04-19T18:33:05.206+0000] {logging_mixin.py:188} INFO - [2024-04-19T18:33:05.203+0000] {dagbag.py:540} INFO - Filling up the DagBag from /home/airflow/.local/lib/python3.12/site-packages/airflow/example_dags/example_complex.py
[2024-04-19T18:33:05.300+0000] {processor.py:840} INFO - DAG(s) 'example_complex' retrieved from /home/airflow/.local/lib/python3.12/site-packages/airflow/example_dags/example_complex.py
[2024-04-19T18:33:05.903+0000] {logging_mixin.py:188} INFO - [2024-04-19T18:33:05.903+0000] {dag.py:3096} INFO - Sync 1 DAGs
[2024-04-19T18:33:05.939+0000] {logging_mixin.py:188} INFO - [2024-04-19T18:33:05.938+0000] {dag.py:3954} INFO - Setting next_dagrun for example_complex to None, run_after=None
[2024-04-19T18:33:06.016+0000] {processor.py:183} INFO - Processing /home/airflow/.local/lib/python3.12/site-packages/airflow/example_dags/example_complex.py took 1.051 seconds
[2024-04-19T18:33:37.120+0000] {processor.py:161} INFO - Started process (PID=109) to work on /home/airflow/.local/lib/python3.12/site-packages/airflow/example_dags/example_complex.py
[2024-04-19T18:33:37.125+0000] {processor.py:830} INFO - Processing file /home/airflow/.local/lib/python3.12/site-packages/airflow/example_dags/example_complex.py for tasks to queue
[2024-04-19T18:33:37.129+0000] {logging_mixin.py:188} INFO - [2024-04-19T18:33:37.128+0000] {dagbag.py:540} INFO - Filling up the DagBag from /home/airflow/.local/lib/python3.12/site-packages/airflow/example_dags/example_complex.py
[2024-04-19T18:33:37.150+0000] {processor.py:840} INFO - DAG(s) 'example_complex' retrieved from /home/airflow/.local/lib/python3.12/site-packages/airflow/example_dags/example_complex.py
[2024-04-19T18:33:37.209+0000] {logging_mixin.py:188} INFO - [2024-04-19T18:33:37.208+0000] {dag.py:3096} INFO - Sync 1 DAGs
[2024-04-19T18:33:37.250+0000] {logging_mixin.py:188} INFO - [2024-04-19T18:33:37.250+0000] {dag.py:3954} INFO - Setting next_dagrun for example_complex to None, run_after=None
[2024-04-19T18:33:37.374+0000] {processor.py:183} INFO - Processing /home/airflow/.local/lib/python3.12/site-packages/airflow/example_dags/example_complex.py took 0.266 seconds
[2024-04-19T18:34:08.274+0000] {processor.py:161} INFO - Started process (PID=165) to work on /home/airflow/.local/lib/python3.12/site-packages/airflow/example_dags/example_complex.py
[2024-04-19T18:34:08.275+0000] {processor.py:830} INFO - Processing file /home/airflow/.local/lib/python3.12/site-packages/airflow/example_dags/example_complex.py for tasks to queue
[2024-04-19T18:34:08.277+0000] {logging_mixin.py:188} INFO - [2024-04-19T18:34:08.277+0000] {dagbag.py:540} INFO - Filling up the DagBag from /home/airflow/.local/lib/python3.12/site-packages/airflow/example_dags/example_complex.py
[2024-04-19T18:34:08.291+0000] {processor.py:840} INFO - DAG(s) 'example_complex' retrieved from /home/airflow/.local/lib/python3.12/site-packages/airflow/example_dags/example_complex.py
[2024-04-19T18:34:08.341+0000] {logging_mixin.py:188} INFO - [2024-04-19T18:34:08.340+0000] {dag.py:3096} INFO - Sync 1 DAGs
[2024-04-19T18:34:08.361+0000] {logging_mixin.py:188} INFO - [2024-04-19T18:34:08.360+0000] {dag.py:3954} INFO - Setting next_dagrun for example_complex to None, run_after=None
[2024-04-19T18:34:08.383+0000] {processor.py:183} INFO - Processing /home/airflow/.local/lib/python3.12/site-packages/airflow/example_dags/example_complex.py took 0.117 seconds
[2024-04-19T18:34:39.198+0000] {processor.py:161} INFO - Started process (PID=223) to work on /home/airflow/.local/lib/python3.12/site-packages/airflow/example_dags/example_complex.py
[2024-04-19T18:34:39.200+0000] {processor.py:830} INFO - Processing file /home/airflow/.local/lib/python3.12/site-packages/airflow/example_dags/example_complex.py for tasks to queue
[2024-04-19T18:34:39.202+0000] {logging_mixin.py:188} INFO - [2024-04-19T18:34:39.201+0000] {dagbag.py:540} INFO - Filling up the DagBag from /home/airflow/.local/lib/python3.12/site-packages/airflow/example_dags/example_complex.py
[2024-04-19T18:34:39.218+0000] {processor.py:840} INFO - DAG(s) 'example_complex' retrieved from /home/airflow/.local/lib/python3.12/site-packages/airflow/example_dags/example_complex.py
[2024-04-19T18:34:39.283+0000] {logging_mixin.py:188} INFO - [2024-04-19T18:34:39.282+0000] {dag.py:3096} INFO - Sync 1 DAGs
[2024-04-19T18:34:39.307+0000] {logging_mixin.py:188} INFO - [2024-04-19T18:34:39.307+0000] {dag.py:3954} INFO - Setting next_dagrun for example_complex to None, run_after=None
[2024-04-19T18:34:39.338+0000] {processor.py:183} INFO - Processing /home/airflow/.local/lib/python3.12/site-packages/airflow/example_dags/example_complex.py took 0.146 seconds
[2024-04-19T18:35:09.818+0000] {processor.py:161} INFO - Started process (PID=281) to work on /home/airflow/.local/lib/python3.12/site-packages/airflow/example_dags/example_complex.py
[2024-04-19T18:35:09.820+0000] {processor.py:830} INFO - Processing file /home/airflow/.local/lib/python3.12/site-packages/airflow/example_dags/example_complex.py for tasks to queue
[2024-04-19T18:35:09.829+0000] {logging_mixin.py:188} INFO - [2024-04-19T18:35:09.827+0000] {dagbag.py:540} INFO - Filling up the DagBag from /home/airflow/.local/lib/python3.12/site-packages/airflow/example_dags/example_complex.py
[2024-04-19T18:35:09.856+0000] {processor.py:840} INFO - DAG(s) 'example_complex' retrieved from /home/airflow/.local/lib/python3.12/site-packages/airflow/example_dags/example_complex.py
[2024-04-19T18:35:09.893+0000] {logging_mixin.py:188} INFO - [2024-04-19T18:35:09.893+0000] {dag.py:3096} INFO - Sync 1 DAGs
[2024-04-19T18:35:09.906+0000] {logging_mixin.py:188} INFO - [2024-04-19T18:35:09.906+0000] {dag.py:3954} INFO - Setting next_dagrun for example_complex to None, run_after=None
[2024-04-19T18:35:09.929+0000] {processor.py:183} INFO - Processing /home/airflow/.local/lib/python3.12/site-packages/airflow/example_dags/example_complex.py took 0.117 seconds
[2024-04-19T18:35:40.860+0000] {processor.py:161} INFO - Started process (PID=339) to work on /home/airflow/.local/lib/python3.12/site-packages/airflow/example_dags/example_complex.py
[2024-04-19T18:35:40.861+0000] {processor.py:830} INFO - Processing file /home/airflow/.local/lib/python3.12/site-packages/airflow/example_dags/example_complex.py for tasks to queue
[2024-04-19T18:35:40.863+0000] {logging_mixin.py:188} INFO - [2024-04-19T18:35:40.863+0000] {dagbag.py:540} INFO - Filling up the DagBag from /home/airflow/.local/lib/python3.12/site-packages/airflow/example_dags/example_complex.py
[2024-04-19T18:35:40.876+0000] {processor.py:840} INFO - DAG(s) 'example_complex' retrieved from /home/airflow/.local/lib/python3.12/site-packages/airflow/example_dags/example_complex.py
[2024-04-19T18:35:40.914+0000] {logging_mixin.py:188} INFO - [2024-04-19T18:35:40.913+0000] {dag.py:3096} INFO - Sync 1 DAGs
[2024-04-19T18:35:40.932+0000] {logging_mixin.py:188} INFO - [2024-04-19T18:35:40.932+0000] {dag.py:3954} INFO - Setting next_dagrun for example_complex to None, run_after=None
[2024-04-19T18:35:40.961+0000] {processor.py:183} INFO - Processing /home/airflow/.local/lib/python3.12/site-packages/airflow/example_dags/example_complex.py took 0.107 seconds
[2024-04-19T18:36:11.100+0000] {processor.py:161} INFO - Started process (PID=398) to work on /home/airflow/.local/lib/python3.12/site-packages/airflow/example_dags/example_complex.py
[2024-04-19T18:36:11.101+0000] {processor.py:830} INFO - Processing file /home/airflow/.local/lib/python3.12/site-packages/airflow/example_dags/example_complex.py for tasks to queue
[2024-04-19T18:36:11.103+0000] {logging_mixin.py:188} INFO - [2024-04-19T18:36:11.103+0000] {dagbag.py:540} INFO - Filling up the DagBag from /home/airflow/.local/lib/python3.12/site-packages/airflow/example_dags/example_complex.py
[2024-04-19T18:36:11.117+0000] {processor.py:840} INFO - DAG(s) 'example_complex' retrieved from /home/airflow/.local/lib/python3.12/site-packages/airflow/example_dags/example_complex.py
[2024-04-19T18:36:11.132+0000] {logging_mixin.py:188} INFO - [2024-04-19T18:36:11.131+0000] {dag.py:3096} INFO - Sync 1 DAGs
[2024-04-19T18:36:11.158+0000] {logging_mixin.py:188} INFO - [2024-04-19T18:36:11.157+0000] {dag.py:3954} INFO - Setting next_dagrun for example_complex to None, run_after=None
[2024-04-19T18:36:11.185+0000] {processor.py:183} INFO - Processing /home/airflow/.local/lib/python3.12/site-packages/airflow/example_dags/example_complex.py took 0.090 seconds
[2024-04-19T18:36:41.877+0000] {processor.py:161} INFO - Started process (PID=456) to work on /home/airflow/.local/lib/python3.12/site-packages/airflow/example_dags/example_complex.py
[2024-04-19T18:36:41.878+0000] {processor.py:830} INFO - Processing file /home/airflow/.local/lib/python3.12/site-packages/airflow/example_dags/example_complex.py for tasks to queue
[2024-04-19T18:36:41.880+0000] {logging_mixin.py:188} INFO - [2024-04-19T18:36:41.879+0000] {dagbag.py:540} INFO - Filling up the DagBag from /home/airflow/.local/lib/python3.12/site-packages/airflow/example_dags/example_complex.py
[2024-04-19T18:36:41.892+0000] {processor.py:840} INFO - DAG(s) 'example_complex' retrieved from /home/airflow/.local/lib/python3.12/site-packages/airflow/example_dags/example_complex.py
[2024-04-19T18:36:42.015+0000] {logging_mixin.py:188} INFO - [2024-04-19T18:36:42.014+0000] {dag.py:3096} INFO - Sync 1 DAGs
[2024-04-19T18:36:42.031+0000] {logging_mixin.py:188} INFO - [2024-04-19T18:36:42.030+0000] {dag.py:3954} INFO - Setting next_dagrun for example_complex to None, run_after=None
[2024-04-19T18:36:42.061+0000] {processor.py:183} INFO - Processing /home/airflow/.local/lib/python3.12/site-packages/airflow/example_dags/example_complex.py took 0.191 seconds
[2024-04-19T18:37:12.662+0000] {processor.py:161} INFO - Started process (PID=514) to work on /home/airflow/.local/lib/python3.12/site-packages/airflow/example_dags/example_complex.py
[2024-04-19T18:37:12.666+0000] {processor.py:830} INFO - Processing file /home/airflow/.local/lib/python3.12/site-packages/airflow/example_dags/example_complex.py for tasks to queue
[2024-04-19T18:37:12.669+0000] {logging_mixin.py:188} INFO - [2024-04-19T18:37:12.669+0000] {dagbag.py:540} INFO - Filling up the DagBag from /home/airflow/.local/lib/python3.12/site-packages/airflow/example_dags/example_complex.py
[2024-04-19T18:37:12.688+0000] {processor.py:840} INFO - DAG(s) 'example_complex' retrieved from /home/airflow/.local/lib/python3.12/site-packages/airflow/example_dags/example_complex.py
[2024-04-19T18:37:12.762+0000] {logging_mixin.py:188} INFO - [2024-04-19T18:37:12.762+0000] {dag.py:3096} INFO - Sync 1 DAGs
[2024-04-19T18:37:12.781+0000] {logging_mixin.py:188} INFO - [2024-04-19T18:37:12.781+0000] {dag.py:3954} INFO - Setting next_dagrun for example_complex to None, run_after=None
[2024-04-19T18:37:12.819+0000] {processor.py:183} INFO - Processing /home/airflow/.local/lib/python3.12/site-packages/airflow/example_dags/example_complex.py took 0.161 seconds
[2024-04-19T18:37:43.144+0000] {processor.py:161} INFO - Started process (PID=572) to work on /home/airflow/.local/lib/python3.12/site-packages/airflow/example_dags/example_complex.py
[2024-04-19T18:37:43.145+0000] {processor.py:830} INFO - Processing file /home/airflow/.local/lib/python3.12/site-packages/airflow/example_dags/example_complex.py for tasks to queue
[2024-04-19T18:37:43.147+0000] {logging_mixin.py:188} INFO - [2024-04-19T18:37:43.146+0000] {dagbag.py:540} INFO - Filling up the DagBag from /home/airflow/.local/lib/python3.12/site-packages/airflow/example_dags/example_complex.py
[2024-04-19T18:37:43.156+0000] {processor.py:840} INFO - DAG(s) 'example_complex' retrieved from /home/airflow/.local/lib/python3.12/site-packages/airflow/example_dags/example_complex.py
[2024-04-19T18:37:43.194+0000] {logging_mixin.py:188} INFO - [2024-04-19T18:37:43.194+0000] {dag.py:3096} INFO - Sync 1 DAGs
[2024-04-19T18:37:43.209+0000] {logging_mixin.py:188} INFO - [2024-04-19T18:37:43.208+0000] {dag.py:3954} INFO - Setting next_dagrun for example_complex to None, run_after=None
[2024-04-19T18:37:43.234+0000] {processor.py:183} INFO - Processing /home/airflow/.local/lib/python3.12/site-packages/airflow/example_dags/example_complex.py took 0.096 seconds
[2024-04-19T18:38:13.313+0000] {processor.py:161} INFO - Started process (PID=632) to work on /home/airflow/.local/lib/python3.12/site-packages/airflow/example_dags/example_complex.py
[2024-04-19T18:38:13.314+0000] {processor.py:830} INFO - Processing file /home/airflow/.local/lib/python3.12/site-packages/airflow/example_dags/example_complex.py for tasks to queue
[2024-04-19T18:38:13.317+0000] {logging_mixin.py:188} INFO - [2024-04-19T18:38:13.316+0000] {dagbag.py:540} INFO - Filling up the DagBag from /home/airflow/.local/lib/python3.12/site-packages/airflow/example_dags/example_complex.py
[2024-04-19T18:38:13.329+0000] {processor.py:840} INFO - DAG(s) 'example_complex' retrieved from /home/airflow/.local/lib/python3.12/site-packages/airflow/example_dags/example_complex.py
[2024-04-19T18:38:13.365+0000] {logging_mixin.py:188} INFO - [2024-04-19T18:38:13.365+0000] {dag.py:3096} INFO - Sync 1 DAGs
[2024-04-19T18:38:13.377+0000] {logging_mixin.py:188} INFO - [2024-04-19T18:38:13.377+0000] {dag.py:3954} INFO - Setting next_dagrun for example_complex to None, run_after=None
[2024-04-19T18:38:13.399+0000] {processor.py:183} INFO - Processing /home/airflow/.local/lib/python3.12/site-packages/airflow/example_dags/example_complex.py took 0.094 seconds
[2024-04-19T18:38:44.250+0000] {processor.py:161} INFO - Started process (PID=692) to work on /home/airflow/.local/lib/python3.12/site-packages/airflow/example_dags/example_complex.py
[2024-04-19T18:38:44.251+0000] {processor.py:830} INFO - Processing file /home/airflow/.local/lib/python3.12/site-packages/airflow/example_dags/example_complex.py for tasks to queue
[2024-04-19T18:38:44.255+0000] {logging_mixin.py:188} INFO - [2024-04-19T18:38:44.254+0000] {dagbag.py:540} INFO - Filling up the DagBag from /home/airflow/.local/lib/python3.12/site-packages/airflow/example_dags/example_complex.py
[2024-04-19T18:38:44.271+0000] {processor.py:840} INFO - DAG(s) 'example_complex' retrieved from /home/airflow/.local/lib/python3.12/site-packages/airflow/example_dags/example_complex.py
[2024-04-19T18:38:44.329+0000] {logging_mixin.py:188} INFO - [2024-04-19T18:38:44.328+0000] {dag.py:3096} INFO - Sync 1 DAGs
[2024-04-19T18:38:44.371+0000] {logging_mixin.py:188} INFO - [2024-04-19T18:38:44.370+0000] {dag.py:3954} INFO - Setting next_dagrun for example_complex to None, run_after=None
[2024-04-19T18:38:44.428+0000] {processor.py:183} INFO - Processing /home/airflow/.local/lib/python3.12/site-packages/airflow/example_dags/example_complex.py took 0.191 seconds
[2024-04-19T18:39:14.806+0000] {processor.py:161} INFO - Started process (PID=752) to work on /home/airflow/.local/lib/python3.12/site-packages/airflow/example_dags/example_complex.py
[2024-04-19T18:39:14.807+0000] {processor.py:830} INFO - Processing file /home/airflow/.local/lib/python3.12/site-packages/airflow/example_dags/example_complex.py for tasks to queue
[2024-04-19T18:39:14.809+0000] {logging_mixin.py:188} INFO - [2024-04-19T18:39:14.809+0000] {dagbag.py:540} INFO - Filling up the DagBag from /home/airflow/.local/lib/python3.12/site-packages/airflow/example_dags/example_complex.py
[2024-04-19T18:39:14.821+0000] {processor.py:840} INFO - DAG(s) 'example_complex' retrieved from /home/airflow/.local/lib/python3.12/site-packages/airflow/example_dags/example_complex.py
[2024-04-19T18:39:14.856+0000] {logging_mixin.py:188} INFO - [2024-04-19T18:39:14.855+0000] {dag.py:3096} INFO - Sync 1 DAGs
[2024-04-19T18:39:14.872+0000] {logging_mixin.py:188} INFO - [2024-04-19T18:39:14.871+0000] {dag.py:3954} INFO - Setting next_dagrun for example_complex to None, run_after=None
[2024-04-19T18:39:14.893+0000] {processor.py:183} INFO - Processing /home/airflow/.local/lib/python3.12/site-packages/airflow/example_dags/example_complex.py took 0.094 seconds
[2024-04-19T18:39:45.410+0000] {processor.py:161} INFO - Started process (PID=811) to work on /home/airflow/.local/lib/python3.12/site-packages/airflow/example_dags/example_complex.py
[2024-04-19T18:39:45.411+0000] {processor.py:830} INFO - Processing file /home/airflow/.local/lib/python3.12/site-packages/airflow/example_dags/example_complex.py for tasks to queue
[2024-04-19T18:39:45.414+0000] {logging_mixin.py:188} INFO - [2024-04-19T18:39:45.413+0000] {dagbag.py:540} INFO - Filling up the DagBag from /home/airflow/.local/lib/python3.12/site-packages/airflow/example_dags/example_complex.py
[2024-04-19T18:39:45.430+0000] {processor.py:840} INFO - DAG(s) 'example_complex' retrieved from /home/airflow/.local/lib/python3.12/site-packages/airflow/example_dags/example_complex.py
[2024-04-19T18:39:45.477+0000] {logging_mixin.py:188} INFO - [2024-04-19T18:39:45.477+0000] {dag.py:3096} INFO - Sync 1 DAGs
[2024-04-19T18:39:45.495+0000] {logging_mixin.py:188} INFO - [2024-04-19T18:39:45.495+0000] {dag.py:3954} INFO - Setting next_dagrun for example_complex to None, run_after=None
[2024-04-19T18:39:45.530+0000] {processor.py:183} INFO - Processing /home/airflow/.local/lib/python3.12/site-packages/airflow/example_dags/example_complex.py took 0.129 seconds
[2024-04-19T18:40:15.805+0000] {processor.py:161} INFO - Started process (PID=870) to work on /home/airflow/.local/lib/python3.12/site-packages/airflow/example_dags/example_complex.py
[2024-04-19T18:40:15.807+0000] {processor.py:830} INFO - Processing file /home/airflow/.local/lib/python3.12/site-packages/airflow/example_dags/example_complex.py for tasks to queue
[2024-04-19T18:40:15.809+0000] {logging_mixin.py:188} INFO - [2024-04-19T18:40:15.808+0000] {dagbag.py:540} INFO - Filling up the DagBag from /home/airflow/.local/lib/python3.12/site-packages/airflow/example_dags/example_complex.py
[2024-04-19T18:40:15.827+0000] {processor.py:840} INFO - DAG(s) 'example_complex' retrieved from /home/airflow/.local/lib/python3.12/site-packages/airflow/example_dags/example_complex.py
[2024-04-19T18:40:15.871+0000] {logging_mixin.py:188} INFO - [2024-04-19T18:40:15.871+0000] {dag.py:3096} INFO - Sync 1 DAGs
[2024-04-19T18:40:16.099+0000] {logging_mixin.py:188} INFO - [2024-04-19T18:40:16.098+0000] {dag.py:3954} INFO - Setting next_dagrun for example_complex to None, run_after=None
[2024-04-19T18:40:16.124+0000] {processor.py:183} INFO - Processing /home/airflow/.local/lib/python3.12/site-packages/airflow/example_dags/example_complex.py took 0.325 seconds
[2024-04-19T18:40:46.816+0000] {processor.py:161} INFO - Started process (PID=936) to work on /home/airflow/.local/lib/python3.12/site-packages/airflow/example_dags/example_complex.py
[2024-04-19T18:40:46.816+0000] {processor.py:830} INFO - Processing file /home/airflow/.local/lib/python3.12/site-packages/airflow/example_dags/example_complex.py for tasks to queue
[2024-04-19T18:40:46.818+0000] {logging_mixin.py:188} INFO - [2024-04-19T18:40:46.818+0000] {dagbag.py:540} INFO - Filling up the DagBag from /home/airflow/.local/lib/python3.12/site-packages/airflow/example_dags/example_complex.py
[2024-04-19T18:40:46.831+0000] {processor.py:840} INFO - DAG(s) 'example_complex' retrieved from /home/airflow/.local/lib/python3.12/site-packages/airflow/example_dags/example_complex.py
[2024-04-19T18:40:46.867+0000] {logging_mixin.py:188} INFO - [2024-04-19T18:40:46.866+0000] {dag.py:3096} INFO - Sync 1 DAGs
[2024-04-19T18:40:46.883+0000] {logging_mixin.py:188} INFO - [2024-04-19T18:40:46.883+0000] {dag.py:3954} INFO - Setting next_dagrun for example_complex to None, run_after=None
[2024-04-19T18:40:46.906+0000] {processor.py:183} INFO - Processing /home/airflow/.local/lib/python3.12/site-packages/airflow/example_dags/example_complex.py took 0.096 seconds
[2024-04-19T18:41:17.359+0000] {processor.py:161} INFO - Started process (PID=996) to work on /home/airflow/.local/lib/python3.12/site-packages/airflow/example_dags/example_complex.py
[2024-04-19T18:41:17.360+0000] {processor.py:830} INFO - Processing file /home/airflow/.local/lib/python3.12/site-packages/airflow/example_dags/example_complex.py for tasks to queue
[2024-04-19T18:41:17.362+0000] {logging_mixin.py:188} INFO - [2024-04-19T18:41:17.362+0000] {dagbag.py:540} INFO - Filling up the DagBag from /home/airflow/.local/lib/python3.12/site-packages/airflow/example_dags/example_complex.py
[2024-04-19T18:41:17.373+0000] {processor.py:840} INFO - DAG(s) 'example_complex' retrieved from /home/airflow/.local/lib/python3.12/site-packages/airflow/example_dags/example_complex.py
[2024-04-19T18:41:17.408+0000] {logging_mixin.py:188} INFO - [2024-04-19T18:41:17.407+0000] {dag.py:3096} INFO - Sync 1 DAGs
[2024-04-19T18:41:17.422+0000] {logging_mixin.py:188} INFO - [2024-04-19T18:41:17.422+0000] {dag.py:3954} INFO - Setting next_dagrun for example_complex to None, run_after=None
[2024-04-19T18:41:17.445+0000] {processor.py:183} INFO - Processing /home/airflow/.local/lib/python3.12/site-packages/airflow/example_dags/example_complex.py took 0.093 seconds
[2024-04-19T18:41:47.495+0000] {processor.py:161} INFO - Started process (PID=1056) to work on /home/airflow/.local/lib/python3.12/site-packages/airflow/example_dags/example_complex.py
[2024-04-19T18:41:47.496+0000] {processor.py:830} INFO - Processing file /home/airflow/.local/lib/python3.12/site-packages/airflow/example_dags/example_complex.py for tasks to queue
[2024-04-19T18:41:47.498+0000] {logging_mixin.py:188} INFO - [2024-04-19T18:41:47.497+0000] {dagbag.py:540} INFO - Filling up the DagBag from /home/airflow/.local/lib/python3.12/site-packages/airflow/example_dags/example_complex.py
[2024-04-19T18:41:47.512+0000] {processor.py:840} INFO - DAG(s) 'example_complex' retrieved from /home/airflow/.local/lib/python3.12/site-packages/airflow/example_dags/example_complex.py
[2024-04-19T18:41:47.544+0000] {logging_mixin.py:188} INFO - [2024-04-19T18:41:47.543+0000] {dag.py:3096} INFO - Sync 1 DAGs
[2024-04-19T18:41:47.561+0000] {logging_mixin.py:188} INFO - [2024-04-19T18:41:47.559+0000] {dag.py:3954} INFO - Setting next_dagrun for example_complex to None, run_after=None
[2024-04-19T18:41:47.588+0000] {processor.py:183} INFO - Processing /home/airflow/.local/lib/python3.12/site-packages/airflow/example_dags/example_complex.py took 0.101 seconds
[2024-04-19T18:42:18.016+0000] {processor.py:161} INFO - Started process (PID=1115) to work on /home/airflow/.local/lib/python3.12/site-packages/airflow/example_dags/example_complex.py
[2024-04-19T18:42:18.017+0000] {processor.py:830} INFO - Processing file /home/airflow/.local/lib/python3.12/site-packages/airflow/example_dags/example_complex.py for tasks to queue
[2024-04-19T18:42:18.023+0000] {logging_mixin.py:188} INFO - [2024-04-19T18:42:18.022+0000] {dagbag.py:540} INFO - Filling up the DagBag from /home/airflow/.local/lib/python3.12/site-packages/airflow/example_dags/example_complex.py
[2024-04-19T18:42:18.050+0000] {processor.py:840} INFO - DAG(s) 'example_complex' retrieved from /home/airflow/.local/lib/python3.12/site-packages/airflow/example_dags/example_complex.py
[2024-04-19T18:42:18.106+0000] {logging_mixin.py:188} INFO - [2024-04-19T18:42:18.105+0000] {dag.py:3096} INFO - Sync 1 DAGs
[2024-04-19T18:42:18.132+0000] {logging_mixin.py:188} INFO - [2024-04-19T18:42:18.132+0000] {dag.py:3954} INFO - Setting next_dagrun for example_complex to None, run_after=None
[2024-04-19T18:42:18.167+0000] {processor.py:183} INFO - Processing /home/airflow/.local/lib/python3.12/site-packages/airflow/example_dags/example_complex.py took 0.164 seconds
[2024-04-19T18:42:48.356+0000] {processor.py:161} INFO - Started process (PID=1175) to work on /home/airflow/.local/lib/python3.12/site-packages/airflow/example_dags/example_complex.py
[2024-04-19T18:42:48.358+0000] {processor.py:830} INFO - Processing file /home/airflow/.local/lib/python3.12/site-packages/airflow/example_dags/example_complex.py for tasks to queue
[2024-04-19T18:42:48.361+0000] {logging_mixin.py:188} INFO - [2024-04-19T18:42:48.361+0000] {dagbag.py:540} INFO - Filling up the DagBag from /home/airflow/.local/lib/python3.12/site-packages/airflow/example_dags/example_complex.py
[2024-04-19T18:42:48.376+0000] {processor.py:840} INFO - DAG(s) 'example_complex' retrieved from /home/airflow/.local/lib/python3.12/site-packages/airflow/example_dags/example_complex.py
[2024-04-19T18:42:48.438+0000] {logging_mixin.py:188} INFO - [2024-04-19T18:42:48.438+0000] {dag.py:3096} INFO - Sync 1 DAGs
[2024-04-19T18:42:48.457+0000] {logging_mixin.py:188} INFO - [2024-04-19T18:42:48.457+0000] {dag.py:3954} INFO - Setting next_dagrun for example_complex to None, run_after=None
[2024-04-19T18:42:48.485+0000] {processor.py:183} INFO - Processing /home/airflow/.local/lib/python3.12/site-packages/airflow/example_dags/example_complex.py took 0.137 seconds
[2024-04-19T18:43:18.555+0000] {processor.py:161} INFO - Started process (PID=1235) to work on /home/airflow/.local/lib/python3.12/site-packages/airflow/example_dags/example_complex.py
[2024-04-19T18:43:18.557+0000] {processor.py:830} INFO - Processing file /home/airflow/.local/lib/python3.12/site-packages/airflow/example_dags/example_complex.py for tasks to queue
[2024-04-19T18:43:18.559+0000] {logging_mixin.py:188} INFO - [2024-04-19T18:43:18.559+0000] {dagbag.py:540} INFO - Filling up the DagBag from /home/airflow/.local/lib/python3.12/site-packages/airflow/example_dags/example_complex.py
[2024-04-19T18:43:18.572+0000] {processor.py:840} INFO - DAG(s) 'example_complex' retrieved from /home/airflow/.local/lib/python3.12/site-packages/airflow/example_dags/example_complex.py
[2024-04-19T18:43:18.610+0000] {logging_mixin.py:188} INFO - [2024-04-19T18:43:18.609+0000] {dag.py:3096} INFO - Sync 1 DAGs
[2024-04-19T18:43:18.626+0000] {logging_mixin.py:188} INFO - [2024-04-19T18:43:18.626+0000] {dag.py:3954} INFO - Setting next_dagrun for example_complex to None, run_after=None
[2024-04-19T18:43:18.647+0000] {processor.py:183} INFO - Processing /home/airflow/.local/lib/python3.12/site-packages/airflow/example_dags/example_complex.py took 0.099 seconds
[2024-04-19T18:43:48.919+0000] {processor.py:161} INFO - Started process (PID=1295) to work on /home/airflow/.local/lib/python3.12/site-packages/airflow/example_dags/example_complex.py
[2024-04-19T18:43:48.920+0000] {processor.py:830} INFO - Processing file /home/airflow/.local/lib/python3.12/site-packages/airflow/example_dags/example_complex.py for tasks to queue
[2024-04-19T18:43:48.922+0000] {logging_mixin.py:188} INFO - [2024-04-19T18:43:48.921+0000] {dagbag.py:540} INFO - Filling up the DagBag from /home/airflow/.local/lib/python3.12/site-packages/airflow/example_dags/example_complex.py
[2024-04-19T18:43:48.936+0000] {processor.py:840} INFO - DAG(s) 'example_complex' retrieved from /home/airflow/.local/lib/python3.12/site-packages/airflow/example_dags/example_complex.py
[2024-04-19T18:43:48.975+0000] {logging_mixin.py:188} INFO - [2024-04-19T18:43:48.975+0000] {dag.py:3096} INFO - Sync 1 DAGs
[2024-04-19T18:43:48.994+0000] {logging_mixin.py:188} INFO - [2024-04-19T18:43:48.994+0000] {dag.py:3954} INFO - Setting next_dagrun for example_complex to None, run_after=None
[2024-04-19T18:43:49.021+0000] {processor.py:183} INFO - Processing /home/airflow/.local/lib/python3.12/site-packages/airflow/example_dags/example_complex.py took 0.109 seconds
[2024-04-19T18:44:19.439+0000] {processor.py:161} INFO - Started process (PID=1355) to work on /home/airflow/.local/lib/python3.12/site-packages/airflow/example_dags/example_complex.py
[2024-04-19T18:44:19.446+0000] {processor.py:830} INFO - Processing file /home/airflow/.local/lib/python3.12/site-packages/airflow/example_dags/example_complex.py for tasks to queue
[2024-04-19T18:44:19.451+0000] {logging_mixin.py:188} INFO - [2024-04-19T18:44:19.450+0000] {dagbag.py:540} INFO - Filling up the DagBag from /home/airflow/.local/lib/python3.12/site-packages/airflow/example_dags/example_complex.py
[2024-04-19T18:44:19.477+0000] {processor.py:840} INFO - DAG(s) 'example_complex' retrieved from /home/airflow/.local/lib/python3.12/site-packages/airflow/example_dags/example_complex.py
[2024-04-19T18:44:19.536+0000] {logging_mixin.py:188} INFO - [2024-04-19T18:44:19.533+0000] {dag.py:3096} INFO - Sync 1 DAGs
[2024-04-19T18:44:19.556+0000] {logging_mixin.py:188} INFO - [2024-04-19T18:44:19.555+0000] {dag.py:3954} INFO - Setting next_dagrun for example_complex to None, run_after=None
[2024-04-19T18:44:19.589+0000] {processor.py:183} INFO - Processing /home/airflow/.local/lib/python3.12/site-packages/airflow/example_dags/example_complex.py took 0.158 seconds
[2024-04-19T18:44:50.006+0000] {processor.py:161} INFO - Started process (PID=1415) to work on /home/airflow/.local/lib/python3.12/site-packages/airflow/example_dags/example_complex.py
[2024-04-19T18:44:50.007+0000] {processor.py:830} INFO - Processing file /home/airflow/.local/lib/python3.12/site-packages/airflow/example_dags/example_complex.py for tasks to queue
[2024-04-19T18:44:50.009+0000] {logging_mixin.py:188} INFO - [2024-04-19T18:44:50.009+0000] {dagbag.py:540} INFO - Filling up the DagBag from /home/airflow/.local/lib/python3.12/site-packages/airflow/example_dags/example_complex.py
[2024-04-19T18:44:50.022+0000] {processor.py:840} INFO - DAG(s) 'example_complex' retrieved from /home/airflow/.local/lib/python3.12/site-packages/airflow/example_dags/example_complex.py
[2024-04-19T18:44:50.077+0000] {logging_mixin.py:188} INFO - [2024-04-19T18:44:50.076+0000] {dag.py:3096} INFO - Sync 1 DAGs
[2024-04-19T18:44:50.091+0000] {logging_mixin.py:188} INFO - [2024-04-19T18:44:50.091+0000] {dag.py:3954} INFO - Setting next_dagrun for example_complex to None, run_after=None
[2024-04-19T18:44:50.109+0000] {processor.py:183} INFO - Processing /home/airflow/.local/lib/python3.12/site-packages/airflow/example_dags/example_complex.py took 0.111 seconds
[2024-04-19T18:45:21.006+0000] {processor.py:161} INFO - Started process (PID=1472) to work on /home/airflow/.local/lib/python3.12/site-packages/airflow/example_dags/example_complex.py
[2024-04-19T18:45:21.007+0000] {processor.py:830} INFO - Processing file /home/airflow/.local/lib/python3.12/site-packages/airflow/example_dags/example_complex.py for tasks to queue
[2024-04-19T18:45:21.010+0000] {logging_mixin.py:188} INFO - [2024-04-19T18:45:21.009+0000] {dagbag.py:540} INFO - Filling up the DagBag from /home/airflow/.local/lib/python3.12/site-packages/airflow/example_dags/example_complex.py
[2024-04-19T18:45:21.027+0000] {processor.py:840} INFO - DAG(s) 'example_complex' retrieved from /home/airflow/.local/lib/python3.12/site-packages/airflow/example_dags/example_complex.py
[2024-04-19T18:45:21.060+0000] {logging_mixin.py:188} INFO - [2024-04-19T18:45:21.060+0000] {dag.py:3096} INFO - Sync 1 DAGs
[2024-04-19T18:45:21.073+0000] {logging_mixin.py:188} INFO - [2024-04-19T18:45:21.073+0000] {dag.py:3954} INFO - Setting next_dagrun for example_complex to None, run_after=None
[2024-04-19T18:45:21.096+0000] {processor.py:183} INFO - Processing /home/airflow/.local/lib/python3.12/site-packages/airflow/example_dags/example_complex.py took 0.099 seconds
[2024-04-19T18:45:51.504+0000] {processor.py:161} INFO - Started process (PID=1532) to work on /home/airflow/.local/lib/python3.12/site-packages/airflow/example_dags/example_complex.py
[2024-04-19T18:45:51.506+0000] {processor.py:830} INFO - Processing file /home/airflow/.local/lib/python3.12/site-packages/airflow/example_dags/example_complex.py for tasks to queue
[2024-04-19T18:45:51.510+0000] {logging_mixin.py:188} INFO - [2024-04-19T18:45:51.509+0000] {dagbag.py:540} INFO - Filling up the DagBag from /home/airflow/.local/lib/python3.12/site-packages/airflow/example_dags/example_complex.py
[2024-04-19T18:45:51.526+0000] {processor.py:840} INFO - DAG(s) 'example_complex' retrieved from /home/airflow/.local/lib/python3.12/site-packages/airflow/example_dags/example_complex.py
[2024-04-19T18:45:51.595+0000] {logging_mixin.py:188} INFO - [2024-04-19T18:45:51.594+0000] {dag.py:3096} INFO - Sync 1 DAGs
[2024-04-19T18:45:51.620+0000] {logging_mixin.py:188} INFO - [2024-04-19T18:45:51.620+0000] {dag.py:3954} INFO - Setting next_dagrun for example_complex to None, run_after=None
[2024-04-19T18:45:51.656+0000] {processor.py:183} INFO - Processing /home/airflow/.local/lib/python3.12/site-packages/airflow/example_dags/example_complex.py took 0.163 seconds
[2024-04-19T18:46:22.410+0000] {processor.py:161} INFO - Started process (PID=1593) to work on /home/airflow/.local/lib/python3.12/site-packages/airflow/example_dags/example_complex.py
[2024-04-19T18:46:22.411+0000] {processor.py:830} INFO - Processing file /home/airflow/.local/lib/python3.12/site-packages/airflow/example_dags/example_complex.py for tasks to queue
[2024-04-19T18:46:22.413+0000] {logging_mixin.py:188} INFO - [2024-04-19T18:46:22.412+0000] {dagbag.py:540} INFO - Filling up the DagBag from /home/airflow/.local/lib/python3.12/site-packages/airflow/example_dags/example_complex.py
[2024-04-19T18:46:22.432+0000] {processor.py:840} INFO - DAG(s) 'example_complex' retrieved from /home/airflow/.local/lib/python3.12/site-packages/airflow/example_dags/example_complex.py
[2024-04-19T18:46:22.491+0000] {logging_mixin.py:188} INFO - [2024-04-19T18:46:22.490+0000] {dag.py:3096} INFO - Sync 1 DAGs
[2024-04-19T18:46:22.536+0000] {logging_mixin.py:188} INFO - [2024-04-19T18:46:22.535+0000] {dag.py:3954} INFO - Setting next_dagrun for example_complex to None, run_after=None
[2024-04-19T18:46:22.565+0000] {processor.py:183} INFO - Processing /home/airflow/.local/lib/python3.12/site-packages/airflow/example_dags/example_complex.py took 0.161 seconds
[2024-04-19T18:46:53.065+0000] {processor.py:161} INFO - Started process (PID=1653) to work on /home/airflow/.local/lib/python3.12/site-packages/airflow/example_dags/example_complex.py
[2024-04-19T18:46:53.066+0000] {processor.py:830} INFO - Processing file /home/airflow/.local/lib/python3.12/site-packages/airflow/example_dags/example_complex.py for tasks to queue
[2024-04-19T18:46:53.069+0000] {logging_mixin.py:188} INFO - [2024-04-19T18:46:53.069+0000] {dagbag.py:540} INFO - Filling up the DagBag from /home/airflow/.local/lib/python3.12/site-packages/airflow/example_dags/example_complex.py
[2024-04-19T18:46:53.100+0000] {processor.py:840} INFO - DAG(s) 'example_complex' retrieved from /home/airflow/.local/lib/python3.12/site-packages/airflow/example_dags/example_complex.py
[2024-04-19T18:46:53.159+0000] {logging_mixin.py:188} INFO - [2024-04-19T18:46:53.158+0000] {dag.py:3096} INFO - Sync 1 DAGs
[2024-04-19T18:46:53.175+0000] {logging_mixin.py:188} INFO - [2024-04-19T18:46:53.174+0000] {dag.py:3954} INFO - Setting next_dagrun for example_complex to None, run_after=None
[2024-04-19T18:46:53.210+0000] {processor.py:183} INFO - Processing /home/airflow/.local/lib/python3.12/site-packages/airflow/example_dags/example_complex.py took 0.153 seconds
[2024-04-19T18:47:23.274+0000] {processor.py:161} INFO - Started process (PID=1713) to work on /home/airflow/.local/lib/python3.12/site-packages/airflow/example_dags/example_complex.py
[2024-04-19T18:47:23.275+0000] {processor.py:830} INFO - Processing file /home/airflow/.local/lib/python3.12/site-packages/airflow/example_dags/example_complex.py for tasks to queue
[2024-04-19T18:47:23.277+0000] {logging_mixin.py:188} INFO - [2024-04-19T18:47:23.277+0000] {dagbag.py:540} INFO - Filling up the DagBag from /home/airflow/.local/lib/python3.12/site-packages/airflow/example_dags/example_complex.py
[2024-04-19T18:47:23.290+0000] {processor.py:840} INFO - DAG(s) 'example_complex' retrieved from /home/airflow/.local/lib/python3.12/site-packages/airflow/example_dags/example_complex.py
[2024-04-19T18:47:23.335+0000] {logging_mixin.py:188} INFO - [2024-04-19T18:47:23.335+0000] {dag.py:3096} INFO - Sync 1 DAGs
[2024-04-19T18:47:23.357+0000] {logging_mixin.py:188} INFO - [2024-04-19T18:47:23.356+0000] {dag.py:3954} INFO - Setting next_dagrun for example_complex to None, run_after=None
[2024-04-19T18:47:23.382+0000] {processor.py:183} INFO - Processing /home/airflow/.local/lib/python3.12/site-packages/airflow/example_dags/example_complex.py took 0.114 seconds
[2024-04-19T18:47:54.656+0000] {processor.py:161} INFO - Started process (PID=1773) to work on /home/airflow/.local/lib/python3.12/site-packages/airflow/example_dags/example_complex.py
[2024-04-19T18:47:54.657+0000] {processor.py:830} INFO - Processing file /home/airflow/.local/lib/python3.12/site-packages/airflow/example_dags/example_complex.py for tasks to queue
[2024-04-19T18:47:54.661+0000] {logging_mixin.py:188} INFO - [2024-04-19T18:47:54.660+0000] {dagbag.py:540} INFO - Filling up the DagBag from /home/airflow/.local/lib/python3.12/site-packages/airflow/example_dags/example_complex.py
[2024-04-19T18:47:54.678+0000] {processor.py:840} INFO - DAG(s) 'example_complex' retrieved from /home/airflow/.local/lib/python3.12/site-packages/airflow/example_dags/example_complex.py
[2024-04-19T18:47:54.739+0000] {logging_mixin.py:188} INFO - [2024-04-19T18:47:54.739+0000] {dag.py:3096} INFO - Sync 1 DAGs
[2024-04-19T18:47:54.773+0000] {logging_mixin.py:188} INFO - [2024-04-19T18:47:54.773+0000] {dag.py:3954} INFO - Setting next_dagrun for example_complex to None, run_after=None
[2024-04-19T18:47:54.801+0000] {processor.py:183} INFO - Processing /home/airflow/.local/lib/python3.12/site-packages/airflow/example_dags/example_complex.py took 0.152 seconds
[2024-04-19T18:48:24.961+0000] {processor.py:161} INFO - Started process (PID=1832) to work on /home/airflow/.local/lib/python3.12/site-packages/airflow/example_dags/example_complex.py
[2024-04-19T18:48:24.962+0000] {processor.py:830} INFO - Processing file /home/airflow/.local/lib/python3.12/site-packages/airflow/example_dags/example_complex.py for tasks to queue
[2024-04-19T18:48:24.963+0000] {logging_mixin.py:188} INFO - [2024-04-19T18:48:24.963+0000] {dagbag.py:540} INFO - Filling up the DagBag from /home/airflow/.local/lib/python3.12/site-packages/airflow/example_dags/example_complex.py
[2024-04-19T18:48:24.976+0000] {processor.py:840} INFO - DAG(s) 'example_complex' retrieved from /home/airflow/.local/lib/python3.12/site-packages/airflow/example_dags/example_complex.py
[2024-04-19T18:48:25.023+0000] {logging_mixin.py:188} INFO - [2024-04-19T18:48:25.023+0000] {dag.py:3096} INFO - Sync 1 DAGs
[2024-04-19T18:48:25.041+0000] {logging_mixin.py:188} INFO - [2024-04-19T18:48:25.041+0000] {dag.py:3954} INFO - Setting next_dagrun for example_complex to None, run_after=None
[2024-04-19T18:48:25.074+0000] {processor.py:183} INFO - Processing /home/airflow/.local/lib/python3.12/site-packages/airflow/example_dags/example_complex.py took 0.120 seconds
[2024-04-19T18:48:55.265+0000] {processor.py:161} INFO - Started process (PID=1890) to work on /home/airflow/.local/lib/python3.12/site-packages/airflow/example_dags/example_complex.py
[2024-04-19T18:48:55.266+0000] {processor.py:830} INFO - Processing file /home/airflow/.local/lib/python3.12/site-packages/airflow/example_dags/example_complex.py for tasks to queue
[2024-04-19T18:48:55.267+0000] {logging_mixin.py:188} INFO - [2024-04-19T18:48:55.266+0000] {dagbag.py:540} INFO - Filling up the DagBag from /home/airflow/.local/lib/python3.12/site-packages/airflow/example_dags/example_complex.py
[2024-04-19T18:48:55.280+0000] {processor.py:840} INFO - DAG(s) 'example_complex' retrieved from /home/airflow/.local/lib/python3.12/site-packages/airflow/example_dags/example_complex.py
[2024-04-19T18:48:55.322+0000] {logging_mixin.py:188} INFO - [2024-04-19T18:48:55.322+0000] {dag.py:3096} INFO - Sync 1 DAGs
[2024-04-19T18:48:55.370+0000] {logging_mixin.py:188} INFO - [2024-04-19T18:48:55.369+0000] {dag.py:3954} INFO - Setting next_dagrun for example_complex to None, run_after=None
[2024-04-19T18:48:55.450+0000] {processor.py:183} INFO - Processing /home/airflow/.local/lib/python3.12/site-packages/airflow/example_dags/example_complex.py took 0.194 seconds
[2024-04-19T18:56:03.714+0000] {processor.py:161} INFO - Started process (PID=61) to work on /home/airflow/.local/lib/python3.12/site-packages/airflow/example_dags/example_complex.py
[2024-04-19T18:56:03.728+0000] {processor.py:830} INFO - Processing file /home/airflow/.local/lib/python3.12/site-packages/airflow/example_dags/example_complex.py for tasks to queue
[2024-04-19T18:56:03.750+0000] {logging_mixin.py:188} INFO - [2024-04-19T18:56:03.749+0000] {dagbag.py:540} INFO - Filling up the DagBag from /home/airflow/.local/lib/python3.12/site-packages/airflow/example_dags/example_complex.py
[2024-04-19T18:56:03.824+0000] {processor.py:840} INFO - DAG(s) 'example_complex' retrieved from /home/airflow/.local/lib/python3.12/site-packages/airflow/example_dags/example_complex.py
[2024-04-19T18:56:03.997+0000] {logging_mixin.py:188} INFO - [2024-04-19T18:56:03.996+0000] {dag.py:3096} INFO - Sync 1 DAGs
[2024-04-19T18:56:04.088+0000] {logging_mixin.py:188} INFO - [2024-04-19T18:56:04.088+0000] {dag.py:3954} INFO - Setting next_dagrun for example_complex to None, run_after=None
[2024-04-19T18:56:04.226+0000] {processor.py:183} INFO - Processing /home/airflow/.local/lib/python3.12/site-packages/airflow/example_dags/example_complex.py took 0.594 seconds
[2024-04-19T18:56:34.645+0000] {processor.py:161} INFO - Started process (PID=120) to work on /home/airflow/.local/lib/python3.12/site-packages/airflow/example_dags/example_complex.py
[2024-04-19T18:56:34.648+0000] {processor.py:830} INFO - Processing file /home/airflow/.local/lib/python3.12/site-packages/airflow/example_dags/example_complex.py for tasks to queue
[2024-04-19T18:56:34.655+0000] {logging_mixin.py:188} INFO - [2024-04-19T18:56:34.654+0000] {dagbag.py:540} INFO - Filling up the DagBag from /home/airflow/.local/lib/python3.12/site-packages/airflow/example_dags/example_complex.py
[2024-04-19T18:56:34.676+0000] {processor.py:840} INFO - DAG(s) 'example_complex' retrieved from /home/airflow/.local/lib/python3.12/site-packages/airflow/example_dags/example_complex.py
[2024-04-19T18:56:34.697+0000] {logging_mixin.py:188} INFO - [2024-04-19T18:56:34.696+0000] {dag.py:3096} INFO - Sync 1 DAGs
[2024-04-19T18:56:34.724+0000] {logging_mixin.py:188} INFO - [2024-04-19T18:56:34.724+0000] {dag.py:3954} INFO - Setting next_dagrun for example_complex to None, run_after=None
[2024-04-19T18:56:34.761+0000] {processor.py:183} INFO - Processing /home/airflow/.local/lib/python3.12/site-packages/airflow/example_dags/example_complex.py took 0.133 seconds
[2024-04-19T18:57:05.953+0000] {processor.py:161} INFO - Started process (PID=179) to work on /home/airflow/.local/lib/python3.12/site-packages/airflow/example_dags/example_complex.py
[2024-04-19T18:57:05.954+0000] {processor.py:830} INFO - Processing file /home/airflow/.local/lib/python3.12/site-packages/airflow/example_dags/example_complex.py for tasks to queue
[2024-04-19T18:57:05.955+0000] {logging_mixin.py:188} INFO - [2024-04-19T18:57:05.955+0000] {dagbag.py:540} INFO - Filling up the DagBag from /home/airflow/.local/lib/python3.12/site-packages/airflow/example_dags/example_complex.py
[2024-04-19T18:57:05.969+0000] {processor.py:840} INFO - DAG(s) 'example_complex' retrieved from /home/airflow/.local/lib/python3.12/site-packages/airflow/example_dags/example_complex.py
[2024-04-19T18:57:06.188+0000] {logging_mixin.py:188} INFO - [2024-04-19T18:57:06.187+0000] {dag.py:3096} INFO - Sync 1 DAGs
[2024-04-19T18:57:06.203+0000] {logging_mixin.py:188} INFO - [2024-04-19T18:57:06.203+0000] {dag.py:3954} INFO - Setting next_dagrun for example_complex to None, run_after=None
[2024-04-19T18:57:06.257+0000] {processor.py:183} INFO - Processing /home/airflow/.local/lib/python3.12/site-packages/airflow/example_dags/example_complex.py took 0.316 seconds
[2024-04-19T18:57:36.683+0000] {processor.py:161} INFO - Started process (PID=238) to work on /home/airflow/.local/lib/python3.12/site-packages/airflow/example_dags/example_complex.py
[2024-04-19T18:57:36.685+0000] {processor.py:830} INFO - Processing file /home/airflow/.local/lib/python3.12/site-packages/airflow/example_dags/example_complex.py for tasks to queue
[2024-04-19T18:57:36.686+0000] {logging_mixin.py:188} INFO - [2024-04-19T18:57:36.686+0000] {dagbag.py:540} INFO - Filling up the DagBag from /home/airflow/.local/lib/python3.12/site-packages/airflow/example_dags/example_complex.py
[2024-04-19T18:57:36.702+0000] {processor.py:840} INFO - DAG(s) 'example_complex' retrieved from /home/airflow/.local/lib/python3.12/site-packages/airflow/example_dags/example_complex.py
[2024-04-19T18:57:36.754+0000] {logging_mixin.py:188} INFO - [2024-04-19T18:57:36.753+0000] {dag.py:3096} INFO - Sync 1 DAGs
[2024-04-19T18:57:36.786+0000] {logging_mixin.py:188} INFO - [2024-04-19T18:57:36.785+0000] {dag.py:3954} INFO - Setting next_dagrun for example_complex to None, run_after=None
[2024-04-19T18:57:36.851+0000] {processor.py:183} INFO - Processing /home/airflow/.local/lib/python3.12/site-packages/airflow/example_dags/example_complex.py took 0.178 seconds
[2024-04-19T18:58:07.331+0000] {processor.py:161} INFO - Started process (PID=298) to work on /home/airflow/.local/lib/python3.12/site-packages/airflow/example_dags/example_complex.py
[2024-04-19T18:58:07.333+0000] {processor.py:830} INFO - Processing file /home/airflow/.local/lib/python3.12/site-packages/airflow/example_dags/example_complex.py for tasks to queue
[2024-04-19T18:58:07.334+0000] {logging_mixin.py:188} INFO - [2024-04-19T18:58:07.333+0000] {dagbag.py:540} INFO - Filling up the DagBag from /home/airflow/.local/lib/python3.12/site-packages/airflow/example_dags/example_complex.py
[2024-04-19T18:58:07.351+0000] {processor.py:840} INFO - DAG(s) 'example_complex' retrieved from /home/airflow/.local/lib/python3.12/site-packages/airflow/example_dags/example_complex.py
[2024-04-19T18:58:07.418+0000] {logging_mixin.py:188} INFO - [2024-04-19T18:58:07.417+0000] {dag.py:3096} INFO - Sync 1 DAGs
[2024-04-19T18:58:07.459+0000] {logging_mixin.py:188} INFO - [2024-04-19T18:58:07.459+0000] {dag.py:3954} INFO - Setting next_dagrun for example_complex to None, run_after=None
[2024-04-19T18:58:07.492+0000] {processor.py:183} INFO - Processing /home/airflow/.local/lib/python3.12/site-packages/airflow/example_dags/example_complex.py took 0.175 seconds
[2024-04-19T18:58:38.175+0000] {processor.py:161} INFO - Started process (PID=357) to work on /home/airflow/.local/lib/python3.12/site-packages/airflow/example_dags/example_complex.py
[2024-04-19T18:58:38.176+0000] {processor.py:830} INFO - Processing file /home/airflow/.local/lib/python3.12/site-packages/airflow/example_dags/example_complex.py for tasks to queue
[2024-04-19T18:58:38.177+0000] {logging_mixin.py:188} INFO - [2024-04-19T18:58:38.177+0000] {dagbag.py:540} INFO - Filling up the DagBag from /home/airflow/.local/lib/python3.12/site-packages/airflow/example_dags/example_complex.py
[2024-04-19T18:58:38.202+0000] {processor.py:840} INFO - DAG(s) 'example_complex' retrieved from /home/airflow/.local/lib/python3.12/site-packages/airflow/example_dags/example_complex.py
[2024-04-19T18:58:38.273+0000] {logging_mixin.py:188} INFO - [2024-04-19T18:58:38.273+0000] {dag.py:3096} INFO - Sync 1 DAGs
[2024-04-19T18:58:38.296+0000] {logging_mixin.py:188} INFO - [2024-04-19T18:58:38.296+0000] {dag.py:3954} INFO - Setting next_dagrun for example_complex to None, run_after=None
[2024-04-19T18:58:38.339+0000] {processor.py:183} INFO - Processing /home/airflow/.local/lib/python3.12/site-packages/airflow/example_dags/example_complex.py took 0.173 seconds
[2024-04-19T18:59:09.114+0000] {processor.py:161} INFO - Started process (PID=416) to work on /home/airflow/.local/lib/python3.12/site-packages/airflow/example_dags/example_complex.py
[2024-04-19T18:59:09.115+0000] {processor.py:830} INFO - Processing file /home/airflow/.local/lib/python3.12/site-packages/airflow/example_dags/example_complex.py for tasks to queue
[2024-04-19T18:59:09.116+0000] {logging_mixin.py:188} INFO - [2024-04-19T18:59:09.116+0000] {dagbag.py:540} INFO - Filling up the DagBag from /home/airflow/.local/lib/python3.12/site-packages/airflow/example_dags/example_complex.py
[2024-04-19T18:59:09.127+0000] {processor.py:840} INFO - DAG(s) 'example_complex' retrieved from /home/airflow/.local/lib/python3.12/site-packages/airflow/example_dags/example_complex.py
[2024-04-19T18:59:09.171+0000] {logging_mixin.py:188} INFO - [2024-04-19T18:59:09.171+0000] {dag.py:3096} INFO - Sync 1 DAGs
[2024-04-19T18:59:09.190+0000] {logging_mixin.py:188} INFO - [2024-04-19T18:59:09.190+0000] {dag.py:3954} INFO - Setting next_dagrun for example_complex to None, run_after=None
[2024-04-19T18:59:09.215+0000] {processor.py:183} INFO - Processing /home/airflow/.local/lib/python3.12/site-packages/airflow/example_dags/example_complex.py took 0.111 seconds
[2024-04-19T18:59:39.759+0000] {processor.py:161} INFO - Started process (PID=476) to work on /home/airflow/.local/lib/python3.12/site-packages/airflow/example_dags/example_complex.py
[2024-04-19T18:59:39.761+0000] {processor.py:830} INFO - Processing file /home/airflow/.local/lib/python3.12/site-packages/airflow/example_dags/example_complex.py for tasks to queue
[2024-04-19T18:59:39.762+0000] {logging_mixin.py:188} INFO - [2024-04-19T18:59:39.762+0000] {dagbag.py:540} INFO - Filling up the DagBag from /home/airflow/.local/lib/python3.12/site-packages/airflow/example_dags/example_complex.py
[2024-04-19T18:59:39.776+0000] {processor.py:840} INFO - DAG(s) 'example_complex' retrieved from /home/airflow/.local/lib/python3.12/site-packages/airflow/example_dags/example_complex.py
[2024-04-19T18:59:39.817+0000] {logging_mixin.py:188} INFO - [2024-04-19T18:59:39.817+0000] {dag.py:3096} INFO - Sync 1 DAGs
[2024-04-19T18:59:39.833+0000] {logging_mixin.py:188} INFO - [2024-04-19T18:59:39.833+0000] {dag.py:3954} INFO - Setting next_dagrun for example_complex to None, run_after=None
[2024-04-19T18:59:39.856+0000] {processor.py:183} INFO - Processing /home/airflow/.local/lib/python3.12/site-packages/airflow/example_dags/example_complex.py took 0.103 seconds
[2024-04-19T19:00:10.557+0000] {processor.py:161} INFO - Started process (PID=536) to work on /home/airflow/.local/lib/python3.12/site-packages/airflow/example_dags/example_complex.py
[2024-04-19T19:00:10.558+0000] {processor.py:830} INFO - Processing file /home/airflow/.local/lib/python3.12/site-packages/airflow/example_dags/example_complex.py for tasks to queue
[2024-04-19T19:00:10.559+0000] {logging_mixin.py:188} INFO - [2024-04-19T19:00:10.559+0000] {dagbag.py:540} INFO - Filling up the DagBag from /home/airflow/.local/lib/python3.12/site-packages/airflow/example_dags/example_complex.py
[2024-04-19T19:00:10.575+0000] {processor.py:840} INFO - DAG(s) 'example_complex' retrieved from /home/airflow/.local/lib/python3.12/site-packages/airflow/example_dags/example_complex.py
[2024-04-19T19:00:10.625+0000] {logging_mixin.py:188} INFO - [2024-04-19T19:00:10.624+0000] {dag.py:3096} INFO - Sync 1 DAGs
[2024-04-19T19:00:10.642+0000] {logging_mixin.py:188} INFO - [2024-04-19T19:00:10.642+0000] {dag.py:3954} INFO - Setting next_dagrun for example_complex to None, run_after=None
[2024-04-19T19:00:10.694+0000] {processor.py:183} INFO - Processing /home/airflow/.local/lib/python3.12/site-packages/airflow/example_dags/example_complex.py took 0.145 seconds
[2024-04-19T19:00:41.204+0000] {processor.py:161} INFO - Started process (PID=596) to work on /home/airflow/.local/lib/python3.12/site-packages/airflow/example_dags/example_complex.py
[2024-04-19T19:00:41.205+0000] {processor.py:830} INFO - Processing file /home/airflow/.local/lib/python3.12/site-packages/airflow/example_dags/example_complex.py for tasks to queue
[2024-04-19T19:00:41.206+0000] {logging_mixin.py:188} INFO - [2024-04-19T19:00:41.206+0000] {dagbag.py:540} INFO - Filling up the DagBag from /home/airflow/.local/lib/python3.12/site-packages/airflow/example_dags/example_complex.py
[2024-04-19T19:00:41.216+0000] {processor.py:840} INFO - DAG(s) 'example_complex' retrieved from /home/airflow/.local/lib/python3.12/site-packages/airflow/example_dags/example_complex.py
[2024-04-19T19:00:41.249+0000] {logging_mixin.py:188} INFO - [2024-04-19T19:00:41.249+0000] {dag.py:3096} INFO - Sync 1 DAGs
[2024-04-19T19:00:41.265+0000] {logging_mixin.py:188} INFO - [2024-04-19T19:00:41.265+0000] {dag.py:3954} INFO - Setting next_dagrun for example_complex to None, run_after=None
[2024-04-19T19:00:41.288+0000] {processor.py:183} INFO - Processing /home/airflow/.local/lib/python3.12/site-packages/airflow/example_dags/example_complex.py took 0.089 seconds
[2024-04-19T19:01:12.237+0000] {processor.py:161} INFO - Started process (PID=656) to work on /home/airflow/.local/lib/python3.12/site-packages/airflow/example_dags/example_complex.py
[2024-04-19T19:01:12.238+0000] {processor.py:830} INFO - Processing file /home/airflow/.local/lib/python3.12/site-packages/airflow/example_dags/example_complex.py for tasks to queue
[2024-04-19T19:01:12.240+0000] {logging_mixin.py:188} INFO - [2024-04-19T19:01:12.239+0000] {dagbag.py:540} INFO - Filling up the DagBag from /home/airflow/.local/lib/python3.12/site-packages/airflow/example_dags/example_complex.py
[2024-04-19T19:01:12.252+0000] {processor.py:840} INFO - DAG(s) 'example_complex' retrieved from /home/airflow/.local/lib/python3.12/site-packages/airflow/example_dags/example_complex.py
[2024-04-19T19:01:12.299+0000] {logging_mixin.py:188} INFO - [2024-04-19T19:01:12.298+0000] {dag.py:3096} INFO - Sync 1 DAGs
[2024-04-19T19:01:12.316+0000] {logging_mixin.py:188} INFO - [2024-04-19T19:01:12.316+0000] {dag.py:3954} INFO - Setting next_dagrun for example_complex to None, run_after=None
[2024-04-19T19:01:12.343+0000] {processor.py:183} INFO - Processing /home/airflow/.local/lib/python3.12/site-packages/airflow/example_dags/example_complex.py took 0.113 seconds
[2024-04-19T19:01:42.420+0000] {processor.py:161} INFO - Started process (PID=714) to work on /home/airflow/.local/lib/python3.12/site-packages/airflow/example_dags/example_complex.py
[2024-04-19T19:01:42.422+0000] {processor.py:830} INFO - Processing file /home/airflow/.local/lib/python3.12/site-packages/airflow/example_dags/example_complex.py for tasks to queue
[2024-04-19T19:01:42.424+0000] {logging_mixin.py:188} INFO - [2024-04-19T19:01:42.424+0000] {dagbag.py:540} INFO - Filling up the DagBag from /home/airflow/.local/lib/python3.12/site-packages/airflow/example_dags/example_complex.py
[2024-04-19T19:01:42.439+0000] {processor.py:840} INFO - DAG(s) 'example_complex' retrieved from /home/airflow/.local/lib/python3.12/site-packages/airflow/example_dags/example_complex.py
[2024-04-19T19:01:42.482+0000] {logging_mixin.py:188} INFO - [2024-04-19T19:01:42.481+0000] {dag.py:3096} INFO - Sync 1 DAGs
[2024-04-19T19:01:42.500+0000] {logging_mixin.py:188} INFO - [2024-04-19T19:01:42.499+0000] {dag.py:3954} INFO - Setting next_dagrun for example_complex to None, run_after=None
[2024-04-19T19:01:42.523+0000] {processor.py:183} INFO - Processing /home/airflow/.local/lib/python3.12/site-packages/airflow/example_dags/example_complex.py took 0.109 seconds
[2024-04-19T19:02:13.958+0000] {processor.py:161} INFO - Started process (PID=776) to work on /home/airflow/.local/lib/python3.12/site-packages/airflow/example_dags/example_complex.py
[2024-04-19T19:02:13.960+0000] {processor.py:830} INFO - Processing file /home/airflow/.local/lib/python3.12/site-packages/airflow/example_dags/example_complex.py for tasks to queue
[2024-04-19T19:02:13.962+0000] {logging_mixin.py:188} INFO - [2024-04-19T19:02:13.961+0000] {dagbag.py:540} INFO - Filling up the DagBag from /home/airflow/.local/lib/python3.12/site-packages/airflow/example_dags/example_complex.py
[2024-04-19T19:02:13.994+0000] {processor.py:840} INFO - DAG(s) 'example_complex' retrieved from /home/airflow/.local/lib/python3.12/site-packages/airflow/example_dags/example_complex.py
[2024-04-19T19:02:14.083+0000] {logging_mixin.py:188} INFO - [2024-04-19T19:02:14.082+0000] {dag.py:3096} INFO - Sync 1 DAGs
[2024-04-19T19:02:14.118+0000] {logging_mixin.py:188} INFO - [2024-04-19T19:02:14.117+0000] {dag.py:3954} INFO - Setting next_dagrun for example_complex to None, run_after=None
[2024-04-19T19:02:14.207+0000] {processor.py:183} INFO - Processing /home/airflow/.local/lib/python3.12/site-packages/airflow/example_dags/example_complex.py took 0.269 seconds
[2024-04-19T19:02:45.132+0000] {processor.py:161} INFO - Started process (PID=836) to work on /home/airflow/.local/lib/python3.12/site-packages/airflow/example_dags/example_complex.py
[2024-04-19T19:02:45.133+0000] {processor.py:830} INFO - Processing file /home/airflow/.local/lib/python3.12/site-packages/airflow/example_dags/example_complex.py for tasks to queue
[2024-04-19T19:02:45.135+0000] {logging_mixin.py:188} INFO - [2024-04-19T19:02:45.134+0000] {dagbag.py:540} INFO - Filling up the DagBag from /home/airflow/.local/lib/python3.12/site-packages/airflow/example_dags/example_complex.py
[2024-04-19T19:02:45.147+0000] {processor.py:840} INFO - DAG(s) 'example_complex' retrieved from /home/airflow/.local/lib/python3.12/site-packages/airflow/example_dags/example_complex.py
[2024-04-19T19:02:45.203+0000] {logging_mixin.py:188} INFO - [2024-04-19T19:02:45.202+0000] {dag.py:3096} INFO - Sync 1 DAGs
[2024-04-19T19:02:45.219+0000] {logging_mixin.py:188} INFO - [2024-04-19T19:02:45.218+0000] {dag.py:3954} INFO - Setting next_dagrun for example_complex to None, run_after=None
[2024-04-19T19:02:45.250+0000] {processor.py:183} INFO - Processing /home/airflow/.local/lib/python3.12/site-packages/airflow/example_dags/example_complex.py took 0.128 seconds
[2024-04-19T19:03:15.956+0000] {processor.py:161} INFO - Started process (PID=896) to work on /home/airflow/.local/lib/python3.12/site-packages/airflow/example_dags/example_complex.py
[2024-04-19T19:03:15.984+0000] {processor.py:830} INFO - Processing file /home/airflow/.local/lib/python3.12/site-packages/airflow/example_dags/example_complex.py for tasks to queue
[2024-04-19T19:03:15.992+0000] {logging_mixin.py:188} INFO - [2024-04-19T19:03:15.987+0000] {dagbag.py:540} INFO - Filling up the DagBag from /home/airflow/.local/lib/python3.12/site-packages/airflow/example_dags/example_complex.py
[2024-04-19T19:03:16.027+0000] {processor.py:840} INFO - DAG(s) 'example_complex' retrieved from /home/airflow/.local/lib/python3.12/site-packages/airflow/example_dags/example_complex.py
[2024-04-19T19:03:16.191+0000] {logging_mixin.py:188} INFO - [2024-04-19T19:03:16.190+0000] {dag.py:3096} INFO - Sync 1 DAGs
[2024-04-19T19:03:16.261+0000] {logging_mixin.py:188} INFO - [2024-04-19T19:03:16.260+0000] {dag.py:3954} INFO - Setting next_dagrun for example_complex to None, run_after=None
[2024-04-19T19:03:16.341+0000] {processor.py:183} INFO - Processing /home/airflow/.local/lib/python3.12/site-packages/airflow/example_dags/example_complex.py took 0.411 seconds
[2024-04-19T19:03:46.826+0000] {processor.py:161} INFO - Started process (PID=955) to work on /home/airflow/.local/lib/python3.12/site-packages/airflow/example_dags/example_complex.py
[2024-04-19T19:03:46.828+0000] {processor.py:830} INFO - Processing file /home/airflow/.local/lib/python3.12/site-packages/airflow/example_dags/example_complex.py for tasks to queue
[2024-04-19T19:03:46.829+0000] {logging_mixin.py:188} INFO - [2024-04-19T19:03:46.828+0000] {dagbag.py:540} INFO - Filling up the DagBag from /home/airflow/.local/lib/python3.12/site-packages/airflow/example_dags/example_complex.py
[2024-04-19T19:03:46.839+0000] {processor.py:840} INFO - DAG(s) 'example_complex' retrieved from /home/airflow/.local/lib/python3.12/site-packages/airflow/example_dags/example_complex.py
[2024-04-19T19:03:46.877+0000] {logging_mixin.py:188} INFO - [2024-04-19T19:03:46.877+0000] {dag.py:3096} INFO - Sync 1 DAGs
[2024-04-19T19:03:46.898+0000] {logging_mixin.py:188} INFO - [2024-04-19T19:03:46.898+0000] {dag.py:3954} INFO - Setting next_dagrun for example_complex to None, run_after=None
[2024-04-19T19:03:46.926+0000] {processor.py:183} INFO - Processing /home/airflow/.local/lib/python3.12/site-packages/airflow/example_dags/example_complex.py took 0.107 seconds
[2024-04-19T19:04:17.694+0000] {processor.py:161} INFO - Started process (PID=1014) to work on /home/airflow/.local/lib/python3.12/site-packages/airflow/example_dags/example_complex.py
[2024-04-19T19:04:17.695+0000] {processor.py:830} INFO - Processing file /home/airflow/.local/lib/python3.12/site-packages/airflow/example_dags/example_complex.py for tasks to queue
[2024-04-19T19:04:17.696+0000] {logging_mixin.py:188} INFO - [2024-04-19T19:04:17.696+0000] {dagbag.py:540} INFO - Filling up the DagBag from /home/airflow/.local/lib/python3.12/site-packages/airflow/example_dags/example_complex.py
[2024-04-19T19:04:17.705+0000] {processor.py:840} INFO - DAG(s) 'example_complex' retrieved from /home/airflow/.local/lib/python3.12/site-packages/airflow/example_dags/example_complex.py
[2024-04-19T19:04:17.735+0000] {logging_mixin.py:188} INFO - [2024-04-19T19:04:17.735+0000] {dag.py:3096} INFO - Sync 1 DAGs
[2024-04-19T19:04:17.749+0000] {logging_mixin.py:188} INFO - [2024-04-19T19:04:17.749+0000] {dag.py:3954} INFO - Setting next_dagrun for example_complex to None, run_after=None
[2024-04-19T19:04:17.770+0000] {processor.py:183} INFO - Processing /home/airflow/.local/lib/python3.12/site-packages/airflow/example_dags/example_complex.py took 0.080 seconds
[2024-04-19T19:04:47.980+0000] {processor.py:161} INFO - Started process (PID=1074) to work on /home/airflow/.local/lib/python3.12/site-packages/airflow/example_dags/example_complex.py
[2024-04-19T19:04:47.984+0000] {processor.py:830} INFO - Processing file /home/airflow/.local/lib/python3.12/site-packages/airflow/example_dags/example_complex.py for tasks to queue
[2024-04-19T19:04:47.987+0000] {logging_mixin.py:188} INFO - [2024-04-19T19:04:47.986+0000] {dagbag.py:540} INFO - Filling up the DagBag from /home/airflow/.local/lib/python3.12/site-packages/airflow/example_dags/example_complex.py
[2024-04-19T19:04:48.011+0000] {processor.py:840} INFO - DAG(s) 'example_complex' retrieved from /home/airflow/.local/lib/python3.12/site-packages/airflow/example_dags/example_complex.py
[2024-04-19T19:04:48.072+0000] {logging_mixin.py:188} INFO - [2024-04-19T19:04:48.072+0000] {dag.py:3096} INFO - Sync 1 DAGs
[2024-04-19T19:04:48.094+0000] {logging_mixin.py:188} INFO - [2024-04-19T19:04:48.094+0000] {dag.py:3954} INFO - Setting next_dagrun for example_complex to None, run_after=None
[2024-04-19T19:04:48.134+0000] {processor.py:183} INFO - Processing /home/airflow/.local/lib/python3.12/site-packages/airflow/example_dags/example_complex.py took 0.162 seconds
[2024-04-19T19:05:18.750+0000] {processor.py:161} INFO - Started process (PID=1134) to work on /home/airflow/.local/lib/python3.12/site-packages/airflow/example_dags/example_complex.py
[2024-04-19T19:05:18.751+0000] {processor.py:830} INFO - Processing file /home/airflow/.local/lib/python3.12/site-packages/airflow/example_dags/example_complex.py for tasks to queue
[2024-04-19T19:05:18.752+0000] {logging_mixin.py:188} INFO - [2024-04-19T19:05:18.752+0000] {dagbag.py:540} INFO - Filling up the DagBag from /home/airflow/.local/lib/python3.12/site-packages/airflow/example_dags/example_complex.py
[2024-04-19T19:05:18.950+0000] {processor.py:840} INFO - DAG(s) 'example_complex' retrieved from /home/airflow/.local/lib/python3.12/site-packages/airflow/example_dags/example_complex.py
[2024-04-19T19:05:18.992+0000] {logging_mixin.py:188} INFO - [2024-04-19T19:05:18.991+0000] {dag.py:3096} INFO - Sync 1 DAGs
[2024-04-19T19:05:19.006+0000] {logging_mixin.py:188} INFO - [2024-04-19T19:05:19.006+0000] {dag.py:3954} INFO - Setting next_dagrun for example_complex to None, run_after=None
[2024-04-19T19:05:19.034+0000] {processor.py:183} INFO - Processing /home/airflow/.local/lib/python3.12/site-packages/airflow/example_dags/example_complex.py took 0.293 seconds
[2024-04-19T19:05:49.776+0000] {processor.py:161} INFO - Started process (PID=1194) to work on /home/airflow/.local/lib/python3.12/site-packages/airflow/example_dags/example_complex.py
[2024-04-19T19:05:49.777+0000] {processor.py:830} INFO - Processing file /home/airflow/.local/lib/python3.12/site-packages/airflow/example_dags/example_complex.py for tasks to queue
[2024-04-19T19:05:49.779+0000] {logging_mixin.py:188} INFO - [2024-04-19T19:05:49.778+0000] {dagbag.py:540} INFO - Filling up the DagBag from /home/airflow/.local/lib/python3.12/site-packages/airflow/example_dags/example_complex.py
[2024-04-19T19:05:49.790+0000] {processor.py:840} INFO - DAG(s) 'example_complex' retrieved from /home/airflow/.local/lib/python3.12/site-packages/airflow/example_dags/example_complex.py
[2024-04-19T19:05:49.835+0000] {logging_mixin.py:188} INFO - [2024-04-19T19:05:49.834+0000] {dag.py:3096} INFO - Sync 1 DAGs
[2024-04-19T19:05:49.856+0000] {logging_mixin.py:188} INFO - [2024-04-19T19:05:49.856+0000] {dag.py:3954} INFO - Setting next_dagrun for example_complex to None, run_after=None
[2024-04-19T19:05:49.890+0000] {processor.py:183} INFO - Processing /home/airflow/.local/lib/python3.12/site-packages/airflow/example_dags/example_complex.py took 0.121 seconds
[2024-04-19T19:06:20.685+0000] {processor.py:161} INFO - Started process (PID=1255) to work on /home/airflow/.local/lib/python3.12/site-packages/airflow/example_dags/example_complex.py
[2024-04-19T19:06:20.686+0000] {processor.py:830} INFO - Processing file /home/airflow/.local/lib/python3.12/site-packages/airflow/example_dags/example_complex.py for tasks to queue
[2024-04-19T19:06:20.687+0000] {logging_mixin.py:188} INFO - [2024-04-19T19:06:20.687+0000] {dagbag.py:540} INFO - Filling up the DagBag from /home/airflow/.local/lib/python3.12/site-packages/airflow/example_dags/example_complex.py
[2024-04-19T19:06:20.698+0000] {processor.py:840} INFO - DAG(s) 'example_complex' retrieved from /home/airflow/.local/lib/python3.12/site-packages/airflow/example_dags/example_complex.py
[2024-04-19T19:06:20.738+0000] {logging_mixin.py:188} INFO - [2024-04-19T19:06:20.738+0000] {dag.py:3096} INFO - Sync 1 DAGs
[2024-04-19T19:06:20.750+0000] {logging_mixin.py:188} INFO - [2024-04-19T19:06:20.750+0000] {dag.py:3954} INFO - Setting next_dagrun for example_complex to None, run_after=None
[2024-04-19T19:06:21.085+0000] {processor.py:183} INFO - Processing /home/airflow/.local/lib/python3.12/site-packages/airflow/example_dags/example_complex.py took 0.406 seconds
[2024-04-19T19:06:51.757+0000] {processor.py:161} INFO - Started process (PID=1316) to work on /home/airflow/.local/lib/python3.12/site-packages/airflow/example_dags/example_complex.py
[2024-04-19T19:06:51.758+0000] {processor.py:830} INFO - Processing file /home/airflow/.local/lib/python3.12/site-packages/airflow/example_dags/example_complex.py for tasks to queue
[2024-04-19T19:06:51.759+0000] {logging_mixin.py:188} INFO - [2024-04-19T19:06:51.758+0000] {dagbag.py:540} INFO - Filling up the DagBag from /home/airflow/.local/lib/python3.12/site-packages/airflow/example_dags/example_complex.py
[2024-04-19T19:06:51.771+0000] {processor.py:840} INFO - DAG(s) 'example_complex' retrieved from /home/airflow/.local/lib/python3.12/site-packages/airflow/example_dags/example_complex.py
[2024-04-19T19:06:51.799+0000] {logging_mixin.py:188} INFO - [2024-04-19T19:06:51.799+0000] {dag.py:3096} INFO - Sync 1 DAGs
[2024-04-19T19:06:51.811+0000] {logging_mixin.py:188} INFO - [2024-04-19T19:06:51.811+0000] {dag.py:3954} INFO - Setting next_dagrun for example_complex to None, run_after=None
[2024-04-19T19:06:51.829+0000] {processor.py:183} INFO - Processing /home/airflow/.local/lib/python3.12/site-packages/airflow/example_dags/example_complex.py took 0.079 seconds
[2024-04-19T19:07:22.884+0000] {processor.py:161} INFO - Started process (PID=1376) to work on /home/airflow/.local/lib/python3.12/site-packages/airflow/example_dags/example_complex.py
[2024-04-19T19:07:22.887+0000] {processor.py:830} INFO - Processing file /home/airflow/.local/lib/python3.12/site-packages/airflow/example_dags/example_complex.py for tasks to queue
[2024-04-19T19:07:22.889+0000] {logging_mixin.py:188} INFO - [2024-04-19T19:07:22.888+0000] {dagbag.py:540} INFO - Filling up the DagBag from /home/airflow/.local/lib/python3.12/site-packages/airflow/example_dags/example_complex.py
[2024-04-19T19:07:22.912+0000] {processor.py:840} INFO - DAG(s) 'example_complex' retrieved from /home/airflow/.local/lib/python3.12/site-packages/airflow/example_dags/example_complex.py
[2024-04-19T19:07:23.016+0000] {logging_mixin.py:188} INFO - [2024-04-19T19:07:23.015+0000] {dag.py:3096} INFO - Sync 1 DAGs
[2024-04-19T19:07:23.054+0000] {logging_mixin.py:188} INFO - [2024-04-19T19:07:23.054+0000] {dag.py:3954} INFO - Setting next_dagrun for example_complex to None, run_after=None
[2024-04-19T19:07:23.110+0000] {processor.py:183} INFO - Processing /home/airflow/.local/lib/python3.12/site-packages/airflow/example_dags/example_complex.py took 0.240 seconds
[2024-04-19T19:07:55.085+0000] {processor.py:161} INFO - Started process (PID=1436) to work on /home/airflow/.local/lib/python3.12/site-packages/airflow/example_dags/example_complex.py
[2024-04-19T19:07:55.152+0000] {processor.py:830} INFO - Processing file /home/airflow/.local/lib/python3.12/site-packages/airflow/example_dags/example_complex.py for tasks to queue
[2024-04-19T19:07:55.221+0000] {logging_mixin.py:188} INFO - [2024-04-19T19:07:55.220+0000] {dagbag.py:540} INFO - Filling up the DagBag from /home/airflow/.local/lib/python3.12/site-packages/airflow/example_dags/example_complex.py
[2024-04-19T19:07:55.296+0000] {processor.py:840} INFO - DAG(s) 'example_complex' retrieved from /home/airflow/.local/lib/python3.12/site-packages/airflow/example_dags/example_complex.py
[2024-04-19T19:07:55.441+0000] {logging_mixin.py:188} INFO - [2024-04-19T19:07:55.441+0000] {dag.py:3096} INFO - Sync 1 DAGs
[2024-04-19T19:07:55.542+0000] {logging_mixin.py:188} INFO - [2024-04-19T19:07:55.542+0000] {dag.py:3954} INFO - Setting next_dagrun for example_complex to None, run_after=None
[2024-04-19T19:07:55.721+0000] {processor.py:183} INFO - Processing /home/airflow/.local/lib/python3.12/site-packages/airflow/example_dags/example_complex.py took 0.655 seconds
[2024-04-19T19:08:26.677+0000] {processor.py:161} INFO - Started process (PID=1496) to work on /home/airflow/.local/lib/python3.12/site-packages/airflow/example_dags/example_complex.py
[2024-04-19T19:08:26.678+0000] {processor.py:830} INFO - Processing file /home/airflow/.local/lib/python3.12/site-packages/airflow/example_dags/example_complex.py for tasks to queue
[2024-04-19T19:08:26.679+0000] {logging_mixin.py:188} INFO - [2024-04-19T19:08:26.679+0000] {dagbag.py:540} INFO - Filling up the DagBag from /home/airflow/.local/lib/python3.12/site-packages/airflow/example_dags/example_complex.py
[2024-04-19T19:08:26.693+0000] {processor.py:840} INFO - DAG(s) 'example_complex' retrieved from /home/airflow/.local/lib/python3.12/site-packages/airflow/example_dags/example_complex.py
[2024-04-19T19:08:26.722+0000] {logging_mixin.py:188} INFO - [2024-04-19T19:08:26.721+0000] {dag.py:3096} INFO - Sync 1 DAGs
[2024-04-19T19:08:26.733+0000] {logging_mixin.py:188} INFO - [2024-04-19T19:08:26.733+0000] {dag.py:3954} INFO - Setting next_dagrun for example_complex to None, run_after=None
[2024-04-19T19:08:26.755+0000] {processor.py:183} INFO - Processing /home/airflow/.local/lib/python3.12/site-packages/airflow/example_dags/example_complex.py took 0.086 seconds
[2024-04-19T19:08:57.412+0000] {processor.py:161} INFO - Started process (PID=1563) to work on /home/airflow/.local/lib/python3.12/site-packages/airflow/example_dags/example_complex.py
[2024-04-19T19:08:57.414+0000] {processor.py:830} INFO - Processing file /home/airflow/.local/lib/python3.12/site-packages/airflow/example_dags/example_complex.py for tasks to queue
[2024-04-19T19:08:57.415+0000] {logging_mixin.py:188} INFO - [2024-04-19T19:08:57.415+0000] {dagbag.py:540} INFO - Filling up the DagBag from /home/airflow/.local/lib/python3.12/site-packages/airflow/example_dags/example_complex.py
[2024-04-19T19:08:57.428+0000] {processor.py:840} INFO - DAG(s) 'example_complex' retrieved from /home/airflow/.local/lib/python3.12/site-packages/airflow/example_dags/example_complex.py
[2024-04-19T19:08:57.467+0000] {logging_mixin.py:188} INFO - [2024-04-19T19:08:57.467+0000] {dag.py:3096} INFO - Sync 1 DAGs
[2024-04-19T19:08:57.488+0000] {logging_mixin.py:188} INFO - [2024-04-19T19:08:57.487+0000] {dag.py:3954} INFO - Setting next_dagrun for example_complex to None, run_after=None
[2024-04-19T19:08:57.509+0000] {processor.py:183} INFO - Processing /home/airflow/.local/lib/python3.12/site-packages/airflow/example_dags/example_complex.py took 0.102 seconds
[2024-04-19T19:09:27.749+0000] {processor.py:161} INFO - Started process (PID=1623) to work on /home/airflow/.local/lib/python3.12/site-packages/airflow/example_dags/example_complex.py
[2024-04-19T19:09:27.751+0000] {processor.py:830} INFO - Processing file /home/airflow/.local/lib/python3.12/site-packages/airflow/example_dags/example_complex.py for tasks to queue
[2024-04-19T19:09:27.752+0000] {logging_mixin.py:188} INFO - [2024-04-19T19:09:27.752+0000] {dagbag.py:540} INFO - Filling up the DagBag from /home/airflow/.local/lib/python3.12/site-packages/airflow/example_dags/example_complex.py
[2024-04-19T19:09:27.767+0000] {processor.py:840} INFO - DAG(s) 'example_complex' retrieved from /home/airflow/.local/lib/python3.12/site-packages/airflow/example_dags/example_complex.py
[2024-04-19T19:09:27.799+0000] {logging_mixin.py:188} INFO - [2024-04-19T19:09:27.799+0000] {dag.py:3096} INFO - Sync 1 DAGs
[2024-04-19T19:09:27.812+0000] {logging_mixin.py:188} INFO - [2024-04-19T19:09:27.811+0000] {dag.py:3954} INFO - Setting next_dagrun for example_complex to None, run_after=None
[2024-04-19T19:09:27.834+0000] {processor.py:183} INFO - Processing /home/airflow/.local/lib/python3.12/site-packages/airflow/example_dags/example_complex.py took 0.093 seconds
[2024-04-19T19:09:58.017+0000] {processor.py:161} INFO - Started process (PID=1683) to work on /home/airflow/.local/lib/python3.12/site-packages/airflow/example_dags/example_complex.py
[2024-04-19T19:09:58.018+0000] {processor.py:830} INFO - Processing file /home/airflow/.local/lib/python3.12/site-packages/airflow/example_dags/example_complex.py for tasks to queue
[2024-04-19T19:09:58.020+0000] {logging_mixin.py:188} INFO - [2024-04-19T19:09:58.020+0000] {dagbag.py:540} INFO - Filling up the DagBag from /home/airflow/.local/lib/python3.12/site-packages/airflow/example_dags/example_complex.py
[2024-04-19T19:09:58.045+0000] {processor.py:840} INFO - DAG(s) 'example_complex' retrieved from /home/airflow/.local/lib/python3.12/site-packages/airflow/example_dags/example_complex.py
[2024-04-19T19:09:58.094+0000] {logging_mixin.py:188} INFO - [2024-04-19T19:09:58.094+0000] {dag.py:3096} INFO - Sync 1 DAGs
[2024-04-19T19:09:58.113+0000] {logging_mixin.py:188} INFO - [2024-04-19T19:09:58.112+0000] {dag.py:3954} INFO - Setting next_dagrun for example_complex to None, run_after=None
[2024-04-19T19:09:58.147+0000] {processor.py:183} INFO - Processing /home/airflow/.local/lib/python3.12/site-packages/airflow/example_dags/example_complex.py took 0.147 seconds
[2024-04-19T19:10:28.397+0000] {processor.py:161} INFO - Started process (PID=1743) to work on /home/airflow/.local/lib/python3.12/site-packages/airflow/example_dags/example_complex.py
[2024-04-19T19:10:28.398+0000] {processor.py:830} INFO - Processing file /home/airflow/.local/lib/python3.12/site-packages/airflow/example_dags/example_complex.py for tasks to queue
[2024-04-19T19:10:28.399+0000] {logging_mixin.py:188} INFO - [2024-04-19T19:10:28.399+0000] {dagbag.py:540} INFO - Filling up the DagBag from /home/airflow/.local/lib/python3.12/site-packages/airflow/example_dags/example_complex.py
[2024-04-19T19:10:28.410+0000] {processor.py:840} INFO - DAG(s) 'example_complex' retrieved from /home/airflow/.local/lib/python3.12/site-packages/airflow/example_dags/example_complex.py
[2024-04-19T19:10:28.449+0000] {logging_mixin.py:188} INFO - [2024-04-19T19:10:28.449+0000] {dag.py:3096} INFO - Sync 1 DAGs
[2024-04-19T19:10:28.465+0000] {logging_mixin.py:188} INFO - [2024-04-19T19:10:28.465+0000] {dag.py:3954} INFO - Setting next_dagrun for example_complex to None, run_after=None
[2024-04-19T19:10:28.488+0000] {processor.py:183} INFO - Processing /home/airflow/.local/lib/python3.12/site-packages/airflow/example_dags/example_complex.py took 0.097 seconds
[2024-04-19T19:10:58.748+0000] {processor.py:161} INFO - Started process (PID=1803) to work on /home/airflow/.local/lib/python3.12/site-packages/airflow/example_dags/example_complex.py
[2024-04-19T19:10:58.749+0000] {processor.py:830} INFO - Processing file /home/airflow/.local/lib/python3.12/site-packages/airflow/example_dags/example_complex.py for tasks to queue
[2024-04-19T19:10:58.750+0000] {logging_mixin.py:188} INFO - [2024-04-19T19:10:58.750+0000] {dagbag.py:540} INFO - Filling up the DagBag from /home/airflow/.local/lib/python3.12/site-packages/airflow/example_dags/example_complex.py
[2024-04-19T19:10:58.759+0000] {processor.py:840} INFO - DAG(s) 'example_complex' retrieved from /home/airflow/.local/lib/python3.12/site-packages/airflow/example_dags/example_complex.py
[2024-04-19T19:10:58.802+0000] {logging_mixin.py:188} INFO - [2024-04-19T19:10:58.802+0000] {dag.py:3096} INFO - Sync 1 DAGs
[2024-04-19T19:10:58.819+0000] {logging_mixin.py:188} INFO - [2024-04-19T19:10:58.819+0000] {dag.py:3954} INFO - Setting next_dagrun for example_complex to None, run_after=None
[2024-04-19T19:10:58.848+0000] {processor.py:183} INFO - Processing /home/airflow/.local/lib/python3.12/site-packages/airflow/example_dags/example_complex.py took 0.106 seconds
[2024-04-19T19:11:29.234+0000] {processor.py:161} INFO - Started process (PID=1861) to work on /home/airflow/.local/lib/python3.12/site-packages/airflow/example_dags/example_complex.py
[2024-04-19T19:11:29.235+0000] {processor.py:830} INFO - Processing file /home/airflow/.local/lib/python3.12/site-packages/airflow/example_dags/example_complex.py for tasks to queue
[2024-04-19T19:11:29.236+0000] {logging_mixin.py:188} INFO - [2024-04-19T19:11:29.236+0000] {dagbag.py:540} INFO - Filling up the DagBag from /home/airflow/.local/lib/python3.12/site-packages/airflow/example_dags/example_complex.py
[2024-04-19T19:11:29.247+0000] {processor.py:840} INFO - DAG(s) 'example_complex' retrieved from /home/airflow/.local/lib/python3.12/site-packages/airflow/example_dags/example_complex.py
[2024-04-19T19:11:29.286+0000] {logging_mixin.py:188} INFO - [2024-04-19T19:11:29.286+0000] {dag.py:3096} INFO - Sync 1 DAGs
[2024-04-19T19:11:29.300+0000] {logging_mixin.py:188} INFO - [2024-04-19T19:11:29.300+0000] {dag.py:3954} INFO - Setting next_dagrun for example_complex to None, run_after=None
[2024-04-19T19:11:29.323+0000] {processor.py:183} INFO - Processing /home/airflow/.local/lib/python3.12/site-packages/airflow/example_dags/example_complex.py took 0.095 seconds
[2024-04-19T19:11:59.768+0000] {processor.py:161} INFO - Started process (PID=1921) to work on /home/airflow/.local/lib/python3.12/site-packages/airflow/example_dags/example_complex.py
[2024-04-19T19:11:59.769+0000] {processor.py:830} INFO - Processing file /home/airflow/.local/lib/python3.12/site-packages/airflow/example_dags/example_complex.py for tasks to queue
[2024-04-19T19:11:59.770+0000] {logging_mixin.py:188} INFO - [2024-04-19T19:11:59.770+0000] {dagbag.py:540} INFO - Filling up the DagBag from /home/airflow/.local/lib/python3.12/site-packages/airflow/example_dags/example_complex.py
[2024-04-19T19:11:59.781+0000] {processor.py:840} INFO - DAG(s) 'example_complex' retrieved from /home/airflow/.local/lib/python3.12/site-packages/airflow/example_dags/example_complex.py
[2024-04-19T19:11:59.820+0000] {logging_mixin.py:188} INFO - [2024-04-19T19:11:59.820+0000] {dag.py:3096} INFO - Sync 1 DAGs
[2024-04-19T19:11:59.844+0000] {logging_mixin.py:188} INFO - [2024-04-19T19:11:59.844+0000] {dag.py:3954} INFO - Setting next_dagrun for example_complex to None, run_after=None
[2024-04-19T19:11:59.902+0000] {processor.py:183} INFO - Processing /home/airflow/.local/lib/python3.12/site-packages/airflow/example_dags/example_complex.py took 0.141 seconds
[2024-04-19T19:12:30.678+0000] {processor.py:161} INFO - Started process (PID=1981) to work on /home/airflow/.local/lib/python3.12/site-packages/airflow/example_dags/example_complex.py
[2024-04-19T19:12:30.679+0000] {processor.py:830} INFO - Processing file /home/airflow/.local/lib/python3.12/site-packages/airflow/example_dags/example_complex.py for tasks to queue
[2024-04-19T19:12:30.680+0000] {logging_mixin.py:188} INFO - [2024-04-19T19:12:30.680+0000] {dagbag.py:540} INFO - Filling up the DagBag from /home/airflow/.local/lib/python3.12/site-packages/airflow/example_dags/example_complex.py
[2024-04-19T19:12:30.698+0000] {processor.py:840} INFO - DAG(s) 'example_complex' retrieved from /home/airflow/.local/lib/python3.12/site-packages/airflow/example_dags/example_complex.py
[2024-04-19T19:12:30.749+0000] {logging_mixin.py:188} INFO - [2024-04-19T19:12:30.749+0000] {dag.py:3096} INFO - Sync 1 DAGs
[2024-04-19T19:12:30.777+0000] {logging_mixin.py:188} INFO - [2024-04-19T19:12:30.776+0000] {dag.py:3954} INFO - Setting next_dagrun for example_complex to None, run_after=None
[2024-04-19T19:12:30.811+0000] {processor.py:183} INFO - Processing /home/airflow/.local/lib/python3.12/site-packages/airflow/example_dags/example_complex.py took 0.145 seconds
[2024-04-19T19:13:03.422+0000] {processor.py:161} INFO - Started process (PID=2041) to work on /home/airflow/.local/lib/python3.12/site-packages/airflow/example_dags/example_complex.py
[2024-04-19T19:13:03.433+0000] {processor.py:830} INFO - Processing file /home/airflow/.local/lib/python3.12/site-packages/airflow/example_dags/example_complex.py for tasks to queue
[2024-04-19T19:13:03.435+0000] {logging_mixin.py:188} INFO - [2024-04-19T19:13:03.435+0000] {dagbag.py:540} INFO - Filling up the DagBag from /home/airflow/.local/lib/python3.12/site-packages/airflow/example_dags/example_complex.py
[2024-04-19T19:13:03.495+0000] {processor.py:840} INFO - DAG(s) 'example_complex' retrieved from /home/airflow/.local/lib/python3.12/site-packages/airflow/example_dags/example_complex.py
[2024-04-19T19:13:03.622+0000] {logging_mixin.py:188} INFO - [2024-04-19T19:13:03.622+0000] {dag.py:3096} INFO - Sync 1 DAGs
[2024-04-19T19:13:03.674+0000] {logging_mixin.py:188} INFO - [2024-04-19T19:13:03.673+0000] {dag.py:3954} INFO - Setting next_dagrun for example_complex to None, run_after=None
[2024-04-19T19:13:03.781+0000] {processor.py:183} INFO - Processing /home/airflow/.local/lib/python3.12/site-packages/airflow/example_dags/example_complex.py took 0.374 seconds
[2024-04-19T19:13:34.550+0000] {processor.py:161} INFO - Started process (PID=2101) to work on /home/airflow/.local/lib/python3.12/site-packages/airflow/example_dags/example_complex.py
[2024-04-19T19:13:34.552+0000] {processor.py:830} INFO - Processing file /home/airflow/.local/lib/python3.12/site-packages/airflow/example_dags/example_complex.py for tasks to queue
[2024-04-19T19:13:34.553+0000] {logging_mixin.py:188} INFO - [2024-04-19T19:13:34.553+0000] {dagbag.py:540} INFO - Filling up the DagBag from /home/airflow/.local/lib/python3.12/site-packages/airflow/example_dags/example_complex.py
[2024-04-19T19:13:34.570+0000] {processor.py:840} INFO - DAG(s) 'example_complex' retrieved from /home/airflow/.local/lib/python3.12/site-packages/airflow/example_dags/example_complex.py
[2024-04-19T19:13:34.636+0000] {logging_mixin.py:188} INFO - [2024-04-19T19:13:34.635+0000] {dag.py:3096} INFO - Sync 1 DAGs
[2024-04-19T19:13:34.657+0000] {logging_mixin.py:188} INFO - [2024-04-19T19:13:34.657+0000] {dag.py:3954} INFO - Setting next_dagrun for example_complex to None, run_after=None
[2024-04-19T19:13:34.691+0000] {processor.py:183} INFO - Processing /home/airflow/.local/lib/python3.12/site-packages/airflow/example_dags/example_complex.py took 0.149 seconds
[2024-04-19T19:14:05.396+0000] {processor.py:161} INFO - Started process (PID=2162) to work on /home/airflow/.local/lib/python3.12/site-packages/airflow/example_dags/example_complex.py
[2024-04-19T19:14:05.397+0000] {processor.py:830} INFO - Processing file /home/airflow/.local/lib/python3.12/site-packages/airflow/example_dags/example_complex.py for tasks to queue
[2024-04-19T19:14:05.398+0000] {logging_mixin.py:188} INFO - [2024-04-19T19:14:05.398+0000] {dagbag.py:540} INFO - Filling up the DagBag from /home/airflow/.local/lib/python3.12/site-packages/airflow/example_dags/example_complex.py
[2024-04-19T19:14:05.411+0000] {processor.py:840} INFO - DAG(s) 'example_complex' retrieved from /home/airflow/.local/lib/python3.12/site-packages/airflow/example_dags/example_complex.py
[2024-04-19T19:14:05.446+0000] {logging_mixin.py:188} INFO - [2024-04-19T19:14:05.445+0000] {dag.py:3096} INFO - Sync 1 DAGs
[2024-04-19T19:14:05.460+0000] {logging_mixin.py:188} INFO - [2024-04-19T19:14:05.459+0000] {dag.py:3954} INFO - Setting next_dagrun for example_complex to None, run_after=None
[2024-04-19T19:14:05.482+0000] {processor.py:183} INFO - Processing /home/airflow/.local/lib/python3.12/site-packages/airflow/example_dags/example_complex.py took 0.091 seconds
[2024-04-19T19:14:35.561+0000] {processor.py:161} INFO - Started process (PID=2222) to work on /home/airflow/.local/lib/python3.12/site-packages/airflow/example_dags/example_complex.py
[2024-04-19T19:14:35.562+0000] {processor.py:830} INFO - Processing file /home/airflow/.local/lib/python3.12/site-packages/airflow/example_dags/example_complex.py for tasks to queue
[2024-04-19T19:14:35.563+0000] {logging_mixin.py:188} INFO - [2024-04-19T19:14:35.563+0000] {dagbag.py:540} INFO - Filling up the DagBag from /home/airflow/.local/lib/python3.12/site-packages/airflow/example_dags/example_complex.py
[2024-04-19T19:14:35.575+0000] {processor.py:840} INFO - DAG(s) 'example_complex' retrieved from /home/airflow/.local/lib/python3.12/site-packages/airflow/example_dags/example_complex.py
[2024-04-19T19:14:35.605+0000] {logging_mixin.py:188} INFO - [2024-04-19T19:14:35.605+0000] {dag.py:3096} INFO - Sync 1 DAGs
[2024-04-19T19:14:35.617+0000] {logging_mixin.py:188} INFO - [2024-04-19T19:14:35.617+0000] {dag.py:3954} INFO - Setting next_dagrun for example_complex to None, run_after=None
[2024-04-19T19:14:35.650+0000] {processor.py:183} INFO - Processing /home/airflow/.local/lib/python3.12/site-packages/airflow/example_dags/example_complex.py took 0.098 seconds
[2024-04-19T19:15:06.438+0000] {processor.py:161} INFO - Started process (PID=2282) to work on /home/airflow/.local/lib/python3.12/site-packages/airflow/example_dags/example_complex.py
[2024-04-19T19:15:06.439+0000] {processor.py:830} INFO - Processing file /home/airflow/.local/lib/python3.12/site-packages/airflow/example_dags/example_complex.py for tasks to queue
[2024-04-19T19:15:06.439+0000] {logging_mixin.py:188} INFO - [2024-04-19T19:15:06.439+0000] {dagbag.py:540} INFO - Filling up the DagBag from /home/airflow/.local/lib/python3.12/site-packages/airflow/example_dags/example_complex.py
[2024-04-19T19:15:06.450+0000] {processor.py:840} INFO - DAG(s) 'example_complex' retrieved from /home/airflow/.local/lib/python3.12/site-packages/airflow/example_dags/example_complex.py
[2024-04-19T19:15:06.481+0000] {logging_mixin.py:188} INFO - [2024-04-19T19:15:06.481+0000] {dag.py:3096} INFO - Sync 1 DAGs
[2024-04-19T19:15:06.494+0000] {logging_mixin.py:188} INFO - [2024-04-19T19:15:06.493+0000] {dag.py:3954} INFO - Setting next_dagrun for example_complex to None, run_after=None
[2024-04-19T19:15:06.517+0000] {processor.py:183} INFO - Processing /home/airflow/.local/lib/python3.12/site-packages/airflow/example_dags/example_complex.py took 0.085 seconds
[2024-04-19T19:15:36.579+0000] {processor.py:161} INFO - Started process (PID=2341) to work on /home/airflow/.local/lib/python3.12/site-packages/airflow/example_dags/example_complex.py
[2024-04-19T19:15:36.585+0000] {processor.py:830} INFO - Processing file /home/airflow/.local/lib/python3.12/site-packages/airflow/example_dags/example_complex.py for tasks to queue
[2024-04-19T19:15:36.589+0000] {logging_mixin.py:188} INFO - [2024-04-19T19:15:36.588+0000] {dagbag.py:540} INFO - Filling up the DagBag from /home/airflow/.local/lib/python3.12/site-packages/airflow/example_dags/example_complex.py
[2024-04-19T19:15:36.613+0000] {processor.py:840} INFO - DAG(s) 'example_complex' retrieved from /home/airflow/.local/lib/python3.12/site-packages/airflow/example_dags/example_complex.py
[2024-04-19T19:15:36.661+0000] {logging_mixin.py:188} INFO - [2024-04-19T19:15:36.660+0000] {dag.py:3096} INFO - Sync 1 DAGs
[2024-04-19T19:15:36.681+0000] {logging_mixin.py:188} INFO - [2024-04-19T19:15:36.681+0000] {dag.py:3954} INFO - Setting next_dagrun for example_complex to None, run_after=None
[2024-04-19T19:15:36.736+0000] {processor.py:183} INFO - Processing /home/airflow/.local/lib/python3.12/site-packages/airflow/example_dags/example_complex.py took 0.165 seconds
[2024-04-19T19:16:07.016+0000] {processor.py:161} INFO - Started process (PID=2401) to work on /home/airflow/.local/lib/python3.12/site-packages/airflow/example_dags/example_complex.py
[2024-04-19T19:16:07.017+0000] {processor.py:830} INFO - Processing file /home/airflow/.local/lib/python3.12/site-packages/airflow/example_dags/example_complex.py for tasks to queue
[2024-04-19T19:16:07.018+0000] {logging_mixin.py:188} INFO - [2024-04-19T19:16:07.018+0000] {dagbag.py:540} INFO - Filling up the DagBag from /home/airflow/.local/lib/python3.12/site-packages/airflow/example_dags/example_complex.py
[2024-04-19T19:16:07.033+0000] {processor.py:840} INFO - DAG(s) 'example_complex' retrieved from /home/airflow/.local/lib/python3.12/site-packages/airflow/example_dags/example_complex.py
[2024-04-19T19:16:07.106+0000] {logging_mixin.py:188} INFO - [2024-04-19T19:16:07.106+0000] {dag.py:3096} INFO - Sync 1 DAGs
[2024-04-19T19:16:07.136+0000] {logging_mixin.py:188} INFO - [2024-04-19T19:16:07.136+0000] {dag.py:3954} INFO - Setting next_dagrun for example_complex to None, run_after=None
[2024-04-19T19:16:07.172+0000] {processor.py:183} INFO - Processing /home/airflow/.local/lib/python3.12/site-packages/airflow/example_dags/example_complex.py took 0.161 seconds
[2024-04-19T19:16:37.450+0000] {processor.py:161} INFO - Started process (PID=2461) to work on /home/airflow/.local/lib/python3.12/site-packages/airflow/example_dags/example_complex.py
[2024-04-19T19:16:37.451+0000] {processor.py:830} INFO - Processing file /home/airflow/.local/lib/python3.12/site-packages/airflow/example_dags/example_complex.py for tasks to queue
[2024-04-19T19:16:37.452+0000] {logging_mixin.py:188} INFO - [2024-04-19T19:16:37.452+0000] {dagbag.py:540} INFO - Filling up the DagBag from /home/airflow/.local/lib/python3.12/site-packages/airflow/example_dags/example_complex.py
[2024-04-19T19:16:37.463+0000] {processor.py:840} INFO - DAG(s) 'example_complex' retrieved from /home/airflow/.local/lib/python3.12/site-packages/airflow/example_dags/example_complex.py
[2024-04-19T19:16:37.495+0000] {logging_mixin.py:188} INFO - [2024-04-19T19:16:37.495+0000] {dag.py:3096} INFO - Sync 1 DAGs
[2024-04-19T19:16:37.511+0000] {logging_mixin.py:188} INFO - [2024-04-19T19:16:37.511+0000] {dag.py:3954} INFO - Setting next_dagrun for example_complex to None, run_after=None
[2024-04-19T19:16:37.532+0000] {processor.py:183} INFO - Processing /home/airflow/.local/lib/python3.12/site-packages/airflow/example_dags/example_complex.py took 0.089 seconds
