[2024-04-19T18:33:17.239+0000] {processor.py:161} INFO - Started process (PID=74) to work on /home/airflow/.local/lib/python3.12/site-packages/airflow/example_dags/example_setup_teardown.py
[2024-04-19T18:33:17.240+0000] {processor.py:830} INFO - Processing file /home/airflow/.local/lib/python3.12/site-packages/airflow/example_dags/example_setup_teardown.py for tasks to queue
[2024-04-19T18:33:17.243+0000] {logging_mixin.py:188} INFO - [2024-04-19T18:33:17.242+0000] {dagbag.py:540} INFO - Filling up the DagBag from /home/airflow/.local/lib/python3.12/site-packages/airflow/example_dags/example_setup_teardown.py
[2024-04-19T18:33:17.253+0000] {processor.py:840} INFO - DAG(s) 'example_setup_teardown' retrieved from /home/airflow/.local/lib/python3.12/site-packages/airflow/example_dags/example_setup_teardown.py
[2024-04-19T18:33:17.449+0000] {logging_mixin.py:188} INFO - [2024-04-19T18:33:17.448+0000] {dag.py:3096} INFO - Sync 1 DAGs
[2024-04-19T18:33:17.605+0000] {logging_mixin.py:188} INFO - [2024-04-19T18:33:17.604+0000] {dag.py:3954} INFO - Setting next_dagrun for example_setup_teardown to 2024-04-18 00:00:00+00:00, run_after=2024-04-19 00:00:00+00:00
[2024-04-19T18:33:17.713+0000] {processor.py:183} INFO - Processing /home/airflow/.local/lib/python3.12/site-packages/airflow/example_dags/example_setup_teardown.py took 0.482 seconds
[2024-04-19T18:33:48.224+0000] {processor.py:161} INFO - Started process (PID=132) to work on /home/airflow/.local/lib/python3.12/site-packages/airflow/example_dags/example_setup_teardown.py
[2024-04-19T18:33:48.225+0000] {processor.py:830} INFO - Processing file /home/airflow/.local/lib/python3.12/site-packages/airflow/example_dags/example_setup_teardown.py for tasks to queue
[2024-04-19T18:33:48.227+0000] {logging_mixin.py:188} INFO - [2024-04-19T18:33:48.227+0000] {dagbag.py:540} INFO - Filling up the DagBag from /home/airflow/.local/lib/python3.12/site-packages/airflow/example_dags/example_setup_teardown.py
[2024-04-19T18:33:48.236+0000] {processor.py:840} INFO - DAG(s) 'example_setup_teardown' retrieved from /home/airflow/.local/lib/python3.12/site-packages/airflow/example_dags/example_setup_teardown.py
[2024-04-19T18:33:48.260+0000] {logging_mixin.py:188} INFO - [2024-04-19T18:33:48.260+0000] {dag.py:3096} INFO - Sync 1 DAGs
[2024-04-19T18:33:48.284+0000] {logging_mixin.py:188} INFO - [2024-04-19T18:33:48.284+0000] {dag.py:3954} INFO - Setting next_dagrun for example_setup_teardown to 2024-04-18 00:00:00+00:00, run_after=2024-04-19 00:00:00+00:00
[2024-04-19T18:33:48.306+0000] {processor.py:183} INFO - Processing /home/airflow/.local/lib/python3.12/site-packages/airflow/example_dags/example_setup_teardown.py took 0.089 seconds
[2024-04-19T18:34:18.613+0000] {processor.py:161} INFO - Started process (PID=190) to work on /home/airflow/.local/lib/python3.12/site-packages/airflow/example_dags/example_setup_teardown.py
[2024-04-19T18:34:18.614+0000] {processor.py:830} INFO - Processing file /home/airflow/.local/lib/python3.12/site-packages/airflow/example_dags/example_setup_teardown.py for tasks to queue
[2024-04-19T18:34:18.616+0000] {logging_mixin.py:188} INFO - [2024-04-19T18:34:18.616+0000] {dagbag.py:540} INFO - Filling up the DagBag from /home/airflow/.local/lib/python3.12/site-packages/airflow/example_dags/example_setup_teardown.py
[2024-04-19T18:34:18.623+0000] {processor.py:840} INFO - DAG(s) 'example_setup_teardown' retrieved from /home/airflow/.local/lib/python3.12/site-packages/airflow/example_dags/example_setup_teardown.py
[2024-04-19T18:34:18.643+0000] {logging_mixin.py:188} INFO - [2024-04-19T18:34:18.643+0000] {dag.py:3096} INFO - Sync 1 DAGs
[2024-04-19T18:34:18.668+0000] {logging_mixin.py:188} INFO - [2024-04-19T18:34:18.668+0000] {dag.py:3954} INFO - Setting next_dagrun for example_setup_teardown to 2024-04-18 00:00:00+00:00, run_after=2024-04-19 00:00:00+00:00
[2024-04-19T18:34:18.705+0000] {processor.py:183} INFO - Processing /home/airflow/.local/lib/python3.12/site-packages/airflow/example_dags/example_setup_teardown.py took 0.098 seconds
[2024-04-19T18:34:49.243+0000] {processor.py:161} INFO - Started process (PID=248) to work on /home/airflow/.local/lib/python3.12/site-packages/airflow/example_dags/example_setup_teardown.py
[2024-04-19T18:34:49.245+0000] {processor.py:830} INFO - Processing file /home/airflow/.local/lib/python3.12/site-packages/airflow/example_dags/example_setup_teardown.py for tasks to queue
[2024-04-19T18:34:49.248+0000] {logging_mixin.py:188} INFO - [2024-04-19T18:34:49.248+0000] {dagbag.py:540} INFO - Filling up the DagBag from /home/airflow/.local/lib/python3.12/site-packages/airflow/example_dags/example_setup_teardown.py
[2024-04-19T18:34:49.259+0000] {processor.py:840} INFO - DAG(s) 'example_setup_teardown' retrieved from /home/airflow/.local/lib/python3.12/site-packages/airflow/example_dags/example_setup_teardown.py
[2024-04-19T18:34:49.286+0000] {logging_mixin.py:188} INFO - [2024-04-19T18:34:49.286+0000] {dag.py:3096} INFO - Sync 1 DAGs
[2024-04-19T18:34:49.328+0000] {logging_mixin.py:188} INFO - [2024-04-19T18:34:49.328+0000] {dag.py:3954} INFO - Setting next_dagrun for example_setup_teardown to 2024-04-18 00:00:00+00:00, run_after=2024-04-19 00:00:00+00:00
[2024-04-19T18:34:49.376+0000] {processor.py:183} INFO - Processing /home/airflow/.local/lib/python3.12/site-packages/airflow/example_dags/example_setup_teardown.py took 0.140 seconds
[2024-04-19T18:35:19.754+0000] {processor.py:161} INFO - Started process (PID=306) to work on /home/airflow/.local/lib/python3.12/site-packages/airflow/example_dags/example_setup_teardown.py
[2024-04-19T18:35:19.760+0000] {processor.py:830} INFO - Processing file /home/airflow/.local/lib/python3.12/site-packages/airflow/example_dags/example_setup_teardown.py for tasks to queue
[2024-04-19T18:35:19.777+0000] {logging_mixin.py:188} INFO - [2024-04-19T18:35:19.776+0000] {dagbag.py:540} INFO - Filling up the DagBag from /home/airflow/.local/lib/python3.12/site-packages/airflow/example_dags/example_setup_teardown.py
[2024-04-19T18:35:19.799+0000] {processor.py:840} INFO - DAG(s) 'example_setup_teardown' retrieved from /home/airflow/.local/lib/python3.12/site-packages/airflow/example_dags/example_setup_teardown.py
[2024-04-19T18:35:19.842+0000] {logging_mixin.py:188} INFO - [2024-04-19T18:35:19.842+0000] {dag.py:3096} INFO - Sync 1 DAGs
[2024-04-19T18:35:19.884+0000] {logging_mixin.py:188} INFO - [2024-04-19T18:35:19.883+0000] {dag.py:3954} INFO - Setting next_dagrun for example_setup_teardown to 2024-04-18 00:00:00+00:00, run_after=2024-04-19 00:00:00+00:00
[2024-04-19T18:35:19.921+0000] {processor.py:183} INFO - Processing /home/airflow/.local/lib/python3.12/site-packages/airflow/example_dags/example_setup_teardown.py took 0.177 seconds
[2024-04-19T18:35:50.092+0000] {processor.py:161} INFO - Started process (PID=365) to work on /home/airflow/.local/lib/python3.12/site-packages/airflow/example_dags/example_setup_teardown.py
[2024-04-19T18:35:50.093+0000] {processor.py:830} INFO - Processing file /home/airflow/.local/lib/python3.12/site-packages/airflow/example_dags/example_setup_teardown.py for tasks to queue
[2024-04-19T18:35:50.096+0000] {logging_mixin.py:188} INFO - [2024-04-19T18:35:50.095+0000] {dagbag.py:540} INFO - Filling up the DagBag from /home/airflow/.local/lib/python3.12/site-packages/airflow/example_dags/example_setup_teardown.py
[2024-04-19T18:35:50.112+0000] {processor.py:840} INFO - DAG(s) 'example_setup_teardown' retrieved from /home/airflow/.local/lib/python3.12/site-packages/airflow/example_dags/example_setup_teardown.py
[2024-04-19T18:35:50.151+0000] {logging_mixin.py:188} INFO - [2024-04-19T18:35:50.150+0000] {dag.py:3096} INFO - Sync 1 DAGs
[2024-04-19T18:35:50.195+0000] {logging_mixin.py:188} INFO - [2024-04-19T18:35:50.195+0000] {dag.py:3954} INFO - Setting next_dagrun for example_setup_teardown to 2024-04-18 00:00:00+00:00, run_after=2024-04-19 00:00:00+00:00
[2024-04-19T18:35:50.221+0000] {processor.py:183} INFO - Processing /home/airflow/.local/lib/python3.12/site-packages/airflow/example_dags/example_setup_teardown.py took 0.143 seconds
[2024-04-19T18:36:20.346+0000] {processor.py:161} INFO - Started process (PID=423) to work on /home/airflow/.local/lib/python3.12/site-packages/airflow/example_dags/example_setup_teardown.py
[2024-04-19T18:36:20.348+0000] {processor.py:830} INFO - Processing file /home/airflow/.local/lib/python3.12/site-packages/airflow/example_dags/example_setup_teardown.py for tasks to queue
[2024-04-19T18:36:20.350+0000] {logging_mixin.py:188} INFO - [2024-04-19T18:36:20.350+0000] {dagbag.py:540} INFO - Filling up the DagBag from /home/airflow/.local/lib/python3.12/site-packages/airflow/example_dags/example_setup_teardown.py
[2024-04-19T18:36:20.357+0000] {processor.py:840} INFO - DAG(s) 'example_setup_teardown' retrieved from /home/airflow/.local/lib/python3.12/site-packages/airflow/example_dags/example_setup_teardown.py
[2024-04-19T18:36:20.372+0000] {logging_mixin.py:188} INFO - [2024-04-19T18:36:20.372+0000] {dag.py:3096} INFO - Sync 1 DAGs
[2024-04-19T18:36:20.400+0000] {logging_mixin.py:188} INFO - [2024-04-19T18:36:20.400+0000] {dag.py:3954} INFO - Setting next_dagrun for example_setup_teardown to 2024-04-18 00:00:00+00:00, run_after=2024-04-19 00:00:00+00:00
[2024-04-19T18:36:20.440+0000] {processor.py:183} INFO - Processing /home/airflow/.local/lib/python3.12/site-packages/airflow/example_dags/example_setup_teardown.py took 0.101 seconds
[2024-04-19T18:36:51.023+0000] {processor.py:161} INFO - Started process (PID=481) to work on /home/airflow/.local/lib/python3.12/site-packages/airflow/example_dags/example_setup_teardown.py
[2024-04-19T18:36:51.024+0000] {processor.py:830} INFO - Processing file /home/airflow/.local/lib/python3.12/site-packages/airflow/example_dags/example_setup_teardown.py for tasks to queue
[2024-04-19T18:36:51.027+0000] {logging_mixin.py:188} INFO - [2024-04-19T18:36:51.026+0000] {dagbag.py:540} INFO - Filling up the DagBag from /home/airflow/.local/lib/python3.12/site-packages/airflow/example_dags/example_setup_teardown.py
[2024-04-19T18:36:51.033+0000] {processor.py:840} INFO - DAG(s) 'example_setup_teardown' retrieved from /home/airflow/.local/lib/python3.12/site-packages/airflow/example_dags/example_setup_teardown.py
[2024-04-19T18:36:51.165+0000] {logging_mixin.py:188} INFO - [2024-04-19T18:36:51.164+0000] {dag.py:3096} INFO - Sync 1 DAGs
[2024-04-19T18:36:51.454+0000] {logging_mixin.py:188} INFO - [2024-04-19T18:36:51.454+0000] {dag.py:3954} INFO - Setting next_dagrun for example_setup_teardown to 2024-04-18 00:00:00+00:00, run_after=2024-04-19 00:00:00+00:00
[2024-04-19T18:36:51.492+0000] {processor.py:183} INFO - Processing /home/airflow/.local/lib/python3.12/site-packages/airflow/example_dags/example_setup_teardown.py took 0.480 seconds
[2024-04-19T18:37:21.957+0000] {processor.py:161} INFO - Started process (PID=539) to work on /home/airflow/.local/lib/python3.12/site-packages/airflow/example_dags/example_setup_teardown.py
[2024-04-19T18:37:21.958+0000] {processor.py:830} INFO - Processing file /home/airflow/.local/lib/python3.12/site-packages/airflow/example_dags/example_setup_teardown.py for tasks to queue
[2024-04-19T18:37:21.961+0000] {logging_mixin.py:188} INFO - [2024-04-19T18:37:21.960+0000] {dagbag.py:540} INFO - Filling up the DagBag from /home/airflow/.local/lib/python3.12/site-packages/airflow/example_dags/example_setup_teardown.py
[2024-04-19T18:37:21.973+0000] {processor.py:840} INFO - DAG(s) 'example_setup_teardown' retrieved from /home/airflow/.local/lib/python3.12/site-packages/airflow/example_dags/example_setup_teardown.py
[2024-04-19T18:37:21.997+0000] {logging_mixin.py:188} INFO - [2024-04-19T18:37:21.996+0000] {dag.py:3096} INFO - Sync 1 DAGs
[2024-04-19T18:37:22.024+0000] {logging_mixin.py:188} INFO - [2024-04-19T18:37:22.024+0000] {dag.py:3954} INFO - Setting next_dagrun for example_setup_teardown to 2024-04-18 00:00:00+00:00, run_after=2024-04-19 00:00:00+00:00
[2024-04-19T18:37:22.044+0000] {processor.py:183} INFO - Processing /home/airflow/.local/lib/python3.12/site-packages/airflow/example_dags/example_setup_teardown.py took 0.093 seconds
[2024-04-19T18:37:52.402+0000] {processor.py:161} INFO - Started process (PID=597) to work on /home/airflow/.local/lib/python3.12/site-packages/airflow/example_dags/example_setup_teardown.py
[2024-04-19T18:37:52.404+0000] {processor.py:830} INFO - Processing file /home/airflow/.local/lib/python3.12/site-packages/airflow/example_dags/example_setup_teardown.py for tasks to queue
[2024-04-19T18:37:52.406+0000] {logging_mixin.py:188} INFO - [2024-04-19T18:37:52.406+0000] {dagbag.py:540} INFO - Filling up the DagBag from /home/airflow/.local/lib/python3.12/site-packages/airflow/example_dags/example_setup_teardown.py
[2024-04-19T18:37:52.416+0000] {processor.py:840} INFO - DAG(s) 'example_setup_teardown' retrieved from /home/airflow/.local/lib/python3.12/site-packages/airflow/example_dags/example_setup_teardown.py
[2024-04-19T18:37:52.445+0000] {logging_mixin.py:188} INFO - [2024-04-19T18:37:52.444+0000] {dag.py:3096} INFO - Sync 1 DAGs
[2024-04-19T18:37:52.476+0000] {logging_mixin.py:188} INFO - [2024-04-19T18:37:52.476+0000] {dag.py:3954} INFO - Setting next_dagrun for example_setup_teardown to 2024-04-18 00:00:00+00:00, run_after=2024-04-19 00:00:00+00:00
[2024-04-19T18:37:52.518+0000] {processor.py:183} INFO - Processing /home/airflow/.local/lib/python3.12/site-packages/airflow/example_dags/example_setup_teardown.py took 0.123 seconds
[2024-04-19T18:38:23.073+0000] {processor.py:161} INFO - Started process (PID=657) to work on /home/airflow/.local/lib/python3.12/site-packages/airflow/example_dags/example_setup_teardown.py
[2024-04-19T18:38:23.074+0000] {processor.py:830} INFO - Processing file /home/airflow/.local/lib/python3.12/site-packages/airflow/example_dags/example_setup_teardown.py for tasks to queue
[2024-04-19T18:38:23.078+0000] {logging_mixin.py:188} INFO - [2024-04-19T18:38:23.078+0000] {dagbag.py:540} INFO - Filling up the DagBag from /home/airflow/.local/lib/python3.12/site-packages/airflow/example_dags/example_setup_teardown.py
[2024-04-19T18:38:23.089+0000] {processor.py:840} INFO - DAG(s) 'example_setup_teardown' retrieved from /home/airflow/.local/lib/python3.12/site-packages/airflow/example_dags/example_setup_teardown.py
[2024-04-19T18:38:23.115+0000] {logging_mixin.py:188} INFO - [2024-04-19T18:38:23.115+0000] {dag.py:3096} INFO - Sync 1 DAGs
[2024-04-19T18:38:23.150+0000] {logging_mixin.py:188} INFO - [2024-04-19T18:38:23.150+0000] {dag.py:3954} INFO - Setting next_dagrun for example_setup_teardown to 2024-04-18 00:00:00+00:00, run_after=2024-04-19 00:00:00+00:00
[2024-04-19T18:38:23.188+0000] {processor.py:183} INFO - Processing /home/airflow/.local/lib/python3.12/site-packages/airflow/example_dags/example_setup_teardown.py took 0.122 seconds
[2024-04-19T18:38:53.374+0000] {processor.py:161} INFO - Started process (PID=717) to work on /home/airflow/.local/lib/python3.12/site-packages/airflow/example_dags/example_setup_teardown.py
[2024-04-19T18:38:53.375+0000] {processor.py:830} INFO - Processing file /home/airflow/.local/lib/python3.12/site-packages/airflow/example_dags/example_setup_teardown.py for tasks to queue
[2024-04-19T18:38:53.377+0000] {logging_mixin.py:188} INFO - [2024-04-19T18:38:53.376+0000] {dagbag.py:540} INFO - Filling up the DagBag from /home/airflow/.local/lib/python3.12/site-packages/airflow/example_dags/example_setup_teardown.py
[2024-04-19T18:38:53.383+0000] {processor.py:840} INFO - DAG(s) 'example_setup_teardown' retrieved from /home/airflow/.local/lib/python3.12/site-packages/airflow/example_dags/example_setup_teardown.py
[2024-04-19T18:38:53.410+0000] {logging_mixin.py:188} INFO - [2024-04-19T18:38:53.410+0000] {dag.py:3096} INFO - Sync 1 DAGs
[2024-04-19T18:38:53.437+0000] {logging_mixin.py:188} INFO - [2024-04-19T18:38:53.436+0000] {dag.py:3954} INFO - Setting next_dagrun for example_setup_teardown to 2024-04-18 00:00:00+00:00, run_after=2024-04-19 00:00:00+00:00
[2024-04-19T18:38:53.456+0000] {processor.py:183} INFO - Processing /home/airflow/.local/lib/python3.12/site-packages/airflow/example_dags/example_setup_teardown.py took 0.089 seconds
[2024-04-19T18:39:23.897+0000] {processor.py:161} INFO - Started process (PID=775) to work on /home/airflow/.local/lib/python3.12/site-packages/airflow/example_dags/example_setup_teardown.py
[2024-04-19T18:39:23.898+0000] {processor.py:830} INFO - Processing file /home/airflow/.local/lib/python3.12/site-packages/airflow/example_dags/example_setup_teardown.py for tasks to queue
[2024-04-19T18:39:23.902+0000] {logging_mixin.py:188} INFO - [2024-04-19T18:39:23.901+0000] {dagbag.py:540} INFO - Filling up the DagBag from /home/airflow/.local/lib/python3.12/site-packages/airflow/example_dags/example_setup_teardown.py
[2024-04-19T18:39:23.915+0000] {processor.py:840} INFO - DAG(s) 'example_setup_teardown' retrieved from /home/airflow/.local/lib/python3.12/site-packages/airflow/example_dags/example_setup_teardown.py
[2024-04-19T18:39:23.946+0000] {logging_mixin.py:188} INFO - [2024-04-19T18:39:23.945+0000] {dag.py:3096} INFO - Sync 1 DAGs
[2024-04-19T18:39:23.984+0000] {logging_mixin.py:188} INFO - [2024-04-19T18:39:23.984+0000] {dag.py:3954} INFO - Setting next_dagrun for example_setup_teardown to 2024-04-18 00:00:00+00:00, run_after=2024-04-19 00:00:00+00:00
[2024-04-19T18:39:24.059+0000] {processor.py:183} INFO - Processing /home/airflow/.local/lib/python3.12/site-packages/airflow/example_dags/example_setup_teardown.py took 0.168 seconds
[2024-04-19T18:39:55.074+0000] {processor.py:161} INFO - Started process (PID=834) to work on /home/airflow/.local/lib/python3.12/site-packages/airflow/example_dags/example_setup_teardown.py
[2024-04-19T18:39:55.076+0000] {processor.py:830} INFO - Processing file /home/airflow/.local/lib/python3.12/site-packages/airflow/example_dags/example_setup_teardown.py for tasks to queue
[2024-04-19T18:39:55.085+0000] {logging_mixin.py:188} INFO - [2024-04-19T18:39:55.084+0000] {dagbag.py:540} INFO - Filling up the DagBag from /home/airflow/.local/lib/python3.12/site-packages/airflow/example_dags/example_setup_teardown.py
[2024-04-19T18:39:55.107+0000] {processor.py:840} INFO - DAG(s) 'example_setup_teardown' retrieved from /home/airflow/.local/lib/python3.12/site-packages/airflow/example_dags/example_setup_teardown.py
[2024-04-19T18:39:55.166+0000] {logging_mixin.py:188} INFO - [2024-04-19T18:39:55.166+0000] {dag.py:3096} INFO - Sync 1 DAGs
[2024-04-19T18:39:55.279+0000] {logging_mixin.py:188} INFO - [2024-04-19T18:39:55.279+0000] {dag.py:3954} INFO - Setting next_dagrun for example_setup_teardown to 2024-04-18 00:00:00+00:00, run_after=2024-04-19 00:00:00+00:00
[2024-04-19T18:39:55.322+0000] {processor.py:183} INFO - Processing /home/airflow/.local/lib/python3.12/site-packages/airflow/example_dags/example_setup_teardown.py took 0.261 seconds
[2024-04-19T18:40:25.411+0000] {processor.py:161} INFO - Started process (PID=892) to work on /home/airflow/.local/lib/python3.12/site-packages/airflow/example_dags/example_setup_teardown.py
[2024-04-19T18:40:25.412+0000] {processor.py:830} INFO - Processing file /home/airflow/.local/lib/python3.12/site-packages/airflow/example_dags/example_setup_teardown.py for tasks to queue
[2024-04-19T18:40:25.414+0000] {logging_mixin.py:188} INFO - [2024-04-19T18:40:25.413+0000] {dagbag.py:540} INFO - Filling up the DagBag from /home/airflow/.local/lib/python3.12/site-packages/airflow/example_dags/example_setup_teardown.py
[2024-04-19T18:40:25.423+0000] {processor.py:840} INFO - DAG(s) 'example_setup_teardown' retrieved from /home/airflow/.local/lib/python3.12/site-packages/airflow/example_dags/example_setup_teardown.py
[2024-04-19T18:40:25.445+0000] {logging_mixin.py:188} INFO - [2024-04-19T18:40:25.445+0000] {dag.py:3096} INFO - Sync 1 DAGs
[2024-04-19T18:40:25.660+0000] {logging_mixin.py:188} INFO - [2024-04-19T18:40:25.660+0000] {dag.py:3954} INFO - Setting next_dagrun for example_setup_teardown to 2024-04-18 00:00:00+00:00, run_after=2024-04-19 00:00:00+00:00
[2024-04-19T18:40:25.703+0000] {processor.py:183} INFO - Processing /home/airflow/.local/lib/python3.12/site-packages/airflow/example_dags/example_setup_teardown.py took 0.298 seconds
[2024-04-19T18:40:55.844+0000] {processor.py:161} INFO - Started process (PID=952) to work on /home/airflow/.local/lib/python3.12/site-packages/airflow/example_dags/example_setup_teardown.py
[2024-04-19T18:40:55.847+0000] {processor.py:830} INFO - Processing file /home/airflow/.local/lib/python3.12/site-packages/airflow/example_dags/example_setup_teardown.py for tasks to queue
[2024-04-19T18:40:55.849+0000] {logging_mixin.py:188} INFO - [2024-04-19T18:40:55.848+0000] {dagbag.py:540} INFO - Filling up the DagBag from /home/airflow/.local/lib/python3.12/site-packages/airflow/example_dags/example_setup_teardown.py
[2024-04-19T18:40:55.859+0000] {processor.py:840} INFO - DAG(s) 'example_setup_teardown' retrieved from /home/airflow/.local/lib/python3.12/site-packages/airflow/example_dags/example_setup_teardown.py
[2024-04-19T18:40:55.890+0000] {logging_mixin.py:188} INFO - [2024-04-19T18:40:55.889+0000] {dag.py:3096} INFO - Sync 1 DAGs
[2024-04-19T18:40:55.918+0000] {logging_mixin.py:188} INFO - [2024-04-19T18:40:55.918+0000] {dag.py:3954} INFO - Setting next_dagrun for example_setup_teardown to 2024-04-18 00:00:00+00:00, run_after=2024-04-19 00:00:00+00:00
[2024-04-19T18:40:56.207+0000] {processor.py:183} INFO - Processing /home/airflow/.local/lib/python3.12/site-packages/airflow/example_dags/example_setup_teardown.py took 0.371 seconds
[2024-04-19T18:41:26.447+0000] {processor.py:161} INFO - Started process (PID=1012) to work on /home/airflow/.local/lib/python3.12/site-packages/airflow/example_dags/example_setup_teardown.py
[2024-04-19T18:41:26.448+0000] {processor.py:830} INFO - Processing file /home/airflow/.local/lib/python3.12/site-packages/airflow/example_dags/example_setup_teardown.py for tasks to queue
[2024-04-19T18:41:26.451+0000] {logging_mixin.py:188} INFO - [2024-04-19T18:41:26.450+0000] {dagbag.py:540} INFO - Filling up the DagBag from /home/airflow/.local/lib/python3.12/site-packages/airflow/example_dags/example_setup_teardown.py
[2024-04-19T18:41:26.459+0000] {processor.py:840} INFO - DAG(s) 'example_setup_teardown' retrieved from /home/airflow/.local/lib/python3.12/site-packages/airflow/example_dags/example_setup_teardown.py
[2024-04-19T18:41:26.479+0000] {logging_mixin.py:188} INFO - [2024-04-19T18:41:26.479+0000] {dag.py:3096} INFO - Sync 1 DAGs
[2024-04-19T18:41:26.501+0000] {logging_mixin.py:188} INFO - [2024-04-19T18:41:26.501+0000] {dag.py:3954} INFO - Setting next_dagrun for example_setup_teardown to 2024-04-18 00:00:00+00:00, run_after=2024-04-19 00:00:00+00:00
[2024-04-19T18:41:26.522+0000] {processor.py:183} INFO - Processing /home/airflow/.local/lib/python3.12/site-packages/airflow/example_dags/example_setup_teardown.py took 0.081 seconds
[2024-04-19T18:41:56.882+0000] {processor.py:161} INFO - Started process (PID=1072) to work on /home/airflow/.local/lib/python3.12/site-packages/airflow/example_dags/example_setup_teardown.py
[2024-04-19T18:41:56.884+0000] {processor.py:830} INFO - Processing file /home/airflow/.local/lib/python3.12/site-packages/airflow/example_dags/example_setup_teardown.py for tasks to queue
[2024-04-19T18:41:56.886+0000] {logging_mixin.py:188} INFO - [2024-04-19T18:41:56.885+0000] {dagbag.py:540} INFO - Filling up the DagBag from /home/airflow/.local/lib/python3.12/site-packages/airflow/example_dags/example_setup_teardown.py
[2024-04-19T18:41:56.896+0000] {processor.py:840} INFO - DAG(s) 'example_setup_teardown' retrieved from /home/airflow/.local/lib/python3.12/site-packages/airflow/example_dags/example_setup_teardown.py
[2024-04-19T18:41:56.927+0000] {logging_mixin.py:188} INFO - [2024-04-19T18:41:56.927+0000] {dag.py:3096} INFO - Sync 1 DAGs
[2024-04-19T18:41:56.957+0000] {logging_mixin.py:188} INFO - [2024-04-19T18:41:56.957+0000] {dag.py:3954} INFO - Setting next_dagrun for example_setup_teardown to 2024-04-18 00:00:00+00:00, run_after=2024-04-19 00:00:00+00:00
[2024-04-19T18:41:56.983+0000] {processor.py:183} INFO - Processing /home/airflow/.local/lib/python3.12/site-packages/airflow/example_dags/example_setup_teardown.py took 0.107 seconds
[2024-04-19T18:42:27.618+0000] {processor.py:161} INFO - Started process (PID=1131) to work on /home/airflow/.local/lib/python3.12/site-packages/airflow/example_dags/example_setup_teardown.py
[2024-04-19T18:42:27.619+0000] {processor.py:830} INFO - Processing file /home/airflow/.local/lib/python3.12/site-packages/airflow/example_dags/example_setup_teardown.py for tasks to queue
[2024-04-19T18:42:27.622+0000] {logging_mixin.py:188} INFO - [2024-04-19T18:42:27.621+0000] {dagbag.py:540} INFO - Filling up the DagBag from /home/airflow/.local/lib/python3.12/site-packages/airflow/example_dags/example_setup_teardown.py
[2024-04-19T18:42:27.634+0000] {processor.py:840} INFO - DAG(s) 'example_setup_teardown' retrieved from /home/airflow/.local/lib/python3.12/site-packages/airflow/example_dags/example_setup_teardown.py
[2024-04-19T18:42:27.656+0000] {logging_mixin.py:188} INFO - [2024-04-19T18:42:27.656+0000] {dag.py:3096} INFO - Sync 1 DAGs
[2024-04-19T18:42:27.681+0000] {logging_mixin.py:188} INFO - [2024-04-19T18:42:27.680+0000] {dag.py:3954} INFO - Setting next_dagrun for example_setup_teardown to 2024-04-18 00:00:00+00:00, run_after=2024-04-19 00:00:00+00:00
[2024-04-19T18:42:27.711+0000] {processor.py:183} INFO - Processing /home/airflow/.local/lib/python3.12/site-packages/airflow/example_dags/example_setup_teardown.py took 0.103 seconds
[2024-04-19T18:42:59.004+0000] {processor.py:161} INFO - Started process (PID=1191) to work on /home/airflow/.local/lib/python3.12/site-packages/airflow/example_dags/example_setup_teardown.py
[2024-04-19T18:42:59.005+0000] {processor.py:830} INFO - Processing file /home/airflow/.local/lib/python3.12/site-packages/airflow/example_dags/example_setup_teardown.py for tasks to queue
[2024-04-19T18:42:59.007+0000] {logging_mixin.py:188} INFO - [2024-04-19T18:42:59.007+0000] {dagbag.py:540} INFO - Filling up the DagBag from /home/airflow/.local/lib/python3.12/site-packages/airflow/example_dags/example_setup_teardown.py
[2024-04-19T18:42:59.153+0000] {processor.py:840} INFO - DAG(s) 'example_setup_teardown' retrieved from /home/airflow/.local/lib/python3.12/site-packages/airflow/example_dags/example_setup_teardown.py
[2024-04-19T18:42:59.181+0000] {logging_mixin.py:188} INFO - [2024-04-19T18:42:59.181+0000] {dag.py:3096} INFO - Sync 1 DAGs
[2024-04-19T18:42:59.273+0000] {logging_mixin.py:188} INFO - [2024-04-19T18:42:59.271+0000] {dag.py:3954} INFO - Setting next_dagrun for example_setup_teardown to 2024-04-18 00:00:00+00:00, run_after=2024-04-19 00:00:00+00:00
[2024-04-19T18:42:59.594+0000] {processor.py:183} INFO - Processing /home/airflow/.local/lib/python3.12/site-packages/airflow/example_dags/example_setup_teardown.py took 0.598 seconds
[2024-04-19T18:43:30.416+0000] {processor.py:161} INFO - Started process (PID=1251) to work on /home/airflow/.local/lib/python3.12/site-packages/airflow/example_dags/example_setup_teardown.py
[2024-04-19T18:43:30.417+0000] {processor.py:830} INFO - Processing file /home/airflow/.local/lib/python3.12/site-packages/airflow/example_dags/example_setup_teardown.py for tasks to queue
[2024-04-19T18:43:30.420+0000] {logging_mixin.py:188} INFO - [2024-04-19T18:43:30.420+0000] {dagbag.py:540} INFO - Filling up the DagBag from /home/airflow/.local/lib/python3.12/site-packages/airflow/example_dags/example_setup_teardown.py
[2024-04-19T18:43:30.431+0000] {processor.py:840} INFO - DAG(s) 'example_setup_teardown' retrieved from /home/airflow/.local/lib/python3.12/site-packages/airflow/example_dags/example_setup_teardown.py
[2024-04-19T18:43:30.452+0000] {logging_mixin.py:188} INFO - [2024-04-19T18:43:30.452+0000] {dag.py:3096} INFO - Sync 1 DAGs
[2024-04-19T18:43:30.475+0000] {logging_mixin.py:188} INFO - [2024-04-19T18:43:30.475+0000] {dag.py:3954} INFO - Setting next_dagrun for example_setup_teardown to 2024-04-18 00:00:00+00:00, run_after=2024-04-19 00:00:00+00:00
[2024-04-19T18:43:30.495+0000] {processor.py:183} INFO - Processing /home/airflow/.local/lib/python3.12/site-packages/airflow/example_dags/example_setup_teardown.py took 0.084 seconds
[2024-04-19T18:44:01.137+0000] {processor.py:161} INFO - Started process (PID=1311) to work on /home/airflow/.local/lib/python3.12/site-packages/airflow/example_dags/example_setup_teardown.py
[2024-04-19T18:44:01.139+0000] {processor.py:830} INFO - Processing file /home/airflow/.local/lib/python3.12/site-packages/airflow/example_dags/example_setup_teardown.py for tasks to queue
[2024-04-19T18:44:01.142+0000] {logging_mixin.py:188} INFO - [2024-04-19T18:44:01.141+0000] {dagbag.py:540} INFO - Filling up the DagBag from /home/airflow/.local/lib/python3.12/site-packages/airflow/example_dags/example_setup_teardown.py
[2024-04-19T18:44:01.150+0000] {processor.py:840} INFO - DAG(s) 'example_setup_teardown' retrieved from /home/airflow/.local/lib/python3.12/site-packages/airflow/example_dags/example_setup_teardown.py
[2024-04-19T18:44:01.193+0000] {logging_mixin.py:188} INFO - [2024-04-19T18:44:01.192+0000] {dag.py:3096} INFO - Sync 1 DAGs
[2024-04-19T18:44:01.226+0000] {logging_mixin.py:188} INFO - [2024-04-19T18:44:01.226+0000] {dag.py:3954} INFO - Setting next_dagrun for example_setup_teardown to 2024-04-18 00:00:00+00:00, run_after=2024-04-19 00:00:00+00:00
[2024-04-19T18:44:01.250+0000] {processor.py:183} INFO - Processing /home/airflow/.local/lib/python3.12/site-packages/airflow/example_dags/example_setup_teardown.py took 0.120 seconds
[2024-04-19T18:44:31.796+0000] {processor.py:161} INFO - Started process (PID=1371) to work on /home/airflow/.local/lib/python3.12/site-packages/airflow/example_dags/example_setup_teardown.py
[2024-04-19T18:44:31.797+0000] {processor.py:830} INFO - Processing file /home/airflow/.local/lib/python3.12/site-packages/airflow/example_dags/example_setup_teardown.py for tasks to queue
[2024-04-19T18:44:31.800+0000] {logging_mixin.py:188} INFO - [2024-04-19T18:44:31.800+0000] {dagbag.py:540} INFO - Filling up the DagBag from /home/airflow/.local/lib/python3.12/site-packages/airflow/example_dags/example_setup_teardown.py
[2024-04-19T18:44:31.807+0000] {processor.py:840} INFO - DAG(s) 'example_setup_teardown' retrieved from /home/airflow/.local/lib/python3.12/site-packages/airflow/example_dags/example_setup_teardown.py
[2024-04-19T18:44:31.828+0000] {logging_mixin.py:188} INFO - [2024-04-19T18:44:31.828+0000] {dag.py:3096} INFO - Sync 1 DAGs
[2024-04-19T18:44:31.850+0000] {logging_mixin.py:188} INFO - [2024-04-19T18:44:31.850+0000] {dag.py:3954} INFO - Setting next_dagrun for example_setup_teardown to 2024-04-18 00:00:00+00:00, run_after=2024-04-19 00:00:00+00:00
[2024-04-19T18:44:31.873+0000] {processor.py:183} INFO - Processing /home/airflow/.local/lib/python3.12/site-packages/airflow/example_dags/example_setup_teardown.py took 0.083 seconds
[2024-04-19T18:45:02.225+0000] {processor.py:161} INFO - Started process (PID=1431) to work on /home/airflow/.local/lib/python3.12/site-packages/airflow/example_dags/example_setup_teardown.py
[2024-04-19T18:45:02.226+0000] {processor.py:830} INFO - Processing file /home/airflow/.local/lib/python3.12/site-packages/airflow/example_dags/example_setup_teardown.py for tasks to queue
[2024-04-19T18:45:02.229+0000] {logging_mixin.py:188} INFO - [2024-04-19T18:45:02.229+0000] {dagbag.py:540} INFO - Filling up the DagBag from /home/airflow/.local/lib/python3.12/site-packages/airflow/example_dags/example_setup_teardown.py
[2024-04-19T18:45:02.237+0000] {processor.py:840} INFO - DAG(s) 'example_setup_teardown' retrieved from /home/airflow/.local/lib/python3.12/site-packages/airflow/example_dags/example_setup_teardown.py
[2024-04-19T18:45:02.259+0000] {logging_mixin.py:188} INFO - [2024-04-19T18:45:02.258+0000] {dag.py:3096} INFO - Sync 1 DAGs
[2024-04-19T18:45:02.281+0000] {logging_mixin.py:188} INFO - [2024-04-19T18:45:02.280+0000] {dag.py:3954} INFO - Setting next_dagrun for example_setup_teardown to 2024-04-18 00:00:00+00:00, run_after=2024-04-19 00:00:00+00:00
[2024-04-19T18:45:02.307+0000] {processor.py:183} INFO - Processing /home/airflow/.local/lib/python3.12/site-packages/airflow/example_dags/example_setup_teardown.py took 0.088 seconds
[2024-04-19T18:45:32.934+0000] {processor.py:161} INFO - Started process (PID=1491) to work on /home/airflow/.local/lib/python3.12/site-packages/airflow/example_dags/example_setup_teardown.py
[2024-04-19T18:45:32.935+0000] {processor.py:830} INFO - Processing file /home/airflow/.local/lib/python3.12/site-packages/airflow/example_dags/example_setup_teardown.py for tasks to queue
[2024-04-19T18:45:32.939+0000] {logging_mixin.py:188} INFO - [2024-04-19T18:45:32.938+0000] {dagbag.py:540} INFO - Filling up the DagBag from /home/airflow/.local/lib/python3.12/site-packages/airflow/example_dags/example_setup_teardown.py
[2024-04-19T18:45:32.945+0000] {processor.py:840} INFO - DAG(s) 'example_setup_teardown' retrieved from /home/airflow/.local/lib/python3.12/site-packages/airflow/example_dags/example_setup_teardown.py
[2024-04-19T18:45:32.963+0000] {logging_mixin.py:188} INFO - [2024-04-19T18:45:32.963+0000] {dag.py:3096} INFO - Sync 1 DAGs
[2024-04-19T18:45:32.983+0000] {logging_mixin.py:188} INFO - [2024-04-19T18:45:32.983+0000] {dag.py:3954} INFO - Setting next_dagrun for example_setup_teardown to 2024-04-18 00:00:00+00:00, run_after=2024-04-19 00:00:00+00:00
[2024-04-19T18:45:33.003+0000] {processor.py:183} INFO - Processing /home/airflow/.local/lib/python3.12/site-packages/airflow/example_dags/example_setup_teardown.py took 0.075 seconds
[2024-04-19T18:46:03.906+0000] {processor.py:161} INFO - Started process (PID=1551) to work on /home/airflow/.local/lib/python3.12/site-packages/airflow/example_dags/example_setup_teardown.py
[2024-04-19T18:46:03.907+0000] {processor.py:830} INFO - Processing file /home/airflow/.local/lib/python3.12/site-packages/airflow/example_dags/example_setup_teardown.py for tasks to queue
[2024-04-19T18:46:03.911+0000] {logging_mixin.py:188} INFO - [2024-04-19T18:46:03.910+0000] {dagbag.py:540} INFO - Filling up the DagBag from /home/airflow/.local/lib/python3.12/site-packages/airflow/example_dags/example_setup_teardown.py
[2024-04-19T18:46:03.920+0000] {processor.py:840} INFO - DAG(s) 'example_setup_teardown' retrieved from /home/airflow/.local/lib/python3.12/site-packages/airflow/example_dags/example_setup_teardown.py
[2024-04-19T18:46:03.958+0000] {logging_mixin.py:188} INFO - [2024-04-19T18:46:03.957+0000] {dag.py:3096} INFO - Sync 1 DAGs
[2024-04-19T18:46:04.001+0000] {logging_mixin.py:188} INFO - [2024-04-19T18:46:04.001+0000] {dag.py:3954} INFO - Setting next_dagrun for example_setup_teardown to 2024-04-18 00:00:00+00:00, run_after=2024-04-19 00:00:00+00:00
[2024-04-19T18:46:04.047+0000] {processor.py:183} INFO - Processing /home/airflow/.local/lib/python3.12/site-packages/airflow/example_dags/example_setup_teardown.py took 0.149 seconds
[2024-04-19T18:46:34.845+0000] {processor.py:161} INFO - Started process (PID=1612) to work on /home/airflow/.local/lib/python3.12/site-packages/airflow/example_dags/example_setup_teardown.py
[2024-04-19T18:46:34.847+0000] {processor.py:830} INFO - Processing file /home/airflow/.local/lib/python3.12/site-packages/airflow/example_dags/example_setup_teardown.py for tasks to queue
[2024-04-19T18:46:34.851+0000] {logging_mixin.py:188} INFO - [2024-04-19T18:46:34.850+0000] {dagbag.py:540} INFO - Filling up the DagBag from /home/airflow/.local/lib/python3.12/site-packages/airflow/example_dags/example_setup_teardown.py
[2024-04-19T18:46:34.864+0000] {processor.py:840} INFO - DAG(s) 'example_setup_teardown' retrieved from /home/airflow/.local/lib/python3.12/site-packages/airflow/example_dags/example_setup_teardown.py
[2024-04-19T18:46:34.911+0000] {logging_mixin.py:188} INFO - [2024-04-19T18:46:34.910+0000] {dag.py:3096} INFO - Sync 1 DAGs
[2024-04-19T18:46:34.935+0000] {logging_mixin.py:188} INFO - [2024-04-19T18:46:34.935+0000] {dag.py:3954} INFO - Setting next_dagrun for example_setup_teardown to 2024-04-18 00:00:00+00:00, run_after=2024-04-19 00:00:00+00:00
[2024-04-19T18:46:34.956+0000] {processor.py:183} INFO - Processing /home/airflow/.local/lib/python3.12/site-packages/airflow/example_dags/example_setup_teardown.py took 0.123 seconds
[2024-04-19T18:47:05.414+0000] {processor.py:161} INFO - Started process (PID=1672) to work on /home/airflow/.local/lib/python3.12/site-packages/airflow/example_dags/example_setup_teardown.py
[2024-04-19T18:47:05.415+0000] {processor.py:830} INFO - Processing file /home/airflow/.local/lib/python3.12/site-packages/airflow/example_dags/example_setup_teardown.py for tasks to queue
[2024-04-19T18:47:05.419+0000] {logging_mixin.py:188} INFO - [2024-04-19T18:47:05.418+0000] {dagbag.py:540} INFO - Filling up the DagBag from /home/airflow/.local/lib/python3.12/site-packages/airflow/example_dags/example_setup_teardown.py
[2024-04-19T18:47:05.425+0000] {processor.py:840} INFO - DAG(s) 'example_setup_teardown' retrieved from /home/airflow/.local/lib/python3.12/site-packages/airflow/example_dags/example_setup_teardown.py
[2024-04-19T18:47:05.451+0000] {logging_mixin.py:188} INFO - [2024-04-19T18:47:05.450+0000] {dag.py:3096} INFO - Sync 1 DAGs
[2024-04-19T18:47:05.479+0000] {logging_mixin.py:188} INFO - [2024-04-19T18:47:05.478+0000] {dag.py:3954} INFO - Setting next_dagrun for example_setup_teardown to 2024-04-18 00:00:00+00:00, run_after=2024-04-19 00:00:00+00:00
[2024-04-19T18:47:05.500+0000] {processor.py:183} INFO - Processing /home/airflow/.local/lib/python3.12/site-packages/airflow/example_dags/example_setup_teardown.py took 0.094 seconds
[2024-04-19T18:47:36.161+0000] {processor.py:161} INFO - Started process (PID=1732) to work on /home/airflow/.local/lib/python3.12/site-packages/airflow/example_dags/example_setup_teardown.py
[2024-04-19T18:47:36.186+0000] {processor.py:830} INFO - Processing file /home/airflow/.local/lib/python3.12/site-packages/airflow/example_dags/example_setup_teardown.py for tasks to queue
[2024-04-19T18:47:36.188+0000] {logging_mixin.py:188} INFO - [2024-04-19T18:47:36.188+0000] {dagbag.py:540} INFO - Filling up the DagBag from /home/airflow/.local/lib/python3.12/site-packages/airflow/example_dags/example_setup_teardown.py
[2024-04-19T18:47:36.217+0000] {processor.py:840} INFO - DAG(s) 'example_setup_teardown' retrieved from /home/airflow/.local/lib/python3.12/site-packages/airflow/example_dags/example_setup_teardown.py
[2024-04-19T18:47:36.311+0000] {logging_mixin.py:188} INFO - [2024-04-19T18:47:36.310+0000] {dag.py:3096} INFO - Sync 1 DAGs
[2024-04-19T18:47:36.449+0000] {logging_mixin.py:188} INFO - [2024-04-19T18:47:36.447+0000] {dag.py:3954} INFO - Setting next_dagrun for example_setup_teardown to 2024-04-18 00:00:00+00:00, run_after=2024-04-19 00:00:00+00:00
[2024-04-19T18:47:36.542+0000] {processor.py:183} INFO - Processing /home/airflow/.local/lib/python3.12/site-packages/airflow/example_dags/example_setup_teardown.py took 0.399 seconds
[2024-04-19T18:48:06.687+0000] {processor.py:161} INFO - Started process (PID=1792) to work on /home/airflow/.local/lib/python3.12/site-packages/airflow/example_dags/example_setup_teardown.py
[2024-04-19T18:48:06.688+0000] {processor.py:830} INFO - Processing file /home/airflow/.local/lib/python3.12/site-packages/airflow/example_dags/example_setup_teardown.py for tasks to queue
[2024-04-19T18:48:06.689+0000] {logging_mixin.py:188} INFO - [2024-04-19T18:48:06.689+0000] {dagbag.py:540} INFO - Filling up the DagBag from /home/airflow/.local/lib/python3.12/site-packages/airflow/example_dags/example_setup_teardown.py
[2024-04-19T18:48:06.702+0000] {processor.py:840} INFO - DAG(s) 'example_setup_teardown' retrieved from /home/airflow/.local/lib/python3.12/site-packages/airflow/example_dags/example_setup_teardown.py
[2024-04-19T18:48:06.727+0000] {logging_mixin.py:188} INFO - [2024-04-19T18:48:06.727+0000] {dag.py:3096} INFO - Sync 1 DAGs
[2024-04-19T18:48:06.755+0000] {logging_mixin.py:188} INFO - [2024-04-19T18:48:06.755+0000] {dag.py:3954} INFO - Setting next_dagrun for example_setup_teardown to 2024-04-18 00:00:00+00:00, run_after=2024-04-19 00:00:00+00:00
[2024-04-19T18:48:06.776+0000] {processor.py:183} INFO - Processing /home/airflow/.local/lib/python3.12/site-packages/airflow/example_dags/example_setup_teardown.py took 0.101 seconds
[2024-04-19T18:48:36.869+0000] {processor.py:161} INFO - Started process (PID=1852) to work on /home/airflow/.local/lib/python3.12/site-packages/airflow/example_dags/example_setup_teardown.py
[2024-04-19T18:48:36.870+0000] {processor.py:830} INFO - Processing file /home/airflow/.local/lib/python3.12/site-packages/airflow/example_dags/example_setup_teardown.py for tasks to queue
[2024-04-19T18:48:36.871+0000] {logging_mixin.py:188} INFO - [2024-04-19T18:48:36.871+0000] {dagbag.py:540} INFO - Filling up the DagBag from /home/airflow/.local/lib/python3.12/site-packages/airflow/example_dags/example_setup_teardown.py
[2024-04-19T18:48:36.880+0000] {processor.py:840} INFO - DAG(s) 'example_setup_teardown' retrieved from /home/airflow/.local/lib/python3.12/site-packages/airflow/example_dags/example_setup_teardown.py
[2024-04-19T18:48:36.900+0000] {logging_mixin.py:188} INFO - [2024-04-19T18:48:36.899+0000] {dag.py:3096} INFO - Sync 1 DAGs
[2024-04-19T18:48:36.924+0000] {logging_mixin.py:188} INFO - [2024-04-19T18:48:36.923+0000] {dag.py:3954} INFO - Setting next_dagrun for example_setup_teardown to 2024-04-18 00:00:00+00:00, run_after=2024-04-19 00:00:00+00:00
[2024-04-19T18:48:36.942+0000] {processor.py:183} INFO - Processing /home/airflow/.local/lib/python3.12/site-packages/airflow/example_dags/example_setup_teardown.py took 0.078 seconds
[2024-04-19T18:52:03.022+0000] {processor.py:161} INFO - Started process (PID=1911) to work on /home/airflow/.local/lib/python3.12/site-packages/airflow/example_dags/example_setup_teardown.py
[2024-04-19T18:52:03.044+0000] {processor.py:830} INFO - Processing file /home/airflow/.local/lib/python3.12/site-packages/airflow/example_dags/example_setup_teardown.py for tasks to queue
[2024-04-19T18:52:03.081+0000] {logging_mixin.py:188} INFO - [2024-04-19T18:52:03.048+0000] {dagbag.py:540} INFO - Filling up the DagBag from /home/airflow/.local/lib/python3.12/site-packages/airflow/example_dags/example_setup_teardown.py
[2024-04-19T18:52:03.278+0000] {processor.py:840} INFO - DAG(s) 'example_setup_teardown' retrieved from /home/airflow/.local/lib/python3.12/site-packages/airflow/example_dags/example_setup_teardown.py
[2024-04-19T18:56:19.994+0000] {processor.py:161} INFO - Started process (PID=78) to work on /home/airflow/.local/lib/python3.12/site-packages/airflow/example_dags/example_setup_teardown.py
[2024-04-19T18:56:20.009+0000] {processor.py:830} INFO - Processing file /home/airflow/.local/lib/python3.12/site-packages/airflow/example_dags/example_setup_teardown.py for tasks to queue
[2024-04-19T18:56:20.023+0000] {logging_mixin.py:188} INFO - [2024-04-19T18:56:20.022+0000] {dagbag.py:540} INFO - Filling up the DagBag from /home/airflow/.local/lib/python3.12/site-packages/airflow/example_dags/example_setup_teardown.py
[2024-04-19T18:56:20.058+0000] {processor.py:840} INFO - DAG(s) 'example_setup_teardown' retrieved from /home/airflow/.local/lib/python3.12/site-packages/airflow/example_dags/example_setup_teardown.py
[2024-04-19T18:56:20.344+0000] {logging_mixin.py:188} INFO - [2024-04-19T18:56:20.344+0000] {dag.py:3096} INFO - Sync 1 DAGs
[2024-04-19T18:56:20.484+0000] {logging_mixin.py:188} INFO - [2024-04-19T18:56:20.484+0000] {dag.py:3954} INFO - Setting next_dagrun for example_setup_teardown to 2024-04-18 00:00:00+00:00, run_after=2024-04-19 00:00:00+00:00
[2024-04-19T18:56:20.675+0000] {processor.py:183} INFO - Processing /home/airflow/.local/lib/python3.12/site-packages/airflow/example_dags/example_setup_teardown.py took 0.699 seconds
[2024-04-19T18:56:52.418+0000] {processor.py:161} INFO - Started process (PID=137) to work on /home/airflow/.local/lib/python3.12/site-packages/airflow/example_dags/example_setup_teardown.py
[2024-04-19T18:56:52.450+0000] {processor.py:830} INFO - Processing file /home/airflow/.local/lib/python3.12/site-packages/airflow/example_dags/example_setup_teardown.py for tasks to queue
[2024-04-19T18:56:52.470+0000] {logging_mixin.py:188} INFO - [2024-04-19T18:56:52.469+0000] {dagbag.py:540} INFO - Filling up the DagBag from /home/airflow/.local/lib/python3.12/site-packages/airflow/example_dags/example_setup_teardown.py
[2024-04-19T18:56:52.526+0000] {processor.py:840} INFO - DAG(s) 'example_setup_teardown' retrieved from /home/airflow/.local/lib/python3.12/site-packages/airflow/example_dags/example_setup_teardown.py
[2024-04-19T18:56:52.548+0000] {logging_mixin.py:188} INFO - [2024-04-19T18:56:52.547+0000] {dag.py:3096} INFO - Sync 1 DAGs
[2024-04-19T18:56:52.621+0000] {logging_mixin.py:188} INFO - [2024-04-19T18:56:52.620+0000] {dag.py:3954} INFO - Setting next_dagrun for example_setup_teardown to 2024-04-18 00:00:00+00:00, run_after=2024-04-19 00:00:00+00:00
[2024-04-19T18:56:52.829+0000] {processor.py:183} INFO - Processing /home/airflow/.local/lib/python3.12/site-packages/airflow/example_dags/example_setup_teardown.py took 0.429 seconds
[2024-04-19T18:57:23.185+0000] {processor.py:161} INFO - Started process (PID=196) to work on /home/airflow/.local/lib/python3.12/site-packages/airflow/example_dags/example_setup_teardown.py
[2024-04-19T18:57:23.190+0000] {processor.py:830} INFO - Processing file /home/airflow/.local/lib/python3.12/site-packages/airflow/example_dags/example_setup_teardown.py for tasks to queue
[2024-04-19T18:57:23.197+0000] {logging_mixin.py:188} INFO - [2024-04-19T18:57:23.197+0000] {dagbag.py:540} INFO - Filling up the DagBag from /home/airflow/.local/lib/python3.12/site-packages/airflow/example_dags/example_setup_teardown.py
[2024-04-19T18:57:23.217+0000] {processor.py:840} INFO - DAG(s) 'example_setup_teardown' retrieved from /home/airflow/.local/lib/python3.12/site-packages/airflow/example_dags/example_setup_teardown.py
[2024-04-19T18:57:23.400+0000] {logging_mixin.py:188} INFO - [2024-04-19T18:57:23.398+0000] {dag.py:3096} INFO - Sync 1 DAGs
[2024-04-19T18:57:23.430+0000] {logging_mixin.py:188} INFO - [2024-04-19T18:57:23.429+0000] {dag.py:3954} INFO - Setting next_dagrun for example_setup_teardown to 2024-04-18 00:00:00+00:00, run_after=2024-04-19 00:00:00+00:00
[2024-04-19T18:57:23.476+0000] {processor.py:183} INFO - Processing /home/airflow/.local/lib/python3.12/site-packages/airflow/example_dags/example_setup_teardown.py took 0.299 seconds
[2024-04-19T18:57:54.291+0000] {processor.py:161} INFO - Started process (PID=255) to work on /home/airflow/.local/lib/python3.12/site-packages/airflow/example_dags/example_setup_teardown.py
[2024-04-19T18:57:54.313+0000] {processor.py:830} INFO - Processing file /home/airflow/.local/lib/python3.12/site-packages/airflow/example_dags/example_setup_teardown.py for tasks to queue
[2024-04-19T18:57:54.317+0000] {logging_mixin.py:188} INFO - [2024-04-19T18:57:54.316+0000] {dagbag.py:540} INFO - Filling up the DagBag from /home/airflow/.local/lib/python3.12/site-packages/airflow/example_dags/example_setup_teardown.py
[2024-04-19T18:57:54.346+0000] {processor.py:840} INFO - DAG(s) 'example_setup_teardown' retrieved from /home/airflow/.local/lib/python3.12/site-packages/airflow/example_dags/example_setup_teardown.py
[2024-04-19T18:57:54.411+0000] {logging_mixin.py:188} INFO - [2024-04-19T18:57:54.411+0000] {dag.py:3096} INFO - Sync 1 DAGs
[2024-04-19T18:57:54.493+0000] {logging_mixin.py:188} INFO - [2024-04-19T18:57:54.482+0000] {dag.py:3954} INFO - Setting next_dagrun for example_setup_teardown to 2024-04-18 00:00:00+00:00, run_after=2024-04-19 00:00:00+00:00
[2024-04-19T18:57:54.553+0000] {processor.py:183} INFO - Processing /home/airflow/.local/lib/python3.12/site-packages/airflow/example_dags/example_setup_teardown.py took 0.269 seconds
[2024-04-19T18:58:25.064+0000] {processor.py:161} INFO - Started process (PID=316) to work on /home/airflow/.local/lib/python3.12/site-packages/airflow/example_dags/example_setup_teardown.py
[2024-04-19T18:58:25.066+0000] {processor.py:830} INFO - Processing file /home/airflow/.local/lib/python3.12/site-packages/airflow/example_dags/example_setup_teardown.py for tasks to queue
[2024-04-19T18:58:25.067+0000] {logging_mixin.py:188} INFO - [2024-04-19T18:58:25.067+0000] {dagbag.py:540} INFO - Filling up the DagBag from /home/airflow/.local/lib/python3.12/site-packages/airflow/example_dags/example_setup_teardown.py
[2024-04-19T18:58:25.083+0000] {processor.py:840} INFO - DAG(s) 'example_setup_teardown' retrieved from /home/airflow/.local/lib/python3.12/site-packages/airflow/example_dags/example_setup_teardown.py
[2024-04-19T18:58:25.117+0000] {logging_mixin.py:188} INFO - [2024-04-19T18:58:25.117+0000] {dag.py:3096} INFO - Sync 1 DAGs
[2024-04-19T18:58:25.194+0000] {logging_mixin.py:188} INFO - [2024-04-19T18:58:25.193+0000] {dag.py:3954} INFO - Setting next_dagrun for example_setup_teardown to 2024-04-18 00:00:00+00:00, run_after=2024-04-19 00:00:00+00:00
[2024-04-19T18:58:25.271+0000] {processor.py:183} INFO - Processing /home/airflow/.local/lib/python3.12/site-packages/airflow/example_dags/example_setup_teardown.py took 0.215 seconds
[2024-04-19T18:58:55.933+0000] {processor.py:161} INFO - Started process (PID=381) to work on /home/airflow/.local/lib/python3.12/site-packages/airflow/example_dags/example_setup_teardown.py
[2024-04-19T18:58:55.948+0000] {processor.py:830} INFO - Processing file /home/airflow/.local/lib/python3.12/site-packages/airflow/example_dags/example_setup_teardown.py for tasks to queue
[2024-04-19T18:58:55.952+0000] {logging_mixin.py:188} INFO - [2024-04-19T18:58:55.952+0000] {dagbag.py:540} INFO - Filling up the DagBag from /home/airflow/.local/lib/python3.12/site-packages/airflow/example_dags/example_setup_teardown.py
[2024-04-19T18:58:55.965+0000] {processor.py:840} INFO - DAG(s) 'example_setup_teardown' retrieved from /home/airflow/.local/lib/python3.12/site-packages/airflow/example_dags/example_setup_teardown.py
[2024-04-19T18:58:56.052+0000] {logging_mixin.py:188} INFO - [2024-04-19T18:58:56.042+0000] {dag.py:3096} INFO - Sync 1 DAGs
[2024-04-19T18:58:56.123+0000] {logging_mixin.py:188} INFO - [2024-04-19T18:58:56.122+0000] {dag.py:3954} INFO - Setting next_dagrun for example_setup_teardown to 2024-04-18 00:00:00+00:00, run_after=2024-04-19 00:00:00+00:00
[2024-04-19T18:58:56.205+0000] {processor.py:183} INFO - Processing /home/airflow/.local/lib/python3.12/site-packages/airflow/example_dags/example_setup_teardown.py took 0.283 seconds
[2024-04-19T18:59:27.095+0000] {processor.py:161} INFO - Started process (PID=441) to work on /home/airflow/.local/lib/python3.12/site-packages/airflow/example_dags/example_setup_teardown.py
[2024-04-19T18:59:27.096+0000] {processor.py:830} INFO - Processing file /home/airflow/.local/lib/python3.12/site-packages/airflow/example_dags/example_setup_teardown.py for tasks to queue
[2024-04-19T18:59:27.098+0000] {logging_mixin.py:188} INFO - [2024-04-19T18:59:27.097+0000] {dagbag.py:540} INFO - Filling up the DagBag from /home/airflow/.local/lib/python3.12/site-packages/airflow/example_dags/example_setup_teardown.py
[2024-04-19T18:59:27.107+0000] {processor.py:840} INFO - DAG(s) 'example_setup_teardown' retrieved from /home/airflow/.local/lib/python3.12/site-packages/airflow/example_dags/example_setup_teardown.py
[2024-04-19T18:59:27.131+0000] {logging_mixin.py:188} INFO - [2024-04-19T18:59:27.131+0000] {dag.py:3096} INFO - Sync 1 DAGs
[2024-04-19T18:59:27.157+0000] {logging_mixin.py:188} INFO - [2024-04-19T18:59:27.156+0000] {dag.py:3954} INFO - Setting next_dagrun for example_setup_teardown to 2024-04-18 00:00:00+00:00, run_after=2024-04-19 00:00:00+00:00
[2024-04-19T18:59:27.182+0000] {processor.py:183} INFO - Processing /home/airflow/.local/lib/python3.12/site-packages/airflow/example_dags/example_setup_teardown.py took 0.094 seconds
[2024-04-19T18:59:57.976+0000] {processor.py:161} INFO - Started process (PID=501) to work on /home/airflow/.local/lib/python3.12/site-packages/airflow/example_dags/example_setup_teardown.py
[2024-04-19T18:59:57.977+0000] {processor.py:830} INFO - Processing file /home/airflow/.local/lib/python3.12/site-packages/airflow/example_dags/example_setup_teardown.py for tasks to queue
[2024-04-19T18:59:57.978+0000] {logging_mixin.py:188} INFO - [2024-04-19T18:59:57.978+0000] {dagbag.py:540} INFO - Filling up the DagBag from /home/airflow/.local/lib/python3.12/site-packages/airflow/example_dags/example_setup_teardown.py
[2024-04-19T18:59:57.995+0000] {processor.py:840} INFO - DAG(s) 'example_setup_teardown' retrieved from /home/airflow/.local/lib/python3.12/site-packages/airflow/example_dags/example_setup_teardown.py
[2024-04-19T18:59:58.033+0000] {logging_mixin.py:188} INFO - [2024-04-19T18:59:58.033+0000] {dag.py:3096} INFO - Sync 1 DAGs
[2024-04-19T18:59:58.074+0000] {logging_mixin.py:188} INFO - [2024-04-19T18:59:58.074+0000] {dag.py:3954} INFO - Setting next_dagrun for example_setup_teardown to 2024-04-18 00:00:00+00:00, run_after=2024-04-19 00:00:00+00:00
[2024-04-19T18:59:58.107+0000] {processor.py:183} INFO - Processing /home/airflow/.local/lib/python3.12/site-packages/airflow/example_dags/example_setup_teardown.py took 0.142 seconds
[2024-04-19T19:00:28.213+0000] {processor.py:161} INFO - Started process (PID=561) to work on /home/airflow/.local/lib/python3.12/site-packages/airflow/example_dags/example_setup_teardown.py
[2024-04-19T19:00:28.217+0000] {processor.py:830} INFO - Processing file /home/airflow/.local/lib/python3.12/site-packages/airflow/example_dags/example_setup_teardown.py for tasks to queue
[2024-04-19T19:00:28.218+0000] {logging_mixin.py:188} INFO - [2024-04-19T19:00:28.217+0000] {dagbag.py:540} INFO - Filling up the DagBag from /home/airflow/.local/lib/python3.12/site-packages/airflow/example_dags/example_setup_teardown.py
[2024-04-19T19:00:28.232+0000] {processor.py:840} INFO - DAG(s) 'example_setup_teardown' retrieved from /home/airflow/.local/lib/python3.12/site-packages/airflow/example_dags/example_setup_teardown.py
[2024-04-19T19:00:28.296+0000] {logging_mixin.py:188} INFO - [2024-04-19T19:00:28.295+0000] {dag.py:3096} INFO - Sync 1 DAGs
[2024-04-19T19:00:28.328+0000] {logging_mixin.py:188} INFO - [2024-04-19T19:00:28.328+0000] {dag.py:3954} INFO - Setting next_dagrun for example_setup_teardown to 2024-04-18 00:00:00+00:00, run_after=2024-04-19 00:00:00+00:00
[2024-04-19T19:00:28.361+0000] {processor.py:183} INFO - Processing /home/airflow/.local/lib/python3.12/site-packages/airflow/example_dags/example_setup_teardown.py took 0.154 seconds
[2024-04-19T19:00:58.871+0000] {processor.py:161} INFO - Started process (PID=621) to work on /home/airflow/.local/lib/python3.12/site-packages/airflow/example_dags/example_setup_teardown.py
[2024-04-19T19:00:58.873+0000] {processor.py:830} INFO - Processing file /home/airflow/.local/lib/python3.12/site-packages/airflow/example_dags/example_setup_teardown.py for tasks to queue
[2024-04-19T19:00:58.875+0000] {logging_mixin.py:188} INFO - [2024-04-19T19:00:58.874+0000] {dagbag.py:540} INFO - Filling up the DagBag from /home/airflow/.local/lib/python3.12/site-packages/airflow/example_dags/example_setup_teardown.py
[2024-04-19T19:00:58.889+0000] {processor.py:840} INFO - DAG(s) 'example_setup_teardown' retrieved from /home/airflow/.local/lib/python3.12/site-packages/airflow/example_dags/example_setup_teardown.py
[2024-04-19T19:00:58.938+0000] {logging_mixin.py:188} INFO - [2024-04-19T19:00:58.937+0000] {dag.py:3096} INFO - Sync 1 DAGs
[2024-04-19T19:00:58.977+0000] {logging_mixin.py:188} INFO - [2024-04-19T19:00:58.976+0000] {dag.py:3954} INFO - Setting next_dagrun for example_setup_teardown to 2024-04-18 00:00:00+00:00, run_after=2024-04-19 00:00:00+00:00
[2024-04-19T19:00:59.030+0000] {processor.py:183} INFO - Processing /home/airflow/.local/lib/python3.12/site-packages/airflow/example_dags/example_setup_teardown.py took 0.169 seconds
[2024-04-19T19:01:29.639+0000] {processor.py:161} INFO - Started process (PID=681) to work on /home/airflow/.local/lib/python3.12/site-packages/airflow/example_dags/example_setup_teardown.py
[2024-04-19T19:01:29.642+0000] {processor.py:830} INFO - Processing file /home/airflow/.local/lib/python3.12/site-packages/airflow/example_dags/example_setup_teardown.py for tasks to queue
[2024-04-19T19:01:29.643+0000] {logging_mixin.py:188} INFO - [2024-04-19T19:01:29.643+0000] {dagbag.py:540} INFO - Filling up the DagBag from /home/airflow/.local/lib/python3.12/site-packages/airflow/example_dags/example_setup_teardown.py
[2024-04-19T19:01:29.652+0000] {processor.py:840} INFO - DAG(s) 'example_setup_teardown' retrieved from /home/airflow/.local/lib/python3.12/site-packages/airflow/example_dags/example_setup_teardown.py
[2024-04-19T19:01:29.678+0000] {logging_mixin.py:188} INFO - [2024-04-19T19:01:29.678+0000] {dag.py:3096} INFO - Sync 1 DAGs
[2024-04-19T19:01:29.711+0000] {logging_mixin.py:188} INFO - [2024-04-19T19:01:29.710+0000] {dag.py:3954} INFO - Setting next_dagrun for example_setup_teardown to 2024-04-18 00:00:00+00:00, run_after=2024-04-19 00:00:00+00:00
[2024-04-19T19:01:30.076+0000] {processor.py:183} INFO - Processing /home/airflow/.local/lib/python3.12/site-packages/airflow/example_dags/example_setup_teardown.py took 0.444 seconds
[2024-04-19T19:02:00.594+0000] {processor.py:161} INFO - Started process (PID=741) to work on /home/airflow/.local/lib/python3.12/site-packages/airflow/example_dags/example_setup_teardown.py
[2024-04-19T19:02:00.595+0000] {processor.py:830} INFO - Processing file /home/airflow/.local/lib/python3.12/site-packages/airflow/example_dags/example_setup_teardown.py for tasks to queue
[2024-04-19T19:02:00.597+0000] {logging_mixin.py:188} INFO - [2024-04-19T19:02:00.596+0000] {dagbag.py:540} INFO - Filling up the DagBag from /home/airflow/.local/lib/python3.12/site-packages/airflow/example_dags/example_setup_teardown.py
[2024-04-19T19:02:00.604+0000] {processor.py:840} INFO - DAG(s) 'example_setup_teardown' retrieved from /home/airflow/.local/lib/python3.12/site-packages/airflow/example_dags/example_setup_teardown.py
[2024-04-19T19:02:00.628+0000] {logging_mixin.py:188} INFO - [2024-04-19T19:02:00.627+0000] {dag.py:3096} INFO - Sync 1 DAGs
[2024-04-19T19:02:00.650+0000] {logging_mixin.py:188} INFO - [2024-04-19T19:02:00.649+0000] {dag.py:3954} INFO - Setting next_dagrun for example_setup_teardown to 2024-04-18 00:00:00+00:00, run_after=2024-04-19 00:00:00+00:00
[2024-04-19T19:02:00.815+0000] {processor.py:183} INFO - Processing /home/airflow/.local/lib/python3.12/site-packages/airflow/example_dags/example_setup_teardown.py took 0.226 seconds
[2024-04-19T19:02:31.141+0000] {processor.py:161} INFO - Started process (PID=801) to work on /home/airflow/.local/lib/python3.12/site-packages/airflow/example_dags/example_setup_teardown.py
[2024-04-19T19:02:31.143+0000] {processor.py:830} INFO - Processing file /home/airflow/.local/lib/python3.12/site-packages/airflow/example_dags/example_setup_teardown.py for tasks to queue
[2024-04-19T19:02:31.144+0000] {logging_mixin.py:188} INFO - [2024-04-19T19:02:31.144+0000] {dagbag.py:540} INFO - Filling up the DagBag from /home/airflow/.local/lib/python3.12/site-packages/airflow/example_dags/example_setup_teardown.py
[2024-04-19T19:02:31.153+0000] {processor.py:840} INFO - DAG(s) 'example_setup_teardown' retrieved from /home/airflow/.local/lib/python3.12/site-packages/airflow/example_dags/example_setup_teardown.py
[2024-04-19T19:02:31.178+0000] {logging_mixin.py:188} INFO - [2024-04-19T19:02:31.178+0000] {dag.py:3096} INFO - Sync 1 DAGs
[2024-04-19T19:02:31.210+0000] {logging_mixin.py:188} INFO - [2024-04-19T19:02:31.208+0000] {dag.py:3954} INFO - Setting next_dagrun for example_setup_teardown to 2024-04-18 00:00:00+00:00, run_after=2024-04-19 00:00:00+00:00
[2024-04-19T19:02:31.234+0000] {processor.py:183} INFO - Processing /home/airflow/.local/lib/python3.12/site-packages/airflow/example_dags/example_setup_teardown.py took 0.099 seconds
[2024-04-19T19:03:01.583+0000] {processor.py:161} INFO - Started process (PID=863) to work on /home/airflow/.local/lib/python3.12/site-packages/airflow/example_dags/example_setup_teardown.py
[2024-04-19T19:03:01.584+0000] {processor.py:830} INFO - Processing file /home/airflow/.local/lib/python3.12/site-packages/airflow/example_dags/example_setup_teardown.py for tasks to queue
[2024-04-19T19:03:01.585+0000] {logging_mixin.py:188} INFO - [2024-04-19T19:03:01.585+0000] {dagbag.py:540} INFO - Filling up the DagBag from /home/airflow/.local/lib/python3.12/site-packages/airflow/example_dags/example_setup_teardown.py
[2024-04-19T19:03:01.596+0000] {processor.py:840} INFO - DAG(s) 'example_setup_teardown' retrieved from /home/airflow/.local/lib/python3.12/site-packages/airflow/example_dags/example_setup_teardown.py
[2024-04-19T19:03:01.623+0000] {logging_mixin.py:188} INFO - [2024-04-19T19:03:01.623+0000] {dag.py:3096} INFO - Sync 1 DAGs
[2024-04-19T19:03:01.656+0000] {logging_mixin.py:188} INFO - [2024-04-19T19:03:01.655+0000] {dag.py:3954} INFO - Setting next_dagrun for example_setup_teardown to 2024-04-18 00:00:00+00:00, run_after=2024-04-19 00:00:00+00:00
[2024-04-19T19:03:01.688+0000] {processor.py:183} INFO - Processing /home/airflow/.local/lib/python3.12/site-packages/airflow/example_dags/example_setup_teardown.py took 0.114 seconds
[2024-04-19T19:03:32.321+0000] {processor.py:161} INFO - Started process (PID=923) to work on /home/airflow/.local/lib/python3.12/site-packages/airflow/example_dags/example_setup_teardown.py
[2024-04-19T19:03:32.323+0000] {processor.py:830} INFO - Processing file /home/airflow/.local/lib/python3.12/site-packages/airflow/example_dags/example_setup_teardown.py for tasks to queue
[2024-04-19T19:03:32.324+0000] {logging_mixin.py:188} INFO - [2024-04-19T19:03:32.324+0000] {dagbag.py:540} INFO - Filling up the DagBag from /home/airflow/.local/lib/python3.12/site-packages/airflow/example_dags/example_setup_teardown.py
[2024-04-19T19:03:32.333+0000] {processor.py:840} INFO - DAG(s) 'example_setup_teardown' retrieved from /home/airflow/.local/lib/python3.12/site-packages/airflow/example_dags/example_setup_teardown.py
[2024-04-19T19:03:32.364+0000] {logging_mixin.py:188} INFO - [2024-04-19T19:03:32.364+0000] {dag.py:3096} INFO - Sync 1 DAGs
[2024-04-19T19:03:32.398+0000] {logging_mixin.py:188} INFO - [2024-04-19T19:03:32.397+0000] {dag.py:3954} INFO - Setting next_dagrun for example_setup_teardown to 2024-04-18 00:00:00+00:00, run_after=2024-04-19 00:00:00+00:00
[2024-04-19T19:03:32.425+0000] {processor.py:183} INFO - Processing /home/airflow/.local/lib/python3.12/site-packages/airflow/example_dags/example_setup_teardown.py took 0.109 seconds
[2024-04-19T19:04:03.083+0000] {processor.py:161} INFO - Started process (PID=982) to work on /home/airflow/.local/lib/python3.12/site-packages/airflow/example_dags/example_setup_teardown.py
[2024-04-19T19:04:03.117+0000] {processor.py:830} INFO - Processing file /home/airflow/.local/lib/python3.12/site-packages/airflow/example_dags/example_setup_teardown.py for tasks to queue
[2024-04-19T19:04:03.129+0000] {logging_mixin.py:188} INFO - [2024-04-19T19:04:03.129+0000] {dagbag.py:540} INFO - Filling up the DagBag from /home/airflow/.local/lib/python3.12/site-packages/airflow/example_dags/example_setup_teardown.py
[2024-04-19T19:04:03.145+0000] {processor.py:840} INFO - DAG(s) 'example_setup_teardown' retrieved from /home/airflow/.local/lib/python3.12/site-packages/airflow/example_dags/example_setup_teardown.py
[2024-04-19T19:04:03.174+0000] {logging_mixin.py:188} INFO - [2024-04-19T19:04:03.174+0000] {dag.py:3096} INFO - Sync 1 DAGs
[2024-04-19T19:04:03.202+0000] {logging_mixin.py:188} INFO - [2024-04-19T19:04:03.202+0000] {dag.py:3954} INFO - Setting next_dagrun for example_setup_teardown to 2024-04-18 00:00:00+00:00, run_after=2024-04-19 00:00:00+00:00
[2024-04-19T19:04:03.493+0000] {processor.py:183} INFO - Processing /home/airflow/.local/lib/python3.12/site-packages/airflow/example_dags/example_setup_teardown.py took 0.422 seconds
[2024-04-19T19:04:33.684+0000] {processor.py:161} INFO - Started process (PID=1043) to work on /home/airflow/.local/lib/python3.12/site-packages/airflow/example_dags/example_setup_teardown.py
[2024-04-19T19:04:33.686+0000] {processor.py:830} INFO - Processing file /home/airflow/.local/lib/python3.12/site-packages/airflow/example_dags/example_setup_teardown.py for tasks to queue
[2024-04-19T19:04:33.687+0000] {logging_mixin.py:188} INFO - [2024-04-19T19:04:33.686+0000] {dagbag.py:540} INFO - Filling up the DagBag from /home/airflow/.local/lib/python3.12/site-packages/airflow/example_dags/example_setup_teardown.py
[2024-04-19T19:04:33.696+0000] {processor.py:840} INFO - DAG(s) 'example_setup_teardown' retrieved from /home/airflow/.local/lib/python3.12/site-packages/airflow/example_dags/example_setup_teardown.py
[2024-04-19T19:04:33.723+0000] {logging_mixin.py:188} INFO - [2024-04-19T19:04:33.723+0000] {dag.py:3096} INFO - Sync 1 DAGs
[2024-04-19T19:04:33.752+0000] {logging_mixin.py:188} INFO - [2024-04-19T19:04:33.752+0000] {dag.py:3954} INFO - Setting next_dagrun for example_setup_teardown to 2024-04-18 00:00:00+00:00, run_after=2024-04-19 00:00:00+00:00
[2024-04-19T19:04:34.032+0000] {processor.py:183} INFO - Processing /home/airflow/.local/lib/python3.12/site-packages/airflow/example_dags/example_setup_teardown.py took 0.355 seconds
[2024-04-19T19:05:04.599+0000] {processor.py:161} INFO - Started process (PID=1102) to work on /home/airflow/.local/lib/python3.12/site-packages/airflow/example_dags/example_setup_teardown.py
[2024-04-19T19:05:04.601+0000] {processor.py:830} INFO - Processing file /home/airflow/.local/lib/python3.12/site-packages/airflow/example_dags/example_setup_teardown.py for tasks to queue
[2024-04-19T19:05:04.604+0000] {logging_mixin.py:188} INFO - [2024-04-19T19:05:04.603+0000] {dagbag.py:540} INFO - Filling up the DagBag from /home/airflow/.local/lib/python3.12/site-packages/airflow/example_dags/example_setup_teardown.py
[2024-04-19T19:05:04.610+0000] {processor.py:840} INFO - DAG(s) 'example_setup_teardown' retrieved from /home/airflow/.local/lib/python3.12/site-packages/airflow/example_dags/example_setup_teardown.py
[2024-04-19T19:05:04.635+0000] {logging_mixin.py:188} INFO - [2024-04-19T19:05:04.635+0000] {dag.py:3096} INFO - Sync 1 DAGs
[2024-04-19T19:05:04.663+0000] {logging_mixin.py:188} INFO - [2024-04-19T19:05:04.663+0000] {dag.py:3954} INFO - Setting next_dagrun for example_setup_teardown to 2024-04-18 00:00:00+00:00, run_after=2024-04-19 00:00:00+00:00
[2024-04-19T19:05:04.685+0000] {processor.py:183} INFO - Processing /home/airflow/.local/lib/python3.12/site-packages/airflow/example_dags/example_setup_teardown.py took 0.096 seconds
[2024-04-19T19:05:35.252+0000] {processor.py:161} INFO - Started process (PID=1162) to work on /home/airflow/.local/lib/python3.12/site-packages/airflow/example_dags/example_setup_teardown.py
[2024-04-19T19:05:35.253+0000] {processor.py:830} INFO - Processing file /home/airflow/.local/lib/python3.12/site-packages/airflow/example_dags/example_setup_teardown.py for tasks to queue
[2024-04-19T19:05:35.255+0000] {logging_mixin.py:188} INFO - [2024-04-19T19:05:35.254+0000] {dagbag.py:540} INFO - Filling up the DagBag from /home/airflow/.local/lib/python3.12/site-packages/airflow/example_dags/example_setup_teardown.py
[2024-04-19T19:05:35.263+0000] {processor.py:840} INFO - DAG(s) 'example_setup_teardown' retrieved from /home/airflow/.local/lib/python3.12/site-packages/airflow/example_dags/example_setup_teardown.py
[2024-04-19T19:05:35.288+0000] {logging_mixin.py:188} INFO - [2024-04-19T19:05:35.287+0000] {dag.py:3096} INFO - Sync 1 DAGs
[2024-04-19T19:05:35.321+0000] {logging_mixin.py:188} INFO - [2024-04-19T19:05:35.321+0000] {dag.py:3954} INFO - Setting next_dagrun for example_setup_teardown to 2024-04-18 00:00:00+00:00, run_after=2024-04-19 00:00:00+00:00
[2024-04-19T19:05:35.612+0000] {processor.py:183} INFO - Processing /home/airflow/.local/lib/python3.12/site-packages/airflow/example_dags/example_setup_teardown.py took 0.367 seconds
[2024-04-19T19:06:05.734+0000] {processor.py:161} INFO - Started process (PID=1223) to work on /home/airflow/.local/lib/python3.12/site-packages/airflow/example_dags/example_setup_teardown.py
[2024-04-19T19:06:05.735+0000] {processor.py:830} INFO - Processing file /home/airflow/.local/lib/python3.12/site-packages/airflow/example_dags/example_setup_teardown.py for tasks to queue
[2024-04-19T19:06:05.736+0000] {logging_mixin.py:188} INFO - [2024-04-19T19:06:05.736+0000] {dagbag.py:540} INFO - Filling up the DagBag from /home/airflow/.local/lib/python3.12/site-packages/airflow/example_dags/example_setup_teardown.py
[2024-04-19T19:06:05.743+0000] {processor.py:840} INFO - DAG(s) 'example_setup_teardown' retrieved from /home/airflow/.local/lib/python3.12/site-packages/airflow/example_dags/example_setup_teardown.py
[2024-04-19T19:06:05.762+0000] {logging_mixin.py:188} INFO - [2024-04-19T19:06:05.762+0000] {dag.py:3096} INFO - Sync 1 DAGs
[2024-04-19T19:06:05.782+0000] {logging_mixin.py:188} INFO - [2024-04-19T19:06:05.782+0000] {dag.py:3954} INFO - Setting next_dagrun for example_setup_teardown to 2024-04-18 00:00:00+00:00, run_after=2024-04-19 00:00:00+00:00
[2024-04-19T19:06:05.803+0000] {processor.py:183} INFO - Processing /home/airflow/.local/lib/python3.12/site-packages/airflow/example_dags/example_setup_teardown.py took 0.074 seconds
[2024-04-19T19:06:36.534+0000] {processor.py:161} INFO - Started process (PID=1283) to work on /home/airflow/.local/lib/python3.12/site-packages/airflow/example_dags/example_setup_teardown.py
[2024-04-19T19:06:36.536+0000] {processor.py:830} INFO - Processing file /home/airflow/.local/lib/python3.12/site-packages/airflow/example_dags/example_setup_teardown.py for tasks to queue
[2024-04-19T19:06:36.537+0000] {logging_mixin.py:188} INFO - [2024-04-19T19:06:36.537+0000] {dagbag.py:540} INFO - Filling up the DagBag from /home/airflow/.local/lib/python3.12/site-packages/airflow/example_dags/example_setup_teardown.py
[2024-04-19T19:06:36.544+0000] {processor.py:840} INFO - DAG(s) 'example_setup_teardown' retrieved from /home/airflow/.local/lib/python3.12/site-packages/airflow/example_dags/example_setup_teardown.py
[2024-04-19T19:06:36.563+0000] {logging_mixin.py:188} INFO - [2024-04-19T19:06:36.563+0000] {dag.py:3096} INFO - Sync 1 DAGs
[2024-04-19T19:06:36.584+0000] {logging_mixin.py:188} INFO - [2024-04-19T19:06:36.584+0000] {dag.py:3954} INFO - Setting next_dagrun for example_setup_teardown to 2024-04-18 00:00:00+00:00, run_after=2024-04-19 00:00:00+00:00
[2024-04-19T19:06:36.627+0000] {processor.py:183} INFO - Processing /home/airflow/.local/lib/python3.12/site-packages/airflow/example_dags/example_setup_teardown.py took 0.099 seconds
[2024-04-19T19:07:06.889+0000] {processor.py:161} INFO - Started process (PID=1343) to work on /home/airflow/.local/lib/python3.12/site-packages/airflow/example_dags/example_setup_teardown.py
[2024-04-19T19:07:06.890+0000] {processor.py:830} INFO - Processing file /home/airflow/.local/lib/python3.12/site-packages/airflow/example_dags/example_setup_teardown.py for tasks to queue
[2024-04-19T19:07:06.891+0000] {logging_mixin.py:188} INFO - [2024-04-19T19:07:06.891+0000] {dagbag.py:540} INFO - Filling up the DagBag from /home/airflow/.local/lib/python3.12/site-packages/airflow/example_dags/example_setup_teardown.py
[2024-04-19T19:07:06.898+0000] {processor.py:840} INFO - DAG(s) 'example_setup_teardown' retrieved from /home/airflow/.local/lib/python3.12/site-packages/airflow/example_dags/example_setup_teardown.py
[2024-04-19T19:07:06.916+0000] {logging_mixin.py:188} INFO - [2024-04-19T19:07:06.915+0000] {dag.py:3096} INFO - Sync 1 DAGs
[2024-04-19T19:07:06.935+0000] {logging_mixin.py:188} INFO - [2024-04-19T19:07:06.935+0000] {dag.py:3954} INFO - Setting next_dagrun for example_setup_teardown to 2024-04-18 00:00:00+00:00, run_after=2024-04-19 00:00:00+00:00
[2024-04-19T19:07:06.956+0000] {processor.py:183} INFO - Processing /home/airflow/.local/lib/python3.12/site-packages/airflow/example_dags/example_setup_teardown.py took 0.073 seconds
[2024-04-19T19:07:37.750+0000] {processor.py:161} INFO - Started process (PID=1403) to work on /home/airflow/.local/lib/python3.12/site-packages/airflow/example_dags/example_setup_teardown.py
[2024-04-19T19:07:37.751+0000] {processor.py:830} INFO - Processing file /home/airflow/.local/lib/python3.12/site-packages/airflow/example_dags/example_setup_teardown.py for tasks to queue
[2024-04-19T19:07:37.752+0000] {logging_mixin.py:188} INFO - [2024-04-19T19:07:37.751+0000] {dagbag.py:540} INFO - Filling up the DagBag from /home/airflow/.local/lib/python3.12/site-packages/airflow/example_dags/example_setup_teardown.py
[2024-04-19T19:07:37.759+0000] {processor.py:840} INFO - DAG(s) 'example_setup_teardown' retrieved from /home/airflow/.local/lib/python3.12/site-packages/airflow/example_dags/example_setup_teardown.py
[2024-04-19T19:07:37.778+0000] {logging_mixin.py:188} INFO - [2024-04-19T19:07:37.778+0000] {dag.py:3096} INFO - Sync 1 DAGs
[2024-04-19T19:07:37.799+0000] {logging_mixin.py:188} INFO - [2024-04-19T19:07:37.799+0000] {dag.py:3954} INFO - Setting next_dagrun for example_setup_teardown to 2024-04-18 00:00:00+00:00, run_after=2024-04-19 00:00:00+00:00
[2024-04-19T19:07:37.819+0000] {processor.py:183} INFO - Processing /home/airflow/.local/lib/python3.12/site-packages/airflow/example_dags/example_setup_teardown.py took 0.075 seconds
[2024-04-19T19:08:08.496+0000] {processor.py:161} INFO - Started process (PID=1463) to work on /home/airflow/.local/lib/python3.12/site-packages/airflow/example_dags/example_setup_teardown.py
[2024-04-19T19:08:08.497+0000] {processor.py:830} INFO - Processing file /home/airflow/.local/lib/python3.12/site-packages/airflow/example_dags/example_setup_teardown.py for tasks to queue
[2024-04-19T19:08:08.498+0000] {logging_mixin.py:188} INFO - [2024-04-19T19:08:08.498+0000] {dagbag.py:540} INFO - Filling up the DagBag from /home/airflow/.local/lib/python3.12/site-packages/airflow/example_dags/example_setup_teardown.py
[2024-04-19T19:08:08.506+0000] {processor.py:840} INFO - DAG(s) 'example_setup_teardown' retrieved from /home/airflow/.local/lib/python3.12/site-packages/airflow/example_dags/example_setup_teardown.py
[2024-04-19T19:08:08.524+0000] {logging_mixin.py:188} INFO - [2024-04-19T19:08:08.524+0000] {dag.py:3096} INFO - Sync 1 DAGs
[2024-04-19T19:08:08.545+0000] {logging_mixin.py:188} INFO - [2024-04-19T19:08:08.545+0000] {dag.py:3954} INFO - Setting next_dagrun for example_setup_teardown to 2024-04-18 00:00:00+00:00, run_after=2024-04-19 00:00:00+00:00
[2024-04-19T19:08:08.577+0000] {processor.py:183} INFO - Processing /home/airflow/.local/lib/python3.12/site-packages/airflow/example_dags/example_setup_teardown.py took 0.086 seconds
[2024-04-19T19:08:39.310+0000] {processor.py:161} INFO - Started process (PID=1524) to work on /home/airflow/.local/lib/python3.12/site-packages/airflow/example_dags/example_setup_teardown.py
[2024-04-19T19:08:39.311+0000] {processor.py:830} INFO - Processing file /home/airflow/.local/lib/python3.12/site-packages/airflow/example_dags/example_setup_teardown.py for tasks to queue
[2024-04-19T19:08:39.312+0000] {logging_mixin.py:188} INFO - [2024-04-19T19:08:39.311+0000] {dagbag.py:540} INFO - Filling up the DagBag from /home/airflow/.local/lib/python3.12/site-packages/airflow/example_dags/example_setup_teardown.py
[2024-04-19T19:08:39.319+0000] {processor.py:840} INFO - DAG(s) 'example_setup_teardown' retrieved from /home/airflow/.local/lib/python3.12/site-packages/airflow/example_dags/example_setup_teardown.py
[2024-04-19T19:08:39.338+0000] {logging_mixin.py:188} INFO - [2024-04-19T19:08:39.338+0000] {dag.py:3096} INFO - Sync 1 DAGs
[2024-04-19T19:08:39.358+0000] {logging_mixin.py:188} INFO - [2024-04-19T19:08:39.358+0000] {dag.py:3954} INFO - Setting next_dagrun for example_setup_teardown to 2024-04-18 00:00:00+00:00, run_after=2024-04-19 00:00:00+00:00
[2024-04-19T19:08:39.376+0000] {processor.py:183} INFO - Processing /home/airflow/.local/lib/python3.12/site-packages/airflow/example_dags/example_setup_teardown.py took 0.072 seconds
[2024-04-19T19:09:09.935+0000] {processor.py:161} INFO - Started process (PID=1584) to work on /home/airflow/.local/lib/python3.12/site-packages/airflow/example_dags/example_setup_teardown.py
[2024-04-19T19:09:09.937+0000] {processor.py:830} INFO - Processing file /home/airflow/.local/lib/python3.12/site-packages/airflow/example_dags/example_setup_teardown.py for tasks to queue
[2024-04-19T19:09:09.939+0000] {logging_mixin.py:188} INFO - [2024-04-19T19:09:09.939+0000] {dagbag.py:540} INFO - Filling up the DagBag from /home/airflow/.local/lib/python3.12/site-packages/airflow/example_dags/example_setup_teardown.py
[2024-04-19T19:09:09.955+0000] {processor.py:840} INFO - DAG(s) 'example_setup_teardown' retrieved from /home/airflow/.local/lib/python3.12/site-packages/airflow/example_dags/example_setup_teardown.py
[2024-04-19T19:09:09.990+0000] {logging_mixin.py:188} INFO - [2024-04-19T19:09:09.990+0000] {dag.py:3096} INFO - Sync 1 DAGs
[2024-04-19T19:09:10.034+0000] {logging_mixin.py:188} INFO - [2024-04-19T19:09:10.033+0000] {dag.py:3954} INFO - Setting next_dagrun for example_setup_teardown to 2024-04-18 00:00:00+00:00, run_after=2024-04-19 00:00:00+00:00
[2024-04-19T19:09:10.074+0000] {processor.py:183} INFO - Processing /home/airflow/.local/lib/python3.12/site-packages/airflow/example_dags/example_setup_teardown.py took 0.148 seconds
[2024-04-19T19:09:40.410+0000] {processor.py:161} INFO - Started process (PID=1644) to work on /home/airflow/.local/lib/python3.12/site-packages/airflow/example_dags/example_setup_teardown.py
[2024-04-19T19:09:40.411+0000] {processor.py:830} INFO - Processing file /home/airflow/.local/lib/python3.12/site-packages/airflow/example_dags/example_setup_teardown.py for tasks to queue
[2024-04-19T19:09:40.413+0000] {logging_mixin.py:188} INFO - [2024-04-19T19:09:40.412+0000] {dagbag.py:540} INFO - Filling up the DagBag from /home/airflow/.local/lib/python3.12/site-packages/airflow/example_dags/example_setup_teardown.py
[2024-04-19T19:09:40.423+0000] {processor.py:840} INFO - DAG(s) 'example_setup_teardown' retrieved from /home/airflow/.local/lib/python3.12/site-packages/airflow/example_dags/example_setup_teardown.py
[2024-04-19T19:09:40.448+0000] {logging_mixin.py:188} INFO - [2024-04-19T19:09:40.447+0000] {dag.py:3096} INFO - Sync 1 DAGs
[2024-04-19T19:09:40.474+0000] {logging_mixin.py:188} INFO - [2024-04-19T19:09:40.473+0000] {dag.py:3954} INFO - Setting next_dagrun for example_setup_teardown to 2024-04-18 00:00:00+00:00, run_after=2024-04-19 00:00:00+00:00
[2024-04-19T19:09:40.499+0000] {processor.py:183} INFO - Processing /home/airflow/.local/lib/python3.12/site-packages/airflow/example_dags/example_setup_teardown.py took 0.097 seconds
[2024-04-19T19:10:11.030+0000] {processor.py:161} INFO - Started process (PID=1704) to work on /home/airflow/.local/lib/python3.12/site-packages/airflow/example_dags/example_setup_teardown.py
[2024-04-19T19:10:11.031+0000] {processor.py:830} INFO - Processing file /home/airflow/.local/lib/python3.12/site-packages/airflow/example_dags/example_setup_teardown.py for tasks to queue
[2024-04-19T19:10:11.032+0000] {logging_mixin.py:188} INFO - [2024-04-19T19:10:11.032+0000] {dagbag.py:540} INFO - Filling up the DagBag from /home/airflow/.local/lib/python3.12/site-packages/airflow/example_dags/example_setup_teardown.py
[2024-04-19T19:10:11.050+0000] {processor.py:840} INFO - DAG(s) 'example_setup_teardown' retrieved from /home/airflow/.local/lib/python3.12/site-packages/airflow/example_dags/example_setup_teardown.py
[2024-04-19T19:10:11.102+0000] {logging_mixin.py:188} INFO - [2024-04-19T19:10:11.102+0000] {dag.py:3096} INFO - Sync 1 DAGs
[2024-04-19T19:10:11.163+0000] {logging_mixin.py:188} INFO - [2024-04-19T19:10:11.163+0000] {dag.py:3954} INFO - Setting next_dagrun for example_setup_teardown to 2024-04-18 00:00:00+00:00, run_after=2024-04-19 00:00:00+00:00
[2024-04-19T19:10:11.235+0000] {processor.py:183} INFO - Processing /home/airflow/.local/lib/python3.12/site-packages/airflow/example_dags/example_setup_teardown.py took 0.217 seconds
[2024-04-19T19:10:41.898+0000] {processor.py:161} INFO - Started process (PID=1764) to work on /home/airflow/.local/lib/python3.12/site-packages/airflow/example_dags/example_setup_teardown.py
[2024-04-19T19:10:41.899+0000] {processor.py:830} INFO - Processing file /home/airflow/.local/lib/python3.12/site-packages/airflow/example_dags/example_setup_teardown.py for tasks to queue
[2024-04-19T19:10:41.900+0000] {logging_mixin.py:188} INFO - [2024-04-19T19:10:41.900+0000] {dagbag.py:540} INFO - Filling up the DagBag from /home/airflow/.local/lib/python3.12/site-packages/airflow/example_dags/example_setup_teardown.py
[2024-04-19T19:10:41.907+0000] {processor.py:840} INFO - DAG(s) 'example_setup_teardown' retrieved from /home/airflow/.local/lib/python3.12/site-packages/airflow/example_dags/example_setup_teardown.py
[2024-04-19T19:10:41.927+0000] {logging_mixin.py:188} INFO - [2024-04-19T19:10:41.926+0000] {dag.py:3096} INFO - Sync 1 DAGs
[2024-04-19T19:10:41.949+0000] {logging_mixin.py:188} INFO - [2024-04-19T19:10:41.949+0000] {dag.py:3954} INFO - Setting next_dagrun for example_setup_teardown to 2024-04-18 00:00:00+00:00, run_after=2024-04-19 00:00:00+00:00
[2024-04-19T19:10:41.970+0000] {processor.py:183} INFO - Processing /home/airflow/.local/lib/python3.12/site-packages/airflow/example_dags/example_setup_teardown.py took 0.077 seconds
[2024-04-19T19:11:12.228+0000] {processor.py:161} INFO - Started process (PID=1824) to work on /home/airflow/.local/lib/python3.12/site-packages/airflow/example_dags/example_setup_teardown.py
[2024-04-19T19:11:12.229+0000] {processor.py:830} INFO - Processing file /home/airflow/.local/lib/python3.12/site-packages/airflow/example_dags/example_setup_teardown.py for tasks to queue
[2024-04-19T19:11:12.230+0000] {logging_mixin.py:188} INFO - [2024-04-19T19:11:12.230+0000] {dagbag.py:540} INFO - Filling up the DagBag from /home/airflow/.local/lib/python3.12/site-packages/airflow/example_dags/example_setup_teardown.py
[2024-04-19T19:11:12.242+0000] {processor.py:840} INFO - DAG(s) 'example_setup_teardown' retrieved from /home/airflow/.local/lib/python3.12/site-packages/airflow/example_dags/example_setup_teardown.py
[2024-04-19T19:11:12.270+0000] {logging_mixin.py:188} INFO - [2024-04-19T19:11:12.270+0000] {dag.py:3096} INFO - Sync 1 DAGs
[2024-04-19T19:11:12.302+0000] {logging_mixin.py:188} INFO - [2024-04-19T19:11:12.302+0000] {dag.py:3954} INFO - Setting next_dagrun for example_setup_teardown to 2024-04-18 00:00:00+00:00, run_after=2024-04-19 00:00:00+00:00
[2024-04-19T19:11:12.334+0000] {processor.py:183} INFO - Processing /home/airflow/.local/lib/python3.12/site-packages/airflow/example_dags/example_setup_teardown.py took 0.113 seconds
[2024-04-19T19:11:42.687+0000] {processor.py:161} INFO - Started process (PID=1885) to work on /home/airflow/.local/lib/python3.12/site-packages/airflow/example_dags/example_setup_teardown.py
[2024-04-19T19:11:42.688+0000] {processor.py:830} INFO - Processing file /home/airflow/.local/lib/python3.12/site-packages/airflow/example_dags/example_setup_teardown.py for tasks to queue
[2024-04-19T19:11:42.689+0000] {logging_mixin.py:188} INFO - [2024-04-19T19:11:42.689+0000] {dagbag.py:540} INFO - Filling up the DagBag from /home/airflow/.local/lib/python3.12/site-packages/airflow/example_dags/example_setup_teardown.py
[2024-04-19T19:11:42.697+0000] {processor.py:840} INFO - DAG(s) 'example_setup_teardown' retrieved from /home/airflow/.local/lib/python3.12/site-packages/airflow/example_dags/example_setup_teardown.py
[2024-04-19T19:11:42.717+0000] {logging_mixin.py:188} INFO - [2024-04-19T19:11:42.717+0000] {dag.py:3096} INFO - Sync 1 DAGs
[2024-04-19T19:11:42.738+0000] {logging_mixin.py:188} INFO - [2024-04-19T19:11:42.738+0000] {dag.py:3954} INFO - Setting next_dagrun for example_setup_teardown to 2024-04-18 00:00:00+00:00, run_after=2024-04-19 00:00:00+00:00
[2024-04-19T19:11:42.768+0000] {processor.py:183} INFO - Processing /home/airflow/.local/lib/python3.12/site-packages/airflow/example_dags/example_setup_teardown.py took 0.087 seconds
[2024-04-19T19:12:13.284+0000] {processor.py:161} INFO - Started process (PID=1945) to work on /home/airflow/.local/lib/python3.12/site-packages/airflow/example_dags/example_setup_teardown.py
[2024-04-19T19:12:13.285+0000] {processor.py:830} INFO - Processing file /home/airflow/.local/lib/python3.12/site-packages/airflow/example_dags/example_setup_teardown.py for tasks to queue
[2024-04-19T19:12:13.286+0000] {logging_mixin.py:188} INFO - [2024-04-19T19:12:13.286+0000] {dagbag.py:540} INFO - Filling up the DagBag from /home/airflow/.local/lib/python3.12/site-packages/airflow/example_dags/example_setup_teardown.py
[2024-04-19T19:12:13.293+0000] {processor.py:840} INFO - DAG(s) 'example_setup_teardown' retrieved from /home/airflow/.local/lib/python3.12/site-packages/airflow/example_dags/example_setup_teardown.py
[2024-04-19T19:12:13.315+0000] {logging_mixin.py:188} INFO - [2024-04-19T19:12:13.314+0000] {dag.py:3096} INFO - Sync 1 DAGs
[2024-04-19T19:12:13.335+0000] {logging_mixin.py:188} INFO - [2024-04-19T19:12:13.335+0000] {dag.py:3954} INFO - Setting next_dagrun for example_setup_teardown to 2024-04-18 00:00:00+00:00, run_after=2024-04-19 00:00:00+00:00
[2024-04-19T19:12:13.356+0000] {processor.py:183} INFO - Processing /home/airflow/.local/lib/python3.12/site-packages/airflow/example_dags/example_setup_teardown.py took 0.077 seconds
[2024-04-19T19:12:43.513+0000] {processor.py:161} INFO - Started process (PID=2005) to work on /home/airflow/.local/lib/python3.12/site-packages/airflow/example_dags/example_setup_teardown.py
[2024-04-19T19:12:43.514+0000] {processor.py:830} INFO - Processing file /home/airflow/.local/lib/python3.12/site-packages/airflow/example_dags/example_setup_teardown.py for tasks to queue
[2024-04-19T19:12:43.515+0000] {logging_mixin.py:188} INFO - [2024-04-19T19:12:43.515+0000] {dagbag.py:540} INFO - Filling up the DagBag from /home/airflow/.local/lib/python3.12/site-packages/airflow/example_dags/example_setup_teardown.py
[2024-04-19T19:12:43.523+0000] {processor.py:840} INFO - DAG(s) 'example_setup_teardown' retrieved from /home/airflow/.local/lib/python3.12/site-packages/airflow/example_dags/example_setup_teardown.py
[2024-04-19T19:12:43.545+0000] {logging_mixin.py:188} INFO - [2024-04-19T19:12:43.545+0000] {dag.py:3096} INFO - Sync 1 DAGs
[2024-04-19T19:12:43.582+0000] {logging_mixin.py:188} INFO - [2024-04-19T19:12:43.582+0000] {dag.py:3954} INFO - Setting next_dagrun for example_setup_teardown to 2024-04-18 00:00:00+00:00, run_after=2024-04-19 00:00:00+00:00
[2024-04-19T19:12:43.609+0000] {processor.py:183} INFO - Processing /home/airflow/.local/lib/python3.12/site-packages/airflow/example_dags/example_setup_teardown.py took 0.101 seconds
[2024-04-19T19:13:14.295+0000] {processor.py:161} INFO - Started process (PID=2065) to work on /home/airflow/.local/lib/python3.12/site-packages/airflow/example_dags/example_setup_teardown.py
[2024-04-19T19:13:14.296+0000] {processor.py:830} INFO - Processing file /home/airflow/.local/lib/python3.12/site-packages/airflow/example_dags/example_setup_teardown.py for tasks to queue
[2024-04-19T19:13:14.297+0000] {logging_mixin.py:188} INFO - [2024-04-19T19:13:14.296+0000] {dagbag.py:540} INFO - Filling up the DagBag from /home/airflow/.local/lib/python3.12/site-packages/airflow/example_dags/example_setup_teardown.py
[2024-04-19T19:13:14.303+0000] {processor.py:840} INFO - DAG(s) 'example_setup_teardown' retrieved from /home/airflow/.local/lib/python3.12/site-packages/airflow/example_dags/example_setup_teardown.py
[2024-04-19T19:13:14.322+0000] {logging_mixin.py:188} INFO - [2024-04-19T19:13:14.321+0000] {dag.py:3096} INFO - Sync 1 DAGs
[2024-04-19T19:13:14.341+0000] {logging_mixin.py:188} INFO - [2024-04-19T19:13:14.341+0000] {dag.py:3954} INFO - Setting next_dagrun for example_setup_teardown to 2024-04-18 00:00:00+00:00, run_after=2024-04-19 00:00:00+00:00
[2024-04-19T19:13:14.372+0000] {processor.py:183} INFO - Processing /home/airflow/.local/lib/python3.12/site-packages/airflow/example_dags/example_setup_teardown.py took 0.082 seconds
[2024-04-19T19:13:44.475+0000] {processor.py:161} INFO - Started process (PID=2125) to work on /home/airflow/.local/lib/python3.12/site-packages/airflow/example_dags/example_setup_teardown.py
[2024-04-19T19:13:44.476+0000] {processor.py:830} INFO - Processing file /home/airflow/.local/lib/python3.12/site-packages/airflow/example_dags/example_setup_teardown.py for tasks to queue
[2024-04-19T19:13:44.477+0000] {logging_mixin.py:188} INFO - [2024-04-19T19:13:44.477+0000] {dagbag.py:540} INFO - Filling up the DagBag from /home/airflow/.local/lib/python3.12/site-packages/airflow/example_dags/example_setup_teardown.py
[2024-04-19T19:13:44.484+0000] {processor.py:840} INFO - DAG(s) 'example_setup_teardown' retrieved from /home/airflow/.local/lib/python3.12/site-packages/airflow/example_dags/example_setup_teardown.py
[2024-04-19T19:13:44.502+0000] {logging_mixin.py:188} INFO - [2024-04-19T19:13:44.501+0000] {dag.py:3096} INFO - Sync 1 DAGs
[2024-04-19T19:13:44.522+0000] {logging_mixin.py:188} INFO - [2024-04-19T19:13:44.522+0000] {dag.py:3954} INFO - Setting next_dagrun for example_setup_teardown to 2024-04-18 00:00:00+00:00, run_after=2024-04-19 00:00:00+00:00
[2024-04-19T19:13:44.542+0000] {processor.py:183} INFO - Processing /home/airflow/.local/lib/python3.12/site-packages/airflow/example_dags/example_setup_teardown.py took 0.072 seconds
[2024-04-19T19:14:15.029+0000] {processor.py:161} INFO - Started process (PID=2186) to work on /home/airflow/.local/lib/python3.12/site-packages/airflow/example_dags/example_setup_teardown.py
[2024-04-19T19:14:15.030+0000] {processor.py:830} INFO - Processing file /home/airflow/.local/lib/python3.12/site-packages/airflow/example_dags/example_setup_teardown.py for tasks to queue
[2024-04-19T19:14:15.031+0000] {logging_mixin.py:188} INFO - [2024-04-19T19:14:15.031+0000] {dagbag.py:540} INFO - Filling up the DagBag from /home/airflow/.local/lib/python3.12/site-packages/airflow/example_dags/example_setup_teardown.py
[2024-04-19T19:14:15.037+0000] {processor.py:840} INFO - DAG(s) 'example_setup_teardown' retrieved from /home/airflow/.local/lib/python3.12/site-packages/airflow/example_dags/example_setup_teardown.py
[2024-04-19T19:14:15.056+0000] {logging_mixin.py:188} INFO - [2024-04-19T19:14:15.055+0000] {dag.py:3096} INFO - Sync 1 DAGs
[2024-04-19T19:14:15.077+0000] {logging_mixin.py:188} INFO - [2024-04-19T19:14:15.077+0000] {dag.py:3954} INFO - Setting next_dagrun for example_setup_teardown to 2024-04-18 00:00:00+00:00, run_after=2024-04-19 00:00:00+00:00
[2024-04-19T19:14:15.097+0000] {processor.py:183} INFO - Processing /home/airflow/.local/lib/python3.12/site-packages/airflow/example_dags/example_setup_teardown.py took 0.074 seconds
[2024-04-19T19:14:46.165+0000] {processor.py:161} INFO - Started process (PID=2246) to work on /home/airflow/.local/lib/python3.12/site-packages/airflow/example_dags/example_setup_teardown.py
[2024-04-19T19:14:46.178+0000] {processor.py:830} INFO - Processing file /home/airflow/.local/lib/python3.12/site-packages/airflow/example_dags/example_setup_teardown.py for tasks to queue
[2024-04-19T19:14:46.181+0000] {logging_mixin.py:188} INFO - [2024-04-19T19:14:46.180+0000] {dagbag.py:540} INFO - Filling up the DagBag from /home/airflow/.local/lib/python3.12/site-packages/airflow/example_dags/example_setup_teardown.py
[2024-04-19T19:14:46.246+0000] {processor.py:840} INFO - DAG(s) 'example_setup_teardown' retrieved from /home/airflow/.local/lib/python3.12/site-packages/airflow/example_dags/example_setup_teardown.py
[2024-04-19T19:14:46.325+0000] {logging_mixin.py:188} INFO - [2024-04-19T19:14:46.325+0000] {dag.py:3096} INFO - Sync 1 DAGs
[2024-04-19T19:14:46.381+0000] {logging_mixin.py:188} INFO - [2024-04-19T19:14:46.380+0000] {dag.py:3954} INFO - Setting next_dagrun for example_setup_teardown to 2024-04-18 00:00:00+00:00, run_after=2024-04-19 00:00:00+00:00
[2024-04-19T19:14:46.427+0000] {processor.py:183} INFO - Processing /home/airflow/.local/lib/python3.12/site-packages/airflow/example_dags/example_setup_teardown.py took 0.363 seconds
[2024-04-19T19:15:16.577+0000] {processor.py:161} INFO - Started process (PID=2306) to work on /home/airflow/.local/lib/python3.12/site-packages/airflow/example_dags/example_setup_teardown.py
[2024-04-19T19:15:16.578+0000] {processor.py:830} INFO - Processing file /home/airflow/.local/lib/python3.12/site-packages/airflow/example_dags/example_setup_teardown.py for tasks to queue
[2024-04-19T19:15:16.579+0000] {logging_mixin.py:188} INFO - [2024-04-19T19:15:16.579+0000] {dagbag.py:540} INFO - Filling up the DagBag from /home/airflow/.local/lib/python3.12/site-packages/airflow/example_dags/example_setup_teardown.py
[2024-04-19T19:15:16.588+0000] {processor.py:840} INFO - DAG(s) 'example_setup_teardown' retrieved from /home/airflow/.local/lib/python3.12/site-packages/airflow/example_dags/example_setup_teardown.py
[2024-04-19T19:15:16.617+0000] {logging_mixin.py:188} INFO - [2024-04-19T19:15:16.617+0000] {dag.py:3096} INFO - Sync 1 DAGs
[2024-04-19T19:15:16.657+0000] {logging_mixin.py:188} INFO - [2024-04-19T19:15:16.653+0000] {dag.py:3954} INFO - Setting next_dagrun for example_setup_teardown to 2024-04-18 00:00:00+00:00, run_after=2024-04-19 00:00:00+00:00
[2024-04-19T19:15:16.706+0000] {processor.py:183} INFO - Processing /home/airflow/.local/lib/python3.12/site-packages/airflow/example_dags/example_setup_teardown.py took 0.136 seconds
[2024-04-19T19:15:47.321+0000] {processor.py:161} INFO - Started process (PID=2364) to work on /home/airflow/.local/lib/python3.12/site-packages/airflow/example_dags/example_setup_teardown.py
[2024-04-19T19:15:47.322+0000] {processor.py:830} INFO - Processing file /home/airflow/.local/lib/python3.12/site-packages/airflow/example_dags/example_setup_teardown.py for tasks to queue
[2024-04-19T19:15:47.323+0000] {logging_mixin.py:188} INFO - [2024-04-19T19:15:47.323+0000] {dagbag.py:540} INFO - Filling up the DagBag from /home/airflow/.local/lib/python3.12/site-packages/airflow/example_dags/example_setup_teardown.py
[2024-04-19T19:15:47.333+0000] {processor.py:840} INFO - DAG(s) 'example_setup_teardown' retrieved from /home/airflow/.local/lib/python3.12/site-packages/airflow/example_dags/example_setup_teardown.py
[2024-04-19T19:15:47.363+0000] {logging_mixin.py:188} INFO - [2024-04-19T19:15:47.362+0000] {dag.py:3096} INFO - Sync 1 DAGs
[2024-04-19T19:15:47.388+0000] {logging_mixin.py:188} INFO - [2024-04-19T19:15:47.388+0000] {dag.py:3954} INFO - Setting next_dagrun for example_setup_teardown to 2024-04-18 00:00:00+00:00, run_after=2024-04-19 00:00:00+00:00
[2024-04-19T19:15:47.411+0000] {processor.py:183} INFO - Processing /home/airflow/.local/lib/python3.12/site-packages/airflow/example_dags/example_setup_teardown.py took 0.099 seconds
[2024-04-19T19:16:17.939+0000] {processor.py:161} INFO - Started process (PID=2424) to work on /home/airflow/.local/lib/python3.12/site-packages/airflow/example_dags/example_setup_teardown.py
[2024-04-19T19:16:17.940+0000] {processor.py:830} INFO - Processing file /home/airflow/.local/lib/python3.12/site-packages/airflow/example_dags/example_setup_teardown.py for tasks to queue
[2024-04-19T19:16:17.941+0000] {logging_mixin.py:188} INFO - [2024-04-19T19:16:17.941+0000] {dagbag.py:540} INFO - Filling up the DagBag from /home/airflow/.local/lib/python3.12/site-packages/airflow/example_dags/example_setup_teardown.py
[2024-04-19T19:16:17.952+0000] {processor.py:840} INFO - DAG(s) 'example_setup_teardown' retrieved from /home/airflow/.local/lib/python3.12/site-packages/airflow/example_dags/example_setup_teardown.py
[2024-04-19T19:16:17.973+0000] {logging_mixin.py:188} INFO - [2024-04-19T19:16:17.972+0000] {dag.py:3096} INFO - Sync 1 DAGs
[2024-04-19T19:16:17.995+0000] {logging_mixin.py:188} INFO - [2024-04-19T19:16:17.995+0000] {dag.py:3954} INFO - Setting next_dagrun for example_setup_teardown to 2024-04-18 00:00:00+00:00, run_after=2024-04-19 00:00:00+00:00
[2024-04-19T19:16:18.019+0000] {processor.py:183} INFO - Processing /home/airflow/.local/lib/python3.12/site-packages/airflow/example_dags/example_setup_teardown.py took 0.088 seconds
[2024-04-19T19:16:48.117+0000] {processor.py:161} INFO - Started process (PID=2484) to work on /home/airflow/.local/lib/python3.12/site-packages/airflow/example_dags/example_setup_teardown.py
[2024-04-19T19:16:48.134+0000] {processor.py:830} INFO - Processing file /home/airflow/.local/lib/python3.12/site-packages/airflow/example_dags/example_setup_teardown.py for tasks to queue
[2024-04-19T19:16:48.148+0000] {logging_mixin.py:188} INFO - [2024-04-19T19:16:48.147+0000] {dagbag.py:540} INFO - Filling up the DagBag from /home/airflow/.local/lib/python3.12/site-packages/airflow/example_dags/example_setup_teardown.py
[2024-04-19T19:16:48.173+0000] {processor.py:840} INFO - DAG(s) 'example_setup_teardown' retrieved from /home/airflow/.local/lib/python3.12/site-packages/airflow/example_dags/example_setup_teardown.py
[2024-04-19T19:16:48.293+0000] {logging_mixin.py:188} INFO - [2024-04-19T19:16:48.292+0000] {dag.py:3096} INFO - Sync 1 DAGs
[2024-04-19T19:16:48.402+0000] {logging_mixin.py:188} INFO - [2024-04-19T19:16:48.402+0000] {dag.py:3954} INFO - Setting next_dagrun for example_setup_teardown to 2024-04-18 00:00:00+00:00, run_after=2024-04-19 00:00:00+00:00
[2024-04-19T19:16:48.487+0000] {processor.py:183} INFO - Processing /home/airflow/.local/lib/python3.12/site-packages/airflow/example_dags/example_setup_teardown.py took 0.379 seconds
