[2024-04-19T18:33:20.394+0000] {processor.py:161} INFO - Started process (PID=83) to work on /home/airflow/.local/lib/python3.12/site-packages/airflow/example_dags/example_latest_only.py
[2024-04-19T18:33:20.396+0000] {processor.py:830} INFO - Processing file /home/airflow/.local/lib/python3.12/site-packages/airflow/example_dags/example_latest_only.py for tasks to queue
[2024-04-19T18:33:20.403+0000] {logging_mixin.py:188} INFO - [2024-04-19T18:33:20.401+0000] {dagbag.py:540} INFO - Filling up the DagBag from /home/airflow/.local/lib/python3.12/site-packages/airflow/example_dags/example_latest_only.py
[2024-04-19T18:33:20.422+0000] {processor.py:840} INFO - DAG(s) 'latest_only' retrieved from /home/airflow/.local/lib/python3.12/site-packages/airflow/example_dags/example_latest_only.py
[2024-04-19T18:33:22.001+0000] {logging_mixin.py:188} INFO - [2024-04-19T18:33:21.998+0000] {dag.py:3096} INFO - Sync 1 DAGs
[2024-04-19T18:33:22.054+0000] {logging_mixin.py:188} INFO - [2024-04-19T18:33:22.054+0000] {dag.py:3954} INFO - Setting next_dagrun for latest_only to 2024-04-19 12:00:00+00:00, run_after=2024-04-19 16:00:00+00:00
[2024-04-19T18:33:22.130+0000] {processor.py:183} INFO - Processing /home/airflow/.local/lib/python3.12/site-packages/airflow/example_dags/example_latest_only.py took 1.807 seconds
[2024-04-19T18:33:52.825+0000] {processor.py:161} INFO - Started process (PID=141) to work on /home/airflow/.local/lib/python3.12/site-packages/airflow/example_dags/example_latest_only.py
[2024-04-19T18:33:52.826+0000] {processor.py:830} INFO - Processing file /home/airflow/.local/lib/python3.12/site-packages/airflow/example_dags/example_latest_only.py for tasks to queue
[2024-04-19T18:33:52.829+0000] {logging_mixin.py:188} INFO - [2024-04-19T18:33:52.828+0000] {dagbag.py:540} INFO - Filling up the DagBag from /home/airflow/.local/lib/python3.12/site-packages/airflow/example_dags/example_latest_only.py
[2024-04-19T18:33:52.836+0000] {processor.py:840} INFO - DAG(s) 'latest_only' retrieved from /home/airflow/.local/lib/python3.12/site-packages/airflow/example_dags/example_latest_only.py
[2024-04-19T18:33:52.859+0000] {logging_mixin.py:188} INFO - [2024-04-19T18:33:52.859+0000] {dag.py:3096} INFO - Sync 1 DAGs
[2024-04-19T18:33:52.892+0000] {logging_mixin.py:188} INFO - [2024-04-19T18:33:52.892+0000] {dag.py:3954} INFO - Setting next_dagrun for latest_only to 2024-04-19 12:00:00+00:00, run_after=2024-04-19 16:00:00+00:00
[2024-04-19T18:33:52.917+0000] {processor.py:183} INFO - Processing /home/airflow/.local/lib/python3.12/site-packages/airflow/example_dags/example_latest_only.py took 0.099 seconds
[2024-04-19T18:34:23.579+0000] {processor.py:161} INFO - Started process (PID=199) to work on /home/airflow/.local/lib/python3.12/site-packages/airflow/example_dags/example_latest_only.py
[2024-04-19T18:34:23.582+0000] {processor.py:830} INFO - Processing file /home/airflow/.local/lib/python3.12/site-packages/airflow/example_dags/example_latest_only.py for tasks to queue
[2024-04-19T18:34:23.584+0000] {logging_mixin.py:188} INFO - [2024-04-19T18:34:23.584+0000] {dagbag.py:540} INFO - Filling up the DagBag from /home/airflow/.local/lib/python3.12/site-packages/airflow/example_dags/example_latest_only.py
[2024-04-19T18:34:23.593+0000] {processor.py:840} INFO - DAG(s) 'latest_only' retrieved from /home/airflow/.local/lib/python3.12/site-packages/airflow/example_dags/example_latest_only.py
[2024-04-19T18:34:23.623+0000] {logging_mixin.py:188} INFO - [2024-04-19T18:34:23.623+0000] {dag.py:3096} INFO - Sync 1 DAGs
[2024-04-19T18:34:23.648+0000] {logging_mixin.py:188} INFO - [2024-04-19T18:34:23.648+0000] {dag.py:3954} INFO - Setting next_dagrun for latest_only to 2024-04-19 12:00:00+00:00, run_after=2024-04-19 16:00:00+00:00
[2024-04-19T18:34:23.670+0000] {processor.py:183} INFO - Processing /home/airflow/.local/lib/python3.12/site-packages/airflow/example_dags/example_latest_only.py took 0.102 seconds
[2024-04-19T18:34:54.460+0000] {processor.py:161} INFO - Started process (PID=257) to work on /home/airflow/.local/lib/python3.12/site-packages/airflow/example_dags/example_latest_only.py
[2024-04-19T18:34:54.461+0000] {processor.py:830} INFO - Processing file /home/airflow/.local/lib/python3.12/site-packages/airflow/example_dags/example_latest_only.py for tasks to queue
[2024-04-19T18:34:54.464+0000] {logging_mixin.py:188} INFO - [2024-04-19T18:34:54.463+0000] {dagbag.py:540} INFO - Filling up the DagBag from /home/airflow/.local/lib/python3.12/site-packages/airflow/example_dags/example_latest_only.py
[2024-04-19T18:34:54.471+0000] {processor.py:840} INFO - DAG(s) 'latest_only' retrieved from /home/airflow/.local/lib/python3.12/site-packages/airflow/example_dags/example_latest_only.py
[2024-04-19T18:34:54.505+0000] {logging_mixin.py:188} INFO - [2024-04-19T18:34:54.505+0000] {dag.py:3096} INFO - Sync 1 DAGs
[2024-04-19T18:34:54.545+0000] {logging_mixin.py:188} INFO - [2024-04-19T18:34:54.545+0000] {dag.py:3954} INFO - Setting next_dagrun for latest_only to 2024-04-19 12:00:00+00:00, run_after=2024-04-19 16:00:00+00:00
[2024-04-19T18:34:54.588+0000] {processor.py:183} INFO - Processing /home/airflow/.local/lib/python3.12/site-packages/airflow/example_dags/example_latest_only.py took 0.140 seconds
[2024-04-19T18:35:24.693+0000] {processor.py:161} INFO - Started process (PID=315) to work on /home/airflow/.local/lib/python3.12/site-packages/airflow/example_dags/example_latest_only.py
[2024-04-19T18:35:24.694+0000] {processor.py:830} INFO - Processing file /home/airflow/.local/lib/python3.12/site-packages/airflow/example_dags/example_latest_only.py for tasks to queue
[2024-04-19T18:35:24.696+0000] {logging_mixin.py:188} INFO - [2024-04-19T18:35:24.695+0000] {dagbag.py:540} INFO - Filling up the DagBag from /home/airflow/.local/lib/python3.12/site-packages/airflow/example_dags/example_latest_only.py
[2024-04-19T18:35:24.702+0000] {processor.py:840} INFO - DAG(s) 'latest_only' retrieved from /home/airflow/.local/lib/python3.12/site-packages/airflow/example_dags/example_latest_only.py
[2024-04-19T18:35:24.722+0000] {logging_mixin.py:188} INFO - [2024-04-19T18:35:24.722+0000] {dag.py:3096} INFO - Sync 1 DAGs
[2024-04-19T18:35:24.746+0000] {logging_mixin.py:188} INFO - [2024-04-19T18:35:24.746+0000] {dag.py:3954} INFO - Setting next_dagrun for latest_only to 2024-04-19 12:00:00+00:00, run_after=2024-04-19 16:00:00+00:00
[2024-04-19T18:35:24.768+0000] {processor.py:183} INFO - Processing /home/airflow/.local/lib/python3.12/site-packages/airflow/example_dags/example_latest_only.py took 0.081 seconds
[2024-04-19T18:35:55.124+0000] {processor.py:161} INFO - Started process (PID=374) to work on /home/airflow/.local/lib/python3.12/site-packages/airflow/example_dags/example_latest_only.py
[2024-04-19T18:35:55.125+0000] {processor.py:830} INFO - Processing file /home/airflow/.local/lib/python3.12/site-packages/airflow/example_dags/example_latest_only.py for tasks to queue
[2024-04-19T18:35:55.127+0000] {logging_mixin.py:188} INFO - [2024-04-19T18:35:55.127+0000] {dagbag.py:540} INFO - Filling up the DagBag from /home/airflow/.local/lib/python3.12/site-packages/airflow/example_dags/example_latest_only.py
[2024-04-19T18:35:55.136+0000] {processor.py:840} INFO - DAG(s) 'latest_only' retrieved from /home/airflow/.local/lib/python3.12/site-packages/airflow/example_dags/example_latest_only.py
[2024-04-19T18:35:55.159+0000] {logging_mixin.py:188} INFO - [2024-04-19T18:35:55.159+0000] {dag.py:3096} INFO - Sync 1 DAGs
[2024-04-19T18:35:55.184+0000] {logging_mixin.py:188} INFO - [2024-04-19T18:35:55.184+0000] {dag.py:3954} INFO - Setting next_dagrun for latest_only to 2024-04-19 12:00:00+00:00, run_after=2024-04-19 16:00:00+00:00
[2024-04-19T18:35:55.205+0000] {processor.py:183} INFO - Processing /home/airflow/.local/lib/python3.12/site-packages/airflow/example_dags/example_latest_only.py took 0.087 seconds
[2024-04-19T18:36:25.397+0000] {processor.py:161} INFO - Started process (PID=432) to work on /home/airflow/.local/lib/python3.12/site-packages/airflow/example_dags/example_latest_only.py
[2024-04-19T18:36:25.398+0000] {processor.py:830} INFO - Processing file /home/airflow/.local/lib/python3.12/site-packages/airflow/example_dags/example_latest_only.py for tasks to queue
[2024-04-19T18:36:25.403+0000] {logging_mixin.py:188} INFO - [2024-04-19T18:36:25.403+0000] {dagbag.py:540} INFO - Filling up the DagBag from /home/airflow/.local/lib/python3.12/site-packages/airflow/example_dags/example_latest_only.py
[2024-04-19T18:36:25.438+0000] {processor.py:840} INFO - DAG(s) 'latest_only' retrieved from /home/airflow/.local/lib/python3.12/site-packages/airflow/example_dags/example_latest_only.py
[2024-04-19T18:36:25.506+0000] {logging_mixin.py:188} INFO - [2024-04-19T18:36:25.506+0000] {dag.py:3096} INFO - Sync 1 DAGs
[2024-04-19T18:36:25.614+0000] {logging_mixin.py:188} INFO - [2024-04-19T18:36:25.613+0000] {dag.py:3954} INFO - Setting next_dagrun for latest_only to 2024-04-19 12:00:00+00:00, run_after=2024-04-19 16:00:00+00:00
[2024-04-19T18:36:25.703+0000] {processor.py:183} INFO - Processing /home/airflow/.local/lib/python3.12/site-packages/airflow/example_dags/example_latest_only.py took 0.321 seconds
[2024-04-19T18:36:55.782+0000] {processor.py:161} INFO - Started process (PID=490) to work on /home/airflow/.local/lib/python3.12/site-packages/airflow/example_dags/example_latest_only.py
[2024-04-19T18:36:55.783+0000] {processor.py:830} INFO - Processing file /home/airflow/.local/lib/python3.12/site-packages/airflow/example_dags/example_latest_only.py for tasks to queue
[2024-04-19T18:36:55.785+0000] {logging_mixin.py:188} INFO - [2024-04-19T18:36:55.784+0000] {dagbag.py:540} INFO - Filling up the DagBag from /home/airflow/.local/lib/python3.12/site-packages/airflow/example_dags/example_latest_only.py
[2024-04-19T18:36:55.789+0000] {processor.py:840} INFO - DAG(s) 'latest_only' retrieved from /home/airflow/.local/lib/python3.12/site-packages/airflow/example_dags/example_latest_only.py
[2024-04-19T18:36:55.879+0000] {logging_mixin.py:188} INFO - [2024-04-19T18:36:55.879+0000] {dag.py:3096} INFO - Sync 1 DAGs
[2024-04-19T18:36:56.040+0000] {logging_mixin.py:188} INFO - [2024-04-19T18:36:56.040+0000] {dag.py:3954} INFO - Setting next_dagrun for latest_only to 2024-04-19 12:00:00+00:00, run_after=2024-04-19 16:00:00+00:00
[2024-04-19T18:36:56.058+0000] {processor.py:183} INFO - Processing /home/airflow/.local/lib/python3.12/site-packages/airflow/example_dags/example_latest_only.py took 0.283 seconds
[2024-04-19T18:37:26.583+0000] {processor.py:161} INFO - Started process (PID=548) to work on /home/airflow/.local/lib/python3.12/site-packages/airflow/example_dags/example_latest_only.py
[2024-04-19T18:37:26.584+0000] {processor.py:830} INFO - Processing file /home/airflow/.local/lib/python3.12/site-packages/airflow/example_dags/example_latest_only.py for tasks to queue
[2024-04-19T18:37:26.587+0000] {logging_mixin.py:188} INFO - [2024-04-19T18:37:26.586+0000] {dagbag.py:540} INFO - Filling up the DagBag from /home/airflow/.local/lib/python3.12/site-packages/airflow/example_dags/example_latest_only.py
[2024-04-19T18:37:26.593+0000] {processor.py:840} INFO - DAG(s) 'latest_only' retrieved from /home/airflow/.local/lib/python3.12/site-packages/airflow/example_dags/example_latest_only.py
[2024-04-19T18:37:26.618+0000] {logging_mixin.py:188} INFO - [2024-04-19T18:37:26.618+0000] {dag.py:3096} INFO - Sync 1 DAGs
[2024-04-19T18:37:26.648+0000] {logging_mixin.py:188} INFO - [2024-04-19T18:37:26.648+0000] {dag.py:3954} INFO - Setting next_dagrun for latest_only to 2024-04-19 12:00:00+00:00, run_after=2024-04-19 16:00:00+00:00
[2024-04-19T18:37:26.678+0000] {processor.py:183} INFO - Processing /home/airflow/.local/lib/python3.12/site-packages/airflow/example_dags/example_latest_only.py took 0.102 seconds
[2024-04-19T18:37:57.115+0000] {processor.py:161} INFO - Started process (PID=608) to work on /home/airflow/.local/lib/python3.12/site-packages/airflow/example_dags/example_latest_only.py
[2024-04-19T18:37:57.116+0000] {processor.py:830} INFO - Processing file /home/airflow/.local/lib/python3.12/site-packages/airflow/example_dags/example_latest_only.py for tasks to queue
[2024-04-19T18:37:57.118+0000] {logging_mixin.py:188} INFO - [2024-04-19T18:37:57.118+0000] {dagbag.py:540} INFO - Filling up the DagBag from /home/airflow/.local/lib/python3.12/site-packages/airflow/example_dags/example_latest_only.py
[2024-04-19T18:37:57.123+0000] {processor.py:840} INFO - DAG(s) 'latest_only' retrieved from /home/airflow/.local/lib/python3.12/site-packages/airflow/example_dags/example_latest_only.py
[2024-04-19T18:37:57.145+0000] {logging_mixin.py:188} INFO - [2024-04-19T18:37:57.145+0000] {dag.py:3096} INFO - Sync 1 DAGs
[2024-04-19T18:37:57.175+0000] {logging_mixin.py:188} INFO - [2024-04-19T18:37:57.175+0000] {dag.py:3954} INFO - Setting next_dagrun for latest_only to 2024-04-19 12:00:00+00:00, run_after=2024-04-19 16:00:00+00:00
[2024-04-19T18:37:57.198+0000] {processor.py:183} INFO - Processing /home/airflow/.local/lib/python3.12/site-packages/airflow/example_dags/example_latest_only.py took 0.089 seconds
[2024-04-19T18:38:28.217+0000] {processor.py:161} INFO - Started process (PID=668) to work on /home/airflow/.local/lib/python3.12/site-packages/airflow/example_dags/example_latest_only.py
[2024-04-19T18:38:28.218+0000] {processor.py:830} INFO - Processing file /home/airflow/.local/lib/python3.12/site-packages/airflow/example_dags/example_latest_only.py for tasks to queue
[2024-04-19T18:38:28.220+0000] {logging_mixin.py:188} INFO - [2024-04-19T18:38:28.219+0000] {dagbag.py:540} INFO - Filling up the DagBag from /home/airflow/.local/lib/python3.12/site-packages/airflow/example_dags/example_latest_only.py
[2024-04-19T18:38:28.518+0000] {processor.py:840} INFO - DAG(s) 'latest_only' retrieved from /home/airflow/.local/lib/python3.12/site-packages/airflow/example_dags/example_latest_only.py
[2024-04-19T18:38:28.541+0000] {logging_mixin.py:188} INFO - [2024-04-19T18:38:28.540+0000] {dag.py:3096} INFO - Sync 1 DAGs
[2024-04-19T18:38:28.565+0000] {logging_mixin.py:188} INFO - [2024-04-19T18:38:28.565+0000] {dag.py:3954} INFO - Setting next_dagrun for latest_only to 2024-04-19 12:00:00+00:00, run_after=2024-04-19 16:00:00+00:00
[2024-04-19T18:38:28.736+0000] {processor.py:183} INFO - Processing /home/airflow/.local/lib/python3.12/site-packages/airflow/example_dags/example_latest_only.py took 0.527 seconds
[2024-04-19T18:38:58.826+0000] {processor.py:161} INFO - Started process (PID=728) to work on /home/airflow/.local/lib/python3.12/site-packages/airflow/example_dags/example_latest_only.py
[2024-04-19T18:38:58.827+0000] {processor.py:830} INFO - Processing file /home/airflow/.local/lib/python3.12/site-packages/airflow/example_dags/example_latest_only.py for tasks to queue
[2024-04-19T18:38:58.829+0000] {logging_mixin.py:188} INFO - [2024-04-19T18:38:58.829+0000] {dagbag.py:540} INFO - Filling up the DagBag from /home/airflow/.local/lib/python3.12/site-packages/airflow/example_dags/example_latest_only.py
[2024-04-19T18:38:58.835+0000] {processor.py:840} INFO - DAG(s) 'latest_only' retrieved from /home/airflow/.local/lib/python3.12/site-packages/airflow/example_dags/example_latest_only.py
[2024-04-19T18:38:58.855+0000] {logging_mixin.py:188} INFO - [2024-04-19T18:38:58.855+0000] {dag.py:3096} INFO - Sync 1 DAGs
[2024-04-19T18:38:58.877+0000] {logging_mixin.py:188} INFO - [2024-04-19T18:38:58.877+0000] {dag.py:3954} INFO - Setting next_dagrun for latest_only to 2024-04-19 12:00:00+00:00, run_after=2024-04-19 16:00:00+00:00
[2024-04-19T18:38:58.903+0000] {processor.py:183} INFO - Processing /home/airflow/.local/lib/python3.12/site-packages/airflow/example_dags/example_latest_only.py took 0.083 seconds
[2024-04-19T18:39:29.328+0000] {processor.py:161} INFO - Started process (PID=787) to work on /home/airflow/.local/lib/python3.12/site-packages/airflow/example_dags/example_latest_only.py
[2024-04-19T18:39:29.329+0000] {processor.py:830} INFO - Processing file /home/airflow/.local/lib/python3.12/site-packages/airflow/example_dags/example_latest_only.py for tasks to queue
[2024-04-19T18:39:29.331+0000] {logging_mixin.py:188} INFO - [2024-04-19T18:39:29.331+0000] {dagbag.py:540} INFO - Filling up the DagBag from /home/airflow/.local/lib/python3.12/site-packages/airflow/example_dags/example_latest_only.py
[2024-04-19T18:39:29.336+0000] {processor.py:840} INFO - DAG(s) 'latest_only' retrieved from /home/airflow/.local/lib/python3.12/site-packages/airflow/example_dags/example_latest_only.py
[2024-04-19T18:39:29.367+0000] {logging_mixin.py:188} INFO - [2024-04-19T18:39:29.367+0000] {dag.py:3096} INFO - Sync 1 DAGs
[2024-04-19T18:39:29.392+0000] {logging_mixin.py:188} INFO - [2024-04-19T18:39:29.391+0000] {dag.py:3954} INFO - Setting next_dagrun for latest_only to 2024-04-19 12:00:00+00:00, run_after=2024-04-19 16:00:00+00:00
[2024-04-19T18:39:29.453+0000] {processor.py:183} INFO - Processing /home/airflow/.local/lib/python3.12/site-packages/airflow/example_dags/example_latest_only.py took 0.131 seconds
[2024-04-19T18:39:59.794+0000] {processor.py:161} INFO - Started process (PID=846) to work on /home/airflow/.local/lib/python3.12/site-packages/airflow/example_dags/example_latest_only.py
[2024-04-19T18:39:59.796+0000] {processor.py:830} INFO - Processing file /home/airflow/.local/lib/python3.12/site-packages/airflow/example_dags/example_latest_only.py for tasks to queue
[2024-04-19T18:39:59.798+0000] {logging_mixin.py:188} INFO - [2024-04-19T18:39:59.797+0000] {dagbag.py:540} INFO - Filling up the DagBag from /home/airflow/.local/lib/python3.12/site-packages/airflow/example_dags/example_latest_only.py
[2024-04-19T18:39:59.803+0000] {processor.py:840} INFO - DAG(s) 'latest_only' retrieved from /home/airflow/.local/lib/python3.12/site-packages/airflow/example_dags/example_latest_only.py
[2024-04-19T18:39:59.823+0000] {logging_mixin.py:188} INFO - [2024-04-19T18:39:59.822+0000] {dag.py:3096} INFO - Sync 1 DAGs
[2024-04-19T18:39:59.844+0000] {logging_mixin.py:188} INFO - [2024-04-19T18:39:59.844+0000] {dag.py:3954} INFO - Setting next_dagrun for latest_only to 2024-04-19 12:00:00+00:00, run_after=2024-04-19 16:00:00+00:00
[2024-04-19T18:39:59.865+0000] {processor.py:183} INFO - Processing /home/airflow/.local/lib/python3.12/site-packages/airflow/example_dags/example_latest_only.py took 0.076 seconds
[2024-04-19T18:40:30.218+0000] {processor.py:161} INFO - Started process (PID=905) to work on /home/airflow/.local/lib/python3.12/site-packages/airflow/example_dags/example_latest_only.py
[2024-04-19T18:40:30.219+0000] {processor.py:830} INFO - Processing file /home/airflow/.local/lib/python3.12/site-packages/airflow/example_dags/example_latest_only.py for tasks to queue
[2024-04-19T18:40:30.221+0000] {logging_mixin.py:188} INFO - [2024-04-19T18:40:30.221+0000] {dagbag.py:540} INFO - Filling up the DagBag from /home/airflow/.local/lib/python3.12/site-packages/airflow/example_dags/example_latest_only.py
[2024-04-19T18:40:30.227+0000] {processor.py:840} INFO - DAG(s) 'latest_only' retrieved from /home/airflow/.local/lib/python3.12/site-packages/airflow/example_dags/example_latest_only.py
[2024-04-19T18:40:30.250+0000] {logging_mixin.py:188} INFO - [2024-04-19T18:40:30.250+0000] {dag.py:3096} INFO - Sync 1 DAGs
[2024-04-19T18:40:30.276+0000] {logging_mixin.py:188} INFO - [2024-04-19T18:40:30.276+0000] {dag.py:3954} INFO - Setting next_dagrun for latest_only to 2024-04-19 12:00:00+00:00, run_after=2024-04-19 16:00:00+00:00
[2024-04-19T18:40:30.297+0000] {processor.py:183} INFO - Processing /home/airflow/.local/lib/python3.12/site-packages/airflow/example_dags/example_latest_only.py took 0.090 seconds
[2024-04-19T18:41:00.599+0000] {processor.py:161} INFO - Started process (PID=966) to work on /home/airflow/.local/lib/python3.12/site-packages/airflow/example_dags/example_latest_only.py
[2024-04-19T18:41:00.601+0000] {processor.py:830} INFO - Processing file /home/airflow/.local/lib/python3.12/site-packages/airflow/example_dags/example_latest_only.py for tasks to queue
[2024-04-19T18:41:00.604+0000] {logging_mixin.py:188} INFO - [2024-04-19T18:41:00.603+0000] {dagbag.py:540} INFO - Filling up the DagBag from /home/airflow/.local/lib/python3.12/site-packages/airflow/example_dags/example_latest_only.py
[2024-04-19T18:41:00.612+0000] {processor.py:840} INFO - DAG(s) 'latest_only' retrieved from /home/airflow/.local/lib/python3.12/site-packages/airflow/example_dags/example_latest_only.py
[2024-04-19T18:41:00.869+0000] {logging_mixin.py:188} INFO - [2024-04-19T18:41:00.869+0000] {dag.py:3096} INFO - Sync 1 DAGs
[2024-04-19T18:41:00.917+0000] {logging_mixin.py:188} INFO - [2024-04-19T18:41:00.917+0000] {dag.py:3954} INFO - Setting next_dagrun for latest_only to 2024-04-19 12:00:00+00:00, run_after=2024-04-19 16:00:00+00:00
[2024-04-19T18:41:00.962+0000] {processor.py:183} INFO - Processing /home/airflow/.local/lib/python3.12/site-packages/airflow/example_dags/example_latest_only.py took 0.372 seconds
[2024-04-19T18:41:31.821+0000] {processor.py:161} INFO - Started process (PID=1026) to work on /home/airflow/.local/lib/python3.12/site-packages/airflow/example_dags/example_latest_only.py
[2024-04-19T18:41:31.823+0000] {processor.py:830} INFO - Processing file /home/airflow/.local/lib/python3.12/site-packages/airflow/example_dags/example_latest_only.py for tasks to queue
[2024-04-19T18:41:31.827+0000] {logging_mixin.py:188} INFO - [2024-04-19T18:41:31.826+0000] {dagbag.py:540} INFO - Filling up the DagBag from /home/airflow/.local/lib/python3.12/site-packages/airflow/example_dags/example_latest_only.py
[2024-04-19T18:41:31.834+0000] {processor.py:840} INFO - DAG(s) 'latest_only' retrieved from /home/airflow/.local/lib/python3.12/site-packages/airflow/example_dags/example_latest_only.py
[2024-04-19T18:41:31.865+0000] {logging_mixin.py:188} INFO - [2024-04-19T18:41:31.865+0000] {dag.py:3096} INFO - Sync 1 DAGs
[2024-04-19T18:41:31.897+0000] {logging_mixin.py:188} INFO - [2024-04-19T18:41:31.896+0000] {dag.py:3954} INFO - Setting next_dagrun for latest_only to 2024-04-19 12:00:00+00:00, run_after=2024-04-19 16:00:00+00:00
[2024-04-19T18:41:31.919+0000] {processor.py:183} INFO - Processing /home/airflow/.local/lib/python3.12/site-packages/airflow/example_dags/example_latest_only.py took 0.108 seconds
[2024-04-19T18:42:02.036+0000] {processor.py:161} INFO - Started process (PID=1086) to work on /home/airflow/.local/lib/python3.12/site-packages/airflow/example_dags/example_latest_only.py
[2024-04-19T18:42:02.037+0000] {processor.py:830} INFO - Processing file /home/airflow/.local/lib/python3.12/site-packages/airflow/example_dags/example_latest_only.py for tasks to queue
[2024-04-19T18:42:02.039+0000] {logging_mixin.py:188} INFO - [2024-04-19T18:42:02.038+0000] {dagbag.py:540} INFO - Filling up the DagBag from /home/airflow/.local/lib/python3.12/site-packages/airflow/example_dags/example_latest_only.py
[2024-04-19T18:42:02.045+0000] {processor.py:840} INFO - DAG(s) 'latest_only' retrieved from /home/airflow/.local/lib/python3.12/site-packages/airflow/example_dags/example_latest_only.py
[2024-04-19T18:42:02.068+0000] {logging_mixin.py:188} INFO - [2024-04-19T18:42:02.068+0000] {dag.py:3096} INFO - Sync 1 DAGs
[2024-04-19T18:42:02.106+0000] {logging_mixin.py:188} INFO - [2024-04-19T18:42:02.106+0000] {dag.py:3954} INFO - Setting next_dagrun for latest_only to 2024-04-19 12:00:00+00:00, run_after=2024-04-19 16:00:00+00:00
[2024-04-19T18:42:02.128+0000] {processor.py:183} INFO - Processing /home/airflow/.local/lib/python3.12/site-packages/airflow/example_dags/example_latest_only.py took 0.099 seconds
[2024-04-19T18:42:33.690+0000] {processor.py:161} INFO - Started process (PID=1143) to work on /home/airflow/.local/lib/python3.12/site-packages/airflow/example_dags/example_latest_only.py
[2024-04-19T18:42:33.691+0000] {processor.py:830} INFO - Processing file /home/airflow/.local/lib/python3.12/site-packages/airflow/example_dags/example_latest_only.py for tasks to queue
[2024-04-19T18:42:33.696+0000] {logging_mixin.py:188} INFO - [2024-04-19T18:42:33.696+0000] {dagbag.py:540} INFO - Filling up the DagBag from /home/airflow/.local/lib/python3.12/site-packages/airflow/example_dags/example_latest_only.py
[2024-04-19T18:42:33.702+0000] {processor.py:840} INFO - DAG(s) 'latest_only' retrieved from /home/airflow/.local/lib/python3.12/site-packages/airflow/example_dags/example_latest_only.py
[2024-04-19T18:42:33.729+0000] {logging_mixin.py:188} INFO - [2024-04-19T18:42:33.729+0000] {dag.py:3096} INFO - Sync 1 DAGs
[2024-04-19T18:42:33.765+0000] {logging_mixin.py:188} INFO - [2024-04-19T18:42:33.765+0000] {dag.py:3954} INFO - Setting next_dagrun for latest_only to 2024-04-19 12:00:00+00:00, run_after=2024-04-19 16:00:00+00:00
[2024-04-19T18:42:33.799+0000] {processor.py:183} INFO - Processing /home/airflow/.local/lib/python3.12/site-packages/airflow/example_dags/example_latest_only.py took 0.115 seconds
[2024-04-19T18:43:04.215+0000] {processor.py:161} INFO - Started process (PID=1203) to work on /home/airflow/.local/lib/python3.12/site-packages/airflow/example_dags/example_latest_only.py
[2024-04-19T18:43:04.217+0000] {processor.py:830} INFO - Processing file /home/airflow/.local/lib/python3.12/site-packages/airflow/example_dags/example_latest_only.py for tasks to queue
[2024-04-19T18:43:04.226+0000] {logging_mixin.py:188} INFO - [2024-04-19T18:43:04.226+0000] {dagbag.py:540} INFO - Filling up the DagBag from /home/airflow/.local/lib/python3.12/site-packages/airflow/example_dags/example_latest_only.py
[2024-04-19T18:43:04.233+0000] {processor.py:840} INFO - DAG(s) 'latest_only' retrieved from /home/airflow/.local/lib/python3.12/site-packages/airflow/example_dags/example_latest_only.py
[2024-04-19T18:43:04.284+0000] {logging_mixin.py:188} INFO - [2024-04-19T18:43:04.283+0000] {dag.py:3096} INFO - Sync 1 DAGs
[2024-04-19T18:43:04.353+0000] {logging_mixin.py:188} INFO - [2024-04-19T18:43:04.352+0000] {dag.py:3954} INFO - Setting next_dagrun for latest_only to 2024-04-19 12:00:00+00:00, run_after=2024-04-19 16:00:00+00:00
[2024-04-19T18:43:04.379+0000] {processor.py:183} INFO - Processing /home/airflow/.local/lib/python3.12/site-packages/airflow/example_dags/example_latest_only.py took 0.173 seconds
[2024-04-19T18:43:35.310+0000] {processor.py:161} INFO - Started process (PID=1263) to work on /home/airflow/.local/lib/python3.12/site-packages/airflow/example_dags/example_latest_only.py
[2024-04-19T18:43:35.312+0000] {processor.py:830} INFO - Processing file /home/airflow/.local/lib/python3.12/site-packages/airflow/example_dags/example_latest_only.py for tasks to queue
[2024-04-19T18:43:35.314+0000] {logging_mixin.py:188} INFO - [2024-04-19T18:43:35.314+0000] {dagbag.py:540} INFO - Filling up the DagBag from /home/airflow/.local/lib/python3.12/site-packages/airflow/example_dags/example_latest_only.py
[2024-04-19T18:43:35.323+0000] {processor.py:840} INFO - DAG(s) 'latest_only' retrieved from /home/airflow/.local/lib/python3.12/site-packages/airflow/example_dags/example_latest_only.py
[2024-04-19T18:43:35.352+0000] {logging_mixin.py:188} INFO - [2024-04-19T18:43:35.352+0000] {dag.py:3096} INFO - Sync 1 DAGs
[2024-04-19T18:43:35.383+0000] {logging_mixin.py:188} INFO - [2024-04-19T18:43:35.383+0000] {dag.py:3954} INFO - Setting next_dagrun for latest_only to 2024-04-19 12:00:00+00:00, run_after=2024-04-19 16:00:00+00:00
[2024-04-19T18:43:35.498+0000] {processor.py:183} INFO - Processing /home/airflow/.local/lib/python3.12/site-packages/airflow/example_dags/example_latest_only.py took 0.197 seconds
[2024-04-19T18:44:15.532+0000] {processor.py:161} INFO - Started process (PID=1323) to work on /home/airflow/.local/lib/python3.12/site-packages/airflow/example_dags/example_latest_only.py
[2024-04-19T18:44:15.546+0000] {processor.py:830} INFO - Processing file /home/airflow/.local/lib/python3.12/site-packages/airflow/example_dags/example_latest_only.py for tasks to queue
[2024-04-19T18:44:15.548+0000] {logging_mixin.py:188} INFO - [2024-04-19T18:44:15.548+0000] {dagbag.py:540} INFO - Filling up the DagBag from /home/airflow/.local/lib/python3.12/site-packages/airflow/example_dags/example_latest_only.py
[2024-04-19T18:44:15.577+0000] {processor.py:840} INFO - DAG(s) 'latest_only' retrieved from /home/airflow/.local/lib/python3.12/site-packages/airflow/example_dags/example_latest_only.py
[2024-04-19T18:44:15.675+0000] {logging_mixin.py:188} INFO - [2024-04-19T18:44:15.674+0000] {dag.py:3096} INFO - Sync 1 DAGs
[2024-04-19T18:44:15.757+0000] {logging_mixin.py:188} INFO - [2024-04-19T18:44:15.757+0000] {dag.py:3954} INFO - Setting next_dagrun for latest_only to 2024-04-19 12:00:00+00:00, run_after=2024-04-19 16:00:00+00:00
[2024-04-19T18:44:15.818+0000] {processor.py:183} INFO - Processing /home/airflow/.local/lib/python3.12/site-packages/airflow/example_dags/example_latest_only.py took 0.298 seconds
[2024-04-19T18:44:46.628+0000] {processor.py:161} INFO - Started process (PID=1382) to work on /home/airflow/.local/lib/python3.12/site-packages/airflow/example_dags/example_latest_only.py
[2024-04-19T18:44:46.629+0000] {processor.py:830} INFO - Processing file /home/airflow/.local/lib/python3.12/site-packages/airflow/example_dags/example_latest_only.py for tasks to queue
[2024-04-19T18:44:46.631+0000] {logging_mixin.py:188} INFO - [2024-04-19T18:44:46.631+0000] {dagbag.py:540} INFO - Filling up the DagBag from /home/airflow/.local/lib/python3.12/site-packages/airflow/example_dags/example_latest_only.py
[2024-04-19T18:44:46.636+0000] {processor.py:840} INFO - DAG(s) 'latest_only' retrieved from /home/airflow/.local/lib/python3.12/site-packages/airflow/example_dags/example_latest_only.py
[2024-04-19T18:44:46.657+0000] {logging_mixin.py:188} INFO - [2024-04-19T18:44:46.657+0000] {dag.py:3096} INFO - Sync 1 DAGs
[2024-04-19T18:44:46.683+0000] {logging_mixin.py:188} INFO - [2024-04-19T18:44:46.682+0000] {dag.py:3954} INFO - Setting next_dagrun for latest_only to 2024-04-19 12:00:00+00:00, run_after=2024-04-19 16:00:00+00:00
[2024-04-19T18:44:46.704+0000] {processor.py:183} INFO - Processing /home/airflow/.local/lib/python3.12/site-packages/airflow/example_dags/example_latest_only.py took 0.081 seconds
[2024-04-19T18:45:17.198+0000] {processor.py:161} INFO - Started process (PID=1443) to work on /home/airflow/.local/lib/python3.12/site-packages/airflow/example_dags/example_latest_only.py
[2024-04-19T18:45:17.199+0000] {processor.py:830} INFO - Processing file /home/airflow/.local/lib/python3.12/site-packages/airflow/example_dags/example_latest_only.py for tasks to queue
[2024-04-19T18:45:17.202+0000] {logging_mixin.py:188} INFO - [2024-04-19T18:45:17.201+0000] {dagbag.py:540} INFO - Filling up the DagBag from /home/airflow/.local/lib/python3.12/site-packages/airflow/example_dags/example_latest_only.py
[2024-04-19T18:45:17.208+0000] {processor.py:840} INFO - DAG(s) 'latest_only' retrieved from /home/airflow/.local/lib/python3.12/site-packages/airflow/example_dags/example_latest_only.py
[2024-04-19T18:45:17.244+0000] {logging_mixin.py:188} INFO - [2024-04-19T18:45:17.244+0000] {dag.py:3096} INFO - Sync 1 DAGs
[2024-04-19T18:45:17.276+0000] {logging_mixin.py:188} INFO - [2024-04-19T18:45:17.276+0000] {dag.py:3954} INFO - Setting next_dagrun for latest_only to 2024-04-19 12:00:00+00:00, run_after=2024-04-19 16:00:00+00:00
[2024-04-19T18:45:17.298+0000] {processor.py:183} INFO - Processing /home/airflow/.local/lib/python3.12/site-packages/airflow/example_dags/example_latest_only.py took 0.106 seconds
[2024-04-19T18:45:47.995+0000] {processor.py:161} INFO - Started process (PID=1509) to work on /home/airflow/.local/lib/python3.12/site-packages/airflow/example_dags/example_latest_only.py
[2024-04-19T18:45:47.996+0000] {processor.py:830} INFO - Processing file /home/airflow/.local/lib/python3.12/site-packages/airflow/example_dags/example_latest_only.py for tasks to queue
[2024-04-19T18:45:47.998+0000] {logging_mixin.py:188} INFO - [2024-04-19T18:45:47.998+0000] {dagbag.py:540} INFO - Filling up the DagBag from /home/airflow/.local/lib/python3.12/site-packages/airflow/example_dags/example_latest_only.py
[2024-04-19T18:45:48.005+0000] {processor.py:840} INFO - DAG(s) 'latest_only' retrieved from /home/airflow/.local/lib/python3.12/site-packages/airflow/example_dags/example_latest_only.py
[2024-04-19T18:45:48.034+0000] {logging_mixin.py:188} INFO - [2024-04-19T18:45:48.034+0000] {dag.py:3096} INFO - Sync 1 DAGs
[2024-04-19T18:45:48.074+0000] {logging_mixin.py:188} INFO - [2024-04-19T18:45:48.073+0000] {dag.py:3954} INFO - Setting next_dagrun for latest_only to 2024-04-19 12:00:00+00:00, run_after=2024-04-19 16:00:00+00:00
[2024-04-19T18:45:48.099+0000] {processor.py:183} INFO - Processing /home/airflow/.local/lib/python3.12/site-packages/airflow/example_dags/example_latest_only.py took 0.116 seconds
[2024-04-19T18:46:18.238+0000] {processor.py:161} INFO - Started process (PID=1570) to work on /home/airflow/.local/lib/python3.12/site-packages/airflow/example_dags/example_latest_only.py
[2024-04-19T18:46:18.239+0000] {processor.py:830} INFO - Processing file /home/airflow/.local/lib/python3.12/site-packages/airflow/example_dags/example_latest_only.py for tasks to queue
[2024-04-19T18:46:18.241+0000] {logging_mixin.py:188} INFO - [2024-04-19T18:46:18.241+0000] {dagbag.py:540} INFO - Filling up the DagBag from /home/airflow/.local/lib/python3.12/site-packages/airflow/example_dags/example_latest_only.py
[2024-04-19T18:46:18.247+0000] {processor.py:840} INFO - DAG(s) 'latest_only' retrieved from /home/airflow/.local/lib/python3.12/site-packages/airflow/example_dags/example_latest_only.py
[2024-04-19T18:46:18.267+0000] {logging_mixin.py:188} INFO - [2024-04-19T18:46:18.267+0000] {dag.py:3096} INFO - Sync 1 DAGs
[2024-04-19T18:46:18.304+0000] {logging_mixin.py:188} INFO - [2024-04-19T18:46:18.304+0000] {dag.py:3954} INFO - Setting next_dagrun for latest_only to 2024-04-19 12:00:00+00:00, run_after=2024-04-19 16:00:00+00:00
[2024-04-19T18:46:18.326+0000] {processor.py:183} INFO - Processing /home/airflow/.local/lib/python3.12/site-packages/airflow/example_dags/example_latest_only.py took 0.094 seconds
[2024-04-19T18:46:49.172+0000] {processor.py:161} INFO - Started process (PID=1630) to work on /home/airflow/.local/lib/python3.12/site-packages/airflow/example_dags/example_latest_only.py
[2024-04-19T18:46:49.174+0000] {processor.py:830} INFO - Processing file /home/airflow/.local/lib/python3.12/site-packages/airflow/example_dags/example_latest_only.py for tasks to queue
[2024-04-19T18:46:49.183+0000] {logging_mixin.py:188} INFO - [2024-04-19T18:46:49.181+0000] {dagbag.py:540} INFO - Filling up the DagBag from /home/airflow/.local/lib/python3.12/site-packages/airflow/example_dags/example_latest_only.py
[2024-04-19T18:46:49.191+0000] {processor.py:840} INFO - DAG(s) 'latest_only' retrieved from /home/airflow/.local/lib/python3.12/site-packages/airflow/example_dags/example_latest_only.py
[2024-04-19T18:46:49.245+0000] {logging_mixin.py:188} INFO - [2024-04-19T18:46:49.245+0000] {dag.py:3096} INFO - Sync 1 DAGs
[2024-04-19T18:46:49.284+0000] {logging_mixin.py:188} INFO - [2024-04-19T18:46:49.284+0000] {dag.py:3954} INFO - Setting next_dagrun for latest_only to 2024-04-19 12:00:00+00:00, run_after=2024-04-19 16:00:00+00:00
[2024-04-19T18:46:49.313+0000] {processor.py:183} INFO - Processing /home/airflow/.local/lib/python3.12/site-packages/airflow/example_dags/example_latest_only.py took 0.149 seconds
[2024-04-19T18:47:19.426+0000] {processor.py:161} INFO - Started process (PID=1690) to work on /home/airflow/.local/lib/python3.12/site-packages/airflow/example_dags/example_latest_only.py
[2024-04-19T18:47:19.428+0000] {processor.py:830} INFO - Processing file /home/airflow/.local/lib/python3.12/site-packages/airflow/example_dags/example_latest_only.py for tasks to queue
[2024-04-19T18:47:19.430+0000] {logging_mixin.py:188} INFO - [2024-04-19T18:47:19.430+0000] {dagbag.py:540} INFO - Filling up the DagBag from /home/airflow/.local/lib/python3.12/site-packages/airflow/example_dags/example_latest_only.py
[2024-04-19T18:47:19.436+0000] {processor.py:840} INFO - DAG(s) 'latest_only' retrieved from /home/airflow/.local/lib/python3.12/site-packages/airflow/example_dags/example_latest_only.py
[2024-04-19T18:47:19.460+0000] {logging_mixin.py:188} INFO - [2024-04-19T18:47:19.459+0000] {dag.py:3096} INFO - Sync 1 DAGs
[2024-04-19T18:47:19.490+0000] {logging_mixin.py:188} INFO - [2024-04-19T18:47:19.489+0000] {dag.py:3954} INFO - Setting next_dagrun for latest_only to 2024-04-19 12:00:00+00:00, run_after=2024-04-19 16:00:00+00:00
[2024-04-19T18:47:19.519+0000] {processor.py:183} INFO - Processing /home/airflow/.local/lib/python3.12/site-packages/airflow/example_dags/example_latest_only.py took 0.101 seconds
[2024-04-19T18:47:50.768+0000] {processor.py:161} INFO - Started process (PID=1754) to work on /home/airflow/.local/lib/python3.12/site-packages/airflow/example_dags/example_latest_only.py
[2024-04-19T18:47:50.775+0000] {processor.py:830} INFO - Processing file /home/airflow/.local/lib/python3.12/site-packages/airflow/example_dags/example_latest_only.py for tasks to queue
[2024-04-19T18:47:50.781+0000] {logging_mixin.py:188} INFO - [2024-04-19T18:47:50.781+0000] {dagbag.py:540} INFO - Filling up the DagBag from /home/airflow/.local/lib/python3.12/site-packages/airflow/example_dags/example_latest_only.py
[2024-04-19T18:47:50.793+0000] {processor.py:840} INFO - DAG(s) 'latest_only' retrieved from /home/airflow/.local/lib/python3.12/site-packages/airflow/example_dags/example_latest_only.py
[2024-04-19T18:47:50.864+0000] {logging_mixin.py:188} INFO - [2024-04-19T18:47:50.864+0000] {dag.py:3096} INFO - Sync 1 DAGs
[2024-04-19T18:47:50.899+0000] {logging_mixin.py:188} INFO - [2024-04-19T18:47:50.898+0000] {dag.py:3954} INFO - Setting next_dagrun for latest_only to 2024-04-19 12:00:00+00:00, run_after=2024-04-19 16:00:00+00:00
[2024-04-19T18:47:50.932+0000] {processor.py:183} INFO - Processing /home/airflow/.local/lib/python3.12/site-packages/airflow/example_dags/example_latest_only.py took 0.175 seconds
[2024-04-19T18:48:21.347+0000] {processor.py:161} INFO - Started process (PID=1814) to work on /home/airflow/.local/lib/python3.12/site-packages/airflow/example_dags/example_latest_only.py
[2024-04-19T18:48:21.348+0000] {processor.py:830} INFO - Processing file /home/airflow/.local/lib/python3.12/site-packages/airflow/example_dags/example_latest_only.py for tasks to queue
[2024-04-19T18:48:21.350+0000] {logging_mixin.py:188} INFO - [2024-04-19T18:48:21.349+0000] {dagbag.py:540} INFO - Filling up the DagBag from /home/airflow/.local/lib/python3.12/site-packages/airflow/example_dags/example_latest_only.py
[2024-04-19T18:48:21.355+0000] {processor.py:840} INFO - DAG(s) 'latest_only' retrieved from /home/airflow/.local/lib/python3.12/site-packages/airflow/example_dags/example_latest_only.py
[2024-04-19T18:48:21.375+0000] {logging_mixin.py:188} INFO - [2024-04-19T18:48:21.375+0000] {dag.py:3096} INFO - Sync 1 DAGs
[2024-04-19T18:48:21.397+0000] {logging_mixin.py:188} INFO - [2024-04-19T18:48:21.397+0000] {dag.py:3954} INFO - Setting next_dagrun for latest_only to 2024-04-19 12:00:00+00:00, run_after=2024-04-19 16:00:00+00:00
[2024-04-19T18:48:21.416+0000] {processor.py:183} INFO - Processing /home/airflow/.local/lib/python3.12/site-packages/airflow/example_dags/example_latest_only.py took 0.078 seconds
[2024-04-19T18:48:53.155+0000] {processor.py:161} INFO - Started process (PID=1874) to work on /home/airflow/.local/lib/python3.12/site-packages/airflow/example_dags/example_latest_only.py
[2024-04-19T18:48:53.156+0000] {processor.py:830} INFO - Processing file /home/airflow/.local/lib/python3.12/site-packages/airflow/example_dags/example_latest_only.py for tasks to queue
[2024-04-19T18:48:53.157+0000] {logging_mixin.py:188} INFO - [2024-04-19T18:48:53.157+0000] {dagbag.py:540} INFO - Filling up the DagBag from /home/airflow/.local/lib/python3.12/site-packages/airflow/example_dags/example_latest_only.py
[2024-04-19T18:48:53.171+0000] {processor.py:840} INFO - DAG(s) 'latest_only' retrieved from /home/airflow/.local/lib/python3.12/site-packages/airflow/example_dags/example_latest_only.py
[2024-04-19T18:48:53.215+0000] {logging_mixin.py:188} INFO - [2024-04-19T18:48:53.215+0000] {dag.py:3096} INFO - Sync 1 DAGs
[2024-04-19T18:48:53.251+0000] {logging_mixin.py:188} INFO - [2024-04-19T18:48:53.251+0000] {dag.py:3954} INFO - Setting next_dagrun for latest_only to 2024-04-19 12:00:00+00:00, run_after=2024-04-19 16:00:00+00:00
[2024-04-19T18:48:53.280+0000] {processor.py:183} INFO - Processing /home/airflow/.local/lib/python3.12/site-packages/airflow/example_dags/example_latest_only.py took 0.138 seconds
[2024-04-19T18:56:23.038+0000] {processor.py:161} INFO - Started process (PID=87) to work on /home/airflow/.local/lib/python3.12/site-packages/airflow/example_dags/example_latest_only.py
[2024-04-19T18:56:23.043+0000] {processor.py:830} INFO - Processing file /home/airflow/.local/lib/python3.12/site-packages/airflow/example_dags/example_latest_only.py for tasks to queue
[2024-04-19T18:56:23.051+0000] {logging_mixin.py:188} INFO - [2024-04-19T18:56:23.048+0000] {dagbag.py:540} INFO - Filling up the DagBag from /home/airflow/.local/lib/python3.12/site-packages/airflow/example_dags/example_latest_only.py
[2024-04-19T18:56:23.067+0000] {processor.py:840} INFO - DAG(s) 'latest_only' retrieved from /home/airflow/.local/lib/python3.12/site-packages/airflow/example_dags/example_latest_only.py
[2024-04-19T18:56:23.153+0000] {logging_mixin.py:188} INFO - [2024-04-19T18:56:23.153+0000] {dag.py:3096} INFO - Sync 1 DAGs
[2024-04-19T18:56:23.278+0000] {logging_mixin.py:188} INFO - [2024-04-19T18:56:23.278+0000] {dag.py:3954} INFO - Setting next_dagrun for latest_only to 2024-04-19 12:00:00+00:00, run_after=2024-04-19 16:00:00+00:00
[2024-04-19T18:56:23.439+0000] {processor.py:183} INFO - Processing /home/airflow/.local/lib/python3.12/site-packages/airflow/example_dags/example_latest_only.py took 0.464 seconds
[2024-04-19T18:56:54.672+0000] {processor.py:161} INFO - Started process (PID=146) to work on /home/airflow/.local/lib/python3.12/site-packages/airflow/example_dags/example_latest_only.py
[2024-04-19T18:56:54.674+0000] {processor.py:830} INFO - Processing file /home/airflow/.local/lib/python3.12/site-packages/airflow/example_dags/example_latest_only.py for tasks to queue
[2024-04-19T18:56:54.675+0000] {logging_mixin.py:188} INFO - [2024-04-19T18:56:54.674+0000] {dagbag.py:540} INFO - Filling up the DagBag from /home/airflow/.local/lib/python3.12/site-packages/airflow/example_dags/example_latest_only.py
[2024-04-19T18:56:54.685+0000] {processor.py:840} INFO - DAG(s) 'latest_only' retrieved from /home/airflow/.local/lib/python3.12/site-packages/airflow/example_dags/example_latest_only.py
[2024-04-19T18:56:54.715+0000] {logging_mixin.py:188} INFO - [2024-04-19T18:56:54.715+0000] {dag.py:3096} INFO - Sync 1 DAGs
[2024-04-19T18:56:54.845+0000] {logging_mixin.py:188} INFO - [2024-04-19T18:56:54.844+0000] {dag.py:3954} INFO - Setting next_dagrun for latest_only to 2024-04-19 12:00:00+00:00, run_after=2024-04-19 16:00:00+00:00
[2024-04-19T18:56:54.916+0000] {processor.py:183} INFO - Processing /home/airflow/.local/lib/python3.12/site-packages/airflow/example_dags/example_latest_only.py took 0.256 seconds
[2024-04-19T18:57:25.764+0000] {processor.py:161} INFO - Started process (PID=211) to work on /home/airflow/.local/lib/python3.12/site-packages/airflow/example_dags/example_latest_only.py
[2024-04-19T18:57:25.766+0000] {processor.py:830} INFO - Processing file /home/airflow/.local/lib/python3.12/site-packages/airflow/example_dags/example_latest_only.py for tasks to queue
[2024-04-19T18:57:25.767+0000] {logging_mixin.py:188} INFO - [2024-04-19T18:57:25.767+0000] {dagbag.py:540} INFO - Filling up the DagBag from /home/airflow/.local/lib/python3.12/site-packages/airflow/example_dags/example_latest_only.py
[2024-04-19T18:57:25.776+0000] {processor.py:840} INFO - DAG(s) 'latest_only' retrieved from /home/airflow/.local/lib/python3.12/site-packages/airflow/example_dags/example_latest_only.py
[2024-04-19T18:57:26.149+0000] {logging_mixin.py:188} INFO - [2024-04-19T18:57:26.148+0000] {dag.py:3096} INFO - Sync 1 DAGs
[2024-04-19T18:57:26.231+0000] {logging_mixin.py:188} INFO - [2024-04-19T18:57:26.230+0000] {dag.py:3954} INFO - Setting next_dagrun for latest_only to 2024-04-19 12:00:00+00:00, run_after=2024-04-19 16:00:00+00:00
[2024-04-19T18:57:26.316+0000] {processor.py:183} INFO - Processing /home/airflow/.local/lib/python3.12/site-packages/airflow/example_dags/example_latest_only.py took 0.569 seconds
[2024-04-19T18:57:56.573+0000] {processor.py:161} INFO - Started process (PID=270) to work on /home/airflow/.local/lib/python3.12/site-packages/airflow/example_dags/example_latest_only.py
[2024-04-19T18:57:56.577+0000] {processor.py:830} INFO - Processing file /home/airflow/.local/lib/python3.12/site-packages/airflow/example_dags/example_latest_only.py for tasks to queue
[2024-04-19T18:57:56.581+0000] {logging_mixin.py:188} INFO - [2024-04-19T18:57:56.580+0000] {dagbag.py:540} INFO - Filling up the DagBag from /home/airflow/.local/lib/python3.12/site-packages/airflow/example_dags/example_latest_only.py
[2024-04-19T18:57:56.593+0000] {processor.py:840} INFO - DAG(s) 'latest_only' retrieved from /home/airflow/.local/lib/python3.12/site-packages/airflow/example_dags/example_latest_only.py
[2024-04-19T18:57:56.658+0000] {logging_mixin.py:188} INFO - [2024-04-19T18:57:56.657+0000] {dag.py:3096} INFO - Sync 1 DAGs
[2024-04-19T18:57:56.751+0000] {logging_mixin.py:188} INFO - [2024-04-19T18:57:56.751+0000] {dag.py:3954} INFO - Setting next_dagrun for latest_only to 2024-04-19 12:00:00+00:00, run_after=2024-04-19 16:00:00+00:00
[2024-04-19T18:57:56.834+0000] {processor.py:183} INFO - Processing /home/airflow/.local/lib/python3.12/site-packages/airflow/example_dags/example_latest_only.py took 0.269 seconds
[2024-04-19T18:58:27.406+0000] {processor.py:161} INFO - Started process (PID=330) to work on /home/airflow/.local/lib/python3.12/site-packages/airflow/example_dags/example_latest_only.py
[2024-04-19T18:58:27.422+0000] {processor.py:830} INFO - Processing file /home/airflow/.local/lib/python3.12/site-packages/airflow/example_dags/example_latest_only.py for tasks to queue
[2024-04-19T18:58:27.439+0000] {logging_mixin.py:188} INFO - [2024-04-19T18:58:27.438+0000] {dagbag.py:540} INFO - Filling up the DagBag from /home/airflow/.local/lib/python3.12/site-packages/airflow/example_dags/example_latest_only.py
[2024-04-19T18:58:27.470+0000] {processor.py:840} INFO - DAG(s) 'latest_only' retrieved from /home/airflow/.local/lib/python3.12/site-packages/airflow/example_dags/example_latest_only.py
[2024-04-19T18:58:27.544+0000] {logging_mixin.py:188} INFO - [2024-04-19T18:58:27.544+0000] {dag.py:3096} INFO - Sync 1 DAGs
[2024-04-19T18:58:27.623+0000] {logging_mixin.py:188} INFO - [2024-04-19T18:58:27.623+0000] {dag.py:3954} INFO - Setting next_dagrun for latest_only to 2024-04-19 12:00:00+00:00, run_after=2024-04-19 16:00:00+00:00
[2024-04-19T18:58:27.721+0000] {processor.py:183} INFO - Processing /home/airflow/.local/lib/python3.12/site-packages/airflow/example_dags/example_latest_only.py took 0.330 seconds
[2024-04-19T18:58:58.081+0000] {processor.py:161} INFO - Started process (PID=390) to work on /home/airflow/.local/lib/python3.12/site-packages/airflow/example_dags/example_latest_only.py
[2024-04-19T18:58:58.082+0000] {processor.py:830} INFO - Processing file /home/airflow/.local/lib/python3.12/site-packages/airflow/example_dags/example_latest_only.py for tasks to queue
[2024-04-19T18:58:58.084+0000] {logging_mixin.py:188} INFO - [2024-04-19T18:58:58.083+0000] {dagbag.py:540} INFO - Filling up the DagBag from /home/airflow/.local/lib/python3.12/site-packages/airflow/example_dags/example_latest_only.py
[2024-04-19T18:58:58.090+0000] {processor.py:840} INFO - DAG(s) 'latest_only' retrieved from /home/airflow/.local/lib/python3.12/site-packages/airflow/example_dags/example_latest_only.py
[2024-04-19T18:58:58.121+0000] {logging_mixin.py:188} INFO - [2024-04-19T18:58:58.121+0000] {dag.py:3096} INFO - Sync 1 DAGs
[2024-04-19T18:58:58.157+0000] {logging_mixin.py:188} INFO - [2024-04-19T18:58:58.156+0000] {dag.py:3954} INFO - Setting next_dagrun for latest_only to 2024-04-19 12:00:00+00:00, run_after=2024-04-19 16:00:00+00:00
[2024-04-19T18:58:58.188+0000] {processor.py:183} INFO - Processing /home/airflow/.local/lib/python3.12/site-packages/airflow/example_dags/example_latest_only.py took 0.119 seconds
[2024-04-19T18:59:28.729+0000] {processor.py:161} INFO - Started process (PID=450) to work on /home/airflow/.local/lib/python3.12/site-packages/airflow/example_dags/example_latest_only.py
[2024-04-19T18:59:28.730+0000] {processor.py:830} INFO - Processing file /home/airflow/.local/lib/python3.12/site-packages/airflow/example_dags/example_latest_only.py for tasks to queue
[2024-04-19T18:59:28.731+0000] {logging_mixin.py:188} INFO - [2024-04-19T18:59:28.731+0000] {dagbag.py:540} INFO - Filling up the DagBag from /home/airflow/.local/lib/python3.12/site-packages/airflow/example_dags/example_latest_only.py
[2024-04-19T18:59:28.737+0000] {processor.py:840} INFO - DAG(s) 'latest_only' retrieved from /home/airflow/.local/lib/python3.12/site-packages/airflow/example_dags/example_latest_only.py
[2024-04-19T18:59:28.765+0000] {logging_mixin.py:188} INFO - [2024-04-19T18:59:28.764+0000] {dag.py:3096} INFO - Sync 1 DAGs
[2024-04-19T18:59:28.792+0000] {logging_mixin.py:188} INFO - [2024-04-19T18:59:28.792+0000] {dag.py:3954} INFO - Setting next_dagrun for latest_only to 2024-04-19 12:00:00+00:00, run_after=2024-04-19 16:00:00+00:00
[2024-04-19T18:59:28.822+0000] {processor.py:183} INFO - Processing /home/airflow/.local/lib/python3.12/site-packages/airflow/example_dags/example_latest_only.py took 0.098 seconds
[2024-04-19T18:59:59.643+0000] {processor.py:161} INFO - Started process (PID=510) to work on /home/airflow/.local/lib/python3.12/site-packages/airflow/example_dags/example_latest_only.py
[2024-04-19T18:59:59.644+0000] {processor.py:830} INFO - Processing file /home/airflow/.local/lib/python3.12/site-packages/airflow/example_dags/example_latest_only.py for tasks to queue
[2024-04-19T18:59:59.646+0000] {logging_mixin.py:188} INFO - [2024-04-19T18:59:59.645+0000] {dagbag.py:540} INFO - Filling up the DagBag from /home/airflow/.local/lib/python3.12/site-packages/airflow/example_dags/example_latest_only.py
[2024-04-19T18:59:59.652+0000] {processor.py:840} INFO - DAG(s) 'latest_only' retrieved from /home/airflow/.local/lib/python3.12/site-packages/airflow/example_dags/example_latest_only.py
[2024-04-19T18:59:59.678+0000] {logging_mixin.py:188} INFO - [2024-04-19T18:59:59.678+0000] {dag.py:3096} INFO - Sync 1 DAGs
[2024-04-19T18:59:59.711+0000] {logging_mixin.py:188} INFO - [2024-04-19T18:59:59.710+0000] {dag.py:3954} INFO - Setting next_dagrun for latest_only to 2024-04-19 12:00:00+00:00, run_after=2024-04-19 16:00:00+00:00
[2024-04-19T18:59:59.734+0000] {processor.py:183} INFO - Processing /home/airflow/.local/lib/python3.12/site-packages/airflow/example_dags/example_latest_only.py took 0.100 seconds
[2024-04-19T19:00:31.311+0000] {processor.py:161} INFO - Started process (PID=570) to work on /home/airflow/.local/lib/python3.12/site-packages/airflow/example_dags/example_latest_only.py
[2024-04-19T19:00:31.321+0000] {processor.py:830} INFO - Processing file /home/airflow/.local/lib/python3.12/site-packages/airflow/example_dags/example_latest_only.py for tasks to queue
[2024-04-19T19:00:31.323+0000] {logging_mixin.py:188} INFO - [2024-04-19T19:00:31.322+0000] {dagbag.py:540} INFO - Filling up the DagBag from /home/airflow/.local/lib/python3.12/site-packages/airflow/example_dags/example_latest_only.py
[2024-04-19T19:00:31.350+0000] {processor.py:840} INFO - DAG(s) 'latest_only' retrieved from /home/airflow/.local/lib/python3.12/site-packages/airflow/example_dags/example_latest_only.py
[2024-04-19T19:00:31.413+0000] {logging_mixin.py:188} INFO - [2024-04-19T19:00:31.412+0000] {dag.py:3096} INFO - Sync 1 DAGs
[2024-04-19T19:00:31.522+0000] {logging_mixin.py:188} INFO - [2024-04-19T19:00:31.522+0000] {dag.py:3954} INFO - Setting next_dagrun for latest_only to 2024-04-19 12:00:00+00:00, run_after=2024-04-19 16:00:00+00:00
[2024-04-19T19:00:31.603+0000] {processor.py:183} INFO - Processing /home/airflow/.local/lib/python3.12/site-packages/airflow/example_dags/example_latest_only.py took 0.316 seconds
[2024-04-19T19:01:02.204+0000] {processor.py:161} INFO - Started process (PID=630) to work on /home/airflow/.local/lib/python3.12/site-packages/airflow/example_dags/example_latest_only.py
[2024-04-19T19:01:02.205+0000] {processor.py:830} INFO - Processing file /home/airflow/.local/lib/python3.12/site-packages/airflow/example_dags/example_latest_only.py for tasks to queue
[2024-04-19T19:01:02.207+0000] {logging_mixin.py:188} INFO - [2024-04-19T19:01:02.206+0000] {dagbag.py:540} INFO - Filling up the DagBag from /home/airflow/.local/lib/python3.12/site-packages/airflow/example_dags/example_latest_only.py
[2024-04-19T19:01:02.216+0000] {processor.py:840} INFO - DAG(s) 'latest_only' retrieved from /home/airflow/.local/lib/python3.12/site-packages/airflow/example_dags/example_latest_only.py
[2024-04-19T19:01:02.248+0000] {logging_mixin.py:188} INFO - [2024-04-19T19:01:02.247+0000] {dag.py:3096} INFO - Sync 1 DAGs
[2024-04-19T19:01:02.282+0000] {logging_mixin.py:188} INFO - [2024-04-19T19:01:02.281+0000] {dag.py:3954} INFO - Setting next_dagrun for latest_only to 2024-04-19 12:00:00+00:00, run_after=2024-04-19 16:00:00+00:00
[2024-04-19T19:01:02.328+0000] {processor.py:183} INFO - Processing /home/airflow/.local/lib/python3.12/site-packages/airflow/example_dags/example_latest_only.py took 0.132 seconds
[2024-04-19T19:01:33.820+0000] {processor.py:161} INFO - Started process (PID=690) to work on /home/airflow/.local/lib/python3.12/site-packages/airflow/example_dags/example_latest_only.py
[2024-04-19T19:01:33.822+0000] {processor.py:830} INFO - Processing file /home/airflow/.local/lib/python3.12/site-packages/airflow/example_dags/example_latest_only.py for tasks to queue
[2024-04-19T19:01:33.826+0000] {logging_mixin.py:188} INFO - [2024-04-19T19:01:33.825+0000] {dagbag.py:540} INFO - Filling up the DagBag from /home/airflow/.local/lib/python3.12/site-packages/airflow/example_dags/example_latest_only.py
[2024-04-19T19:01:33.838+0000] {processor.py:840} INFO - DAG(s) 'latest_only' retrieved from /home/airflow/.local/lib/python3.12/site-packages/airflow/example_dags/example_latest_only.py
[2024-04-19T19:01:33.885+0000] {logging_mixin.py:188} INFO - [2024-04-19T19:01:33.885+0000] {dag.py:3096} INFO - Sync 1 DAGs
[2024-04-19T19:01:33.957+0000] {logging_mixin.py:188} INFO - [2024-04-19T19:01:33.956+0000] {dag.py:3954} INFO - Setting next_dagrun for latest_only to 2024-04-19 12:00:00+00:00, run_after=2024-04-19 16:00:00+00:00
[2024-04-19T19:01:33.997+0000] {processor.py:183} INFO - Processing /home/airflow/.local/lib/python3.12/site-packages/airflow/example_dags/example_latest_only.py took 0.188 seconds
[2024-04-19T19:02:07.291+0000] {processor.py:161} INFO - Started process (PID=750) to work on /home/airflow/.local/lib/python3.12/site-packages/airflow/example_dags/example_latest_only.py
[2024-04-19T19:02:07.292+0000] {processor.py:830} INFO - Processing file /home/airflow/.local/lib/python3.12/site-packages/airflow/example_dags/example_latest_only.py for tasks to queue
[2024-04-19T19:02:07.293+0000] {logging_mixin.py:188} INFO - [2024-04-19T19:02:07.293+0000] {dagbag.py:540} INFO - Filling up the DagBag from /home/airflow/.local/lib/python3.12/site-packages/airflow/example_dags/example_latest_only.py
[2024-04-19T19:02:07.299+0000] {processor.py:840} INFO - DAG(s) 'latest_only' retrieved from /home/airflow/.local/lib/python3.12/site-packages/airflow/example_dags/example_latest_only.py
[2024-04-19T19:02:07.721+0000] {logging_mixin.py:188} INFO - [2024-04-19T19:02:07.720+0000] {dag.py:3096} INFO - Sync 1 DAGs
[2024-04-19T19:02:08.912+0000] {logging_mixin.py:188} INFO - [2024-04-19T19:02:08.911+0000] {dag.py:3954} INFO - Setting next_dagrun for latest_only to 2024-04-19 12:00:00+00:00, run_after=2024-04-19 16:00:00+00:00
[2024-04-19T19:02:09.014+0000] {processor.py:183} INFO - Processing /home/airflow/.local/lib/python3.12/site-packages/airflow/example_dags/example_latest_only.py took 1.730 seconds
[2024-04-19T19:02:39.656+0000] {processor.py:161} INFO - Started process (PID=810) to work on /home/airflow/.local/lib/python3.12/site-packages/airflow/example_dags/example_latest_only.py
[2024-04-19T19:02:39.660+0000] {processor.py:830} INFO - Processing file /home/airflow/.local/lib/python3.12/site-packages/airflow/example_dags/example_latest_only.py for tasks to queue
[2024-04-19T19:02:39.662+0000] {logging_mixin.py:188} INFO - [2024-04-19T19:02:39.661+0000] {dagbag.py:540} INFO - Filling up the DagBag from /home/airflow/.local/lib/python3.12/site-packages/airflow/example_dags/example_latest_only.py
[2024-04-19T19:02:39.676+0000] {processor.py:840} INFO - DAG(s) 'latest_only' retrieved from /home/airflow/.local/lib/python3.12/site-packages/airflow/example_dags/example_latest_only.py
[2024-04-19T19:02:39.713+0000] {logging_mixin.py:188} INFO - [2024-04-19T19:02:39.713+0000] {dag.py:3096} INFO - Sync 1 DAGs
[2024-04-19T19:02:39.752+0000] {logging_mixin.py:188} INFO - [2024-04-19T19:02:39.752+0000] {dag.py:3954} INFO - Setting next_dagrun for latest_only to 2024-04-19 12:00:00+00:00, run_after=2024-04-19 16:00:00+00:00
[2024-04-19T19:02:39.781+0000] {processor.py:183} INFO - Processing /home/airflow/.local/lib/python3.12/site-packages/airflow/example_dags/example_latest_only.py took 0.133 seconds
[2024-04-19T19:03:10.089+0000] {processor.py:161} INFO - Started process (PID=872) to work on /home/airflow/.local/lib/python3.12/site-packages/airflow/example_dags/example_latest_only.py
[2024-04-19T19:03:10.091+0000] {processor.py:830} INFO - Processing file /home/airflow/.local/lib/python3.12/site-packages/airflow/example_dags/example_latest_only.py for tasks to queue
[2024-04-19T19:03:10.092+0000] {logging_mixin.py:188} INFO - [2024-04-19T19:03:10.091+0000] {dagbag.py:540} INFO - Filling up the DagBag from /home/airflow/.local/lib/python3.12/site-packages/airflow/example_dags/example_latest_only.py
[2024-04-19T19:03:10.099+0000] {processor.py:840} INFO - DAG(s) 'latest_only' retrieved from /home/airflow/.local/lib/python3.12/site-packages/airflow/example_dags/example_latest_only.py
[2024-04-19T19:03:10.119+0000] {logging_mixin.py:188} INFO - [2024-04-19T19:03:10.119+0000] {dag.py:3096} INFO - Sync 1 DAGs
[2024-04-19T19:03:10.143+0000] {logging_mixin.py:188} INFO - [2024-04-19T19:03:10.142+0000] {dag.py:3954} INFO - Setting next_dagrun for latest_only to 2024-04-19 12:00:00+00:00, run_after=2024-04-19 16:00:00+00:00
[2024-04-19T19:03:10.164+0000] {processor.py:183} INFO - Processing /home/airflow/.local/lib/python3.12/site-packages/airflow/example_dags/example_latest_only.py took 0.080 seconds
[2024-04-19T19:03:41.048+0000] {processor.py:161} INFO - Started process (PID=933) to work on /home/airflow/.local/lib/python3.12/site-packages/airflow/example_dags/example_latest_only.py
[2024-04-19T19:03:41.050+0000] {processor.py:830} INFO - Processing file /home/airflow/.local/lib/python3.12/site-packages/airflow/example_dags/example_latest_only.py for tasks to queue
[2024-04-19T19:03:41.051+0000] {logging_mixin.py:188} INFO - [2024-04-19T19:03:41.051+0000] {dagbag.py:540} INFO - Filling up the DagBag from /home/airflow/.local/lib/python3.12/site-packages/airflow/example_dags/example_latest_only.py
[2024-04-19T19:03:41.057+0000] {processor.py:840} INFO - DAG(s) 'latest_only' retrieved from /home/airflow/.local/lib/python3.12/site-packages/airflow/example_dags/example_latest_only.py
[2024-04-19T19:03:41.076+0000] {logging_mixin.py:188} INFO - [2024-04-19T19:03:41.076+0000] {dag.py:3096} INFO - Sync 1 DAGs
[2024-04-19T19:03:41.111+0000] {logging_mixin.py:188} INFO - [2024-04-19T19:03:41.111+0000] {dag.py:3954} INFO - Setting next_dagrun for latest_only to 2024-04-19 12:00:00+00:00, run_after=2024-04-19 16:00:00+00:00
[2024-04-19T19:03:41.156+0000] {processor.py:183} INFO - Processing /home/airflow/.local/lib/python3.12/site-packages/airflow/example_dags/example_latest_only.py took 0.115 seconds
[2024-04-19T19:04:11.244+0000] {processor.py:161} INFO - Started process (PID=992) to work on /home/airflow/.local/lib/python3.12/site-packages/airflow/example_dags/example_latest_only.py
[2024-04-19T19:04:11.246+0000] {processor.py:830} INFO - Processing file /home/airflow/.local/lib/python3.12/site-packages/airflow/example_dags/example_latest_only.py for tasks to queue
[2024-04-19T19:04:11.247+0000] {logging_mixin.py:188} INFO - [2024-04-19T19:04:11.246+0000] {dagbag.py:540} INFO - Filling up the DagBag from /home/airflow/.local/lib/python3.12/site-packages/airflow/example_dags/example_latest_only.py
[2024-04-19T19:04:11.254+0000] {processor.py:840} INFO - DAG(s) 'latest_only' retrieved from /home/airflow/.local/lib/python3.12/site-packages/airflow/example_dags/example_latest_only.py
[2024-04-19T19:04:11.293+0000] {logging_mixin.py:188} INFO - [2024-04-19T19:04:11.293+0000] {dag.py:3096} INFO - Sync 1 DAGs
[2024-04-19T19:04:11.329+0000] {logging_mixin.py:188} INFO - [2024-04-19T19:04:11.329+0000] {dag.py:3954} INFO - Setting next_dagrun for latest_only to 2024-04-19 12:00:00+00:00, run_after=2024-04-19 16:00:00+00:00
[2024-04-19T19:04:11.360+0000] {processor.py:183} INFO - Processing /home/airflow/.local/lib/python3.12/site-packages/airflow/example_dags/example_latest_only.py took 0.131 seconds
[2024-04-19T19:04:42.205+0000] {processor.py:161} INFO - Started process (PID=1052) to work on /home/airflow/.local/lib/python3.12/site-packages/airflow/example_dags/example_latest_only.py
[2024-04-19T19:04:42.206+0000] {processor.py:830} INFO - Processing file /home/airflow/.local/lib/python3.12/site-packages/airflow/example_dags/example_latest_only.py for tasks to queue
[2024-04-19T19:04:42.207+0000] {logging_mixin.py:188} INFO - [2024-04-19T19:04:42.207+0000] {dagbag.py:540} INFO - Filling up the DagBag from /home/airflow/.local/lib/python3.12/site-packages/airflow/example_dags/example_latest_only.py
[2024-04-19T19:04:42.212+0000] {processor.py:840} INFO - DAG(s) 'latest_only' retrieved from /home/airflow/.local/lib/python3.12/site-packages/airflow/example_dags/example_latest_only.py
[2024-04-19T19:04:42.232+0000] {logging_mixin.py:188} INFO - [2024-04-19T19:04:42.231+0000] {dag.py:3096} INFO - Sync 1 DAGs
[2024-04-19T19:04:42.385+0000] {logging_mixin.py:188} INFO - [2024-04-19T19:04:42.385+0000] {dag.py:3954} INFO - Setting next_dagrun for latest_only to 2024-04-19 12:00:00+00:00, run_after=2024-04-19 16:00:00+00:00
[2024-04-19T19:04:42.539+0000] {processor.py:183} INFO - Processing /home/airflow/.local/lib/python3.12/site-packages/airflow/example_dags/example_latest_only.py took 0.339 seconds
[2024-04-19T19:05:13.464+0000] {processor.py:161} INFO - Started process (PID=1112) to work on /home/airflow/.local/lib/python3.12/site-packages/airflow/example_dags/example_latest_only.py
[2024-04-19T19:05:13.466+0000] {processor.py:830} INFO - Processing file /home/airflow/.local/lib/python3.12/site-packages/airflow/example_dags/example_latest_only.py for tasks to queue
[2024-04-19T19:05:13.467+0000] {logging_mixin.py:188} INFO - [2024-04-19T19:05:13.466+0000] {dagbag.py:540} INFO - Filling up the DagBag from /home/airflow/.local/lib/python3.12/site-packages/airflow/example_dags/example_latest_only.py
[2024-04-19T19:05:13.474+0000] {processor.py:840} INFO - DAG(s) 'latest_only' retrieved from /home/airflow/.local/lib/python3.12/site-packages/airflow/example_dags/example_latest_only.py
[2024-04-19T19:05:13.505+0000] {logging_mixin.py:188} INFO - [2024-04-19T19:05:13.504+0000] {dag.py:3096} INFO - Sync 1 DAGs
[2024-04-19T19:05:13.544+0000] {logging_mixin.py:188} INFO - [2024-04-19T19:05:13.544+0000] {dag.py:3954} INFO - Setting next_dagrun for latest_only to 2024-04-19 12:00:00+00:00, run_after=2024-04-19 16:00:00+00:00
[2024-04-19T19:05:13.819+0000] {processor.py:183} INFO - Processing /home/airflow/.local/lib/python3.12/site-packages/airflow/example_dags/example_latest_only.py took 0.362 seconds
[2024-04-19T19:05:44.744+0000] {processor.py:161} INFO - Started process (PID=1174) to work on /home/airflow/.local/lib/python3.12/site-packages/airflow/example_dags/example_latest_only.py
[2024-04-19T19:05:44.746+0000] {processor.py:830} INFO - Processing file /home/airflow/.local/lib/python3.12/site-packages/airflow/example_dags/example_latest_only.py for tasks to queue
[2024-04-19T19:05:44.747+0000] {logging_mixin.py:188} INFO - [2024-04-19T19:05:44.746+0000] {dagbag.py:540} INFO - Filling up the DagBag from /home/airflow/.local/lib/python3.12/site-packages/airflow/example_dags/example_latest_only.py
[2024-04-19T19:05:44.752+0000] {processor.py:840} INFO - DAG(s) 'latest_only' retrieved from /home/airflow/.local/lib/python3.12/site-packages/airflow/example_dags/example_latest_only.py
[2024-04-19T19:05:44.771+0000] {logging_mixin.py:188} INFO - [2024-04-19T19:05:44.771+0000] {dag.py:3096} INFO - Sync 1 DAGs
[2024-04-19T19:05:44.794+0000] {logging_mixin.py:188} INFO - [2024-04-19T19:05:44.794+0000] {dag.py:3954} INFO - Setting next_dagrun for latest_only to 2024-04-19 12:00:00+00:00, run_after=2024-04-19 16:00:00+00:00
[2024-04-19T19:05:44.813+0000] {processor.py:183} INFO - Processing /home/airflow/.local/lib/python3.12/site-packages/airflow/example_dags/example_latest_only.py took 0.075 seconds
[2024-04-19T19:06:15.754+0000] {processor.py:161} INFO - Started process (PID=1237) to work on /home/airflow/.local/lib/python3.12/site-packages/airflow/example_dags/example_latest_only.py
[2024-04-19T19:06:15.755+0000] {processor.py:830} INFO - Processing file /home/airflow/.local/lib/python3.12/site-packages/airflow/example_dags/example_latest_only.py for tasks to queue
[2024-04-19T19:06:15.756+0000] {logging_mixin.py:188} INFO - [2024-04-19T19:06:15.755+0000] {dagbag.py:540} INFO - Filling up the DagBag from /home/airflow/.local/lib/python3.12/site-packages/airflow/example_dags/example_latest_only.py
[2024-04-19T19:06:15.761+0000] {processor.py:840} INFO - DAG(s) 'latest_only' retrieved from /home/airflow/.local/lib/python3.12/site-packages/airflow/example_dags/example_latest_only.py
[2024-04-19T19:06:15.785+0000] {logging_mixin.py:188} INFO - [2024-04-19T19:06:15.784+0000] {dag.py:3096} INFO - Sync 1 DAGs
[2024-04-19T19:06:15.810+0000] {logging_mixin.py:188} INFO - [2024-04-19T19:06:15.810+0000] {dag.py:3954} INFO - Setting next_dagrun for latest_only to 2024-04-19 12:00:00+00:00, run_after=2024-04-19 16:00:00+00:00
[2024-04-19T19:06:15.830+0000] {processor.py:183} INFO - Processing /home/airflow/.local/lib/python3.12/site-packages/airflow/example_dags/example_latest_only.py took 0.083 seconds
[2024-04-19T19:06:46.647+0000] {processor.py:161} INFO - Started process (PID=1297) to work on /home/airflow/.local/lib/python3.12/site-packages/airflow/example_dags/example_latest_only.py
[2024-04-19T19:06:46.648+0000] {processor.py:830} INFO - Processing file /home/airflow/.local/lib/python3.12/site-packages/airflow/example_dags/example_latest_only.py for tasks to queue
[2024-04-19T19:06:46.650+0000] {logging_mixin.py:188} INFO - [2024-04-19T19:06:46.649+0000] {dagbag.py:540} INFO - Filling up the DagBag from /home/airflow/.local/lib/python3.12/site-packages/airflow/example_dags/example_latest_only.py
[2024-04-19T19:06:46.656+0000] {processor.py:840} INFO - DAG(s) 'latest_only' retrieved from /home/airflow/.local/lib/python3.12/site-packages/airflow/example_dags/example_latest_only.py
[2024-04-19T19:06:46.687+0000] {logging_mixin.py:188} INFO - [2024-04-19T19:06:46.686+0000] {dag.py:3096} INFO - Sync 1 DAGs
[2024-04-19T19:06:46.716+0000] {logging_mixin.py:188} INFO - [2024-04-19T19:06:46.716+0000] {dag.py:3954} INFO - Setting next_dagrun for latest_only to 2024-04-19 12:00:00+00:00, run_after=2024-04-19 16:00:00+00:00
[2024-04-19T19:06:46.737+0000] {processor.py:183} INFO - Processing /home/airflow/.local/lib/python3.12/site-packages/airflow/example_dags/example_latest_only.py took 0.098 seconds
[2024-04-19T19:07:16.863+0000] {processor.py:161} INFO - Started process (PID=1357) to work on /home/airflow/.local/lib/python3.12/site-packages/airflow/example_dags/example_latest_only.py
[2024-04-19T19:07:16.865+0000] {processor.py:830} INFO - Processing file /home/airflow/.local/lib/python3.12/site-packages/airflow/example_dags/example_latest_only.py for tasks to queue
[2024-04-19T19:07:16.866+0000] {logging_mixin.py:188} INFO - [2024-04-19T19:07:16.866+0000] {dagbag.py:540} INFO - Filling up the DagBag from /home/airflow/.local/lib/python3.12/site-packages/airflow/example_dags/example_latest_only.py
[2024-04-19T19:07:16.875+0000] {processor.py:840} INFO - DAG(s) 'latest_only' retrieved from /home/airflow/.local/lib/python3.12/site-packages/airflow/example_dags/example_latest_only.py
[2024-04-19T19:07:16.900+0000] {logging_mixin.py:188} INFO - [2024-04-19T19:07:16.898+0000] {dag.py:3096} INFO - Sync 1 DAGs
[2024-04-19T19:07:16.926+0000] {logging_mixin.py:188} INFO - [2024-04-19T19:07:16.926+0000] {dag.py:3954} INFO - Setting next_dagrun for latest_only to 2024-04-19 12:00:00+00:00, run_after=2024-04-19 16:00:00+00:00
[2024-04-19T19:07:16.951+0000] {processor.py:183} INFO - Processing /home/airflow/.local/lib/python3.12/site-packages/airflow/example_dags/example_latest_only.py took 0.096 seconds
[2024-04-19T19:07:47.098+0000] {processor.py:161} INFO - Started process (PID=1417) to work on /home/airflow/.local/lib/python3.12/site-packages/airflow/example_dags/example_latest_only.py
[2024-04-19T19:07:47.100+0000] {processor.py:830} INFO - Processing file /home/airflow/.local/lib/python3.12/site-packages/airflow/example_dags/example_latest_only.py for tasks to queue
[2024-04-19T19:07:47.101+0000] {logging_mixin.py:188} INFO - [2024-04-19T19:07:47.101+0000] {dagbag.py:540} INFO - Filling up the DagBag from /home/airflow/.local/lib/python3.12/site-packages/airflow/example_dags/example_latest_only.py
[2024-04-19T19:07:47.108+0000] {processor.py:840} INFO - DAG(s) 'latest_only' retrieved from /home/airflow/.local/lib/python3.12/site-packages/airflow/example_dags/example_latest_only.py
[2024-04-19T19:07:47.174+0000] {logging_mixin.py:188} INFO - [2024-04-19T19:07:47.163+0000] {dag.py:3096} INFO - Sync 1 DAGs
[2024-04-19T19:07:47.249+0000] {logging_mixin.py:188} INFO - [2024-04-19T19:07:47.248+0000] {dag.py:3954} INFO - Setting next_dagrun for latest_only to 2024-04-19 12:00:00+00:00, run_after=2024-04-19 16:00:00+00:00
[2024-04-19T19:07:47.339+0000] {processor.py:183} INFO - Processing /home/airflow/.local/lib/python3.12/site-packages/airflow/example_dags/example_latest_only.py took 0.248 seconds
[2024-04-19T19:08:17.675+0000] {processor.py:161} INFO - Started process (PID=1477) to work on /home/airflow/.local/lib/python3.12/site-packages/airflow/example_dags/example_latest_only.py
[2024-04-19T19:08:17.679+0000] {processor.py:830} INFO - Processing file /home/airflow/.local/lib/python3.12/site-packages/airflow/example_dags/example_latest_only.py for tasks to queue
[2024-04-19T19:08:17.680+0000] {logging_mixin.py:188} INFO - [2024-04-19T19:08:17.680+0000] {dagbag.py:540} INFO - Filling up the DagBag from /home/airflow/.local/lib/python3.12/site-packages/airflow/example_dags/example_latest_only.py
[2024-04-19T19:08:17.687+0000] {processor.py:840} INFO - DAG(s) 'latest_only' retrieved from /home/airflow/.local/lib/python3.12/site-packages/airflow/example_dags/example_latest_only.py
[2024-04-19T19:08:17.717+0000] {logging_mixin.py:188} INFO - [2024-04-19T19:08:17.716+0000] {dag.py:3096} INFO - Sync 1 DAGs
[2024-04-19T19:08:17.750+0000] {logging_mixin.py:188} INFO - [2024-04-19T19:08:17.749+0000] {dag.py:3954} INFO - Setting next_dagrun for latest_only to 2024-04-19 12:00:00+00:00, run_after=2024-04-19 16:00:00+00:00
[2024-04-19T19:08:17.772+0000] {processor.py:183} INFO - Processing /home/airflow/.local/lib/python3.12/site-packages/airflow/example_dags/example_latest_only.py took 0.105 seconds
[2024-04-19T19:08:48.142+0000] {processor.py:161} INFO - Started process (PID=1538) to work on /home/airflow/.local/lib/python3.12/site-packages/airflow/example_dags/example_latest_only.py
[2024-04-19T19:08:48.143+0000] {processor.py:830} INFO - Processing file /home/airflow/.local/lib/python3.12/site-packages/airflow/example_dags/example_latest_only.py for tasks to queue
[2024-04-19T19:08:48.144+0000] {logging_mixin.py:188} INFO - [2024-04-19T19:08:48.144+0000] {dagbag.py:540} INFO - Filling up the DagBag from /home/airflow/.local/lib/python3.12/site-packages/airflow/example_dags/example_latest_only.py
[2024-04-19T19:08:48.153+0000] {processor.py:840} INFO - DAG(s) 'latest_only' retrieved from /home/airflow/.local/lib/python3.12/site-packages/airflow/example_dags/example_latest_only.py
[2024-04-19T19:08:48.173+0000] {logging_mixin.py:188} INFO - [2024-04-19T19:08:48.173+0000] {dag.py:3096} INFO - Sync 1 DAGs
[2024-04-19T19:08:48.198+0000] {logging_mixin.py:188} INFO - [2024-04-19T19:08:48.198+0000] {dag.py:3954} INFO - Setting next_dagrun for latest_only to 2024-04-19 12:00:00+00:00, run_after=2024-04-19 16:00:00+00:00
[2024-04-19T19:08:48.219+0000] {processor.py:183} INFO - Processing /home/airflow/.local/lib/python3.12/site-packages/airflow/example_dags/example_latest_only.py took 0.083 seconds
[2024-04-19T19:09:19.172+0000] {processor.py:161} INFO - Started process (PID=1598) to work on /home/airflow/.local/lib/python3.12/site-packages/airflow/example_dags/example_latest_only.py
[2024-04-19T19:09:19.173+0000] {processor.py:830} INFO - Processing file /home/airflow/.local/lib/python3.12/site-packages/airflow/example_dags/example_latest_only.py for tasks to queue
[2024-04-19T19:09:19.174+0000] {logging_mixin.py:188} INFO - [2024-04-19T19:09:19.174+0000] {dagbag.py:540} INFO - Filling up the DagBag from /home/airflow/.local/lib/python3.12/site-packages/airflow/example_dags/example_latest_only.py
[2024-04-19T19:09:19.182+0000] {processor.py:840} INFO - DAG(s) 'latest_only' retrieved from /home/airflow/.local/lib/python3.12/site-packages/airflow/example_dags/example_latest_only.py
[2024-04-19T19:09:19.202+0000] {logging_mixin.py:188} INFO - [2024-04-19T19:09:19.201+0000] {dag.py:3096} INFO - Sync 1 DAGs
[2024-04-19T19:09:19.230+0000] {logging_mixin.py:188} INFO - [2024-04-19T19:09:19.230+0000] {dag.py:3954} INFO - Setting next_dagrun for latest_only to 2024-04-19 12:00:00+00:00, run_after=2024-04-19 16:00:00+00:00
[2024-04-19T19:09:19.249+0000] {processor.py:183} INFO - Processing /home/airflow/.local/lib/python3.12/site-packages/airflow/example_dags/example_latest_only.py took 0.084 seconds
[2024-04-19T19:09:49.645+0000] {processor.py:161} INFO - Started process (PID=1658) to work on /home/airflow/.local/lib/python3.12/site-packages/airflow/example_dags/example_latest_only.py
[2024-04-19T19:09:49.646+0000] {processor.py:830} INFO - Processing file /home/airflow/.local/lib/python3.12/site-packages/airflow/example_dags/example_latest_only.py for tasks to queue
[2024-04-19T19:09:49.647+0000] {logging_mixin.py:188} INFO - [2024-04-19T19:09:49.646+0000] {dagbag.py:540} INFO - Filling up the DagBag from /home/airflow/.local/lib/python3.12/site-packages/airflow/example_dags/example_latest_only.py
[2024-04-19T19:09:49.655+0000] {processor.py:840} INFO - DAG(s) 'latest_only' retrieved from /home/airflow/.local/lib/python3.12/site-packages/airflow/example_dags/example_latest_only.py
[2024-04-19T19:09:49.686+0000] {logging_mixin.py:188} INFO - [2024-04-19T19:09:49.686+0000] {dag.py:3096} INFO - Sync 1 DAGs
[2024-04-19T19:09:49.715+0000] {logging_mixin.py:188} INFO - [2024-04-19T19:09:49.715+0000] {dag.py:3954} INFO - Setting next_dagrun for latest_only to 2024-04-19 12:00:00+00:00, run_after=2024-04-19 16:00:00+00:00
[2024-04-19T19:09:49.746+0000] {processor.py:183} INFO - Processing /home/airflow/.local/lib/python3.12/site-packages/airflow/example_dags/example_latest_only.py took 0.111 seconds
[2024-04-19T19:10:20.069+0000] {processor.py:161} INFO - Started process (PID=1718) to work on /home/airflow/.local/lib/python3.12/site-packages/airflow/example_dags/example_latest_only.py
[2024-04-19T19:10:20.070+0000] {processor.py:830} INFO - Processing file /home/airflow/.local/lib/python3.12/site-packages/airflow/example_dags/example_latest_only.py for tasks to queue
[2024-04-19T19:10:20.071+0000] {logging_mixin.py:188} INFO - [2024-04-19T19:10:20.071+0000] {dagbag.py:540} INFO - Filling up the DagBag from /home/airflow/.local/lib/python3.12/site-packages/airflow/example_dags/example_latest_only.py
[2024-04-19T19:10:20.076+0000] {processor.py:840} INFO - DAG(s) 'latest_only' retrieved from /home/airflow/.local/lib/python3.12/site-packages/airflow/example_dags/example_latest_only.py
[2024-04-19T19:10:20.096+0000] {logging_mixin.py:188} INFO - [2024-04-19T19:10:20.096+0000] {dag.py:3096} INFO - Sync 1 DAGs
[2024-04-19T19:10:20.120+0000] {logging_mixin.py:188} INFO - [2024-04-19T19:10:20.120+0000] {dag.py:3954} INFO - Setting next_dagrun for latest_only to 2024-04-19 12:00:00+00:00, run_after=2024-04-19 16:00:00+00:00
[2024-04-19T19:10:20.140+0000] {processor.py:183} INFO - Processing /home/airflow/.local/lib/python3.12/site-packages/airflow/example_dags/example_latest_only.py took 0.079 seconds
[2024-04-19T19:10:50.719+0000] {processor.py:161} INFO - Started process (PID=1778) to work on /home/airflow/.local/lib/python3.12/site-packages/airflow/example_dags/example_latest_only.py
[2024-04-19T19:10:50.720+0000] {processor.py:830} INFO - Processing file /home/airflow/.local/lib/python3.12/site-packages/airflow/example_dags/example_latest_only.py for tasks to queue
[2024-04-19T19:10:50.720+0000] {logging_mixin.py:188} INFO - [2024-04-19T19:10:50.720+0000] {dagbag.py:540} INFO - Filling up the DagBag from /home/airflow/.local/lib/python3.12/site-packages/airflow/example_dags/example_latest_only.py
[2024-04-19T19:10:50.727+0000] {processor.py:840} INFO - DAG(s) 'latest_only' retrieved from /home/airflow/.local/lib/python3.12/site-packages/airflow/example_dags/example_latest_only.py
[2024-04-19T19:10:50.746+0000] {logging_mixin.py:188} INFO - [2024-04-19T19:10:50.746+0000] {dag.py:3096} INFO - Sync 1 DAGs
[2024-04-19T19:10:50.770+0000] {logging_mixin.py:188} INFO - [2024-04-19T19:10:50.770+0000] {dag.py:3954} INFO - Setting next_dagrun for latest_only to 2024-04-19 12:00:00+00:00, run_after=2024-04-19 16:00:00+00:00
[2024-04-19T19:10:50.790+0000] {processor.py:183} INFO - Processing /home/airflow/.local/lib/python3.12/site-packages/airflow/example_dags/example_latest_only.py took 0.077 seconds
[2024-04-19T19:11:21.074+0000] {processor.py:161} INFO - Started process (PID=1838) to work on /home/airflow/.local/lib/python3.12/site-packages/airflow/example_dags/example_latest_only.py
[2024-04-19T19:11:21.075+0000] {processor.py:830} INFO - Processing file /home/airflow/.local/lib/python3.12/site-packages/airflow/example_dags/example_latest_only.py for tasks to queue
[2024-04-19T19:11:21.077+0000] {logging_mixin.py:188} INFO - [2024-04-19T19:11:21.076+0000] {dagbag.py:540} INFO - Filling up the DagBag from /home/airflow/.local/lib/python3.12/site-packages/airflow/example_dags/example_latest_only.py
[2024-04-19T19:11:21.084+0000] {processor.py:840} INFO - DAG(s) 'latest_only' retrieved from /home/airflow/.local/lib/python3.12/site-packages/airflow/example_dags/example_latest_only.py
[2024-04-19T19:11:21.119+0000] {logging_mixin.py:188} INFO - [2024-04-19T19:11:21.118+0000] {dag.py:3096} INFO - Sync 1 DAGs
[2024-04-19T19:11:21.157+0000] {logging_mixin.py:188} INFO - [2024-04-19T19:11:21.157+0000] {dag.py:3954} INFO - Setting next_dagrun for latest_only to 2024-04-19 12:00:00+00:00, run_after=2024-04-19 16:00:00+00:00
[2024-04-19T19:11:21.196+0000] {processor.py:183} INFO - Processing /home/airflow/.local/lib/python3.12/site-packages/airflow/example_dags/example_latest_only.py took 0.129 seconds
[2024-04-19T19:11:51.643+0000] {processor.py:161} INFO - Started process (PID=1899) to work on /home/airflow/.local/lib/python3.12/site-packages/airflow/example_dags/example_latest_only.py
[2024-04-19T19:11:51.645+0000] {processor.py:830} INFO - Processing file /home/airflow/.local/lib/python3.12/site-packages/airflow/example_dags/example_latest_only.py for tasks to queue
[2024-04-19T19:11:51.646+0000] {logging_mixin.py:188} INFO - [2024-04-19T19:11:51.646+0000] {dagbag.py:540} INFO - Filling up the DagBag from /home/airflow/.local/lib/python3.12/site-packages/airflow/example_dags/example_latest_only.py
[2024-04-19T19:11:51.653+0000] {processor.py:840} INFO - DAG(s) 'latest_only' retrieved from /home/airflow/.local/lib/python3.12/site-packages/airflow/example_dags/example_latest_only.py
[2024-04-19T19:11:51.695+0000] {logging_mixin.py:188} INFO - [2024-04-19T19:11:51.694+0000] {dag.py:3096} INFO - Sync 1 DAGs
[2024-04-19T19:11:51.735+0000] {logging_mixin.py:188} INFO - [2024-04-19T19:11:51.735+0000] {dag.py:3954} INFO - Setting next_dagrun for latest_only to 2024-04-19 12:00:00+00:00, run_after=2024-04-19 16:00:00+00:00
[2024-04-19T19:11:51.784+0000] {processor.py:183} INFO - Processing /home/airflow/.local/lib/python3.12/site-packages/airflow/example_dags/example_latest_only.py took 0.149 seconds
[2024-04-19T19:12:22.445+0000] {processor.py:161} INFO - Started process (PID=1959) to work on /home/airflow/.local/lib/python3.12/site-packages/airflow/example_dags/example_latest_only.py
[2024-04-19T19:12:22.447+0000] {processor.py:830} INFO - Processing file /home/airflow/.local/lib/python3.12/site-packages/airflow/example_dags/example_latest_only.py for tasks to queue
[2024-04-19T19:12:22.451+0000] {logging_mixin.py:188} INFO - [2024-04-19T19:12:22.449+0000] {dagbag.py:540} INFO - Filling up the DagBag from /home/airflow/.local/lib/python3.12/site-packages/airflow/example_dags/example_latest_only.py
[2024-04-19T19:12:22.460+0000] {processor.py:840} INFO - DAG(s) 'latest_only' retrieved from /home/airflow/.local/lib/python3.12/site-packages/airflow/example_dags/example_latest_only.py
[2024-04-19T19:12:22.515+0000] {logging_mixin.py:188} INFO - [2024-04-19T19:12:22.514+0000] {dag.py:3096} INFO - Sync 1 DAGs
[2024-04-19T19:12:22.570+0000] {logging_mixin.py:188} INFO - [2024-04-19T19:12:22.569+0000] {dag.py:3954} INFO - Setting next_dagrun for latest_only to 2024-04-19 12:00:00+00:00, run_after=2024-04-19 16:00:00+00:00
[2024-04-19T19:12:22.643+0000] {processor.py:183} INFO - Processing /home/airflow/.local/lib/python3.12/site-packages/airflow/example_dags/example_latest_only.py took 0.208 seconds
[2024-04-19T19:12:52.986+0000] {processor.py:161} INFO - Started process (PID=2019) to work on /home/airflow/.local/lib/python3.12/site-packages/airflow/example_dags/example_latest_only.py
[2024-04-19T19:12:52.987+0000] {processor.py:830} INFO - Processing file /home/airflow/.local/lib/python3.12/site-packages/airflow/example_dags/example_latest_only.py for tasks to queue
[2024-04-19T19:12:52.988+0000] {logging_mixin.py:188} INFO - [2024-04-19T19:12:52.988+0000] {dagbag.py:540} INFO - Filling up the DagBag from /home/airflow/.local/lib/python3.12/site-packages/airflow/example_dags/example_latest_only.py
[2024-04-19T19:12:52.993+0000] {processor.py:840} INFO - DAG(s) 'latest_only' retrieved from /home/airflow/.local/lib/python3.12/site-packages/airflow/example_dags/example_latest_only.py
[2024-04-19T19:12:53.014+0000] {logging_mixin.py:188} INFO - [2024-04-19T19:12:53.014+0000] {dag.py:3096} INFO - Sync 1 DAGs
[2024-04-19T19:12:53.038+0000] {logging_mixin.py:188} INFO - [2024-04-19T19:12:53.037+0000] {dag.py:3954} INFO - Setting next_dagrun for latest_only to 2024-04-19 12:00:00+00:00, run_after=2024-04-19 16:00:00+00:00
[2024-04-19T19:12:53.060+0000] {processor.py:183} INFO - Processing /home/airflow/.local/lib/python3.12/site-packages/airflow/example_dags/example_latest_only.py took 0.080 seconds
[2024-04-19T19:13:23.272+0000] {processor.py:161} INFO - Started process (PID=2079) to work on /home/airflow/.local/lib/python3.12/site-packages/airflow/example_dags/example_latest_only.py
[2024-04-19T19:13:23.273+0000] {processor.py:830} INFO - Processing file /home/airflow/.local/lib/python3.12/site-packages/airflow/example_dags/example_latest_only.py for tasks to queue
[2024-04-19T19:13:23.274+0000] {logging_mixin.py:188} INFO - [2024-04-19T19:13:23.273+0000] {dagbag.py:540} INFO - Filling up the DagBag from /home/airflow/.local/lib/python3.12/site-packages/airflow/example_dags/example_latest_only.py
[2024-04-19T19:13:23.279+0000] {processor.py:840} INFO - DAG(s) 'latest_only' retrieved from /home/airflow/.local/lib/python3.12/site-packages/airflow/example_dags/example_latest_only.py
[2024-04-19T19:13:23.299+0000] {logging_mixin.py:188} INFO - [2024-04-19T19:13:23.298+0000] {dag.py:3096} INFO - Sync 1 DAGs
[2024-04-19T19:13:23.320+0000] {logging_mixin.py:188} INFO - [2024-04-19T19:13:23.320+0000] {dag.py:3954} INFO - Setting next_dagrun for latest_only to 2024-04-19 12:00:00+00:00, run_after=2024-04-19 16:00:00+00:00
[2024-04-19T19:13:23.343+0000] {processor.py:183} INFO - Processing /home/airflow/.local/lib/python3.12/site-packages/airflow/example_dags/example_latest_only.py took 0.078 seconds
[2024-04-19T19:13:53.399+0000] {processor.py:161} INFO - Started process (PID=2139) to work on /home/airflow/.local/lib/python3.12/site-packages/airflow/example_dags/example_latest_only.py
[2024-04-19T19:13:53.400+0000] {processor.py:830} INFO - Processing file /home/airflow/.local/lib/python3.12/site-packages/airflow/example_dags/example_latest_only.py for tasks to queue
[2024-04-19T19:13:53.403+0000] {logging_mixin.py:188} INFO - [2024-04-19T19:13:53.402+0000] {dagbag.py:540} INFO - Filling up the DagBag from /home/airflow/.local/lib/python3.12/site-packages/airflow/example_dags/example_latest_only.py
[2024-04-19T19:13:53.413+0000] {processor.py:840} INFO - DAG(s) 'latest_only' retrieved from /home/airflow/.local/lib/python3.12/site-packages/airflow/example_dags/example_latest_only.py
[2024-04-19T19:13:53.434+0000] {logging_mixin.py:188} INFO - [2024-04-19T19:13:53.434+0000] {dag.py:3096} INFO - Sync 1 DAGs
[2024-04-19T19:13:53.457+0000] {logging_mixin.py:188} INFO - [2024-04-19T19:13:53.457+0000] {dag.py:3954} INFO - Setting next_dagrun for latest_only to 2024-04-19 12:00:00+00:00, run_after=2024-04-19 16:00:00+00:00
[2024-04-19T19:13:53.477+0000] {processor.py:183} INFO - Processing /home/airflow/.local/lib/python3.12/site-packages/airflow/example_dags/example_latest_only.py took 0.085 seconds
[2024-04-19T19:14:24.101+0000] {processor.py:161} INFO - Started process (PID=2200) to work on /home/airflow/.local/lib/python3.12/site-packages/airflow/example_dags/example_latest_only.py
[2024-04-19T19:14:24.102+0000] {processor.py:830} INFO - Processing file /home/airflow/.local/lib/python3.12/site-packages/airflow/example_dags/example_latest_only.py for tasks to queue
[2024-04-19T19:14:24.102+0000] {logging_mixin.py:188} INFO - [2024-04-19T19:14:24.102+0000] {dagbag.py:540} INFO - Filling up the DagBag from /home/airflow/.local/lib/python3.12/site-packages/airflow/example_dags/example_latest_only.py
[2024-04-19T19:14:24.109+0000] {processor.py:840} INFO - DAG(s) 'latest_only' retrieved from /home/airflow/.local/lib/python3.12/site-packages/airflow/example_dags/example_latest_only.py
[2024-04-19T19:14:24.127+0000] {logging_mixin.py:188} INFO - [2024-04-19T19:14:24.127+0000] {dag.py:3096} INFO - Sync 1 DAGs
[2024-04-19T19:14:24.149+0000] {logging_mixin.py:188} INFO - [2024-04-19T19:14:24.148+0000] {dag.py:3954} INFO - Setting next_dagrun for latest_only to 2024-04-19 12:00:00+00:00, run_after=2024-04-19 16:00:00+00:00
[2024-04-19T19:14:24.175+0000] {processor.py:183} INFO - Processing /home/airflow/.local/lib/python3.12/site-packages/airflow/example_dags/example_latest_only.py took 0.080 seconds
[2024-04-19T19:14:54.508+0000] {processor.py:161} INFO - Started process (PID=2260) to work on /home/airflow/.local/lib/python3.12/site-packages/airflow/example_dags/example_latest_only.py
[2024-04-19T19:14:54.522+0000] {processor.py:830} INFO - Processing file /home/airflow/.local/lib/python3.12/site-packages/airflow/example_dags/example_latest_only.py for tasks to queue
[2024-04-19T19:14:54.524+0000] {logging_mixin.py:188} INFO - [2024-04-19T19:14:54.524+0000] {dagbag.py:540} INFO - Filling up the DagBag from /home/airflow/.local/lib/python3.12/site-packages/airflow/example_dags/example_latest_only.py
[2024-04-19T19:14:54.540+0000] {processor.py:840} INFO - DAG(s) 'latest_only' retrieved from /home/airflow/.local/lib/python3.12/site-packages/airflow/example_dags/example_latest_only.py
[2024-04-19T19:14:54.596+0000] {logging_mixin.py:188} INFO - [2024-04-19T19:14:54.595+0000] {dag.py:3096} INFO - Sync 1 DAGs
[2024-04-19T19:14:54.652+0000] {logging_mixin.py:188} INFO - [2024-04-19T19:14:54.652+0000] {dag.py:3954} INFO - Setting next_dagrun for latest_only to 2024-04-19 12:00:00+00:00, run_after=2024-04-19 16:00:00+00:00
[2024-04-19T19:14:54.702+0000] {processor.py:183} INFO - Processing /home/airflow/.local/lib/python3.12/site-packages/airflow/example_dags/example_latest_only.py took 0.207 seconds
[2024-04-19T19:15:25.618+0000] {processor.py:161} INFO - Started process (PID=2320) to work on /home/airflow/.local/lib/python3.12/site-packages/airflow/example_dags/example_latest_only.py
[2024-04-19T19:15:25.619+0000] {processor.py:830} INFO - Processing file /home/airflow/.local/lib/python3.12/site-packages/airflow/example_dags/example_latest_only.py for tasks to queue
[2024-04-19T19:15:25.620+0000] {logging_mixin.py:188} INFO - [2024-04-19T19:15:25.619+0000] {dagbag.py:540} INFO - Filling up the DagBag from /home/airflow/.local/lib/python3.12/site-packages/airflow/example_dags/example_latest_only.py
[2024-04-19T19:15:25.624+0000] {processor.py:840} INFO - DAG(s) 'latest_only' retrieved from /home/airflow/.local/lib/python3.12/site-packages/airflow/example_dags/example_latest_only.py
[2024-04-19T19:15:25.646+0000] {logging_mixin.py:188} INFO - [2024-04-19T19:15:25.646+0000] {dag.py:3096} INFO - Sync 1 DAGs
[2024-04-19T19:15:25.669+0000] {logging_mixin.py:188} INFO - [2024-04-19T19:15:25.669+0000] {dag.py:3954} INFO - Setting next_dagrun for latest_only to 2024-04-19 12:00:00+00:00, run_after=2024-04-19 16:00:00+00:00
[2024-04-19T19:15:25.701+0000] {processor.py:183} INFO - Processing /home/airflow/.local/lib/python3.12/site-packages/airflow/example_dags/example_latest_only.py took 0.091 seconds
[2024-04-19T19:15:56.688+0000] {processor.py:161} INFO - Started process (PID=2380) to work on /home/airflow/.local/lib/python3.12/site-packages/airflow/example_dags/example_latest_only.py
[2024-04-19T19:15:56.689+0000] {processor.py:830} INFO - Processing file /home/airflow/.local/lib/python3.12/site-packages/airflow/example_dags/example_latest_only.py for tasks to queue
[2024-04-19T19:15:56.690+0000] {logging_mixin.py:188} INFO - [2024-04-19T19:15:56.690+0000] {dagbag.py:540} INFO - Filling up the DagBag from /home/airflow/.local/lib/python3.12/site-packages/airflow/example_dags/example_latest_only.py
[2024-04-19T19:15:56.701+0000] {processor.py:840} INFO - DAG(s) 'latest_only' retrieved from /home/airflow/.local/lib/python3.12/site-packages/airflow/example_dags/example_latest_only.py
[2024-04-19T19:15:56.726+0000] {logging_mixin.py:188} INFO - [2024-04-19T19:15:56.726+0000] {dag.py:3096} INFO - Sync 1 DAGs
[2024-04-19T19:15:56.754+0000] {logging_mixin.py:188} INFO - [2024-04-19T19:15:56.754+0000] {dag.py:3954} INFO - Setting next_dagrun for latest_only to 2024-04-19 12:00:00+00:00, run_after=2024-04-19 16:00:00+00:00
[2024-04-19T19:15:56.788+0000] {processor.py:183} INFO - Processing /home/airflow/.local/lib/python3.12/site-packages/airflow/example_dags/example_latest_only.py took 0.105 seconds
[2024-04-19T19:16:27.350+0000] {processor.py:161} INFO - Started process (PID=2440) to work on /home/airflow/.local/lib/python3.12/site-packages/airflow/example_dags/example_latest_only.py
[2024-04-19T19:16:27.351+0000] {processor.py:830} INFO - Processing file /home/airflow/.local/lib/python3.12/site-packages/airflow/example_dags/example_latest_only.py for tasks to queue
[2024-04-19T19:16:27.352+0000] {logging_mixin.py:188} INFO - [2024-04-19T19:16:27.352+0000] {dagbag.py:540} INFO - Filling up the DagBag from /home/airflow/.local/lib/python3.12/site-packages/airflow/example_dags/example_latest_only.py
[2024-04-19T19:16:27.359+0000] {processor.py:840} INFO - DAG(s) 'latest_only' retrieved from /home/airflow/.local/lib/python3.12/site-packages/airflow/example_dags/example_latest_only.py
[2024-04-19T19:16:27.389+0000] {logging_mixin.py:188} INFO - [2024-04-19T19:16:27.389+0000] {dag.py:3096} INFO - Sync 1 DAGs
[2024-04-19T19:16:27.414+0000] {logging_mixin.py:188} INFO - [2024-04-19T19:16:27.414+0000] {dag.py:3954} INFO - Setting next_dagrun for latest_only to 2024-04-19 12:00:00+00:00, run_after=2024-04-19 16:00:00+00:00
[2024-04-19T19:16:27.440+0000] {processor.py:183} INFO - Processing /home/airflow/.local/lib/python3.12/site-packages/airflow/example_dags/example_latest_only.py took 0.097 seconds
[2024-04-19T19:17:00.144+0000] {processor.py:161} INFO - Started process (PID=2506) to work on /home/airflow/.local/lib/python3.12/site-packages/airflow/example_dags/example_latest_only.py
[2024-04-19T19:17:00.158+0000] {processor.py:830} INFO - Processing file /home/airflow/.local/lib/python3.12/site-packages/airflow/example_dags/example_latest_only.py for tasks to queue
[2024-04-19T19:17:00.159+0000] {logging_mixin.py:188} INFO - [2024-04-19T19:17:00.159+0000] {dagbag.py:540} INFO - Filling up the DagBag from /home/airflow/.local/lib/python3.12/site-packages/airflow/example_dags/example_latest_only.py
[2024-04-19T19:17:00.449+0000] {processor.py:840} INFO - DAG(s) 'latest_only' retrieved from /home/airflow/.local/lib/python3.12/site-packages/airflow/example_dags/example_latest_only.py
