[2024-04-19T18:32:54.132+0000] {processor.py:161} INFO - Started process (PID=42) to work on /home/airflow/.local/lib/python3.12/site-packages/airflow/example_dags/example_task_group.py
[2024-04-19T18:32:54.140+0000] {processor.py:830} INFO - Processing file /home/airflow/.local/lib/python3.12/site-packages/airflow/example_dags/example_task_group.py for tasks to queue
[2024-04-19T18:32:54.143+0000] {logging_mixin.py:188} INFO - [2024-04-19T18:32:54.142+0000] {dagbag.py:540} INFO - Filling up the DagBag from /home/airflow/.local/lib/python3.12/site-packages/airflow/example_dags/example_task_group.py
[2024-04-19T18:32:54.190+0000] {processor.py:840} INFO - DAG(s) 'example_task_group' retrieved from /home/airflow/.local/lib/python3.12/site-packages/airflow/example_dags/example_task_group.py
[2024-04-19T18:32:54.778+0000] {logging_mixin.py:188} INFO - [2024-04-19T18:32:54.777+0000] {dag.py:3096} INFO - Sync 1 DAGs
[2024-04-19T18:32:54.855+0000] {logging_mixin.py:188} INFO - [2024-04-19T18:32:54.854+0000] {dag.py:3954} INFO - Setting next_dagrun for example_task_group to 2024-04-18 00:00:00+00:00, run_after=2024-04-19 00:00:00+00:00
[2024-04-19T18:32:54.944+0000] {processor.py:183} INFO - Processing /home/airflow/.local/lib/python3.12/site-packages/airflow/example_dags/example_task_group.py took 0.830 seconds
[2024-04-19T18:33:34.016+0000] {processor.py:161} INFO - Started process (PID=101) to work on /home/airflow/.local/lib/python3.12/site-packages/airflow/example_dags/example_task_group.py
[2024-04-19T18:33:34.022+0000] {processor.py:830} INFO - Processing file /home/airflow/.local/lib/python3.12/site-packages/airflow/example_dags/example_task_group.py for tasks to queue
[2024-04-19T18:33:34.027+0000] {logging_mixin.py:188} INFO - [2024-04-19T18:33:34.026+0000] {dagbag.py:540} INFO - Filling up the DagBag from /home/airflow/.local/lib/python3.12/site-packages/airflow/example_dags/example_task_group.py
[2024-04-19T18:33:34.148+0000] {processor.py:840} INFO - DAG(s) 'example_task_group' retrieved from /home/airflow/.local/lib/python3.12/site-packages/airflow/example_dags/example_task_group.py
[2024-04-19T18:33:34.285+0000] {logging_mixin.py:188} INFO - [2024-04-19T18:33:34.285+0000] {dag.py:3096} INFO - Sync 1 DAGs
[2024-04-19T18:33:34.371+0000] {logging_mixin.py:188} INFO - [2024-04-19T18:33:34.370+0000] {dag.py:3954} INFO - Setting next_dagrun for example_task_group to 2024-04-18 00:00:00+00:00, run_after=2024-04-19 00:00:00+00:00
[2024-04-19T18:33:34.442+0000] {processor.py:183} INFO - Processing /home/airflow/.local/lib/python3.12/site-packages/airflow/example_dags/example_task_group.py took 0.438 seconds
[2024-04-19T18:34:04.600+0000] {processor.py:161} INFO - Started process (PID=157) to work on /home/airflow/.local/lib/python3.12/site-packages/airflow/example_dags/example_task_group.py
[2024-04-19T18:34:04.602+0000] {processor.py:830} INFO - Processing file /home/airflow/.local/lib/python3.12/site-packages/airflow/example_dags/example_task_group.py for tasks to queue
[2024-04-19T18:34:04.608+0000] {logging_mixin.py:188} INFO - [2024-04-19T18:34:04.607+0000] {dagbag.py:540} INFO - Filling up the DagBag from /home/airflow/.local/lib/python3.12/site-packages/airflow/example_dags/example_task_group.py
[2024-04-19T18:34:04.636+0000] {processor.py:840} INFO - DAG(s) 'example_task_group' retrieved from /home/airflow/.local/lib/python3.12/site-packages/airflow/example_dags/example_task_group.py
[2024-04-19T18:34:04.749+0000] {logging_mixin.py:188} INFO - [2024-04-19T18:34:04.748+0000] {dag.py:3096} INFO - Sync 1 DAGs
[2024-04-19T18:34:04.798+0000] {logging_mixin.py:188} INFO - [2024-04-19T18:34:04.797+0000] {dag.py:3954} INFO - Setting next_dagrun for example_task_group to 2024-04-18 00:00:00+00:00, run_after=2024-04-19 00:00:00+00:00
[2024-04-19T18:34:04.842+0000] {processor.py:183} INFO - Processing /home/airflow/.local/lib/python3.12/site-packages/airflow/example_dags/example_task_group.py took 0.253 seconds
[2024-04-19T18:34:35.394+0000] {processor.py:161} INFO - Started process (PID=215) to work on /home/airflow/.local/lib/python3.12/site-packages/airflow/example_dags/example_task_group.py
[2024-04-19T18:34:35.397+0000] {processor.py:830} INFO - Processing file /home/airflow/.local/lib/python3.12/site-packages/airflow/example_dags/example_task_group.py for tasks to queue
[2024-04-19T18:34:35.410+0000] {logging_mixin.py:188} INFO - [2024-04-19T18:34:35.409+0000] {dagbag.py:540} INFO - Filling up the DagBag from /home/airflow/.local/lib/python3.12/site-packages/airflow/example_dags/example_task_group.py
[2024-04-19T18:34:35.464+0000] {processor.py:840} INFO - DAG(s) 'example_task_group' retrieved from /home/airflow/.local/lib/python3.12/site-packages/airflow/example_dags/example_task_group.py
[2024-04-19T18:34:35.557+0000] {logging_mixin.py:188} INFO - [2024-04-19T18:34:35.557+0000] {dag.py:3096} INFO - Sync 1 DAGs
[2024-04-19T18:34:35.678+0000] {logging_mixin.py:188} INFO - [2024-04-19T18:34:35.677+0000] {dag.py:3954} INFO - Setting next_dagrun for example_task_group to 2024-04-18 00:00:00+00:00, run_after=2024-04-19 00:00:00+00:00
[2024-04-19T18:34:35.835+0000] {processor.py:183} INFO - Processing /home/airflow/.local/lib/python3.12/site-packages/airflow/example_dags/example_task_group.py took 0.457 seconds
[2024-04-19T18:35:05.928+0000] {processor.py:161} INFO - Started process (PID=273) to work on /home/airflow/.local/lib/python3.12/site-packages/airflow/example_dags/example_task_group.py
[2024-04-19T18:35:05.930+0000] {processor.py:830} INFO - Processing file /home/airflow/.local/lib/python3.12/site-packages/airflow/example_dags/example_task_group.py for tasks to queue
[2024-04-19T18:35:05.932+0000] {logging_mixin.py:188} INFO - [2024-04-19T18:35:05.932+0000] {dagbag.py:540} INFO - Filling up the DagBag from /home/airflow/.local/lib/python3.12/site-packages/airflow/example_dags/example_task_group.py
[2024-04-19T18:35:05.943+0000] {processor.py:840} INFO - DAG(s) 'example_task_group' retrieved from /home/airflow/.local/lib/python3.12/site-packages/airflow/example_dags/example_task_group.py
[2024-04-19T18:35:05.977+0000] {logging_mixin.py:188} INFO - [2024-04-19T18:35:05.976+0000] {dag.py:3096} INFO - Sync 1 DAGs
[2024-04-19T18:35:06.007+0000] {logging_mixin.py:188} INFO - [2024-04-19T18:35:06.007+0000] {dag.py:3954} INFO - Setting next_dagrun for example_task_group to 2024-04-18 00:00:00+00:00, run_after=2024-04-19 00:00:00+00:00
[2024-04-19T18:35:06.047+0000] {processor.py:183} INFO - Processing /home/airflow/.local/lib/python3.12/site-packages/airflow/example_dags/example_task_group.py took 0.128 seconds
[2024-04-19T18:35:36.148+0000] {processor.py:161} INFO - Started process (PID=331) to work on /home/airflow/.local/lib/python3.12/site-packages/airflow/example_dags/example_task_group.py
[2024-04-19T18:35:36.150+0000] {processor.py:830} INFO - Processing file /home/airflow/.local/lib/python3.12/site-packages/airflow/example_dags/example_task_group.py for tasks to queue
[2024-04-19T18:35:36.153+0000] {logging_mixin.py:188} INFO - [2024-04-19T18:35:36.153+0000] {dagbag.py:540} INFO - Filling up the DagBag from /home/airflow/.local/lib/python3.12/site-packages/airflow/example_dags/example_task_group.py
[2024-04-19T18:35:36.161+0000] {processor.py:840} INFO - DAG(s) 'example_task_group' retrieved from /home/airflow/.local/lib/python3.12/site-packages/airflow/example_dags/example_task_group.py
[2024-04-19T18:35:36.192+0000] {logging_mixin.py:188} INFO - [2024-04-19T18:35:36.191+0000] {dag.py:3096} INFO - Sync 1 DAGs
[2024-04-19T18:35:36.219+0000] {logging_mixin.py:188} INFO - [2024-04-19T18:35:36.219+0000] {dag.py:3954} INFO - Setting next_dagrun for example_task_group to 2024-04-18 00:00:00+00:00, run_after=2024-04-19 00:00:00+00:00
[2024-04-19T18:35:36.245+0000] {processor.py:183} INFO - Processing /home/airflow/.local/lib/python3.12/site-packages/airflow/example_dags/example_task_group.py took 0.103 seconds
[2024-04-19T18:36:06.425+0000] {processor.py:161} INFO - Started process (PID=390) to work on /home/airflow/.local/lib/python3.12/site-packages/airflow/example_dags/example_task_group.py
[2024-04-19T18:36:06.426+0000] {processor.py:830} INFO - Processing file /home/airflow/.local/lib/python3.12/site-packages/airflow/example_dags/example_task_group.py for tasks to queue
[2024-04-19T18:36:06.428+0000] {logging_mixin.py:188} INFO - [2024-04-19T18:36:06.428+0000] {dagbag.py:540} INFO - Filling up the DagBag from /home/airflow/.local/lib/python3.12/site-packages/airflow/example_dags/example_task_group.py
[2024-04-19T18:36:06.442+0000] {processor.py:840} INFO - DAG(s) 'example_task_group' retrieved from /home/airflow/.local/lib/python3.12/site-packages/airflow/example_dags/example_task_group.py
[2024-04-19T18:36:06.457+0000] {logging_mixin.py:188} INFO - [2024-04-19T18:36:06.457+0000] {dag.py:3096} INFO - Sync 1 DAGs
[2024-04-19T18:36:06.487+0000] {logging_mixin.py:188} INFO - [2024-04-19T18:36:06.487+0000] {dag.py:3954} INFO - Setting next_dagrun for example_task_group to 2024-04-18 00:00:00+00:00, run_after=2024-04-19 00:00:00+00:00
[2024-04-19T18:36:06.519+0000] {processor.py:183} INFO - Processing /home/airflow/.local/lib/python3.12/site-packages/airflow/example_dags/example_task_group.py took 0.109 seconds
[2024-04-19T18:36:36.622+0000] {processor.py:161} INFO - Started process (PID=448) to work on /home/airflow/.local/lib/python3.12/site-packages/airflow/example_dags/example_task_group.py
[2024-04-19T18:36:36.623+0000] {processor.py:830} INFO - Processing file /home/airflow/.local/lib/python3.12/site-packages/airflow/example_dags/example_task_group.py for tasks to queue
[2024-04-19T18:36:36.627+0000] {logging_mixin.py:188} INFO - [2024-04-19T18:36:36.627+0000] {dagbag.py:540} INFO - Filling up the DagBag from /home/airflow/.local/lib/python3.12/site-packages/airflow/example_dags/example_task_group.py
[2024-04-19T18:36:36.637+0000] {processor.py:840} INFO - DAG(s) 'example_task_group' retrieved from /home/airflow/.local/lib/python3.12/site-packages/airflow/example_dags/example_task_group.py
[2024-04-19T18:36:36.817+0000] {logging_mixin.py:188} INFO - [2024-04-19T18:36:36.816+0000] {dag.py:3096} INFO - Sync 1 DAGs
[2024-04-19T18:36:36.854+0000] {logging_mixin.py:188} INFO - [2024-04-19T18:36:36.853+0000] {dag.py:3954} INFO - Setting next_dagrun for example_task_group to 2024-04-18 00:00:00+00:00, run_after=2024-04-19 00:00:00+00:00
[2024-04-19T18:36:36.904+0000] {processor.py:183} INFO - Processing /home/airflow/.local/lib/python3.12/site-packages/airflow/example_dags/example_task_group.py took 0.290 seconds
[2024-04-19T18:37:07.298+0000] {processor.py:161} INFO - Started process (PID=506) to work on /home/airflow/.local/lib/python3.12/site-packages/airflow/example_dags/example_task_group.py
[2024-04-19T18:37:07.299+0000] {processor.py:830} INFO - Processing file /home/airflow/.local/lib/python3.12/site-packages/airflow/example_dags/example_task_group.py for tasks to queue
[2024-04-19T18:37:07.302+0000] {logging_mixin.py:188} INFO - [2024-04-19T18:37:07.301+0000] {dagbag.py:540} INFO - Filling up the DagBag from /home/airflow/.local/lib/python3.12/site-packages/airflow/example_dags/example_task_group.py
[2024-04-19T18:37:07.309+0000] {processor.py:840} INFO - DAG(s) 'example_task_group' retrieved from /home/airflow/.local/lib/python3.12/site-packages/airflow/example_dags/example_task_group.py
[2024-04-19T18:37:07.331+0000] {logging_mixin.py:188} INFO - [2024-04-19T18:37:07.330+0000] {dag.py:3096} INFO - Sync 1 DAGs
[2024-04-19T18:37:07.355+0000] {logging_mixin.py:188} INFO - [2024-04-19T18:37:07.355+0000] {dag.py:3954} INFO - Setting next_dagrun for example_task_group to 2024-04-18 00:00:00+00:00, run_after=2024-04-19 00:00:00+00:00
[2024-04-19T18:37:07.383+0000] {processor.py:183} INFO - Processing /home/airflow/.local/lib/python3.12/site-packages/airflow/example_dags/example_task_group.py took 0.091 seconds
[2024-04-19T18:37:37.494+0000] {processor.py:161} INFO - Started process (PID=564) to work on /home/airflow/.local/lib/python3.12/site-packages/airflow/example_dags/example_task_group.py
[2024-04-19T18:37:37.498+0000] {processor.py:830} INFO - Processing file /home/airflow/.local/lib/python3.12/site-packages/airflow/example_dags/example_task_group.py for tasks to queue
[2024-04-19T18:37:37.509+0000] {logging_mixin.py:188} INFO - [2024-04-19T18:37:37.506+0000] {dagbag.py:540} INFO - Filling up the DagBag from /home/airflow/.local/lib/python3.12/site-packages/airflow/example_dags/example_task_group.py
[2024-04-19T18:37:37.517+0000] {processor.py:840} INFO - DAG(s) 'example_task_group' retrieved from /home/airflow/.local/lib/python3.12/site-packages/airflow/example_dags/example_task_group.py
[2024-04-19T18:37:37.539+0000] {logging_mixin.py:188} INFO - [2024-04-19T18:37:37.538+0000] {dag.py:3096} INFO - Sync 1 DAGs
[2024-04-19T18:37:37.566+0000] {logging_mixin.py:188} INFO - [2024-04-19T18:37:37.566+0000] {dag.py:3954} INFO - Setting next_dagrun for example_task_group to 2024-04-18 00:00:00+00:00, run_after=2024-04-19 00:00:00+00:00
[2024-04-19T18:37:37.588+0000] {processor.py:183} INFO - Processing /home/airflow/.local/lib/python3.12/site-packages/airflow/example_dags/example_task_group.py took 0.107 seconds
[2024-04-19T18:38:07.807+0000] {processor.py:161} INFO - Started process (PID=624) to work on /home/airflow/.local/lib/python3.12/site-packages/airflow/example_dags/example_task_group.py
[2024-04-19T18:38:07.824+0000] {processor.py:830} INFO - Processing file /home/airflow/.local/lib/python3.12/site-packages/airflow/example_dags/example_task_group.py for tasks to queue
[2024-04-19T18:38:07.829+0000] {logging_mixin.py:188} INFO - [2024-04-19T18:38:07.827+0000] {dagbag.py:540} INFO - Filling up the DagBag from /home/airflow/.local/lib/python3.12/site-packages/airflow/example_dags/example_task_group.py
[2024-04-19T18:38:07.857+0000] {processor.py:840} INFO - DAG(s) 'example_task_group' retrieved from /home/airflow/.local/lib/python3.12/site-packages/airflow/example_dags/example_task_group.py
[2024-04-19T18:38:07.915+0000] {logging_mixin.py:188} INFO - [2024-04-19T18:38:07.915+0000] {dag.py:3096} INFO - Sync 1 DAGs
[2024-04-19T18:38:07.950+0000] {logging_mixin.py:188} INFO - [2024-04-19T18:38:07.949+0000] {dag.py:3954} INFO - Setting next_dagrun for example_task_group to 2024-04-18 00:00:00+00:00, run_after=2024-04-19 00:00:00+00:00
[2024-04-19T18:38:07.975+0000] {processor.py:183} INFO - Processing /home/airflow/.local/lib/python3.12/site-packages/airflow/example_dags/example_task_group.py took 0.218 seconds
[2024-04-19T18:38:38.412+0000] {processor.py:161} INFO - Started process (PID=684) to work on /home/airflow/.local/lib/python3.12/site-packages/airflow/example_dags/example_task_group.py
[2024-04-19T18:38:38.414+0000] {processor.py:830} INFO - Processing file /home/airflow/.local/lib/python3.12/site-packages/airflow/example_dags/example_task_group.py for tasks to queue
[2024-04-19T18:38:38.417+0000] {logging_mixin.py:188} INFO - [2024-04-19T18:38:38.416+0000] {dagbag.py:540} INFO - Filling up the DagBag from /home/airflow/.local/lib/python3.12/site-packages/airflow/example_dags/example_task_group.py
[2024-04-19T18:38:38.432+0000] {processor.py:840} INFO - DAG(s) 'example_task_group' retrieved from /home/airflow/.local/lib/python3.12/site-packages/airflow/example_dags/example_task_group.py
[2024-04-19T18:38:38.463+0000] {logging_mixin.py:188} INFO - [2024-04-19T18:38:38.462+0000] {dag.py:3096} INFO - Sync 1 DAGs
[2024-04-19T18:38:38.500+0000] {logging_mixin.py:188} INFO - [2024-04-19T18:38:38.499+0000] {dag.py:3954} INFO - Setting next_dagrun for example_task_group to 2024-04-18 00:00:00+00:00, run_after=2024-04-19 00:00:00+00:00
[2024-04-19T18:38:38.539+0000] {processor.py:183} INFO - Processing /home/airflow/.local/lib/python3.12/site-packages/airflow/example_dags/example_task_group.py took 0.147 seconds
[2024-04-19T18:39:09.001+0000] {processor.py:161} INFO - Started process (PID=744) to work on /home/airflow/.local/lib/python3.12/site-packages/airflow/example_dags/example_task_group.py
[2024-04-19T18:39:09.007+0000] {processor.py:830} INFO - Processing file /home/airflow/.local/lib/python3.12/site-packages/airflow/example_dags/example_task_group.py for tasks to queue
[2024-04-19T18:39:09.010+0000] {logging_mixin.py:188} INFO - [2024-04-19T18:39:09.010+0000] {dagbag.py:540} INFO - Filling up the DagBag from /home/airflow/.local/lib/python3.12/site-packages/airflow/example_dags/example_task_group.py
[2024-04-19T18:39:09.018+0000] {processor.py:840} INFO - DAG(s) 'example_task_group' retrieved from /home/airflow/.local/lib/python3.12/site-packages/airflow/example_dags/example_task_group.py
[2024-04-19T18:39:09.046+0000] {logging_mixin.py:188} INFO - [2024-04-19T18:39:09.046+0000] {dag.py:3096} INFO - Sync 1 DAGs
[2024-04-19T18:39:09.080+0000] {logging_mixin.py:188} INFO - [2024-04-19T18:39:09.079+0000] {dag.py:3954} INFO - Setting next_dagrun for example_task_group to 2024-04-18 00:00:00+00:00, run_after=2024-04-19 00:00:00+00:00
[2024-04-19T18:39:09.107+0000] {processor.py:183} INFO - Processing /home/airflow/.local/lib/python3.12/site-packages/airflow/example_dags/example_task_group.py took 0.113 seconds
[2024-04-19T18:39:39.657+0000] {processor.py:161} INFO - Started process (PID=803) to work on /home/airflow/.local/lib/python3.12/site-packages/airflow/example_dags/example_task_group.py
[2024-04-19T18:39:39.658+0000] {processor.py:830} INFO - Processing file /home/airflow/.local/lib/python3.12/site-packages/airflow/example_dags/example_task_group.py for tasks to queue
[2024-04-19T18:39:39.661+0000] {logging_mixin.py:188} INFO - [2024-04-19T18:39:39.660+0000] {dagbag.py:540} INFO - Filling up the DagBag from /home/airflow/.local/lib/python3.12/site-packages/airflow/example_dags/example_task_group.py
[2024-04-19T18:39:39.674+0000] {processor.py:840} INFO - DAG(s) 'example_task_group' retrieved from /home/airflow/.local/lib/python3.12/site-packages/airflow/example_dags/example_task_group.py
[2024-04-19T18:39:39.728+0000] {logging_mixin.py:188} INFO - [2024-04-19T18:39:39.727+0000] {dag.py:3096} INFO - Sync 1 DAGs
[2024-04-19T18:39:40.060+0000] {logging_mixin.py:188} INFO - [2024-04-19T18:39:40.059+0000] {dag.py:3954} INFO - Setting next_dagrun for example_task_group to 2024-04-18 00:00:00+00:00, run_after=2024-04-19 00:00:00+00:00
[2024-04-19T18:39:40.078+0000] {processor.py:183} INFO - Processing /home/airflow/.local/lib/python3.12/site-packages/airflow/example_dags/example_task_group.py took 0.428 seconds
[2024-04-19T18:40:10.840+0000] {processor.py:161} INFO - Started process (PID=862) to work on /home/airflow/.local/lib/python3.12/site-packages/airflow/example_dags/example_task_group.py
[2024-04-19T18:40:10.841+0000] {processor.py:830} INFO - Processing file /home/airflow/.local/lib/python3.12/site-packages/airflow/example_dags/example_task_group.py for tasks to queue
[2024-04-19T18:40:10.844+0000] {logging_mixin.py:188} INFO - [2024-04-19T18:40:10.843+0000] {dagbag.py:540} INFO - Filling up the DagBag from /home/airflow/.local/lib/python3.12/site-packages/airflow/example_dags/example_task_group.py
[2024-04-19T18:40:10.855+0000] {processor.py:840} INFO - DAG(s) 'example_task_group' retrieved from /home/airflow/.local/lib/python3.12/site-packages/airflow/example_dags/example_task_group.py
[2024-04-19T18:40:10.884+0000] {logging_mixin.py:188} INFO - [2024-04-19T18:40:10.883+0000] {dag.py:3096} INFO - Sync 1 DAGs
[2024-04-19T18:40:10.910+0000] {logging_mixin.py:188} INFO - [2024-04-19T18:40:10.910+0000] {dag.py:3954} INFO - Setting next_dagrun for example_task_group to 2024-04-18 00:00:00+00:00, run_after=2024-04-19 00:00:00+00:00
[2024-04-19T18:40:10.934+0000] {processor.py:183} INFO - Processing /home/airflow/.local/lib/python3.12/site-packages/airflow/example_dags/example_task_group.py took 0.102 seconds
[2024-04-19T18:40:41.297+0000] {processor.py:161} INFO - Started process (PID=921) to work on /home/airflow/.local/lib/python3.12/site-packages/airflow/example_dags/example_task_group.py
[2024-04-19T18:40:41.298+0000] {processor.py:830} INFO - Processing file /home/airflow/.local/lib/python3.12/site-packages/airflow/example_dags/example_task_group.py for tasks to queue
[2024-04-19T18:40:41.300+0000] {logging_mixin.py:188} INFO - [2024-04-19T18:40:41.300+0000] {dagbag.py:540} INFO - Filling up the DagBag from /home/airflow/.local/lib/python3.12/site-packages/airflow/example_dags/example_task_group.py
[2024-04-19T18:40:41.307+0000] {processor.py:840} INFO - DAG(s) 'example_task_group' retrieved from /home/airflow/.local/lib/python3.12/site-packages/airflow/example_dags/example_task_group.py
[2024-04-19T18:40:41.338+0000] {logging_mixin.py:188} INFO - [2024-04-19T18:40:41.337+0000] {dag.py:3096} INFO - Sync 1 DAGs
[2024-04-19T18:40:41.369+0000] {logging_mixin.py:188} INFO - [2024-04-19T18:40:41.369+0000] {dag.py:3954} INFO - Setting next_dagrun for example_task_group to 2024-04-18 00:00:00+00:00, run_after=2024-04-19 00:00:00+00:00
[2024-04-19T18:40:41.393+0000] {processor.py:183} INFO - Processing /home/airflow/.local/lib/python3.12/site-packages/airflow/example_dags/example_task_group.py took 0.104 seconds
[2024-04-19T18:41:11.726+0000] {processor.py:161} INFO - Started process (PID=982) to work on /home/airflow/.local/lib/python3.12/site-packages/airflow/example_dags/example_task_group.py
[2024-04-19T18:41:11.727+0000] {processor.py:830} INFO - Processing file /home/airflow/.local/lib/python3.12/site-packages/airflow/example_dags/example_task_group.py for tasks to queue
[2024-04-19T18:41:11.742+0000] {logging_mixin.py:188} INFO - [2024-04-19T18:41:11.741+0000] {dagbag.py:540} INFO - Filling up the DagBag from /home/airflow/.local/lib/python3.12/site-packages/airflow/example_dags/example_task_group.py
[2024-04-19T18:41:11.755+0000] {processor.py:840} INFO - DAG(s) 'example_task_group' retrieved from /home/airflow/.local/lib/python3.12/site-packages/airflow/example_dags/example_task_group.py
[2024-04-19T18:41:11.784+0000] {logging_mixin.py:188} INFO - [2024-04-19T18:41:11.783+0000] {dag.py:3096} INFO - Sync 1 DAGs
[2024-04-19T18:41:11.838+0000] {logging_mixin.py:188} INFO - [2024-04-19T18:41:11.836+0000] {dag.py:3954} INFO - Setting next_dagrun for example_task_group to 2024-04-18 00:00:00+00:00, run_after=2024-04-19 00:00:00+00:00
[2024-04-19T18:41:11.891+0000] {processor.py:183} INFO - Processing /home/airflow/.local/lib/python3.12/site-packages/airflow/example_dags/example_task_group.py took 0.173 seconds
[2024-04-19T18:41:42.443+0000] {processor.py:161} INFO - Started process (PID=1042) to work on /home/airflow/.local/lib/python3.12/site-packages/airflow/example_dags/example_task_group.py
[2024-04-19T18:41:42.446+0000] {processor.py:830} INFO - Processing file /home/airflow/.local/lib/python3.12/site-packages/airflow/example_dags/example_task_group.py for tasks to queue
[2024-04-19T18:41:42.454+0000] {logging_mixin.py:188} INFO - [2024-04-19T18:41:42.454+0000] {dagbag.py:540} INFO - Filling up the DagBag from /home/airflow/.local/lib/python3.12/site-packages/airflow/example_dags/example_task_group.py
[2024-04-19T18:41:42.496+0000] {processor.py:840} INFO - DAG(s) 'example_task_group' retrieved from /home/airflow/.local/lib/python3.12/site-packages/airflow/example_dags/example_task_group.py
[2024-04-19T18:41:42.610+0000] {logging_mixin.py:188} INFO - [2024-04-19T18:41:42.610+0000] {dag.py:3096} INFO - Sync 1 DAGs
[2024-04-19T18:41:42.692+0000] {logging_mixin.py:188} INFO - [2024-04-19T18:41:42.692+0000] {dag.py:3954} INFO - Setting next_dagrun for example_task_group to 2024-04-18 00:00:00+00:00, run_after=2024-04-19 00:00:00+00:00
[2024-04-19T18:41:42.767+0000] {processor.py:183} INFO - Processing /home/airflow/.local/lib/python3.12/site-packages/airflow/example_dags/example_task_group.py took 0.377 seconds
[2024-04-19T18:42:13.099+0000] {processor.py:161} INFO - Started process (PID=1102) to work on /home/airflow/.local/lib/python3.12/site-packages/airflow/example_dags/example_task_group.py
[2024-04-19T18:42:13.100+0000] {processor.py:830} INFO - Processing file /home/airflow/.local/lib/python3.12/site-packages/airflow/example_dags/example_task_group.py for tasks to queue
[2024-04-19T18:42:13.102+0000] {logging_mixin.py:188} INFO - [2024-04-19T18:42:13.102+0000] {dagbag.py:540} INFO - Filling up the DagBag from /home/airflow/.local/lib/python3.12/site-packages/airflow/example_dags/example_task_group.py
[2024-04-19T18:42:13.115+0000] {processor.py:840} INFO - DAG(s) 'example_task_group' retrieved from /home/airflow/.local/lib/python3.12/site-packages/airflow/example_dags/example_task_group.py
[2024-04-19T18:42:13.157+0000] {logging_mixin.py:188} INFO - [2024-04-19T18:42:13.157+0000] {dag.py:3096} INFO - Sync 1 DAGs
[2024-04-19T18:42:13.186+0000] {logging_mixin.py:188} INFO - [2024-04-19T18:42:13.185+0000] {dag.py:3954} INFO - Setting next_dagrun for example_task_group to 2024-04-18 00:00:00+00:00, run_after=2024-04-19 00:00:00+00:00
[2024-04-19T18:42:13.217+0000] {processor.py:183} INFO - Processing /home/airflow/.local/lib/python3.12/site-packages/airflow/example_dags/example_task_group.py took 0.126 seconds
[2024-04-19T18:42:43.697+0000] {processor.py:161} INFO - Started process (PID=1161) to work on /home/airflow/.local/lib/python3.12/site-packages/airflow/example_dags/example_task_group.py
[2024-04-19T18:42:43.699+0000] {processor.py:830} INFO - Processing file /home/airflow/.local/lib/python3.12/site-packages/airflow/example_dags/example_task_group.py for tasks to queue
[2024-04-19T18:42:43.701+0000] {logging_mixin.py:188} INFO - [2024-04-19T18:42:43.701+0000] {dagbag.py:540} INFO - Filling up the DagBag from /home/airflow/.local/lib/python3.12/site-packages/airflow/example_dags/example_task_group.py
[2024-04-19T18:42:43.711+0000] {processor.py:840} INFO - DAG(s) 'example_task_group' retrieved from /home/airflow/.local/lib/python3.12/site-packages/airflow/example_dags/example_task_group.py
[2024-04-19T18:42:43.739+0000] {logging_mixin.py:188} INFO - [2024-04-19T18:42:43.739+0000] {dag.py:3096} INFO - Sync 1 DAGs
[2024-04-19T18:42:43.782+0000] {logging_mixin.py:188} INFO - [2024-04-19T18:42:43.782+0000] {dag.py:3954} INFO - Setting next_dagrun for example_task_group to 2024-04-18 00:00:00+00:00, run_after=2024-04-19 00:00:00+00:00
[2024-04-19T18:42:43.811+0000] {processor.py:183} INFO - Processing /home/airflow/.local/lib/python3.12/site-packages/airflow/example_dags/example_task_group.py took 0.122 seconds
[2024-04-19T18:43:13.943+0000] {processor.py:161} INFO - Started process (PID=1221) to work on /home/airflow/.local/lib/python3.12/site-packages/airflow/example_dags/example_task_group.py
[2024-04-19T18:43:13.945+0000] {processor.py:830} INFO - Processing file /home/airflow/.local/lib/python3.12/site-packages/airflow/example_dags/example_task_group.py for tasks to queue
[2024-04-19T18:43:13.947+0000] {logging_mixin.py:188} INFO - [2024-04-19T18:43:13.946+0000] {dagbag.py:540} INFO - Filling up the DagBag from /home/airflow/.local/lib/python3.12/site-packages/airflow/example_dags/example_task_group.py
[2024-04-19T18:43:13.957+0000] {processor.py:840} INFO - DAG(s) 'example_task_group' retrieved from /home/airflow/.local/lib/python3.12/site-packages/airflow/example_dags/example_task_group.py
[2024-04-19T18:43:13.981+0000] {logging_mixin.py:188} INFO - [2024-04-19T18:43:13.980+0000] {dag.py:3096} INFO - Sync 1 DAGs
[2024-04-19T18:43:14.005+0000] {logging_mixin.py:188} INFO - [2024-04-19T18:43:14.005+0000] {dag.py:3954} INFO - Setting next_dagrun for example_task_group to 2024-04-18 00:00:00+00:00, run_after=2024-04-19 00:00:00+00:00
[2024-04-19T18:43:14.026+0000] {processor.py:183} INFO - Processing /home/airflow/.local/lib/python3.12/site-packages/airflow/example_dags/example_task_group.py took 0.090 seconds
[2024-04-19T18:43:44.331+0000] {processor.py:161} INFO - Started process (PID=1281) to work on /home/airflow/.local/lib/python3.12/site-packages/airflow/example_dags/example_task_group.py
[2024-04-19T18:43:44.332+0000] {processor.py:830} INFO - Processing file /home/airflow/.local/lib/python3.12/site-packages/airflow/example_dags/example_task_group.py for tasks to queue
[2024-04-19T18:43:44.335+0000] {logging_mixin.py:188} INFO - [2024-04-19T18:43:44.335+0000] {dagbag.py:540} INFO - Filling up the DagBag from /home/airflow/.local/lib/python3.12/site-packages/airflow/example_dags/example_task_group.py
[2024-04-19T18:43:44.347+0000] {processor.py:840} INFO - DAG(s) 'example_task_group' retrieved from /home/airflow/.local/lib/python3.12/site-packages/airflow/example_dags/example_task_group.py
[2024-04-19T18:43:44.377+0000] {logging_mixin.py:188} INFO - [2024-04-19T18:43:44.377+0000] {dag.py:3096} INFO - Sync 1 DAGs
[2024-04-19T18:43:44.410+0000] {logging_mixin.py:188} INFO - [2024-04-19T18:43:44.410+0000] {dag.py:3954} INFO - Setting next_dagrun for example_task_group to 2024-04-18 00:00:00+00:00, run_after=2024-04-19 00:00:00+00:00
[2024-04-19T18:43:44.433+0000] {processor.py:183} INFO - Processing /home/airflow/.local/lib/python3.12/site-packages/airflow/example_dags/example_task_group.py took 0.110 seconds
[2024-04-19T18:44:17.923+0000] {processor.py:161} INFO - Started process (PID=1341) to work on /home/airflow/.local/lib/python3.12/site-packages/airflow/example_dags/example_task_group.py
[2024-04-19T18:44:17.925+0000] {processor.py:830} INFO - Processing file /home/airflow/.local/lib/python3.12/site-packages/airflow/example_dags/example_task_group.py for tasks to queue
[2024-04-19T18:44:17.928+0000] {logging_mixin.py:188} INFO - [2024-04-19T18:44:17.927+0000] {dagbag.py:540} INFO - Filling up the DagBag from /home/airflow/.local/lib/python3.12/site-packages/airflow/example_dags/example_task_group.py
[2024-04-19T18:44:17.943+0000] {processor.py:840} INFO - DAG(s) 'example_task_group' retrieved from /home/airflow/.local/lib/python3.12/site-packages/airflow/example_dags/example_task_group.py
[2024-04-19T18:44:17.979+0000] {logging_mixin.py:188} INFO - [2024-04-19T18:44:17.978+0000] {dag.py:3096} INFO - Sync 1 DAGs
[2024-04-19T18:44:18.022+0000] {logging_mixin.py:188} INFO - [2024-04-19T18:44:18.022+0000] {dag.py:3954} INFO - Setting next_dagrun for example_task_group to 2024-04-18 00:00:00+00:00, run_after=2024-04-19 00:00:00+00:00
[2024-04-19T18:44:18.052+0000] {processor.py:183} INFO - Processing /home/airflow/.local/lib/python3.12/site-packages/airflow/example_dags/example_task_group.py took 0.137 seconds
[2024-04-19T18:44:48.186+0000] {processor.py:161} INFO - Started process (PID=1401) to work on /home/airflow/.local/lib/python3.12/site-packages/airflow/example_dags/example_task_group.py
[2024-04-19T18:44:48.187+0000] {processor.py:830} INFO - Processing file /home/airflow/.local/lib/python3.12/site-packages/airflow/example_dags/example_task_group.py for tasks to queue
[2024-04-19T18:44:48.189+0000] {logging_mixin.py:188} INFO - [2024-04-19T18:44:48.189+0000] {dagbag.py:540} INFO - Filling up the DagBag from /home/airflow/.local/lib/python3.12/site-packages/airflow/example_dags/example_task_group.py
[2024-04-19T18:44:48.197+0000] {processor.py:840} INFO - DAG(s) 'example_task_group' retrieved from /home/airflow/.local/lib/python3.12/site-packages/airflow/example_dags/example_task_group.py
[2024-04-19T18:44:48.222+0000] {logging_mixin.py:188} INFO - [2024-04-19T18:44:48.221+0000] {dag.py:3096} INFO - Sync 1 DAGs
[2024-04-19T18:44:48.246+0000] {logging_mixin.py:188} INFO - [2024-04-19T18:44:48.246+0000] {dag.py:3954} INFO - Setting next_dagrun for example_task_group to 2024-04-18 00:00:00+00:00, run_after=2024-04-19 00:00:00+00:00
[2024-04-19T18:44:48.266+0000] {processor.py:183} INFO - Processing /home/airflow/.local/lib/python3.12/site-packages/airflow/example_dags/example_task_group.py took 0.086 seconds
[2024-04-19T18:45:19.205+0000] {processor.py:161} INFO - Started process (PID=1461) to work on /home/airflow/.local/lib/python3.12/site-packages/airflow/example_dags/example_task_group.py
[2024-04-19T18:45:19.206+0000] {processor.py:830} INFO - Processing file /home/airflow/.local/lib/python3.12/site-packages/airflow/example_dags/example_task_group.py for tasks to queue
[2024-04-19T18:45:19.208+0000] {logging_mixin.py:188} INFO - [2024-04-19T18:45:19.207+0000] {dagbag.py:540} INFO - Filling up the DagBag from /home/airflow/.local/lib/python3.12/site-packages/airflow/example_dags/example_task_group.py
[2024-04-19T18:45:19.217+0000] {processor.py:840} INFO - DAG(s) 'example_task_group' retrieved from /home/airflow/.local/lib/python3.12/site-packages/airflow/example_dags/example_task_group.py
[2024-04-19T18:45:19.246+0000] {logging_mixin.py:188} INFO - [2024-04-19T18:45:19.246+0000] {dag.py:3096} INFO - Sync 1 DAGs
[2024-04-19T18:45:19.273+0000] {logging_mixin.py:188} INFO - [2024-04-19T18:45:19.273+0000] {dag.py:3954} INFO - Setting next_dagrun for example_task_group to 2024-04-18 00:00:00+00:00, run_after=2024-04-19 00:00:00+00:00
[2024-04-19T18:45:19.294+0000] {processor.py:183} INFO - Processing /home/airflow/.local/lib/python3.12/site-packages/airflow/example_dags/example_task_group.py took 0.094 seconds
[2024-04-19T18:45:50.356+0000] {processor.py:161} INFO - Started process (PID=1521) to work on /home/airflow/.local/lib/python3.12/site-packages/airflow/example_dags/example_task_group.py
[2024-04-19T18:45:50.359+0000] {processor.py:830} INFO - Processing file /home/airflow/.local/lib/python3.12/site-packages/airflow/example_dags/example_task_group.py for tasks to queue
[2024-04-19T18:45:50.363+0000] {logging_mixin.py:188} INFO - [2024-04-19T18:45:50.363+0000] {dagbag.py:540} INFO - Filling up the DagBag from /home/airflow/.local/lib/python3.12/site-packages/airflow/example_dags/example_task_group.py
[2024-04-19T18:45:50.372+0000] {processor.py:840} INFO - DAG(s) 'example_task_group' retrieved from /home/airflow/.local/lib/python3.12/site-packages/airflow/example_dags/example_task_group.py
[2024-04-19T18:45:50.400+0000] {logging_mixin.py:188} INFO - [2024-04-19T18:45:50.400+0000] {dag.py:3096} INFO - Sync 1 DAGs
[2024-04-19T18:45:50.435+0000] {logging_mixin.py:188} INFO - [2024-04-19T18:45:50.435+0000] {dag.py:3954} INFO - Setting next_dagrun for example_task_group to 2024-04-18 00:00:00+00:00, run_after=2024-04-19 00:00:00+00:00
[2024-04-19T18:45:50.463+0000] {processor.py:183} INFO - Processing /home/airflow/.local/lib/python3.12/site-packages/airflow/example_dags/example_task_group.py took 0.115 seconds
[2024-04-19T18:46:20.574+0000] {processor.py:161} INFO - Started process (PID=1582) to work on /home/airflow/.local/lib/python3.12/site-packages/airflow/example_dags/example_task_group.py
[2024-04-19T18:46:20.575+0000] {processor.py:830} INFO - Processing file /home/airflow/.local/lib/python3.12/site-packages/airflow/example_dags/example_task_group.py for tasks to queue
[2024-04-19T18:46:20.577+0000] {logging_mixin.py:188} INFO - [2024-04-19T18:46:20.577+0000] {dagbag.py:540} INFO - Filling up the DagBag from /home/airflow/.local/lib/python3.12/site-packages/airflow/example_dags/example_task_group.py
[2024-04-19T18:46:20.586+0000] {processor.py:840} INFO - DAG(s) 'example_task_group' retrieved from /home/airflow/.local/lib/python3.12/site-packages/airflow/example_dags/example_task_group.py
[2024-04-19T18:46:20.615+0000] {logging_mixin.py:188} INFO - [2024-04-19T18:46:20.615+0000] {dag.py:3096} INFO - Sync 1 DAGs
[2024-04-19T18:46:20.644+0000] {logging_mixin.py:188} INFO - [2024-04-19T18:46:20.643+0000] {dag.py:3954} INFO - Setting next_dagrun for example_task_group to 2024-04-18 00:00:00+00:00, run_after=2024-04-19 00:00:00+00:00
[2024-04-19T18:46:20.668+0000] {processor.py:183} INFO - Processing /home/airflow/.local/lib/python3.12/site-packages/airflow/example_dags/example_task_group.py took 0.100 seconds
[2024-04-19T18:46:51.862+0000] {processor.py:161} INFO - Started process (PID=1642) to work on /home/airflow/.local/lib/python3.12/site-packages/airflow/example_dags/example_task_group.py
[2024-04-19T18:46:51.865+0000] {processor.py:830} INFO - Processing file /home/airflow/.local/lib/python3.12/site-packages/airflow/example_dags/example_task_group.py for tasks to queue
[2024-04-19T18:46:51.873+0000] {logging_mixin.py:188} INFO - [2024-04-19T18:46:51.870+0000] {dagbag.py:540} INFO - Filling up the DagBag from /home/airflow/.local/lib/python3.12/site-packages/airflow/example_dags/example_task_group.py
[2024-04-19T18:46:51.887+0000] {processor.py:840} INFO - DAG(s) 'example_task_group' retrieved from /home/airflow/.local/lib/python3.12/site-packages/airflow/example_dags/example_task_group.py
[2024-04-19T18:46:51.924+0000] {logging_mixin.py:188} INFO - [2024-04-19T18:46:51.924+0000] {dag.py:3096} INFO - Sync 1 DAGs
[2024-04-19T18:46:51.965+0000] {logging_mixin.py:188} INFO - [2024-04-19T18:46:51.964+0000] {dag.py:3954} INFO - Setting next_dagrun for example_task_group to 2024-04-18 00:00:00+00:00, run_after=2024-04-19 00:00:00+00:00
[2024-04-19T18:46:51.996+0000] {processor.py:183} INFO - Processing /home/airflow/.local/lib/python3.12/site-packages/airflow/example_dags/example_task_group.py took 0.143 seconds
[2024-04-19T18:47:22.436+0000] {processor.py:161} INFO - Started process (PID=1702) to work on /home/airflow/.local/lib/python3.12/site-packages/airflow/example_dags/example_task_group.py
[2024-04-19T18:47:22.437+0000] {processor.py:830} INFO - Processing file /home/airflow/.local/lib/python3.12/site-packages/airflow/example_dags/example_task_group.py for tasks to queue
[2024-04-19T18:47:22.439+0000] {logging_mixin.py:188} INFO - [2024-04-19T18:47:22.439+0000] {dagbag.py:540} INFO - Filling up the DagBag from /home/airflow/.local/lib/python3.12/site-packages/airflow/example_dags/example_task_group.py
[2024-04-19T18:47:22.446+0000] {processor.py:840} INFO - DAG(s) 'example_task_group' retrieved from /home/airflow/.local/lib/python3.12/site-packages/airflow/example_dags/example_task_group.py
[2024-04-19T18:47:22.489+0000] {logging_mixin.py:188} INFO - [2024-04-19T18:47:22.488+0000] {dag.py:3096} INFO - Sync 1 DAGs
[2024-04-19T18:47:22.539+0000] {logging_mixin.py:188} INFO - [2024-04-19T18:47:22.539+0000] {dag.py:3954} INFO - Setting next_dagrun for example_task_group to 2024-04-18 00:00:00+00:00, run_after=2024-04-19 00:00:00+00:00
[2024-04-19T18:47:22.576+0000] {processor.py:183} INFO - Processing /home/airflow/.local/lib/python3.12/site-packages/airflow/example_dags/example_task_group.py took 0.146 seconds
[2024-04-19T18:47:53.158+0000] {processor.py:161} INFO - Started process (PID=1762) to work on /home/airflow/.local/lib/python3.12/site-packages/airflow/example_dags/example_task_group.py
[2024-04-19T18:47:53.159+0000] {processor.py:830} INFO - Processing file /home/airflow/.local/lib/python3.12/site-packages/airflow/example_dags/example_task_group.py for tasks to queue
[2024-04-19T18:47:53.160+0000] {logging_mixin.py:188} INFO - [2024-04-19T18:47:53.160+0000] {dagbag.py:540} INFO - Filling up the DagBag from /home/airflow/.local/lib/python3.12/site-packages/airflow/example_dags/example_task_group.py
[2024-04-19T18:47:53.173+0000] {processor.py:840} INFO - DAG(s) 'example_task_group' retrieved from /home/airflow/.local/lib/python3.12/site-packages/airflow/example_dags/example_task_group.py
[2024-04-19T18:47:53.214+0000] {logging_mixin.py:188} INFO - [2024-04-19T18:47:53.214+0000] {dag.py:3096} INFO - Sync 1 DAGs
[2024-04-19T18:47:53.259+0000] {logging_mixin.py:188} INFO - [2024-04-19T18:47:53.259+0000] {dag.py:3954} INFO - Setting next_dagrun for example_task_group to 2024-04-18 00:00:00+00:00, run_after=2024-04-19 00:00:00+00:00
[2024-04-19T18:47:53.339+0000] {processor.py:183} INFO - Processing /home/airflow/.local/lib/python3.12/site-packages/airflow/example_dags/example_task_group.py took 0.199 seconds
[2024-04-19T18:48:24.173+0000] {processor.py:161} INFO - Started process (PID=1822) to work on /home/airflow/.local/lib/python3.12/site-packages/airflow/example_dags/example_task_group.py
[2024-04-19T18:48:24.174+0000] {processor.py:830} INFO - Processing file /home/airflow/.local/lib/python3.12/site-packages/airflow/example_dags/example_task_group.py for tasks to queue
[2024-04-19T18:48:24.175+0000] {logging_mixin.py:188} INFO - [2024-04-19T18:48:24.175+0000] {dagbag.py:540} INFO - Filling up the DagBag from /home/airflow/.local/lib/python3.12/site-packages/airflow/example_dags/example_task_group.py
[2024-04-19T18:48:24.183+0000] {processor.py:840} INFO - DAG(s) 'example_task_group' retrieved from /home/airflow/.local/lib/python3.12/site-packages/airflow/example_dags/example_task_group.py
[2024-04-19T18:48:24.205+0000] {logging_mixin.py:188} INFO - [2024-04-19T18:48:24.205+0000] {dag.py:3096} INFO - Sync 1 DAGs
[2024-04-19T18:48:24.225+0000] {logging_mixin.py:188} INFO - [2024-04-19T18:48:24.225+0000] {dag.py:3954} INFO - Setting next_dagrun for example_task_group to 2024-04-18 00:00:00+00:00, run_after=2024-04-19 00:00:00+00:00
[2024-04-19T18:48:24.245+0000] {processor.py:183} INFO - Processing /home/airflow/.local/lib/python3.12/site-packages/airflow/example_dags/example_task_group.py took 0.078 seconds
[2024-04-19T18:48:54.505+0000] {processor.py:161} INFO - Started process (PID=1881) to work on /home/airflow/.local/lib/python3.12/site-packages/airflow/example_dags/example_task_group.py
[2024-04-19T18:48:54.506+0000] {processor.py:830} INFO - Processing file /home/airflow/.local/lib/python3.12/site-packages/airflow/example_dags/example_task_group.py for tasks to queue
[2024-04-19T18:48:54.508+0000] {logging_mixin.py:188} INFO - [2024-04-19T18:48:54.507+0000] {dagbag.py:540} INFO - Filling up the DagBag from /home/airflow/.local/lib/python3.12/site-packages/airflow/example_dags/example_task_group.py
[2024-04-19T18:48:54.523+0000] {processor.py:840} INFO - DAG(s) 'example_task_group' retrieved from /home/airflow/.local/lib/python3.12/site-packages/airflow/example_dags/example_task_group.py
[2024-04-19T18:48:54.566+0000] {logging_mixin.py:188} INFO - [2024-04-19T18:48:54.566+0000] {dag.py:3096} INFO - Sync 1 DAGs
[2024-04-19T18:48:54.604+0000] {logging_mixin.py:188} INFO - [2024-04-19T18:48:54.603+0000] {dag.py:3954} INFO - Setting next_dagrun for example_task_group to 2024-04-18 00:00:00+00:00, run_after=2024-04-19 00:00:00+00:00
[2024-04-19T18:48:54.636+0000] {processor.py:183} INFO - Processing /home/airflow/.local/lib/python3.12/site-packages/airflow/example_dags/example_task_group.py took 0.139 seconds
[2024-04-19T18:55:59.755+0000] {processor.py:161} INFO - Started process (PID=53) to work on /home/airflow/.local/lib/python3.12/site-packages/airflow/example_dags/example_task_group.py
[2024-04-19T18:55:59.787+0000] {processor.py:830} INFO - Processing file /home/airflow/.local/lib/python3.12/site-packages/airflow/example_dags/example_task_group.py for tasks to queue
[2024-04-19T18:55:59.846+0000] {logging_mixin.py:188} INFO - [2024-04-19T18:55:59.841+0000] {dagbag.py:540} INFO - Filling up the DagBag from /home/airflow/.local/lib/python3.12/site-packages/airflow/example_dags/example_task_group.py
[2024-04-19T18:55:59.982+0000] {processor.py:840} INFO - DAG(s) 'example_task_group' retrieved from /home/airflow/.local/lib/python3.12/site-packages/airflow/example_dags/example_task_group.py
[2024-04-19T18:56:00.276+0000] {logging_mixin.py:188} INFO - [2024-04-19T18:56:00.275+0000] {dag.py:3096} INFO - Sync 1 DAGs
[2024-04-19T18:56:00.643+0000] {logging_mixin.py:188} INFO - [2024-04-19T18:56:00.643+0000] {dag.py:3954} INFO - Setting next_dagrun for example_task_group to 2024-04-18 00:00:00+00:00, run_after=2024-04-19 00:00:00+00:00
[2024-04-19T18:56:00.739+0000] {processor.py:183} INFO - Processing /home/airflow/.local/lib/python3.12/site-packages/airflow/example_dags/example_task_group.py took 1.070 seconds
[2024-04-19T18:56:31.670+0000] {processor.py:161} INFO - Started process (PID=112) to work on /home/airflow/.local/lib/python3.12/site-packages/airflow/example_dags/example_task_group.py
[2024-04-19T18:56:31.672+0000] {processor.py:830} INFO - Processing file /home/airflow/.local/lib/python3.12/site-packages/airflow/example_dags/example_task_group.py for tasks to queue
[2024-04-19T18:56:31.675+0000] {logging_mixin.py:188} INFO - [2024-04-19T18:56:31.674+0000] {dagbag.py:540} INFO - Filling up the DagBag from /home/airflow/.local/lib/python3.12/site-packages/airflow/example_dags/example_task_group.py
[2024-04-19T18:56:31.688+0000] {processor.py:840} INFO - DAG(s) 'example_task_group' retrieved from /home/airflow/.local/lib/python3.12/site-packages/airflow/example_dags/example_task_group.py
[2024-04-19T18:56:31.726+0000] {logging_mixin.py:188} INFO - [2024-04-19T18:56:31.725+0000] {dag.py:3096} INFO - Sync 1 DAGs
[2024-04-19T18:56:31.787+0000] {logging_mixin.py:188} INFO - [2024-04-19T18:56:31.787+0000] {dag.py:3954} INFO - Setting next_dagrun for example_task_group to 2024-04-18 00:00:00+00:00, run_after=2024-04-19 00:00:00+00:00
[2024-04-19T18:56:31.830+0000] {processor.py:183} INFO - Processing /home/airflow/.local/lib/python3.12/site-packages/airflow/example_dags/example_task_group.py took 0.169 seconds
[2024-04-19T18:57:03.833+0000] {processor.py:161} INFO - Started process (PID=169) to work on /home/airflow/.local/lib/python3.12/site-packages/airflow/example_dags/example_task_group.py
[2024-04-19T18:57:03.835+0000] {processor.py:830} INFO - Processing file /home/airflow/.local/lib/python3.12/site-packages/airflow/example_dags/example_task_group.py for tasks to queue
[2024-04-19T18:57:03.836+0000] {logging_mixin.py:188} INFO - [2024-04-19T18:57:03.836+0000] {dagbag.py:540} INFO - Filling up the DagBag from /home/airflow/.local/lib/python3.12/site-packages/airflow/example_dags/example_task_group.py
[2024-04-19T18:57:03.850+0000] {processor.py:840} INFO - DAG(s) 'example_task_group' retrieved from /home/airflow/.local/lib/python3.12/site-packages/airflow/example_dags/example_task_group.py
[2024-04-19T18:57:03.987+0000] {logging_mixin.py:188} INFO - [2024-04-19T18:57:03.986+0000] {dag.py:3096} INFO - Sync 1 DAGs
[2024-04-19T18:57:04.044+0000] {logging_mixin.py:188} INFO - [2024-04-19T18:57:04.044+0000] {dag.py:3954} INFO - Setting next_dagrun for example_task_group to 2024-04-18 00:00:00+00:00, run_after=2024-04-19 00:00:00+00:00
[2024-04-19T18:57:04.068+0000] {processor.py:183} INFO - Processing /home/airflow/.local/lib/python3.12/site-packages/airflow/example_dags/example_task_group.py took 0.244 seconds
[2024-04-19T18:57:34.413+0000] {processor.py:161} INFO - Started process (PID=228) to work on /home/airflow/.local/lib/python3.12/site-packages/airflow/example_dags/example_task_group.py
[2024-04-19T18:57:34.422+0000] {processor.py:830} INFO - Processing file /home/airflow/.local/lib/python3.12/site-packages/airflow/example_dags/example_task_group.py for tasks to queue
[2024-04-19T18:57:34.427+0000] {logging_mixin.py:188} INFO - [2024-04-19T18:57:34.426+0000] {dagbag.py:540} INFO - Filling up the DagBag from /home/airflow/.local/lib/python3.12/site-packages/airflow/example_dags/example_task_group.py
[2024-04-19T18:57:34.454+0000] {processor.py:840} INFO - DAG(s) 'example_task_group' retrieved from /home/airflow/.local/lib/python3.12/site-packages/airflow/example_dags/example_task_group.py
[2024-04-19T18:57:34.505+0000] {logging_mixin.py:188} INFO - [2024-04-19T18:57:34.505+0000] {dag.py:3096} INFO - Sync 1 DAGs
[2024-04-19T18:57:34.558+0000] {logging_mixin.py:188} INFO - [2024-04-19T18:57:34.558+0000] {dag.py:3954} INFO - Setting next_dagrun for example_task_group to 2024-04-18 00:00:00+00:00, run_after=2024-04-19 00:00:00+00:00
[2024-04-19T18:57:34.663+0000] {processor.py:183} INFO - Processing /home/airflow/.local/lib/python3.12/site-packages/airflow/example_dags/example_task_group.py took 0.261 seconds
[2024-04-19T18:58:05.277+0000] {processor.py:161} INFO - Started process (PID=289) to work on /home/airflow/.local/lib/python3.12/site-packages/airflow/example_dags/example_task_group.py
[2024-04-19T18:58:05.282+0000] {processor.py:830} INFO - Processing file /home/airflow/.local/lib/python3.12/site-packages/airflow/example_dags/example_task_group.py for tasks to queue
[2024-04-19T18:58:05.284+0000] {logging_mixin.py:188} INFO - [2024-04-19T18:58:05.283+0000] {dagbag.py:540} INFO - Filling up the DagBag from /home/airflow/.local/lib/python3.12/site-packages/airflow/example_dags/example_task_group.py
[2024-04-19T18:58:05.293+0000] {processor.py:840} INFO - DAG(s) 'example_task_group' retrieved from /home/airflow/.local/lib/python3.12/site-packages/airflow/example_dags/example_task_group.py
[2024-04-19T18:58:05.320+0000] {logging_mixin.py:188} INFO - [2024-04-19T18:58:05.320+0000] {dag.py:3096} INFO - Sync 1 DAGs
[2024-04-19T18:58:05.372+0000] {logging_mixin.py:188} INFO - [2024-04-19T18:58:05.372+0000] {dag.py:3954} INFO - Setting next_dagrun for example_task_group to 2024-04-18 00:00:00+00:00, run_after=2024-04-19 00:00:00+00:00
[2024-04-19T18:58:05.403+0000] {processor.py:183} INFO - Processing /home/airflow/.local/lib/python3.12/site-packages/airflow/example_dags/example_task_group.py took 0.132 seconds
[2024-04-19T18:58:36.670+0000] {processor.py:161} INFO - Started process (PID=348) to work on /home/airflow/.local/lib/python3.12/site-packages/airflow/example_dags/example_task_group.py
[2024-04-19T18:58:36.682+0000] {processor.py:830} INFO - Processing file /home/airflow/.local/lib/python3.12/site-packages/airflow/example_dags/example_task_group.py for tasks to queue
[2024-04-19T18:58:36.689+0000] {logging_mixin.py:188} INFO - [2024-04-19T18:58:36.689+0000] {dagbag.py:540} INFO - Filling up the DagBag from /home/airflow/.local/lib/python3.12/site-packages/airflow/example_dags/example_task_group.py
[2024-04-19T18:58:36.722+0000] {processor.py:840} INFO - DAG(s) 'example_task_group' retrieved from /home/airflow/.local/lib/python3.12/site-packages/airflow/example_dags/example_task_group.py
[2024-04-19T18:58:36.802+0000] {logging_mixin.py:188} INFO - [2024-04-19T18:58:36.802+0000] {dag.py:3096} INFO - Sync 1 DAGs
[2024-04-19T18:58:36.900+0000] {logging_mixin.py:188} INFO - [2024-04-19T18:58:36.899+0000] {dag.py:3954} INFO - Setting next_dagrun for example_task_group to 2024-04-18 00:00:00+00:00, run_after=2024-04-19 00:00:00+00:00
[2024-04-19T18:58:36.981+0000] {processor.py:183} INFO - Processing /home/airflow/.local/lib/python3.12/site-packages/airflow/example_dags/example_task_group.py took 0.323 seconds
[2024-04-19T18:59:08.002+0000] {processor.py:161} INFO - Started process (PID=407) to work on /home/airflow/.local/lib/python3.12/site-packages/airflow/example_dags/example_task_group.py
[2024-04-19T18:59:08.003+0000] {processor.py:830} INFO - Processing file /home/airflow/.local/lib/python3.12/site-packages/airflow/example_dags/example_task_group.py for tasks to queue
[2024-04-19T18:59:08.004+0000] {logging_mixin.py:188} INFO - [2024-04-19T18:59:08.004+0000] {dagbag.py:540} INFO - Filling up the DagBag from /home/airflow/.local/lib/python3.12/site-packages/airflow/example_dags/example_task_group.py
[2024-04-19T18:59:08.017+0000] {processor.py:840} INFO - DAG(s) 'example_task_group' retrieved from /home/airflow/.local/lib/python3.12/site-packages/airflow/example_dags/example_task_group.py
[2024-04-19T18:59:08.039+0000] {logging_mixin.py:188} INFO - [2024-04-19T18:59:08.039+0000] {dag.py:3096} INFO - Sync 1 DAGs
[2024-04-19T18:59:08.069+0000] {logging_mixin.py:188} INFO - [2024-04-19T18:59:08.069+0000] {dag.py:3954} INFO - Setting next_dagrun for example_task_group to 2024-04-18 00:00:00+00:00, run_after=2024-04-19 00:00:00+00:00
[2024-04-19T18:59:08.093+0000] {processor.py:183} INFO - Processing /home/airflow/.local/lib/python3.12/site-packages/airflow/example_dags/example_task_group.py took 0.103 seconds
[2024-04-19T18:59:38.671+0000] {processor.py:161} INFO - Started process (PID=466) to work on /home/airflow/.local/lib/python3.12/site-packages/airflow/example_dags/example_task_group.py
[2024-04-19T18:59:38.672+0000] {processor.py:830} INFO - Processing file /home/airflow/.local/lib/python3.12/site-packages/airflow/example_dags/example_task_group.py for tasks to queue
[2024-04-19T18:59:38.673+0000] {logging_mixin.py:188} INFO - [2024-04-19T18:59:38.673+0000] {dagbag.py:540} INFO - Filling up the DagBag from /home/airflow/.local/lib/python3.12/site-packages/airflow/example_dags/example_task_group.py
[2024-04-19T18:59:38.685+0000] {processor.py:840} INFO - DAG(s) 'example_task_group' retrieved from /home/airflow/.local/lib/python3.12/site-packages/airflow/example_dags/example_task_group.py
[2024-04-19T18:59:38.739+0000] {logging_mixin.py:188} INFO - [2024-04-19T18:59:38.739+0000] {dag.py:3096} INFO - Sync 1 DAGs
[2024-04-19T18:59:38.775+0000] {logging_mixin.py:188} INFO - [2024-04-19T18:59:38.774+0000] {dag.py:3954} INFO - Setting next_dagrun for example_task_group to 2024-04-18 00:00:00+00:00, run_after=2024-04-19 00:00:00+00:00
[2024-04-19T18:59:38.811+0000] {processor.py:183} INFO - Processing /home/airflow/.local/lib/python3.12/site-packages/airflow/example_dags/example_task_group.py took 0.147 seconds
[2024-04-19T19:00:09.094+0000] {processor.py:161} INFO - Started process (PID=526) to work on /home/airflow/.local/lib/python3.12/site-packages/airflow/example_dags/example_task_group.py
[2024-04-19T19:00:09.106+0000] {processor.py:830} INFO - Processing file /home/airflow/.local/lib/python3.12/site-packages/airflow/example_dags/example_task_group.py for tasks to queue
[2024-04-19T19:00:09.108+0000] {logging_mixin.py:188} INFO - [2024-04-19T19:00:09.108+0000] {dagbag.py:540} INFO - Filling up the DagBag from /home/airflow/.local/lib/python3.12/site-packages/airflow/example_dags/example_task_group.py
[2024-04-19T19:00:09.128+0000] {processor.py:840} INFO - DAG(s) 'example_task_group' retrieved from /home/airflow/.local/lib/python3.12/site-packages/airflow/example_dags/example_task_group.py
[2024-04-19T19:00:09.196+0000] {logging_mixin.py:188} INFO - [2024-04-19T19:00:09.196+0000] {dag.py:3096} INFO - Sync 1 DAGs
[2024-04-19T19:00:09.276+0000] {logging_mixin.py:188} INFO - [2024-04-19T19:00:09.276+0000] {dag.py:3954} INFO - Setting next_dagrun for example_task_group to 2024-04-18 00:00:00+00:00, run_after=2024-04-19 00:00:00+00:00
[2024-04-19T19:00:09.313+0000] {processor.py:183} INFO - Processing /home/airflow/.local/lib/python3.12/site-packages/airflow/example_dags/example_task_group.py took 0.236 seconds
[2024-04-19T19:00:40.210+0000] {processor.py:161} INFO - Started process (PID=586) to work on /home/airflow/.local/lib/python3.12/site-packages/airflow/example_dags/example_task_group.py
[2024-04-19T19:00:40.211+0000] {processor.py:830} INFO - Processing file /home/airflow/.local/lib/python3.12/site-packages/airflow/example_dags/example_task_group.py for tasks to queue
[2024-04-19T19:00:40.212+0000] {logging_mixin.py:188} INFO - [2024-04-19T19:00:40.211+0000] {dagbag.py:540} INFO - Filling up the DagBag from /home/airflow/.local/lib/python3.12/site-packages/airflow/example_dags/example_task_group.py
[2024-04-19T19:00:40.222+0000] {processor.py:840} INFO - DAG(s) 'example_task_group' retrieved from /home/airflow/.local/lib/python3.12/site-packages/airflow/example_dags/example_task_group.py
[2024-04-19T19:00:40.247+0000] {logging_mixin.py:188} INFO - [2024-04-19T19:00:40.246+0000] {dag.py:3096} INFO - Sync 1 DAGs
[2024-04-19T19:00:40.271+0000] {logging_mixin.py:188} INFO - [2024-04-19T19:00:40.271+0000] {dag.py:3954} INFO - Setting next_dagrun for example_task_group to 2024-04-18 00:00:00+00:00, run_after=2024-04-19 00:00:00+00:00
[2024-04-19T19:00:40.295+0000] {processor.py:183} INFO - Processing /home/airflow/.local/lib/python3.12/site-packages/airflow/example_dags/example_task_group.py took 0.092 seconds
[2024-04-19T19:01:10.406+0000] {processor.py:161} INFO - Started process (PID=646) to work on /home/airflow/.local/lib/python3.12/site-packages/airflow/example_dags/example_task_group.py
[2024-04-19T19:01:10.407+0000] {processor.py:830} INFO - Processing file /home/airflow/.local/lib/python3.12/site-packages/airflow/example_dags/example_task_group.py for tasks to queue
[2024-04-19T19:01:10.408+0000] {logging_mixin.py:188} INFO - [2024-04-19T19:01:10.408+0000] {dagbag.py:540} INFO - Filling up the DagBag from /home/airflow/.local/lib/python3.12/site-packages/airflow/example_dags/example_task_group.py
[2024-04-19T19:01:10.421+0000] {processor.py:840} INFO - DAG(s) 'example_task_group' retrieved from /home/airflow/.local/lib/python3.12/site-packages/airflow/example_dags/example_task_group.py
[2024-04-19T19:01:10.452+0000] {logging_mixin.py:188} INFO - [2024-04-19T19:01:10.451+0000] {dag.py:3096} INFO - Sync 1 DAGs
[2024-04-19T19:01:10.486+0000] {logging_mixin.py:188} INFO - [2024-04-19T19:01:10.486+0000] {dag.py:3954} INFO - Setting next_dagrun for example_task_group to 2024-04-18 00:00:00+00:00, run_after=2024-04-19 00:00:00+00:00
[2024-04-19T19:01:10.525+0000] {processor.py:183} INFO - Processing /home/airflow/.local/lib/python3.12/site-packages/airflow/example_dags/example_task_group.py took 0.126 seconds
[2024-04-19T19:01:40.725+0000] {processor.py:161} INFO - Started process (PID=706) to work on /home/airflow/.local/lib/python3.12/site-packages/airflow/example_dags/example_task_group.py
[2024-04-19T19:01:40.729+0000] {processor.py:830} INFO - Processing file /home/airflow/.local/lib/python3.12/site-packages/airflow/example_dags/example_task_group.py for tasks to queue
[2024-04-19T19:01:40.731+0000] {logging_mixin.py:188} INFO - [2024-04-19T19:01:40.731+0000] {dagbag.py:540} INFO - Filling up the DagBag from /home/airflow/.local/lib/python3.12/site-packages/airflow/example_dags/example_task_group.py
[2024-04-19T19:01:40.743+0000] {processor.py:840} INFO - DAG(s) 'example_task_group' retrieved from /home/airflow/.local/lib/python3.12/site-packages/airflow/example_dags/example_task_group.py
[2024-04-19T19:01:40.822+0000] {logging_mixin.py:188} INFO - [2024-04-19T19:01:40.822+0000] {dag.py:3096} INFO - Sync 1 DAGs
[2024-04-19T19:01:40.898+0000] {logging_mixin.py:188} INFO - [2024-04-19T19:01:40.897+0000] {dag.py:3954} INFO - Setting next_dagrun for example_task_group to 2024-04-18 00:00:00+00:00, run_after=2024-04-19 00:00:00+00:00
[2024-04-19T19:01:40.951+0000] {processor.py:183} INFO - Processing /home/airflow/.local/lib/python3.12/site-packages/airflow/example_dags/example_task_group.py took 0.234 seconds
[2024-04-19T19:02:11.839+0000] {processor.py:161} INFO - Started process (PID=766) to work on /home/airflow/.local/lib/python3.12/site-packages/airflow/example_dags/example_task_group.py
[2024-04-19T19:02:11.852+0000] {processor.py:830} INFO - Processing file /home/airflow/.local/lib/python3.12/site-packages/airflow/example_dags/example_task_group.py for tasks to queue
[2024-04-19T19:02:11.864+0000] {logging_mixin.py:188} INFO - [2024-04-19T19:02:11.863+0000] {dagbag.py:540} INFO - Filling up the DagBag from /home/airflow/.local/lib/python3.12/site-packages/airflow/example_dags/example_task_group.py
[2024-04-19T19:02:11.896+0000] {processor.py:840} INFO - DAG(s) 'example_task_group' retrieved from /home/airflow/.local/lib/python3.12/site-packages/airflow/example_dags/example_task_group.py
[2024-04-19T19:02:11.962+0000] {logging_mixin.py:188} INFO - [2024-04-19T19:02:11.962+0000] {dag.py:3096} INFO - Sync 1 DAGs
[2024-04-19T19:02:12.063+0000] {logging_mixin.py:188} INFO - [2024-04-19T19:02:12.063+0000] {dag.py:3954} INFO - Setting next_dagrun for example_task_group to 2024-04-18 00:00:00+00:00, run_after=2024-04-19 00:00:00+00:00
[2024-04-19T19:02:12.123+0000] {processor.py:183} INFO - Processing /home/airflow/.local/lib/python3.12/site-packages/airflow/example_dags/example_task_group.py took 0.295 seconds
[2024-04-19T19:02:42.163+0000] {processor.py:161} INFO - Started process (PID=826) to work on /home/airflow/.local/lib/python3.12/site-packages/airflow/example_dags/example_task_group.py
[2024-04-19T19:02:42.164+0000] {processor.py:830} INFO - Processing file /home/airflow/.local/lib/python3.12/site-packages/airflow/example_dags/example_task_group.py for tasks to queue
[2024-04-19T19:02:42.165+0000] {logging_mixin.py:188} INFO - [2024-04-19T19:02:42.165+0000] {dagbag.py:540} INFO - Filling up the DagBag from /home/airflow/.local/lib/python3.12/site-packages/airflow/example_dags/example_task_group.py
[2024-04-19T19:02:42.172+0000] {processor.py:840} INFO - DAG(s) 'example_task_group' retrieved from /home/airflow/.local/lib/python3.12/site-packages/airflow/example_dags/example_task_group.py
[2024-04-19T19:02:42.197+0000] {logging_mixin.py:188} INFO - [2024-04-19T19:02:42.197+0000] {dag.py:3096} INFO - Sync 1 DAGs
[2024-04-19T19:02:42.224+0000] {logging_mixin.py:188} INFO - [2024-04-19T19:02:42.223+0000] {dag.py:3954} INFO - Setting next_dagrun for example_task_group to 2024-04-18 00:00:00+00:00, run_after=2024-04-19 00:00:00+00:00
[2024-04-19T19:02:42.251+0000] {processor.py:183} INFO - Processing /home/airflow/.local/lib/python3.12/site-packages/airflow/example_dags/example_task_group.py took 0.094 seconds
[2024-04-19T19:03:13.272+0000] {processor.py:161} INFO - Started process (PID=885) to work on /home/airflow/.local/lib/python3.12/site-packages/airflow/example_dags/example_task_group.py
[2024-04-19T19:03:13.273+0000] {processor.py:830} INFO - Processing file /home/airflow/.local/lib/python3.12/site-packages/airflow/example_dags/example_task_group.py for tasks to queue
[2024-04-19T19:03:13.274+0000] {logging_mixin.py:188} INFO - [2024-04-19T19:03:13.274+0000] {dagbag.py:540} INFO - Filling up the DagBag from /home/airflow/.local/lib/python3.12/site-packages/airflow/example_dags/example_task_group.py
[2024-04-19T19:03:13.282+0000] {processor.py:840} INFO - DAG(s) 'example_task_group' retrieved from /home/airflow/.local/lib/python3.12/site-packages/airflow/example_dags/example_task_group.py
[2024-04-19T19:03:13.307+0000] {logging_mixin.py:188} INFO - [2024-04-19T19:03:13.306+0000] {dag.py:3096} INFO - Sync 1 DAGs
[2024-04-19T19:03:13.337+0000] {logging_mixin.py:188} INFO - [2024-04-19T19:03:13.337+0000] {dag.py:3954} INFO - Setting next_dagrun for example_task_group to 2024-04-18 00:00:00+00:00, run_after=2024-04-19 00:00:00+00:00
[2024-04-19T19:03:13.368+0000] {processor.py:183} INFO - Processing /home/airflow/.local/lib/python3.12/site-packages/airflow/example_dags/example_task_group.py took 0.101 seconds
[2024-04-19T19:03:44.237+0000] {processor.py:161} INFO - Started process (PID=945) to work on /home/airflow/.local/lib/python3.12/site-packages/airflow/example_dags/example_task_group.py
[2024-04-19T19:03:44.239+0000] {processor.py:830} INFO - Processing file /home/airflow/.local/lib/python3.12/site-packages/airflow/example_dags/example_task_group.py for tasks to queue
[2024-04-19T19:03:44.241+0000] {logging_mixin.py:188} INFO - [2024-04-19T19:03:44.240+0000] {dagbag.py:540} INFO - Filling up the DagBag from /home/airflow/.local/lib/python3.12/site-packages/airflow/example_dags/example_task_group.py
[2024-04-19T19:03:44.253+0000] {processor.py:840} INFO - DAG(s) 'example_task_group' retrieved from /home/airflow/.local/lib/python3.12/site-packages/airflow/example_dags/example_task_group.py
[2024-04-19T19:03:44.277+0000] {logging_mixin.py:188} INFO - [2024-04-19T19:03:44.277+0000] {dag.py:3096} INFO - Sync 1 DAGs
[2024-04-19T19:03:44.310+0000] {logging_mixin.py:188} INFO - [2024-04-19T19:03:44.309+0000] {dag.py:3954} INFO - Setting next_dagrun for example_task_group to 2024-04-18 00:00:00+00:00, run_after=2024-04-19 00:00:00+00:00
[2024-04-19T19:03:44.330+0000] {processor.py:183} INFO - Processing /home/airflow/.local/lib/python3.12/site-packages/airflow/example_dags/example_task_group.py took 0.104 seconds
[2024-04-19T19:04:14.819+0000] {processor.py:161} INFO - Started process (PID=1004) to work on /home/airflow/.local/lib/python3.12/site-packages/airflow/example_dags/example_task_group.py
[2024-04-19T19:04:14.828+0000] {processor.py:830} INFO - Processing file /home/airflow/.local/lib/python3.12/site-packages/airflow/example_dags/example_task_group.py for tasks to queue
[2024-04-19T19:04:14.831+0000] {logging_mixin.py:188} INFO - [2024-04-19T19:04:14.831+0000] {dagbag.py:540} INFO - Filling up the DagBag from /home/airflow/.local/lib/python3.12/site-packages/airflow/example_dags/example_task_group.py
[2024-04-19T19:04:14.866+0000] {processor.py:840} INFO - DAG(s) 'example_task_group' retrieved from /home/airflow/.local/lib/python3.12/site-packages/airflow/example_dags/example_task_group.py
[2024-04-19T19:04:14.915+0000] {logging_mixin.py:188} INFO - [2024-04-19T19:04:14.914+0000] {dag.py:3096} INFO - Sync 1 DAGs
[2024-04-19T19:04:14.949+0000] {logging_mixin.py:188} INFO - [2024-04-19T19:04:14.949+0000] {dag.py:3954} INFO - Setting next_dagrun for example_task_group to 2024-04-18 00:00:00+00:00, run_after=2024-04-19 00:00:00+00:00
[2024-04-19T19:04:15.013+0000] {processor.py:183} INFO - Processing /home/airflow/.local/lib/python3.12/site-packages/airflow/example_dags/example_task_group.py took 0.229 seconds
[2024-04-19T19:04:46.354+0000] {processor.py:161} INFO - Started process (PID=1064) to work on /home/airflow/.local/lib/python3.12/site-packages/airflow/example_dags/example_task_group.py
[2024-04-19T19:04:46.355+0000] {processor.py:830} INFO - Processing file /home/airflow/.local/lib/python3.12/site-packages/airflow/example_dags/example_task_group.py for tasks to queue
[2024-04-19T19:04:46.358+0000] {logging_mixin.py:188} INFO - [2024-04-19T19:04:46.357+0000] {dagbag.py:540} INFO - Filling up the DagBag from /home/airflow/.local/lib/python3.12/site-packages/airflow/example_dags/example_task_group.py
[2024-04-19T19:04:46.368+0000] {processor.py:840} INFO - DAG(s) 'example_task_group' retrieved from /home/airflow/.local/lib/python3.12/site-packages/airflow/example_dags/example_task_group.py
[2024-04-19T19:04:46.399+0000] {logging_mixin.py:188} INFO - [2024-04-19T19:04:46.399+0000] {dag.py:3096} INFO - Sync 1 DAGs
[2024-04-19T19:04:46.422+0000] {logging_mixin.py:188} INFO - [2024-04-19T19:04:46.422+0000] {dag.py:3954} INFO - Setting next_dagrun for example_task_group to 2024-04-18 00:00:00+00:00, run_after=2024-04-19 00:00:00+00:00
[2024-04-19T19:04:46.578+0000] {processor.py:183} INFO - Processing /home/airflow/.local/lib/python3.12/site-packages/airflow/example_dags/example_task_group.py took 0.232 seconds
[2024-04-19T19:05:16.843+0000] {processor.py:161} INFO - Started process (PID=1124) to work on /home/airflow/.local/lib/python3.12/site-packages/airflow/example_dags/example_task_group.py
[2024-04-19T19:05:16.844+0000] {processor.py:830} INFO - Processing file /home/airflow/.local/lib/python3.12/site-packages/airflow/example_dags/example_task_group.py for tasks to queue
[2024-04-19T19:05:16.845+0000] {logging_mixin.py:188} INFO - [2024-04-19T19:05:16.845+0000] {dagbag.py:540} INFO - Filling up the DagBag from /home/airflow/.local/lib/python3.12/site-packages/airflow/example_dags/example_task_group.py
[2024-04-19T19:05:16.852+0000] {processor.py:840} INFO - DAG(s) 'example_task_group' retrieved from /home/airflow/.local/lib/python3.12/site-packages/airflow/example_dags/example_task_group.py
[2024-04-19T19:05:17.041+0000] {logging_mixin.py:188} INFO - [2024-04-19T19:05:17.040+0000] {dag.py:3096} INFO - Sync 1 DAGs
[2024-04-19T19:05:17.058+0000] {logging_mixin.py:188} INFO - [2024-04-19T19:05:17.058+0000] {dag.py:3954} INFO - Setting next_dagrun for example_task_group to 2024-04-18 00:00:00+00:00, run_after=2024-04-19 00:00:00+00:00
[2024-04-19T19:05:17.078+0000] {processor.py:183} INFO - Processing /home/airflow/.local/lib/python3.12/site-packages/airflow/example_dags/example_task_group.py took 0.240 seconds
[2024-04-19T19:05:47.344+0000] {processor.py:161} INFO - Started process (PID=1184) to work on /home/airflow/.local/lib/python3.12/site-packages/airflow/example_dags/example_task_group.py
[2024-04-19T19:05:47.345+0000] {processor.py:830} INFO - Processing file /home/airflow/.local/lib/python3.12/site-packages/airflow/example_dags/example_task_group.py for tasks to queue
[2024-04-19T19:05:47.346+0000] {logging_mixin.py:188} INFO - [2024-04-19T19:05:47.345+0000] {dagbag.py:540} INFO - Filling up the DagBag from /home/airflow/.local/lib/python3.12/site-packages/airflow/example_dags/example_task_group.py
[2024-04-19T19:05:47.354+0000] {processor.py:840} INFO - DAG(s) 'example_task_group' retrieved from /home/airflow/.local/lib/python3.12/site-packages/airflow/example_dags/example_task_group.py
[2024-04-19T19:05:47.383+0000] {logging_mixin.py:188} INFO - [2024-04-19T19:05:47.382+0000] {dag.py:3096} INFO - Sync 1 DAGs
[2024-04-19T19:05:47.411+0000] {logging_mixin.py:188} INFO - [2024-04-19T19:05:47.411+0000] {dag.py:3954} INFO - Setting next_dagrun for example_task_group to 2024-04-18 00:00:00+00:00, run_after=2024-04-19 00:00:00+00:00
[2024-04-19T19:05:47.430+0000] {processor.py:183} INFO - Processing /home/airflow/.local/lib/python3.12/site-packages/airflow/example_dags/example_task_group.py took 0.092 seconds
[2024-04-19T19:06:18.219+0000] {processor.py:161} INFO - Started process (PID=1245) to work on /home/airflow/.local/lib/python3.12/site-packages/airflow/example_dags/example_task_group.py
[2024-04-19T19:06:18.220+0000] {processor.py:830} INFO - Processing file /home/airflow/.local/lib/python3.12/site-packages/airflow/example_dags/example_task_group.py for tasks to queue
[2024-04-19T19:06:18.221+0000] {logging_mixin.py:188} INFO - [2024-04-19T19:06:18.221+0000] {dagbag.py:540} INFO - Filling up the DagBag from /home/airflow/.local/lib/python3.12/site-packages/airflow/example_dags/example_task_group.py
[2024-04-19T19:06:18.230+0000] {processor.py:840} INFO - DAG(s) 'example_task_group' retrieved from /home/airflow/.local/lib/python3.12/site-packages/airflow/example_dags/example_task_group.py
[2024-04-19T19:06:18.255+0000] {logging_mixin.py:188} INFO - [2024-04-19T19:06:18.255+0000] {dag.py:3096} INFO - Sync 1 DAGs
[2024-04-19T19:06:18.281+0000] {logging_mixin.py:188} INFO - [2024-04-19T19:06:18.281+0000] {dag.py:3954} INFO - Setting next_dagrun for example_task_group to 2024-04-18 00:00:00+00:00, run_after=2024-04-19 00:00:00+00:00
[2024-04-19T19:06:18.307+0000] {processor.py:183} INFO - Processing /home/airflow/.local/lib/python3.12/site-packages/airflow/example_dags/example_task_group.py took 0.095 seconds
[2024-04-19T19:06:49.217+0000] {processor.py:161} INFO - Started process (PID=1305) to work on /home/airflow/.local/lib/python3.12/site-packages/airflow/example_dags/example_task_group.py
[2024-04-19T19:06:49.218+0000] {processor.py:830} INFO - Processing file /home/airflow/.local/lib/python3.12/site-packages/airflow/example_dags/example_task_group.py for tasks to queue
[2024-04-19T19:06:49.219+0000] {logging_mixin.py:188} INFO - [2024-04-19T19:06:49.219+0000] {dagbag.py:540} INFO - Filling up the DagBag from /home/airflow/.local/lib/python3.12/site-packages/airflow/example_dags/example_task_group.py
[2024-04-19T19:06:49.227+0000] {processor.py:840} INFO - DAG(s) 'example_task_group' retrieved from /home/airflow/.local/lib/python3.12/site-packages/airflow/example_dags/example_task_group.py
[2024-04-19T19:06:49.252+0000] {logging_mixin.py:188} INFO - [2024-04-19T19:06:49.252+0000] {dag.py:3096} INFO - Sync 1 DAGs
[2024-04-19T19:06:49.277+0000] {logging_mixin.py:188} INFO - [2024-04-19T19:06:49.277+0000] {dag.py:3954} INFO - Setting next_dagrun for example_task_group to 2024-04-18 00:00:00+00:00, run_after=2024-04-19 00:00:00+00:00
[2024-04-19T19:06:49.296+0000] {processor.py:183} INFO - Processing /home/airflow/.local/lib/python3.12/site-packages/airflow/example_dags/example_task_group.py took 0.086 seconds
[2024-04-19T19:07:19.682+0000] {processor.py:161} INFO - Started process (PID=1365) to work on /home/airflow/.local/lib/python3.12/site-packages/airflow/example_dags/example_task_group.py
[2024-04-19T19:07:19.684+0000] {processor.py:830} INFO - Processing file /home/airflow/.local/lib/python3.12/site-packages/airflow/example_dags/example_task_group.py for tasks to queue
[2024-04-19T19:07:19.685+0000] {logging_mixin.py:188} INFO - [2024-04-19T19:07:19.685+0000] {dagbag.py:540} INFO - Filling up the DagBag from /home/airflow/.local/lib/python3.12/site-packages/airflow/example_dags/example_task_group.py
[2024-04-19T19:07:19.699+0000] {processor.py:840} INFO - DAG(s) 'example_task_group' retrieved from /home/airflow/.local/lib/python3.12/site-packages/airflow/example_dags/example_task_group.py
[2024-04-19T19:07:19.729+0000] {logging_mixin.py:188} INFO - [2024-04-19T19:07:19.728+0000] {dag.py:3096} INFO - Sync 1 DAGs
[2024-04-19T19:07:19.767+0000] {logging_mixin.py:188} INFO - [2024-04-19T19:07:19.766+0000] {dag.py:3954} INFO - Setting next_dagrun for example_task_group to 2024-04-18 00:00:00+00:00, run_after=2024-04-19 00:00:00+00:00
[2024-04-19T19:07:19.797+0000] {processor.py:183} INFO - Processing /home/airflow/.local/lib/python3.12/site-packages/airflow/example_dags/example_task_group.py took 0.123 seconds
[2024-04-19T19:07:50.423+0000] {processor.py:161} INFO - Started process (PID=1425) to work on /home/airflow/.local/lib/python3.12/site-packages/airflow/example_dags/example_task_group.py
[2024-04-19T19:07:50.425+0000] {processor.py:830} INFO - Processing file /home/airflow/.local/lib/python3.12/site-packages/airflow/example_dags/example_task_group.py for tasks to queue
[2024-04-19T19:07:50.426+0000] {logging_mixin.py:188} INFO - [2024-04-19T19:07:50.426+0000] {dagbag.py:540} INFO - Filling up the DagBag from /home/airflow/.local/lib/python3.12/site-packages/airflow/example_dags/example_task_group.py
[2024-04-19T19:07:50.439+0000] {processor.py:840} INFO - DAG(s) 'example_task_group' retrieved from /home/airflow/.local/lib/python3.12/site-packages/airflow/example_dags/example_task_group.py
[2024-04-19T19:07:50.474+0000] {logging_mixin.py:188} INFO - [2024-04-19T19:07:50.474+0000] {dag.py:3096} INFO - Sync 1 DAGs
[2024-04-19T19:07:50.510+0000] {logging_mixin.py:188} INFO - [2024-04-19T19:07:50.510+0000] {dag.py:3954} INFO - Setting next_dagrun for example_task_group to 2024-04-18 00:00:00+00:00, run_after=2024-04-19 00:00:00+00:00
[2024-04-19T19:07:50.542+0000] {processor.py:183} INFO - Processing /home/airflow/.local/lib/python3.12/site-packages/airflow/example_dags/example_task_group.py took 0.129 seconds
[2024-04-19T19:08:22.254+0000] {processor.py:161} INFO - Started process (PID=1485) to work on /home/airflow/.local/lib/python3.12/site-packages/airflow/example_dags/example_task_group.py
[2024-04-19T19:08:22.260+0000] {processor.py:830} INFO - Processing file /home/airflow/.local/lib/python3.12/site-packages/airflow/example_dags/example_task_group.py for tasks to queue
[2024-04-19T19:08:22.264+0000] {logging_mixin.py:188} INFO - [2024-04-19T19:08:22.263+0000] {dagbag.py:540} INFO - Filling up the DagBag from /home/airflow/.local/lib/python3.12/site-packages/airflow/example_dags/example_task_group.py
[2024-04-19T19:08:22.303+0000] {processor.py:840} INFO - DAG(s) 'example_task_group' retrieved from /home/airflow/.local/lib/python3.12/site-packages/airflow/example_dags/example_task_group.py
[2024-04-19T19:08:22.375+0000] {logging_mixin.py:188} INFO - [2024-04-19T19:08:22.374+0000] {dag.py:3096} INFO - Sync 1 DAGs
[2024-04-19T19:08:22.447+0000] {logging_mixin.py:188} INFO - [2024-04-19T19:08:22.447+0000] {dag.py:3954} INFO - Setting next_dagrun for example_task_group to 2024-04-18 00:00:00+00:00, run_after=2024-04-19 00:00:00+00:00
[2024-04-19T19:08:22.575+0000] {processor.py:183} INFO - Processing /home/airflow/.local/lib/python3.12/site-packages/airflow/example_dags/example_task_group.py took 0.343 seconds
[2024-04-19T19:08:52.835+0000] {processor.py:161} INFO - Started process (PID=1546) to work on /home/airflow/.local/lib/python3.12/site-packages/airflow/example_dags/example_task_group.py
[2024-04-19T19:08:52.836+0000] {processor.py:830} INFO - Processing file /home/airflow/.local/lib/python3.12/site-packages/airflow/example_dags/example_task_group.py for tasks to queue
[2024-04-19T19:08:52.837+0000] {logging_mixin.py:188} INFO - [2024-04-19T19:08:52.836+0000] {dagbag.py:540} INFO - Filling up the DagBag from /home/airflow/.local/lib/python3.12/site-packages/airflow/example_dags/example_task_group.py
[2024-04-19T19:08:52.844+0000] {processor.py:840} INFO - DAG(s) 'example_task_group' retrieved from /home/airflow/.local/lib/python3.12/site-packages/airflow/example_dags/example_task_group.py
[2024-04-19T19:08:52.865+0000] {logging_mixin.py:188} INFO - [2024-04-19T19:08:52.864+0000] {dag.py:3096} INFO - Sync 1 DAGs
[2024-04-19T19:08:52.885+0000] {logging_mixin.py:188} INFO - [2024-04-19T19:08:52.885+0000] {dag.py:3954} INFO - Setting next_dagrun for example_task_group to 2024-04-18 00:00:00+00:00, run_after=2024-04-19 00:00:00+00:00
[2024-04-19T19:08:52.906+0000] {processor.py:183} INFO - Processing /home/airflow/.local/lib/python3.12/site-packages/airflow/example_dags/example_task_group.py took 0.077 seconds
[2024-04-19T19:09:24.000+0000] {processor.py:161} INFO - Started process (PID=1606) to work on /home/airflow/.local/lib/python3.12/site-packages/airflow/example_dags/example_task_group.py
[2024-04-19T19:09:24.002+0000] {processor.py:830} INFO - Processing file /home/airflow/.local/lib/python3.12/site-packages/airflow/example_dags/example_task_group.py for tasks to queue
[2024-04-19T19:09:24.003+0000] {logging_mixin.py:188} INFO - [2024-04-19T19:09:24.002+0000] {dagbag.py:540} INFO - Filling up the DagBag from /home/airflow/.local/lib/python3.12/site-packages/airflow/example_dags/example_task_group.py
[2024-04-19T19:09:24.011+0000] {processor.py:840} INFO - DAG(s) 'example_task_group' retrieved from /home/airflow/.local/lib/python3.12/site-packages/airflow/example_dags/example_task_group.py
[2024-04-19T19:09:24.036+0000] {logging_mixin.py:188} INFO - [2024-04-19T19:09:24.036+0000] {dag.py:3096} INFO - Sync 1 DAGs
[2024-04-19T19:09:24.058+0000] {logging_mixin.py:188} INFO - [2024-04-19T19:09:24.058+0000] {dag.py:3954} INFO - Setting next_dagrun for example_task_group to 2024-04-18 00:00:00+00:00, run_after=2024-04-19 00:00:00+00:00
[2024-04-19T19:09:24.082+0000] {processor.py:183} INFO - Processing /home/airflow/.local/lib/python3.12/site-packages/airflow/example_dags/example_task_group.py took 0.096 seconds
[2024-04-19T19:09:55.021+0000] {processor.py:161} INFO - Started process (PID=1666) to work on /home/airflow/.local/lib/python3.12/site-packages/airflow/example_dags/example_task_group.py
[2024-04-19T19:09:55.023+0000] {processor.py:830} INFO - Processing file /home/airflow/.local/lib/python3.12/site-packages/airflow/example_dags/example_task_group.py for tasks to queue
[2024-04-19T19:09:55.025+0000] {logging_mixin.py:188} INFO - [2024-04-19T19:09:55.024+0000] {dagbag.py:540} INFO - Filling up the DagBag from /home/airflow/.local/lib/python3.12/site-packages/airflow/example_dags/example_task_group.py
[2024-04-19T19:09:55.119+0000] {processor.py:840} INFO - DAG(s) 'example_task_group' retrieved from /home/airflow/.local/lib/python3.12/site-packages/airflow/example_dags/example_task_group.py
[2024-04-19T19:09:55.143+0000] {logging_mixin.py:188} INFO - [2024-04-19T19:09:55.143+0000] {dag.py:3096} INFO - Sync 1 DAGs
[2024-04-19T19:09:55.168+0000] {logging_mixin.py:188} INFO - [2024-04-19T19:09:55.168+0000] {dag.py:3954} INFO - Setting next_dagrun for example_task_group to 2024-04-18 00:00:00+00:00, run_after=2024-04-19 00:00:00+00:00
[2024-04-19T19:09:55.340+0000] {processor.py:183} INFO - Processing /home/airflow/.local/lib/python3.12/site-packages/airflow/example_dags/example_task_group.py took 0.325 seconds
[2024-04-19T19:10:25.676+0000] {processor.py:161} INFO - Started process (PID=1726) to work on /home/airflow/.local/lib/python3.12/site-packages/airflow/example_dags/example_task_group.py
[2024-04-19T19:10:25.677+0000] {processor.py:830} INFO - Processing file /home/airflow/.local/lib/python3.12/site-packages/airflow/example_dags/example_task_group.py for tasks to queue
[2024-04-19T19:10:25.678+0000] {logging_mixin.py:188} INFO - [2024-04-19T19:10:25.677+0000] {dagbag.py:540} INFO - Filling up the DagBag from /home/airflow/.local/lib/python3.12/site-packages/airflow/example_dags/example_task_group.py
[2024-04-19T19:10:25.685+0000] {processor.py:840} INFO - DAG(s) 'example_task_group' retrieved from /home/airflow/.local/lib/python3.12/site-packages/airflow/example_dags/example_task_group.py
[2024-04-19T19:10:25.712+0000] {logging_mixin.py:188} INFO - [2024-04-19T19:10:25.712+0000] {dag.py:3096} INFO - Sync 1 DAGs
[2024-04-19T19:10:25.741+0000] {logging_mixin.py:188} INFO - [2024-04-19T19:10:25.741+0000] {dag.py:3954} INFO - Setting next_dagrun for example_task_group to 2024-04-18 00:00:00+00:00, run_after=2024-04-19 00:00:00+00:00
[2024-04-19T19:10:25.763+0000] {processor.py:183} INFO - Processing /home/airflow/.local/lib/python3.12/site-packages/airflow/example_dags/example_task_group.py took 0.096 seconds
[2024-04-19T19:10:56.263+0000] {processor.py:161} INFO - Started process (PID=1786) to work on /home/airflow/.local/lib/python3.12/site-packages/airflow/example_dags/example_task_group.py
[2024-04-19T19:10:56.264+0000] {processor.py:830} INFO - Processing file /home/airflow/.local/lib/python3.12/site-packages/airflow/example_dags/example_task_group.py for tasks to queue
[2024-04-19T19:10:56.265+0000] {logging_mixin.py:188} INFO - [2024-04-19T19:10:56.265+0000] {dagbag.py:540} INFO - Filling up the DagBag from /home/airflow/.local/lib/python3.12/site-packages/airflow/example_dags/example_task_group.py
[2024-04-19T19:10:56.272+0000] {processor.py:840} INFO - DAG(s) 'example_task_group' retrieved from /home/airflow/.local/lib/python3.12/site-packages/airflow/example_dags/example_task_group.py
[2024-04-19T19:10:56.293+0000] {logging_mixin.py:188} INFO - [2024-04-19T19:10:56.293+0000] {dag.py:3096} INFO - Sync 1 DAGs
[2024-04-19T19:10:56.313+0000] {logging_mixin.py:188} INFO - [2024-04-19T19:10:56.313+0000] {dag.py:3954} INFO - Setting next_dagrun for example_task_group to 2024-04-18 00:00:00+00:00, run_after=2024-04-19 00:00:00+00:00
[2024-04-19T19:10:56.335+0000] {processor.py:183} INFO - Processing /home/airflow/.local/lib/python3.12/site-packages/airflow/example_dags/example_task_group.py took 0.077 seconds
[2024-04-19T19:11:26.720+0000] {processor.py:161} INFO - Started process (PID=1846) to work on /home/airflow/.local/lib/python3.12/site-packages/airflow/example_dags/example_task_group.py
[2024-04-19T19:11:26.721+0000] {processor.py:830} INFO - Processing file /home/airflow/.local/lib/python3.12/site-packages/airflow/example_dags/example_task_group.py for tasks to queue
[2024-04-19T19:11:26.723+0000] {logging_mixin.py:188} INFO - [2024-04-19T19:11:26.722+0000] {dagbag.py:540} INFO - Filling up the DagBag from /home/airflow/.local/lib/python3.12/site-packages/airflow/example_dags/example_task_group.py
[2024-04-19T19:11:26.733+0000] {processor.py:840} INFO - DAG(s) 'example_task_group' retrieved from /home/airflow/.local/lib/python3.12/site-packages/airflow/example_dags/example_task_group.py
[2024-04-19T19:11:26.753+0000] {logging_mixin.py:188} INFO - [2024-04-19T19:11:26.753+0000] {dag.py:3096} INFO - Sync 1 DAGs
[2024-04-19T19:11:26.773+0000] {logging_mixin.py:188} INFO - [2024-04-19T19:11:26.773+0000] {dag.py:3954} INFO - Setting next_dagrun for example_task_group to 2024-04-18 00:00:00+00:00, run_after=2024-04-19 00:00:00+00:00
[2024-04-19T19:11:26.794+0000] {processor.py:183} INFO - Processing /home/airflow/.local/lib/python3.12/site-packages/airflow/example_dags/example_task_group.py took 0.079 seconds
[2024-04-19T19:11:57.180+0000] {processor.py:161} INFO - Started process (PID=1907) to work on /home/airflow/.local/lib/python3.12/site-packages/airflow/example_dags/example_task_group.py
[2024-04-19T19:11:57.181+0000] {processor.py:830} INFO - Processing file /home/airflow/.local/lib/python3.12/site-packages/airflow/example_dags/example_task_group.py for tasks to queue
[2024-04-19T19:11:57.182+0000] {logging_mixin.py:188} INFO - [2024-04-19T19:11:57.181+0000] {dagbag.py:540} INFO - Filling up the DagBag from /home/airflow/.local/lib/python3.12/site-packages/airflow/example_dags/example_task_group.py
[2024-04-19T19:11:57.189+0000] {processor.py:840} INFO - DAG(s) 'example_task_group' retrieved from /home/airflow/.local/lib/python3.12/site-packages/airflow/example_dags/example_task_group.py
[2024-04-19T19:11:57.208+0000] {logging_mixin.py:188} INFO - [2024-04-19T19:11:57.208+0000] {dag.py:3096} INFO - Sync 1 DAGs
[2024-04-19T19:11:57.228+0000] {logging_mixin.py:188} INFO - [2024-04-19T19:11:57.228+0000] {dag.py:3954} INFO - Setting next_dagrun for example_task_group to 2024-04-18 00:00:00+00:00, run_after=2024-04-19 00:00:00+00:00
[2024-04-19T19:11:57.249+0000] {processor.py:183} INFO - Processing /home/airflow/.local/lib/python3.12/site-packages/airflow/example_dags/example_task_group.py took 0.074 seconds
[2024-04-19T19:12:28.078+0000] {processor.py:161} INFO - Started process (PID=1973) to work on /home/airflow/.local/lib/python3.12/site-packages/airflow/example_dags/example_task_group.py
[2024-04-19T19:12:28.079+0000] {processor.py:830} INFO - Processing file /home/airflow/.local/lib/python3.12/site-packages/airflow/example_dags/example_task_group.py for tasks to queue
[2024-04-19T19:12:28.080+0000] {logging_mixin.py:188} INFO - [2024-04-19T19:12:28.079+0000] {dagbag.py:540} INFO - Filling up the DagBag from /home/airflow/.local/lib/python3.12/site-packages/airflow/example_dags/example_task_group.py
[2024-04-19T19:12:28.087+0000] {processor.py:840} INFO - DAG(s) 'example_task_group' retrieved from /home/airflow/.local/lib/python3.12/site-packages/airflow/example_dags/example_task_group.py
[2024-04-19T19:12:28.107+0000] {logging_mixin.py:188} INFO - [2024-04-19T19:12:28.107+0000] {dag.py:3096} INFO - Sync 1 DAGs
[2024-04-19T19:12:28.140+0000] {logging_mixin.py:188} INFO - [2024-04-19T19:12:28.140+0000] {dag.py:3954} INFO - Setting next_dagrun for example_task_group to 2024-04-18 00:00:00+00:00, run_after=2024-04-19 00:00:00+00:00
[2024-04-19T19:12:28.164+0000] {processor.py:183} INFO - Processing /home/airflow/.local/lib/python3.12/site-packages/airflow/example_dags/example_task_group.py took 0.091 seconds
[2024-04-19T19:13:00.609+0000] {processor.py:161} INFO - Started process (PID=2033) to work on /home/airflow/.local/lib/python3.12/site-packages/airflow/example_dags/example_task_group.py
[2024-04-19T19:13:00.633+0000] {processor.py:830} INFO - Processing file /home/airflow/.local/lib/python3.12/site-packages/airflow/example_dags/example_task_group.py for tasks to queue
[2024-04-19T19:13:00.647+0000] {logging_mixin.py:188} INFO - [2024-04-19T19:13:00.646+0000] {dagbag.py:540} INFO - Filling up the DagBag from /home/airflow/.local/lib/python3.12/site-packages/airflow/example_dags/example_task_group.py
[2024-04-19T19:13:00.680+0000] {processor.py:840} INFO - DAG(s) 'example_task_group' retrieved from /home/airflow/.local/lib/python3.12/site-packages/airflow/example_dags/example_task_group.py
[2024-04-19T19:13:00.773+0000] {logging_mixin.py:188} INFO - [2024-04-19T19:13:00.773+0000] {dag.py:3096} INFO - Sync 1 DAGs
[2024-04-19T19:13:00.881+0000] {logging_mixin.py:188} INFO - [2024-04-19T19:13:00.880+0000] {dag.py:3954} INFO - Setting next_dagrun for example_task_group to 2024-04-18 00:00:00+00:00, run_after=2024-04-19 00:00:00+00:00
[2024-04-19T19:13:00.996+0000] {processor.py:183} INFO - Processing /home/airflow/.local/lib/python3.12/site-packages/airflow/example_dags/example_task_group.py took 0.421 seconds
[2024-04-19T19:13:31.122+0000] {processor.py:161} INFO - Started process (PID=2093) to work on /home/airflow/.local/lib/python3.12/site-packages/airflow/example_dags/example_task_group.py
[2024-04-19T19:13:31.123+0000] {processor.py:830} INFO - Processing file /home/airflow/.local/lib/python3.12/site-packages/airflow/example_dags/example_task_group.py for tasks to queue
[2024-04-19T19:13:31.125+0000] {logging_mixin.py:188} INFO - [2024-04-19T19:13:31.124+0000] {dagbag.py:540} INFO - Filling up the DagBag from /home/airflow/.local/lib/python3.12/site-packages/airflow/example_dags/example_task_group.py
[2024-04-19T19:13:31.139+0000] {processor.py:840} INFO - DAG(s) 'example_task_group' retrieved from /home/airflow/.local/lib/python3.12/site-packages/airflow/example_dags/example_task_group.py
[2024-04-19T19:13:31.185+0000] {logging_mixin.py:188} INFO - [2024-04-19T19:13:31.185+0000] {dag.py:3096} INFO - Sync 1 DAGs
[2024-04-19T19:13:31.231+0000] {logging_mixin.py:188} INFO - [2024-04-19T19:13:31.231+0000] {dag.py:3954} INFO - Setting next_dagrun for example_task_group to 2024-04-18 00:00:00+00:00, run_after=2024-04-19 00:00:00+00:00
[2024-04-19T19:13:31.283+0000] {processor.py:183} INFO - Processing /home/airflow/.local/lib/python3.12/site-packages/airflow/example_dags/example_task_group.py took 0.169 seconds
[2024-04-19T19:14:01.855+0000] {processor.py:161} INFO - Started process (PID=2154) to work on /home/airflow/.local/lib/python3.12/site-packages/airflow/example_dags/example_task_group.py
[2024-04-19T19:14:01.856+0000] {processor.py:830} INFO - Processing file /home/airflow/.local/lib/python3.12/site-packages/airflow/example_dags/example_task_group.py for tasks to queue
[2024-04-19T19:14:01.858+0000] {logging_mixin.py:188} INFO - [2024-04-19T19:14:01.857+0000] {dagbag.py:540} INFO - Filling up the DagBag from /home/airflow/.local/lib/python3.12/site-packages/airflow/example_dags/example_task_group.py
[2024-04-19T19:14:01.871+0000] {processor.py:840} INFO - DAG(s) 'example_task_group' retrieved from /home/airflow/.local/lib/python3.12/site-packages/airflow/example_dags/example_task_group.py
[2024-04-19T19:14:01.897+0000] {logging_mixin.py:188} INFO - [2024-04-19T19:14:01.896+0000] {dag.py:3096} INFO - Sync 1 DAGs
[2024-04-19T19:14:01.930+0000] {logging_mixin.py:188} INFO - [2024-04-19T19:14:01.929+0000] {dag.py:3954} INFO - Setting next_dagrun for example_task_group to 2024-04-18 00:00:00+00:00, run_after=2024-04-19 00:00:00+00:00
[2024-04-19T19:14:01.974+0000] {processor.py:183} INFO - Processing /home/airflow/.local/lib/python3.12/site-packages/airflow/example_dags/example_task_group.py took 0.130 seconds
[2024-04-19T19:14:32.225+0000] {processor.py:161} INFO - Started process (PID=2214) to work on /home/airflow/.local/lib/python3.12/site-packages/airflow/example_dags/example_task_group.py
[2024-04-19T19:14:32.226+0000] {processor.py:830} INFO - Processing file /home/airflow/.local/lib/python3.12/site-packages/airflow/example_dags/example_task_group.py for tasks to queue
[2024-04-19T19:14:32.227+0000] {logging_mixin.py:188} INFO - [2024-04-19T19:14:32.227+0000] {dagbag.py:540} INFO - Filling up the DagBag from /home/airflow/.local/lib/python3.12/site-packages/airflow/example_dags/example_task_group.py
[2024-04-19T19:14:32.235+0000] {processor.py:840} INFO - DAG(s) 'example_task_group' retrieved from /home/airflow/.local/lib/python3.12/site-packages/airflow/example_dags/example_task_group.py
[2024-04-19T19:14:32.269+0000] {logging_mixin.py:188} INFO - [2024-04-19T19:14:32.268+0000] {dag.py:3096} INFO - Sync 1 DAGs
[2024-04-19T19:14:32.298+0000] {logging_mixin.py:188} INFO - [2024-04-19T19:14:32.298+0000] {dag.py:3954} INFO - Setting next_dagrun for example_task_group to 2024-04-18 00:00:00+00:00, run_after=2024-04-19 00:00:00+00:00
[2024-04-19T19:14:32.320+0000] {processor.py:183} INFO - Processing /home/airflow/.local/lib/python3.12/site-packages/airflow/example_dags/example_task_group.py took 0.103 seconds
[2024-04-19T19:15:02.804+0000] {processor.py:161} INFO - Started process (PID=2274) to work on /home/airflow/.local/lib/python3.12/site-packages/airflow/example_dags/example_task_group.py
[2024-04-19T19:15:02.805+0000] {processor.py:830} INFO - Processing file /home/airflow/.local/lib/python3.12/site-packages/airflow/example_dags/example_task_group.py for tasks to queue
[2024-04-19T19:15:02.806+0000] {logging_mixin.py:188} INFO - [2024-04-19T19:15:02.806+0000] {dagbag.py:540} INFO - Filling up the DagBag from /home/airflow/.local/lib/python3.12/site-packages/airflow/example_dags/example_task_group.py
[2024-04-19T19:15:02.824+0000] {processor.py:840} INFO - DAG(s) 'example_task_group' retrieved from /home/airflow/.local/lib/python3.12/site-packages/airflow/example_dags/example_task_group.py
[2024-04-19T19:15:02.859+0000] {logging_mixin.py:188} INFO - [2024-04-19T19:15:02.858+0000] {dag.py:3096} INFO - Sync 1 DAGs
[2024-04-19T19:15:02.908+0000] {logging_mixin.py:188} INFO - [2024-04-19T19:15:02.908+0000] {dag.py:3954} INFO - Setting next_dagrun for example_task_group to 2024-04-18 00:00:00+00:00, run_after=2024-04-19 00:00:00+00:00
[2024-04-19T19:15:02.945+0000] {processor.py:183} INFO - Processing /home/airflow/.local/lib/python3.12/site-packages/airflow/example_dags/example_task_group.py took 0.155 seconds
[2024-04-19T19:15:33.879+0000] {processor.py:161} INFO - Started process (PID=2334) to work on /home/airflow/.local/lib/python3.12/site-packages/airflow/example_dags/example_task_group.py
[2024-04-19T19:15:33.881+0000] {processor.py:830} INFO - Processing file /home/airflow/.local/lib/python3.12/site-packages/airflow/example_dags/example_task_group.py for tasks to queue
[2024-04-19T19:15:33.893+0000] {logging_mixin.py:188} INFO - [2024-04-19T19:15:33.882+0000] {dagbag.py:540} INFO - Filling up the DagBag from /home/airflow/.local/lib/python3.12/site-packages/airflow/example_dags/example_task_group.py
[2024-04-19T19:15:33.926+0000] {processor.py:840} INFO - DAG(s) 'example_task_group' retrieved from /home/airflow/.local/lib/python3.12/site-packages/airflow/example_dags/example_task_group.py
[2024-04-19T19:15:33.994+0000] {logging_mixin.py:188} INFO - [2024-04-19T19:15:33.993+0000] {dag.py:3096} INFO - Sync 1 DAGs
[2024-04-19T19:15:34.053+0000] {logging_mixin.py:188} INFO - [2024-04-19T19:15:34.052+0000] {dag.py:3954} INFO - Setting next_dagrun for example_task_group to 2024-04-18 00:00:00+00:00, run_after=2024-04-19 00:00:00+00:00
[2024-04-19T19:15:34.099+0000] {processor.py:183} INFO - Processing /home/airflow/.local/lib/python3.12/site-packages/airflow/example_dags/example_task_group.py took 0.238 seconds
[2024-04-19T19:16:04.447+0000] {processor.py:161} INFO - Started process (PID=2394) to work on /home/airflow/.local/lib/python3.12/site-packages/airflow/example_dags/example_task_group.py
[2024-04-19T19:16:04.449+0000] {processor.py:830} INFO - Processing file /home/airflow/.local/lib/python3.12/site-packages/airflow/example_dags/example_task_group.py for tasks to queue
[2024-04-19T19:16:04.450+0000] {logging_mixin.py:188} INFO - [2024-04-19T19:16:04.450+0000] {dagbag.py:540} INFO - Filling up the DagBag from /home/airflow/.local/lib/python3.12/site-packages/airflow/example_dags/example_task_group.py
[2024-04-19T19:16:04.459+0000] {processor.py:840} INFO - DAG(s) 'example_task_group' retrieved from /home/airflow/.local/lib/python3.12/site-packages/airflow/example_dags/example_task_group.py
[2024-04-19T19:16:04.488+0000] {logging_mixin.py:188} INFO - [2024-04-19T19:16:04.487+0000] {dag.py:3096} INFO - Sync 1 DAGs
[2024-04-19T19:16:04.522+0000] {logging_mixin.py:188} INFO - [2024-04-19T19:16:04.522+0000] {dag.py:3954} INFO - Setting next_dagrun for example_task_group to 2024-04-18 00:00:00+00:00, run_after=2024-04-19 00:00:00+00:00
[2024-04-19T19:16:04.553+0000] {processor.py:183} INFO - Processing /home/airflow/.local/lib/python3.12/site-packages/airflow/example_dags/example_task_group.py took 0.113 seconds
[2024-04-19T19:16:34.914+0000] {processor.py:161} INFO - Started process (PID=2454) to work on /home/airflow/.local/lib/python3.12/site-packages/airflow/example_dags/example_task_group.py
[2024-04-19T19:16:34.916+0000] {processor.py:830} INFO - Processing file /home/airflow/.local/lib/python3.12/site-packages/airflow/example_dags/example_task_group.py for tasks to queue
[2024-04-19T19:16:34.917+0000] {logging_mixin.py:188} INFO - [2024-04-19T19:16:34.916+0000] {dagbag.py:540} INFO - Filling up the DagBag from /home/airflow/.local/lib/python3.12/site-packages/airflow/example_dags/example_task_group.py
[2024-04-19T19:16:34.925+0000] {processor.py:840} INFO - DAG(s) 'example_task_group' retrieved from /home/airflow/.local/lib/python3.12/site-packages/airflow/example_dags/example_task_group.py
[2024-04-19T19:16:34.947+0000] {logging_mixin.py:188} INFO - [2024-04-19T19:16:34.947+0000] {dag.py:3096} INFO - Sync 1 DAGs
[2024-04-19T19:16:34.972+0000] {logging_mixin.py:188} INFO - [2024-04-19T19:16:34.972+0000] {dag.py:3954} INFO - Setting next_dagrun for example_task_group to 2024-04-18 00:00:00+00:00, run_after=2024-04-19 00:00:00+00:00
[2024-04-19T19:16:34.992+0000] {processor.py:183} INFO - Processing /home/airflow/.local/lib/python3.12/site-packages/airflow/example_dags/example_task_group.py took 0.085 seconds
