[2024-04-19T18:32:47.564+0000] {processor.py:161} INFO - Started process (PID=34) to work on /home/airflow/.local/lib/python3.12/site-packages/airflow/example_dags/example_branch_labels.py
[2024-04-19T18:32:47.566+0000] {processor.py:830} INFO - Processing file /home/airflow/.local/lib/python3.12/site-packages/airflow/example_dags/example_branch_labels.py for tasks to queue
[2024-04-19T18:32:47.571+0000] {logging_mixin.py:188} INFO - [2024-04-19T18:32:47.570+0000] {dagbag.py:540} INFO - Filling up the DagBag from /home/airflow/.local/lib/python3.12/site-packages/airflow/example_dags/example_branch_labels.py
[2024-04-19T18:32:47.589+0000] {processor.py:840} INFO - DAG(s) 'example_branch_labels' retrieved from /home/airflow/.local/lib/python3.12/site-packages/airflow/example_dags/example_branch_labels.py
[2024-04-19T18:32:47.755+0000] {logging_mixin.py:188} INFO - [2024-04-19T18:32:47.755+0000] {dag.py:3096} INFO - Sync 1 DAGs
[2024-04-19T18:32:47.798+0000] {logging_mixin.py:188} INFO - [2024-04-19T18:32:47.797+0000] {dag.py:3954} INFO - Setting next_dagrun for example_branch_labels to 2024-04-18 00:00:00+00:00, run_after=2024-04-19 00:00:00+00:00
[2024-04-19T18:32:47.839+0000] {processor.py:183} INFO - Processing /home/airflow/.local/lib/python3.12/site-packages/airflow/example_dags/example_branch_labels.py took 0.284 seconds
[2024-04-19T18:33:25.828+0000] {processor.py:161} INFO - Started process (PID=93) to work on /home/airflow/.local/lib/python3.12/site-packages/airflow/example_dags/example_branch_labels.py
[2024-04-19T18:33:25.834+0000] {processor.py:830} INFO - Processing file /home/airflow/.local/lib/python3.12/site-packages/airflow/example_dags/example_branch_labels.py for tasks to queue
[2024-04-19T18:33:25.841+0000] {logging_mixin.py:188} INFO - [2024-04-19T18:33:25.840+0000] {dagbag.py:540} INFO - Filling up the DagBag from /home/airflow/.local/lib/python3.12/site-packages/airflow/example_dags/example_branch_labels.py
[2024-04-19T18:33:25.864+0000] {processor.py:840} INFO - DAG(s) 'example_branch_labels' retrieved from /home/airflow/.local/lib/python3.12/site-packages/airflow/example_dags/example_branch_labels.py
[2024-04-19T18:33:25.975+0000] {logging_mixin.py:188} INFO - [2024-04-19T18:33:25.975+0000] {dag.py:3096} INFO - Sync 1 DAGs
[2024-04-19T18:33:26.173+0000] {logging_mixin.py:188} INFO - [2024-04-19T18:33:26.173+0000] {dag.py:3954} INFO - Setting next_dagrun for example_branch_labels to 2024-04-18 00:00:00+00:00, run_after=2024-04-19 00:00:00+00:00
[2024-04-19T18:33:26.324+0000] {processor.py:183} INFO - Processing /home/airflow/.local/lib/python3.12/site-packages/airflow/example_dags/example_branch_labels.py took 0.504 seconds
[2024-04-19T18:33:57.201+0000] {processor.py:161} INFO - Started process (PID=149) to work on /home/airflow/.local/lib/python3.12/site-packages/airflow/example_dags/example_branch_labels.py
[2024-04-19T18:33:57.202+0000] {processor.py:830} INFO - Processing file /home/airflow/.local/lib/python3.12/site-packages/airflow/example_dags/example_branch_labels.py for tasks to queue
[2024-04-19T18:33:57.204+0000] {logging_mixin.py:188} INFO - [2024-04-19T18:33:57.204+0000] {dagbag.py:540} INFO - Filling up the DagBag from /home/airflow/.local/lib/python3.12/site-packages/airflow/example_dags/example_branch_labels.py
[2024-04-19T18:33:57.211+0000] {processor.py:840} INFO - DAG(s) 'example_branch_labels' retrieved from /home/airflow/.local/lib/python3.12/site-packages/airflow/example_dags/example_branch_labels.py
[2024-04-19T18:33:57.234+0000] {logging_mixin.py:188} INFO - [2024-04-19T18:33:57.234+0000] {dag.py:3096} INFO - Sync 1 DAGs
[2024-04-19T18:33:57.256+0000] {logging_mixin.py:188} INFO - [2024-04-19T18:33:57.256+0000] {dag.py:3954} INFO - Setting next_dagrun for example_branch_labels to 2024-04-18 00:00:00+00:00, run_after=2024-04-19 00:00:00+00:00
[2024-04-19T18:33:57.275+0000] {processor.py:183} INFO - Processing /home/airflow/.local/lib/python3.12/site-packages/airflow/example_dags/example_branch_labels.py took 0.082 seconds
[2024-04-19T18:34:27.754+0000] {processor.py:161} INFO - Started process (PID=207) to work on /home/airflow/.local/lib/python3.12/site-packages/airflow/example_dags/example_branch_labels.py
[2024-04-19T18:34:27.757+0000] {processor.py:830} INFO - Processing file /home/airflow/.local/lib/python3.12/site-packages/airflow/example_dags/example_branch_labels.py for tasks to queue
[2024-04-19T18:34:27.759+0000] {logging_mixin.py:188} INFO - [2024-04-19T18:34:27.759+0000] {dagbag.py:540} INFO - Filling up the DagBag from /home/airflow/.local/lib/python3.12/site-packages/airflow/example_dags/example_branch_labels.py
[2024-04-19T18:34:27.769+0000] {processor.py:840} INFO - DAG(s) 'example_branch_labels' retrieved from /home/airflow/.local/lib/python3.12/site-packages/airflow/example_dags/example_branch_labels.py
[2024-04-19T18:34:27.812+0000] {logging_mixin.py:188} INFO - [2024-04-19T18:34:27.812+0000] {dag.py:3096} INFO - Sync 1 DAGs
[2024-04-19T18:34:27.880+0000] {logging_mixin.py:188} INFO - [2024-04-19T18:34:27.879+0000] {dag.py:3954} INFO - Setting next_dagrun for example_branch_labels to 2024-04-18 00:00:00+00:00, run_after=2024-04-19 00:00:00+00:00
[2024-04-19T18:34:27.912+0000] {processor.py:183} INFO - Processing /home/airflow/.local/lib/python3.12/site-packages/airflow/example_dags/example_branch_labels.py took 0.165 seconds
[2024-04-19T18:34:58.093+0000] {processor.py:161} INFO - Started process (PID=265) to work on /home/airflow/.local/lib/python3.12/site-packages/airflow/example_dags/example_branch_labels.py
[2024-04-19T18:34:58.095+0000] {processor.py:830} INFO - Processing file /home/airflow/.local/lib/python3.12/site-packages/airflow/example_dags/example_branch_labels.py for tasks to queue
[2024-04-19T18:34:58.098+0000] {logging_mixin.py:188} INFO - [2024-04-19T18:34:58.098+0000] {dagbag.py:540} INFO - Filling up the DagBag from /home/airflow/.local/lib/python3.12/site-packages/airflow/example_dags/example_branch_labels.py
[2024-04-19T18:34:58.119+0000] {processor.py:840} INFO - DAG(s) 'example_branch_labels' retrieved from /home/airflow/.local/lib/python3.12/site-packages/airflow/example_dags/example_branch_labels.py
[2024-04-19T18:34:58.183+0000] {logging_mixin.py:188} INFO - [2024-04-19T18:34:58.182+0000] {dag.py:3096} INFO - Sync 1 DAGs
[2024-04-19T18:34:58.247+0000] {logging_mixin.py:188} INFO - [2024-04-19T18:34:58.247+0000] {dag.py:3954} INFO - Setting next_dagrun for example_branch_labels to 2024-04-18 00:00:00+00:00, run_after=2024-04-19 00:00:00+00:00
[2024-04-19T18:34:58.289+0000] {processor.py:183} INFO - Processing /home/airflow/.local/lib/python3.12/site-packages/airflow/example_dags/example_branch_labels.py took 0.216 seconds
[2024-04-19T18:35:28.391+0000] {processor.py:161} INFO - Started process (PID=323) to work on /home/airflow/.local/lib/python3.12/site-packages/airflow/example_dags/example_branch_labels.py
[2024-04-19T18:35:28.421+0000] {processor.py:830} INFO - Processing file /home/airflow/.local/lib/python3.12/site-packages/airflow/example_dags/example_branch_labels.py for tasks to queue
[2024-04-19T18:35:28.425+0000] {logging_mixin.py:188} INFO - [2024-04-19T18:35:28.424+0000] {dagbag.py:540} INFO - Filling up the DagBag from /home/airflow/.local/lib/python3.12/site-packages/airflow/example_dags/example_branch_labels.py
[2024-04-19T18:35:28.457+0000] {processor.py:840} INFO - DAG(s) 'example_branch_labels' retrieved from /home/airflow/.local/lib/python3.12/site-packages/airflow/example_dags/example_branch_labels.py
[2024-04-19T18:35:28.505+0000] {logging_mixin.py:188} INFO - [2024-04-19T18:35:28.505+0000] {dag.py:3096} INFO - Sync 1 DAGs
[2024-04-19T18:35:28.555+0000] {logging_mixin.py:188} INFO - [2024-04-19T18:35:28.555+0000] {dag.py:3954} INFO - Setting next_dagrun for example_branch_labels to 2024-04-18 00:00:00+00:00, run_after=2024-04-19 00:00:00+00:00
[2024-04-19T18:35:28.607+0000] {processor.py:183} INFO - Processing /home/airflow/.local/lib/python3.12/site-packages/airflow/example_dags/example_branch_labels.py took 0.254 seconds
[2024-04-19T18:35:58.707+0000] {processor.py:161} INFO - Started process (PID=382) to work on /home/airflow/.local/lib/python3.12/site-packages/airflow/example_dags/example_branch_labels.py
[2024-04-19T18:35:58.710+0000] {processor.py:830} INFO - Processing file /home/airflow/.local/lib/python3.12/site-packages/airflow/example_dags/example_branch_labels.py for tasks to queue
[2024-04-19T18:35:58.713+0000] {logging_mixin.py:188} INFO - [2024-04-19T18:35:58.713+0000] {dagbag.py:540} INFO - Filling up the DagBag from /home/airflow/.local/lib/python3.12/site-packages/airflow/example_dags/example_branch_labels.py
[2024-04-19T18:35:58.725+0000] {processor.py:840} INFO - DAG(s) 'example_branch_labels' retrieved from /home/airflow/.local/lib/python3.12/site-packages/airflow/example_dags/example_branch_labels.py
[2024-04-19T18:35:58.766+0000] {logging_mixin.py:188} INFO - [2024-04-19T18:35:58.766+0000] {dag.py:3096} INFO - Sync 1 DAGs
[2024-04-19T18:35:58.804+0000] {logging_mixin.py:188} INFO - [2024-04-19T18:35:58.803+0000] {dag.py:3954} INFO - Setting next_dagrun for example_branch_labels to 2024-04-18 00:00:00+00:00, run_after=2024-04-19 00:00:00+00:00
[2024-04-19T18:35:58.842+0000] {processor.py:183} INFO - Processing /home/airflow/.local/lib/python3.12/site-packages/airflow/example_dags/example_branch_labels.py took 0.143 seconds
[2024-04-19T18:36:29.011+0000] {processor.py:161} INFO - Started process (PID=440) to work on /home/airflow/.local/lib/python3.12/site-packages/airflow/example_dags/example_branch_labels.py
[2024-04-19T18:36:29.012+0000] {processor.py:830} INFO - Processing file /home/airflow/.local/lib/python3.12/site-packages/airflow/example_dags/example_branch_labels.py for tasks to queue
[2024-04-19T18:36:29.015+0000] {logging_mixin.py:188} INFO - [2024-04-19T18:36:29.014+0000] {dagbag.py:540} INFO - Filling up the DagBag from /home/airflow/.local/lib/python3.12/site-packages/airflow/example_dags/example_branch_labels.py
[2024-04-19T18:36:29.024+0000] {processor.py:840} INFO - DAG(s) 'example_branch_labels' retrieved from /home/airflow/.local/lib/python3.12/site-packages/airflow/example_dags/example_branch_labels.py
[2024-04-19T18:36:29.035+0000] {logging_mixin.py:188} INFO - [2024-04-19T18:36:29.035+0000] {dag.py:3096} INFO - Sync 1 DAGs
[2024-04-19T18:36:29.062+0000] {logging_mixin.py:188} INFO - [2024-04-19T18:36:29.062+0000] {dag.py:3954} INFO - Setting next_dagrun for example_branch_labels to 2024-04-18 00:00:00+00:00, run_after=2024-04-19 00:00:00+00:00
[2024-04-19T18:36:29.083+0000] {processor.py:183} INFO - Processing /home/airflow/.local/lib/python3.12/site-packages/airflow/example_dags/example_branch_labels.py took 0.081 seconds
[2024-04-19T18:36:59.506+0000] {processor.py:161} INFO - Started process (PID=498) to work on /home/airflow/.local/lib/python3.12/site-packages/airflow/example_dags/example_branch_labels.py
[2024-04-19T18:36:59.507+0000] {processor.py:830} INFO - Processing file /home/airflow/.local/lib/python3.12/site-packages/airflow/example_dags/example_branch_labels.py for tasks to queue
[2024-04-19T18:36:59.510+0000] {logging_mixin.py:188} INFO - [2024-04-19T18:36:59.509+0000] {dagbag.py:540} INFO - Filling up the DagBag from /home/airflow/.local/lib/python3.12/site-packages/airflow/example_dags/example_branch_labels.py
[2024-04-19T18:36:59.523+0000] {processor.py:840} INFO - DAG(s) 'example_branch_labels' retrieved from /home/airflow/.local/lib/python3.12/site-packages/airflow/example_dags/example_branch_labels.py
[2024-04-19T18:37:00.197+0000] {logging_mixin.py:188} INFO - [2024-04-19T18:37:00.196+0000] {dag.py:3096} INFO - Sync 1 DAGs
[2024-04-19T18:37:00.232+0000] {logging_mixin.py:188} INFO - [2024-04-19T18:37:00.232+0000] {dag.py:3954} INFO - Setting next_dagrun for example_branch_labels to 2024-04-18 00:00:00+00:00, run_after=2024-04-19 00:00:00+00:00
[2024-04-19T18:37:00.266+0000] {processor.py:183} INFO - Processing /home/airflow/.local/lib/python3.12/site-packages/airflow/example_dags/example_branch_labels.py took 0.770 seconds
[2024-04-19T18:37:30.858+0000] {processor.py:161} INFO - Started process (PID=556) to work on /home/airflow/.local/lib/python3.12/site-packages/airflow/example_dags/example_branch_labels.py
[2024-04-19T18:37:30.859+0000] {processor.py:830} INFO - Processing file /home/airflow/.local/lib/python3.12/site-packages/airflow/example_dags/example_branch_labels.py for tasks to queue
[2024-04-19T18:37:30.861+0000] {logging_mixin.py:188} INFO - [2024-04-19T18:37:30.861+0000] {dagbag.py:540} INFO - Filling up the DagBag from /home/airflow/.local/lib/python3.12/site-packages/airflow/example_dags/example_branch_labels.py
[2024-04-19T18:37:30.870+0000] {processor.py:840} INFO - DAG(s) 'example_branch_labels' retrieved from /home/airflow/.local/lib/python3.12/site-packages/airflow/example_dags/example_branch_labels.py
[2024-04-19T18:37:30.893+0000] {logging_mixin.py:188} INFO - [2024-04-19T18:37:30.893+0000] {dag.py:3096} INFO - Sync 1 DAGs
[2024-04-19T18:37:30.923+0000] {logging_mixin.py:188} INFO - [2024-04-19T18:37:30.923+0000] {dag.py:3954} INFO - Setting next_dagrun for example_branch_labels to 2024-04-18 00:00:00+00:00, run_after=2024-04-19 00:00:00+00:00
[2024-04-19T18:37:30.944+0000] {processor.py:183} INFO - Processing /home/airflow/.local/lib/python3.12/site-packages/airflow/example_dags/example_branch_labels.py took 0.093 seconds
[2024-04-19T18:38:01.672+0000] {processor.py:161} INFO - Started process (PID=616) to work on /home/airflow/.local/lib/python3.12/site-packages/airflow/example_dags/example_branch_labels.py
[2024-04-19T18:38:01.679+0000] {processor.py:830} INFO - Processing file /home/airflow/.local/lib/python3.12/site-packages/airflow/example_dags/example_branch_labels.py for tasks to queue
[2024-04-19T18:38:01.689+0000] {logging_mixin.py:188} INFO - [2024-04-19T18:38:01.688+0000] {dagbag.py:540} INFO - Filling up the DagBag from /home/airflow/.local/lib/python3.12/site-packages/airflow/example_dags/example_branch_labels.py
[2024-04-19T18:38:01.712+0000] {processor.py:840} INFO - DAG(s) 'example_branch_labels' retrieved from /home/airflow/.local/lib/python3.12/site-packages/airflow/example_dags/example_branch_labels.py
[2024-04-19T18:38:01.776+0000] {logging_mixin.py:188} INFO - [2024-04-19T18:38:01.776+0000] {dag.py:3096} INFO - Sync 1 DAGs
[2024-04-19T18:38:01.865+0000] {logging_mixin.py:188} INFO - [2024-04-19T18:38:01.865+0000] {dag.py:3954} INFO - Setting next_dagrun for example_branch_labels to 2024-04-18 00:00:00+00:00, run_after=2024-04-19 00:00:00+00:00
[2024-04-19T18:38:01.940+0000] {processor.py:183} INFO - Processing /home/airflow/.local/lib/python3.12/site-packages/airflow/example_dags/example_branch_labels.py took 0.274 seconds
[2024-04-19T18:38:34.185+0000] {processor.py:161} INFO - Started process (PID=675) to work on /home/airflow/.local/lib/python3.12/site-packages/airflow/example_dags/example_branch_labels.py
[2024-04-19T18:38:34.187+0000] {processor.py:830} INFO - Processing file /home/airflow/.local/lib/python3.12/site-packages/airflow/example_dags/example_branch_labels.py for tasks to queue
[2024-04-19T18:38:34.189+0000] {logging_mixin.py:188} INFO - [2024-04-19T18:38:34.189+0000] {dagbag.py:540} INFO - Filling up the DagBag from /home/airflow/.local/lib/python3.12/site-packages/airflow/example_dags/example_branch_labels.py
[2024-04-19T18:38:34.201+0000] {processor.py:840} INFO - DAG(s) 'example_branch_labels' retrieved from /home/airflow/.local/lib/python3.12/site-packages/airflow/example_dags/example_branch_labels.py
[2024-04-19T18:38:34.229+0000] {logging_mixin.py:188} INFO - [2024-04-19T18:38:34.229+0000] {dag.py:3096} INFO - Sync 1 DAGs
[2024-04-19T18:38:34.258+0000] {logging_mixin.py:188} INFO - [2024-04-19T18:38:34.257+0000] {dag.py:3954} INFO - Setting next_dagrun for example_branch_labels to 2024-04-18 00:00:00+00:00, run_after=2024-04-19 00:00:00+00:00
[2024-04-19T18:38:34.280+0000] {processor.py:183} INFO - Processing /home/airflow/.local/lib/python3.12/site-packages/airflow/example_dags/example_branch_labels.py took 0.102 seconds
[2024-04-19T18:39:05.452+0000] {processor.py:161} INFO - Started process (PID=735) to work on /home/airflow/.local/lib/python3.12/site-packages/airflow/example_dags/example_branch_labels.py
[2024-04-19T18:39:05.453+0000] {processor.py:830} INFO - Processing file /home/airflow/.local/lib/python3.12/site-packages/airflow/example_dags/example_branch_labels.py for tasks to queue
[2024-04-19T18:39:05.456+0000] {logging_mixin.py:188} INFO - [2024-04-19T18:39:05.456+0000] {dagbag.py:540} INFO - Filling up the DagBag from /home/airflow/.local/lib/python3.12/site-packages/airflow/example_dags/example_branch_labels.py
[2024-04-19T18:39:05.465+0000] {processor.py:840} INFO - DAG(s) 'example_branch_labels' retrieved from /home/airflow/.local/lib/python3.12/site-packages/airflow/example_dags/example_branch_labels.py
[2024-04-19T18:39:05.486+0000] {logging_mixin.py:188} INFO - [2024-04-19T18:39:05.486+0000] {dag.py:3096} INFO - Sync 1 DAGs
[2024-04-19T18:39:05.510+0000] {logging_mixin.py:188} INFO - [2024-04-19T18:39:05.510+0000] {dag.py:3954} INFO - Setting next_dagrun for example_branch_labels to 2024-04-18 00:00:00+00:00, run_after=2024-04-19 00:00:00+00:00
[2024-04-19T18:39:05.689+0000] {processor.py:183} INFO - Processing /home/airflow/.local/lib/python3.12/site-packages/airflow/example_dags/example_branch_labels.py took 0.243 seconds
[2024-04-19T18:39:35.877+0000] {processor.py:161} INFO - Started process (PID=795) to work on /home/airflow/.local/lib/python3.12/site-packages/airflow/example_dags/example_branch_labels.py
[2024-04-19T18:39:35.878+0000] {processor.py:830} INFO - Processing file /home/airflow/.local/lib/python3.12/site-packages/airflow/example_dags/example_branch_labels.py for tasks to queue
[2024-04-19T18:39:35.880+0000] {logging_mixin.py:188} INFO - [2024-04-19T18:39:35.880+0000] {dagbag.py:540} INFO - Filling up the DagBag from /home/airflow/.local/lib/python3.12/site-packages/airflow/example_dags/example_branch_labels.py
[2024-04-19T18:39:35.890+0000] {processor.py:840} INFO - DAG(s) 'example_branch_labels' retrieved from /home/airflow/.local/lib/python3.12/site-packages/airflow/example_dags/example_branch_labels.py
[2024-04-19T18:39:35.917+0000] {logging_mixin.py:188} INFO - [2024-04-19T18:39:35.916+0000] {dag.py:3096} INFO - Sync 1 DAGs
[2024-04-19T18:39:35.943+0000] {logging_mixin.py:188} INFO - [2024-04-19T18:39:35.943+0000] {dag.py:3954} INFO - Setting next_dagrun for example_branch_labels to 2024-04-18 00:00:00+00:00, run_after=2024-04-19 00:00:00+00:00
[2024-04-19T18:39:35.962+0000] {processor.py:183} INFO - Processing /home/airflow/.local/lib/python3.12/site-packages/airflow/example_dags/example_branch_labels.py took 0.091 seconds
[2024-04-19T18:40:06.127+0000] {processor.py:161} INFO - Started process (PID=853) to work on /home/airflow/.local/lib/python3.12/site-packages/airflow/example_dags/example_branch_labels.py
[2024-04-19T18:40:06.129+0000] {processor.py:830} INFO - Processing file /home/airflow/.local/lib/python3.12/site-packages/airflow/example_dags/example_branch_labels.py for tasks to queue
[2024-04-19T18:40:06.135+0000] {logging_mixin.py:188} INFO - [2024-04-19T18:40:06.132+0000] {dagbag.py:540} INFO - Filling up the DagBag from /home/airflow/.local/lib/python3.12/site-packages/airflow/example_dags/example_branch_labels.py
[2024-04-19T18:40:06.149+0000] {processor.py:840} INFO - DAG(s) 'example_branch_labels' retrieved from /home/airflow/.local/lib/python3.12/site-packages/airflow/example_dags/example_branch_labels.py
[2024-04-19T18:40:06.204+0000] {logging_mixin.py:188} INFO - [2024-04-19T18:40:06.204+0000] {dag.py:3096} INFO - Sync 1 DAGs
[2024-04-19T18:40:06.272+0000] {logging_mixin.py:188} INFO - [2024-04-19T18:40:06.269+0000] {dag.py:3954} INFO - Setting next_dagrun for example_branch_labels to 2024-04-18 00:00:00+00:00, run_after=2024-04-19 00:00:00+00:00
[2024-04-19T18:40:06.317+0000] {processor.py:183} INFO - Processing /home/airflow/.local/lib/python3.12/site-packages/airflow/example_dags/example_branch_labels.py took 0.201 seconds
[2024-04-19T18:40:36.621+0000] {processor.py:161} INFO - Started process (PID=912) to work on /home/airflow/.local/lib/python3.12/site-packages/airflow/example_dags/example_branch_labels.py
[2024-04-19T18:40:36.622+0000] {processor.py:830} INFO - Processing file /home/airflow/.local/lib/python3.12/site-packages/airflow/example_dags/example_branch_labels.py for tasks to queue
[2024-04-19T18:40:36.626+0000] {logging_mixin.py:188} INFO - [2024-04-19T18:40:36.624+0000] {dagbag.py:540} INFO - Filling up the DagBag from /home/airflow/.local/lib/python3.12/site-packages/airflow/example_dags/example_branch_labels.py
[2024-04-19T18:40:36.638+0000] {processor.py:840} INFO - DAG(s) 'example_branch_labels' retrieved from /home/airflow/.local/lib/python3.12/site-packages/airflow/example_dags/example_branch_labels.py
[2024-04-19T18:40:36.663+0000] {logging_mixin.py:188} INFO - [2024-04-19T18:40:36.663+0000] {dag.py:3096} INFO - Sync 1 DAGs
[2024-04-19T18:40:36.711+0000] {logging_mixin.py:188} INFO - [2024-04-19T18:40:36.710+0000] {dag.py:3954} INFO - Setting next_dagrun for example_branch_labels to 2024-04-18 00:00:00+00:00, run_after=2024-04-19 00:00:00+00:00
[2024-04-19T18:40:36.742+0000] {processor.py:183} INFO - Processing /home/airflow/.local/lib/python3.12/site-packages/airflow/example_dags/example_branch_labels.py took 0.129 seconds
[2024-04-19T18:41:07.505+0000] {processor.py:161} INFO - Started process (PID=973) to work on /home/airflow/.local/lib/python3.12/site-packages/airflow/example_dags/example_branch_labels.py
[2024-04-19T18:41:07.507+0000] {processor.py:830} INFO - Processing file /home/airflow/.local/lib/python3.12/site-packages/airflow/example_dags/example_branch_labels.py for tasks to queue
[2024-04-19T18:41:07.512+0000] {logging_mixin.py:188} INFO - [2024-04-19T18:41:07.512+0000] {dagbag.py:540} INFO - Filling up the DagBag from /home/airflow/.local/lib/python3.12/site-packages/airflow/example_dags/example_branch_labels.py
[2024-04-19T18:41:07.539+0000] {processor.py:840} INFO - DAG(s) 'example_branch_labels' retrieved from /home/airflow/.local/lib/python3.12/site-packages/airflow/example_dags/example_branch_labels.py
[2024-04-19T18:41:07.739+0000] {logging_mixin.py:188} INFO - [2024-04-19T18:41:07.739+0000] {dag.py:3096} INFO - Sync 1 DAGs
[2024-04-19T18:41:07.758+0000] {logging_mixin.py:188} INFO - [2024-04-19T18:41:07.758+0000] {dag.py:3954} INFO - Setting next_dagrun for example_branch_labels to 2024-04-18 00:00:00+00:00, run_after=2024-04-19 00:00:00+00:00
[2024-04-19T18:41:07.778+0000] {processor.py:183} INFO - Processing /home/airflow/.local/lib/python3.12/site-packages/airflow/example_dags/example_branch_labels.py took 0.286 seconds
[2024-04-19T18:41:38.250+0000] {processor.py:161} INFO - Started process (PID=1033) to work on /home/airflow/.local/lib/python3.12/site-packages/airflow/example_dags/example_branch_labels.py
[2024-04-19T18:41:38.252+0000] {processor.py:830} INFO - Processing file /home/airflow/.local/lib/python3.12/site-packages/airflow/example_dags/example_branch_labels.py for tasks to queue
[2024-04-19T18:41:38.258+0000] {logging_mixin.py:188} INFO - [2024-04-19T18:41:38.258+0000] {dagbag.py:540} INFO - Filling up the DagBag from /home/airflow/.local/lib/python3.12/site-packages/airflow/example_dags/example_branch_labels.py
[2024-04-19T18:41:38.279+0000] {processor.py:840} INFO - DAG(s) 'example_branch_labels' retrieved from /home/airflow/.local/lib/python3.12/site-packages/airflow/example_dags/example_branch_labels.py
[2024-04-19T18:41:38.320+0000] {logging_mixin.py:188} INFO - [2024-04-19T18:41:38.320+0000] {dag.py:3096} INFO - Sync 1 DAGs
[2024-04-19T18:41:38.358+0000] {logging_mixin.py:188} INFO - [2024-04-19T18:41:38.357+0000] {dag.py:3954} INFO - Setting next_dagrun for example_branch_labels to 2024-04-18 00:00:00+00:00, run_after=2024-04-19 00:00:00+00:00
[2024-04-19T18:41:38.399+0000] {processor.py:183} INFO - Processing /home/airflow/.local/lib/python3.12/site-packages/airflow/example_dags/example_branch_labels.py took 0.156 seconds
[2024-04-19T18:42:08.495+0000] {processor.py:161} INFO - Started process (PID=1093) to work on /home/airflow/.local/lib/python3.12/site-packages/airflow/example_dags/example_branch_labels.py
[2024-04-19T18:42:08.496+0000] {processor.py:830} INFO - Processing file /home/airflow/.local/lib/python3.12/site-packages/airflow/example_dags/example_branch_labels.py for tasks to queue
[2024-04-19T18:42:08.498+0000] {logging_mixin.py:188} INFO - [2024-04-19T18:42:08.498+0000] {dagbag.py:540} INFO - Filling up the DagBag from /home/airflow/.local/lib/python3.12/site-packages/airflow/example_dags/example_branch_labels.py
[2024-04-19T18:42:08.505+0000] {processor.py:840} INFO - DAG(s) 'example_branch_labels' retrieved from /home/airflow/.local/lib/python3.12/site-packages/airflow/example_dags/example_branch_labels.py
[2024-04-19T18:42:08.525+0000] {logging_mixin.py:188} INFO - [2024-04-19T18:42:08.525+0000] {dag.py:3096} INFO - Sync 1 DAGs
[2024-04-19T18:42:08.546+0000] {logging_mixin.py:188} INFO - [2024-04-19T18:42:08.546+0000] {dag.py:3954} INFO - Setting next_dagrun for example_branch_labels to 2024-04-18 00:00:00+00:00, run_after=2024-04-19 00:00:00+00:00
[2024-04-19T18:42:08.567+0000] {processor.py:183} INFO - Processing /home/airflow/.local/lib/python3.12/site-packages/airflow/example_dags/example_branch_labels.py took 0.077 seconds
[2024-04-19T18:42:39.123+0000] {processor.py:161} INFO - Started process (PID=1152) to work on /home/airflow/.local/lib/python3.12/site-packages/airflow/example_dags/example_branch_labels.py
[2024-04-19T18:42:39.124+0000] {processor.py:830} INFO - Processing file /home/airflow/.local/lib/python3.12/site-packages/airflow/example_dags/example_branch_labels.py for tasks to queue
[2024-04-19T18:42:39.129+0000] {logging_mixin.py:188} INFO - [2024-04-19T18:42:39.129+0000] {dagbag.py:540} INFO - Filling up the DagBag from /home/airflow/.local/lib/python3.12/site-packages/airflow/example_dags/example_branch_labels.py
[2024-04-19T18:42:39.141+0000] {processor.py:840} INFO - DAG(s) 'example_branch_labels' retrieved from /home/airflow/.local/lib/python3.12/site-packages/airflow/example_dags/example_branch_labels.py
[2024-04-19T18:42:39.167+0000] {logging_mixin.py:188} INFO - [2024-04-19T18:42:39.167+0000] {dag.py:3096} INFO - Sync 1 DAGs
[2024-04-19T18:42:39.197+0000] {logging_mixin.py:188} INFO - [2024-04-19T18:42:39.197+0000] {dag.py:3954} INFO - Setting next_dagrun for example_branch_labels to 2024-04-18 00:00:00+00:00, run_after=2024-04-19 00:00:00+00:00
[2024-04-19T18:42:39.221+0000] {processor.py:183} INFO - Processing /home/airflow/.local/lib/python3.12/site-packages/airflow/example_dags/example_branch_labels.py took 0.106 seconds
[2024-04-19T18:43:09.289+0000] {processor.py:161} INFO - Started process (PID=1212) to work on /home/airflow/.local/lib/python3.12/site-packages/airflow/example_dags/example_branch_labels.py
[2024-04-19T18:43:09.290+0000] {processor.py:830} INFO - Processing file /home/airflow/.local/lib/python3.12/site-packages/airflow/example_dags/example_branch_labels.py for tasks to queue
[2024-04-19T18:43:09.293+0000] {logging_mixin.py:188} INFO - [2024-04-19T18:43:09.293+0000] {dagbag.py:540} INFO - Filling up the DagBag from /home/airflow/.local/lib/python3.12/site-packages/airflow/example_dags/example_branch_labels.py
[2024-04-19T18:43:09.303+0000] {processor.py:840} INFO - DAG(s) 'example_branch_labels' retrieved from /home/airflow/.local/lib/python3.12/site-packages/airflow/example_dags/example_branch_labels.py
[2024-04-19T18:43:09.331+0000] {logging_mixin.py:188} INFO - [2024-04-19T18:43:09.331+0000] {dag.py:3096} INFO - Sync 1 DAGs
[2024-04-19T18:43:09.368+0000] {logging_mixin.py:188} INFO - [2024-04-19T18:43:09.368+0000] {dag.py:3954} INFO - Setting next_dagrun for example_branch_labels to 2024-04-18 00:00:00+00:00, run_after=2024-04-19 00:00:00+00:00
[2024-04-19T18:43:09.397+0000] {processor.py:183} INFO - Processing /home/airflow/.local/lib/python3.12/site-packages/airflow/example_dags/example_branch_labels.py took 0.116 seconds
[2024-04-19T18:43:39.924+0000] {processor.py:161} INFO - Started process (PID=1272) to work on /home/airflow/.local/lib/python3.12/site-packages/airflow/example_dags/example_branch_labels.py
[2024-04-19T18:43:39.925+0000] {processor.py:830} INFO - Processing file /home/airflow/.local/lib/python3.12/site-packages/airflow/example_dags/example_branch_labels.py for tasks to queue
[2024-04-19T18:43:39.928+0000] {logging_mixin.py:188} INFO - [2024-04-19T18:43:39.927+0000] {dagbag.py:540} INFO - Filling up the DagBag from /home/airflow/.local/lib/python3.12/site-packages/airflow/example_dags/example_branch_labels.py
[2024-04-19T18:43:39.957+0000] {processor.py:840} INFO - DAG(s) 'example_branch_labels' retrieved from /home/airflow/.local/lib/python3.12/site-packages/airflow/example_dags/example_branch_labels.py
[2024-04-19T18:43:40.039+0000] {logging_mixin.py:188} INFO - [2024-04-19T18:43:40.039+0000] {dag.py:3096} INFO - Sync 1 DAGs
[2024-04-19T18:43:40.112+0000] {logging_mixin.py:188} INFO - [2024-04-19T18:43:40.112+0000] {dag.py:3954} INFO - Setting next_dagrun for example_branch_labels to 2024-04-18 00:00:00+00:00, run_after=2024-04-19 00:00:00+00:00
[2024-04-19T18:43:40.196+0000] {processor.py:183} INFO - Processing /home/airflow/.local/lib/python3.12/site-packages/airflow/example_dags/example_branch_labels.py took 0.288 seconds
[2024-04-19T18:44:16.781+0000] {processor.py:161} INFO - Started process (PID=1327) to work on /home/airflow/.local/lib/python3.12/site-packages/airflow/example_dags/example_branch_labels.py
[2024-04-19T18:44:16.782+0000] {processor.py:830} INFO - Processing file /home/airflow/.local/lib/python3.12/site-packages/airflow/example_dags/example_branch_labels.py for tasks to queue
[2024-04-19T18:44:16.785+0000] {logging_mixin.py:188} INFO - [2024-04-19T18:44:16.785+0000] {dagbag.py:540} INFO - Filling up the DagBag from /home/airflow/.local/lib/python3.12/site-packages/airflow/example_dags/example_branch_labels.py
[2024-04-19T18:44:16.797+0000] {processor.py:840} INFO - DAG(s) 'example_branch_labels' retrieved from /home/airflow/.local/lib/python3.12/site-packages/airflow/example_dags/example_branch_labels.py
[2024-04-19T18:44:16.830+0000] {logging_mixin.py:188} INFO - [2024-04-19T18:44:16.830+0000] {dag.py:3096} INFO - Sync 1 DAGs
[2024-04-19T18:44:16.893+0000] {logging_mixin.py:188} INFO - [2024-04-19T18:44:16.893+0000] {dag.py:3954} INFO - Setting next_dagrun for example_branch_labels to 2024-04-18 00:00:00+00:00, run_after=2024-04-19 00:00:00+00:00
[2024-04-19T18:44:16.941+0000] {processor.py:183} INFO - Processing /home/airflow/.local/lib/python3.12/site-packages/airflow/example_dags/example_branch_labels.py took 0.168 seconds
[2024-04-19T18:44:47.370+0000] {processor.py:161} INFO - Started process (PID=1393) to work on /home/airflow/.local/lib/python3.12/site-packages/airflow/example_dags/example_branch_labels.py
[2024-04-19T18:44:47.372+0000] {processor.py:830} INFO - Processing file /home/airflow/.local/lib/python3.12/site-packages/airflow/example_dags/example_branch_labels.py for tasks to queue
[2024-04-19T18:44:47.374+0000] {logging_mixin.py:188} INFO - [2024-04-19T18:44:47.373+0000] {dagbag.py:540} INFO - Filling up the DagBag from /home/airflow/.local/lib/python3.12/site-packages/airflow/example_dags/example_branch_labels.py
[2024-04-19T18:44:47.383+0000] {processor.py:840} INFO - DAG(s) 'example_branch_labels' retrieved from /home/airflow/.local/lib/python3.12/site-packages/airflow/example_dags/example_branch_labels.py
[2024-04-19T18:44:47.404+0000] {logging_mixin.py:188} INFO - [2024-04-19T18:44:47.404+0000] {dag.py:3096} INFO - Sync 1 DAGs
[2024-04-19T18:44:47.425+0000] {logging_mixin.py:188} INFO - [2024-04-19T18:44:47.425+0000] {dag.py:3954} INFO - Setting next_dagrun for example_branch_labels to 2024-04-18 00:00:00+00:00, run_after=2024-04-19 00:00:00+00:00
[2024-04-19T18:44:47.442+0000] {processor.py:183} INFO - Processing /home/airflow/.local/lib/python3.12/site-packages/airflow/example_dags/example_branch_labels.py took 0.077 seconds
[2024-04-19T18:45:18.339+0000] {processor.py:161} INFO - Started process (PID=1452) to work on /home/airflow/.local/lib/python3.12/site-packages/airflow/example_dags/example_branch_labels.py
[2024-04-19T18:45:18.340+0000] {processor.py:830} INFO - Processing file /home/airflow/.local/lib/python3.12/site-packages/airflow/example_dags/example_branch_labels.py for tasks to queue
[2024-04-19T18:45:18.342+0000] {logging_mixin.py:188} INFO - [2024-04-19T18:45:18.342+0000] {dagbag.py:540} INFO - Filling up the DagBag from /home/airflow/.local/lib/python3.12/site-packages/airflow/example_dags/example_branch_labels.py
[2024-04-19T18:45:18.350+0000] {processor.py:840} INFO - DAG(s) 'example_branch_labels' retrieved from /home/airflow/.local/lib/python3.12/site-packages/airflow/example_dags/example_branch_labels.py
[2024-04-19T18:45:18.374+0000] {logging_mixin.py:188} INFO - [2024-04-19T18:45:18.373+0000] {dag.py:3096} INFO - Sync 1 DAGs
[2024-04-19T18:45:18.399+0000] {logging_mixin.py:188} INFO - [2024-04-19T18:45:18.399+0000] {dag.py:3954} INFO - Setting next_dagrun for example_branch_labels to 2024-04-18 00:00:00+00:00, run_after=2024-04-19 00:00:00+00:00
[2024-04-19T18:45:18.419+0000] {processor.py:183} INFO - Processing /home/airflow/.local/lib/python3.12/site-packages/airflow/example_dags/example_branch_labels.py took 0.087 seconds
[2024-04-19T18:45:49.149+0000] {processor.py:161} INFO - Started process (PID=1512) to work on /home/airflow/.local/lib/python3.12/site-packages/airflow/example_dags/example_branch_labels.py
[2024-04-19T18:45:49.150+0000] {processor.py:830} INFO - Processing file /home/airflow/.local/lib/python3.12/site-packages/airflow/example_dags/example_branch_labels.py for tasks to queue
[2024-04-19T18:45:49.152+0000] {logging_mixin.py:188} INFO - [2024-04-19T18:45:49.151+0000] {dagbag.py:540} INFO - Filling up the DagBag from /home/airflow/.local/lib/python3.12/site-packages/airflow/example_dags/example_branch_labels.py
[2024-04-19T18:45:49.161+0000] {processor.py:840} INFO - DAG(s) 'example_branch_labels' retrieved from /home/airflow/.local/lib/python3.12/site-packages/airflow/example_dags/example_branch_labels.py
[2024-04-19T18:45:49.182+0000] {logging_mixin.py:188} INFO - [2024-04-19T18:45:49.181+0000] {dag.py:3096} INFO - Sync 1 DAGs
[2024-04-19T18:45:49.204+0000] {logging_mixin.py:188} INFO - [2024-04-19T18:45:49.203+0000] {dag.py:3954} INFO - Setting next_dagrun for example_branch_labels to 2024-04-18 00:00:00+00:00, run_after=2024-04-19 00:00:00+00:00
[2024-04-19T18:45:49.225+0000] {processor.py:183} INFO - Processing /home/airflow/.local/lib/python3.12/site-packages/airflow/example_dags/example_branch_labels.py took 0.082 seconds
[2024-04-19T18:46:19.387+0000] {processor.py:161} INFO - Started process (PID=1572) to work on /home/airflow/.local/lib/python3.12/site-packages/airflow/example_dags/example_branch_labels.py
[2024-04-19T18:46:19.389+0000] {processor.py:830} INFO - Processing file /home/airflow/.local/lib/python3.12/site-packages/airflow/example_dags/example_branch_labels.py for tasks to queue
[2024-04-19T18:46:19.392+0000] {logging_mixin.py:188} INFO - [2024-04-19T18:46:19.392+0000] {dagbag.py:540} INFO - Filling up the DagBag from /home/airflow/.local/lib/python3.12/site-packages/airflow/example_dags/example_branch_labels.py
[2024-04-19T18:46:19.405+0000] {processor.py:840} INFO - DAG(s) 'example_branch_labels' retrieved from /home/airflow/.local/lib/python3.12/site-packages/airflow/example_dags/example_branch_labels.py
[2024-04-19T18:46:19.448+0000] {logging_mixin.py:188} INFO - [2024-04-19T18:46:19.447+0000] {dag.py:3096} INFO - Sync 1 DAGs
[2024-04-19T18:46:19.492+0000] {logging_mixin.py:188} INFO - [2024-04-19T18:46:19.492+0000] {dag.py:3954} INFO - Setting next_dagrun for example_branch_labels to 2024-04-18 00:00:00+00:00, run_after=2024-04-19 00:00:00+00:00
[2024-04-19T18:46:19.525+0000] {processor.py:183} INFO - Processing /home/airflow/.local/lib/python3.12/site-packages/airflow/example_dags/example_branch_labels.py took 0.157 seconds
[2024-04-19T18:46:50.341+0000] {processor.py:161} INFO - Started process (PID=1632) to work on /home/airflow/.local/lib/python3.12/site-packages/airflow/example_dags/example_branch_labels.py
[2024-04-19T18:46:50.343+0000] {processor.py:830} INFO - Processing file /home/airflow/.local/lib/python3.12/site-packages/airflow/example_dags/example_branch_labels.py for tasks to queue
[2024-04-19T18:46:50.353+0000] {logging_mixin.py:188} INFO - [2024-04-19T18:46:50.352+0000] {dagbag.py:540} INFO - Filling up the DagBag from /home/airflow/.local/lib/python3.12/site-packages/airflow/example_dags/example_branch_labels.py
[2024-04-19T18:46:50.366+0000] {processor.py:840} INFO - DAG(s) 'example_branch_labels' retrieved from /home/airflow/.local/lib/python3.12/site-packages/airflow/example_dags/example_branch_labels.py
[2024-04-19T18:46:50.399+0000] {logging_mixin.py:188} INFO - [2024-04-19T18:46:50.399+0000] {dag.py:3096} INFO - Sync 1 DAGs
[2024-04-19T18:46:50.431+0000] {logging_mixin.py:188} INFO - [2024-04-19T18:46:50.431+0000] {dag.py:3954} INFO - Setting next_dagrun for example_branch_labels to 2024-04-18 00:00:00+00:00, run_after=2024-04-19 00:00:00+00:00
[2024-04-19T18:46:50.464+0000] {processor.py:183} INFO - Processing /home/airflow/.local/lib/python3.12/site-packages/airflow/example_dags/example_branch_labels.py took 0.131 seconds
[2024-04-19T18:47:20.532+0000] {processor.py:161} INFO - Started process (PID=1692) to work on /home/airflow/.local/lib/python3.12/site-packages/airflow/example_dags/example_branch_labels.py
[2024-04-19T18:47:20.533+0000] {processor.py:830} INFO - Processing file /home/airflow/.local/lib/python3.12/site-packages/airflow/example_dags/example_branch_labels.py for tasks to queue
[2024-04-19T18:47:20.536+0000] {logging_mixin.py:188} INFO - [2024-04-19T18:47:20.535+0000] {dagbag.py:540} INFO - Filling up the DagBag from /home/airflow/.local/lib/python3.12/site-packages/airflow/example_dags/example_branch_labels.py
[2024-04-19T18:47:20.544+0000] {processor.py:840} INFO - DAG(s) 'example_branch_labels' retrieved from /home/airflow/.local/lib/python3.12/site-packages/airflow/example_dags/example_branch_labels.py
[2024-04-19T18:47:20.566+0000] {logging_mixin.py:188} INFO - [2024-04-19T18:47:20.565+0000] {dag.py:3096} INFO - Sync 1 DAGs
[2024-04-19T18:47:20.593+0000] {logging_mixin.py:188} INFO - [2024-04-19T18:47:20.592+0000] {dag.py:3954} INFO - Setting next_dagrun for example_branch_labels to 2024-04-18 00:00:00+00:00, run_after=2024-04-19 00:00:00+00:00
[2024-04-19T18:47:20.614+0000] {processor.py:183} INFO - Processing /home/airflow/.local/lib/python3.12/site-packages/airflow/example_dags/example_branch_labels.py took 0.089 seconds
[2024-04-19T18:47:50.763+0000] {processor.py:161} INFO - Started process (PID=1753) to work on /home/airflow/.local/lib/python3.12/site-packages/airflow/example_dags/example_branch_labels.py
[2024-04-19T18:47:50.767+0000] {processor.py:830} INFO - Processing file /home/airflow/.local/lib/python3.12/site-packages/airflow/example_dags/example_branch_labels.py for tasks to queue
[2024-04-19T18:47:50.774+0000] {logging_mixin.py:188} INFO - [2024-04-19T18:47:50.773+0000] {dagbag.py:540} INFO - Filling up the DagBag from /home/airflow/.local/lib/python3.12/site-packages/airflow/example_dags/example_branch_labels.py
[2024-04-19T18:47:50.789+0000] {processor.py:840} INFO - DAG(s) 'example_branch_labels' retrieved from /home/airflow/.local/lib/python3.12/site-packages/airflow/example_dags/example_branch_labels.py
[2024-04-19T18:47:50.851+0000] {logging_mixin.py:188} INFO - [2024-04-19T18:47:50.851+0000] {dag.py:3096} INFO - Sync 1 DAGs
[2024-04-19T18:47:50.884+0000] {logging_mixin.py:188} INFO - [2024-04-19T18:47:50.884+0000] {dag.py:3954} INFO - Setting next_dagrun for example_branch_labels to 2024-04-18 00:00:00+00:00, run_after=2024-04-19 00:00:00+00:00
[2024-04-19T18:47:50.918+0000] {processor.py:183} INFO - Processing /home/airflow/.local/lib/python3.12/site-packages/airflow/example_dags/example_branch_labels.py took 0.163 seconds
[2024-04-19T18:48:21.212+0000] {processor.py:161} INFO - Started process (PID=1813) to work on /home/airflow/.local/lib/python3.12/site-packages/airflow/example_dags/example_branch_labels.py
[2024-04-19T18:48:21.213+0000] {processor.py:830} INFO - Processing file /home/airflow/.local/lib/python3.12/site-packages/airflow/example_dags/example_branch_labels.py for tasks to queue
[2024-04-19T18:48:21.216+0000] {logging_mixin.py:188} INFO - [2024-04-19T18:48:21.215+0000] {dagbag.py:540} INFO - Filling up the DagBag from /home/airflow/.local/lib/python3.12/site-packages/airflow/example_dags/example_branch_labels.py
[2024-04-19T18:48:21.225+0000] {processor.py:840} INFO - DAG(s) 'example_branch_labels' retrieved from /home/airflow/.local/lib/python3.12/site-packages/airflow/example_dags/example_branch_labels.py
[2024-04-19T18:48:21.254+0000] {logging_mixin.py:188} INFO - [2024-04-19T18:48:21.254+0000] {dag.py:3096} INFO - Sync 1 DAGs
[2024-04-19T18:48:21.287+0000] {logging_mixin.py:188} INFO - [2024-04-19T18:48:21.286+0000] {dag.py:3954} INFO - Setting next_dagrun for example_branch_labels to 2024-04-18 00:00:00+00:00, run_after=2024-04-19 00:00:00+00:00
[2024-04-19T18:48:21.314+0000] {processor.py:183} INFO - Processing /home/airflow/.local/lib/python3.12/site-packages/airflow/example_dags/example_branch_labels.py took 0.111 seconds
[2024-04-19T18:48:52.563+0000] {processor.py:161} INFO - Started process (PID=1870) to work on /home/airflow/.local/lib/python3.12/site-packages/airflow/example_dags/example_branch_labels.py
[2024-04-19T18:48:52.565+0000] {processor.py:830} INFO - Processing file /home/airflow/.local/lib/python3.12/site-packages/airflow/example_dags/example_branch_labels.py for tasks to queue
[2024-04-19T18:48:52.569+0000] {logging_mixin.py:188} INFO - [2024-04-19T18:48:52.568+0000] {dagbag.py:540} INFO - Filling up the DagBag from /home/airflow/.local/lib/python3.12/site-packages/airflow/example_dags/example_branch_labels.py
[2024-04-19T18:48:52.643+0000] {processor.py:840} INFO - DAG(s) 'example_branch_labels' retrieved from /home/airflow/.local/lib/python3.12/site-packages/airflow/example_dags/example_branch_labels.py
[2024-04-19T18:48:52.672+0000] {logging_mixin.py:188} INFO - [2024-04-19T18:48:52.671+0000] {dag.py:3096} INFO - Sync 1 DAGs
[2024-04-19T18:48:52.694+0000] {logging_mixin.py:188} INFO - [2024-04-19T18:48:52.694+0000] {dag.py:3954} INFO - Setting next_dagrun for example_branch_labels to 2024-04-18 00:00:00+00:00, run_after=2024-04-19 00:00:00+00:00
[2024-04-19T18:48:52.738+0000] {processor.py:183} INFO - Processing /home/airflow/.local/lib/python3.12/site-packages/airflow/example_dags/example_branch_labels.py took 0.184 seconds
[2024-04-19T18:55:54.890+0000] {processor.py:161} INFO - Started process (PID=45) to work on /home/airflow/.local/lib/python3.12/site-packages/airflow/example_dags/example_branch_labels.py
[2024-04-19T18:55:54.922+0000] {processor.py:830} INFO - Processing file /home/airflow/.local/lib/python3.12/site-packages/airflow/example_dags/example_branch_labels.py for tasks to queue
[2024-04-19T18:55:54.925+0000] {logging_mixin.py:188} INFO - [2024-04-19T18:55:54.924+0000] {dagbag.py:540} INFO - Filling up the DagBag from /home/airflow/.local/lib/python3.12/site-packages/airflow/example_dags/example_branch_labels.py
[2024-04-19T18:55:55.071+0000] {processor.py:840} INFO - DAG(s) 'example_branch_labels' retrieved from /home/airflow/.local/lib/python3.12/site-packages/airflow/example_dags/example_branch_labels.py
[2024-04-19T18:55:55.236+0000] {logging_mixin.py:188} INFO - [2024-04-19T18:55:55.236+0000] {dag.py:3096} INFO - Sync 1 DAGs
[2024-04-19T18:55:55.377+0000] {logging_mixin.py:188} INFO - [2024-04-19T18:55:55.376+0000] {dag.py:3954} INFO - Setting next_dagrun for example_branch_labels to 2024-04-18 00:00:00+00:00, run_after=2024-04-19 00:00:00+00:00
[2024-04-19T18:55:55.577+0000] {processor.py:183} INFO - Processing /home/airflow/.local/lib/python3.12/site-packages/airflow/example_dags/example_branch_labels.py took 0.734 seconds
[2024-04-19T18:56:27.167+0000] {processor.py:161} INFO - Started process (PID=104) to work on /home/airflow/.local/lib/python3.12/site-packages/airflow/example_dags/example_branch_labels.py
[2024-04-19T18:56:27.170+0000] {processor.py:830} INFO - Processing file /home/airflow/.local/lib/python3.12/site-packages/airflow/example_dags/example_branch_labels.py for tasks to queue
[2024-04-19T18:56:27.174+0000] {logging_mixin.py:188} INFO - [2024-04-19T18:56:27.173+0000] {dagbag.py:540} INFO - Filling up the DagBag from /home/airflow/.local/lib/python3.12/site-packages/airflow/example_dags/example_branch_labels.py
[2024-04-19T18:56:27.202+0000] {processor.py:840} INFO - DAG(s) 'example_branch_labels' retrieved from /home/airflow/.local/lib/python3.12/site-packages/airflow/example_dags/example_branch_labels.py
[2024-04-19T18:56:27.292+0000] {logging_mixin.py:188} INFO - [2024-04-19T18:56:27.291+0000] {dag.py:3096} INFO - Sync 1 DAGs
[2024-04-19T18:56:27.372+0000] {logging_mixin.py:188} INFO - [2024-04-19T18:56:27.371+0000] {dag.py:3954} INFO - Setting next_dagrun for example_branch_labels to 2024-04-18 00:00:00+00:00, run_after=2024-04-19 00:00:00+00:00
[2024-04-19T18:56:27.431+0000] {processor.py:183} INFO - Processing /home/airflow/.local/lib/python3.12/site-packages/airflow/example_dags/example_branch_labels.py took 0.274 seconds
[2024-04-19T18:56:58.079+0000] {processor.py:161} INFO - Started process (PID=161) to work on /home/airflow/.local/lib/python3.12/site-packages/airflow/example_dags/example_branch_labels.py
[2024-04-19T18:56:58.087+0000] {processor.py:830} INFO - Processing file /home/airflow/.local/lib/python3.12/site-packages/airflow/example_dags/example_branch_labels.py for tasks to queue
[2024-04-19T18:56:58.097+0000] {logging_mixin.py:188} INFO - [2024-04-19T18:56:58.096+0000] {dagbag.py:540} INFO - Filling up the DagBag from /home/airflow/.local/lib/python3.12/site-packages/airflow/example_dags/example_branch_labels.py
[2024-04-19T18:56:58.122+0000] {processor.py:840} INFO - DAG(s) 'example_branch_labels' retrieved from /home/airflow/.local/lib/python3.12/site-packages/airflow/example_dags/example_branch_labels.py
[2024-04-19T18:56:58.587+0000] {logging_mixin.py:188} INFO - [2024-04-19T18:56:58.587+0000] {dag.py:3096} INFO - Sync 1 DAGs
[2024-04-19T18:56:58.684+0000] {logging_mixin.py:188} INFO - [2024-04-19T18:56:58.684+0000] {dag.py:3954} INFO - Setting next_dagrun for example_branch_labels to 2024-04-18 00:00:00+00:00, run_after=2024-04-19 00:00:00+00:00
[2024-04-19T18:56:58.917+0000] {processor.py:183} INFO - Processing /home/airflow/.local/lib/python3.12/site-packages/airflow/example_dags/example_branch_labels.py took 0.849 seconds
[2024-04-19T18:57:29.127+0000] {processor.py:161} INFO - Started process (PID=220) to work on /home/airflow/.local/lib/python3.12/site-packages/airflow/example_dags/example_branch_labels.py
[2024-04-19T18:57:29.128+0000] {processor.py:830} INFO - Processing file /home/airflow/.local/lib/python3.12/site-packages/airflow/example_dags/example_branch_labels.py for tasks to queue
[2024-04-19T18:57:29.131+0000] {logging_mixin.py:188} INFO - [2024-04-19T18:57:29.131+0000] {dagbag.py:540} INFO - Filling up the DagBag from /home/airflow/.local/lib/python3.12/site-packages/airflow/example_dags/example_branch_labels.py
[2024-04-19T18:57:29.144+0000] {processor.py:840} INFO - DAG(s) 'example_branch_labels' retrieved from /home/airflow/.local/lib/python3.12/site-packages/airflow/example_dags/example_branch_labels.py
[2024-04-19T18:57:29.191+0000] {logging_mixin.py:188} INFO - [2024-04-19T18:57:29.189+0000] {dag.py:3096} INFO - Sync 1 DAGs
[2024-04-19T18:57:29.251+0000] {logging_mixin.py:188} INFO - [2024-04-19T18:57:29.251+0000] {dag.py:3954} INFO - Setting next_dagrun for example_branch_labels to 2024-04-18 00:00:00+00:00, run_after=2024-04-19 00:00:00+00:00
[2024-04-19T18:57:29.293+0000] {processor.py:183} INFO - Processing /home/airflow/.local/lib/python3.12/site-packages/airflow/example_dags/example_branch_labels.py took 0.175 seconds
[2024-04-19T18:57:59.987+0000] {processor.py:161} INFO - Started process (PID=279) to work on /home/airflow/.local/lib/python3.12/site-packages/airflow/example_dags/example_branch_labels.py
[2024-04-19T18:57:59.990+0000] {processor.py:830} INFO - Processing file /home/airflow/.local/lib/python3.12/site-packages/airflow/example_dags/example_branch_labels.py for tasks to queue
[2024-04-19T18:57:59.991+0000] {logging_mixin.py:188} INFO - [2024-04-19T18:57:59.991+0000] {dagbag.py:540} INFO - Filling up the DagBag from /home/airflow/.local/lib/python3.12/site-packages/airflow/example_dags/example_branch_labels.py
[2024-04-19T18:58:00.004+0000] {processor.py:840} INFO - DAG(s) 'example_branch_labels' retrieved from /home/airflow/.local/lib/python3.12/site-packages/airflow/example_dags/example_branch_labels.py
[2024-04-19T18:58:00.066+0000] {logging_mixin.py:188} INFO - [2024-04-19T18:58:00.066+0000] {dag.py:3096} INFO - Sync 1 DAGs
[2024-04-19T18:58:00.117+0000] {logging_mixin.py:188} INFO - [2024-04-19T18:58:00.116+0000] {dag.py:3954} INFO - Setting next_dagrun for example_branch_labels to 2024-04-18 00:00:00+00:00, run_after=2024-04-19 00:00:00+00:00
[2024-04-19T18:58:00.164+0000] {processor.py:183} INFO - Processing /home/airflow/.local/lib/python3.12/site-packages/airflow/example_dags/example_branch_labels.py took 0.188 seconds
[2024-04-19T18:58:30.478+0000] {processor.py:161} INFO - Started process (PID=339) to work on /home/airflow/.local/lib/python3.12/site-packages/airflow/example_dags/example_branch_labels.py
[2024-04-19T18:58:30.480+0000] {processor.py:830} INFO - Processing file /home/airflow/.local/lib/python3.12/site-packages/airflow/example_dags/example_branch_labels.py for tasks to queue
[2024-04-19T18:58:30.481+0000] {logging_mixin.py:188} INFO - [2024-04-19T18:58:30.481+0000] {dagbag.py:540} INFO - Filling up the DagBag from /home/airflow/.local/lib/python3.12/site-packages/airflow/example_dags/example_branch_labels.py
[2024-04-19T18:58:30.494+0000] {processor.py:840} INFO - DAG(s) 'example_branch_labels' retrieved from /home/airflow/.local/lib/python3.12/site-packages/airflow/example_dags/example_branch_labels.py
[2024-04-19T18:58:30.530+0000] {logging_mixin.py:188} INFO - [2024-04-19T18:58:30.530+0000] {dag.py:3096} INFO - Sync 1 DAGs
[2024-04-19T18:58:30.592+0000] {logging_mixin.py:188} INFO - [2024-04-19T18:58:30.591+0000] {dag.py:3954} INFO - Setting next_dagrun for example_branch_labels to 2024-04-18 00:00:00+00:00, run_after=2024-04-19 00:00:00+00:00
[2024-04-19T18:58:30.637+0000] {processor.py:183} INFO - Processing /home/airflow/.local/lib/python3.12/site-packages/airflow/example_dags/example_branch_labels.py took 0.167 seconds
[2024-04-19T18:59:00.710+0000] {processor.py:161} INFO - Started process (PID=397) to work on /home/airflow/.local/lib/python3.12/site-packages/airflow/example_dags/example_branch_labels.py
[2024-04-19T18:59:00.712+0000] {processor.py:830} INFO - Processing file /home/airflow/.local/lib/python3.12/site-packages/airflow/example_dags/example_branch_labels.py for tasks to queue
[2024-04-19T18:59:00.713+0000] {logging_mixin.py:188} INFO - [2024-04-19T18:59:00.713+0000] {dagbag.py:540} INFO - Filling up the DagBag from /home/airflow/.local/lib/python3.12/site-packages/airflow/example_dags/example_branch_labels.py
[2024-04-19T18:59:00.724+0000] {processor.py:840} INFO - DAG(s) 'example_branch_labels' retrieved from /home/airflow/.local/lib/python3.12/site-packages/airflow/example_dags/example_branch_labels.py
[2024-04-19T18:59:00.763+0000] {logging_mixin.py:188} INFO - [2024-04-19T18:59:00.762+0000] {dag.py:3096} INFO - Sync 1 DAGs
[2024-04-19T18:59:00.802+0000] {logging_mixin.py:188} INFO - [2024-04-19T18:59:00.802+0000] {dag.py:3954} INFO - Setting next_dagrun for example_branch_labels to 2024-04-18 00:00:00+00:00, run_after=2024-04-19 00:00:00+00:00
[2024-04-19T18:59:00.830+0000] {processor.py:183} INFO - Processing /home/airflow/.local/lib/python3.12/site-packages/airflow/example_dags/example_branch_labels.py took 0.129 seconds
[2024-04-19T18:59:31.056+0000] {processor.py:161} INFO - Started process (PID=458) to work on /home/airflow/.local/lib/python3.12/site-packages/airflow/example_dags/example_branch_labels.py
[2024-04-19T18:59:31.057+0000] {processor.py:830} INFO - Processing file /home/airflow/.local/lib/python3.12/site-packages/airflow/example_dags/example_branch_labels.py for tasks to queue
[2024-04-19T18:59:31.059+0000] {logging_mixin.py:188} INFO - [2024-04-19T18:59:31.059+0000] {dagbag.py:540} INFO - Filling up the DagBag from /home/airflow/.local/lib/python3.12/site-packages/airflow/example_dags/example_branch_labels.py
[2024-04-19T18:59:31.068+0000] {processor.py:840} INFO - DAG(s) 'example_branch_labels' retrieved from /home/airflow/.local/lib/python3.12/site-packages/airflow/example_dags/example_branch_labels.py
[2024-04-19T18:59:31.092+0000] {logging_mixin.py:188} INFO - [2024-04-19T18:59:31.091+0000] {dag.py:3096} INFO - Sync 1 DAGs
[2024-04-19T18:59:31.122+0000] {logging_mixin.py:188} INFO - [2024-04-19T18:59:31.122+0000] {dag.py:3954} INFO - Setting next_dagrun for example_branch_labels to 2024-04-18 00:00:00+00:00, run_after=2024-04-19 00:00:00+00:00
[2024-04-19T18:59:31.146+0000] {processor.py:183} INFO - Processing /home/airflow/.local/lib/python3.12/site-packages/airflow/example_dags/example_branch_labels.py took 0.099 seconds
[2024-04-19T19:00:01.976+0000] {processor.py:161} INFO - Started process (PID=518) to work on /home/airflow/.local/lib/python3.12/site-packages/airflow/example_dags/example_branch_labels.py
[2024-04-19T19:00:01.978+0000] {processor.py:830} INFO - Processing file /home/airflow/.local/lib/python3.12/site-packages/airflow/example_dags/example_branch_labels.py for tasks to queue
[2024-04-19T19:00:01.979+0000] {logging_mixin.py:188} INFO - [2024-04-19T19:00:01.979+0000] {dagbag.py:540} INFO - Filling up the DagBag from /home/airflow/.local/lib/python3.12/site-packages/airflow/example_dags/example_branch_labels.py
[2024-04-19T19:00:01.990+0000] {processor.py:840} INFO - DAG(s) 'example_branch_labels' retrieved from /home/airflow/.local/lib/python3.12/site-packages/airflow/example_dags/example_branch_labels.py
[2024-04-19T19:00:02.034+0000] {logging_mixin.py:188} INFO - [2024-04-19T19:00:02.034+0000] {dag.py:3096} INFO - Sync 1 DAGs
[2024-04-19T19:00:02.080+0000] {logging_mixin.py:188} INFO - [2024-04-19T19:00:02.080+0000] {dag.py:3954} INFO - Setting next_dagrun for example_branch_labels to 2024-04-18 00:00:00+00:00, run_after=2024-04-19 00:00:00+00:00
[2024-04-19T19:00:02.116+0000] {processor.py:183} INFO - Processing /home/airflow/.local/lib/python3.12/site-packages/airflow/example_dags/example_branch_labels.py took 0.150 seconds
[2024-04-19T19:00:32.728+0000] {processor.py:161} INFO - Started process (PID=578) to work on /home/airflow/.local/lib/python3.12/site-packages/airflow/example_dags/example_branch_labels.py
[2024-04-19T19:00:32.740+0000] {processor.py:830} INFO - Processing file /home/airflow/.local/lib/python3.12/site-packages/airflow/example_dags/example_branch_labels.py for tasks to queue
[2024-04-19T19:00:32.741+0000] {logging_mixin.py:188} INFO - [2024-04-19T19:00:32.741+0000] {dagbag.py:540} INFO - Filling up the DagBag from /home/airflow/.local/lib/python3.12/site-packages/airflow/example_dags/example_branch_labels.py
[2024-04-19T19:00:32.774+0000] {processor.py:840} INFO - DAG(s) 'example_branch_labels' retrieved from /home/airflow/.local/lib/python3.12/site-packages/airflow/example_dags/example_branch_labels.py
[2024-04-19T19:00:32.839+0000] {logging_mixin.py:188} INFO - [2024-04-19T19:00:32.838+0000] {dag.py:3096} INFO - Sync 1 DAGs
[2024-04-19T19:00:32.905+0000] {logging_mixin.py:188} INFO - [2024-04-19T19:00:32.904+0000] {dag.py:3954} INFO - Setting next_dagrun for example_branch_labels to 2024-04-18 00:00:00+00:00, run_after=2024-04-19 00:00:00+00:00
[2024-04-19T19:00:32.951+0000] {processor.py:183} INFO - Processing /home/airflow/.local/lib/python3.12/site-packages/airflow/example_dags/example_branch_labels.py took 0.238 seconds
[2024-04-19T19:01:03.737+0000] {processor.py:161} INFO - Started process (PID=638) to work on /home/airflow/.local/lib/python3.12/site-packages/airflow/example_dags/example_branch_labels.py
[2024-04-19T19:01:03.738+0000] {processor.py:830} INFO - Processing file /home/airflow/.local/lib/python3.12/site-packages/airflow/example_dags/example_branch_labels.py for tasks to queue
[2024-04-19T19:01:03.740+0000] {logging_mixin.py:188} INFO - [2024-04-19T19:01:03.739+0000] {dagbag.py:540} INFO - Filling up the DagBag from /home/airflow/.local/lib/python3.12/site-packages/airflow/example_dags/example_branch_labels.py
[2024-04-19T19:01:03.749+0000] {processor.py:840} INFO - DAG(s) 'example_branch_labels' retrieved from /home/airflow/.local/lib/python3.12/site-packages/airflow/example_dags/example_branch_labels.py
[2024-04-19T19:01:03.778+0000] {logging_mixin.py:188} INFO - [2024-04-19T19:01:03.778+0000] {dag.py:3096} INFO - Sync 1 DAGs
[2024-04-19T19:01:03.806+0000] {logging_mixin.py:188} INFO - [2024-04-19T19:01:03.806+0000] {dag.py:3954} INFO - Setting next_dagrun for example_branch_labels to 2024-04-18 00:00:00+00:00, run_after=2024-04-19 00:00:00+00:00
[2024-04-19T19:01:03.827+0000] {processor.py:183} INFO - Processing /home/airflow/.local/lib/python3.12/site-packages/airflow/example_dags/example_branch_labels.py took 0.097 seconds
[2024-04-19T19:01:34.493+0000] {processor.py:161} INFO - Started process (PID=695) to work on /home/airflow/.local/lib/python3.12/site-packages/airflow/example_dags/example_branch_labels.py
[2024-04-19T19:01:34.496+0000] {processor.py:830} INFO - Processing file /home/airflow/.local/lib/python3.12/site-packages/airflow/example_dags/example_branch_labels.py for tasks to queue
[2024-04-19T19:01:34.498+0000] {logging_mixin.py:188} INFO - [2024-04-19T19:01:34.498+0000] {dagbag.py:540} INFO - Filling up the DagBag from /home/airflow/.local/lib/python3.12/site-packages/airflow/example_dags/example_branch_labels.py
[2024-04-19T19:01:34.524+0000] {processor.py:840} INFO - DAG(s) 'example_branch_labels' retrieved from /home/airflow/.local/lib/python3.12/site-packages/airflow/example_dags/example_branch_labels.py
[2024-04-19T19:01:34.565+0000] {logging_mixin.py:188} INFO - [2024-04-19T19:01:34.565+0000] {dag.py:3096} INFO - Sync 1 DAGs
[2024-04-19T19:01:34.601+0000] {logging_mixin.py:188} INFO - [2024-04-19T19:01:34.600+0000] {dag.py:3954} INFO - Setting next_dagrun for example_branch_labels to 2024-04-18 00:00:00+00:00, run_after=2024-04-19 00:00:00+00:00
[2024-04-19T19:01:34.634+0000] {processor.py:183} INFO - Processing /home/airflow/.local/lib/python3.12/site-packages/airflow/example_dags/example_branch_labels.py took 0.149 seconds
[2024-04-19T19:02:09.911+0000] {processor.py:161} INFO - Started process (PID=755) to work on /home/airflow/.local/lib/python3.12/site-packages/airflow/example_dags/example_branch_labels.py
[2024-04-19T19:02:09.913+0000] {processor.py:830} INFO - Processing file /home/airflow/.local/lib/python3.12/site-packages/airflow/example_dags/example_branch_labels.py for tasks to queue
[2024-04-19T19:02:09.915+0000] {logging_mixin.py:188} INFO - [2024-04-19T19:02:09.914+0000] {dagbag.py:540} INFO - Filling up the DagBag from /home/airflow/.local/lib/python3.12/site-packages/airflow/example_dags/example_branch_labels.py
[2024-04-19T19:02:09.932+0000] {processor.py:840} INFO - DAG(s) 'example_branch_labels' retrieved from /home/airflow/.local/lib/python3.12/site-packages/airflow/example_dags/example_branch_labels.py
[2024-04-19T19:02:10.000+0000] {logging_mixin.py:188} INFO - [2024-04-19T19:02:09.999+0000] {dag.py:3096} INFO - Sync 1 DAGs
[2024-04-19T19:02:10.073+0000] {logging_mixin.py:188} INFO - [2024-04-19T19:02:10.072+0000] {dag.py:3954} INFO - Setting next_dagrun for example_branch_labels to 2024-04-18 00:00:00+00:00, run_after=2024-04-19 00:00:00+00:00
[2024-04-19T19:02:10.192+0000] {processor.py:183} INFO - Processing /home/airflow/.local/lib/python3.12/site-packages/airflow/example_dags/example_branch_labels.py took 0.318 seconds
[2024-04-19T19:02:40.411+0000] {processor.py:161} INFO - Started process (PID=815) to work on /home/airflow/.local/lib/python3.12/site-packages/airflow/example_dags/example_branch_labels.py
[2024-04-19T19:02:40.412+0000] {processor.py:830} INFO - Processing file /home/airflow/.local/lib/python3.12/site-packages/airflow/example_dags/example_branch_labels.py for tasks to queue
[2024-04-19T19:02:40.413+0000] {logging_mixin.py:188} INFO - [2024-04-19T19:02:40.412+0000] {dagbag.py:540} INFO - Filling up the DagBag from /home/airflow/.local/lib/python3.12/site-packages/airflow/example_dags/example_branch_labels.py
[2024-04-19T19:02:40.421+0000] {processor.py:840} INFO - DAG(s) 'example_branch_labels' retrieved from /home/airflow/.local/lib/python3.12/site-packages/airflow/example_dags/example_branch_labels.py
[2024-04-19T19:02:40.449+0000] {logging_mixin.py:188} INFO - [2024-04-19T19:02:40.448+0000] {dag.py:3096} INFO - Sync 1 DAGs
[2024-04-19T19:02:40.489+0000] {logging_mixin.py:188} INFO - [2024-04-19T19:02:40.489+0000] {dag.py:3954} INFO - Setting next_dagrun for example_branch_labels to 2024-04-18 00:00:00+00:00, run_after=2024-04-19 00:00:00+00:00
[2024-04-19T19:02:40.526+0000] {processor.py:183} INFO - Processing /home/airflow/.local/lib/python3.12/site-packages/airflow/example_dags/example_branch_labels.py took 0.124 seconds
[2024-04-19T19:03:11.347+0000] {processor.py:161} INFO - Started process (PID=877) to work on /home/airflow/.local/lib/python3.12/site-packages/airflow/example_dags/example_branch_labels.py
[2024-04-19T19:03:11.348+0000] {processor.py:830} INFO - Processing file /home/airflow/.local/lib/python3.12/site-packages/airflow/example_dags/example_branch_labels.py for tasks to queue
[2024-04-19T19:03:11.349+0000] {logging_mixin.py:188} INFO - [2024-04-19T19:03:11.349+0000] {dagbag.py:540} INFO - Filling up the DagBag from /home/airflow/.local/lib/python3.12/site-packages/airflow/example_dags/example_branch_labels.py
[2024-04-19T19:03:11.359+0000] {processor.py:840} INFO - DAG(s) 'example_branch_labels' retrieved from /home/airflow/.local/lib/python3.12/site-packages/airflow/example_dags/example_branch_labels.py
[2024-04-19T19:03:11.394+0000] {logging_mixin.py:188} INFO - [2024-04-19T19:03:11.393+0000] {dag.py:3096} INFO - Sync 1 DAGs
[2024-04-19T19:03:11.440+0000] {logging_mixin.py:188} INFO - [2024-04-19T19:03:11.440+0000] {dag.py:3954} INFO - Setting next_dagrun for example_branch_labels to 2024-04-18 00:00:00+00:00, run_after=2024-04-19 00:00:00+00:00
[2024-04-19T19:03:11.476+0000] {processor.py:183} INFO - Processing /home/airflow/.local/lib/python3.12/site-packages/airflow/example_dags/example_branch_labels.py took 0.137 seconds
[2024-04-19T19:03:42.360+0000] {processor.py:161} INFO - Started process (PID=937) to work on /home/airflow/.local/lib/python3.12/site-packages/airflow/example_dags/example_branch_labels.py
[2024-04-19T19:03:42.376+0000] {processor.py:830} INFO - Processing file /home/airflow/.local/lib/python3.12/site-packages/airflow/example_dags/example_branch_labels.py for tasks to queue
[2024-04-19T19:03:42.382+0000] {logging_mixin.py:188} INFO - [2024-04-19T19:03:42.382+0000] {dagbag.py:540} INFO - Filling up the DagBag from /home/airflow/.local/lib/python3.12/site-packages/airflow/example_dags/example_branch_labels.py
[2024-04-19T19:03:42.408+0000] {processor.py:840} INFO - DAG(s) 'example_branch_labels' retrieved from /home/airflow/.local/lib/python3.12/site-packages/airflow/example_dags/example_branch_labels.py
[2024-04-19T19:03:42.447+0000] {logging_mixin.py:188} INFO - [2024-04-19T19:03:42.447+0000] {dag.py:3096} INFO - Sync 1 DAGs
[2024-04-19T19:03:42.491+0000] {logging_mixin.py:188} INFO - [2024-04-19T19:03:42.490+0000] {dag.py:3954} INFO - Setting next_dagrun for example_branch_labels to 2024-04-18 00:00:00+00:00, run_after=2024-04-19 00:00:00+00:00
[2024-04-19T19:03:42.529+0000] {processor.py:183} INFO - Processing /home/airflow/.local/lib/python3.12/site-packages/airflow/example_dags/example_branch_labels.py took 0.178 seconds
[2024-04-19T19:04:12.620+0000] {processor.py:161} INFO - Started process (PID=995) to work on /home/airflow/.local/lib/python3.12/site-packages/airflow/example_dags/example_branch_labels.py
[2024-04-19T19:04:12.622+0000] {processor.py:830} INFO - Processing file /home/airflow/.local/lib/python3.12/site-packages/airflow/example_dags/example_branch_labels.py for tasks to queue
[2024-04-19T19:04:12.625+0000] {logging_mixin.py:188} INFO - [2024-04-19T19:04:12.622+0000] {dagbag.py:540} INFO - Filling up the DagBag from /home/airflow/.local/lib/python3.12/site-packages/airflow/example_dags/example_branch_labels.py
[2024-04-19T19:04:12.633+0000] {processor.py:840} INFO - DAG(s) 'example_branch_labels' retrieved from /home/airflow/.local/lib/python3.12/site-packages/airflow/example_dags/example_branch_labels.py
[2024-04-19T19:04:12.669+0000] {logging_mixin.py:188} INFO - [2024-04-19T19:04:12.669+0000] {dag.py:3096} INFO - Sync 1 DAGs
[2024-04-19T19:04:12.701+0000] {logging_mixin.py:188} INFO - [2024-04-19T19:04:12.700+0000] {dag.py:3954} INFO - Setting next_dagrun for example_branch_labels to 2024-04-18 00:00:00+00:00, run_after=2024-04-19 00:00:00+00:00
[2024-04-19T19:04:12.732+0000] {processor.py:183} INFO - Processing /home/airflow/.local/lib/python3.12/site-packages/airflow/example_dags/example_branch_labels.py took 0.119 seconds
[2024-04-19T19:04:43.089+0000] {processor.py:161} INFO - Started process (PID=1056) to work on /home/airflow/.local/lib/python3.12/site-packages/airflow/example_dags/example_branch_labels.py
[2024-04-19T19:04:43.090+0000] {processor.py:830} INFO - Processing file /home/airflow/.local/lib/python3.12/site-packages/airflow/example_dags/example_branch_labels.py for tasks to queue
[2024-04-19T19:04:43.091+0000] {logging_mixin.py:188} INFO - [2024-04-19T19:04:43.091+0000] {dagbag.py:540} INFO - Filling up the DagBag from /home/airflow/.local/lib/python3.12/site-packages/airflow/example_dags/example_branch_labels.py
[2024-04-19T19:04:43.100+0000] {processor.py:840} INFO - DAG(s) 'example_branch_labels' retrieved from /home/airflow/.local/lib/python3.12/site-packages/airflow/example_dags/example_branch_labels.py
[2024-04-19T19:04:43.208+0000] {logging_mixin.py:188} INFO - [2024-04-19T19:04:43.208+0000] {dag.py:3096} INFO - Sync 1 DAGs
[2024-04-19T19:04:43.236+0000] {logging_mixin.py:188} INFO - [2024-04-19T19:04:43.236+0000] {dag.py:3954} INFO - Setting next_dagrun for example_branch_labels to 2024-04-18 00:00:00+00:00, run_after=2024-04-19 00:00:00+00:00
[2024-04-19T19:04:43.597+0000] {processor.py:183} INFO - Processing /home/airflow/.local/lib/python3.12/site-packages/airflow/example_dags/example_branch_labels.py took 0.514 seconds
[2024-04-19T19:05:13.975+0000] {processor.py:161} INFO - Started process (PID=1116) to work on /home/airflow/.local/lib/python3.12/site-packages/airflow/example_dags/example_branch_labels.py
[2024-04-19T19:05:13.976+0000] {processor.py:830} INFO - Processing file /home/airflow/.local/lib/python3.12/site-packages/airflow/example_dags/example_branch_labels.py for tasks to queue
[2024-04-19T19:05:13.979+0000] {logging_mixin.py:188} INFO - [2024-04-19T19:05:13.978+0000] {dagbag.py:540} INFO - Filling up the DagBag from /home/airflow/.local/lib/python3.12/site-packages/airflow/example_dags/example_branch_labels.py
[2024-04-19T19:05:13.994+0000] {processor.py:840} INFO - DAG(s) 'example_branch_labels' retrieved from /home/airflow/.local/lib/python3.12/site-packages/airflow/example_dags/example_branch_labels.py
[2024-04-19T19:05:14.033+0000] {logging_mixin.py:188} INFO - [2024-04-19T19:05:14.032+0000] {dag.py:3096} INFO - Sync 1 DAGs
[2024-04-19T19:05:14.254+0000] {logging_mixin.py:188} INFO - [2024-04-19T19:05:14.254+0000] {dag.py:3954} INFO - Setting next_dagrun for example_branch_labels to 2024-04-18 00:00:00+00:00, run_after=2024-04-19 00:00:00+00:00
[2024-04-19T19:05:14.287+0000] {processor.py:183} INFO - Processing /home/airflow/.local/lib/python3.12/site-packages/airflow/example_dags/example_branch_labels.py took 0.318 seconds
[2024-04-19T19:05:44.637+0000] {processor.py:161} INFO - Started process (PID=1173) to work on /home/airflow/.local/lib/python3.12/site-packages/airflow/example_dags/example_branch_labels.py
[2024-04-19T19:05:44.638+0000] {processor.py:830} INFO - Processing file /home/airflow/.local/lib/python3.12/site-packages/airflow/example_dags/example_branch_labels.py for tasks to queue
[2024-04-19T19:05:44.639+0000] {logging_mixin.py:188} INFO - [2024-04-19T19:05:44.638+0000] {dagbag.py:540} INFO - Filling up the DagBag from /home/airflow/.local/lib/python3.12/site-packages/airflow/example_dags/example_branch_labels.py
[2024-04-19T19:05:44.646+0000] {processor.py:840} INFO - DAG(s) 'example_branch_labels' retrieved from /home/airflow/.local/lib/python3.12/site-packages/airflow/example_dags/example_branch_labels.py
[2024-04-19T19:05:44.667+0000] {logging_mixin.py:188} INFO - [2024-04-19T19:05:44.666+0000] {dag.py:3096} INFO - Sync 1 DAGs
[2024-04-19T19:05:44.690+0000] {logging_mixin.py:188} INFO - [2024-04-19T19:05:44.690+0000] {dag.py:3954} INFO - Setting next_dagrun for example_branch_labels to 2024-04-18 00:00:00+00:00, run_after=2024-04-19 00:00:00+00:00
[2024-04-19T19:05:44.711+0000] {processor.py:183} INFO - Processing /home/airflow/.local/lib/python3.12/site-packages/airflow/example_dags/example_branch_labels.py took 0.080 seconds
[2024-04-19T19:06:15.530+0000] {processor.py:161} INFO - Started process (PID=1234) to work on /home/airflow/.local/lib/python3.12/site-packages/airflow/example_dags/example_branch_labels.py
[2024-04-19T19:06:15.531+0000] {processor.py:830} INFO - Processing file /home/airflow/.local/lib/python3.12/site-packages/airflow/example_dags/example_branch_labels.py for tasks to queue
[2024-04-19T19:06:15.532+0000] {logging_mixin.py:188} INFO - [2024-04-19T19:06:15.532+0000] {dagbag.py:540} INFO - Filling up the DagBag from /home/airflow/.local/lib/python3.12/site-packages/airflow/example_dags/example_branch_labels.py
[2024-04-19T19:06:15.539+0000] {processor.py:840} INFO - DAG(s) 'example_branch_labels' retrieved from /home/airflow/.local/lib/python3.12/site-packages/airflow/example_dags/example_branch_labels.py
[2024-04-19T19:06:15.563+0000] {logging_mixin.py:188} INFO - [2024-04-19T19:06:15.563+0000] {dag.py:3096} INFO - Sync 1 DAGs
[2024-04-19T19:06:15.587+0000] {logging_mixin.py:188} INFO - [2024-04-19T19:06:15.587+0000] {dag.py:3954} INFO - Setting next_dagrun for example_branch_labels to 2024-04-18 00:00:00+00:00, run_after=2024-04-19 00:00:00+00:00
[2024-04-19T19:06:15.610+0000] {processor.py:183} INFO - Processing /home/airflow/.local/lib/python3.12/site-packages/airflow/example_dags/example_branch_labels.py took 0.087 seconds
[2024-04-19T19:06:46.343+0000] {processor.py:161} INFO - Started process (PID=1294) to work on /home/airflow/.local/lib/python3.12/site-packages/airflow/example_dags/example_branch_labels.py
[2024-04-19T19:06:46.346+0000] {processor.py:830} INFO - Processing file /home/airflow/.local/lib/python3.12/site-packages/airflow/example_dags/example_branch_labels.py for tasks to queue
[2024-04-19T19:06:46.347+0000] {logging_mixin.py:188} INFO - [2024-04-19T19:06:46.347+0000] {dagbag.py:540} INFO - Filling up the DagBag from /home/airflow/.local/lib/python3.12/site-packages/airflow/example_dags/example_branch_labels.py
[2024-04-19T19:06:46.357+0000] {processor.py:840} INFO - DAG(s) 'example_branch_labels' retrieved from /home/airflow/.local/lib/python3.12/site-packages/airflow/example_dags/example_branch_labels.py
[2024-04-19T19:06:46.394+0000] {logging_mixin.py:188} INFO - [2024-04-19T19:06:46.394+0000] {dag.py:3096} INFO - Sync 1 DAGs
[2024-04-19T19:06:46.431+0000] {logging_mixin.py:188} INFO - [2024-04-19T19:06:46.431+0000] {dag.py:3954} INFO - Setting next_dagrun for example_branch_labels to 2024-04-18 00:00:00+00:00, run_after=2024-04-19 00:00:00+00:00
[2024-04-19T19:06:46.466+0000] {processor.py:183} INFO - Processing /home/airflow/.local/lib/python3.12/site-packages/airflow/example_dags/example_branch_labels.py took 0.131 seconds
[2024-04-19T19:07:16.564+0000] {processor.py:161} INFO - Started process (PID=1354) to work on /home/airflow/.local/lib/python3.12/site-packages/airflow/example_dags/example_branch_labels.py
[2024-04-19T19:07:16.565+0000] {processor.py:830} INFO - Processing file /home/airflow/.local/lib/python3.12/site-packages/airflow/example_dags/example_branch_labels.py for tasks to queue
[2024-04-19T19:07:16.566+0000] {logging_mixin.py:188} INFO - [2024-04-19T19:07:16.565+0000] {dagbag.py:540} INFO - Filling up the DagBag from /home/airflow/.local/lib/python3.12/site-packages/airflow/example_dags/example_branch_labels.py
[2024-04-19T19:07:16.577+0000] {processor.py:840} INFO - DAG(s) 'example_branch_labels' retrieved from /home/airflow/.local/lib/python3.12/site-packages/airflow/example_dags/example_branch_labels.py
[2024-04-19T19:07:16.606+0000] {logging_mixin.py:188} INFO - [2024-04-19T19:07:16.605+0000] {dag.py:3096} INFO - Sync 1 DAGs
[2024-04-19T19:07:16.634+0000] {logging_mixin.py:188} INFO - [2024-04-19T19:07:16.634+0000] {dag.py:3954} INFO - Setting next_dagrun for example_branch_labels to 2024-04-18 00:00:00+00:00, run_after=2024-04-19 00:00:00+00:00
[2024-04-19T19:07:16.663+0000] {processor.py:183} INFO - Processing /home/airflow/.local/lib/python3.12/site-packages/airflow/example_dags/example_branch_labels.py took 0.108 seconds
[2024-04-19T19:07:46.723+0000] {processor.py:161} INFO - Started process (PID=1413) to work on /home/airflow/.local/lib/python3.12/site-packages/airflow/example_dags/example_branch_labels.py
[2024-04-19T19:07:46.724+0000] {processor.py:830} INFO - Processing file /home/airflow/.local/lib/python3.12/site-packages/airflow/example_dags/example_branch_labels.py for tasks to queue
[2024-04-19T19:07:46.726+0000] {logging_mixin.py:188} INFO - [2024-04-19T19:07:46.726+0000] {dagbag.py:540} INFO - Filling up the DagBag from /home/airflow/.local/lib/python3.12/site-packages/airflow/example_dags/example_branch_labels.py
[2024-04-19T19:07:46.740+0000] {processor.py:840} INFO - DAG(s) 'example_branch_labels' retrieved from /home/airflow/.local/lib/python3.12/site-packages/airflow/example_dags/example_branch_labels.py
[2024-04-19T19:07:46.783+0000] {logging_mixin.py:188} INFO - [2024-04-19T19:07:46.782+0000] {dag.py:3096} INFO - Sync 1 DAGs
[2024-04-19T19:07:46.834+0000] {logging_mixin.py:188} INFO - [2024-04-19T19:07:46.833+0000] {dag.py:3954} INFO - Setting next_dagrun for example_branch_labels to 2024-04-18 00:00:00+00:00, run_after=2024-04-19 00:00:00+00:00
[2024-04-19T19:07:46.860+0000] {processor.py:183} INFO - Processing /home/airflow/.local/lib/python3.12/site-packages/airflow/example_dags/example_branch_labels.py took 0.146 seconds
[2024-04-19T19:08:17.387+0000] {processor.py:161} INFO - Started process (PID=1474) to work on /home/airflow/.local/lib/python3.12/site-packages/airflow/example_dags/example_branch_labels.py
[2024-04-19T19:08:17.388+0000] {processor.py:830} INFO - Processing file /home/airflow/.local/lib/python3.12/site-packages/airflow/example_dags/example_branch_labels.py for tasks to queue
[2024-04-19T19:08:17.390+0000] {logging_mixin.py:188} INFO - [2024-04-19T19:08:17.389+0000] {dagbag.py:540} INFO - Filling up the DagBag from /home/airflow/.local/lib/python3.12/site-packages/airflow/example_dags/example_branch_labels.py
[2024-04-19T19:08:17.398+0000] {processor.py:840} INFO - DAG(s) 'example_branch_labels' retrieved from /home/airflow/.local/lib/python3.12/site-packages/airflow/example_dags/example_branch_labels.py
[2024-04-19T19:08:17.441+0000] {logging_mixin.py:188} INFO - [2024-04-19T19:08:17.441+0000] {dag.py:3096} INFO - Sync 1 DAGs
[2024-04-19T19:08:17.471+0000] {logging_mixin.py:188} INFO - [2024-04-19T19:08:17.471+0000] {dag.py:3954} INFO - Setting next_dagrun for example_branch_labels to 2024-04-18 00:00:00+00:00, run_after=2024-04-19 00:00:00+00:00
[2024-04-19T19:08:17.493+0000] {processor.py:183} INFO - Processing /home/airflow/.local/lib/python3.12/site-packages/airflow/example_dags/example_branch_labels.py took 0.114 seconds
[2024-04-19T19:08:47.915+0000] {processor.py:161} INFO - Started process (PID=1535) to work on /home/airflow/.local/lib/python3.12/site-packages/airflow/example_dags/example_branch_labels.py
[2024-04-19T19:08:47.916+0000] {processor.py:830} INFO - Processing file /home/airflow/.local/lib/python3.12/site-packages/airflow/example_dags/example_branch_labels.py for tasks to queue
[2024-04-19T19:08:47.917+0000] {logging_mixin.py:188} INFO - [2024-04-19T19:08:47.917+0000] {dagbag.py:540} INFO - Filling up the DagBag from /home/airflow/.local/lib/python3.12/site-packages/airflow/example_dags/example_branch_labels.py
[2024-04-19T19:08:47.926+0000] {processor.py:840} INFO - DAG(s) 'example_branch_labels' retrieved from /home/airflow/.local/lib/python3.12/site-packages/airflow/example_dags/example_branch_labels.py
[2024-04-19T19:08:47.950+0000] {logging_mixin.py:188} INFO - [2024-04-19T19:08:47.949+0000] {dag.py:3096} INFO - Sync 1 DAGs
[2024-04-19T19:08:47.978+0000] {logging_mixin.py:188} INFO - [2024-04-19T19:08:47.978+0000] {dag.py:3954} INFO - Setting next_dagrun for example_branch_labels to 2024-04-18 00:00:00+00:00, run_after=2024-04-19 00:00:00+00:00
[2024-04-19T19:08:47.999+0000] {processor.py:183} INFO - Processing /home/airflow/.local/lib/python3.12/site-packages/airflow/example_dags/example_branch_labels.py took 0.091 seconds
[2024-04-19T19:09:18.942+0000] {processor.py:161} INFO - Started process (PID=1595) to work on /home/airflow/.local/lib/python3.12/site-packages/airflow/example_dags/example_branch_labels.py
[2024-04-19T19:09:18.943+0000] {processor.py:830} INFO - Processing file /home/airflow/.local/lib/python3.12/site-packages/airflow/example_dags/example_branch_labels.py for tasks to queue
[2024-04-19T19:09:18.945+0000] {logging_mixin.py:188} INFO - [2024-04-19T19:09:18.944+0000] {dagbag.py:540} INFO - Filling up the DagBag from /home/airflow/.local/lib/python3.12/site-packages/airflow/example_dags/example_branch_labels.py
[2024-04-19T19:09:18.954+0000] {processor.py:840} INFO - DAG(s) 'example_branch_labels' retrieved from /home/airflow/.local/lib/python3.12/site-packages/airflow/example_dags/example_branch_labels.py
[2024-04-19T19:09:18.978+0000] {logging_mixin.py:188} INFO - [2024-04-19T19:09:18.977+0000] {dag.py:3096} INFO - Sync 1 DAGs
[2024-04-19T19:09:19.000+0000] {logging_mixin.py:188} INFO - [2024-04-19T19:09:18.999+0000] {dag.py:3954} INFO - Setting next_dagrun for example_branch_labels to 2024-04-18 00:00:00+00:00, run_after=2024-04-19 00:00:00+00:00
[2024-04-19T19:09:19.022+0000] {processor.py:183} INFO - Processing /home/airflow/.local/lib/python3.12/site-packages/airflow/example_dags/example_branch_labels.py took 0.086 seconds
[2024-04-19T19:09:49.333+0000] {processor.py:161} INFO - Started process (PID=1655) to work on /home/airflow/.local/lib/python3.12/site-packages/airflow/example_dags/example_branch_labels.py
[2024-04-19T19:09:49.334+0000] {processor.py:830} INFO - Processing file /home/airflow/.local/lib/python3.12/site-packages/airflow/example_dags/example_branch_labels.py for tasks to queue
[2024-04-19T19:09:49.335+0000] {logging_mixin.py:188} INFO - [2024-04-19T19:09:49.335+0000] {dagbag.py:540} INFO - Filling up the DagBag from /home/airflow/.local/lib/python3.12/site-packages/airflow/example_dags/example_branch_labels.py
[2024-04-19T19:09:49.346+0000] {processor.py:840} INFO - DAG(s) 'example_branch_labels' retrieved from /home/airflow/.local/lib/python3.12/site-packages/airflow/example_dags/example_branch_labels.py
[2024-04-19T19:09:49.380+0000] {logging_mixin.py:188} INFO - [2024-04-19T19:09:49.379+0000] {dag.py:3096} INFO - Sync 1 DAGs
[2024-04-19T19:09:49.413+0000] {logging_mixin.py:188} INFO - [2024-04-19T19:09:49.413+0000] {dag.py:3954} INFO - Setting next_dagrun for example_branch_labels to 2024-04-18 00:00:00+00:00, run_after=2024-04-19 00:00:00+00:00
[2024-04-19T19:09:49.441+0000] {processor.py:183} INFO - Processing /home/airflow/.local/lib/python3.12/site-packages/airflow/example_dags/example_branch_labels.py took 0.117 seconds
[2024-04-19T19:10:19.562+0000] {processor.py:161} INFO - Started process (PID=1715) to work on /home/airflow/.local/lib/python3.12/site-packages/airflow/example_dags/example_branch_labels.py
[2024-04-19T19:10:19.563+0000] {processor.py:830} INFO - Processing file /home/airflow/.local/lib/python3.12/site-packages/airflow/example_dags/example_branch_labels.py for tasks to queue
[2024-04-19T19:10:19.564+0000] {logging_mixin.py:188} INFO - [2024-04-19T19:10:19.564+0000] {dagbag.py:540} INFO - Filling up the DagBag from /home/airflow/.local/lib/python3.12/site-packages/airflow/example_dags/example_branch_labels.py
[2024-04-19T19:10:19.583+0000] {processor.py:840} INFO - DAG(s) 'example_branch_labels' retrieved from /home/airflow/.local/lib/python3.12/site-packages/airflow/example_dags/example_branch_labels.py
[2024-04-19T19:10:19.643+0000] {logging_mixin.py:188} INFO - [2024-04-19T19:10:19.642+0000] {dag.py:3096} INFO - Sync 1 DAGs
[2024-04-19T19:10:19.694+0000] {logging_mixin.py:188} INFO - [2024-04-19T19:10:19.694+0000] {dag.py:3954} INFO - Setting next_dagrun for example_branch_labels to 2024-04-18 00:00:00+00:00, run_after=2024-04-19 00:00:00+00:00
[2024-04-19T19:10:19.789+0000] {processor.py:183} INFO - Processing /home/airflow/.local/lib/python3.12/site-packages/airflow/example_dags/example_branch_labels.py took 0.239 seconds
[2024-04-19T19:10:50.478+0000] {processor.py:161} INFO - Started process (PID=1775) to work on /home/airflow/.local/lib/python3.12/site-packages/airflow/example_dags/example_branch_labels.py
[2024-04-19T19:10:50.479+0000] {processor.py:830} INFO - Processing file /home/airflow/.local/lib/python3.12/site-packages/airflow/example_dags/example_branch_labels.py for tasks to queue
[2024-04-19T19:10:50.480+0000] {logging_mixin.py:188} INFO - [2024-04-19T19:10:50.480+0000] {dagbag.py:540} INFO - Filling up the DagBag from /home/airflow/.local/lib/python3.12/site-packages/airflow/example_dags/example_branch_labels.py
[2024-04-19T19:10:50.487+0000] {processor.py:840} INFO - DAG(s) 'example_branch_labels' retrieved from /home/airflow/.local/lib/python3.12/site-packages/airflow/example_dags/example_branch_labels.py
[2024-04-19T19:10:50.509+0000] {logging_mixin.py:188} INFO - [2024-04-19T19:10:50.509+0000] {dag.py:3096} INFO - Sync 1 DAGs
[2024-04-19T19:10:50.532+0000] {logging_mixin.py:188} INFO - [2024-04-19T19:10:50.532+0000] {dag.py:3954} INFO - Setting next_dagrun for example_branch_labels to 2024-04-18 00:00:00+00:00, run_after=2024-04-19 00:00:00+00:00
[2024-04-19T19:10:50.564+0000] {processor.py:183} INFO - Processing /home/airflow/.local/lib/python3.12/site-packages/airflow/example_dags/example_branch_labels.py took 0.093 seconds
[2024-04-19T19:11:20.761+0000] {processor.py:161} INFO - Started process (PID=1835) to work on /home/airflow/.local/lib/python3.12/site-packages/airflow/example_dags/example_branch_labels.py
[2024-04-19T19:11:20.762+0000] {processor.py:830} INFO - Processing file /home/airflow/.local/lib/python3.12/site-packages/airflow/example_dags/example_branch_labels.py for tasks to queue
[2024-04-19T19:11:20.763+0000] {logging_mixin.py:188} INFO - [2024-04-19T19:11:20.763+0000] {dagbag.py:540} INFO - Filling up the DagBag from /home/airflow/.local/lib/python3.12/site-packages/airflow/example_dags/example_branch_labels.py
[2024-04-19T19:11:20.780+0000] {processor.py:840} INFO - DAG(s) 'example_branch_labels' retrieved from /home/airflow/.local/lib/python3.12/site-packages/airflow/example_dags/example_branch_labels.py
[2024-04-19T19:11:20.806+0000] {logging_mixin.py:188} INFO - [2024-04-19T19:11:20.806+0000] {dag.py:3096} INFO - Sync 1 DAGs
[2024-04-19T19:11:20.834+0000] {logging_mixin.py:188} INFO - [2024-04-19T19:11:20.834+0000] {dag.py:3954} INFO - Setting next_dagrun for example_branch_labels to 2024-04-18 00:00:00+00:00, run_after=2024-04-19 00:00:00+00:00
[2024-04-19T19:11:20.877+0000] {processor.py:183} INFO - Processing /home/airflow/.local/lib/python3.12/site-packages/airflow/example_dags/example_branch_labels.py took 0.123 seconds
[2024-04-19T19:11:51.309+0000] {processor.py:161} INFO - Started process (PID=1896) to work on /home/airflow/.local/lib/python3.12/site-packages/airflow/example_dags/example_branch_labels.py
[2024-04-19T19:11:51.311+0000] {processor.py:830} INFO - Processing file /home/airflow/.local/lib/python3.12/site-packages/airflow/example_dags/example_branch_labels.py for tasks to queue
[2024-04-19T19:11:51.318+0000] {logging_mixin.py:188} INFO - [2024-04-19T19:11:51.317+0000] {dagbag.py:540} INFO - Filling up the DagBag from /home/airflow/.local/lib/python3.12/site-packages/airflow/example_dags/example_branch_labels.py
[2024-04-19T19:11:51.337+0000] {processor.py:840} INFO - DAG(s) 'example_branch_labels' retrieved from /home/airflow/.local/lib/python3.12/site-packages/airflow/example_dags/example_branch_labels.py
[2024-04-19T19:11:51.398+0000] {logging_mixin.py:188} INFO - [2024-04-19T19:11:51.397+0000] {dag.py:3096} INFO - Sync 1 DAGs
[2024-04-19T19:11:51.449+0000] {logging_mixin.py:188} INFO - [2024-04-19T19:11:51.448+0000] {dag.py:3954} INFO - Setting next_dagrun for example_branch_labels to 2024-04-18 00:00:00+00:00, run_after=2024-04-19 00:00:00+00:00
[2024-04-19T19:11:51.478+0000] {processor.py:183} INFO - Processing /home/airflow/.local/lib/python3.12/site-packages/airflow/example_dags/example_branch_labels.py took 0.189 seconds
[2024-04-19T19:12:22.108+0000] {processor.py:161} INFO - Started process (PID=1956) to work on /home/airflow/.local/lib/python3.12/site-packages/airflow/example_dags/example_branch_labels.py
[2024-04-19T19:12:22.110+0000] {processor.py:830} INFO - Processing file /home/airflow/.local/lib/python3.12/site-packages/airflow/example_dags/example_branch_labels.py for tasks to queue
[2024-04-19T19:12:22.111+0000] {logging_mixin.py:188} INFO - [2024-04-19T19:12:22.111+0000] {dagbag.py:540} INFO - Filling up the DagBag from /home/airflow/.local/lib/python3.12/site-packages/airflow/example_dags/example_branch_labels.py
[2024-04-19T19:12:22.132+0000] {processor.py:840} INFO - DAG(s) 'example_branch_labels' retrieved from /home/airflow/.local/lib/python3.12/site-packages/airflow/example_dags/example_branch_labels.py
[2024-04-19T19:12:22.185+0000] {logging_mixin.py:188} INFO - [2024-04-19T19:12:22.185+0000] {dag.py:3096} INFO - Sync 1 DAGs
[2024-04-19T19:12:22.235+0000] {logging_mixin.py:188} INFO - [2024-04-19T19:12:22.235+0000] {dag.py:3954} INFO - Setting next_dagrun for example_branch_labels to 2024-04-18 00:00:00+00:00, run_after=2024-04-19 00:00:00+00:00
[2024-04-19T19:12:22.259+0000] {processor.py:183} INFO - Processing /home/airflow/.local/lib/python3.12/site-packages/airflow/example_dags/example_branch_labels.py took 0.165 seconds
[2024-04-19T19:12:52.742+0000] {processor.py:161} INFO - Started process (PID=2016) to work on /home/airflow/.local/lib/python3.12/site-packages/airflow/example_dags/example_branch_labels.py
[2024-04-19T19:12:52.745+0000] {processor.py:830} INFO - Processing file /home/airflow/.local/lib/python3.12/site-packages/airflow/example_dags/example_branch_labels.py for tasks to queue
[2024-04-19T19:12:52.746+0000] {logging_mixin.py:188} INFO - [2024-04-19T19:12:52.746+0000] {dagbag.py:540} INFO - Filling up the DagBag from /home/airflow/.local/lib/python3.12/site-packages/airflow/example_dags/example_branch_labels.py
[2024-04-19T19:12:52.756+0000] {processor.py:840} INFO - DAG(s) 'example_branch_labels' retrieved from /home/airflow/.local/lib/python3.12/site-packages/airflow/example_dags/example_branch_labels.py
[2024-04-19T19:12:52.781+0000] {logging_mixin.py:188} INFO - [2024-04-19T19:12:52.781+0000] {dag.py:3096} INFO - Sync 1 DAGs
[2024-04-19T19:12:52.804+0000] {logging_mixin.py:188} INFO - [2024-04-19T19:12:52.803+0000] {dag.py:3954} INFO - Setting next_dagrun for example_branch_labels to 2024-04-18 00:00:00+00:00, run_after=2024-04-19 00:00:00+00:00
[2024-04-19T19:12:52.829+0000] {processor.py:183} INFO - Processing /home/airflow/.local/lib/python3.12/site-packages/airflow/example_dags/example_branch_labels.py took 0.093 seconds
[2024-04-19T19:13:22.955+0000] {processor.py:161} INFO - Started process (PID=2076) to work on /home/airflow/.local/lib/python3.12/site-packages/airflow/example_dags/example_branch_labels.py
[2024-04-19T19:13:22.956+0000] {processor.py:830} INFO - Processing file /home/airflow/.local/lib/python3.12/site-packages/airflow/example_dags/example_branch_labels.py for tasks to queue
[2024-04-19T19:13:22.957+0000] {logging_mixin.py:188} INFO - [2024-04-19T19:13:22.957+0000] {dagbag.py:540} INFO - Filling up the DagBag from /home/airflow/.local/lib/python3.12/site-packages/airflow/example_dags/example_branch_labels.py
[2024-04-19T19:13:22.970+0000] {processor.py:840} INFO - DAG(s) 'example_branch_labels' retrieved from /home/airflow/.local/lib/python3.12/site-packages/airflow/example_dags/example_branch_labels.py
[2024-04-19T19:13:23.002+0000] {logging_mixin.py:188} INFO - [2024-04-19T19:13:23.002+0000] {dag.py:3096} INFO - Sync 1 DAGs
[2024-04-19T19:13:23.035+0000] {logging_mixin.py:188} INFO - [2024-04-19T19:13:23.035+0000] {dag.py:3954} INFO - Setting next_dagrun for example_branch_labels to 2024-04-18 00:00:00+00:00, run_after=2024-04-19 00:00:00+00:00
[2024-04-19T19:13:23.076+0000] {processor.py:183} INFO - Processing /home/airflow/.local/lib/python3.12/site-packages/airflow/example_dags/example_branch_labels.py took 0.131 seconds
[2024-04-19T19:13:53.170+0000] {processor.py:161} INFO - Started process (PID=2136) to work on /home/airflow/.local/lib/python3.12/site-packages/airflow/example_dags/example_branch_labels.py
[2024-04-19T19:13:53.171+0000] {processor.py:830} INFO - Processing file /home/airflow/.local/lib/python3.12/site-packages/airflow/example_dags/example_branch_labels.py for tasks to queue
[2024-04-19T19:13:53.172+0000] {logging_mixin.py:188} INFO - [2024-04-19T19:13:53.171+0000] {dagbag.py:540} INFO - Filling up the DagBag from /home/airflow/.local/lib/python3.12/site-packages/airflow/example_dags/example_branch_labels.py
[2024-04-19T19:13:53.179+0000] {processor.py:840} INFO - DAG(s) 'example_branch_labels' retrieved from /home/airflow/.local/lib/python3.12/site-packages/airflow/example_dags/example_branch_labels.py
[2024-04-19T19:13:53.200+0000] {logging_mixin.py:188} INFO - [2024-04-19T19:13:53.200+0000] {dag.py:3096} INFO - Sync 1 DAGs
[2024-04-19T19:13:53.223+0000] {logging_mixin.py:188} INFO - [2024-04-19T19:13:53.223+0000] {dag.py:3954} INFO - Setting next_dagrun for example_branch_labels to 2024-04-18 00:00:00+00:00, run_after=2024-04-19 00:00:00+00:00
[2024-04-19T19:13:53.244+0000] {processor.py:183} INFO - Processing /home/airflow/.local/lib/python3.12/site-packages/airflow/example_dags/example_branch_labels.py took 0.082 seconds
[2024-04-19T19:14:23.582+0000] {processor.py:161} INFO - Started process (PID=2195) to work on /home/airflow/.local/lib/python3.12/site-packages/airflow/example_dags/example_branch_labels.py
[2024-04-19T19:14:23.584+0000] {processor.py:830} INFO - Processing file /home/airflow/.local/lib/python3.12/site-packages/airflow/example_dags/example_branch_labels.py for tasks to queue
[2024-04-19T19:14:23.586+0000] {logging_mixin.py:188} INFO - [2024-04-19T19:14:23.585+0000] {dagbag.py:540} INFO - Filling up the DagBag from /home/airflow/.local/lib/python3.12/site-packages/airflow/example_dags/example_branch_labels.py
[2024-04-19T19:14:23.596+0000] {processor.py:840} INFO - DAG(s) 'example_branch_labels' retrieved from /home/airflow/.local/lib/python3.12/site-packages/airflow/example_dags/example_branch_labels.py
[2024-04-19T19:14:23.622+0000] {logging_mixin.py:188} INFO - [2024-04-19T19:14:23.621+0000] {dag.py:3096} INFO - Sync 1 DAGs
[2024-04-19T19:14:23.659+0000] {logging_mixin.py:188} INFO - [2024-04-19T19:14:23.659+0000] {dag.py:3954} INFO - Setting next_dagrun for example_branch_labels to 2024-04-18 00:00:00+00:00, run_after=2024-04-19 00:00:00+00:00
[2024-04-19T19:14:23.722+0000] {processor.py:183} INFO - Processing /home/airflow/.local/lib/python3.12/site-packages/airflow/example_dags/example_branch_labels.py took 0.146 seconds
[2024-04-19T19:14:53.945+0000] {processor.py:161} INFO - Started process (PID=2255) to work on /home/airflow/.local/lib/python3.12/site-packages/airflow/example_dags/example_branch_labels.py
[2024-04-19T19:14:53.947+0000] {processor.py:830} INFO - Processing file /home/airflow/.local/lib/python3.12/site-packages/airflow/example_dags/example_branch_labels.py for tasks to queue
[2024-04-19T19:14:53.949+0000] {logging_mixin.py:188} INFO - [2024-04-19T19:14:53.949+0000] {dagbag.py:540} INFO - Filling up the DagBag from /home/airflow/.local/lib/python3.12/site-packages/airflow/example_dags/example_branch_labels.py
[2024-04-19T19:14:53.961+0000] {processor.py:840} INFO - DAG(s) 'example_branch_labels' retrieved from /home/airflow/.local/lib/python3.12/site-packages/airflow/example_dags/example_branch_labels.py
[2024-04-19T19:14:53.988+0000] {logging_mixin.py:188} INFO - [2024-04-19T19:14:53.987+0000] {dag.py:3096} INFO - Sync 1 DAGs
[2024-04-19T19:14:54.032+0000] {logging_mixin.py:188} INFO - [2024-04-19T19:14:54.032+0000] {dag.py:3954} INFO - Setting next_dagrun for example_branch_labels to 2024-04-18 00:00:00+00:00, run_after=2024-04-19 00:00:00+00:00
[2024-04-19T19:14:54.075+0000] {processor.py:183} INFO - Processing /home/airflow/.local/lib/python3.12/site-packages/airflow/example_dags/example_branch_labels.py took 0.136 seconds
[2024-04-19T19:15:24.380+0000] {processor.py:161} INFO - Started process (PID=2315) to work on /home/airflow/.local/lib/python3.12/site-packages/airflow/example_dags/example_branch_labels.py
[2024-04-19T19:15:24.381+0000] {processor.py:830} INFO - Processing file /home/airflow/.local/lib/python3.12/site-packages/airflow/example_dags/example_branch_labels.py for tasks to queue
[2024-04-19T19:15:24.382+0000] {logging_mixin.py:188} INFO - [2024-04-19T19:15:24.382+0000] {dagbag.py:540} INFO - Filling up the DagBag from /home/airflow/.local/lib/python3.12/site-packages/airflow/example_dags/example_branch_labels.py
[2024-04-19T19:15:24.389+0000] {processor.py:840} INFO - DAG(s) 'example_branch_labels' retrieved from /home/airflow/.local/lib/python3.12/site-packages/airflow/example_dags/example_branch_labels.py
[2024-04-19T19:15:24.413+0000] {logging_mixin.py:188} INFO - [2024-04-19T19:15:24.412+0000] {dag.py:3096} INFO - Sync 1 DAGs
[2024-04-19T19:15:24.441+0000] {logging_mixin.py:188} INFO - [2024-04-19T19:15:24.440+0000] {dag.py:3954} INFO - Setting next_dagrun for example_branch_labels to 2024-04-18 00:00:00+00:00, run_after=2024-04-19 00:00:00+00:00
[2024-04-19T19:15:24.461+0000] {processor.py:183} INFO - Processing /home/airflow/.local/lib/python3.12/site-packages/airflow/example_dags/example_branch_labels.py took 0.088 seconds
[2024-04-19T19:15:55.399+0000] {processor.py:161} INFO - Started process (PID=2375) to work on /home/airflow/.local/lib/python3.12/site-packages/airflow/example_dags/example_branch_labels.py
[2024-04-19T19:15:55.400+0000] {processor.py:830} INFO - Processing file /home/airflow/.local/lib/python3.12/site-packages/airflow/example_dags/example_branch_labels.py for tasks to queue
[2024-04-19T19:15:55.402+0000] {logging_mixin.py:188} INFO - [2024-04-19T19:15:55.401+0000] {dagbag.py:540} INFO - Filling up the DagBag from /home/airflow/.local/lib/python3.12/site-packages/airflow/example_dags/example_branch_labels.py
[2024-04-19T19:15:55.415+0000] {processor.py:840} INFO - DAG(s) 'example_branch_labels' retrieved from /home/airflow/.local/lib/python3.12/site-packages/airflow/example_dags/example_branch_labels.py
[2024-04-19T19:15:55.458+0000] {logging_mixin.py:188} INFO - [2024-04-19T19:15:55.457+0000] {dag.py:3096} INFO - Sync 1 DAGs
[2024-04-19T19:15:55.486+0000] {logging_mixin.py:188} INFO - [2024-04-19T19:15:55.485+0000] {dag.py:3954} INFO - Setting next_dagrun for example_branch_labels to 2024-04-18 00:00:00+00:00, run_after=2024-04-19 00:00:00+00:00
[2024-04-19T19:15:55.506+0000] {processor.py:183} INFO - Processing /home/airflow/.local/lib/python3.12/site-packages/airflow/example_dags/example_branch_labels.py took 0.115 seconds
[2024-04-19T19:16:25.805+0000] {processor.py:161} INFO - Started process (PID=2435) to work on /home/airflow/.local/lib/python3.12/site-packages/airflow/example_dags/example_branch_labels.py
[2024-04-19T19:16:25.807+0000] {processor.py:830} INFO - Processing file /home/airflow/.local/lib/python3.12/site-packages/airflow/example_dags/example_branch_labels.py for tasks to queue
[2024-04-19T19:16:25.811+0000] {logging_mixin.py:188} INFO - [2024-04-19T19:16:25.810+0000] {dagbag.py:540} INFO - Filling up the DagBag from /home/airflow/.local/lib/python3.12/site-packages/airflow/example_dags/example_branch_labels.py
[2024-04-19T19:16:25.823+0000] {processor.py:840} INFO - DAG(s) 'example_branch_labels' retrieved from /home/airflow/.local/lib/python3.12/site-packages/airflow/example_dags/example_branch_labels.py
[2024-04-19T19:16:25.863+0000] {logging_mixin.py:188} INFO - [2024-04-19T19:16:25.863+0000] {dag.py:3096} INFO - Sync 1 DAGs
[2024-04-19T19:16:25.897+0000] {logging_mixin.py:188} INFO - [2024-04-19T19:16:25.897+0000] {dag.py:3954} INFO - Setting next_dagrun for example_branch_labels to 2024-04-18 00:00:00+00:00, run_after=2024-04-19 00:00:00+00:00
[2024-04-19T19:16:25.932+0000] {processor.py:183} INFO - Processing /home/airflow/.local/lib/python3.12/site-packages/airflow/example_dags/example_branch_labels.py took 0.136 seconds
[2024-04-19T19:16:57.463+0000] {processor.py:161} INFO - Started process (PID=2495) to work on /home/airflow/.local/lib/python3.12/site-packages/airflow/example_dags/example_branch_labels.py
[2024-04-19T19:16:57.478+0000] {processor.py:830} INFO - Processing file /home/airflow/.local/lib/python3.12/site-packages/airflow/example_dags/example_branch_labels.py for tasks to queue
[2024-04-19T19:16:57.483+0000] {logging_mixin.py:188} INFO - [2024-04-19T19:16:57.481+0000] {dagbag.py:540} INFO - Filling up the DagBag from /home/airflow/.local/lib/python3.12/site-packages/airflow/example_dags/example_branch_labels.py
[2024-04-19T19:16:57.596+0000] {processor.py:840} INFO - DAG(s) 'example_branch_labels' retrieved from /home/airflow/.local/lib/python3.12/site-packages/airflow/example_dags/example_branch_labels.py
[2024-04-19T19:16:57.994+0000] {logging_mixin.py:188} INFO - [2024-04-19T19:16:57.993+0000] {dag.py:3096} INFO - Sync 1 DAGs
[2024-04-19T19:16:58.111+0000] {logging_mixin.py:188} INFO - [2024-04-19T19:16:58.110+0000] {dag.py:3954} INFO - Setting next_dagrun for example_branch_labels to 2024-04-18 00:00:00+00:00, run_after=2024-04-19 00:00:00+00:00
[2024-04-19T19:16:58.160+0000] {processor.py:183} INFO - Processing /home/airflow/.local/lib/python3.12/site-packages/airflow/example_dags/example_branch_labels.py took 0.820 seconds
