[2024-04-19T18:33:07.793+0000] {processor.py:161} INFO - Started process (PID=53) to work on /home/airflow/.local/lib/python3.12/site-packages/airflow/example_dags/example_dag_decorator.py
[2024-04-19T18:33:07.795+0000] {processor.py:830} INFO - Processing file /home/airflow/.local/lib/python3.12/site-packages/airflow/example_dags/example_dag_decorator.py for tasks to queue
[2024-04-19T18:33:07.797+0000] {logging_mixin.py:188} INFO - [2024-04-19T18:33:07.797+0000] {dagbag.py:540} INFO - Filling up the DagBag from /home/airflow/.local/lib/python3.12/site-packages/airflow/example_dags/example_dag_decorator.py
[2024-04-19T18:33:09.432+0000] {processor.py:840} INFO - DAG(s) 'example_dag_decorator' retrieved from /home/airflow/.local/lib/python3.12/site-packages/airflow/example_dags/example_dag_decorator.py
[2024-04-19T18:33:11.320+0000] {logging_mixin.py:188} INFO - [2024-04-19T18:33:11.320+0000] {dag.py:3096} INFO - Sync 1 DAGs
[2024-04-19T18:33:11.497+0000] {logging_mixin.py:188} INFO - [2024-04-19T18:33:11.497+0000] {dag.py:3954} INFO - Setting next_dagrun for example_dag_decorator to None, run_after=None
[2024-04-19T18:33:12.266+0000] {processor.py:183} INFO - Processing /home/airflow/.local/lib/python3.12/site-packages/airflow/example_dags/example_dag_decorator.py took 4.484 seconds
[2024-04-19T18:33:42.804+0000] {processor.py:161} INFO - Started process (PID=113) to work on /home/airflow/.local/lib/python3.12/site-packages/airflow/example_dags/example_dag_decorator.py
[2024-04-19T18:33:42.806+0000] {processor.py:830} INFO - Processing file /home/airflow/.local/lib/python3.12/site-packages/airflow/example_dags/example_dag_decorator.py for tasks to queue
[2024-04-19T18:33:42.808+0000] {logging_mixin.py:188} INFO - [2024-04-19T18:33:42.808+0000] {dagbag.py:540} INFO - Filling up the DagBag from /home/airflow/.local/lib/python3.12/site-packages/airflow/example_dags/example_dag_decorator.py
[2024-04-19T18:33:43.008+0000] {processor.py:840} INFO - DAG(s) 'example_dag_decorator' retrieved from /home/airflow/.local/lib/python3.12/site-packages/airflow/example_dags/example_dag_decorator.py
[2024-04-19T18:33:43.626+0000] {logging_mixin.py:188} INFO - [2024-04-19T18:33:43.626+0000] {dag.py:3096} INFO - Sync 1 DAGs
[2024-04-19T18:33:43.653+0000] {logging_mixin.py:188} INFO - [2024-04-19T18:33:43.653+0000] {dag.py:3954} INFO - Setting next_dagrun for example_dag_decorator to None, run_after=None
[2024-04-19T18:33:43.758+0000] {processor.py:183} INFO - Processing /home/airflow/.local/lib/python3.12/site-packages/airflow/example_dags/example_dag_decorator.py took 0.965 seconds
[2024-04-19T18:34:13.829+0000] {processor.py:161} INFO - Started process (PID=172) to work on /home/airflow/.local/lib/python3.12/site-packages/airflow/example_dags/example_dag_decorator.py
[2024-04-19T18:34:13.830+0000] {processor.py:830} INFO - Processing file /home/airflow/.local/lib/python3.12/site-packages/airflow/example_dags/example_dag_decorator.py for tasks to queue
[2024-04-19T18:34:13.832+0000] {logging_mixin.py:188} INFO - [2024-04-19T18:34:13.832+0000] {dagbag.py:540} INFO - Filling up the DagBag from /home/airflow/.local/lib/python3.12/site-packages/airflow/example_dags/example_dag_decorator.py
[2024-04-19T18:34:13.952+0000] {processor.py:840} INFO - DAG(s) 'example_dag_decorator' retrieved from /home/airflow/.local/lib/python3.12/site-packages/airflow/example_dags/example_dag_decorator.py
[2024-04-19T18:34:14.059+0000] {logging_mixin.py:188} INFO - [2024-04-19T18:34:14.059+0000] {dag.py:3096} INFO - Sync 1 DAGs
[2024-04-19T18:34:14.069+0000] {logging_mixin.py:188} INFO - [2024-04-19T18:34:14.068+0000] {dag.py:3954} INFO - Setting next_dagrun for example_dag_decorator to None, run_after=None
[2024-04-19T18:34:14.088+0000] {processor.py:183} INFO - Processing /home/airflow/.local/lib/python3.12/site-packages/airflow/example_dags/example_dag_decorator.py took 0.264 seconds
[2024-04-19T18:34:44.492+0000] {processor.py:161} INFO - Started process (PID=229) to work on /home/airflow/.local/lib/python3.12/site-packages/airflow/example_dags/example_dag_decorator.py
[2024-04-19T18:34:44.493+0000] {processor.py:830} INFO - Processing file /home/airflow/.local/lib/python3.12/site-packages/airflow/example_dags/example_dag_decorator.py for tasks to queue
[2024-04-19T18:34:44.496+0000] {logging_mixin.py:188} INFO - [2024-04-19T18:34:44.495+0000] {dagbag.py:540} INFO - Filling up the DagBag from /home/airflow/.local/lib/python3.12/site-packages/airflow/example_dags/example_dag_decorator.py
[2024-04-19T18:34:44.819+0000] {processor.py:840} INFO - DAG(s) 'example_dag_decorator' retrieved from /home/airflow/.local/lib/python3.12/site-packages/airflow/example_dags/example_dag_decorator.py
[2024-04-19T18:34:45.680+0000] {logging_mixin.py:188} INFO - [2024-04-19T18:34:45.679+0000] {dag.py:3096} INFO - Sync 1 DAGs
[2024-04-19T18:34:45.726+0000] {logging_mixin.py:188} INFO - [2024-04-19T18:34:45.726+0000] {dag.py:3954} INFO - Setting next_dagrun for example_dag_decorator to None, run_after=None
[2024-04-19T18:34:45.783+0000] {processor.py:183} INFO - Processing /home/airflow/.local/lib/python3.12/site-packages/airflow/example_dags/example_dag_decorator.py took 1.302 seconds
[2024-04-19T18:35:16.082+0000] {processor.py:161} INFO - Started process (PID=294) to work on /home/airflow/.local/lib/python3.12/site-packages/airflow/example_dags/example_dag_decorator.py
[2024-04-19T18:35:16.084+0000] {processor.py:830} INFO - Processing file /home/airflow/.local/lib/python3.12/site-packages/airflow/example_dags/example_dag_decorator.py for tasks to queue
[2024-04-19T18:35:16.087+0000] {logging_mixin.py:188} INFO - [2024-04-19T18:35:16.087+0000] {dagbag.py:540} INFO - Filling up the DagBag from /home/airflow/.local/lib/python3.12/site-packages/airflow/example_dags/example_dag_decorator.py
[2024-04-19T18:35:16.392+0000] {processor.py:840} INFO - DAG(s) 'example_dag_decorator' retrieved from /home/airflow/.local/lib/python3.12/site-packages/airflow/example_dags/example_dag_decorator.py
[2024-04-19T18:35:16.996+0000] {logging_mixin.py:188} INFO - [2024-04-19T18:35:16.995+0000] {dag.py:3096} INFO - Sync 1 DAGs
[2024-04-19T18:35:17.011+0000] {logging_mixin.py:188} INFO - [2024-04-19T18:35:17.011+0000] {dag.py:3954} INFO - Setting next_dagrun for example_dag_decorator to None, run_after=None
[2024-04-19T18:35:17.048+0000] {processor.py:183} INFO - Processing /home/airflow/.local/lib/python3.12/site-packages/airflow/example_dags/example_dag_decorator.py took 0.984 seconds
[2024-04-19T18:35:47.141+0000] {processor.py:161} INFO - Started process (PID=356) to work on /home/airflow/.local/lib/python3.12/site-packages/airflow/example_dags/example_dag_decorator.py
[2024-04-19T18:35:47.142+0000] {processor.py:830} INFO - Processing file /home/airflow/.local/lib/python3.12/site-packages/airflow/example_dags/example_dag_decorator.py for tasks to queue
[2024-04-19T18:35:47.145+0000] {logging_mixin.py:188} INFO - [2024-04-19T18:35:47.144+0000] {dagbag.py:540} INFO - Filling up the DagBag from /home/airflow/.local/lib/python3.12/site-packages/airflow/example_dags/example_dag_decorator.py
[2024-04-19T18:35:47.270+0000] {processor.py:840} INFO - DAG(s) 'example_dag_decorator' retrieved from /home/airflow/.local/lib/python3.12/site-packages/airflow/example_dags/example_dag_decorator.py
[2024-04-19T18:35:47.865+0000] {logging_mixin.py:188} INFO - [2024-04-19T18:35:47.865+0000] {dag.py:3096} INFO - Sync 1 DAGs
[2024-04-19T18:35:47.882+0000] {logging_mixin.py:188} INFO - [2024-04-19T18:35:47.882+0000] {dag.py:3954} INFO - Setting next_dagrun for example_dag_decorator to None, run_after=None
[2024-04-19T18:35:47.906+0000] {processor.py:183} INFO - Processing /home/airflow/.local/lib/python3.12/site-packages/airflow/example_dags/example_dag_decorator.py took 0.773 seconds
[2024-04-19T18:36:18.661+0000] {processor.py:161} INFO - Started process (PID=416) to work on /home/airflow/.local/lib/python3.12/site-packages/airflow/example_dags/example_dag_decorator.py
[2024-04-19T18:36:18.662+0000] {processor.py:830} INFO - Processing file /home/airflow/.local/lib/python3.12/site-packages/airflow/example_dags/example_dag_decorator.py for tasks to queue
[2024-04-19T18:36:18.664+0000] {logging_mixin.py:188} INFO - [2024-04-19T18:36:18.663+0000] {dagbag.py:540} INFO - Filling up the DagBag from /home/airflow/.local/lib/python3.12/site-packages/airflow/example_dags/example_dag_decorator.py
[2024-04-19T18:36:18.784+0000] {processor.py:840} INFO - DAG(s) 'example_dag_decorator' retrieved from /home/airflow/.local/lib/python3.12/site-packages/airflow/example_dags/example_dag_decorator.py
[2024-04-19T18:36:18.800+0000] {logging_mixin.py:188} INFO - [2024-04-19T18:36:18.799+0000] {dag.py:3096} INFO - Sync 1 DAGs
[2024-04-19T18:36:18.818+0000] {logging_mixin.py:188} INFO - [2024-04-19T18:36:18.818+0000] {dag.py:3954} INFO - Setting next_dagrun for example_dag_decorator to None, run_after=None
[2024-04-19T18:36:18.849+0000] {processor.py:183} INFO - Processing /home/airflow/.local/lib/python3.12/site-packages/airflow/example_dags/example_dag_decorator.py took 0.196 seconds
[2024-04-19T18:36:49.374+0000] {processor.py:161} INFO - Started process (PID=472) to work on /home/airflow/.local/lib/python3.12/site-packages/airflow/example_dags/example_dag_decorator.py
[2024-04-19T18:36:49.375+0000] {processor.py:830} INFO - Processing file /home/airflow/.local/lib/python3.12/site-packages/airflow/example_dags/example_dag_decorator.py for tasks to queue
[2024-04-19T18:36:49.377+0000] {logging_mixin.py:188} INFO - [2024-04-19T18:36:49.377+0000] {dagbag.py:540} INFO - Filling up the DagBag from /home/airflow/.local/lib/python3.12/site-packages/airflow/example_dags/example_dag_decorator.py
[2024-04-19T18:36:49.489+0000] {processor.py:840} INFO - DAG(s) 'example_dag_decorator' retrieved from /home/airflow/.local/lib/python3.12/site-packages/airflow/example_dags/example_dag_decorator.py
[2024-04-19T18:36:49.790+0000] {logging_mixin.py:188} INFO - [2024-04-19T18:36:49.790+0000] {dag.py:3096} INFO - Sync 1 DAGs
[2024-04-19T18:36:49.800+0000] {logging_mixin.py:188} INFO - [2024-04-19T18:36:49.800+0000] {dag.py:3954} INFO - Setting next_dagrun for example_dag_decorator to None, run_after=None
[2024-04-19T18:36:49.819+0000] {processor.py:183} INFO - Processing /home/airflow/.local/lib/python3.12/site-packages/airflow/example_dags/example_dag_decorator.py took 0.450 seconds
[2024-04-19T18:37:20.346+0000] {processor.py:161} INFO - Started process (PID=530) to work on /home/airflow/.local/lib/python3.12/site-packages/airflow/example_dags/example_dag_decorator.py
[2024-04-19T18:37:20.348+0000] {processor.py:830} INFO - Processing file /home/airflow/.local/lib/python3.12/site-packages/airflow/example_dags/example_dag_decorator.py for tasks to queue
[2024-04-19T18:37:20.353+0000] {logging_mixin.py:188} INFO - [2024-04-19T18:37:20.353+0000] {dagbag.py:540} INFO - Filling up the DagBag from /home/airflow/.local/lib/python3.12/site-packages/airflow/example_dags/example_dag_decorator.py
[2024-04-19T18:37:20.547+0000] {processor.py:840} INFO - DAG(s) 'example_dag_decorator' retrieved from /home/airflow/.local/lib/python3.12/site-packages/airflow/example_dags/example_dag_decorator.py
[2024-04-19T18:37:20.919+0000] {logging_mixin.py:188} INFO - [2024-04-19T18:37:20.919+0000] {dag.py:3096} INFO - Sync 1 DAGs
[2024-04-19T18:37:20.935+0000] {logging_mixin.py:188} INFO - [2024-04-19T18:37:20.932+0000] {dag.py:3954} INFO - Setting next_dagrun for example_dag_decorator to None, run_after=None
[2024-04-19T18:37:20.966+0000] {processor.py:183} INFO - Processing /home/airflow/.local/lib/python3.12/site-packages/airflow/example_dags/example_dag_decorator.py took 0.633 seconds
[2024-04-19T18:37:51.761+0000] {processor.py:161} INFO - Started process (PID=592) to work on /home/airflow/.local/lib/python3.12/site-packages/airflow/example_dags/example_dag_decorator.py
[2024-04-19T18:37:51.762+0000] {processor.py:830} INFO - Processing file /home/airflow/.local/lib/python3.12/site-packages/airflow/example_dags/example_dag_decorator.py for tasks to queue
[2024-04-19T18:37:51.768+0000] {logging_mixin.py:188} INFO - [2024-04-19T18:37:51.768+0000] {dagbag.py:540} INFO - Filling up the DagBag from /home/airflow/.local/lib/python3.12/site-packages/airflow/example_dags/example_dag_decorator.py
[2024-04-19T18:37:51.893+0000] {processor.py:840} INFO - DAG(s) 'example_dag_decorator' retrieved from /home/airflow/.local/lib/python3.12/site-packages/airflow/example_dags/example_dag_decorator.py
[2024-04-19T18:37:52.204+0000] {logging_mixin.py:188} INFO - [2024-04-19T18:37:52.203+0000] {dag.py:3096} INFO - Sync 1 DAGs
[2024-04-19T18:37:52.216+0000] {logging_mixin.py:188} INFO - [2024-04-19T18:37:52.216+0000] {dag.py:3954} INFO - Setting next_dagrun for example_dag_decorator to None, run_after=None
[2024-04-19T18:37:52.263+0000] {processor.py:183} INFO - Processing /home/airflow/.local/lib/python3.12/site-packages/airflow/example_dags/example_dag_decorator.py took 0.508 seconds
[2024-04-19T18:38:22.401+0000] {processor.py:161} INFO - Started process (PID=654) to work on /home/airflow/.local/lib/python3.12/site-packages/airflow/example_dags/example_dag_decorator.py
[2024-04-19T18:38:22.403+0000] {processor.py:830} INFO - Processing file /home/airflow/.local/lib/python3.12/site-packages/airflow/example_dags/example_dag_decorator.py for tasks to queue
[2024-04-19T18:38:22.407+0000] {logging_mixin.py:188} INFO - [2024-04-19T18:38:22.406+0000] {dagbag.py:540} INFO - Filling up the DagBag from /home/airflow/.local/lib/python3.12/site-packages/airflow/example_dags/example_dag_decorator.py
[2024-04-19T18:38:22.778+0000] {processor.py:840} INFO - DAG(s) 'example_dag_decorator' retrieved from /home/airflow/.local/lib/python3.12/site-packages/airflow/example_dags/example_dag_decorator.py
[2024-04-19T18:38:22.871+0000] {logging_mixin.py:188} INFO - [2024-04-19T18:38:22.871+0000] {dag.py:3096} INFO - Sync 1 DAGs
[2024-04-19T18:38:22.883+0000] {logging_mixin.py:188} INFO - [2024-04-19T18:38:22.882+0000] {dag.py:3954} INFO - Setting next_dagrun for example_dag_decorator to None, run_after=None
[2024-04-19T18:38:22.903+0000] {processor.py:183} INFO - Processing /home/airflow/.local/lib/python3.12/site-packages/airflow/example_dags/example_dag_decorator.py took 0.509 seconds
[2024-04-19T18:38:53.041+0000] {processor.py:161} INFO - Started process (PID=714) to work on /home/airflow/.local/lib/python3.12/site-packages/airflow/example_dags/example_dag_decorator.py
[2024-04-19T18:38:53.043+0000] {processor.py:830} INFO - Processing file /home/airflow/.local/lib/python3.12/site-packages/airflow/example_dags/example_dag_decorator.py for tasks to queue
[2024-04-19T18:38:53.047+0000] {logging_mixin.py:188} INFO - [2024-04-19T18:38:53.046+0000] {dagbag.py:540} INFO - Filling up the DagBag from /home/airflow/.local/lib/python3.12/site-packages/airflow/example_dags/example_dag_decorator.py
[2024-04-19T18:38:53.443+0000] {processor.py:840} INFO - DAG(s) 'example_dag_decorator' retrieved from /home/airflow/.local/lib/python3.12/site-packages/airflow/example_dags/example_dag_decorator.py
[2024-04-19T18:38:53.534+0000] {logging_mixin.py:188} INFO - [2024-04-19T18:38:53.533+0000] {dag.py:3096} INFO - Sync 1 DAGs
[2024-04-19T18:38:53.542+0000] {logging_mixin.py:188} INFO - [2024-04-19T18:38:53.542+0000] {dag.py:3954} INFO - Setting next_dagrun for example_dag_decorator to None, run_after=None
[2024-04-19T18:38:53.560+0000] {processor.py:183} INFO - Processing /home/airflow/.local/lib/python3.12/site-packages/airflow/example_dags/example_dag_decorator.py took 0.529 seconds
[2024-04-19T18:39:23.967+0000] {processor.py:161} INFO - Started process (PID=776) to work on /home/airflow/.local/lib/python3.12/site-packages/airflow/example_dags/example_dag_decorator.py
[2024-04-19T18:39:23.969+0000] {processor.py:830} INFO - Processing file /home/airflow/.local/lib/python3.12/site-packages/airflow/example_dags/example_dag_decorator.py for tasks to queue
[2024-04-19T18:39:23.972+0000] {logging_mixin.py:188} INFO - [2024-04-19T18:39:23.971+0000] {dagbag.py:540} INFO - Filling up the DagBag from /home/airflow/.local/lib/python3.12/site-packages/airflow/example_dags/example_dag_decorator.py
[2024-04-19T18:39:24.419+0000] {processor.py:840} INFO - DAG(s) 'example_dag_decorator' retrieved from /home/airflow/.local/lib/python3.12/site-packages/airflow/example_dags/example_dag_decorator.py
[2024-04-19T18:39:25.796+0000] {logging_mixin.py:188} INFO - [2024-04-19T18:39:25.796+0000] {dag.py:3096} INFO - Sync 1 DAGs
[2024-04-19T18:39:25.812+0000] {logging_mixin.py:188} INFO - [2024-04-19T18:39:25.812+0000] {dag.py:3954} INFO - Setting next_dagrun for example_dag_decorator to None, run_after=None
[2024-04-19T18:39:25.877+0000] {processor.py:183} INFO - Processing /home/airflow/.local/lib/python3.12/site-packages/airflow/example_dags/example_dag_decorator.py took 1.917 seconds
[2024-04-19T18:39:56.148+0000] {processor.py:161} INFO - Started process (PID=840) to work on /home/airflow/.local/lib/python3.12/site-packages/airflow/example_dags/example_dag_decorator.py
[2024-04-19T18:39:56.150+0000] {processor.py:830} INFO - Processing file /home/airflow/.local/lib/python3.12/site-packages/airflow/example_dags/example_dag_decorator.py for tasks to queue
[2024-04-19T18:39:56.153+0000] {logging_mixin.py:188} INFO - [2024-04-19T18:39:56.153+0000] {dagbag.py:540} INFO - Filling up the DagBag from /home/airflow/.local/lib/python3.12/site-packages/airflow/example_dags/example_dag_decorator.py
[2024-04-19T18:39:56.338+0000] {processor.py:840} INFO - DAG(s) 'example_dag_decorator' retrieved from /home/airflow/.local/lib/python3.12/site-packages/airflow/example_dags/example_dag_decorator.py
[2024-04-19T18:39:56.747+0000] {logging_mixin.py:188} INFO - [2024-04-19T18:39:56.747+0000] {dag.py:3096} INFO - Sync 1 DAGs
[2024-04-19T18:39:56.758+0000] {logging_mixin.py:188} INFO - [2024-04-19T18:39:56.758+0000] {dag.py:3954} INFO - Setting next_dagrun for example_dag_decorator to None, run_after=None
[2024-04-19T18:39:56.792+0000] {processor.py:183} INFO - Processing /home/airflow/.local/lib/python3.12/site-packages/airflow/example_dags/example_dag_decorator.py took 0.653 seconds
[2024-04-19T18:40:27.568+0000] {processor.py:161} INFO - Started process (PID=899) to work on /home/airflow/.local/lib/python3.12/site-packages/airflow/example_dags/example_dag_decorator.py
[2024-04-19T18:40:27.571+0000] {processor.py:830} INFO - Processing file /home/airflow/.local/lib/python3.12/site-packages/airflow/example_dags/example_dag_decorator.py for tasks to queue
[2024-04-19T18:40:27.574+0000] {logging_mixin.py:188} INFO - [2024-04-19T18:40:27.574+0000] {dagbag.py:540} INFO - Filling up the DagBag from /home/airflow/.local/lib/python3.12/site-packages/airflow/example_dags/example_dag_decorator.py
[2024-04-19T18:40:27.767+0000] {processor.py:840} INFO - DAG(s) 'example_dag_decorator' retrieved from /home/airflow/.local/lib/python3.12/site-packages/airflow/example_dags/example_dag_decorator.py
[2024-04-19T18:40:28.474+0000] {logging_mixin.py:188} INFO - [2024-04-19T18:40:28.474+0000] {dag.py:3096} INFO - Sync 1 DAGs
[2024-04-19T18:40:28.499+0000] {logging_mixin.py:188} INFO - [2024-04-19T18:40:28.499+0000] {dag.py:3954} INFO - Setting next_dagrun for example_dag_decorator to None, run_after=None
[2024-04-19T18:40:28.535+0000] {processor.py:183} INFO - Processing /home/airflow/.local/lib/python3.12/site-packages/airflow/example_dags/example_dag_decorator.py took 0.977 seconds
[2024-04-19T18:40:59.357+0000] {processor.py:161} INFO - Started process (PID=961) to work on /home/airflow/.local/lib/python3.12/site-packages/airflow/example_dags/example_dag_decorator.py
[2024-04-19T18:40:59.363+0000] {processor.py:830} INFO - Processing file /home/airflow/.local/lib/python3.12/site-packages/airflow/example_dags/example_dag_decorator.py for tasks to queue
[2024-04-19T18:40:59.366+0000] {logging_mixin.py:188} INFO - [2024-04-19T18:40:59.365+0000] {dagbag.py:540} INFO - Filling up the DagBag from /home/airflow/.local/lib/python3.12/site-packages/airflow/example_dags/example_dag_decorator.py
[2024-04-19T18:40:59.651+0000] {processor.py:840} INFO - DAG(s) 'example_dag_decorator' retrieved from /home/airflow/.local/lib/python3.12/site-packages/airflow/example_dags/example_dag_decorator.py
[2024-04-19T18:40:59.760+0000] {logging_mixin.py:188} INFO - [2024-04-19T18:40:59.760+0000] {dag.py:3096} INFO - Sync 1 DAGs
[2024-04-19T18:40:59.772+0000] {logging_mixin.py:188} INFO - [2024-04-19T18:40:59.772+0000] {dag.py:3954} INFO - Setting next_dagrun for example_dag_decorator to None, run_after=None
[2024-04-19T18:40:59.793+0000] {processor.py:183} INFO - Processing /home/airflow/.local/lib/python3.12/site-packages/airflow/example_dags/example_dag_decorator.py took 0.443 seconds
[2024-04-19T18:41:30.273+0000] {processor.py:161} INFO - Started process (PID=1021) to work on /home/airflow/.local/lib/python3.12/site-packages/airflow/example_dags/example_dag_decorator.py
[2024-04-19T18:41:30.274+0000] {processor.py:830} INFO - Processing file /home/airflow/.local/lib/python3.12/site-packages/airflow/example_dags/example_dag_decorator.py for tasks to queue
[2024-04-19T18:41:30.276+0000] {logging_mixin.py:188} INFO - [2024-04-19T18:41:30.276+0000] {dagbag.py:540} INFO - Filling up the DagBag from /home/airflow/.local/lib/python3.12/site-packages/airflow/example_dags/example_dag_decorator.py
[2024-04-19T18:41:30.425+0000] {processor.py:840} INFO - DAG(s) 'example_dag_decorator' retrieved from /home/airflow/.local/lib/python3.12/site-packages/airflow/example_dags/example_dag_decorator.py
[2024-04-19T18:41:30.557+0000] {logging_mixin.py:188} INFO - [2024-04-19T18:41:30.556+0000] {dag.py:3096} INFO - Sync 1 DAGs
[2024-04-19T18:41:30.568+0000] {logging_mixin.py:188} INFO - [2024-04-19T18:41:30.567+0000] {dag.py:3954} INFO - Setting next_dagrun for example_dag_decorator to None, run_after=None
[2024-04-19T18:41:30.593+0000] {processor.py:183} INFO - Processing /home/airflow/.local/lib/python3.12/site-packages/airflow/example_dags/example_dag_decorator.py took 0.326 seconds
[2024-04-19T18:42:01.520+0000] {processor.py:161} INFO - Started process (PID=1082) to work on /home/airflow/.local/lib/python3.12/site-packages/airflow/example_dags/example_dag_decorator.py
[2024-04-19T18:42:01.521+0000] {processor.py:830} INFO - Processing file /home/airflow/.local/lib/python3.12/site-packages/airflow/example_dags/example_dag_decorator.py for tasks to queue
[2024-04-19T18:42:01.523+0000] {logging_mixin.py:188} INFO - [2024-04-19T18:42:01.522+0000] {dagbag.py:540} INFO - Filling up the DagBag from /home/airflow/.local/lib/python3.12/site-packages/airflow/example_dags/example_dag_decorator.py
[2024-04-19T18:42:01.618+0000] {processor.py:840} INFO - DAG(s) 'example_dag_decorator' retrieved from /home/airflow/.local/lib/python3.12/site-packages/airflow/example_dags/example_dag_decorator.py
[2024-04-19T18:42:01.779+0000] {logging_mixin.py:188} INFO - [2024-04-19T18:42:01.779+0000] {dag.py:3096} INFO - Sync 1 DAGs
[2024-04-19T18:42:01.799+0000] {logging_mixin.py:188} INFO - [2024-04-19T18:42:01.799+0000] {dag.py:3954} INFO - Setting next_dagrun for example_dag_decorator to None, run_after=None
[2024-04-19T18:42:01.838+0000] {processor.py:183} INFO - Processing /home/airflow/.local/lib/python3.12/site-packages/airflow/example_dags/example_dag_decorator.py took 0.324 seconds
[2024-04-19T18:42:33.129+0000] {processor.py:161} INFO - Started process (PID=1141) to work on /home/airflow/.local/lib/python3.12/site-packages/airflow/example_dags/example_dag_decorator.py
[2024-04-19T18:42:33.132+0000] {processor.py:830} INFO - Processing file /home/airflow/.local/lib/python3.12/site-packages/airflow/example_dags/example_dag_decorator.py for tasks to queue
[2024-04-19T18:42:33.134+0000] {logging_mixin.py:188} INFO - [2024-04-19T18:42:33.134+0000] {dagbag.py:540} INFO - Filling up the DagBag from /home/airflow/.local/lib/python3.12/site-packages/airflow/example_dags/example_dag_decorator.py
[2024-04-19T18:42:33.300+0000] {processor.py:840} INFO - DAG(s) 'example_dag_decorator' retrieved from /home/airflow/.local/lib/python3.12/site-packages/airflow/example_dags/example_dag_decorator.py
[2024-04-19T18:42:33.458+0000] {logging_mixin.py:188} INFO - [2024-04-19T18:42:33.458+0000] {dag.py:3096} INFO - Sync 1 DAGs
[2024-04-19T18:42:33.473+0000] {logging_mixin.py:188} INFO - [2024-04-19T18:42:33.472+0000] {dag.py:3954} INFO - Setting next_dagrun for example_dag_decorator to None, run_after=None
[2024-04-19T18:42:33.505+0000] {processor.py:183} INFO - Processing /home/airflow/.local/lib/python3.12/site-packages/airflow/example_dags/example_dag_decorator.py took 0.384 seconds
[2024-04-19T18:43:03.594+0000] {processor.py:161} INFO - Started process (PID=1198) to work on /home/airflow/.local/lib/python3.12/site-packages/airflow/example_dags/example_dag_decorator.py
[2024-04-19T18:43:03.595+0000] {processor.py:830} INFO - Processing file /home/airflow/.local/lib/python3.12/site-packages/airflow/example_dags/example_dag_decorator.py for tasks to queue
[2024-04-19T18:43:03.598+0000] {logging_mixin.py:188} INFO - [2024-04-19T18:43:03.597+0000] {dagbag.py:540} INFO - Filling up the DagBag from /home/airflow/.local/lib/python3.12/site-packages/airflow/example_dags/example_dag_decorator.py
[2024-04-19T18:43:03.729+0000] {processor.py:840} INFO - DAG(s) 'example_dag_decorator' retrieved from /home/airflow/.local/lib/python3.12/site-packages/airflow/example_dags/example_dag_decorator.py
[2024-04-19T18:43:03.916+0000] {logging_mixin.py:188} INFO - [2024-04-19T18:43:03.915+0000] {dag.py:3096} INFO - Sync 1 DAGs
[2024-04-19T18:43:03.937+0000] {logging_mixin.py:188} INFO - [2024-04-19T18:43:03.937+0000] {dag.py:3954} INFO - Setting next_dagrun for example_dag_decorator to None, run_after=None
[2024-04-19T18:43:03.976+0000] {processor.py:183} INFO - Processing /home/airflow/.local/lib/python3.12/site-packages/airflow/example_dags/example_dag_decorator.py took 0.389 seconds
[2024-04-19T18:43:34.401+0000] {processor.py:161} INFO - Started process (PID=1258) to work on /home/airflow/.local/lib/python3.12/site-packages/airflow/example_dags/example_dag_decorator.py
[2024-04-19T18:43:34.430+0000] {processor.py:830} INFO - Processing file /home/airflow/.local/lib/python3.12/site-packages/airflow/example_dags/example_dag_decorator.py for tasks to queue
[2024-04-19T18:43:34.448+0000] {logging_mixin.py:188} INFO - [2024-04-19T18:43:34.447+0000] {dagbag.py:540} INFO - Filling up the DagBag from /home/airflow/.local/lib/python3.12/site-packages/airflow/example_dags/example_dag_decorator.py
[2024-04-19T18:43:34.953+0000] {processor.py:840} INFO - DAG(s) 'example_dag_decorator' retrieved from /home/airflow/.local/lib/python3.12/site-packages/airflow/example_dags/example_dag_decorator.py
[2024-04-19T18:43:34.997+0000] {logging_mixin.py:188} INFO - [2024-04-19T18:43:34.997+0000] {dag.py:3096} INFO - Sync 1 DAGs
[2024-04-19T18:43:35.016+0000] {logging_mixin.py:188} INFO - [2024-04-19T18:43:35.016+0000] {dag.py:3954} INFO - Setting next_dagrun for example_dag_decorator to None, run_after=None
[2024-04-19T18:43:35.062+0000] {processor.py:183} INFO - Processing /home/airflow/.local/lib/python3.12/site-packages/airflow/example_dags/example_dag_decorator.py took 0.679 seconds
[2024-04-19T18:44:06.149+0000] {processor.py:161} INFO - Started process (PID=1320) to work on /home/airflow/.local/lib/python3.12/site-packages/airflow/example_dags/example_dag_decorator.py
[2024-04-19T18:44:06.157+0000] {processor.py:830} INFO - Processing file /home/airflow/.local/lib/python3.12/site-packages/airflow/example_dags/example_dag_decorator.py for tasks to queue
[2024-04-19T18:44:06.159+0000] {logging_mixin.py:188} INFO - [2024-04-19T18:44:06.159+0000] {dagbag.py:540} INFO - Filling up the DagBag from /home/airflow/.local/lib/python3.12/site-packages/airflow/example_dags/example_dag_decorator.py
[2024-04-19T18:44:14.461+0000] {processor.py:840} INFO - DAG(s) 'example_dag_decorator' retrieved from /home/airflow/.local/lib/python3.12/site-packages/airflow/example_dags/example_dag_decorator.py
[2024-04-19T18:44:14.746+0000] {logging_mixin.py:188} INFO - [2024-04-19T18:44:14.745+0000] {dag.py:3096} INFO - Sync 1 DAGs
[2024-04-19T18:44:14.835+0000] {logging_mixin.py:188} INFO - [2024-04-19T18:44:14.835+0000] {dag.py:3954} INFO - Setting next_dagrun for example_dag_decorator to None, run_after=None
[2024-04-19T18:44:14.988+0000] {processor.py:183} INFO - Processing /home/airflow/.local/lib/python3.12/site-packages/airflow/example_dags/example_dag_decorator.py took 8.845 seconds
[2024-04-19T18:44:45.397+0000] {processor.py:161} INFO - Started process (PID=1379) to work on /home/airflow/.local/lib/python3.12/site-packages/airflow/example_dags/example_dag_decorator.py
[2024-04-19T18:44:45.406+0000] {processor.py:830} INFO - Processing file /home/airflow/.local/lib/python3.12/site-packages/airflow/example_dags/example_dag_decorator.py for tasks to queue
[2024-04-19T18:44:45.409+0000] {logging_mixin.py:188} INFO - [2024-04-19T18:44:45.408+0000] {dagbag.py:540} INFO - Filling up the DagBag from /home/airflow/.local/lib/python3.12/site-packages/airflow/example_dags/example_dag_decorator.py
[2024-04-19T18:44:45.597+0000] {processor.py:840} INFO - DAG(s) 'example_dag_decorator' retrieved from /home/airflow/.local/lib/python3.12/site-packages/airflow/example_dags/example_dag_decorator.py
[2024-04-19T18:44:45.618+0000] {logging_mixin.py:188} INFO - [2024-04-19T18:44:45.617+0000] {dag.py:3096} INFO - Sync 1 DAGs
[2024-04-19T18:44:45.629+0000] {logging_mixin.py:188} INFO - [2024-04-19T18:44:45.629+0000] {dag.py:3954} INFO - Setting next_dagrun for example_dag_decorator to None, run_after=None
[2024-04-19T18:44:45.650+0000] {processor.py:183} INFO - Processing /home/airflow/.local/lib/python3.12/site-packages/airflow/example_dags/example_dag_decorator.py took 0.271 seconds
[2024-04-19T18:45:15.896+0000] {processor.py:161} INFO - Started process (PID=1439) to work on /home/airflow/.local/lib/python3.12/site-packages/airflow/example_dags/example_dag_decorator.py
[2024-04-19T18:45:15.897+0000] {processor.py:830} INFO - Processing file /home/airflow/.local/lib/python3.12/site-packages/airflow/example_dags/example_dag_decorator.py for tasks to queue
[2024-04-19T18:45:15.898+0000] {logging_mixin.py:188} INFO - [2024-04-19T18:45:15.898+0000] {dagbag.py:540} INFO - Filling up the DagBag from /home/airflow/.local/lib/python3.12/site-packages/airflow/example_dags/example_dag_decorator.py
[2024-04-19T18:45:16.026+0000] {processor.py:840} INFO - DAG(s) 'example_dag_decorator' retrieved from /home/airflow/.local/lib/python3.12/site-packages/airflow/example_dags/example_dag_decorator.py
[2024-04-19T18:45:16.181+0000] {logging_mixin.py:188} INFO - [2024-04-19T18:45:16.181+0000] {dag.py:3096} INFO - Sync 1 DAGs
[2024-04-19T18:45:16.192+0000] {logging_mixin.py:188} INFO - [2024-04-19T18:45:16.192+0000] {dag.py:3954} INFO - Setting next_dagrun for example_dag_decorator to None, run_after=None
[2024-04-19T18:45:16.216+0000] {processor.py:183} INFO - Processing /home/airflow/.local/lib/python3.12/site-packages/airflow/example_dags/example_dag_decorator.py took 0.326 seconds
[2024-04-19T18:45:46.617+0000] {processor.py:161} INFO - Started process (PID=1499) to work on /home/airflow/.local/lib/python3.12/site-packages/airflow/example_dags/example_dag_decorator.py
[2024-04-19T18:45:46.619+0000] {processor.py:830} INFO - Processing file /home/airflow/.local/lib/python3.12/site-packages/airflow/example_dags/example_dag_decorator.py for tasks to queue
[2024-04-19T18:45:46.622+0000] {logging_mixin.py:188} INFO - [2024-04-19T18:45:46.622+0000] {dagbag.py:540} INFO - Filling up the DagBag from /home/airflow/.local/lib/python3.12/site-packages/airflow/example_dags/example_dag_decorator.py
[2024-04-19T18:45:46.829+0000] {processor.py:840} INFO - DAG(s) 'example_dag_decorator' retrieved from /home/airflow/.local/lib/python3.12/site-packages/airflow/example_dags/example_dag_decorator.py
[2024-04-19T18:45:46.858+0000] {logging_mixin.py:188} INFO - [2024-04-19T18:45:46.858+0000] {dag.py:3096} INFO - Sync 1 DAGs
[2024-04-19T18:45:46.874+0000] {logging_mixin.py:188} INFO - [2024-04-19T18:45:46.874+0000] {dag.py:3954} INFO - Setting next_dagrun for example_dag_decorator to None, run_after=None
[2024-04-19T18:45:46.898+0000] {processor.py:183} INFO - Processing /home/airflow/.local/lib/python3.12/site-packages/airflow/example_dags/example_dag_decorator.py took 0.289 seconds
[2024-04-19T18:46:17.076+0000] {processor.py:161} INFO - Started process (PID=1560) to work on /home/airflow/.local/lib/python3.12/site-packages/airflow/example_dags/example_dag_decorator.py
[2024-04-19T18:46:17.084+0000] {processor.py:830} INFO - Processing file /home/airflow/.local/lib/python3.12/site-packages/airflow/example_dags/example_dag_decorator.py for tasks to queue
[2024-04-19T18:46:17.088+0000] {logging_mixin.py:188} INFO - [2024-04-19T18:46:17.088+0000] {dagbag.py:540} INFO - Filling up the DagBag from /home/airflow/.local/lib/python3.12/site-packages/airflow/example_dags/example_dag_decorator.py
[2024-04-19T18:46:17.288+0000] {processor.py:840} INFO - DAG(s) 'example_dag_decorator' retrieved from /home/airflow/.local/lib/python3.12/site-packages/airflow/example_dags/example_dag_decorator.py
[2024-04-19T18:46:17.321+0000] {logging_mixin.py:188} INFO - [2024-04-19T18:46:17.319+0000] {dag.py:3096} INFO - Sync 1 DAGs
[2024-04-19T18:46:17.341+0000] {logging_mixin.py:188} INFO - [2024-04-19T18:46:17.341+0000] {dag.py:3954} INFO - Setting next_dagrun for example_dag_decorator to None, run_after=None
[2024-04-19T18:46:17.373+0000] {processor.py:183} INFO - Processing /home/airflow/.local/lib/python3.12/site-packages/airflow/example_dags/example_dag_decorator.py took 0.305 seconds
[2024-04-19T18:46:47.758+0000] {processor.py:161} INFO - Started process (PID=1626) to work on /home/airflow/.local/lib/python3.12/site-packages/airflow/example_dags/example_dag_decorator.py
[2024-04-19T18:46:47.759+0000] {processor.py:830} INFO - Processing file /home/airflow/.local/lib/python3.12/site-packages/airflow/example_dags/example_dag_decorator.py for tasks to queue
[2024-04-19T18:46:47.762+0000] {logging_mixin.py:188} INFO - [2024-04-19T18:46:47.762+0000] {dagbag.py:540} INFO - Filling up the DagBag from /home/airflow/.local/lib/python3.12/site-packages/airflow/example_dags/example_dag_decorator.py
[2024-04-19T18:46:47.936+0000] {processor.py:840} INFO - DAG(s) 'example_dag_decorator' retrieved from /home/airflow/.local/lib/python3.12/site-packages/airflow/example_dags/example_dag_decorator.py
[2024-04-19T18:46:47.963+0000] {logging_mixin.py:188} INFO - [2024-04-19T18:46:47.963+0000] {dag.py:3096} INFO - Sync 1 DAGs
[2024-04-19T18:46:47.979+0000] {logging_mixin.py:188} INFO - [2024-04-19T18:46:47.978+0000] {dag.py:3954} INFO - Setting next_dagrun for example_dag_decorator to None, run_after=None
[2024-04-19T18:46:48.003+0000] {processor.py:183} INFO - Processing /home/airflow/.local/lib/python3.12/site-packages/airflow/example_dags/example_dag_decorator.py took 0.252 seconds
[2024-04-19T18:47:18.278+0000] {processor.py:161} INFO - Started process (PID=1687) to work on /home/airflow/.local/lib/python3.12/site-packages/airflow/example_dags/example_dag_decorator.py
[2024-04-19T18:47:18.280+0000] {processor.py:830} INFO - Processing file /home/airflow/.local/lib/python3.12/site-packages/airflow/example_dags/example_dag_decorator.py for tasks to queue
[2024-04-19T18:47:18.286+0000] {logging_mixin.py:188} INFO - [2024-04-19T18:47:18.286+0000] {dagbag.py:540} INFO - Filling up the DagBag from /home/airflow/.local/lib/python3.12/site-packages/airflow/example_dags/example_dag_decorator.py
[2024-04-19T18:47:18.444+0000] {processor.py:840} INFO - DAG(s) 'example_dag_decorator' retrieved from /home/airflow/.local/lib/python3.12/site-packages/airflow/example_dags/example_dag_decorator.py
[2024-04-19T18:47:18.624+0000] {logging_mixin.py:188} INFO - [2024-04-19T18:47:18.623+0000] {dag.py:3096} INFO - Sync 1 DAGs
[2024-04-19T18:47:18.640+0000] {logging_mixin.py:188} INFO - [2024-04-19T18:47:18.639+0000] {dag.py:3954} INFO - Setting next_dagrun for example_dag_decorator to None, run_after=None
[2024-04-19T18:47:18.679+0000] {processor.py:183} INFO - Processing /home/airflow/.local/lib/python3.12/site-packages/airflow/example_dags/example_dag_decorator.py took 0.415 seconds
[2024-04-19T18:47:50.162+0000] {processor.py:161} INFO - Started process (PID=1751) to work on /home/airflow/.local/lib/python3.12/site-packages/airflow/example_dags/example_dag_decorator.py
[2024-04-19T18:47:50.163+0000] {processor.py:830} INFO - Processing file /home/airflow/.local/lib/python3.12/site-packages/airflow/example_dags/example_dag_decorator.py for tasks to queue
[2024-04-19T18:47:50.164+0000] {logging_mixin.py:188} INFO - [2024-04-19T18:47:50.164+0000] {dagbag.py:540} INFO - Filling up the DagBag from /home/airflow/.local/lib/python3.12/site-packages/airflow/example_dags/example_dag_decorator.py
[2024-04-19T18:47:50.373+0000] {processor.py:840} INFO - DAG(s) 'example_dag_decorator' retrieved from /home/airflow/.local/lib/python3.12/site-packages/airflow/example_dags/example_dag_decorator.py
[2024-04-19T18:47:50.571+0000] {logging_mixin.py:188} INFO - [2024-04-19T18:47:50.570+0000] {dag.py:3096} INFO - Sync 1 DAGs
[2024-04-19T18:47:50.586+0000] {logging_mixin.py:188} INFO - [2024-04-19T18:47:50.586+0000] {dag.py:3954} INFO - Setting next_dagrun for example_dag_decorator to None, run_after=None
[2024-04-19T18:47:50.619+0000] {processor.py:183} INFO - Processing /home/airflow/.local/lib/python3.12/site-packages/airflow/example_dags/example_dag_decorator.py took 0.464 seconds
[2024-04-19T18:48:21.116+0000] {processor.py:161} INFO - Started process (PID=1811) to work on /home/airflow/.local/lib/python3.12/site-packages/airflow/example_dags/example_dag_decorator.py
[2024-04-19T18:48:21.118+0000] {processor.py:830} INFO - Processing file /home/airflow/.local/lib/python3.12/site-packages/airflow/example_dags/example_dag_decorator.py for tasks to queue
[2024-04-19T18:48:21.119+0000] {logging_mixin.py:188} INFO - [2024-04-19T18:48:21.119+0000] {dagbag.py:540} INFO - Filling up the DagBag from /home/airflow/.local/lib/python3.12/site-packages/airflow/example_dags/example_dag_decorator.py
[2024-04-19T18:48:21.310+0000] {processor.py:840} INFO - DAG(s) 'example_dag_decorator' retrieved from /home/airflow/.local/lib/python3.12/site-packages/airflow/example_dags/example_dag_decorator.py
[2024-04-19T18:48:21.466+0000] {logging_mixin.py:188} INFO - [2024-04-19T18:48:21.466+0000] {dag.py:3096} INFO - Sync 1 DAGs
[2024-04-19T18:48:21.482+0000] {logging_mixin.py:188} INFO - [2024-04-19T18:48:21.481+0000] {dag.py:3954} INFO - Setting next_dagrun for example_dag_decorator to None, run_after=None
[2024-04-19T18:48:21.518+0000] {processor.py:183} INFO - Processing /home/airflow/.local/lib/python3.12/site-packages/airflow/example_dags/example_dag_decorator.py took 0.411 seconds
[2024-04-19T18:48:53.118+0000] {processor.py:161} INFO - Started process (PID=1873) to work on /home/airflow/.local/lib/python3.12/site-packages/airflow/example_dags/example_dag_decorator.py
[2024-04-19T18:48:53.120+0000] {processor.py:830} INFO - Processing file /home/airflow/.local/lib/python3.12/site-packages/airflow/example_dags/example_dag_decorator.py for tasks to queue
[2024-04-19T18:48:53.122+0000] {logging_mixin.py:188} INFO - [2024-04-19T18:48:53.121+0000] {dagbag.py:540} INFO - Filling up the DagBag from /home/airflow/.local/lib/python3.12/site-packages/airflow/example_dags/example_dag_decorator.py
[2024-04-19T18:48:53.409+0000] {processor.py:840} INFO - DAG(s) 'example_dag_decorator' retrieved from /home/airflow/.local/lib/python3.12/site-packages/airflow/example_dags/example_dag_decorator.py
[2024-04-19T18:48:53.694+0000] {logging_mixin.py:188} INFO - [2024-04-19T18:48:53.694+0000] {dag.py:3096} INFO - Sync 1 DAGs
[2024-04-19T18:48:53.719+0000] {logging_mixin.py:188} INFO - [2024-04-19T18:48:53.718+0000] {dag.py:3954} INFO - Setting next_dagrun for example_dag_decorator to None, run_after=None
[2024-04-19T18:48:53.812+0000] {processor.py:183} INFO - Processing /home/airflow/.local/lib/python3.12/site-packages/airflow/example_dags/example_dag_decorator.py took 0.702 seconds
[2024-04-19T18:56:05.166+0000] {processor.py:161} INFO - Started process (PID=64) to work on /home/airflow/.local/lib/python3.12/site-packages/airflow/example_dags/example_dag_decorator.py
[2024-04-19T18:56:05.172+0000] {processor.py:830} INFO - Processing file /home/airflow/.local/lib/python3.12/site-packages/airflow/example_dags/example_dag_decorator.py for tasks to queue
[2024-04-19T18:56:05.198+0000] {logging_mixin.py:188} INFO - [2024-04-19T18:56:05.197+0000] {dagbag.py:540} INFO - Filling up the DagBag from /home/airflow/.local/lib/python3.12/site-packages/airflow/example_dags/example_dag_decorator.py
[2024-04-19T18:56:06.510+0000] {processor.py:840} INFO - DAG(s) 'example_dag_decorator' retrieved from /home/airflow/.local/lib/python3.12/site-packages/airflow/example_dags/example_dag_decorator.py
[2024-04-19T18:56:08.700+0000] {logging_mixin.py:188} INFO - [2024-04-19T18:56:08.699+0000] {dag.py:3096} INFO - Sync 1 DAGs
[2024-04-19T18:56:08.855+0000] {logging_mixin.py:188} INFO - [2024-04-19T18:56:08.854+0000] {dag.py:3954} INFO - Setting next_dagrun for example_dag_decorator to None, run_after=None
[2024-04-19T18:56:09.050+0000] {processor.py:183} INFO - Processing /home/airflow/.local/lib/python3.12/site-packages/airflow/example_dags/example_dag_decorator.py took 3.908 seconds
[2024-04-19T18:56:39.184+0000] {processor.py:161} INFO - Started process (PID=124) to work on /home/airflow/.local/lib/python3.12/site-packages/airflow/example_dags/example_dag_decorator.py
[2024-04-19T18:56:39.187+0000] {processor.py:830} INFO - Processing file /home/airflow/.local/lib/python3.12/site-packages/airflow/example_dags/example_dag_decorator.py for tasks to queue
[2024-04-19T18:56:39.193+0000] {logging_mixin.py:188} INFO - [2024-04-19T18:56:39.193+0000] {dagbag.py:540} INFO - Filling up the DagBag from /home/airflow/.local/lib/python3.12/site-packages/airflow/example_dags/example_dag_decorator.py
[2024-04-19T18:56:39.610+0000] {processor.py:840} INFO - DAG(s) 'example_dag_decorator' retrieved from /home/airflow/.local/lib/python3.12/site-packages/airflow/example_dags/example_dag_decorator.py
[2024-04-19T18:56:39.651+0000] {logging_mixin.py:188} INFO - [2024-04-19T18:56:39.651+0000] {dag.py:3096} INFO - Sync 1 DAGs
[2024-04-19T18:56:39.698+0000] {logging_mixin.py:188} INFO - [2024-04-19T18:56:39.698+0000] {dag.py:3954} INFO - Setting next_dagrun for example_dag_decorator to None, run_after=None
[2024-04-19T18:56:39.786+0000] {processor.py:183} INFO - Processing /home/airflow/.local/lib/python3.12/site-packages/airflow/example_dags/example_dag_decorator.py took 0.622 seconds
[2024-04-19T18:57:10.792+0000] {processor.py:161} INFO - Started process (PID=183) to work on /home/airflow/.local/lib/python3.12/site-packages/airflow/example_dags/example_dag_decorator.py
[2024-04-19T18:57:10.793+0000] {processor.py:830} INFO - Processing file /home/airflow/.local/lib/python3.12/site-packages/airflow/example_dags/example_dag_decorator.py for tasks to queue
[2024-04-19T18:57:10.795+0000] {logging_mixin.py:188} INFO - [2024-04-19T18:57:10.794+0000] {dagbag.py:540} INFO - Filling up the DagBag from /home/airflow/.local/lib/python3.12/site-packages/airflow/example_dags/example_dag_decorator.py
[2024-04-19T18:57:10.905+0000] {processor.py:840} INFO - DAG(s) 'example_dag_decorator' retrieved from /home/airflow/.local/lib/python3.12/site-packages/airflow/example_dags/example_dag_decorator.py
[2024-04-19T18:57:11.047+0000] {logging_mixin.py:188} INFO - [2024-04-19T18:57:11.046+0000] {dag.py:3096} INFO - Sync 1 DAGs
[2024-04-19T18:57:11.062+0000] {logging_mixin.py:188} INFO - [2024-04-19T18:57:11.061+0000] {dag.py:3954} INFO - Setting next_dagrun for example_dag_decorator to None, run_after=None
[2024-04-19T18:57:11.098+0000] {processor.py:183} INFO - Processing /home/airflow/.local/lib/python3.12/site-packages/airflow/example_dags/example_dag_decorator.py took 0.312 seconds
[2024-04-19T18:57:41.232+0000] {processor.py:161} INFO - Started process (PID=242) to work on /home/airflow/.local/lib/python3.12/site-packages/airflow/example_dags/example_dag_decorator.py
[2024-04-19T18:57:41.233+0000] {processor.py:830} INFO - Processing file /home/airflow/.local/lib/python3.12/site-packages/airflow/example_dags/example_dag_decorator.py for tasks to queue
[2024-04-19T18:57:41.235+0000] {logging_mixin.py:188} INFO - [2024-04-19T18:57:41.234+0000] {dagbag.py:540} INFO - Filling up the DagBag from /home/airflow/.local/lib/python3.12/site-packages/airflow/example_dags/example_dag_decorator.py
[2024-04-19T18:57:41.335+0000] {processor.py:840} INFO - DAG(s) 'example_dag_decorator' retrieved from /home/airflow/.local/lib/python3.12/site-packages/airflow/example_dags/example_dag_decorator.py
[2024-04-19T18:57:41.360+0000] {logging_mixin.py:188} INFO - [2024-04-19T18:57:41.360+0000] {dag.py:3096} INFO - Sync 1 DAGs
[2024-04-19T18:57:41.373+0000] {logging_mixin.py:188} INFO - [2024-04-19T18:57:41.373+0000] {dag.py:3954} INFO - Setting next_dagrun for example_dag_decorator to None, run_after=None
[2024-04-19T18:57:41.398+0000] {processor.py:183} INFO - Processing /home/airflow/.local/lib/python3.12/site-packages/airflow/example_dags/example_dag_decorator.py took 0.172 seconds
[2024-04-19T18:58:12.070+0000] {processor.py:161} INFO - Started process (PID=303) to work on /home/airflow/.local/lib/python3.12/site-packages/airflow/example_dags/example_dag_decorator.py
[2024-04-19T18:58:12.073+0000] {processor.py:830} INFO - Processing file /home/airflow/.local/lib/python3.12/site-packages/airflow/example_dags/example_dag_decorator.py for tasks to queue
[2024-04-19T18:58:12.075+0000] {logging_mixin.py:188} INFO - [2024-04-19T18:58:12.074+0000] {dagbag.py:540} INFO - Filling up the DagBag from /home/airflow/.local/lib/python3.12/site-packages/airflow/example_dags/example_dag_decorator.py
[2024-04-19T18:58:12.318+0000] {processor.py:840} INFO - DAG(s) 'example_dag_decorator' retrieved from /home/airflow/.local/lib/python3.12/site-packages/airflow/example_dags/example_dag_decorator.py
[2024-04-19T18:58:12.519+0000] {logging_mixin.py:188} INFO - [2024-04-19T18:58:12.517+0000] {dag.py:3096} INFO - Sync 1 DAGs
[2024-04-19T18:58:13.125+0000] {logging_mixin.py:188} INFO - [2024-04-19T18:58:13.124+0000] {dag.py:3954} INFO - Setting next_dagrun for example_dag_decorator to None, run_after=None
[2024-04-19T18:58:13.177+0000] {processor.py:183} INFO - Processing /home/airflow/.local/lib/python3.12/site-packages/airflow/example_dags/example_dag_decorator.py took 1.115 seconds
[2024-04-19T18:58:43.462+0000] {processor.py:161} INFO - Started process (PID=363) to work on /home/airflow/.local/lib/python3.12/site-packages/airflow/example_dags/example_dag_decorator.py
[2024-04-19T18:58:43.483+0000] {processor.py:830} INFO - Processing file /home/airflow/.local/lib/python3.12/site-packages/airflow/example_dags/example_dag_decorator.py for tasks to queue
[2024-04-19T18:58:43.485+0000] {logging_mixin.py:188} INFO - [2024-04-19T18:58:43.484+0000] {dagbag.py:540} INFO - Filling up the DagBag from /home/airflow/.local/lib/python3.12/site-packages/airflow/example_dags/example_dag_decorator.py
[2024-04-19T18:58:43.738+0000] {processor.py:840} INFO - DAG(s) 'example_dag_decorator' retrieved from /home/airflow/.local/lib/python3.12/site-packages/airflow/example_dags/example_dag_decorator.py
[2024-04-19T18:58:43.889+0000] {logging_mixin.py:188} INFO - [2024-04-19T18:58:43.889+0000] {dag.py:3096} INFO - Sync 1 DAGs
[2024-04-19T18:58:43.903+0000] {logging_mixin.py:188} INFO - [2024-04-19T18:58:43.902+0000] {dag.py:3954} INFO - Setting next_dagrun for example_dag_decorator to None, run_after=None
[2024-04-19T18:58:44.110+0000] {processor.py:183} INFO - Processing /home/airflow/.local/lib/python3.12/site-packages/airflow/example_dags/example_dag_decorator.py took 0.656 seconds
[2024-04-19T18:59:14.508+0000] {processor.py:161} INFO - Started process (PID=422) to work on /home/airflow/.local/lib/python3.12/site-packages/airflow/example_dags/example_dag_decorator.py
[2024-04-19T18:59:14.509+0000] {processor.py:830} INFO - Processing file /home/airflow/.local/lib/python3.12/site-packages/airflow/example_dags/example_dag_decorator.py for tasks to queue
[2024-04-19T18:59:14.511+0000] {logging_mixin.py:188} INFO - [2024-04-19T18:59:14.511+0000] {dagbag.py:540} INFO - Filling up the DagBag from /home/airflow/.local/lib/python3.12/site-packages/airflow/example_dags/example_dag_decorator.py
[2024-04-19T18:59:14.722+0000] {processor.py:840} INFO - DAG(s) 'example_dag_decorator' retrieved from /home/airflow/.local/lib/python3.12/site-packages/airflow/example_dags/example_dag_decorator.py
[2024-04-19T18:59:15.058+0000] {logging_mixin.py:188} INFO - [2024-04-19T18:59:15.058+0000] {dag.py:3096} INFO - Sync 1 DAGs
[2024-04-19T18:59:15.071+0000] {logging_mixin.py:188} INFO - [2024-04-19T18:59:15.071+0000] {dag.py:3954} INFO - Setting next_dagrun for example_dag_decorator to None, run_after=None
[2024-04-19T18:59:15.096+0000] {processor.py:183} INFO - Processing /home/airflow/.local/lib/python3.12/site-packages/airflow/example_dags/example_dag_decorator.py took 0.605 seconds
[2024-04-19T18:59:45.655+0000] {processor.py:161} INFO - Started process (PID=482) to work on /home/airflow/.local/lib/python3.12/site-packages/airflow/example_dags/example_dag_decorator.py
[2024-04-19T18:59:45.656+0000] {processor.py:830} INFO - Processing file /home/airflow/.local/lib/python3.12/site-packages/airflow/example_dags/example_dag_decorator.py for tasks to queue
[2024-04-19T18:59:45.657+0000] {logging_mixin.py:188} INFO - [2024-04-19T18:59:45.656+0000] {dagbag.py:540} INFO - Filling up the DagBag from /home/airflow/.local/lib/python3.12/site-packages/airflow/example_dags/example_dag_decorator.py
[2024-04-19T18:59:45.781+0000] {processor.py:840} INFO - DAG(s) 'example_dag_decorator' retrieved from /home/airflow/.local/lib/python3.12/site-packages/airflow/example_dags/example_dag_decorator.py
[2024-04-19T18:59:46.148+0000] {logging_mixin.py:188} INFO - [2024-04-19T18:59:46.147+0000] {dag.py:3096} INFO - Sync 1 DAGs
[2024-04-19T18:59:46.160+0000] {logging_mixin.py:188} INFO - [2024-04-19T18:59:46.160+0000] {dag.py:3954} INFO - Setting next_dagrun for example_dag_decorator to None, run_after=None
[2024-04-19T18:59:46.179+0000] {processor.py:183} INFO - Processing /home/airflow/.local/lib/python3.12/site-packages/airflow/example_dags/example_dag_decorator.py took 0.531 seconds
[2024-04-19T19:00:16.287+0000] {processor.py:161} INFO - Started process (PID=545) to work on /home/airflow/.local/lib/python3.12/site-packages/airflow/example_dags/example_dag_decorator.py
[2024-04-19T19:00:16.288+0000] {processor.py:830} INFO - Processing file /home/airflow/.local/lib/python3.12/site-packages/airflow/example_dags/example_dag_decorator.py for tasks to queue
[2024-04-19T19:00:16.289+0000] {logging_mixin.py:188} INFO - [2024-04-19T19:00:16.289+0000] {dagbag.py:540} INFO - Filling up the DagBag from /home/airflow/.local/lib/python3.12/site-packages/airflow/example_dags/example_dag_decorator.py
[2024-04-19T19:00:16.380+0000] {processor.py:840} INFO - DAG(s) 'example_dag_decorator' retrieved from /home/airflow/.local/lib/python3.12/site-packages/airflow/example_dags/example_dag_decorator.py
[2024-04-19T19:00:16.626+0000] {logging_mixin.py:188} INFO - [2024-04-19T19:00:16.625+0000] {dag.py:3096} INFO - Sync 1 DAGs
[2024-04-19T19:00:16.637+0000] {logging_mixin.py:188} INFO - [2024-04-19T19:00:16.637+0000] {dag.py:3954} INFO - Setting next_dagrun for example_dag_decorator to None, run_after=None
[2024-04-19T19:00:16.658+0000] {processor.py:183} INFO - Processing /home/airflow/.local/lib/python3.12/site-packages/airflow/example_dags/example_dag_decorator.py took 0.377 seconds
[2024-04-19T19:00:47.506+0000] {processor.py:161} INFO - Started process (PID=605) to work on /home/airflow/.local/lib/python3.12/site-packages/airflow/example_dags/example_dag_decorator.py
[2024-04-19T19:00:47.508+0000] {processor.py:830} INFO - Processing file /home/airflow/.local/lib/python3.12/site-packages/airflow/example_dags/example_dag_decorator.py for tasks to queue
[2024-04-19T19:00:47.513+0000] {logging_mixin.py:188} INFO - [2024-04-19T19:00:47.512+0000] {dagbag.py:540} INFO - Filling up the DagBag from /home/airflow/.local/lib/python3.12/site-packages/airflow/example_dags/example_dag_decorator.py
[2024-04-19T19:00:47.660+0000] {processor.py:840} INFO - DAG(s) 'example_dag_decorator' retrieved from /home/airflow/.local/lib/python3.12/site-packages/airflow/example_dags/example_dag_decorator.py
[2024-04-19T19:00:48.129+0000] {logging_mixin.py:188} INFO - [2024-04-19T19:00:48.128+0000] {dag.py:3096} INFO - Sync 1 DAGs
[2024-04-19T19:00:48.154+0000] {logging_mixin.py:188} INFO - [2024-04-19T19:00:48.153+0000] {dag.py:3954} INFO - Setting next_dagrun for example_dag_decorator to None, run_after=None
[2024-04-19T19:00:48.191+0000] {processor.py:183} INFO - Processing /home/airflow/.local/lib/python3.12/site-packages/airflow/example_dags/example_dag_decorator.py took 0.691 seconds
[2024-04-19T19:01:18.614+0000] {processor.py:161} INFO - Started process (PID=665) to work on /home/airflow/.local/lib/python3.12/site-packages/airflow/example_dags/example_dag_decorator.py
[2024-04-19T19:01:18.615+0000] {processor.py:830} INFO - Processing file /home/airflow/.local/lib/python3.12/site-packages/airflow/example_dags/example_dag_decorator.py for tasks to queue
[2024-04-19T19:01:18.617+0000] {logging_mixin.py:188} INFO - [2024-04-19T19:01:18.616+0000] {dagbag.py:540} INFO - Filling up the DagBag from /home/airflow/.local/lib/python3.12/site-packages/airflow/example_dags/example_dag_decorator.py
[2024-04-19T19:01:18.721+0000] {processor.py:840} INFO - DAG(s) 'example_dag_decorator' retrieved from /home/airflow/.local/lib/python3.12/site-packages/airflow/example_dags/example_dag_decorator.py
[2024-04-19T19:01:18.983+0000] {logging_mixin.py:188} INFO - [2024-04-19T19:01:18.983+0000] {dag.py:3096} INFO - Sync 1 DAGs
[2024-04-19T19:01:18.995+0000] {logging_mixin.py:188} INFO - [2024-04-19T19:01:18.995+0000] {dag.py:3954} INFO - Setting next_dagrun for example_dag_decorator to None, run_after=None
[2024-04-19T19:01:19.016+0000] {processor.py:183} INFO - Processing /home/airflow/.local/lib/python3.12/site-packages/airflow/example_dags/example_dag_decorator.py took 0.408 seconds
[2024-04-19T19:01:49.642+0000] {processor.py:161} INFO - Started process (PID=725) to work on /home/airflow/.local/lib/python3.12/site-packages/airflow/example_dags/example_dag_decorator.py
[2024-04-19T19:01:49.643+0000] {processor.py:830} INFO - Processing file /home/airflow/.local/lib/python3.12/site-packages/airflow/example_dags/example_dag_decorator.py for tasks to queue
[2024-04-19T19:01:49.644+0000] {logging_mixin.py:188} INFO - [2024-04-19T19:01:49.644+0000] {dagbag.py:540} INFO - Filling up the DagBag from /home/airflow/.local/lib/python3.12/site-packages/airflow/example_dags/example_dag_decorator.py
[2024-04-19T19:01:49.744+0000] {processor.py:840} INFO - DAG(s) 'example_dag_decorator' retrieved from /home/airflow/.local/lib/python3.12/site-packages/airflow/example_dags/example_dag_decorator.py
[2024-04-19T19:01:49.979+0000] {logging_mixin.py:188} INFO - [2024-04-19T19:01:49.978+0000] {dag.py:3096} INFO - Sync 1 DAGs
[2024-04-19T19:01:49.989+0000] {logging_mixin.py:188} INFO - [2024-04-19T19:01:49.989+0000] {dag.py:3954} INFO - Setting next_dagrun for example_dag_decorator to None, run_after=None
[2024-04-19T19:01:50.007+0000] {processor.py:183} INFO - Processing /home/airflow/.local/lib/python3.12/site-packages/airflow/example_dags/example_dag_decorator.py took 0.371 seconds
[2024-04-19T19:02:20.089+0000] {processor.py:161} INFO - Started process (PID=785) to work on /home/airflow/.local/lib/python3.12/site-packages/airflow/example_dags/example_dag_decorator.py
[2024-04-19T19:02:20.090+0000] {processor.py:830} INFO - Processing file /home/airflow/.local/lib/python3.12/site-packages/airflow/example_dags/example_dag_decorator.py for tasks to queue
[2024-04-19T19:02:20.091+0000] {logging_mixin.py:188} INFO - [2024-04-19T19:02:20.091+0000] {dagbag.py:540} INFO - Filling up the DagBag from /home/airflow/.local/lib/python3.12/site-packages/airflow/example_dags/example_dag_decorator.py
[2024-04-19T19:02:20.193+0000] {processor.py:840} INFO - DAG(s) 'example_dag_decorator' retrieved from /home/airflow/.local/lib/python3.12/site-packages/airflow/example_dags/example_dag_decorator.py
[2024-04-19T19:02:20.485+0000] {logging_mixin.py:188} INFO - [2024-04-19T19:02:20.485+0000] {dag.py:3096} INFO - Sync 1 DAGs
[2024-04-19T19:02:20.495+0000] {logging_mixin.py:188} INFO - [2024-04-19T19:02:20.495+0000] {dag.py:3954} INFO - Setting next_dagrun for example_dag_decorator to None, run_after=None
[2024-04-19T19:02:20.516+0000] {processor.py:183} INFO - Processing /home/airflow/.local/lib/python3.12/site-packages/airflow/example_dags/example_dag_decorator.py took 0.434 seconds
[2024-04-19T19:02:51.176+0000] {processor.py:161} INFO - Started process (PID=847) to work on /home/airflow/.local/lib/python3.12/site-packages/airflow/example_dags/example_dag_decorator.py
[2024-04-19T19:02:51.183+0000] {processor.py:830} INFO - Processing file /home/airflow/.local/lib/python3.12/site-packages/airflow/example_dags/example_dag_decorator.py for tasks to queue
[2024-04-19T19:02:51.185+0000] {logging_mixin.py:188} INFO - [2024-04-19T19:02:51.185+0000] {dagbag.py:540} INFO - Filling up the DagBag from /home/airflow/.local/lib/python3.12/site-packages/airflow/example_dags/example_dag_decorator.py
[2024-04-19T19:02:51.371+0000] {processor.py:840} INFO - DAG(s) 'example_dag_decorator' retrieved from /home/airflow/.local/lib/python3.12/site-packages/airflow/example_dags/example_dag_decorator.py
[2024-04-19T19:02:51.818+0000] {logging_mixin.py:188} INFO - [2024-04-19T19:02:51.818+0000] {dag.py:3096} INFO - Sync 1 DAGs
[2024-04-19T19:02:51.832+0000] {logging_mixin.py:188} INFO - [2024-04-19T19:02:51.832+0000] {dag.py:3954} INFO - Setting next_dagrun for example_dag_decorator to None, run_after=None
[2024-04-19T19:02:51.861+0000] {processor.py:183} INFO - Processing /home/airflow/.local/lib/python3.12/site-packages/airflow/example_dags/example_dag_decorator.py took 0.701 seconds
[2024-04-19T19:03:22.455+0000] {processor.py:161} INFO - Started process (PID=907) to work on /home/airflow/.local/lib/python3.12/site-packages/airflow/example_dags/example_dag_decorator.py
[2024-04-19T19:03:22.465+0000] {processor.py:830} INFO - Processing file /home/airflow/.local/lib/python3.12/site-packages/airflow/example_dags/example_dag_decorator.py for tasks to queue
[2024-04-19T19:03:22.469+0000] {logging_mixin.py:188} INFO - [2024-04-19T19:03:22.468+0000] {dagbag.py:540} INFO - Filling up the DagBag from /home/airflow/.local/lib/python3.12/site-packages/airflow/example_dags/example_dag_decorator.py
[2024-04-19T19:03:22.987+0000] {processor.py:840} INFO - DAG(s) 'example_dag_decorator' retrieved from /home/airflow/.local/lib/python3.12/site-packages/airflow/example_dags/example_dag_decorator.py
[2024-04-19T19:03:24.886+0000] {logging_mixin.py:188} INFO - [2024-04-19T19:03:24.885+0000] {dag.py:3096} INFO - Sync 1 DAGs
[2024-04-19T19:03:24.950+0000] {logging_mixin.py:188} INFO - [2024-04-19T19:03:24.949+0000] {dag.py:3954} INFO - Setting next_dagrun for example_dag_decorator to None, run_after=None
[2024-04-19T19:03:25.113+0000] {processor.py:183} INFO - Processing /home/airflow/.local/lib/python3.12/site-packages/airflow/example_dags/example_dag_decorator.py took 2.673 seconds
[2024-04-19T19:03:55.374+0000] {processor.py:161} INFO - Started process (PID=969) to work on /home/airflow/.local/lib/python3.12/site-packages/airflow/example_dags/example_dag_decorator.py
[2024-04-19T19:03:55.376+0000] {processor.py:830} INFO - Processing file /home/airflow/.local/lib/python3.12/site-packages/airflow/example_dags/example_dag_decorator.py for tasks to queue
[2024-04-19T19:03:55.377+0000] {logging_mixin.py:188} INFO - [2024-04-19T19:03:55.376+0000] {dagbag.py:540} INFO - Filling up the DagBag from /home/airflow/.local/lib/python3.12/site-packages/airflow/example_dags/example_dag_decorator.py
[2024-04-19T19:03:55.506+0000] {processor.py:840} INFO - DAG(s) 'example_dag_decorator' retrieved from /home/airflow/.local/lib/python3.12/site-packages/airflow/example_dags/example_dag_decorator.py
[2024-04-19T19:03:55.797+0000] {logging_mixin.py:188} INFO - [2024-04-19T19:03:55.797+0000] {dag.py:3096} INFO - Sync 1 DAGs
[2024-04-19T19:03:55.808+0000] {logging_mixin.py:188} INFO - [2024-04-19T19:03:55.808+0000] {dag.py:3954} INFO - Setting next_dagrun for example_dag_decorator to None, run_after=None
[2024-04-19T19:03:55.835+0000] {processor.py:183} INFO - Processing /home/airflow/.local/lib/python3.12/site-packages/airflow/example_dags/example_dag_decorator.py took 0.468 seconds
[2024-04-19T19:04:25.940+0000] {processor.py:161} INFO - Started process (PID=1029) to work on /home/airflow/.local/lib/python3.12/site-packages/airflow/example_dags/example_dag_decorator.py
[2024-04-19T19:04:25.941+0000] {processor.py:830} INFO - Processing file /home/airflow/.local/lib/python3.12/site-packages/airflow/example_dags/example_dag_decorator.py for tasks to queue
[2024-04-19T19:04:25.942+0000] {logging_mixin.py:188} INFO - [2024-04-19T19:04:25.942+0000] {dagbag.py:540} INFO - Filling up the DagBag from /home/airflow/.local/lib/python3.12/site-packages/airflow/example_dags/example_dag_decorator.py
[2024-04-19T19:04:26.240+0000] {processor.py:840} INFO - DAG(s) 'example_dag_decorator' retrieved from /home/airflow/.local/lib/python3.12/site-packages/airflow/example_dags/example_dag_decorator.py
[2024-04-19T19:04:26.476+0000] {logging_mixin.py:188} INFO - [2024-04-19T19:04:26.476+0000] {dag.py:3096} INFO - Sync 1 DAGs
[2024-04-19T19:04:26.509+0000] {logging_mixin.py:188} INFO - [2024-04-19T19:04:26.505+0000] {dag.py:3954} INFO - Setting next_dagrun for example_dag_decorator to None, run_after=None
[2024-04-19T19:04:26.581+0000] {processor.py:183} INFO - Processing /home/airflow/.local/lib/python3.12/site-packages/airflow/example_dags/example_dag_decorator.py took 0.646 seconds
[2024-04-19T19:04:57.006+0000] {processor.py:161} INFO - Started process (PID=1095) to work on /home/airflow/.local/lib/python3.12/site-packages/airflow/example_dags/example_dag_decorator.py
[2024-04-19T19:04:57.007+0000] {processor.py:830} INFO - Processing file /home/airflow/.local/lib/python3.12/site-packages/airflow/example_dags/example_dag_decorator.py for tasks to queue
[2024-04-19T19:04:57.008+0000] {logging_mixin.py:188} INFO - [2024-04-19T19:04:57.008+0000] {dagbag.py:540} INFO - Filling up the DagBag from /home/airflow/.local/lib/python3.12/site-packages/airflow/example_dags/example_dag_decorator.py
[2024-04-19T19:04:57.251+0000] {processor.py:840} INFO - DAG(s) 'example_dag_decorator' retrieved from /home/airflow/.local/lib/python3.12/site-packages/airflow/example_dags/example_dag_decorator.py
[2024-04-19T19:04:57.335+0000] {logging_mixin.py:188} INFO - [2024-04-19T19:04:57.335+0000] {dag.py:3096} INFO - Sync 1 DAGs
[2024-04-19T19:04:57.344+0000] {logging_mixin.py:188} INFO - [2024-04-19T19:04:57.343+0000] {dag.py:3954} INFO - Setting next_dagrun for example_dag_decorator to None, run_after=None
[2024-04-19T19:04:57.364+0000] {processor.py:183} INFO - Processing /home/airflow/.local/lib/python3.12/site-packages/airflow/example_dags/example_dag_decorator.py took 0.363 seconds
[2024-04-19T19:05:27.465+0000] {processor.py:161} INFO - Started process (PID=1155) to work on /home/airflow/.local/lib/python3.12/site-packages/airflow/example_dags/example_dag_decorator.py
[2024-04-19T19:05:27.466+0000] {processor.py:830} INFO - Processing file /home/airflow/.local/lib/python3.12/site-packages/airflow/example_dags/example_dag_decorator.py for tasks to queue
[2024-04-19T19:05:27.467+0000] {logging_mixin.py:188} INFO - [2024-04-19T19:05:27.467+0000] {dagbag.py:540} INFO - Filling up the DagBag from /home/airflow/.local/lib/python3.12/site-packages/airflow/example_dags/example_dag_decorator.py
[2024-04-19T19:05:27.564+0000] {processor.py:840} INFO - DAG(s) 'example_dag_decorator' retrieved from /home/airflow/.local/lib/python3.12/site-packages/airflow/example_dags/example_dag_decorator.py
[2024-04-19T19:05:27.682+0000] {logging_mixin.py:188} INFO - [2024-04-19T19:05:27.681+0000] {dag.py:3096} INFO - Sync 1 DAGs
[2024-04-19T19:05:27.691+0000] {logging_mixin.py:188} INFO - [2024-04-19T19:05:27.690+0000] {dag.py:3954} INFO - Setting next_dagrun for example_dag_decorator to None, run_after=None
[2024-04-19T19:05:27.799+0000] {processor.py:183} INFO - Processing /home/airflow/.local/lib/python3.12/site-packages/airflow/example_dags/example_dag_decorator.py took 0.343 seconds
[2024-04-19T19:05:58.053+0000] {processor.py:161} INFO - Started process (PID=1218) to work on /home/airflow/.local/lib/python3.12/site-packages/airflow/example_dags/example_dag_decorator.py
[2024-04-19T19:05:58.066+0000] {processor.py:830} INFO - Processing file /home/airflow/.local/lib/python3.12/site-packages/airflow/example_dags/example_dag_decorator.py for tasks to queue
[2024-04-19T19:05:58.081+0000] {logging_mixin.py:188} INFO - [2024-04-19T19:05:58.081+0000] {dagbag.py:540} INFO - Filling up the DagBag from /home/airflow/.local/lib/python3.12/site-packages/airflow/example_dags/example_dag_decorator.py
[2024-04-19T19:05:58.495+0000] {processor.py:840} INFO - DAG(s) 'example_dag_decorator' retrieved from /home/airflow/.local/lib/python3.12/site-packages/airflow/example_dags/example_dag_decorator.py
[2024-04-19T19:05:58.828+0000] {logging_mixin.py:188} INFO - [2024-04-19T19:05:58.828+0000] {dag.py:3096} INFO - Sync 1 DAGs
[2024-04-19T19:05:58.841+0000] {logging_mixin.py:188} INFO - [2024-04-19T19:05:58.841+0000] {dag.py:3954} INFO - Setting next_dagrun for example_dag_decorator to None, run_after=None
[2024-04-19T19:05:58.867+0000] {processor.py:183} INFO - Processing /home/airflow/.local/lib/python3.12/site-packages/airflow/example_dags/example_dag_decorator.py took 0.834 seconds
[2024-04-19T19:06:29.224+0000] {processor.py:161} INFO - Started process (PID=1278) to work on /home/airflow/.local/lib/python3.12/site-packages/airflow/example_dags/example_dag_decorator.py
[2024-04-19T19:06:29.225+0000] {processor.py:830} INFO - Processing file /home/airflow/.local/lib/python3.12/site-packages/airflow/example_dags/example_dag_decorator.py for tasks to queue
[2024-04-19T19:06:29.226+0000] {logging_mixin.py:188} INFO - [2024-04-19T19:06:29.226+0000] {dagbag.py:540} INFO - Filling up the DagBag from /home/airflow/.local/lib/python3.12/site-packages/airflow/example_dags/example_dag_decorator.py
[2024-04-19T19:06:29.331+0000] {processor.py:840} INFO - DAG(s) 'example_dag_decorator' retrieved from /home/airflow/.local/lib/python3.12/site-packages/airflow/example_dags/example_dag_decorator.py
[2024-04-19T19:06:29.443+0000] {logging_mixin.py:188} INFO - [2024-04-19T19:06:29.443+0000] {dag.py:3096} INFO - Sync 1 DAGs
[2024-04-19T19:06:29.455+0000] {logging_mixin.py:188} INFO - [2024-04-19T19:06:29.455+0000] {dag.py:3954} INFO - Setting next_dagrun for example_dag_decorator to None, run_after=None
[2024-04-19T19:06:29.476+0000] {processor.py:183} INFO - Processing /home/airflow/.local/lib/python3.12/site-packages/airflow/example_dags/example_dag_decorator.py took 0.260 seconds
[2024-04-19T19:06:59.588+0000] {processor.py:161} INFO - Started process (PID=1338) to work on /home/airflow/.local/lib/python3.12/site-packages/airflow/example_dags/example_dag_decorator.py
[2024-04-19T19:06:59.589+0000] {processor.py:830} INFO - Processing file /home/airflow/.local/lib/python3.12/site-packages/airflow/example_dags/example_dag_decorator.py for tasks to queue
[2024-04-19T19:06:59.590+0000] {logging_mixin.py:188} INFO - [2024-04-19T19:06:59.590+0000] {dagbag.py:540} INFO - Filling up the DagBag from /home/airflow/.local/lib/python3.12/site-packages/airflow/example_dags/example_dag_decorator.py
[2024-04-19T19:06:59.688+0000] {processor.py:840} INFO - DAG(s) 'example_dag_decorator' retrieved from /home/airflow/.local/lib/python3.12/site-packages/airflow/example_dags/example_dag_decorator.py
[2024-04-19T19:06:59.778+0000] {logging_mixin.py:188} INFO - [2024-04-19T19:06:59.777+0000] {dag.py:3096} INFO - Sync 1 DAGs
[2024-04-19T19:06:59.787+0000] {logging_mixin.py:188} INFO - [2024-04-19T19:06:59.787+0000] {dag.py:3954} INFO - Setting next_dagrun for example_dag_decorator to None, run_after=None
[2024-04-19T19:06:59.808+0000] {processor.py:183} INFO - Processing /home/airflow/.local/lib/python3.12/site-packages/airflow/example_dags/example_dag_decorator.py took 0.225 seconds
[2024-04-19T19:07:30.341+0000] {processor.py:161} INFO - Started process (PID=1398) to work on /home/airflow/.local/lib/python3.12/site-packages/airflow/example_dags/example_dag_decorator.py
[2024-04-19T19:07:30.342+0000] {processor.py:830} INFO - Processing file /home/airflow/.local/lib/python3.12/site-packages/airflow/example_dags/example_dag_decorator.py for tasks to queue
[2024-04-19T19:07:30.344+0000] {logging_mixin.py:188} INFO - [2024-04-19T19:07:30.343+0000] {dagbag.py:540} INFO - Filling up the DagBag from /home/airflow/.local/lib/python3.12/site-packages/airflow/example_dags/example_dag_decorator.py
[2024-04-19T19:07:30.511+0000] {processor.py:840} INFO - DAG(s) 'example_dag_decorator' retrieved from /home/airflow/.local/lib/python3.12/site-packages/airflow/example_dags/example_dag_decorator.py
[2024-04-19T19:07:30.656+0000] {logging_mixin.py:188} INFO - [2024-04-19T19:07:30.655+0000] {dag.py:3096} INFO - Sync 1 DAGs
[2024-04-19T19:07:30.673+0000] {logging_mixin.py:188} INFO - [2024-04-19T19:07:30.673+0000] {dag.py:3954} INFO - Setting next_dagrun for example_dag_decorator to None, run_after=None
[2024-04-19T19:07:30.710+0000] {processor.py:183} INFO - Processing /home/airflow/.local/lib/python3.12/site-packages/airflow/example_dags/example_dag_decorator.py took 0.379 seconds
[2024-04-19T19:08:03.118+0000] {processor.py:161} INFO - Started process (PID=1454) to work on /home/airflow/.local/lib/python3.12/site-packages/airflow/example_dags/example_dag_decorator.py
[2024-04-19T19:08:03.120+0000] {processor.py:830} INFO - Processing file /home/airflow/.local/lib/python3.12/site-packages/airflow/example_dags/example_dag_decorator.py for tasks to queue
[2024-04-19T19:08:03.121+0000] {logging_mixin.py:188} INFO - [2024-04-19T19:08:03.121+0000] {dagbag.py:540} INFO - Filling up the DagBag from /home/airflow/.local/lib/python3.12/site-packages/airflow/example_dags/example_dag_decorator.py
[2024-04-19T19:08:03.263+0000] {processor.py:840} INFO - DAG(s) 'example_dag_decorator' retrieved from /home/airflow/.local/lib/python3.12/site-packages/airflow/example_dags/example_dag_decorator.py
[2024-04-19T19:08:03.410+0000] {logging_mixin.py:188} INFO - [2024-04-19T19:08:03.409+0000] {dag.py:3096} INFO - Sync 1 DAGs
[2024-04-19T19:08:03.424+0000] {logging_mixin.py:188} INFO - [2024-04-19T19:08:03.424+0000] {dag.py:3954} INFO - Setting next_dagrun for example_dag_decorator to None, run_after=None
[2024-04-19T19:08:03.473+0000] {processor.py:183} INFO - Processing /home/airflow/.local/lib/python3.12/site-packages/airflow/example_dags/example_dag_decorator.py took 0.370 seconds
[2024-04-19T19:08:33.635+0000] {processor.py:161} INFO - Started process (PID=1516) to work on /home/airflow/.local/lib/python3.12/site-packages/airflow/example_dags/example_dag_decorator.py
[2024-04-19T19:08:33.637+0000] {processor.py:830} INFO - Processing file /home/airflow/.local/lib/python3.12/site-packages/airflow/example_dags/example_dag_decorator.py for tasks to queue
[2024-04-19T19:08:33.638+0000] {logging_mixin.py:188} INFO - [2024-04-19T19:08:33.637+0000] {dagbag.py:540} INFO - Filling up the DagBag from /home/airflow/.local/lib/python3.12/site-packages/airflow/example_dags/example_dag_decorator.py
[2024-04-19T19:08:33.789+0000] {processor.py:840} INFO - DAG(s) 'example_dag_decorator' retrieved from /home/airflow/.local/lib/python3.12/site-packages/airflow/example_dags/example_dag_decorator.py
[2024-04-19T19:08:33.915+0000] {logging_mixin.py:188} INFO - [2024-04-19T19:08:33.914+0000] {dag.py:3096} INFO - Sync 1 DAGs
[2024-04-19T19:08:33.925+0000] {logging_mixin.py:188} INFO - [2024-04-19T19:08:33.925+0000] {dag.py:3954} INFO - Setting next_dagrun for example_dag_decorator to None, run_after=None
[2024-04-19T19:08:33.947+0000] {processor.py:183} INFO - Processing /home/airflow/.local/lib/python3.12/site-packages/airflow/example_dags/example_dag_decorator.py took 0.320 seconds
[2024-04-19T19:09:04.464+0000] {processor.py:161} INFO - Started process (PID=1577) to work on /home/airflow/.local/lib/python3.12/site-packages/airflow/example_dags/example_dag_decorator.py
[2024-04-19T19:09:04.465+0000] {processor.py:830} INFO - Processing file /home/airflow/.local/lib/python3.12/site-packages/airflow/example_dags/example_dag_decorator.py for tasks to queue
[2024-04-19T19:09:04.466+0000] {logging_mixin.py:188} INFO - [2024-04-19T19:09:04.465+0000] {dagbag.py:540} INFO - Filling up the DagBag from /home/airflow/.local/lib/python3.12/site-packages/airflow/example_dags/example_dag_decorator.py
[2024-04-19T19:09:04.584+0000] {processor.py:840} INFO - DAG(s) 'example_dag_decorator' retrieved from /home/airflow/.local/lib/python3.12/site-packages/airflow/example_dags/example_dag_decorator.py
[2024-04-19T19:09:04.735+0000] {logging_mixin.py:188} INFO - [2024-04-19T19:09:04.735+0000] {dag.py:3096} INFO - Sync 1 DAGs
[2024-04-19T19:09:04.752+0000] {logging_mixin.py:188} INFO - [2024-04-19T19:09:04.752+0000] {dag.py:3954} INFO - Setting next_dagrun for example_dag_decorator to None, run_after=None
[2024-04-19T19:09:04.775+0000] {processor.py:183} INFO - Processing /home/airflow/.local/lib/python3.12/site-packages/airflow/example_dags/example_dag_decorator.py took 0.318 seconds
[2024-04-19T19:09:34.869+0000] {processor.py:161} INFO - Started process (PID=1637) to work on /home/airflow/.local/lib/python3.12/site-packages/airflow/example_dags/example_dag_decorator.py
[2024-04-19T19:09:34.870+0000] {processor.py:830} INFO - Processing file /home/airflow/.local/lib/python3.12/site-packages/airflow/example_dags/example_dag_decorator.py for tasks to queue
[2024-04-19T19:09:34.871+0000] {logging_mixin.py:188} INFO - [2024-04-19T19:09:34.871+0000] {dagbag.py:540} INFO - Filling up the DagBag from /home/airflow/.local/lib/python3.12/site-packages/airflow/example_dags/example_dag_decorator.py
[2024-04-19T19:09:34.973+0000] {processor.py:840} INFO - DAG(s) 'example_dag_decorator' retrieved from /home/airflow/.local/lib/python3.12/site-packages/airflow/example_dags/example_dag_decorator.py
[2024-04-19T19:09:35.134+0000] {logging_mixin.py:188} INFO - [2024-04-19T19:09:35.134+0000] {dag.py:3096} INFO - Sync 1 DAGs
[2024-04-19T19:09:35.147+0000] {logging_mixin.py:188} INFO - [2024-04-19T19:09:35.147+0000] {dag.py:3954} INFO - Setting next_dagrun for example_dag_decorator to None, run_after=None
[2024-04-19T19:09:35.168+0000] {processor.py:183} INFO - Processing /home/airflow/.local/lib/python3.12/site-packages/airflow/example_dags/example_dag_decorator.py took 0.306 seconds
[2024-04-19T19:10:05.380+0000] {processor.py:161} INFO - Started process (PID=1698) to work on /home/airflow/.local/lib/python3.12/site-packages/airflow/example_dags/example_dag_decorator.py
[2024-04-19T19:10:05.382+0000] {processor.py:830} INFO - Processing file /home/airflow/.local/lib/python3.12/site-packages/airflow/example_dags/example_dag_decorator.py for tasks to queue
[2024-04-19T19:10:05.384+0000] {logging_mixin.py:188} INFO - [2024-04-19T19:10:05.383+0000] {dagbag.py:540} INFO - Filling up the DagBag from /home/airflow/.local/lib/python3.12/site-packages/airflow/example_dags/example_dag_decorator.py
[2024-04-19T19:10:05.568+0000] {processor.py:840} INFO - DAG(s) 'example_dag_decorator' retrieved from /home/airflow/.local/lib/python3.12/site-packages/airflow/example_dags/example_dag_decorator.py
[2024-04-19T19:10:05.763+0000] {logging_mixin.py:188} INFO - [2024-04-19T19:10:05.762+0000] {dag.py:3096} INFO - Sync 1 DAGs
[2024-04-19T19:10:05.779+0000] {logging_mixin.py:188} INFO - [2024-04-19T19:10:05.779+0000] {dag.py:3954} INFO - Setting next_dagrun for example_dag_decorator to None, run_after=None
[2024-04-19T19:10:05.818+0000] {processor.py:183} INFO - Processing /home/airflow/.local/lib/python3.12/site-packages/airflow/example_dags/example_dag_decorator.py took 0.446 seconds
[2024-04-19T19:10:36.273+0000] {processor.py:161} INFO - Started process (PID=1756) to work on /home/airflow/.local/lib/python3.12/site-packages/airflow/example_dags/example_dag_decorator.py
[2024-04-19T19:10:36.274+0000] {processor.py:830} INFO - Processing file /home/airflow/.local/lib/python3.12/site-packages/airflow/example_dags/example_dag_decorator.py for tasks to queue
[2024-04-19T19:10:36.275+0000] {logging_mixin.py:188} INFO - [2024-04-19T19:10:36.275+0000] {dagbag.py:540} INFO - Filling up the DagBag from /home/airflow/.local/lib/python3.12/site-packages/airflow/example_dags/example_dag_decorator.py
[2024-04-19T19:10:36.386+0000] {processor.py:840} INFO - DAG(s) 'example_dag_decorator' retrieved from /home/airflow/.local/lib/python3.12/site-packages/airflow/example_dags/example_dag_decorator.py
[2024-04-19T19:10:36.508+0000] {logging_mixin.py:188} INFO - [2024-04-19T19:10:36.508+0000] {dag.py:3096} INFO - Sync 1 DAGs
[2024-04-19T19:10:36.518+0000] {logging_mixin.py:188} INFO - [2024-04-19T19:10:36.518+0000] {dag.py:3954} INFO - Setting next_dagrun for example_dag_decorator to None, run_after=None
[2024-04-19T19:10:36.550+0000] {processor.py:183} INFO - Processing /home/airflow/.local/lib/python3.12/site-packages/airflow/example_dags/example_dag_decorator.py took 0.285 seconds
[2024-04-19T19:11:06.909+0000] {processor.py:161} INFO - Started process (PID=1816) to work on /home/airflow/.local/lib/python3.12/site-packages/airflow/example_dags/example_dag_decorator.py
[2024-04-19T19:11:06.914+0000] {processor.py:830} INFO - Processing file /home/airflow/.local/lib/python3.12/site-packages/airflow/example_dags/example_dag_decorator.py for tasks to queue
[2024-04-19T19:11:06.918+0000] {logging_mixin.py:188} INFO - [2024-04-19T19:11:06.915+0000] {dagbag.py:540} INFO - Filling up the DagBag from /home/airflow/.local/lib/python3.12/site-packages/airflow/example_dags/example_dag_decorator.py
[2024-04-19T19:11:07.061+0000] {processor.py:840} INFO - DAG(s) 'example_dag_decorator' retrieved from /home/airflow/.local/lib/python3.12/site-packages/airflow/example_dags/example_dag_decorator.py
[2024-04-19T19:11:07.195+0000] {logging_mixin.py:188} INFO - [2024-04-19T19:11:07.195+0000] {dag.py:3096} INFO - Sync 1 DAGs
[2024-04-19T19:11:07.209+0000] {logging_mixin.py:188} INFO - [2024-04-19T19:11:07.209+0000] {dag.py:3954} INFO - Setting next_dagrun for example_dag_decorator to None, run_after=None
[2024-04-19T19:11:07.230+0000] {processor.py:183} INFO - Processing /home/airflow/.local/lib/python3.12/site-packages/airflow/example_dags/example_dag_decorator.py took 0.332 seconds
[2024-04-19T19:11:38.099+0000] {processor.py:161} INFO - Started process (PID=1877) to work on /home/airflow/.local/lib/python3.12/site-packages/airflow/example_dags/example_dag_decorator.py
[2024-04-19T19:11:38.100+0000] {processor.py:830} INFO - Processing file /home/airflow/.local/lib/python3.12/site-packages/airflow/example_dags/example_dag_decorator.py for tasks to queue
[2024-04-19T19:11:38.101+0000] {logging_mixin.py:188} INFO - [2024-04-19T19:11:38.101+0000] {dagbag.py:540} INFO - Filling up the DagBag from /home/airflow/.local/lib/python3.12/site-packages/airflow/example_dags/example_dag_decorator.py
[2024-04-19T19:11:38.189+0000] {processor.py:840} INFO - DAG(s) 'example_dag_decorator' retrieved from /home/airflow/.local/lib/python3.12/site-packages/airflow/example_dags/example_dag_decorator.py
[2024-04-19T19:11:38.347+0000] {logging_mixin.py:188} INFO - [2024-04-19T19:11:38.347+0000] {dag.py:3096} INFO - Sync 1 DAGs
[2024-04-19T19:11:38.359+0000] {logging_mixin.py:188} INFO - [2024-04-19T19:11:38.358+0000] {dag.py:3954} INFO - Setting next_dagrun for example_dag_decorator to None, run_after=None
[2024-04-19T19:11:38.384+0000] {processor.py:183} INFO - Processing /home/airflow/.local/lib/python3.12/site-packages/airflow/example_dags/example_dag_decorator.py took 0.292 seconds
[2024-04-19T19:12:08.748+0000] {processor.py:161} INFO - Started process (PID=1937) to work on /home/airflow/.local/lib/python3.12/site-packages/airflow/example_dags/example_dag_decorator.py
[2024-04-19T19:12:08.749+0000] {processor.py:830} INFO - Processing file /home/airflow/.local/lib/python3.12/site-packages/airflow/example_dags/example_dag_decorator.py for tasks to queue
[2024-04-19T19:12:08.750+0000] {logging_mixin.py:188} INFO - [2024-04-19T19:12:08.749+0000] {dagbag.py:540} INFO - Filling up the DagBag from /home/airflow/.local/lib/python3.12/site-packages/airflow/example_dags/example_dag_decorator.py
[2024-04-19T19:12:08.844+0000] {processor.py:840} INFO - DAG(s) 'example_dag_decorator' retrieved from /home/airflow/.local/lib/python3.12/site-packages/airflow/example_dags/example_dag_decorator.py
[2024-04-19T19:12:08.960+0000] {logging_mixin.py:188} INFO - [2024-04-19T19:12:08.960+0000] {dag.py:3096} INFO - Sync 1 DAGs
[2024-04-19T19:12:08.970+0000] {logging_mixin.py:188} INFO - [2024-04-19T19:12:08.970+0000] {dag.py:3954} INFO - Setting next_dagrun for example_dag_decorator to None, run_after=None
[2024-04-19T19:12:08.994+0000] {processor.py:183} INFO - Processing /home/airflow/.local/lib/python3.12/site-packages/airflow/example_dags/example_dag_decorator.py took 0.252 seconds
[2024-04-19T19:12:39.725+0000] {processor.py:161} INFO - Started process (PID=1997) to work on /home/airflow/.local/lib/python3.12/site-packages/airflow/example_dags/example_dag_decorator.py
[2024-04-19T19:12:39.726+0000] {processor.py:830} INFO - Processing file /home/airflow/.local/lib/python3.12/site-packages/airflow/example_dags/example_dag_decorator.py for tasks to queue
[2024-04-19T19:12:39.727+0000] {logging_mixin.py:188} INFO - [2024-04-19T19:12:39.727+0000] {dagbag.py:540} INFO - Filling up the DagBag from /home/airflow/.local/lib/python3.12/site-packages/airflow/example_dags/example_dag_decorator.py
[2024-04-19T19:12:39.840+0000] {processor.py:840} INFO - DAG(s) 'example_dag_decorator' retrieved from /home/airflow/.local/lib/python3.12/site-packages/airflow/example_dags/example_dag_decorator.py
[2024-04-19T19:12:40.001+0000] {logging_mixin.py:188} INFO - [2024-04-19T19:12:40.001+0000] {dag.py:3096} INFO - Sync 1 DAGs
[2024-04-19T19:12:40.017+0000] {logging_mixin.py:188} INFO - [2024-04-19T19:12:40.017+0000] {dag.py:3954} INFO - Setting next_dagrun for example_dag_decorator to None, run_after=None
[2024-04-19T19:12:40.055+0000] {processor.py:183} INFO - Processing /home/airflow/.local/lib/python3.12/site-packages/airflow/example_dags/example_dag_decorator.py took 0.337 seconds
[2024-04-19T19:13:10.477+0000] {processor.py:161} INFO - Started process (PID=2057) to work on /home/airflow/.local/lib/python3.12/site-packages/airflow/example_dags/example_dag_decorator.py
[2024-04-19T19:13:10.480+0000] {processor.py:830} INFO - Processing file /home/airflow/.local/lib/python3.12/site-packages/airflow/example_dags/example_dag_decorator.py for tasks to queue
[2024-04-19T19:13:10.483+0000] {logging_mixin.py:188} INFO - [2024-04-19T19:13:10.482+0000] {dagbag.py:540} INFO - Filling up the DagBag from /home/airflow/.local/lib/python3.12/site-packages/airflow/example_dags/example_dag_decorator.py
[2024-04-19T19:13:10.624+0000] {processor.py:840} INFO - DAG(s) 'example_dag_decorator' retrieved from /home/airflow/.local/lib/python3.12/site-packages/airflow/example_dags/example_dag_decorator.py
[2024-04-19T19:13:10.770+0000] {logging_mixin.py:188} INFO - [2024-04-19T19:13:10.770+0000] {dag.py:3096} INFO - Sync 1 DAGs
[2024-04-19T19:13:10.784+0000] {logging_mixin.py:188} INFO - [2024-04-19T19:13:10.783+0000] {dag.py:3954} INFO - Setting next_dagrun for example_dag_decorator to None, run_after=None
[2024-04-19T19:13:10.818+0000] {processor.py:183} INFO - Processing /home/airflow/.local/lib/python3.12/site-packages/airflow/example_dags/example_dag_decorator.py took 0.349 seconds
[2024-04-19T19:13:41.665+0000] {processor.py:161} INFO - Started process (PID=2117) to work on /home/airflow/.local/lib/python3.12/site-packages/airflow/example_dags/example_dag_decorator.py
[2024-04-19T19:13:41.666+0000] {processor.py:830} INFO - Processing file /home/airflow/.local/lib/python3.12/site-packages/airflow/example_dags/example_dag_decorator.py for tasks to queue
[2024-04-19T19:13:41.670+0000] {logging_mixin.py:188} INFO - [2024-04-19T19:13:41.668+0000] {dagbag.py:540} INFO - Filling up the DagBag from /home/airflow/.local/lib/python3.12/site-packages/airflow/example_dags/example_dag_decorator.py
[2024-04-19T19:13:41.833+0000] {processor.py:840} INFO - DAG(s) 'example_dag_decorator' retrieved from /home/airflow/.local/lib/python3.12/site-packages/airflow/example_dags/example_dag_decorator.py
[2024-04-19T19:13:42.009+0000] {logging_mixin.py:188} INFO - [2024-04-19T19:13:42.009+0000] {dag.py:3096} INFO - Sync 1 DAGs
[2024-04-19T19:13:42.022+0000] {logging_mixin.py:188} INFO - [2024-04-19T19:13:42.021+0000] {dag.py:3954} INFO - Setting next_dagrun for example_dag_decorator to None, run_after=None
[2024-04-19T19:13:42.047+0000] {processor.py:183} INFO - Processing /home/airflow/.local/lib/python3.12/site-packages/airflow/example_dags/example_dag_decorator.py took 0.390 seconds
[2024-04-19T19:14:12.340+0000] {processor.py:161} INFO - Started process (PID=2178) to work on /home/airflow/.local/lib/python3.12/site-packages/airflow/example_dags/example_dag_decorator.py
[2024-04-19T19:14:12.341+0000] {processor.py:830} INFO - Processing file /home/airflow/.local/lib/python3.12/site-packages/airflow/example_dags/example_dag_decorator.py for tasks to queue
[2024-04-19T19:14:12.342+0000] {logging_mixin.py:188} INFO - [2024-04-19T19:14:12.342+0000] {dagbag.py:540} INFO - Filling up the DagBag from /home/airflow/.local/lib/python3.12/site-packages/airflow/example_dags/example_dag_decorator.py
[2024-04-19T19:14:12.443+0000] {processor.py:840} INFO - DAG(s) 'example_dag_decorator' retrieved from /home/airflow/.local/lib/python3.12/site-packages/airflow/example_dags/example_dag_decorator.py
[2024-04-19T19:14:12.555+0000] {logging_mixin.py:188} INFO - [2024-04-19T19:14:12.555+0000] {dag.py:3096} INFO - Sync 1 DAGs
[2024-04-19T19:14:12.570+0000] {logging_mixin.py:188} INFO - [2024-04-19T19:14:12.569+0000] {dag.py:3954} INFO - Setting next_dagrun for example_dag_decorator to None, run_after=None
[2024-04-19T19:14:12.590+0000] {processor.py:183} INFO - Processing /home/airflow/.local/lib/python3.12/site-packages/airflow/example_dags/example_dag_decorator.py took 0.262 seconds
[2024-04-19T19:14:42.865+0000] {processor.py:161} INFO - Started process (PID=2237) to work on /home/airflow/.local/lib/python3.12/site-packages/airflow/example_dags/example_dag_decorator.py
[2024-04-19T19:14:42.867+0000] {processor.py:830} INFO - Processing file /home/airflow/.local/lib/python3.12/site-packages/airflow/example_dags/example_dag_decorator.py for tasks to queue
[2024-04-19T19:14:42.871+0000] {logging_mixin.py:188} INFO - [2024-04-19T19:14:42.870+0000] {dagbag.py:540} INFO - Filling up the DagBag from /home/airflow/.local/lib/python3.12/site-packages/airflow/example_dags/example_dag_decorator.py
[2024-04-19T19:14:43.011+0000] {processor.py:840} INFO - DAG(s) 'example_dag_decorator' retrieved from /home/airflow/.local/lib/python3.12/site-packages/airflow/example_dags/example_dag_decorator.py
[2024-04-19T19:14:43.138+0000] {logging_mixin.py:188} INFO - [2024-04-19T19:14:43.137+0000] {dag.py:3096} INFO - Sync 1 DAGs
[2024-04-19T19:14:43.163+0000] {logging_mixin.py:188} INFO - [2024-04-19T19:14:43.161+0000] {dag.py:3954} INFO - Setting next_dagrun for example_dag_decorator to None, run_after=None
[2024-04-19T19:14:43.214+0000] {processor.py:183} INFO - Processing /home/airflow/.local/lib/python3.12/site-packages/airflow/example_dags/example_dag_decorator.py took 0.359 seconds
[2024-04-19T19:15:13.404+0000] {processor.py:161} INFO - Started process (PID=2297) to work on /home/airflow/.local/lib/python3.12/site-packages/airflow/example_dags/example_dag_decorator.py
[2024-04-19T19:15:13.406+0000] {processor.py:830} INFO - Processing file /home/airflow/.local/lib/python3.12/site-packages/airflow/example_dags/example_dag_decorator.py for tasks to queue
[2024-04-19T19:15:13.407+0000] {logging_mixin.py:188} INFO - [2024-04-19T19:15:13.406+0000] {dagbag.py:540} INFO - Filling up the DagBag from /home/airflow/.local/lib/python3.12/site-packages/airflow/example_dags/example_dag_decorator.py
[2024-04-19T19:15:13.541+0000] {processor.py:840} INFO - DAG(s) 'example_dag_decorator' retrieved from /home/airflow/.local/lib/python3.12/site-packages/airflow/example_dags/example_dag_decorator.py
[2024-04-19T19:15:13.670+0000] {logging_mixin.py:188} INFO - [2024-04-19T19:15:13.669+0000] {dag.py:3096} INFO - Sync 1 DAGs
[2024-04-19T19:15:13.681+0000] {logging_mixin.py:188} INFO - [2024-04-19T19:15:13.681+0000] {dag.py:3954} INFO - Setting next_dagrun for example_dag_decorator to None, run_after=None
[2024-04-19T19:15:13.706+0000] {processor.py:183} INFO - Processing /home/airflow/.local/lib/python3.12/site-packages/airflow/example_dags/example_dag_decorator.py took 0.311 seconds
[2024-04-19T19:15:44.041+0000] {processor.py:161} INFO - Started process (PID=2357) to work on /home/airflow/.local/lib/python3.12/site-packages/airflow/example_dags/example_dag_decorator.py
[2024-04-19T19:15:44.044+0000] {processor.py:830} INFO - Processing file /home/airflow/.local/lib/python3.12/site-packages/airflow/example_dags/example_dag_decorator.py for tasks to queue
[2024-04-19T19:15:44.049+0000] {logging_mixin.py:188} INFO - [2024-04-19T19:15:44.048+0000] {dagbag.py:540} INFO - Filling up the DagBag from /home/airflow/.local/lib/python3.12/site-packages/airflow/example_dags/example_dag_decorator.py
[2024-04-19T19:15:44.457+0000] {processor.py:840} INFO - DAG(s) 'example_dag_decorator' retrieved from /home/airflow/.local/lib/python3.12/site-packages/airflow/example_dags/example_dag_decorator.py
[2024-04-19T19:15:44.909+0000] {logging_mixin.py:188} INFO - [2024-04-19T19:15:44.909+0000] {dag.py:3096} INFO - Sync 1 DAGs
[2024-04-19T19:15:44.955+0000] {logging_mixin.py:188} INFO - [2024-04-19T19:15:44.954+0000] {dag.py:3954} INFO - Setting next_dagrun for example_dag_decorator to None, run_after=None
[2024-04-19T19:15:45.020+0000] {processor.py:183} INFO - Processing /home/airflow/.local/lib/python3.12/site-packages/airflow/example_dags/example_dag_decorator.py took 0.997 seconds
[2024-04-19T19:16:15.273+0000] {processor.py:161} INFO - Started process (PID=2417) to work on /home/airflow/.local/lib/python3.12/site-packages/airflow/example_dags/example_dag_decorator.py
[2024-04-19T19:16:15.275+0000] {processor.py:830} INFO - Processing file /home/airflow/.local/lib/python3.12/site-packages/airflow/example_dags/example_dag_decorator.py for tasks to queue
[2024-04-19T19:16:15.276+0000] {logging_mixin.py:188} INFO - [2024-04-19T19:16:15.276+0000] {dagbag.py:540} INFO - Filling up the DagBag from /home/airflow/.local/lib/python3.12/site-packages/airflow/example_dags/example_dag_decorator.py
[2024-04-19T19:16:15.380+0000] {processor.py:840} INFO - DAG(s) 'example_dag_decorator' retrieved from /home/airflow/.local/lib/python3.12/site-packages/airflow/example_dags/example_dag_decorator.py
[2024-04-19T19:16:15.500+0000] {logging_mixin.py:188} INFO - [2024-04-19T19:16:15.500+0000] {dag.py:3096} INFO - Sync 1 DAGs
[2024-04-19T19:16:15.513+0000] {logging_mixin.py:188} INFO - [2024-04-19T19:16:15.513+0000] {dag.py:3954} INFO - Setting next_dagrun for example_dag_decorator to None, run_after=None
[2024-04-19T19:16:15.534+0000] {processor.py:183} INFO - Processing /home/airflow/.local/lib/python3.12/site-packages/airflow/example_dags/example_dag_decorator.py took 0.268 seconds
[2024-04-19T19:16:45.601+0000] {processor.py:161} INFO - Started process (PID=2478) to work on /home/airflow/.local/lib/python3.12/site-packages/airflow/example_dags/example_dag_decorator.py
[2024-04-19T19:16:45.602+0000] {processor.py:830} INFO - Processing file /home/airflow/.local/lib/python3.12/site-packages/airflow/example_dags/example_dag_decorator.py for tasks to queue
[2024-04-19T19:16:45.604+0000] {logging_mixin.py:188} INFO - [2024-04-19T19:16:45.603+0000] {dagbag.py:540} INFO - Filling up the DagBag from /home/airflow/.local/lib/python3.12/site-packages/airflow/example_dags/example_dag_decorator.py
[2024-04-19T19:16:45.741+0000] {processor.py:840} INFO - DAG(s) 'example_dag_decorator' retrieved from /home/airflow/.local/lib/python3.12/site-packages/airflow/example_dags/example_dag_decorator.py
[2024-04-19T19:16:45.880+0000] {logging_mixin.py:188} INFO - [2024-04-19T19:16:45.879+0000] {dag.py:3096} INFO - Sync 1 DAGs
[2024-04-19T19:16:45.894+0000] {logging_mixin.py:188} INFO - [2024-04-19T19:16:45.894+0000] {dag.py:3954} INFO - Setting next_dagrun for example_dag_decorator to None, run_after=None
[2024-04-19T19:16:45.927+0000] {processor.py:183} INFO - Processing /home/airflow/.local/lib/python3.12/site-packages/airflow/example_dags/example_dag_decorator.py took 0.335 seconds
