[2024-04-19T18:33:14.869+0000] {processor.py:161} INFO - Started process (PID=67) to work on /home/airflow/.local/lib/python3.12/site-packages/airflow/example_dags/tutorial_dag.py
[2024-04-19T18:33:14.871+0000] {processor.py:830} INFO - Processing file /home/airflow/.local/lib/python3.12/site-packages/airflow/example_dags/tutorial_dag.py for tasks to queue
[2024-04-19T18:33:14.873+0000] {logging_mixin.py:188} INFO - [2024-04-19T18:33:14.873+0000] {dagbag.py:540} INFO - Filling up the DagBag from /home/airflow/.local/lib/python3.12/site-packages/airflow/example_dags/tutorial_dag.py
[2024-04-19T18:33:14.884+0000] {processor.py:840} INFO - DAG(s) 'tutorial_dag' retrieved from /home/airflow/.local/lib/python3.12/site-packages/airflow/example_dags/tutorial_dag.py
[2024-04-19T18:33:15.277+0000] {logging_mixin.py:188} INFO - [2024-04-19T18:33:15.265+0000] {dag.py:3096} INFO - Sync 1 DAGs
[2024-04-19T18:33:15.388+0000] {logging_mixin.py:188} INFO - [2024-04-19T18:33:15.387+0000] {dag.py:3954} INFO - Setting next_dagrun for tutorial_dag to None, run_after=None
[2024-04-19T18:33:15.524+0000] {processor.py:183} INFO - Processing /home/airflow/.local/lib/python3.12/site-packages/airflow/example_dags/tutorial_dag.py took 0.663 seconds
[2024-04-19T18:33:45.667+0000] {processor.py:161} INFO - Started process (PID=125) to work on /home/airflow/.local/lib/python3.12/site-packages/airflow/example_dags/tutorial_dag.py
[2024-04-19T18:33:45.669+0000] {processor.py:830} INFO - Processing file /home/airflow/.local/lib/python3.12/site-packages/airflow/example_dags/tutorial_dag.py for tasks to queue
[2024-04-19T18:33:45.671+0000] {logging_mixin.py:188} INFO - [2024-04-19T18:33:45.670+0000] {dagbag.py:540} INFO - Filling up the DagBag from /home/airflow/.local/lib/python3.12/site-packages/airflow/example_dags/tutorial_dag.py
[2024-04-19T18:33:45.677+0000] {processor.py:840} INFO - DAG(s) 'tutorial_dag' retrieved from /home/airflow/.local/lib/python3.12/site-packages/airflow/example_dags/tutorial_dag.py
[2024-04-19T18:33:45.704+0000] {logging_mixin.py:188} INFO - [2024-04-19T18:33:45.704+0000] {dag.py:3096} INFO - Sync 1 DAGs
[2024-04-19T18:33:45.721+0000] {logging_mixin.py:188} INFO - [2024-04-19T18:33:45.720+0000] {dag.py:3954} INFO - Setting next_dagrun for tutorial_dag to None, run_after=None
[2024-04-19T18:33:45.750+0000] {processor.py:183} INFO - Processing /home/airflow/.local/lib/python3.12/site-packages/airflow/example_dags/tutorial_dag.py took 0.090 seconds
[2024-04-19T18:34:16.286+0000] {processor.py:161} INFO - Started process (PID=183) to work on /home/airflow/.local/lib/python3.12/site-packages/airflow/example_dags/tutorial_dag.py
[2024-04-19T18:34:16.309+0000] {processor.py:830} INFO - Processing file /home/airflow/.local/lib/python3.12/site-packages/airflow/example_dags/tutorial_dag.py for tasks to queue
[2024-04-19T18:34:16.319+0000] {logging_mixin.py:188} INFO - [2024-04-19T18:34:16.319+0000] {dagbag.py:540} INFO - Filling up the DagBag from /home/airflow/.local/lib/python3.12/site-packages/airflow/example_dags/tutorial_dag.py
[2024-04-19T18:34:16.327+0000] {processor.py:840} INFO - DAG(s) 'tutorial_dag' retrieved from /home/airflow/.local/lib/python3.12/site-packages/airflow/example_dags/tutorial_dag.py
[2024-04-19T18:34:16.395+0000] {logging_mixin.py:188} INFO - [2024-04-19T18:34:16.391+0000] {dag.py:3096} INFO - Sync 1 DAGs
[2024-04-19T18:34:16.434+0000] {logging_mixin.py:188} INFO - [2024-04-19T18:34:16.434+0000] {dag.py:3954} INFO - Setting next_dagrun for tutorial_dag to None, run_after=None
[2024-04-19T18:34:16.479+0000] {processor.py:183} INFO - Processing /home/airflow/.local/lib/python3.12/site-packages/airflow/example_dags/tutorial_dag.py took 0.209 seconds
[2024-04-19T18:34:46.599+0000] {processor.py:161} INFO - Started process (PID=241) to work on /home/airflow/.local/lib/python3.12/site-packages/airflow/example_dags/tutorial_dag.py
[2024-04-19T18:34:46.601+0000] {processor.py:830} INFO - Processing file /home/airflow/.local/lib/python3.12/site-packages/airflow/example_dags/tutorial_dag.py for tasks to queue
[2024-04-19T18:34:46.603+0000] {logging_mixin.py:188} INFO - [2024-04-19T18:34:46.603+0000] {dagbag.py:540} INFO - Filling up the DagBag from /home/airflow/.local/lib/python3.12/site-packages/airflow/example_dags/tutorial_dag.py
[2024-04-19T18:34:46.611+0000] {processor.py:840} INFO - DAG(s) 'tutorial_dag' retrieved from /home/airflow/.local/lib/python3.12/site-packages/airflow/example_dags/tutorial_dag.py
[2024-04-19T18:34:46.636+0000] {logging_mixin.py:188} INFO - [2024-04-19T18:34:46.636+0000] {dag.py:3096} INFO - Sync 1 DAGs
[2024-04-19T18:34:46.656+0000] {logging_mixin.py:188} INFO - [2024-04-19T18:34:46.656+0000] {dag.py:3954} INFO - Setting next_dagrun for tutorial_dag to None, run_after=None
[2024-04-19T18:34:46.685+0000] {processor.py:183} INFO - Processing /home/airflow/.local/lib/python3.12/site-packages/airflow/example_dags/tutorial_dag.py took 0.093 seconds
[2024-04-19T18:35:17.093+0000] {processor.py:161} INFO - Started process (PID=299) to work on /home/airflow/.local/lib/python3.12/site-packages/airflow/example_dags/tutorial_dag.py
[2024-04-19T18:35:17.095+0000] {processor.py:830} INFO - Processing file /home/airflow/.local/lib/python3.12/site-packages/airflow/example_dags/tutorial_dag.py for tasks to queue
[2024-04-19T18:35:17.098+0000] {logging_mixin.py:188} INFO - [2024-04-19T18:35:17.097+0000] {dagbag.py:540} INFO - Filling up the DagBag from /home/airflow/.local/lib/python3.12/site-packages/airflow/example_dags/tutorial_dag.py
[2024-04-19T18:35:17.105+0000] {processor.py:840} INFO - DAG(s) 'tutorial_dag' retrieved from /home/airflow/.local/lib/python3.12/site-packages/airflow/example_dags/tutorial_dag.py
[2024-04-19T18:35:17.143+0000] {logging_mixin.py:188} INFO - [2024-04-19T18:35:17.143+0000] {dag.py:3096} INFO - Sync 1 DAGs
[2024-04-19T18:35:17.163+0000] {logging_mixin.py:188} INFO - [2024-04-19T18:35:17.163+0000] {dag.py:3954} INFO - Setting next_dagrun for tutorial_dag to None, run_after=None
[2024-04-19T18:35:17.194+0000] {processor.py:183} INFO - Processing /home/airflow/.local/lib/python3.12/site-packages/airflow/example_dags/tutorial_dag.py took 0.108 seconds
[2024-04-19T18:35:47.363+0000] {processor.py:161} INFO - Started process (PID=358) to work on /home/airflow/.local/lib/python3.12/site-packages/airflow/example_dags/tutorial_dag.py
[2024-04-19T18:35:47.365+0000] {processor.py:830} INFO - Processing file /home/airflow/.local/lib/python3.12/site-packages/airflow/example_dags/tutorial_dag.py for tasks to queue
[2024-04-19T18:35:47.367+0000] {logging_mixin.py:188} INFO - [2024-04-19T18:35:47.367+0000] {dagbag.py:540} INFO - Filling up the DagBag from /home/airflow/.local/lib/python3.12/site-packages/airflow/example_dags/tutorial_dag.py
[2024-04-19T18:35:47.374+0000] {processor.py:840} INFO - DAG(s) 'tutorial_dag' retrieved from /home/airflow/.local/lib/python3.12/site-packages/airflow/example_dags/tutorial_dag.py
[2024-04-19T18:35:47.402+0000] {logging_mixin.py:188} INFO - [2024-04-19T18:35:47.402+0000] {dag.py:3096} INFO - Sync 1 DAGs
[2024-04-19T18:35:47.425+0000] {logging_mixin.py:188} INFO - [2024-04-19T18:35:47.425+0000] {dag.py:3954} INFO - Setting next_dagrun for tutorial_dag to None, run_after=None
[2024-04-19T18:35:47.468+0000] {processor.py:183} INFO - Processing /home/airflow/.local/lib/python3.12/site-packages/airflow/example_dags/tutorial_dag.py took 0.114 seconds
[2024-04-19T18:36:17.854+0000] {processor.py:161} INFO - Started process (PID=413) to work on /home/airflow/.local/lib/python3.12/site-packages/airflow/example_dags/tutorial_dag.py
[2024-04-19T18:36:17.855+0000] {processor.py:830} INFO - Processing file /home/airflow/.local/lib/python3.12/site-packages/airflow/example_dags/tutorial_dag.py for tasks to queue
[2024-04-19T18:36:17.857+0000] {logging_mixin.py:188} INFO - [2024-04-19T18:36:17.857+0000] {dagbag.py:540} INFO - Filling up the DagBag from /home/airflow/.local/lib/python3.12/site-packages/airflow/example_dags/tutorial_dag.py
[2024-04-19T18:36:17.862+0000] {processor.py:840} INFO - DAG(s) 'tutorial_dag' retrieved from /home/airflow/.local/lib/python3.12/site-packages/airflow/example_dags/tutorial_dag.py
[2024-04-19T18:36:17.872+0000] {logging_mixin.py:188} INFO - [2024-04-19T18:36:17.872+0000] {dag.py:3096} INFO - Sync 1 DAGs
[2024-04-19T18:36:17.886+0000] {logging_mixin.py:188} INFO - [2024-04-19T18:36:17.886+0000] {dag.py:3954} INFO - Setting next_dagrun for tutorial_dag to None, run_after=None
[2024-04-19T18:36:17.909+0000] {processor.py:183} INFO - Processing /home/airflow/.local/lib/python3.12/site-packages/airflow/example_dags/tutorial_dag.py took 0.060 seconds
[2024-04-19T18:36:48.349+0000] {processor.py:161} INFO - Started process (PID=471) to work on /home/airflow/.local/lib/python3.12/site-packages/airflow/example_dags/tutorial_dag.py
[2024-04-19T18:36:48.350+0000] {processor.py:830} INFO - Processing file /home/airflow/.local/lib/python3.12/site-packages/airflow/example_dags/tutorial_dag.py for tasks to queue
[2024-04-19T18:36:48.352+0000] {logging_mixin.py:188} INFO - [2024-04-19T18:36:48.351+0000] {dagbag.py:540} INFO - Filling up the DagBag from /home/airflow/.local/lib/python3.12/site-packages/airflow/example_dags/tutorial_dag.py
[2024-04-19T18:36:48.357+0000] {processor.py:840} INFO - DAG(s) 'tutorial_dag' retrieved from /home/airflow/.local/lib/python3.12/site-packages/airflow/example_dags/tutorial_dag.py
[2024-04-19T18:36:48.455+0000] {logging_mixin.py:188} INFO - [2024-04-19T18:36:48.454+0000] {dag.py:3096} INFO - Sync 1 DAGs
[2024-04-19T18:36:48.465+0000] {logging_mixin.py:188} INFO - [2024-04-19T18:36:48.464+0000] {dag.py:3954} INFO - Setting next_dagrun for tutorial_dag to None, run_after=None
[2024-04-19T18:36:48.484+0000] {processor.py:183} INFO - Processing /home/airflow/.local/lib/python3.12/site-packages/airflow/example_dags/tutorial_dag.py took 0.141 seconds
[2024-04-19T18:37:19.308+0000] {processor.py:161} INFO - Started process (PID=529) to work on /home/airflow/.local/lib/python3.12/site-packages/airflow/example_dags/tutorial_dag.py
[2024-04-19T18:37:19.309+0000] {processor.py:830} INFO - Processing file /home/airflow/.local/lib/python3.12/site-packages/airflow/example_dags/tutorial_dag.py for tasks to queue
[2024-04-19T18:37:19.311+0000] {logging_mixin.py:188} INFO - [2024-04-19T18:37:19.311+0000] {dagbag.py:540} INFO - Filling up the DagBag from /home/airflow/.local/lib/python3.12/site-packages/airflow/example_dags/tutorial_dag.py
[2024-04-19T18:37:19.316+0000] {processor.py:840} INFO - DAG(s) 'tutorial_dag' retrieved from /home/airflow/.local/lib/python3.12/site-packages/airflow/example_dags/tutorial_dag.py
[2024-04-19T18:37:19.335+0000] {logging_mixin.py:188} INFO - [2024-04-19T18:37:19.334+0000] {dag.py:3096} INFO - Sync 1 DAGs
[2024-04-19T18:37:19.347+0000] {logging_mixin.py:188} INFO - [2024-04-19T18:37:19.347+0000] {dag.py:3954} INFO - Setting next_dagrun for tutorial_dag to None, run_after=None
[2024-04-19T18:37:19.369+0000] {processor.py:183} INFO - Processing /home/airflow/.local/lib/python3.12/site-packages/airflow/example_dags/tutorial_dag.py took 0.067 seconds
[2024-04-19T18:37:49.552+0000] {processor.py:161} INFO - Started process (PID=589) to work on /home/airflow/.local/lib/python3.12/site-packages/airflow/example_dags/tutorial_dag.py
[2024-04-19T18:37:49.554+0000] {processor.py:830} INFO - Processing file /home/airflow/.local/lib/python3.12/site-packages/airflow/example_dags/tutorial_dag.py for tasks to queue
[2024-04-19T18:37:49.556+0000] {logging_mixin.py:188} INFO - [2024-04-19T18:37:49.555+0000] {dagbag.py:540} INFO - Filling up the DagBag from /home/airflow/.local/lib/python3.12/site-packages/airflow/example_dags/tutorial_dag.py
[2024-04-19T18:37:49.563+0000] {processor.py:840} INFO - DAG(s) 'tutorial_dag' retrieved from /home/airflow/.local/lib/python3.12/site-packages/airflow/example_dags/tutorial_dag.py
[2024-04-19T18:37:49.585+0000] {logging_mixin.py:188} INFO - [2024-04-19T18:37:49.585+0000] {dag.py:3096} INFO - Sync 1 DAGs
[2024-04-19T18:37:49.599+0000] {logging_mixin.py:188} INFO - [2024-04-19T18:37:49.599+0000] {dag.py:3954} INFO - Setting next_dagrun for tutorial_dag to None, run_after=None
[2024-04-19T18:37:49.621+0000] {processor.py:183} INFO - Processing /home/airflow/.local/lib/python3.12/site-packages/airflow/example_dags/tutorial_dag.py took 0.077 seconds
[2024-04-19T18:38:20.048+0000] {processor.py:161} INFO - Started process (PID=649) to work on /home/airflow/.local/lib/python3.12/site-packages/airflow/example_dags/tutorial_dag.py
[2024-04-19T18:38:20.051+0000] {processor.py:830} INFO - Processing file /home/airflow/.local/lib/python3.12/site-packages/airflow/example_dags/tutorial_dag.py for tasks to queue
[2024-04-19T18:38:20.053+0000] {logging_mixin.py:188} INFO - [2024-04-19T18:38:20.053+0000] {dagbag.py:540} INFO - Filling up the DagBag from /home/airflow/.local/lib/python3.12/site-packages/airflow/example_dags/tutorial_dag.py
[2024-04-19T18:38:20.058+0000] {processor.py:840} INFO - DAG(s) 'tutorial_dag' retrieved from /home/airflow/.local/lib/python3.12/site-packages/airflow/example_dags/tutorial_dag.py
[2024-04-19T18:38:20.078+0000] {logging_mixin.py:188} INFO - [2024-04-19T18:38:20.078+0000] {dag.py:3096} INFO - Sync 1 DAGs
[2024-04-19T18:38:20.093+0000] {logging_mixin.py:188} INFO - [2024-04-19T18:38:20.092+0000] {dag.py:3954} INFO - Setting next_dagrun for tutorial_dag to None, run_after=None
[2024-04-19T18:38:20.123+0000] {processor.py:183} INFO - Processing /home/airflow/.local/lib/python3.12/site-packages/airflow/example_dags/tutorial_dag.py took 0.082 seconds
[2024-04-19T18:38:50.597+0000] {processor.py:161} INFO - Started process (PID=709) to work on /home/airflow/.local/lib/python3.12/site-packages/airflow/example_dags/tutorial_dag.py
[2024-04-19T18:38:50.598+0000] {processor.py:830} INFO - Processing file /home/airflow/.local/lib/python3.12/site-packages/airflow/example_dags/tutorial_dag.py for tasks to queue
[2024-04-19T18:38:50.600+0000] {logging_mixin.py:188} INFO - [2024-04-19T18:38:50.600+0000] {dagbag.py:540} INFO - Filling up the DagBag from /home/airflow/.local/lib/python3.12/site-packages/airflow/example_dags/tutorial_dag.py
[2024-04-19T18:38:50.606+0000] {processor.py:840} INFO - DAG(s) 'tutorial_dag' retrieved from /home/airflow/.local/lib/python3.12/site-packages/airflow/example_dags/tutorial_dag.py
[2024-04-19T18:38:50.629+0000] {logging_mixin.py:188} INFO - [2024-04-19T18:38:50.629+0000] {dag.py:3096} INFO - Sync 1 DAGs
[2024-04-19T18:38:50.645+0000] {logging_mixin.py:188} INFO - [2024-04-19T18:38:50.644+0000] {dag.py:3954} INFO - Setting next_dagrun for tutorial_dag to None, run_after=None
[2024-04-19T18:38:50.663+0000] {processor.py:183} INFO - Processing /home/airflow/.local/lib/python3.12/site-packages/airflow/example_dags/tutorial_dag.py took 0.075 seconds
[2024-04-19T18:39:20.977+0000] {processor.py:161} INFO - Started process (PID=768) to work on /home/airflow/.local/lib/python3.12/site-packages/airflow/example_dags/tutorial_dag.py
[2024-04-19T18:39:20.979+0000] {processor.py:830} INFO - Processing file /home/airflow/.local/lib/python3.12/site-packages/airflow/example_dags/tutorial_dag.py for tasks to queue
[2024-04-19T18:39:20.982+0000] {logging_mixin.py:188} INFO - [2024-04-19T18:39:20.982+0000] {dagbag.py:540} INFO - Filling up the DagBag from /home/airflow/.local/lib/python3.12/site-packages/airflow/example_dags/tutorial_dag.py
[2024-04-19T18:39:20.990+0000] {processor.py:840} INFO - DAG(s) 'tutorial_dag' retrieved from /home/airflow/.local/lib/python3.12/site-packages/airflow/example_dags/tutorial_dag.py
[2024-04-19T18:39:21.047+0000] {logging_mixin.py:188} INFO - [2024-04-19T18:39:21.046+0000] {dag.py:3096} INFO - Sync 1 DAGs
[2024-04-19T18:39:21.066+0000] {logging_mixin.py:188} INFO - [2024-04-19T18:39:21.066+0000] {dag.py:3954} INFO - Setting next_dagrun for tutorial_dag to None, run_after=None
[2024-04-19T18:39:21.129+0000] {processor.py:183} INFO - Processing /home/airflow/.local/lib/python3.12/site-packages/airflow/example_dags/tutorial_dag.py took 0.160 seconds
[2024-04-19T18:39:52.026+0000] {processor.py:161} INFO - Started process (PID=825) to work on /home/airflow/.local/lib/python3.12/site-packages/airflow/example_dags/tutorial_dag.py
[2024-04-19T18:39:52.028+0000] {processor.py:830} INFO - Processing file /home/airflow/.local/lib/python3.12/site-packages/airflow/example_dags/tutorial_dag.py for tasks to queue
[2024-04-19T18:39:52.040+0000] {logging_mixin.py:188} INFO - [2024-04-19T18:39:52.040+0000] {dagbag.py:540} INFO - Filling up the DagBag from /home/airflow/.local/lib/python3.12/site-packages/airflow/example_dags/tutorial_dag.py
[2024-04-19T18:39:52.057+0000] {processor.py:840} INFO - DAG(s) 'tutorial_dag' retrieved from /home/airflow/.local/lib/python3.12/site-packages/airflow/example_dags/tutorial_dag.py
[2024-04-19T18:39:52.135+0000] {logging_mixin.py:188} INFO - [2024-04-19T18:39:52.134+0000] {dag.py:3096} INFO - Sync 1 DAGs
[2024-04-19T18:39:52.195+0000] {logging_mixin.py:188} INFO - [2024-04-19T18:39:52.185+0000] {dag.py:3954} INFO - Setting next_dagrun for tutorial_dag to None, run_after=None
[2024-04-19T18:39:52.349+0000] {processor.py:183} INFO - Processing /home/airflow/.local/lib/python3.12/site-packages/airflow/example_dags/tutorial_dag.py took 0.331 seconds
[2024-04-19T18:40:23.617+0000] {processor.py:161} INFO - Started process (PID=884) to work on /home/airflow/.local/lib/python3.12/site-packages/airflow/example_dags/tutorial_dag.py
[2024-04-19T18:40:23.619+0000] {processor.py:830} INFO - Processing file /home/airflow/.local/lib/python3.12/site-packages/airflow/example_dags/tutorial_dag.py for tasks to queue
[2024-04-19T18:40:23.622+0000] {logging_mixin.py:188} INFO - [2024-04-19T18:40:23.621+0000] {dagbag.py:540} INFO - Filling up the DagBag from /home/airflow/.local/lib/python3.12/site-packages/airflow/example_dags/tutorial_dag.py
[2024-04-19T18:40:23.631+0000] {processor.py:840} INFO - DAG(s) 'tutorial_dag' retrieved from /home/airflow/.local/lib/python3.12/site-packages/airflow/example_dags/tutorial_dag.py
[2024-04-19T18:40:23.658+0000] {logging_mixin.py:188} INFO - [2024-04-19T18:40:23.658+0000] {dag.py:3096} INFO - Sync 1 DAGs
[2024-04-19T18:40:23.882+0000] {logging_mixin.py:188} INFO - [2024-04-19T18:40:23.882+0000] {dag.py:3954} INFO - Setting next_dagrun for tutorial_dag to None, run_after=None
[2024-04-19T18:40:23.906+0000] {processor.py:183} INFO - Processing /home/airflow/.local/lib/python3.12/site-packages/airflow/example_dags/tutorial_dag.py took 0.296 seconds
[2024-04-19T18:40:54.014+0000] {processor.py:161} INFO - Started process (PID=945) to work on /home/airflow/.local/lib/python3.12/site-packages/airflow/example_dags/tutorial_dag.py
[2024-04-19T18:40:54.015+0000] {processor.py:830} INFO - Processing file /home/airflow/.local/lib/python3.12/site-packages/airflow/example_dags/tutorial_dag.py for tasks to queue
[2024-04-19T18:40:54.018+0000] {logging_mixin.py:188} INFO - [2024-04-19T18:40:54.018+0000] {dagbag.py:540} INFO - Filling up the DagBag from /home/airflow/.local/lib/python3.12/site-packages/airflow/example_dags/tutorial_dag.py
[2024-04-19T18:40:54.027+0000] {processor.py:840} INFO - DAG(s) 'tutorial_dag' retrieved from /home/airflow/.local/lib/python3.12/site-packages/airflow/example_dags/tutorial_dag.py
[2024-04-19T18:40:54.058+0000] {logging_mixin.py:188} INFO - [2024-04-19T18:40:54.057+0000] {dag.py:3096} INFO - Sync 1 DAGs
[2024-04-19T18:40:54.076+0000] {logging_mixin.py:188} INFO - [2024-04-19T18:40:54.076+0000] {dag.py:3954} INFO - Setting next_dagrun for tutorial_dag to None, run_after=None
[2024-04-19T18:40:54.109+0000] {processor.py:183} INFO - Processing /home/airflow/.local/lib/python3.12/site-packages/airflow/example_dags/tutorial_dag.py took 0.105 seconds
[2024-04-19T18:41:24.940+0000] {processor.py:161} INFO - Started process (PID=1005) to work on /home/airflow/.local/lib/python3.12/site-packages/airflow/example_dags/tutorial_dag.py
[2024-04-19T18:41:24.941+0000] {processor.py:830} INFO - Processing file /home/airflow/.local/lib/python3.12/site-packages/airflow/example_dags/tutorial_dag.py for tasks to queue
[2024-04-19T18:41:24.943+0000] {logging_mixin.py:188} INFO - [2024-04-19T18:41:24.942+0000] {dagbag.py:540} INFO - Filling up the DagBag from /home/airflow/.local/lib/python3.12/site-packages/airflow/example_dags/tutorial_dag.py
[2024-04-19T18:41:24.949+0000] {processor.py:840} INFO - DAG(s) 'tutorial_dag' retrieved from /home/airflow/.local/lib/python3.12/site-packages/airflow/example_dags/tutorial_dag.py
[2024-04-19T18:41:24.973+0000] {logging_mixin.py:188} INFO - [2024-04-19T18:41:24.973+0000] {dag.py:3096} INFO - Sync 1 DAGs
[2024-04-19T18:41:24.987+0000] {logging_mixin.py:188} INFO - [2024-04-19T18:41:24.986+0000] {dag.py:3954} INFO - Setting next_dagrun for tutorial_dag to None, run_after=None
[2024-04-19T18:41:25.009+0000] {processor.py:183} INFO - Processing /home/airflow/.local/lib/python3.12/site-packages/airflow/example_dags/tutorial_dag.py took 0.077 seconds
[2024-04-19T18:41:55.329+0000] {processor.py:161} INFO - Started process (PID=1065) to work on /home/airflow/.local/lib/python3.12/site-packages/airflow/example_dags/tutorial_dag.py
[2024-04-19T18:41:55.331+0000] {processor.py:830} INFO - Processing file /home/airflow/.local/lib/python3.12/site-packages/airflow/example_dags/tutorial_dag.py for tasks to queue
[2024-04-19T18:41:55.333+0000] {logging_mixin.py:188} INFO - [2024-04-19T18:41:55.333+0000] {dagbag.py:540} INFO - Filling up the DagBag from /home/airflow/.local/lib/python3.12/site-packages/airflow/example_dags/tutorial_dag.py
[2024-04-19T18:41:55.340+0000] {processor.py:840} INFO - DAG(s) 'tutorial_dag' retrieved from /home/airflow/.local/lib/python3.12/site-packages/airflow/example_dags/tutorial_dag.py
[2024-04-19T18:41:55.362+0000] {logging_mixin.py:188} INFO - [2024-04-19T18:41:55.361+0000] {dag.py:3096} INFO - Sync 1 DAGs
[2024-04-19T18:41:55.376+0000] {logging_mixin.py:188} INFO - [2024-04-19T18:41:55.375+0000] {dag.py:3954} INFO - Setting next_dagrun for tutorial_dag to None, run_after=None
[2024-04-19T18:41:55.397+0000] {processor.py:183} INFO - Processing /home/airflow/.local/lib/python3.12/site-packages/airflow/example_dags/tutorial_dag.py took 0.074 seconds
[2024-04-19T18:42:25.998+0000] {processor.py:161} INFO - Started process (PID=1124) to work on /home/airflow/.local/lib/python3.12/site-packages/airflow/example_dags/tutorial_dag.py
[2024-04-19T18:42:26.007+0000] {processor.py:830} INFO - Processing file /home/airflow/.local/lib/python3.12/site-packages/airflow/example_dags/tutorial_dag.py for tasks to queue
[2024-04-19T18:42:26.021+0000] {logging_mixin.py:188} INFO - [2024-04-19T18:42:26.020+0000] {dagbag.py:540} INFO - Filling up the DagBag from /home/airflow/.local/lib/python3.12/site-packages/airflow/example_dags/tutorial_dag.py
[2024-04-19T18:42:26.029+0000] {processor.py:840} INFO - DAG(s) 'tutorial_dag' retrieved from /home/airflow/.local/lib/python3.12/site-packages/airflow/example_dags/tutorial_dag.py
[2024-04-19T18:42:26.066+0000] {logging_mixin.py:188} INFO - [2024-04-19T18:42:26.066+0000] {dag.py:3096} INFO - Sync 1 DAGs
[2024-04-19T18:42:26.081+0000] {logging_mixin.py:188} INFO - [2024-04-19T18:42:26.081+0000] {dag.py:3954} INFO - Setting next_dagrun for tutorial_dag to None, run_after=None
[2024-04-19T18:42:26.113+0000] {processor.py:183} INFO - Processing /home/airflow/.local/lib/python3.12/site-packages/airflow/example_dags/tutorial_dag.py took 0.123 seconds
[2024-04-19T18:42:56.336+0000] {processor.py:161} INFO - Started process (PID=1184) to work on /home/airflow/.local/lib/python3.12/site-packages/airflow/example_dags/tutorial_dag.py
[2024-04-19T18:42:56.337+0000] {processor.py:830} INFO - Processing file /home/airflow/.local/lib/python3.12/site-packages/airflow/example_dags/tutorial_dag.py for tasks to queue
[2024-04-19T18:42:56.339+0000] {logging_mixin.py:188} INFO - [2024-04-19T18:42:56.339+0000] {dagbag.py:540} INFO - Filling up the DagBag from /home/airflow/.local/lib/python3.12/site-packages/airflow/example_dags/tutorial_dag.py
[2024-04-19T18:42:56.347+0000] {processor.py:840} INFO - DAG(s) 'tutorial_dag' retrieved from /home/airflow/.local/lib/python3.12/site-packages/airflow/example_dags/tutorial_dag.py
[2024-04-19T18:42:56.367+0000] {logging_mixin.py:188} INFO - [2024-04-19T18:42:56.367+0000] {dag.py:3096} INFO - Sync 1 DAGs
[2024-04-19T18:42:56.386+0000] {logging_mixin.py:188} INFO - [2024-04-19T18:42:56.386+0000] {dag.py:3954} INFO - Setting next_dagrun for tutorial_dag to None, run_after=None
[2024-04-19T18:42:56.546+0000] {processor.py:183} INFO - Processing /home/airflow/.local/lib/python3.12/site-packages/airflow/example_dags/tutorial_dag.py took 0.216 seconds
[2024-04-19T18:43:26.801+0000] {processor.py:161} INFO - Started process (PID=1244) to work on /home/airflow/.local/lib/python3.12/site-packages/airflow/example_dags/tutorial_dag.py
[2024-04-19T18:43:26.802+0000] {processor.py:830} INFO - Processing file /home/airflow/.local/lib/python3.12/site-packages/airflow/example_dags/tutorial_dag.py for tasks to queue
[2024-04-19T18:43:26.805+0000] {logging_mixin.py:188} INFO - [2024-04-19T18:43:26.804+0000] {dagbag.py:540} INFO - Filling up the DagBag from /home/airflow/.local/lib/python3.12/site-packages/airflow/example_dags/tutorial_dag.py
[2024-04-19T18:43:26.812+0000] {processor.py:840} INFO - DAG(s) 'tutorial_dag' retrieved from /home/airflow/.local/lib/python3.12/site-packages/airflow/example_dags/tutorial_dag.py
[2024-04-19T18:43:26.837+0000] {logging_mixin.py:188} INFO - [2024-04-19T18:43:26.836+0000] {dag.py:3096} INFO - Sync 1 DAGs
[2024-04-19T18:43:26.851+0000] {logging_mixin.py:188} INFO - [2024-04-19T18:43:26.851+0000] {dag.py:3954} INFO - Setting next_dagrun for tutorial_dag to None, run_after=None
[2024-04-19T18:43:26.877+0000] {processor.py:183} INFO - Processing /home/airflow/.local/lib/python3.12/site-packages/airflow/example_dags/tutorial_dag.py took 0.083 seconds
[2024-04-19T18:43:57.726+0000] {processor.py:161} INFO - Started process (PID=1304) to work on /home/airflow/.local/lib/python3.12/site-packages/airflow/example_dags/tutorial_dag.py
[2024-04-19T18:43:57.727+0000] {processor.py:830} INFO - Processing file /home/airflow/.local/lib/python3.12/site-packages/airflow/example_dags/tutorial_dag.py for tasks to queue
[2024-04-19T18:43:57.732+0000] {logging_mixin.py:188} INFO - [2024-04-19T18:43:57.731+0000] {dagbag.py:540} INFO - Filling up the DagBag from /home/airflow/.local/lib/python3.12/site-packages/airflow/example_dags/tutorial_dag.py
[2024-04-19T18:43:57.743+0000] {processor.py:840} INFO - DAG(s) 'tutorial_dag' retrieved from /home/airflow/.local/lib/python3.12/site-packages/airflow/example_dags/tutorial_dag.py
[2024-04-19T18:43:57.774+0000] {logging_mixin.py:188} INFO - [2024-04-19T18:43:57.774+0000] {dag.py:3096} INFO - Sync 1 DAGs
[2024-04-19T18:43:57.800+0000] {logging_mixin.py:188} INFO - [2024-04-19T18:43:57.798+0000] {dag.py:3954} INFO - Setting next_dagrun for tutorial_dag to None, run_after=None
[2024-04-19T18:43:57.833+0000] {processor.py:183} INFO - Processing /home/airflow/.local/lib/python3.12/site-packages/airflow/example_dags/tutorial_dag.py took 0.114 seconds
[2024-04-19T18:44:28.207+0000] {processor.py:161} INFO - Started process (PID=1364) to work on /home/airflow/.local/lib/python3.12/site-packages/airflow/example_dags/tutorial_dag.py
[2024-04-19T18:44:28.209+0000] {processor.py:830} INFO - Processing file /home/airflow/.local/lib/python3.12/site-packages/airflow/example_dags/tutorial_dag.py for tasks to queue
[2024-04-19T18:44:28.213+0000] {logging_mixin.py:188} INFO - [2024-04-19T18:44:28.213+0000] {dagbag.py:540} INFO - Filling up the DagBag from /home/airflow/.local/lib/python3.12/site-packages/airflow/example_dags/tutorial_dag.py
[2024-04-19T18:44:28.229+0000] {processor.py:840} INFO - DAG(s) 'tutorial_dag' retrieved from /home/airflow/.local/lib/python3.12/site-packages/airflow/example_dags/tutorial_dag.py
[2024-04-19T18:44:28.276+0000] {logging_mixin.py:188} INFO - [2024-04-19T18:44:28.276+0000] {dag.py:3096} INFO - Sync 1 DAGs
[2024-04-19T18:44:28.311+0000] {logging_mixin.py:188} INFO - [2024-04-19T18:44:28.311+0000] {dag.py:3954} INFO - Setting next_dagrun for tutorial_dag to None, run_after=None
[2024-04-19T18:44:28.367+0000] {processor.py:183} INFO - Processing /home/airflow/.local/lib/python3.12/site-packages/airflow/example_dags/tutorial_dag.py took 0.168 seconds
[2024-04-19T18:44:58.797+0000] {processor.py:161} INFO - Started process (PID=1424) to work on /home/airflow/.local/lib/python3.12/site-packages/airflow/example_dags/tutorial_dag.py
[2024-04-19T18:44:58.798+0000] {processor.py:830} INFO - Processing file /home/airflow/.local/lib/python3.12/site-packages/airflow/example_dags/tutorial_dag.py for tasks to queue
[2024-04-19T18:44:58.800+0000] {logging_mixin.py:188} INFO - [2024-04-19T18:44:58.800+0000] {dagbag.py:540} INFO - Filling up the DagBag from /home/airflow/.local/lib/python3.12/site-packages/airflow/example_dags/tutorial_dag.py
[2024-04-19T18:44:58.806+0000] {processor.py:840} INFO - DAG(s) 'tutorial_dag' retrieved from /home/airflow/.local/lib/python3.12/site-packages/airflow/example_dags/tutorial_dag.py
[2024-04-19T18:44:58.828+0000] {logging_mixin.py:188} INFO - [2024-04-19T18:44:58.828+0000] {dag.py:3096} INFO - Sync 1 DAGs
[2024-04-19T18:44:58.842+0000] {logging_mixin.py:188} INFO - [2024-04-19T18:44:58.842+0000] {dag.py:3954} INFO - Setting next_dagrun for tutorial_dag to None, run_after=None
[2024-04-19T18:44:58.863+0000] {processor.py:183} INFO - Processing /home/airflow/.local/lib/python3.12/site-packages/airflow/example_dags/tutorial_dag.py took 0.074 seconds
[2024-04-19T18:45:29.132+0000] {processor.py:161} INFO - Started process (PID=1484) to work on /home/airflow/.local/lib/python3.12/site-packages/airflow/example_dags/tutorial_dag.py
[2024-04-19T18:45:29.134+0000] {processor.py:830} INFO - Processing file /home/airflow/.local/lib/python3.12/site-packages/airflow/example_dags/tutorial_dag.py for tasks to queue
[2024-04-19T18:45:29.140+0000] {logging_mixin.py:188} INFO - [2024-04-19T18:45:29.139+0000] {dagbag.py:540} INFO - Filling up the DagBag from /home/airflow/.local/lib/python3.12/site-packages/airflow/example_dags/tutorial_dag.py
[2024-04-19T18:45:29.149+0000] {processor.py:840} INFO - DAG(s) 'tutorial_dag' retrieved from /home/airflow/.local/lib/python3.12/site-packages/airflow/example_dags/tutorial_dag.py
[2024-04-19T18:45:29.187+0000] {logging_mixin.py:188} INFO - [2024-04-19T18:45:29.187+0000] {dag.py:3096} INFO - Sync 1 DAGs
[2024-04-19T18:45:29.213+0000] {logging_mixin.py:188} INFO - [2024-04-19T18:45:29.213+0000] {dag.py:3954} INFO - Setting next_dagrun for tutorial_dag to None, run_after=None
[2024-04-19T18:45:29.266+0000] {processor.py:183} INFO - Processing /home/airflow/.local/lib/python3.12/site-packages/airflow/example_dags/tutorial_dag.py took 0.151 seconds
[2024-04-19T18:45:59.462+0000] {processor.py:161} INFO - Started process (PID=1544) to work on /home/airflow/.local/lib/python3.12/site-packages/airflow/example_dags/tutorial_dag.py
[2024-04-19T18:45:59.463+0000] {processor.py:830} INFO - Processing file /home/airflow/.local/lib/python3.12/site-packages/airflow/example_dags/tutorial_dag.py for tasks to queue
[2024-04-19T18:45:59.466+0000] {logging_mixin.py:188} INFO - [2024-04-19T18:45:59.465+0000] {dagbag.py:540} INFO - Filling up the DagBag from /home/airflow/.local/lib/python3.12/site-packages/airflow/example_dags/tutorial_dag.py
[2024-04-19T18:45:59.472+0000] {processor.py:840} INFO - DAG(s) 'tutorial_dag' retrieved from /home/airflow/.local/lib/python3.12/site-packages/airflow/example_dags/tutorial_dag.py
[2024-04-19T18:45:59.492+0000] {logging_mixin.py:188} INFO - [2024-04-19T18:45:59.492+0000] {dag.py:3096} INFO - Sync 1 DAGs
[2024-04-19T18:45:59.504+0000] {logging_mixin.py:188} INFO - [2024-04-19T18:45:59.504+0000] {dag.py:3954} INFO - Setting next_dagrun for tutorial_dag to None, run_after=None
[2024-04-19T18:45:59.526+0000] {processor.py:183} INFO - Processing /home/airflow/.local/lib/python3.12/site-packages/airflow/example_dags/tutorial_dag.py took 0.071 seconds
[2024-04-19T18:46:30.323+0000] {processor.py:161} INFO - Started process (PID=1605) to work on /home/airflow/.local/lib/python3.12/site-packages/airflow/example_dags/tutorial_dag.py
[2024-04-19T18:46:30.325+0000] {processor.py:830} INFO - Processing file /home/airflow/.local/lib/python3.12/site-packages/airflow/example_dags/tutorial_dag.py for tasks to queue
[2024-04-19T18:46:30.328+0000] {logging_mixin.py:188} INFO - [2024-04-19T18:46:30.328+0000] {dagbag.py:540} INFO - Filling up the DagBag from /home/airflow/.local/lib/python3.12/site-packages/airflow/example_dags/tutorial_dag.py
[2024-04-19T18:46:30.336+0000] {processor.py:840} INFO - DAG(s) 'tutorial_dag' retrieved from /home/airflow/.local/lib/python3.12/site-packages/airflow/example_dags/tutorial_dag.py
[2024-04-19T18:46:30.397+0000] {logging_mixin.py:188} INFO - [2024-04-19T18:46:30.396+0000] {dag.py:3096} INFO - Sync 1 DAGs
[2024-04-19T18:46:30.422+0000] {logging_mixin.py:188} INFO - [2024-04-19T18:46:30.421+0000] {dag.py:3954} INFO - Setting next_dagrun for tutorial_dag to None, run_after=None
[2024-04-19T18:46:30.450+0000] {processor.py:183} INFO - Processing /home/airflow/.local/lib/python3.12/site-packages/airflow/example_dags/tutorial_dag.py took 0.139 seconds
[2024-04-19T18:47:00.947+0000] {processor.py:161} INFO - Started process (PID=1665) to work on /home/airflow/.local/lib/python3.12/site-packages/airflow/example_dags/tutorial_dag.py
[2024-04-19T18:47:00.948+0000] {processor.py:830} INFO - Processing file /home/airflow/.local/lib/python3.12/site-packages/airflow/example_dags/tutorial_dag.py for tasks to queue
[2024-04-19T18:47:00.951+0000] {logging_mixin.py:188} INFO - [2024-04-19T18:47:00.951+0000] {dagbag.py:540} INFO - Filling up the DagBag from /home/airflow/.local/lib/python3.12/site-packages/airflow/example_dags/tutorial_dag.py
[2024-04-19T18:47:00.957+0000] {processor.py:840} INFO - DAG(s) 'tutorial_dag' retrieved from /home/airflow/.local/lib/python3.12/site-packages/airflow/example_dags/tutorial_dag.py
[2024-04-19T18:47:00.986+0000] {logging_mixin.py:188} INFO - [2024-04-19T18:47:00.986+0000] {dag.py:3096} INFO - Sync 1 DAGs
[2024-04-19T18:47:01.002+0000] {logging_mixin.py:188} INFO - [2024-04-19T18:47:01.002+0000] {dag.py:3954} INFO - Setting next_dagrun for tutorial_dag to None, run_after=None
[2024-04-19T18:47:01.038+0000] {processor.py:183} INFO - Processing /home/airflow/.local/lib/python3.12/site-packages/airflow/example_dags/tutorial_dag.py took 0.098 seconds
[2024-04-19T18:47:31.289+0000] {processor.py:161} INFO - Started process (PID=1725) to work on /home/airflow/.local/lib/python3.12/site-packages/airflow/example_dags/tutorial_dag.py
[2024-04-19T18:47:31.295+0000] {processor.py:830} INFO - Processing file /home/airflow/.local/lib/python3.12/site-packages/airflow/example_dags/tutorial_dag.py for tasks to queue
[2024-04-19T18:47:31.297+0000] {logging_mixin.py:188} INFO - [2024-04-19T18:47:31.296+0000] {dagbag.py:540} INFO - Filling up the DagBag from /home/airflow/.local/lib/python3.12/site-packages/airflow/example_dags/tutorial_dag.py
[2024-04-19T18:47:31.307+0000] {processor.py:840} INFO - DAG(s) 'tutorial_dag' retrieved from /home/airflow/.local/lib/python3.12/site-packages/airflow/example_dags/tutorial_dag.py
[2024-04-19T18:47:31.367+0000] {logging_mixin.py:188} INFO - [2024-04-19T18:47:31.367+0000] {dag.py:3096} INFO - Sync 1 DAGs
[2024-04-19T18:47:31.426+0000] {logging_mixin.py:188} INFO - [2024-04-19T18:47:31.426+0000] {dag.py:3954} INFO - Setting next_dagrun for tutorial_dag to None, run_after=None
[2024-04-19T18:47:31.557+0000] {processor.py:183} INFO - Processing /home/airflow/.local/lib/python3.12/site-packages/airflow/example_dags/tutorial_dag.py took 0.285 seconds
[2024-04-19T18:48:02.089+0000] {processor.py:161} INFO - Started process (PID=1785) to work on /home/airflow/.local/lib/python3.12/site-packages/airflow/example_dags/tutorial_dag.py
[2024-04-19T18:48:02.091+0000] {processor.py:830} INFO - Processing file /home/airflow/.local/lib/python3.12/site-packages/airflow/example_dags/tutorial_dag.py for tasks to queue
[2024-04-19T18:48:02.092+0000] {logging_mixin.py:188} INFO - [2024-04-19T18:48:02.091+0000] {dagbag.py:540} INFO - Filling up the DagBag from /home/airflow/.local/lib/python3.12/site-packages/airflow/example_dags/tutorial_dag.py
[2024-04-19T18:48:02.097+0000] {processor.py:840} INFO - DAG(s) 'tutorial_dag' retrieved from /home/airflow/.local/lib/python3.12/site-packages/airflow/example_dags/tutorial_dag.py
[2024-04-19T18:48:02.123+0000] {logging_mixin.py:188} INFO - [2024-04-19T18:48:02.123+0000] {dag.py:3096} INFO - Sync 1 DAGs
[2024-04-19T18:48:02.139+0000] {logging_mixin.py:188} INFO - [2024-04-19T18:48:02.139+0000] {dag.py:3954} INFO - Setting next_dagrun for tutorial_dag to None, run_after=None
[2024-04-19T18:48:02.194+0000] {processor.py:183} INFO - Processing /home/airflow/.local/lib/python3.12/site-packages/airflow/example_dags/tutorial_dag.py took 0.112 seconds
[2024-04-19T18:48:33.116+0000] {processor.py:161} INFO - Started process (PID=1845) to work on /home/airflow/.local/lib/python3.12/site-packages/airflow/example_dags/tutorial_dag.py
[2024-04-19T18:48:33.117+0000] {processor.py:830} INFO - Processing file /home/airflow/.local/lib/python3.12/site-packages/airflow/example_dags/tutorial_dag.py for tasks to queue
[2024-04-19T18:48:33.120+0000] {logging_mixin.py:188} INFO - [2024-04-19T18:48:33.118+0000] {dagbag.py:540} INFO - Filling up the DagBag from /home/airflow/.local/lib/python3.12/site-packages/airflow/example_dags/tutorial_dag.py
[2024-04-19T18:48:33.128+0000] {processor.py:840} INFO - DAG(s) 'tutorial_dag' retrieved from /home/airflow/.local/lib/python3.12/site-packages/airflow/example_dags/tutorial_dag.py
[2024-04-19T18:48:33.163+0000] {logging_mixin.py:188} INFO - [2024-04-19T18:48:33.163+0000] {dag.py:3096} INFO - Sync 1 DAGs
[2024-04-19T18:48:33.184+0000] {logging_mixin.py:188} INFO - [2024-04-19T18:48:33.183+0000] {dag.py:3954} INFO - Setting next_dagrun for tutorial_dag to None, run_after=None
[2024-04-19T18:48:33.227+0000] {processor.py:183} INFO - Processing /home/airflow/.local/lib/python3.12/site-packages/airflow/example_dags/tutorial_dag.py took 0.124 seconds
[2024-04-19T18:49:04.157+0000] {processor.py:161} INFO - Started process (PID=1904) to work on /home/airflow/.local/lib/python3.12/site-packages/airflow/example_dags/tutorial_dag.py
[2024-04-19T18:49:04.173+0000] {processor.py:830} INFO - Processing file /home/airflow/.local/lib/python3.12/site-packages/airflow/example_dags/tutorial_dag.py for tasks to queue
[2024-04-19T18:49:04.182+0000] {logging_mixin.py:188} INFO - [2024-04-19T18:49:04.180+0000] {dagbag.py:540} INFO - Filling up the DagBag from /home/airflow/.local/lib/python3.12/site-packages/airflow/example_dags/tutorial_dag.py
[2024-04-19T18:49:04.202+0000] {processor.py:840} INFO - DAG(s) 'tutorial_dag' retrieved from /home/airflow/.local/lib/python3.12/site-packages/airflow/example_dags/tutorial_dag.py
[2024-04-19T18:49:04.252+0000] {logging_mixin.py:188} INFO - [2024-04-19T18:49:04.251+0000] {dag.py:3096} INFO - Sync 1 DAGs
[2024-04-19T18:49:04.303+0000] {logging_mixin.py:188} INFO - [2024-04-19T18:49:04.302+0000] {dag.py:3954} INFO - Setting next_dagrun for tutorial_dag to None, run_after=None
[2024-04-19T18:49:04.374+0000] {processor.py:183} INFO - Processing /home/airflow/.local/lib/python3.12/site-packages/airflow/example_dags/tutorial_dag.py took 0.256 seconds
[2024-04-19T18:56:14.872+0000] {processor.py:161} INFO - Started process (PID=71) to work on /home/airflow/.local/lib/python3.12/site-packages/airflow/example_dags/tutorial_dag.py
[2024-04-19T18:56:14.900+0000] {processor.py:830} INFO - Processing file /home/airflow/.local/lib/python3.12/site-packages/airflow/example_dags/tutorial_dag.py for tasks to queue
[2024-04-19T18:56:14.936+0000] {logging_mixin.py:188} INFO - [2024-04-19T18:56:14.932+0000] {dagbag.py:540} INFO - Filling up the DagBag from /home/airflow/.local/lib/python3.12/site-packages/airflow/example_dags/tutorial_dag.py
[2024-04-19T18:56:15.021+0000] {processor.py:840} INFO - DAG(s) 'tutorial_dag' retrieved from /home/airflow/.local/lib/python3.12/site-packages/airflow/example_dags/tutorial_dag.py
[2024-04-19T18:56:15.256+0000] {logging_mixin.py:188} INFO - [2024-04-19T18:56:15.255+0000] {dag.py:3096} INFO - Sync 1 DAGs
[2024-04-19T18:56:15.499+0000] {logging_mixin.py:188} INFO - [2024-04-19T18:56:15.499+0000] {dag.py:3954} INFO - Setting next_dagrun for tutorial_dag to None, run_after=None
[2024-04-19T18:56:16.084+0000] {processor.py:183} INFO - Processing /home/airflow/.local/lib/python3.12/site-packages/airflow/example_dags/tutorial_dag.py took 1.240 seconds
[2024-04-19T18:56:46.695+0000] {processor.py:161} INFO - Started process (PID=130) to work on /home/airflow/.local/lib/python3.12/site-packages/airflow/example_dags/tutorial_dag.py
[2024-04-19T18:56:46.698+0000] {processor.py:830} INFO - Processing file /home/airflow/.local/lib/python3.12/site-packages/airflow/example_dags/tutorial_dag.py for tasks to queue
[2024-04-19T18:56:46.701+0000] {logging_mixin.py:188} INFO - [2024-04-19T18:56:46.700+0000] {dagbag.py:540} INFO - Filling up the DagBag from /home/airflow/.local/lib/python3.12/site-packages/airflow/example_dags/tutorial_dag.py
[2024-04-19T18:56:46.716+0000] {processor.py:840} INFO - DAG(s) 'tutorial_dag' retrieved from /home/airflow/.local/lib/python3.12/site-packages/airflow/example_dags/tutorial_dag.py
[2024-04-19T18:56:46.756+0000] {logging_mixin.py:188} INFO - [2024-04-19T18:56:46.756+0000] {dag.py:3096} INFO - Sync 1 DAGs
[2024-04-19T18:56:46.841+0000] {logging_mixin.py:188} INFO - [2024-04-19T18:56:46.841+0000] {dag.py:3954} INFO - Setting next_dagrun for tutorial_dag to None, run_after=None
[2024-04-19T18:56:46.907+0000] {processor.py:183} INFO - Processing /home/airflow/.local/lib/python3.12/site-packages/airflow/example_dags/tutorial_dag.py took 0.221 seconds
[2024-04-19T18:57:17.104+0000] {processor.py:161} INFO - Started process (PID=189) to work on /home/airflow/.local/lib/python3.12/site-packages/airflow/example_dags/tutorial_dag.py
[2024-04-19T18:57:17.105+0000] {processor.py:830} INFO - Processing file /home/airflow/.local/lib/python3.12/site-packages/airflow/example_dags/tutorial_dag.py for tasks to queue
[2024-04-19T18:57:17.106+0000] {logging_mixin.py:188} INFO - [2024-04-19T18:57:17.106+0000] {dagbag.py:540} INFO - Filling up the DagBag from /home/airflow/.local/lib/python3.12/site-packages/airflow/example_dags/tutorial_dag.py
[2024-04-19T18:57:17.112+0000] {processor.py:840} INFO - DAG(s) 'tutorial_dag' retrieved from /home/airflow/.local/lib/python3.12/site-packages/airflow/example_dags/tutorial_dag.py
[2024-04-19T18:57:17.220+0000] {logging_mixin.py:188} INFO - [2024-04-19T18:57:17.220+0000] {dag.py:3096} INFO - Sync 1 DAGs
[2024-04-19T18:57:17.232+0000] {logging_mixin.py:188} INFO - [2024-04-19T18:57:17.231+0000] {dag.py:3954} INFO - Setting next_dagrun for tutorial_dag to None, run_after=None
[2024-04-19T18:57:17.254+0000] {processor.py:183} INFO - Processing /home/airflow/.local/lib/python3.12/site-packages/airflow/example_dags/tutorial_dag.py took 0.162 seconds
[2024-04-19T18:57:47.574+0000] {processor.py:161} INFO - Started process (PID=248) to work on /home/airflow/.local/lib/python3.12/site-packages/airflow/example_dags/tutorial_dag.py
[2024-04-19T18:57:47.575+0000] {processor.py:830} INFO - Processing file /home/airflow/.local/lib/python3.12/site-packages/airflow/example_dags/tutorial_dag.py for tasks to queue
[2024-04-19T18:57:47.577+0000] {logging_mixin.py:188} INFO - [2024-04-19T18:57:47.576+0000] {dagbag.py:540} INFO - Filling up the DagBag from /home/airflow/.local/lib/python3.12/site-packages/airflow/example_dags/tutorial_dag.py
[2024-04-19T18:57:47.585+0000] {processor.py:840} INFO - DAG(s) 'tutorial_dag' retrieved from /home/airflow/.local/lib/python3.12/site-packages/airflow/example_dags/tutorial_dag.py
[2024-04-19T18:57:47.631+0000] {logging_mixin.py:188} INFO - [2024-04-19T18:57:47.631+0000] {dag.py:3096} INFO - Sync 1 DAGs
[2024-04-19T18:57:47.672+0000] {logging_mixin.py:188} INFO - [2024-04-19T18:57:47.671+0000] {dag.py:3954} INFO - Setting next_dagrun for tutorial_dag to None, run_after=None
[2024-04-19T18:57:47.743+0000] {processor.py:183} INFO - Processing /home/airflow/.local/lib/python3.12/site-packages/airflow/example_dags/tutorial_dag.py took 0.182 seconds
[2024-04-19T18:58:17.916+0000] {processor.py:161} INFO - Started process (PID=308) to work on /home/airflow/.local/lib/python3.12/site-packages/airflow/example_dags/tutorial_dag.py
[2024-04-19T18:58:17.926+0000] {processor.py:830} INFO - Processing file /home/airflow/.local/lib/python3.12/site-packages/airflow/example_dags/tutorial_dag.py for tasks to queue
[2024-04-19T18:58:17.929+0000] {logging_mixin.py:188} INFO - [2024-04-19T18:58:17.929+0000] {dagbag.py:540} INFO - Filling up the DagBag from /home/airflow/.local/lib/python3.12/site-packages/airflow/example_dags/tutorial_dag.py
[2024-04-19T18:58:17.938+0000] {processor.py:840} INFO - DAG(s) 'tutorial_dag' retrieved from /home/airflow/.local/lib/python3.12/site-packages/airflow/example_dags/tutorial_dag.py
[2024-04-19T18:58:18.014+0000] {logging_mixin.py:188} INFO - [2024-04-19T18:58:18.014+0000] {dag.py:3096} INFO - Sync 1 DAGs
[2024-04-19T18:58:18.069+0000] {logging_mixin.py:188} INFO - [2024-04-19T18:58:18.068+0000] {dag.py:3954} INFO - Setting next_dagrun for tutorial_dag to None, run_after=None
[2024-04-19T18:58:18.185+0000] {processor.py:183} INFO - Processing /home/airflow/.local/lib/python3.12/site-packages/airflow/example_dags/tutorial_dag.py took 0.286 seconds
[2024-04-19T18:58:48.313+0000] {processor.py:161} INFO - Started process (PID=368) to work on /home/airflow/.local/lib/python3.12/site-packages/airflow/example_dags/tutorial_dag.py
[2024-04-19T18:58:48.316+0000] {processor.py:830} INFO - Processing file /home/airflow/.local/lib/python3.12/site-packages/airflow/example_dags/tutorial_dag.py for tasks to queue
[2024-04-19T18:58:48.318+0000] {logging_mixin.py:188} INFO - [2024-04-19T18:58:48.317+0000] {dagbag.py:540} INFO - Filling up the DagBag from /home/airflow/.local/lib/python3.12/site-packages/airflow/example_dags/tutorial_dag.py
[2024-04-19T18:58:48.327+0000] {processor.py:840} INFO - DAG(s) 'tutorial_dag' retrieved from /home/airflow/.local/lib/python3.12/site-packages/airflow/example_dags/tutorial_dag.py
[2024-04-19T18:58:48.358+0000] {logging_mixin.py:188} INFO - [2024-04-19T18:58:48.357+0000] {dag.py:3096} INFO - Sync 1 DAGs
[2024-04-19T18:58:48.387+0000] {logging_mixin.py:188} INFO - [2024-04-19T18:58:48.386+0000] {dag.py:3954} INFO - Setting next_dagrun for tutorial_dag to None, run_after=None
[2024-04-19T18:58:48.424+0000] {processor.py:183} INFO - Processing /home/airflow/.local/lib/python3.12/site-packages/airflow/example_dags/tutorial_dag.py took 0.119 seconds
[2024-04-19T18:59:18.505+0000] {processor.py:161} INFO - Started process (PID=427) to work on /home/airflow/.local/lib/python3.12/site-packages/airflow/example_dags/tutorial_dag.py
[2024-04-19T18:59:18.506+0000] {processor.py:830} INFO - Processing file /home/airflow/.local/lib/python3.12/site-packages/airflow/example_dags/tutorial_dag.py for tasks to queue
[2024-04-19T18:59:18.507+0000] {logging_mixin.py:188} INFO - [2024-04-19T18:59:18.507+0000] {dagbag.py:540} INFO - Filling up the DagBag from /home/airflow/.local/lib/python3.12/site-packages/airflow/example_dags/tutorial_dag.py
[2024-04-19T18:59:18.514+0000] {processor.py:840} INFO - DAG(s) 'tutorial_dag' retrieved from /home/airflow/.local/lib/python3.12/site-packages/airflow/example_dags/tutorial_dag.py
[2024-04-19T18:59:18.539+0000] {logging_mixin.py:188} INFO - [2024-04-19T18:59:18.539+0000] {dag.py:3096} INFO - Sync 1 DAGs
[2024-04-19T18:59:18.559+0000] {logging_mixin.py:188} INFO - [2024-04-19T18:59:18.558+0000] {dag.py:3954} INFO - Setting next_dagrun for tutorial_dag to None, run_after=None
[2024-04-19T18:59:18.588+0000] {processor.py:183} INFO - Processing /home/airflow/.local/lib/python3.12/site-packages/airflow/example_dags/tutorial_dag.py took 0.090 seconds
[2024-04-19T18:59:49.412+0000] {processor.py:161} INFO - Started process (PID=488) to work on /home/airflow/.local/lib/python3.12/site-packages/airflow/example_dags/tutorial_dag.py
[2024-04-19T18:59:49.414+0000] {processor.py:830} INFO - Processing file /home/airflow/.local/lib/python3.12/site-packages/airflow/example_dags/tutorial_dag.py for tasks to queue
[2024-04-19T18:59:49.417+0000] {logging_mixin.py:188} INFO - [2024-04-19T18:59:49.416+0000] {dagbag.py:540} INFO - Filling up the DagBag from /home/airflow/.local/lib/python3.12/site-packages/airflow/example_dags/tutorial_dag.py
[2024-04-19T18:59:49.432+0000] {processor.py:840} INFO - DAG(s) 'tutorial_dag' retrieved from /home/airflow/.local/lib/python3.12/site-packages/airflow/example_dags/tutorial_dag.py
[2024-04-19T18:59:49.462+0000] {logging_mixin.py:188} INFO - [2024-04-19T18:59:49.461+0000] {dag.py:3096} INFO - Sync 1 DAGs
[2024-04-19T18:59:49.488+0000] {logging_mixin.py:188} INFO - [2024-04-19T18:59:49.484+0000] {dag.py:3954} INFO - Setting next_dagrun for tutorial_dag to None, run_after=None
[2024-04-19T18:59:49.535+0000] {processor.py:183} INFO - Processing /home/airflow/.local/lib/python3.12/site-packages/airflow/example_dags/tutorial_dag.py took 0.131 seconds
[2024-04-19T19:00:19.823+0000] {processor.py:161} INFO - Started process (PID=548) to work on /home/airflow/.local/lib/python3.12/site-packages/airflow/example_dags/tutorial_dag.py
[2024-04-19T19:00:19.825+0000] {processor.py:830} INFO - Processing file /home/airflow/.local/lib/python3.12/site-packages/airflow/example_dags/tutorial_dag.py for tasks to queue
[2024-04-19T19:00:19.826+0000] {logging_mixin.py:188} INFO - [2024-04-19T19:00:19.826+0000] {dagbag.py:540} INFO - Filling up the DagBag from /home/airflow/.local/lib/python3.12/site-packages/airflow/example_dags/tutorial_dag.py
[2024-04-19T19:00:19.833+0000] {processor.py:840} INFO - DAG(s) 'tutorial_dag' retrieved from /home/airflow/.local/lib/python3.12/site-packages/airflow/example_dags/tutorial_dag.py
[2024-04-19T19:00:19.854+0000] {logging_mixin.py:188} INFO - [2024-04-19T19:00:19.854+0000] {dag.py:3096} INFO - Sync 1 DAGs
[2024-04-19T19:00:19.866+0000] {logging_mixin.py:188} INFO - [2024-04-19T19:00:19.866+0000] {dag.py:3954} INFO - Setting next_dagrun for tutorial_dag to None, run_after=None
[2024-04-19T19:00:19.885+0000] {processor.py:183} INFO - Processing /home/airflow/.local/lib/python3.12/site-packages/airflow/example_dags/tutorial_dag.py took 0.068 seconds
[2024-04-19T19:00:50.451+0000] {processor.py:161} INFO - Started process (PID=608) to work on /home/airflow/.local/lib/python3.12/site-packages/airflow/example_dags/tutorial_dag.py
[2024-04-19T19:00:50.452+0000] {processor.py:830} INFO - Processing file /home/airflow/.local/lib/python3.12/site-packages/airflow/example_dags/tutorial_dag.py for tasks to queue
[2024-04-19T19:00:50.453+0000] {logging_mixin.py:188} INFO - [2024-04-19T19:00:50.453+0000] {dagbag.py:540} INFO - Filling up the DagBag from /home/airflow/.local/lib/python3.12/site-packages/airflow/example_dags/tutorial_dag.py
[2024-04-19T19:00:50.461+0000] {processor.py:840} INFO - DAG(s) 'tutorial_dag' retrieved from /home/airflow/.local/lib/python3.12/site-packages/airflow/example_dags/tutorial_dag.py
[2024-04-19T19:00:50.486+0000] {logging_mixin.py:188} INFO - [2024-04-19T19:00:50.485+0000] {dag.py:3096} INFO - Sync 1 DAGs
[2024-04-19T19:00:50.504+0000] {logging_mixin.py:188} INFO - [2024-04-19T19:00:50.503+0000] {dag.py:3954} INFO - Setting next_dagrun for tutorial_dag to None, run_after=None
[2024-04-19T19:00:50.530+0000] {processor.py:183} INFO - Processing /home/airflow/.local/lib/python3.12/site-packages/airflow/example_dags/tutorial_dag.py took 0.087 seconds
[2024-04-19T19:01:20.958+0000] {processor.py:161} INFO - Started process (PID=668) to work on /home/airflow/.local/lib/python3.12/site-packages/airflow/example_dags/tutorial_dag.py
[2024-04-19T19:01:20.961+0000] {processor.py:830} INFO - Processing file /home/airflow/.local/lib/python3.12/site-packages/airflow/example_dags/tutorial_dag.py for tasks to queue
[2024-04-19T19:01:20.962+0000] {logging_mixin.py:188} INFO - [2024-04-19T19:01:20.962+0000] {dagbag.py:540} INFO - Filling up the DagBag from /home/airflow/.local/lib/python3.12/site-packages/airflow/example_dags/tutorial_dag.py
[2024-04-19T19:01:20.968+0000] {processor.py:840} INFO - DAG(s) 'tutorial_dag' retrieved from /home/airflow/.local/lib/python3.12/site-packages/airflow/example_dags/tutorial_dag.py
[2024-04-19T19:01:20.993+0000] {logging_mixin.py:188} INFO - [2024-04-19T19:01:20.993+0000] {dag.py:3096} INFO - Sync 1 DAGs
[2024-04-19T19:01:21.007+0000] {logging_mixin.py:188} INFO - [2024-04-19T19:01:21.007+0000] {dag.py:3954} INFO - Setting next_dagrun for tutorial_dag to None, run_after=None
[2024-04-19T19:01:21.026+0000] {processor.py:183} INFO - Processing /home/airflow/.local/lib/python3.12/site-packages/airflow/example_dags/tutorial_dag.py took 0.075 seconds
[2024-04-19T19:01:51.187+0000] {processor.py:161} INFO - Started process (PID=728) to work on /home/airflow/.local/lib/python3.12/site-packages/airflow/example_dags/tutorial_dag.py
[2024-04-19T19:01:51.188+0000] {processor.py:830} INFO - Processing file /home/airflow/.local/lib/python3.12/site-packages/airflow/example_dags/tutorial_dag.py for tasks to queue
[2024-04-19T19:01:51.189+0000] {logging_mixin.py:188} INFO - [2024-04-19T19:01:51.189+0000] {dagbag.py:540} INFO - Filling up the DagBag from /home/airflow/.local/lib/python3.12/site-packages/airflow/example_dags/tutorial_dag.py
[2024-04-19T19:01:51.195+0000] {processor.py:840} INFO - DAG(s) 'tutorial_dag' retrieved from /home/airflow/.local/lib/python3.12/site-packages/airflow/example_dags/tutorial_dag.py
[2024-04-19T19:01:51.217+0000] {logging_mixin.py:188} INFO - [2024-04-19T19:01:51.216+0000] {dag.py:3096} INFO - Sync 1 DAGs
[2024-04-19T19:01:51.230+0000] {logging_mixin.py:188} INFO - [2024-04-19T19:01:51.230+0000] {dag.py:3954} INFO - Setting next_dagrun for tutorial_dag to None, run_after=None
[2024-04-19T19:01:51.252+0000] {processor.py:183} INFO - Processing /home/airflow/.local/lib/python3.12/site-packages/airflow/example_dags/tutorial_dag.py took 0.070 seconds
[2024-04-19T19:02:21.688+0000] {processor.py:161} INFO - Started process (PID=788) to work on /home/airflow/.local/lib/python3.12/site-packages/airflow/example_dags/tutorial_dag.py
[2024-04-19T19:02:21.690+0000] {processor.py:830} INFO - Processing file /home/airflow/.local/lib/python3.12/site-packages/airflow/example_dags/tutorial_dag.py for tasks to queue
[2024-04-19T19:02:21.691+0000] {logging_mixin.py:188} INFO - [2024-04-19T19:02:21.691+0000] {dagbag.py:540} INFO - Filling up the DagBag from /home/airflow/.local/lib/python3.12/site-packages/airflow/example_dags/tutorial_dag.py
[2024-04-19T19:02:21.698+0000] {processor.py:840} INFO - DAG(s) 'tutorial_dag' retrieved from /home/airflow/.local/lib/python3.12/site-packages/airflow/example_dags/tutorial_dag.py
[2024-04-19T19:02:21.720+0000] {logging_mixin.py:188} INFO - [2024-04-19T19:02:21.719+0000] {dag.py:3096} INFO - Sync 1 DAGs
[2024-04-19T19:02:21.740+0000] {logging_mixin.py:188} INFO - [2024-04-19T19:02:21.739+0000] {dag.py:3954} INFO - Setting next_dagrun for tutorial_dag to None, run_after=None
[2024-04-19T19:02:21.761+0000] {processor.py:183} INFO - Processing /home/airflow/.local/lib/python3.12/site-packages/airflow/example_dags/tutorial_dag.py took 0.081 seconds
[2024-04-19T19:02:52.055+0000] {processor.py:161} INFO - Started process (PID=850) to work on /home/airflow/.local/lib/python3.12/site-packages/airflow/example_dags/tutorial_dag.py
[2024-04-19T19:02:52.056+0000] {processor.py:830} INFO - Processing file /home/airflow/.local/lib/python3.12/site-packages/airflow/example_dags/tutorial_dag.py for tasks to queue
[2024-04-19T19:02:52.057+0000] {logging_mixin.py:188} INFO - [2024-04-19T19:02:52.057+0000] {dagbag.py:540} INFO - Filling up the DagBag from /home/airflow/.local/lib/python3.12/site-packages/airflow/example_dags/tutorial_dag.py
[2024-04-19T19:02:52.063+0000] {processor.py:840} INFO - DAG(s) 'tutorial_dag' retrieved from /home/airflow/.local/lib/python3.12/site-packages/airflow/example_dags/tutorial_dag.py
[2024-04-19T19:02:52.084+0000] {logging_mixin.py:188} INFO - [2024-04-19T19:02:52.084+0000] {dag.py:3096} INFO - Sync 1 DAGs
[2024-04-19T19:02:52.099+0000] {logging_mixin.py:188} INFO - [2024-04-19T19:02:52.098+0000] {dag.py:3954} INFO - Setting next_dagrun for tutorial_dag to None, run_after=None
[2024-04-19T19:02:52.119+0000] {processor.py:183} INFO - Processing /home/airflow/.local/lib/python3.12/site-packages/airflow/example_dags/tutorial_dag.py took 0.071 seconds
[2024-04-19T19:03:24.428+0000] {processor.py:161} INFO - Started process (PID=910) to work on /home/airflow/.local/lib/python3.12/site-packages/airflow/example_dags/tutorial_dag.py
[2024-04-19T19:03:24.431+0000] {processor.py:830} INFO - Processing file /home/airflow/.local/lib/python3.12/site-packages/airflow/example_dags/tutorial_dag.py for tasks to queue
[2024-04-19T19:03:24.442+0000] {logging_mixin.py:188} INFO - [2024-04-19T19:03:24.441+0000] {dagbag.py:540} INFO - Filling up the DagBag from /home/airflow/.local/lib/python3.12/site-packages/airflow/example_dags/tutorial_dag.py
[2024-04-19T19:03:24.461+0000] {processor.py:840} INFO - DAG(s) 'tutorial_dag' retrieved from /home/airflow/.local/lib/python3.12/site-packages/airflow/example_dags/tutorial_dag.py
[2024-04-19T19:03:24.573+0000] {logging_mixin.py:188} INFO - [2024-04-19T19:03:24.572+0000] {dag.py:3096} INFO - Sync 1 DAGs
[2024-04-19T19:03:24.650+0000] {logging_mixin.py:188} INFO - [2024-04-19T19:03:24.649+0000] {dag.py:3954} INFO - Setting next_dagrun for tutorial_dag to None, run_after=None
[2024-04-19T19:03:24.738+0000] {processor.py:183} INFO - Processing /home/airflow/.local/lib/python3.12/site-packages/airflow/example_dags/tutorial_dag.py took 0.330 seconds
[2024-04-19T19:03:55.379+0000] {processor.py:161} INFO - Started process (PID=970) to work on /home/airflow/.local/lib/python3.12/site-packages/airflow/example_dags/tutorial_dag.py
[2024-04-19T19:03:55.381+0000] {processor.py:830} INFO - Processing file /home/airflow/.local/lib/python3.12/site-packages/airflow/example_dags/tutorial_dag.py for tasks to queue
[2024-04-19T19:03:55.382+0000] {logging_mixin.py:188} INFO - [2024-04-19T19:03:55.381+0000] {dagbag.py:540} INFO - Filling up the DagBag from /home/airflow/.local/lib/python3.12/site-packages/airflow/example_dags/tutorial_dag.py
[2024-04-19T19:03:55.388+0000] {processor.py:840} INFO - DAG(s) 'tutorial_dag' retrieved from /home/airflow/.local/lib/python3.12/site-packages/airflow/example_dags/tutorial_dag.py
[2024-04-19T19:03:55.422+0000] {logging_mixin.py:188} INFO - [2024-04-19T19:03:55.422+0000] {dag.py:3096} INFO - Sync 1 DAGs
[2024-04-19T19:03:55.439+0000] {logging_mixin.py:188} INFO - [2024-04-19T19:03:55.439+0000] {dag.py:3954} INFO - Setting next_dagrun for tutorial_dag to None, run_after=None
[2024-04-19T19:03:55.468+0000] {processor.py:183} INFO - Processing /home/airflow/.local/lib/python3.12/site-packages/airflow/example_dags/tutorial_dag.py took 0.098 seconds
[2024-04-19T19:04:25.845+0000] {processor.py:161} INFO - Started process (PID=1028) to work on /home/airflow/.local/lib/python3.12/site-packages/airflow/example_dags/tutorial_dag.py
[2024-04-19T19:04:25.846+0000] {processor.py:830} INFO - Processing file /home/airflow/.local/lib/python3.12/site-packages/airflow/example_dags/tutorial_dag.py for tasks to queue
[2024-04-19T19:04:25.847+0000] {logging_mixin.py:188} INFO - [2024-04-19T19:04:25.847+0000] {dagbag.py:540} INFO - Filling up the DagBag from /home/airflow/.local/lib/python3.12/site-packages/airflow/example_dags/tutorial_dag.py
[2024-04-19T19:04:25.852+0000] {processor.py:840} INFO - DAG(s) 'tutorial_dag' retrieved from /home/airflow/.local/lib/python3.12/site-packages/airflow/example_dags/tutorial_dag.py
[2024-04-19T19:04:25.873+0000] {logging_mixin.py:188} INFO - [2024-04-19T19:04:25.873+0000] {dag.py:3096} INFO - Sync 1 DAGs
[2024-04-19T19:04:25.889+0000] {logging_mixin.py:188} INFO - [2024-04-19T19:04:25.888+0000] {dag.py:3954} INFO - Setting next_dagrun for tutorial_dag to None, run_after=None
[2024-04-19T19:04:25.909+0000] {processor.py:183} INFO - Processing /home/airflow/.local/lib/python3.12/site-packages/airflow/example_dags/tutorial_dag.py took 0.069 seconds
[2024-04-19T19:04:55.984+0000] {processor.py:161} INFO - Started process (PID=1088) to work on /home/airflow/.local/lib/python3.12/site-packages/airflow/example_dags/tutorial_dag.py
[2024-04-19T19:04:55.985+0000] {processor.py:830} INFO - Processing file /home/airflow/.local/lib/python3.12/site-packages/airflow/example_dags/tutorial_dag.py for tasks to queue
[2024-04-19T19:04:55.986+0000] {logging_mixin.py:188} INFO - [2024-04-19T19:04:55.986+0000] {dagbag.py:540} INFO - Filling up the DagBag from /home/airflow/.local/lib/python3.12/site-packages/airflow/example_dags/tutorial_dag.py
[2024-04-19T19:04:55.991+0000] {processor.py:840} INFO - DAG(s) 'tutorial_dag' retrieved from /home/airflow/.local/lib/python3.12/site-packages/airflow/example_dags/tutorial_dag.py
[2024-04-19T19:04:56.010+0000] {logging_mixin.py:188} INFO - [2024-04-19T19:04:56.009+0000] {dag.py:3096} INFO - Sync 1 DAGs
[2024-04-19T19:04:56.022+0000] {logging_mixin.py:188} INFO - [2024-04-19T19:04:56.022+0000] {dag.py:3954} INFO - Setting next_dagrun for tutorial_dag to None, run_after=None
[2024-04-19T19:04:56.040+0000] {processor.py:183} INFO - Processing /home/airflow/.local/lib/python3.12/site-packages/airflow/example_dags/tutorial_dag.py took 0.065 seconds
[2024-04-19T19:05:26.455+0000] {processor.py:161} INFO - Started process (PID=1154) to work on /home/airflow/.local/lib/python3.12/site-packages/airflow/example_dags/tutorial_dag.py
[2024-04-19T19:05:26.457+0000] {processor.py:830} INFO - Processing file /home/airflow/.local/lib/python3.12/site-packages/airflow/example_dags/tutorial_dag.py for tasks to queue
[2024-04-19T19:05:26.459+0000] {logging_mixin.py:188} INFO - [2024-04-19T19:05:26.459+0000] {dagbag.py:540} INFO - Filling up the DagBag from /home/airflow/.local/lib/python3.12/site-packages/airflow/example_dags/tutorial_dag.py
[2024-04-19T19:05:26.471+0000] {processor.py:840} INFO - DAG(s) 'tutorial_dag' retrieved from /home/airflow/.local/lib/python3.12/site-packages/airflow/example_dags/tutorial_dag.py
[2024-04-19T19:05:26.504+0000] {logging_mixin.py:188} INFO - [2024-04-19T19:05:26.503+0000] {dag.py:3096} INFO - Sync 1 DAGs
[2024-04-19T19:05:26.529+0000] {logging_mixin.py:188} INFO - [2024-04-19T19:05:26.529+0000] {dag.py:3954} INFO - Setting next_dagrun for tutorial_dag to None, run_after=None
[2024-04-19T19:05:26.557+0000] {processor.py:183} INFO - Processing /home/airflow/.local/lib/python3.12/site-packages/airflow/example_dags/tutorial_dag.py took 0.110 seconds
[2024-04-19T19:05:56.713+0000] {processor.py:161} INFO - Started process (PID=1215) to work on /home/airflow/.local/lib/python3.12/site-packages/airflow/example_dags/tutorial_dag.py
[2024-04-19T19:05:56.714+0000] {processor.py:830} INFO - Processing file /home/airflow/.local/lib/python3.12/site-packages/airflow/example_dags/tutorial_dag.py for tasks to queue
[2024-04-19T19:05:56.715+0000] {logging_mixin.py:188} INFO - [2024-04-19T19:05:56.714+0000] {dagbag.py:540} INFO - Filling up the DagBag from /home/airflow/.local/lib/python3.12/site-packages/airflow/example_dags/tutorial_dag.py
[2024-04-19T19:05:56.720+0000] {processor.py:840} INFO - DAG(s) 'tutorial_dag' retrieved from /home/airflow/.local/lib/python3.12/site-packages/airflow/example_dags/tutorial_dag.py
[2024-04-19T19:05:56.741+0000] {logging_mixin.py:188} INFO - [2024-04-19T19:05:56.741+0000] {dag.py:3096} INFO - Sync 1 DAGs
[2024-04-19T19:05:56.755+0000] {logging_mixin.py:188} INFO - [2024-04-19T19:05:56.755+0000] {dag.py:3954} INFO - Setting next_dagrun for tutorial_dag to None, run_after=None
[2024-04-19T19:05:56.780+0000] {processor.py:183} INFO - Processing /home/airflow/.local/lib/python3.12/site-packages/airflow/example_dags/tutorial_dag.py took 0.073 seconds
[2024-04-19T19:06:27.072+0000] {processor.py:161} INFO - Started process (PID=1273) to work on /home/airflow/.local/lib/python3.12/site-packages/airflow/example_dags/tutorial_dag.py
[2024-04-19T19:06:27.073+0000] {processor.py:830} INFO - Processing file /home/airflow/.local/lib/python3.12/site-packages/airflow/example_dags/tutorial_dag.py for tasks to queue
[2024-04-19T19:06:27.074+0000] {logging_mixin.py:188} INFO - [2024-04-19T19:06:27.074+0000] {dagbag.py:540} INFO - Filling up the DagBag from /home/airflow/.local/lib/python3.12/site-packages/airflow/example_dags/tutorial_dag.py
[2024-04-19T19:06:27.081+0000] {processor.py:840} INFO - DAG(s) 'tutorial_dag' retrieved from /home/airflow/.local/lib/python3.12/site-packages/airflow/example_dags/tutorial_dag.py
[2024-04-19T19:06:27.103+0000] {logging_mixin.py:188} INFO - [2024-04-19T19:06:27.103+0000] {dag.py:3096} INFO - Sync 1 DAGs
[2024-04-19T19:06:27.116+0000] {logging_mixin.py:188} INFO - [2024-04-19T19:06:27.116+0000] {dag.py:3954} INFO - Setting next_dagrun for tutorial_dag to None, run_after=None
[2024-04-19T19:06:27.142+0000] {processor.py:183} INFO - Processing /home/airflow/.local/lib/python3.12/site-packages/airflow/example_dags/tutorial_dag.py took 0.079 seconds
[2024-04-19T19:06:57.446+0000] {processor.py:161} INFO - Started process (PID=1333) to work on /home/airflow/.local/lib/python3.12/site-packages/airflow/example_dags/tutorial_dag.py
[2024-04-19T19:06:57.447+0000] {processor.py:830} INFO - Processing file /home/airflow/.local/lib/python3.12/site-packages/airflow/example_dags/tutorial_dag.py for tasks to queue
[2024-04-19T19:06:57.448+0000] {logging_mixin.py:188} INFO - [2024-04-19T19:06:57.448+0000] {dagbag.py:540} INFO - Filling up the DagBag from /home/airflow/.local/lib/python3.12/site-packages/airflow/example_dags/tutorial_dag.py
[2024-04-19T19:06:57.455+0000] {processor.py:840} INFO - DAG(s) 'tutorial_dag' retrieved from /home/airflow/.local/lib/python3.12/site-packages/airflow/example_dags/tutorial_dag.py
[2024-04-19T19:06:57.481+0000] {logging_mixin.py:188} INFO - [2024-04-19T19:06:57.481+0000] {dag.py:3096} INFO - Sync 1 DAGs
[2024-04-19T19:06:57.495+0000] {logging_mixin.py:188} INFO - [2024-04-19T19:06:57.495+0000] {dag.py:3954} INFO - Setting next_dagrun for tutorial_dag to None, run_after=None
[2024-04-19T19:06:57.517+0000] {processor.py:183} INFO - Processing /home/airflow/.local/lib/python3.12/site-packages/airflow/example_dags/tutorial_dag.py took 0.078 seconds
[2024-04-19T19:07:28.001+0000] {processor.py:161} INFO - Started process (PID=1393) to work on /home/airflow/.local/lib/python3.12/site-packages/airflow/example_dags/tutorial_dag.py
[2024-04-19T19:07:28.002+0000] {processor.py:830} INFO - Processing file /home/airflow/.local/lib/python3.12/site-packages/airflow/example_dags/tutorial_dag.py for tasks to queue
[2024-04-19T19:07:28.003+0000] {logging_mixin.py:188} INFO - [2024-04-19T19:07:28.003+0000] {dagbag.py:540} INFO - Filling up the DagBag from /home/airflow/.local/lib/python3.12/site-packages/airflow/example_dags/tutorial_dag.py
[2024-04-19T19:07:28.008+0000] {processor.py:840} INFO - DAG(s) 'tutorial_dag' retrieved from /home/airflow/.local/lib/python3.12/site-packages/airflow/example_dags/tutorial_dag.py
[2024-04-19T19:07:28.029+0000] {logging_mixin.py:188} INFO - [2024-04-19T19:07:28.029+0000] {dag.py:3096} INFO - Sync 1 DAGs
[2024-04-19T19:07:28.046+0000] {logging_mixin.py:188} INFO - [2024-04-19T19:07:28.045+0000] {dag.py:3954} INFO - Setting next_dagrun for tutorial_dag to None, run_after=None
[2024-04-19T19:07:28.068+0000] {processor.py:183} INFO - Processing /home/airflow/.local/lib/python3.12/site-packages/airflow/example_dags/tutorial_dag.py took 0.074 seconds
[2024-04-19T19:08:02.939+0000] {processor.py:161} INFO - Started process (PID=1453) to work on /home/airflow/.local/lib/python3.12/site-packages/airflow/example_dags/tutorial_dag.py
[2024-04-19T19:08:02.942+0000] {processor.py:830} INFO - Processing file /home/airflow/.local/lib/python3.12/site-packages/airflow/example_dags/tutorial_dag.py for tasks to queue
[2024-04-19T19:08:02.943+0000] {logging_mixin.py:188} INFO - [2024-04-19T19:08:02.943+0000] {dagbag.py:540} INFO - Filling up the DagBag from /home/airflow/.local/lib/python3.12/site-packages/airflow/example_dags/tutorial_dag.py
[2024-04-19T19:08:02.956+0000] {processor.py:840} INFO - DAG(s) 'tutorial_dag' retrieved from /home/airflow/.local/lib/python3.12/site-packages/airflow/example_dags/tutorial_dag.py
[2024-04-19T19:08:02.995+0000] {logging_mixin.py:188} INFO - [2024-04-19T19:08:02.994+0000] {dag.py:3096} INFO - Sync 1 DAGs
[2024-04-19T19:08:03.020+0000] {logging_mixin.py:188} INFO - [2024-04-19T19:08:03.020+0000] {dag.py:3954} INFO - Setting next_dagrun for tutorial_dag to None, run_after=None
[2024-04-19T19:08:03.059+0000] {processor.py:183} INFO - Processing /home/airflow/.local/lib/python3.12/site-packages/airflow/example_dags/tutorial_dag.py took 0.131 seconds
[2024-04-19T19:08:33.391+0000] {processor.py:161} INFO - Started process (PID=1514) to work on /home/airflow/.local/lib/python3.12/site-packages/airflow/example_dags/tutorial_dag.py
[2024-04-19T19:08:33.392+0000] {processor.py:830} INFO - Processing file /home/airflow/.local/lib/python3.12/site-packages/airflow/example_dags/tutorial_dag.py for tasks to queue
[2024-04-19T19:08:33.394+0000] {logging_mixin.py:188} INFO - [2024-04-19T19:08:33.393+0000] {dagbag.py:540} INFO - Filling up the DagBag from /home/airflow/.local/lib/python3.12/site-packages/airflow/example_dags/tutorial_dag.py
[2024-04-19T19:08:33.400+0000] {processor.py:840} INFO - DAG(s) 'tutorial_dag' retrieved from /home/airflow/.local/lib/python3.12/site-packages/airflow/example_dags/tutorial_dag.py
[2024-04-19T19:08:33.425+0000] {logging_mixin.py:188} INFO - [2024-04-19T19:08:33.425+0000] {dag.py:3096} INFO - Sync 1 DAGs
[2024-04-19T19:08:33.447+0000] {logging_mixin.py:188} INFO - [2024-04-19T19:08:33.447+0000] {dag.py:3954} INFO - Setting next_dagrun for tutorial_dag to None, run_after=None
[2024-04-19T19:08:33.479+0000] {processor.py:183} INFO - Processing /home/airflow/.local/lib/python3.12/site-packages/airflow/example_dags/tutorial_dag.py took 0.097 seconds
[2024-04-19T19:09:04.250+0000] {processor.py:161} INFO - Started process (PID=1574) to work on /home/airflow/.local/lib/python3.12/site-packages/airflow/example_dags/tutorial_dag.py
[2024-04-19T19:09:04.251+0000] {processor.py:830} INFO - Processing file /home/airflow/.local/lib/python3.12/site-packages/airflow/example_dags/tutorial_dag.py for tasks to queue
[2024-04-19T19:09:04.252+0000] {logging_mixin.py:188} INFO - [2024-04-19T19:09:04.252+0000] {dagbag.py:540} INFO - Filling up the DagBag from /home/airflow/.local/lib/python3.12/site-packages/airflow/example_dags/tutorial_dag.py
[2024-04-19T19:09:04.257+0000] {processor.py:840} INFO - DAG(s) 'tutorial_dag' retrieved from /home/airflow/.local/lib/python3.12/site-packages/airflow/example_dags/tutorial_dag.py
[2024-04-19T19:09:04.280+0000] {logging_mixin.py:188} INFO - [2024-04-19T19:09:04.279+0000] {dag.py:3096} INFO - Sync 1 DAGs
[2024-04-19T19:09:04.292+0000] {logging_mixin.py:188} INFO - [2024-04-19T19:09:04.292+0000] {dag.py:3954} INFO - Setting next_dagrun for tutorial_dag to None, run_after=None
[2024-04-19T19:09:04.318+0000] {processor.py:183} INFO - Processing /home/airflow/.local/lib/python3.12/site-packages/airflow/example_dags/tutorial_dag.py took 0.075 seconds
[2024-04-19T19:09:34.449+0000] {processor.py:161} INFO - Started process (PID=1633) to work on /home/airflow/.local/lib/python3.12/site-packages/airflow/example_dags/tutorial_dag.py
[2024-04-19T19:09:34.451+0000] {processor.py:830} INFO - Processing file /home/airflow/.local/lib/python3.12/site-packages/airflow/example_dags/tutorial_dag.py for tasks to queue
[2024-04-19T19:09:34.452+0000] {logging_mixin.py:188} INFO - [2024-04-19T19:09:34.451+0000] {dagbag.py:540} INFO - Filling up the DagBag from /home/airflow/.local/lib/python3.12/site-packages/airflow/example_dags/tutorial_dag.py
[2024-04-19T19:09:34.459+0000] {processor.py:840} INFO - DAG(s) 'tutorial_dag' retrieved from /home/airflow/.local/lib/python3.12/site-packages/airflow/example_dags/tutorial_dag.py
[2024-04-19T19:09:34.486+0000] {logging_mixin.py:188} INFO - [2024-04-19T19:09:34.486+0000] {dag.py:3096} INFO - Sync 1 DAGs
[2024-04-19T19:09:34.514+0000] {logging_mixin.py:188} INFO - [2024-04-19T19:09:34.513+0000] {dag.py:3954} INFO - Setting next_dagrun for tutorial_dag to None, run_after=None
[2024-04-19T19:09:34.541+0000] {processor.py:183} INFO - Processing /home/airflow/.local/lib/python3.12/site-packages/airflow/example_dags/tutorial_dag.py took 0.101 seconds
[2024-04-19T19:10:04.780+0000] {processor.py:161} INFO - Started process (PID=1692) to work on /home/airflow/.local/lib/python3.12/site-packages/airflow/example_dags/tutorial_dag.py
[2024-04-19T19:10:04.782+0000] {processor.py:830} INFO - Processing file /home/airflow/.local/lib/python3.12/site-packages/airflow/example_dags/tutorial_dag.py for tasks to queue
[2024-04-19T19:10:04.784+0000] {logging_mixin.py:188} INFO - [2024-04-19T19:10:04.783+0000] {dagbag.py:540} INFO - Filling up the DagBag from /home/airflow/.local/lib/python3.12/site-packages/airflow/example_dags/tutorial_dag.py
[2024-04-19T19:10:04.802+0000] {processor.py:840} INFO - DAG(s) 'tutorial_dag' retrieved from /home/airflow/.local/lib/python3.12/site-packages/airflow/example_dags/tutorial_dag.py
[2024-04-19T19:10:04.851+0000] {logging_mixin.py:188} INFO - [2024-04-19T19:10:04.851+0000] {dag.py:3096} INFO - Sync 1 DAGs
[2024-04-19T19:10:04.886+0000] {logging_mixin.py:188} INFO - [2024-04-19T19:10:04.885+0000] {dag.py:3954} INFO - Setting next_dagrun for tutorial_dag to None, run_after=None
[2024-04-19T19:10:04.917+0000] {processor.py:183} INFO - Processing /home/airflow/.local/lib/python3.12/site-packages/airflow/example_dags/tutorial_dag.py took 0.147 seconds
[2024-04-19T19:10:35.015+0000] {processor.py:161} INFO - Started process (PID=1752) to work on /home/airflow/.local/lib/python3.12/site-packages/airflow/example_dags/tutorial_dag.py
[2024-04-19T19:10:35.016+0000] {processor.py:830} INFO - Processing file /home/airflow/.local/lib/python3.12/site-packages/airflow/example_dags/tutorial_dag.py for tasks to queue
[2024-04-19T19:10:35.017+0000] {logging_mixin.py:188} INFO - [2024-04-19T19:10:35.017+0000] {dagbag.py:540} INFO - Filling up the DagBag from /home/airflow/.local/lib/python3.12/site-packages/airflow/example_dags/tutorial_dag.py
[2024-04-19T19:10:35.025+0000] {processor.py:840} INFO - DAG(s) 'tutorial_dag' retrieved from /home/airflow/.local/lib/python3.12/site-packages/airflow/example_dags/tutorial_dag.py
[2024-04-19T19:10:35.051+0000] {logging_mixin.py:188} INFO - [2024-04-19T19:10:35.051+0000] {dag.py:3096} INFO - Sync 1 DAGs
[2024-04-19T19:10:35.065+0000] {logging_mixin.py:188} INFO - [2024-04-19T19:10:35.065+0000] {dag.py:3954} INFO - Setting next_dagrun for tutorial_dag to None, run_after=None
[2024-04-19T19:10:35.091+0000] {processor.py:183} INFO - Processing /home/airflow/.local/lib/python3.12/site-packages/airflow/example_dags/tutorial_dag.py took 0.083 seconds
[2024-04-19T19:11:05.670+0000] {processor.py:161} INFO - Started process (PID=1812) to work on /home/airflow/.local/lib/python3.12/site-packages/airflow/example_dags/tutorial_dag.py
[2024-04-19T19:11:05.671+0000] {processor.py:830} INFO - Processing file /home/airflow/.local/lib/python3.12/site-packages/airflow/example_dags/tutorial_dag.py for tasks to queue
[2024-04-19T19:11:05.672+0000] {logging_mixin.py:188} INFO - [2024-04-19T19:11:05.672+0000] {dagbag.py:540} INFO - Filling up the DagBag from /home/airflow/.local/lib/python3.12/site-packages/airflow/example_dags/tutorial_dag.py
[2024-04-19T19:11:05.677+0000] {processor.py:840} INFO - DAG(s) 'tutorial_dag' retrieved from /home/airflow/.local/lib/python3.12/site-packages/airflow/example_dags/tutorial_dag.py
[2024-04-19T19:11:05.699+0000] {logging_mixin.py:188} INFO - [2024-04-19T19:11:05.698+0000] {dag.py:3096} INFO - Sync 1 DAGs
[2024-04-19T19:11:05.712+0000] {logging_mixin.py:188} INFO - [2024-04-19T19:11:05.711+0000] {dag.py:3954} INFO - Setting next_dagrun for tutorial_dag to None, run_after=None
[2024-04-19T19:11:05.736+0000] {processor.py:183} INFO - Processing /home/airflow/.local/lib/python3.12/site-packages/airflow/example_dags/tutorial_dag.py took 0.075 seconds
[2024-04-19T19:11:35.881+0000] {processor.py:161} INFO - Started process (PID=1873) to work on /home/airflow/.local/lib/python3.12/site-packages/airflow/example_dags/tutorial_dag.py
[2024-04-19T19:11:35.882+0000] {processor.py:830} INFO - Processing file /home/airflow/.local/lib/python3.12/site-packages/airflow/example_dags/tutorial_dag.py for tasks to queue
[2024-04-19T19:11:35.883+0000] {logging_mixin.py:188} INFO - [2024-04-19T19:11:35.883+0000] {dagbag.py:540} INFO - Filling up the DagBag from /home/airflow/.local/lib/python3.12/site-packages/airflow/example_dags/tutorial_dag.py
[2024-04-19T19:11:35.890+0000] {processor.py:840} INFO - DAG(s) 'tutorial_dag' retrieved from /home/airflow/.local/lib/python3.12/site-packages/airflow/example_dags/tutorial_dag.py
[2024-04-19T19:11:35.911+0000] {logging_mixin.py:188} INFO - [2024-04-19T19:11:35.911+0000] {dag.py:3096} INFO - Sync 1 DAGs
[2024-04-19T19:11:35.924+0000] {logging_mixin.py:188} INFO - [2024-04-19T19:11:35.924+0000] {dag.py:3954} INFO - Setting next_dagrun for tutorial_dag to None, run_after=None
[2024-04-19T19:11:35.949+0000] {processor.py:183} INFO - Processing /home/airflow/.local/lib/python3.12/site-packages/airflow/example_dags/tutorial_dag.py took 0.073 seconds
[2024-04-19T19:12:06.521+0000] {processor.py:161} INFO - Started process (PID=1933) to work on /home/airflow/.local/lib/python3.12/site-packages/airflow/example_dags/tutorial_dag.py
[2024-04-19T19:12:06.523+0000] {processor.py:830} INFO - Processing file /home/airflow/.local/lib/python3.12/site-packages/airflow/example_dags/tutorial_dag.py for tasks to queue
[2024-04-19T19:12:06.524+0000] {logging_mixin.py:188} INFO - [2024-04-19T19:12:06.524+0000] {dagbag.py:540} INFO - Filling up the DagBag from /home/airflow/.local/lib/python3.12/site-packages/airflow/example_dags/tutorial_dag.py
[2024-04-19T19:12:06.536+0000] {processor.py:840} INFO - DAG(s) 'tutorial_dag' retrieved from /home/airflow/.local/lib/python3.12/site-packages/airflow/example_dags/tutorial_dag.py
[2024-04-19T19:12:06.563+0000] {logging_mixin.py:188} INFO - [2024-04-19T19:12:06.563+0000] {dag.py:3096} INFO - Sync 1 DAGs
[2024-04-19T19:12:06.576+0000] {logging_mixin.py:188} INFO - [2024-04-19T19:12:06.576+0000] {dag.py:3954} INFO - Setting next_dagrun for tutorial_dag to None, run_after=None
[2024-04-19T19:12:06.599+0000] {processor.py:183} INFO - Processing /home/airflow/.local/lib/python3.12/site-packages/airflow/example_dags/tutorial_dag.py took 0.085 seconds
[2024-04-19T19:12:37.489+0000] {processor.py:161} INFO - Started process (PID=1993) to work on /home/airflow/.local/lib/python3.12/site-packages/airflow/example_dags/tutorial_dag.py
[2024-04-19T19:12:37.490+0000] {processor.py:830} INFO - Processing file /home/airflow/.local/lib/python3.12/site-packages/airflow/example_dags/tutorial_dag.py for tasks to queue
[2024-04-19T19:12:37.491+0000] {logging_mixin.py:188} INFO - [2024-04-19T19:12:37.491+0000] {dagbag.py:540} INFO - Filling up the DagBag from /home/airflow/.local/lib/python3.12/site-packages/airflow/example_dags/tutorial_dag.py
[2024-04-19T19:12:37.498+0000] {processor.py:840} INFO - DAG(s) 'tutorial_dag' retrieved from /home/airflow/.local/lib/python3.12/site-packages/airflow/example_dags/tutorial_dag.py
[2024-04-19T19:12:37.524+0000] {logging_mixin.py:188} INFO - [2024-04-19T19:12:37.523+0000] {dag.py:3096} INFO - Sync 1 DAGs
[2024-04-19T19:12:37.541+0000] {logging_mixin.py:188} INFO - [2024-04-19T19:12:37.541+0000] {dag.py:3954} INFO - Setting next_dagrun for tutorial_dag to None, run_after=None
[2024-04-19T19:12:37.567+0000] {processor.py:183} INFO - Processing /home/airflow/.local/lib/python3.12/site-packages/airflow/example_dags/tutorial_dag.py took 0.085 seconds
[2024-04-19T19:13:08.026+0000] {processor.py:161} INFO - Started process (PID=2053) to work on /home/airflow/.local/lib/python3.12/site-packages/airflow/example_dags/tutorial_dag.py
[2024-04-19T19:13:08.036+0000] {processor.py:830} INFO - Processing file /home/airflow/.local/lib/python3.12/site-packages/airflow/example_dags/tutorial_dag.py for tasks to queue
[2024-04-19T19:13:08.039+0000] {logging_mixin.py:188} INFO - [2024-04-19T19:13:08.038+0000] {dagbag.py:540} INFO - Filling up the DagBag from /home/airflow/.local/lib/python3.12/site-packages/airflow/example_dags/tutorial_dag.py
[2024-04-19T19:13:08.047+0000] {processor.py:840} INFO - DAG(s) 'tutorial_dag' retrieved from /home/airflow/.local/lib/python3.12/site-packages/airflow/example_dags/tutorial_dag.py
[2024-04-19T19:13:08.103+0000] {logging_mixin.py:188} INFO - [2024-04-19T19:13:08.103+0000] {dag.py:3096} INFO - Sync 1 DAGs
[2024-04-19T19:13:08.155+0000] {logging_mixin.py:188} INFO - [2024-04-19T19:13:08.155+0000] {dag.py:3954} INFO - Setting next_dagrun for tutorial_dag to None, run_after=None
[2024-04-19T19:13:08.209+0000] {processor.py:183} INFO - Processing /home/airflow/.local/lib/python3.12/site-packages/airflow/example_dags/tutorial_dag.py took 0.208 seconds
[2024-04-19T19:13:38.353+0000] {processor.py:161} INFO - Started process (PID=2113) to work on /home/airflow/.local/lib/python3.12/site-packages/airflow/example_dags/tutorial_dag.py
[2024-04-19T19:13:38.354+0000] {processor.py:830} INFO - Processing file /home/airflow/.local/lib/python3.12/site-packages/airflow/example_dags/tutorial_dag.py for tasks to queue
[2024-04-19T19:13:38.356+0000] {logging_mixin.py:188} INFO - [2024-04-19T19:13:38.355+0000] {dagbag.py:540} INFO - Filling up the DagBag from /home/airflow/.local/lib/python3.12/site-packages/airflow/example_dags/tutorial_dag.py
[2024-04-19T19:13:38.361+0000] {processor.py:840} INFO - DAG(s) 'tutorial_dag' retrieved from /home/airflow/.local/lib/python3.12/site-packages/airflow/example_dags/tutorial_dag.py
[2024-04-19T19:13:38.395+0000] {logging_mixin.py:188} INFO - [2024-04-19T19:13:38.394+0000] {dag.py:3096} INFO - Sync 1 DAGs
[2024-04-19T19:13:38.422+0000] {logging_mixin.py:188} INFO - [2024-04-19T19:13:38.422+0000] {dag.py:3954} INFO - Setting next_dagrun for tutorial_dag to None, run_after=None
[2024-04-19T19:13:38.453+0000] {processor.py:183} INFO - Processing /home/airflow/.local/lib/python3.12/site-packages/airflow/example_dags/tutorial_dag.py took 0.107 seconds
[2024-04-19T19:14:09.074+0000] {processor.py:161} INFO - Started process (PID=2174) to work on /home/airflow/.local/lib/python3.12/site-packages/airflow/example_dags/tutorial_dag.py
[2024-04-19T19:14:09.076+0000] {processor.py:830} INFO - Processing file /home/airflow/.local/lib/python3.12/site-packages/airflow/example_dags/tutorial_dag.py for tasks to queue
[2024-04-19T19:14:09.077+0000] {logging_mixin.py:188} INFO - [2024-04-19T19:14:09.076+0000] {dagbag.py:540} INFO - Filling up the DagBag from /home/airflow/.local/lib/python3.12/site-packages/airflow/example_dags/tutorial_dag.py
[2024-04-19T19:14:09.084+0000] {processor.py:840} INFO - DAG(s) 'tutorial_dag' retrieved from /home/airflow/.local/lib/python3.12/site-packages/airflow/example_dags/tutorial_dag.py
[2024-04-19T19:14:09.112+0000] {logging_mixin.py:188} INFO - [2024-04-19T19:14:09.112+0000] {dag.py:3096} INFO - Sync 1 DAGs
[2024-04-19T19:14:09.132+0000] {logging_mixin.py:188} INFO - [2024-04-19T19:14:09.131+0000] {dag.py:3954} INFO - Setting next_dagrun for tutorial_dag to None, run_after=None
[2024-04-19T19:14:09.166+0000] {processor.py:183} INFO - Processing /home/airflow/.local/lib/python3.12/site-packages/airflow/example_dags/tutorial_dag.py took 0.099 seconds
[2024-04-19T19:14:39.364+0000] {processor.py:161} INFO - Started process (PID=2234) to work on /home/airflow/.local/lib/python3.12/site-packages/airflow/example_dags/tutorial_dag.py
[2024-04-19T19:14:39.365+0000] {processor.py:830} INFO - Processing file /home/airflow/.local/lib/python3.12/site-packages/airflow/example_dags/tutorial_dag.py for tasks to queue
[2024-04-19T19:14:39.366+0000] {logging_mixin.py:188} INFO - [2024-04-19T19:14:39.366+0000] {dagbag.py:540} INFO - Filling up the DagBag from /home/airflow/.local/lib/python3.12/site-packages/airflow/example_dags/tutorial_dag.py
[2024-04-19T19:14:39.373+0000] {processor.py:840} INFO - DAG(s) 'tutorial_dag' retrieved from /home/airflow/.local/lib/python3.12/site-packages/airflow/example_dags/tutorial_dag.py
[2024-04-19T19:14:39.395+0000] {logging_mixin.py:188} INFO - [2024-04-19T19:14:39.394+0000] {dag.py:3096} INFO - Sync 1 DAGs
[2024-04-19T19:14:39.409+0000] {logging_mixin.py:188} INFO - [2024-04-19T19:14:39.409+0000] {dag.py:3954} INFO - Setting next_dagrun for tutorial_dag to None, run_after=None
[2024-04-19T19:14:39.433+0000] {processor.py:183} INFO - Processing /home/airflow/.local/lib/python3.12/site-packages/airflow/example_dags/tutorial_dag.py took 0.074 seconds
[2024-04-19T19:15:10.234+0000] {processor.py:161} INFO - Started process (PID=2294) to work on /home/airflow/.local/lib/python3.12/site-packages/airflow/example_dags/tutorial_dag.py
[2024-04-19T19:15:10.235+0000] {processor.py:830} INFO - Processing file /home/airflow/.local/lib/python3.12/site-packages/airflow/example_dags/tutorial_dag.py for tasks to queue
[2024-04-19T19:15:10.236+0000] {logging_mixin.py:188} INFO - [2024-04-19T19:15:10.236+0000] {dagbag.py:540} INFO - Filling up the DagBag from /home/airflow/.local/lib/python3.12/site-packages/airflow/example_dags/tutorial_dag.py
[2024-04-19T19:15:10.245+0000] {processor.py:840} INFO - DAG(s) 'tutorial_dag' retrieved from /home/airflow/.local/lib/python3.12/site-packages/airflow/example_dags/tutorial_dag.py
[2024-04-19T19:15:10.270+0000] {logging_mixin.py:188} INFO - [2024-04-19T19:15:10.270+0000] {dag.py:3096} INFO - Sync 1 DAGs
[2024-04-19T19:15:10.285+0000] {logging_mixin.py:188} INFO - [2024-04-19T19:15:10.285+0000] {dag.py:3954} INFO - Setting next_dagrun for tutorial_dag to None, run_after=None
[2024-04-19T19:15:10.306+0000] {processor.py:183} INFO - Processing /home/airflow/.local/lib/python3.12/site-packages/airflow/example_dags/tutorial_dag.py took 0.080 seconds
[2024-04-19T19:15:40.641+0000] {processor.py:161} INFO - Started process (PID=2354) to work on /home/airflow/.local/lib/python3.12/site-packages/airflow/example_dags/tutorial_dag.py
[2024-04-19T19:15:40.643+0000] {processor.py:830} INFO - Processing file /home/airflow/.local/lib/python3.12/site-packages/airflow/example_dags/tutorial_dag.py for tasks to queue
[2024-04-19T19:15:40.644+0000] {logging_mixin.py:188} INFO - [2024-04-19T19:15:40.644+0000] {dagbag.py:540} INFO - Filling up the DagBag from /home/airflow/.local/lib/python3.12/site-packages/airflow/example_dags/tutorial_dag.py
[2024-04-19T19:15:40.654+0000] {processor.py:840} INFO - DAG(s) 'tutorial_dag' retrieved from /home/airflow/.local/lib/python3.12/site-packages/airflow/example_dags/tutorial_dag.py
[2024-04-19T19:15:40.689+0000] {logging_mixin.py:188} INFO - [2024-04-19T19:15:40.689+0000] {dag.py:3096} INFO - Sync 1 DAGs
[2024-04-19T19:15:40.710+0000] {logging_mixin.py:188} INFO - [2024-04-19T19:15:40.710+0000] {dag.py:3954} INFO - Setting next_dagrun for tutorial_dag to None, run_after=None
[2024-04-19T19:15:40.742+0000] {processor.py:183} INFO - Processing /home/airflow/.local/lib/python3.12/site-packages/airflow/example_dags/tutorial_dag.py took 0.116 seconds
[2024-04-19T19:16:10.967+0000] {processor.py:161} INFO - Started process (PID=2414) to work on /home/airflow/.local/lib/python3.12/site-packages/airflow/example_dags/tutorial_dag.py
[2024-04-19T19:16:10.968+0000] {processor.py:830} INFO - Processing file /home/airflow/.local/lib/python3.12/site-packages/airflow/example_dags/tutorial_dag.py for tasks to queue
[2024-04-19T19:16:10.969+0000] {logging_mixin.py:188} INFO - [2024-04-19T19:16:10.969+0000] {dagbag.py:540} INFO - Filling up the DagBag from /home/airflow/.local/lib/python3.12/site-packages/airflow/example_dags/tutorial_dag.py
[2024-04-19T19:16:10.977+0000] {processor.py:840} INFO - DAG(s) 'tutorial_dag' retrieved from /home/airflow/.local/lib/python3.12/site-packages/airflow/example_dags/tutorial_dag.py
[2024-04-19T19:16:11.003+0000] {logging_mixin.py:188} INFO - [2024-04-19T19:16:11.003+0000] {dag.py:3096} INFO - Sync 1 DAGs
[2024-04-19T19:16:11.021+0000] {logging_mixin.py:188} INFO - [2024-04-19T19:16:11.021+0000] {dag.py:3954} INFO - Setting next_dagrun for tutorial_dag to None, run_after=None
[2024-04-19T19:16:11.048+0000] {processor.py:183} INFO - Processing /home/airflow/.local/lib/python3.12/site-packages/airflow/example_dags/tutorial_dag.py took 0.089 seconds
[2024-04-19T19:16:41.192+0000] {processor.py:161} INFO - Started process (PID=2474) to work on /home/airflow/.local/lib/python3.12/site-packages/airflow/example_dags/tutorial_dag.py
[2024-04-19T19:16:41.193+0000] {processor.py:830} INFO - Processing file /home/airflow/.local/lib/python3.12/site-packages/airflow/example_dags/tutorial_dag.py for tasks to queue
[2024-04-19T19:16:41.194+0000] {logging_mixin.py:188} INFO - [2024-04-19T19:16:41.193+0000] {dagbag.py:540} INFO - Filling up the DagBag from /home/airflow/.local/lib/python3.12/site-packages/airflow/example_dags/tutorial_dag.py
[2024-04-19T19:16:41.200+0000] {processor.py:840} INFO - DAG(s) 'tutorial_dag' retrieved from /home/airflow/.local/lib/python3.12/site-packages/airflow/example_dags/tutorial_dag.py
[2024-04-19T19:16:41.233+0000] {logging_mixin.py:188} INFO - [2024-04-19T19:16:41.232+0000] {dag.py:3096} INFO - Sync 1 DAGs
[2024-04-19T19:16:41.251+0000] {logging_mixin.py:188} INFO - [2024-04-19T19:16:41.250+0000] {dag.py:3954} INFO - Setting next_dagrun for tutorial_dag to None, run_after=None
[2024-04-19T19:16:41.280+0000] {processor.py:183} INFO - Processing /home/airflow/.local/lib/python3.12/site-packages/airflow/example_dags/tutorial_dag.py took 0.095 seconds
