[2024-04-16T11:58:20.503+0000] {processor.py:161} INFO - Started process (PID=77) to work on /home/airflow/.local/lib/python3.12/site-packages/airflow/example_dags/example_setup_teardown.py
[2024-04-16T11:58:20.509+0000] {processor.py:830} INFO - Processing file /home/airflow/.local/lib/python3.12/site-packages/airflow/example_dags/example_setup_teardown.py for tasks to queue
[2024-04-16T11:58:20.522+0000] {logging_mixin.py:188} INFO - [2024-04-16T11:58:20.520+0000] {dagbag.py:540} INFO - Filling up the DagBag from /home/airflow/.local/lib/python3.12/site-packages/airflow/example_dags/example_setup_teardown.py
[2024-04-16T11:58:20.567+0000] {processor.py:840} INFO - DAG(s) 'example_setup_teardown' retrieved from /home/airflow/.local/lib/python3.12/site-packages/airflow/example_dags/example_setup_teardown.py
[2024-04-16T11:58:21.233+0000] {logging_mixin.py:188} INFO - [2024-04-16T11:58:21.232+0000] {dag.py:3096} INFO - Sync 1 DAGs
[2024-04-16T11:58:21.321+0000] {logging_mixin.py:188} INFO - [2024-04-16T11:58:21.321+0000] {dag.py:3954} INFO - Setting next_dagrun for example_setup_teardown to 2024-04-15 00:00:00+00:00, run_after=2024-04-16 00:00:00+00:00
[2024-04-16T11:58:21.475+0000] {processor.py:183} INFO - Processing /home/airflow/.local/lib/python3.12/site-packages/airflow/example_dags/example_setup_teardown.py took 1.059 seconds
[2024-04-16T12:08:56.922+0000] {processor.py:161} INFO - Started process (PID=81) to work on /home/airflow/.local/lib/python3.12/site-packages/airflow/example_dags/example_setup_teardown.py
[2024-04-16T12:08:56.923+0000] {processor.py:830} INFO - Processing file /home/airflow/.local/lib/python3.12/site-packages/airflow/example_dags/example_setup_teardown.py for tasks to queue
[2024-04-16T12:08:56.926+0000] {logging_mixin.py:188} INFO - [2024-04-16T12:08:56.925+0000] {dagbag.py:540} INFO - Filling up the DagBag from /home/airflow/.local/lib/python3.12/site-packages/airflow/example_dags/example_setup_teardown.py
[2024-04-16T12:08:56.937+0000] {processor.py:840} INFO - DAG(s) 'example_setup_teardown' retrieved from /home/airflow/.local/lib/python3.12/site-packages/airflow/example_dags/example_setup_teardown.py
[2024-04-16T12:08:57.079+0000] {logging_mixin.py:188} INFO - [2024-04-16T12:08:57.079+0000] {dag.py:3096} INFO - Sync 1 DAGs
[2024-04-16T12:08:57.119+0000] {logging_mixin.py:188} INFO - [2024-04-16T12:08:57.119+0000] {dag.py:3954} INFO - Setting next_dagrun for example_setup_teardown to 2024-04-15 00:00:00+00:00, run_after=2024-04-16 00:00:00+00:00
[2024-04-16T12:08:57.147+0000] {processor.py:183} INFO - Processing /home/airflow/.local/lib/python3.12/site-packages/airflow/example_dags/example_setup_teardown.py took 0.233 seconds
[2024-04-16T12:09:27.523+0000] {processor.py:161} INFO - Started process (PID=144) to work on /home/airflow/.local/lib/python3.12/site-packages/airflow/example_dags/example_setup_teardown.py
[2024-04-16T12:09:27.524+0000] {processor.py:830} INFO - Processing file /home/airflow/.local/lib/python3.12/site-packages/airflow/example_dags/example_setup_teardown.py for tasks to queue
[2024-04-16T12:09:27.526+0000] {logging_mixin.py:188} INFO - [2024-04-16T12:09:27.526+0000] {dagbag.py:540} INFO - Filling up the DagBag from /home/airflow/.local/lib/python3.12/site-packages/airflow/example_dags/example_setup_teardown.py
[2024-04-16T12:09:27.535+0000] {processor.py:840} INFO - DAG(s) 'example_setup_teardown' retrieved from /home/airflow/.local/lib/python3.12/site-packages/airflow/example_dags/example_setup_teardown.py
[2024-04-16T12:09:27.555+0000] {logging_mixin.py:188} INFO - [2024-04-16T12:09:27.554+0000] {dag.py:3096} INFO - Sync 1 DAGs
[2024-04-16T12:09:27.575+0000] {logging_mixin.py:188} INFO - [2024-04-16T12:09:27.575+0000] {dag.py:3954} INFO - Setting next_dagrun for example_setup_teardown to 2024-04-15 00:00:00+00:00, run_after=2024-04-16 00:00:00+00:00
[2024-04-16T12:09:27.593+0000] {processor.py:183} INFO - Processing /home/airflow/.local/lib/python3.12/site-packages/airflow/example_dags/example_setup_teardown.py took 0.076 seconds
[2024-04-16T12:09:58.015+0000] {processor.py:161} INFO - Started process (PID=207) to work on /home/airflow/.local/lib/python3.12/site-packages/airflow/example_dags/example_setup_teardown.py
[2024-04-16T12:09:58.016+0000] {processor.py:830} INFO - Processing file /home/airflow/.local/lib/python3.12/site-packages/airflow/example_dags/example_setup_teardown.py for tasks to queue
[2024-04-16T12:09:58.020+0000] {logging_mixin.py:188} INFO - [2024-04-16T12:09:58.019+0000] {dagbag.py:540} INFO - Filling up the DagBag from /home/airflow/.local/lib/python3.12/site-packages/airflow/example_dags/example_setup_teardown.py
[2024-04-16T12:09:58.029+0000] {processor.py:840} INFO - DAG(s) 'example_setup_teardown' retrieved from /home/airflow/.local/lib/python3.12/site-packages/airflow/example_dags/example_setup_teardown.py
[2024-04-16T12:09:58.055+0000] {logging_mixin.py:188} INFO - [2024-04-16T12:09:58.055+0000] {dag.py:3096} INFO - Sync 1 DAGs
[2024-04-16T12:09:58.089+0000] {logging_mixin.py:188} INFO - [2024-04-16T12:09:58.089+0000] {dag.py:3954} INFO - Setting next_dagrun for example_setup_teardown to 2024-04-15 00:00:00+00:00, run_after=2024-04-16 00:00:00+00:00
[2024-04-16T12:09:58.127+0000] {processor.py:183} INFO - Processing /home/airflow/.local/lib/python3.12/site-packages/airflow/example_dags/example_setup_teardown.py took 0.119 seconds
[2024-04-16T12:31:36.972+0000] {processor.py:161} INFO - Started process (PID=85) to work on /home/airflow/.local/lib/python3.12/site-packages/airflow/example_dags/example_setup_teardown.py
[2024-04-16T12:31:36.974+0000] {processor.py:830} INFO - Processing file /home/airflow/.local/lib/python3.12/site-packages/airflow/example_dags/example_setup_teardown.py for tasks to queue
[2024-04-16T12:31:36.977+0000] {logging_mixin.py:188} INFO - [2024-04-16T12:31:36.976+0000] {dagbag.py:540} INFO - Filling up the DagBag from /home/airflow/.local/lib/python3.12/site-packages/airflow/example_dags/example_setup_teardown.py
[2024-04-16T12:31:36.989+0000] {processor.py:840} INFO - DAG(s) 'example_setup_teardown' retrieved from /home/airflow/.local/lib/python3.12/site-packages/airflow/example_dags/example_setup_teardown.py
[2024-04-16T12:31:37.163+0000] {logging_mixin.py:188} INFO - [2024-04-16T12:31:37.162+0000] {dag.py:3096} INFO - Sync 1 DAGs
[2024-04-16T12:31:37.193+0000] {logging_mixin.py:188} INFO - [2024-04-16T12:31:37.193+0000] {dag.py:3954} INFO - Setting next_dagrun for example_setup_teardown to 2024-04-15 00:00:00+00:00, run_after=2024-04-16 00:00:00+00:00
[2024-04-16T12:31:37.235+0000] {processor.py:183} INFO - Processing /home/airflow/.local/lib/python3.12/site-packages/airflow/example_dags/example_setup_teardown.py took 0.269 seconds
[2024-04-16T12:32:08.039+0000] {processor.py:161} INFO - Started process (PID=148) to work on /home/airflow/.local/lib/python3.12/site-packages/airflow/example_dags/example_setup_teardown.py
[2024-04-16T12:32:08.040+0000] {processor.py:830} INFO - Processing file /home/airflow/.local/lib/python3.12/site-packages/airflow/example_dags/example_setup_teardown.py for tasks to queue
[2024-04-16T12:32:08.042+0000] {logging_mixin.py:188} INFO - [2024-04-16T12:32:08.041+0000] {dagbag.py:540} INFO - Filling up the DagBag from /home/airflow/.local/lib/python3.12/site-packages/airflow/example_dags/example_setup_teardown.py
[2024-04-16T12:32:08.051+0000] {processor.py:840} INFO - DAG(s) 'example_setup_teardown' retrieved from /home/airflow/.local/lib/python3.12/site-packages/airflow/example_dags/example_setup_teardown.py
[2024-04-16T12:32:08.074+0000] {logging_mixin.py:188} INFO - [2024-04-16T12:32:08.073+0000] {dag.py:3096} INFO - Sync 1 DAGs
[2024-04-16T12:32:08.104+0000] {logging_mixin.py:188} INFO - [2024-04-16T12:32:08.103+0000] {dag.py:3954} INFO - Setting next_dagrun for example_setup_teardown to 2024-04-15 00:00:00+00:00, run_after=2024-04-16 00:00:00+00:00
[2024-04-16T12:32:08.130+0000] {processor.py:183} INFO - Processing /home/airflow/.local/lib/python3.12/site-packages/airflow/example_dags/example_setup_teardown.py took 0.096 seconds
[2024-04-16T12:32:38.616+0000] {processor.py:161} INFO - Started process (PID=211) to work on /home/airflow/.local/lib/python3.12/site-packages/airflow/example_dags/example_setup_teardown.py
[2024-04-16T12:32:38.617+0000] {processor.py:830} INFO - Processing file /home/airflow/.local/lib/python3.12/site-packages/airflow/example_dags/example_setup_teardown.py for tasks to queue
[2024-04-16T12:32:38.618+0000] {logging_mixin.py:188} INFO - [2024-04-16T12:32:38.618+0000] {dagbag.py:540} INFO - Filling up the DagBag from /home/airflow/.local/lib/python3.12/site-packages/airflow/example_dags/example_setup_teardown.py
[2024-04-16T12:32:38.625+0000] {processor.py:840} INFO - DAG(s) 'example_setup_teardown' retrieved from /home/airflow/.local/lib/python3.12/site-packages/airflow/example_dags/example_setup_teardown.py
[2024-04-16T12:32:38.648+0000] {logging_mixin.py:188} INFO - [2024-04-16T12:32:38.647+0000] {dag.py:3096} INFO - Sync 1 DAGs
[2024-04-16T12:32:38.671+0000] {logging_mixin.py:188} INFO - [2024-04-16T12:32:38.670+0000] {dag.py:3954} INFO - Setting next_dagrun for example_setup_teardown to 2024-04-15 00:00:00+00:00, run_after=2024-04-16 00:00:00+00:00
[2024-04-16T12:32:38.692+0000] {processor.py:183} INFO - Processing /home/airflow/.local/lib/python3.12/site-packages/airflow/example_dags/example_setup_teardown.py took 0.082 seconds
[2024-04-16T12:33:12.084+0000] {processor.py:161} INFO - Started process (PID=277) to work on /home/airflow/.local/lib/python3.12/site-packages/airflow/example_dags/example_setup_teardown.py
[2024-04-16T12:33:12.095+0000] {processor.py:830} INFO - Processing file /home/airflow/.local/lib/python3.12/site-packages/airflow/example_dags/example_setup_teardown.py for tasks to queue
[2024-04-16T12:33:12.100+0000] {logging_mixin.py:188} INFO - [2024-04-16T12:33:12.100+0000] {dagbag.py:540} INFO - Filling up the DagBag from /home/airflow/.local/lib/python3.12/site-packages/airflow/example_dags/example_setup_teardown.py
[2024-04-16T12:33:12.129+0000] {processor.py:840} INFO - DAG(s) 'example_setup_teardown' retrieved from /home/airflow/.local/lib/python3.12/site-packages/airflow/example_dags/example_setup_teardown.py
[2024-04-16T12:33:12.213+0000] {logging_mixin.py:188} INFO - [2024-04-16T12:33:12.213+0000] {dag.py:3096} INFO - Sync 1 DAGs
[2024-04-16T12:33:12.334+0000] {logging_mixin.py:188} INFO - [2024-04-16T12:33:12.334+0000] {dag.py:3954} INFO - Setting next_dagrun for example_setup_teardown to 2024-04-15 00:00:00+00:00, run_after=2024-04-16 00:00:00+00:00
[2024-04-16T12:33:12.420+0000] {processor.py:183} INFO - Processing /home/airflow/.local/lib/python3.12/site-packages/airflow/example_dags/example_setup_teardown.py took 0.351 seconds
[2024-04-16T12:33:42.683+0000] {processor.py:161} INFO - Started process (PID=340) to work on /home/airflow/.local/lib/python3.12/site-packages/airflow/example_dags/example_setup_teardown.py
[2024-04-16T12:33:42.685+0000] {processor.py:830} INFO - Processing file /home/airflow/.local/lib/python3.12/site-packages/airflow/example_dags/example_setup_teardown.py for tasks to queue
[2024-04-16T12:33:42.693+0000] {logging_mixin.py:188} INFO - [2024-04-16T12:33:42.692+0000] {dagbag.py:540} INFO - Filling up the DagBag from /home/airflow/.local/lib/python3.12/site-packages/airflow/example_dags/example_setup_teardown.py
[2024-04-16T12:33:42.706+0000] {processor.py:840} INFO - DAG(s) 'example_setup_teardown' retrieved from /home/airflow/.local/lib/python3.12/site-packages/airflow/example_dags/example_setup_teardown.py
[2024-04-16T12:33:42.777+0000] {logging_mixin.py:188} INFO - [2024-04-16T12:33:42.777+0000] {dag.py:3096} INFO - Sync 1 DAGs
[2024-04-16T12:33:42.828+0000] {logging_mixin.py:188} INFO - [2024-04-16T12:33:42.827+0000] {dag.py:3954} INFO - Setting next_dagrun for example_setup_teardown to 2024-04-15 00:00:00+00:00, run_after=2024-04-16 00:00:00+00:00
[2024-04-16T12:33:42.852+0000] {processor.py:183} INFO - Processing /home/airflow/.local/lib/python3.12/site-packages/airflow/example_dags/example_setup_teardown.py took 0.178 seconds
[2024-04-16T12:34:13.392+0000] {processor.py:161} INFO - Started process (PID=403) to work on /home/airflow/.local/lib/python3.12/site-packages/airflow/example_dags/example_setup_teardown.py
[2024-04-16T12:34:13.395+0000] {processor.py:830} INFO - Processing file /home/airflow/.local/lib/python3.12/site-packages/airflow/example_dags/example_setup_teardown.py for tasks to queue
[2024-04-16T12:34:13.396+0000] {logging_mixin.py:188} INFO - [2024-04-16T12:34:13.396+0000] {dagbag.py:540} INFO - Filling up the DagBag from /home/airflow/.local/lib/python3.12/site-packages/airflow/example_dags/example_setup_teardown.py
[2024-04-16T12:34:13.408+0000] {processor.py:840} INFO - DAG(s) 'example_setup_teardown' retrieved from /home/airflow/.local/lib/python3.12/site-packages/airflow/example_dags/example_setup_teardown.py
[2024-04-16T12:34:13.436+0000] {logging_mixin.py:188} INFO - [2024-04-16T12:34:13.435+0000] {dag.py:3096} INFO - Sync 1 DAGs
[2024-04-16T12:34:13.456+0000] {logging_mixin.py:188} INFO - [2024-04-16T12:34:13.456+0000] {dag.py:3954} INFO - Setting next_dagrun for example_setup_teardown to 2024-04-15 00:00:00+00:00, run_after=2024-04-16 00:00:00+00:00
[2024-04-16T12:34:13.482+0000] {processor.py:183} INFO - Processing /home/airflow/.local/lib/python3.12/site-packages/airflow/example_dags/example_setup_teardown.py took 0.098 seconds
[2024-04-16T12:38:13.153+0000] {processor.py:161} INFO - Started process (PID=506) to work on /home/airflow/.local/lib/python3.12/site-packages/airflow/example_dags/example_setup_teardown.py
[2024-04-16T12:38:13.161+0000] {processor.py:830} INFO - Processing file /home/airflow/.local/lib/python3.12/site-packages/airflow/example_dags/example_setup_teardown.py for tasks to queue
[2024-04-16T12:38:13.170+0000] {logging_mixin.py:188} INFO - [2024-04-16T12:38:13.168+0000] {dagbag.py:540} INFO - Filling up the DagBag from /home/airflow/.local/lib/python3.12/site-packages/airflow/example_dags/example_setup_teardown.py
[2024-04-16T12:38:13.302+0000] {processor.py:840} INFO - DAG(s) 'example_setup_teardown' retrieved from /home/airflow/.local/lib/python3.12/site-packages/airflow/example_dags/example_setup_teardown.py
[2024-04-16T12:38:13.487+0000] {logging_mixin.py:188} INFO - [2024-04-16T12:38:13.485+0000] {dag.py:3096} INFO - Sync 1 DAGs
[2024-04-16T12:38:13.800+0000] {logging_mixin.py:188} INFO - [2024-04-16T12:38:13.800+0000] {dag.py:3954} INFO - Setting next_dagrun for example_setup_teardown to 2024-04-15 00:00:00+00:00, run_after=2024-04-16 00:00:00+00:00
[2024-04-16T12:38:14.004+0000] {processor.py:183} INFO - Processing /home/airflow/.local/lib/python3.12/site-packages/airflow/example_dags/example_setup_teardown.py took 0.897 seconds
[2024-04-16T12:39:41.593+0000] {processor.py:161} INFO - Started process (PID=572) to work on /home/airflow/.local/lib/python3.12/site-packages/airflow/example_dags/example_setup_teardown.py
[2024-04-16T12:39:41.601+0000] {processor.py:830} INFO - Processing file /home/airflow/.local/lib/python3.12/site-packages/airflow/example_dags/example_setup_teardown.py for tasks to queue
[2024-04-16T12:39:41.606+0000] {logging_mixin.py:188} INFO - [2024-04-16T12:39:41.606+0000] {dagbag.py:540} INFO - Filling up the DagBag from /home/airflow/.local/lib/python3.12/site-packages/airflow/example_dags/example_setup_teardown.py
[2024-04-16T12:39:41.666+0000] {processor.py:840} INFO - DAG(s) 'example_setup_teardown' retrieved from /home/airflow/.local/lib/python3.12/site-packages/airflow/example_dags/example_setup_teardown.py
[2024-04-16T12:39:41.743+0000] {logging_mixin.py:188} INFO - [2024-04-16T12:39:41.743+0000] {dag.py:3096} INFO - Sync 1 DAGs
[2024-04-16T12:39:41.891+0000] {logging_mixin.py:188} INFO - [2024-04-16T12:39:41.884+0000] {dag.py:3954} INFO - Setting next_dagrun for example_setup_teardown to 2024-04-15 00:00:00+00:00, run_after=2024-04-16 00:00:00+00:00
[2024-04-16T12:39:42.084+0000] {processor.py:183} INFO - Processing /home/airflow/.local/lib/python3.12/site-packages/airflow/example_dags/example_setup_teardown.py took 0.522 seconds
