[2024-04-16T11:58:25.059+0000] {processor.py:161} INFO - Started process (PID=85) to work on /home/airflow/.local/lib/python3.12/site-packages/airflow/example_dags/example_bash_operator.py
[2024-04-16T11:58:25.061+0000] {processor.py:830} INFO - Processing file /home/airflow/.local/lib/python3.12/site-packages/airflow/example_dags/example_bash_operator.py for tasks to queue
[2024-04-16T11:58:25.064+0000] {logging_mixin.py:188} INFO - [2024-04-16T11:58:25.064+0000] {dagbag.py:540} INFO - Filling up the DagBag from /home/airflow/.local/lib/python3.12/site-packages/airflow/example_dags/example_bash_operator.py
[2024-04-16T11:58:25.108+0000] {processor.py:840} INFO - DAG(s) 'example_bash_operator' retrieved from /home/airflow/.local/lib/python3.12/site-packages/airflow/example_dags/example_bash_operator.py
[2024-04-16T11:58:25.412+0000] {logging_mixin.py:188} INFO - [2024-04-16T11:58:25.411+0000] {dag.py:3096} INFO - Sync 1 DAGs
[2024-04-16T11:58:25.520+0000] {logging_mixin.py:188} INFO - [2024-04-16T11:58:25.519+0000] {dag.py:3954} INFO - Setting next_dagrun for example_bash_operator to 2024-04-15 00:00:00+00:00, run_after=2024-04-16 00:00:00+00:00
[2024-04-16T11:58:25.604+0000] {processor.py:183} INFO - Processing /home/airflow/.local/lib/python3.12/site-packages/airflow/example_dags/example_bash_operator.py took 0.557 seconds
[2024-04-16T12:08:58.401+0000] {processor.py:161} INFO - Started process (PID=89) to work on /home/airflow/.local/lib/python3.12/site-packages/airflow/example_dags/example_bash_operator.py
[2024-04-16T12:08:58.403+0000] {processor.py:830} INFO - Processing file /home/airflow/.local/lib/python3.12/site-packages/airflow/example_dags/example_bash_operator.py for tasks to queue
[2024-04-16T12:08:58.405+0000] {logging_mixin.py:188} INFO - [2024-04-16T12:08:58.405+0000] {dagbag.py:540} INFO - Filling up the DagBag from /home/airflow/.local/lib/python3.12/site-packages/airflow/example_dags/example_bash_operator.py
[2024-04-16T12:08:58.426+0000] {processor.py:840} INFO - DAG(s) 'example_bash_operator' retrieved from /home/airflow/.local/lib/python3.12/site-packages/airflow/example_dags/example_bash_operator.py
[2024-04-16T12:08:58.609+0000] {logging_mixin.py:188} INFO - [2024-04-16T12:08:58.608+0000] {dag.py:3096} INFO - Sync 1 DAGs
[2024-04-16T12:08:58.645+0000] {logging_mixin.py:188} INFO - [2024-04-16T12:08:58.644+0000] {dag.py:3954} INFO - Setting next_dagrun for example_bash_operator to 2024-04-15 00:00:00+00:00, run_after=2024-04-16 00:00:00+00:00
[2024-04-16T12:08:58.674+0000] {processor.py:183} INFO - Processing /home/airflow/.local/lib/python3.12/site-packages/airflow/example_dags/example_bash_operator.py took 0.280 seconds
[2024-04-16T12:09:29.281+0000] {processor.py:161} INFO - Started process (PID=152) to work on /home/airflow/.local/lib/python3.12/site-packages/airflow/example_dags/example_bash_operator.py
[2024-04-16T12:09:29.288+0000] {processor.py:830} INFO - Processing file /home/airflow/.local/lib/python3.12/site-packages/airflow/example_dags/example_bash_operator.py for tasks to queue
[2024-04-16T12:09:29.294+0000] {logging_mixin.py:188} INFO - [2024-04-16T12:09:29.294+0000] {dagbag.py:540} INFO - Filling up the DagBag from /home/airflow/.local/lib/python3.12/site-packages/airflow/example_dags/example_bash_operator.py
[2024-04-16T12:09:29.311+0000] {processor.py:840} INFO - DAG(s) 'example_bash_operator' retrieved from /home/airflow/.local/lib/python3.12/site-packages/airflow/example_dags/example_bash_operator.py
[2024-04-16T12:09:29.372+0000] {logging_mixin.py:188} INFO - [2024-04-16T12:09:29.372+0000] {dag.py:3096} INFO - Sync 1 DAGs
[2024-04-16T12:09:29.405+0000] {logging_mixin.py:188} INFO - [2024-04-16T12:09:29.405+0000] {dag.py:3954} INFO - Setting next_dagrun for example_bash_operator to 2024-04-15 00:00:00+00:00, run_after=2024-04-16 00:00:00+00:00
[2024-04-16T12:09:29.449+0000] {processor.py:183} INFO - Processing /home/airflow/.local/lib/python3.12/site-packages/airflow/example_dags/example_bash_operator.py took 0.175 seconds
[2024-04-16T12:09:59.748+0000] {processor.py:161} INFO - Started process (PID=215) to work on /home/airflow/.local/lib/python3.12/site-packages/airflow/example_dags/example_bash_operator.py
[2024-04-16T12:09:59.749+0000] {processor.py:830} INFO - Processing file /home/airflow/.local/lib/python3.12/site-packages/airflow/example_dags/example_bash_operator.py for tasks to queue
[2024-04-16T12:09:59.751+0000] {logging_mixin.py:188} INFO - [2024-04-16T12:09:59.751+0000] {dagbag.py:540} INFO - Filling up the DagBag from /home/airflow/.local/lib/python3.12/site-packages/airflow/example_dags/example_bash_operator.py
[2024-04-16T12:09:59.767+0000] {processor.py:840} INFO - DAG(s) 'example_bash_operator' retrieved from /home/airflow/.local/lib/python3.12/site-packages/airflow/example_dags/example_bash_operator.py
[2024-04-16T12:09:59.801+0000] {logging_mixin.py:188} INFO - [2024-04-16T12:09:59.801+0000] {dag.py:3096} INFO - Sync 1 DAGs
[2024-04-16T12:09:59.837+0000] {logging_mixin.py:188} INFO - [2024-04-16T12:09:59.836+0000] {dag.py:3954} INFO - Setting next_dagrun for example_bash_operator to 2024-04-15 00:00:00+00:00, run_after=2024-04-16 00:00:00+00:00
[2024-04-16T12:09:59.931+0000] {processor.py:183} INFO - Processing /home/airflow/.local/lib/python3.12/site-packages/airflow/example_dags/example_bash_operator.py took 0.191 seconds
[2024-04-16T12:31:38.207+0000] {processor.py:161} INFO - Started process (PID=93) to work on /home/airflow/.local/lib/python3.12/site-packages/airflow/example_dags/example_bash_operator.py
[2024-04-16T12:31:38.208+0000] {processor.py:830} INFO - Processing file /home/airflow/.local/lib/python3.12/site-packages/airflow/example_dags/example_bash_operator.py for tasks to queue
[2024-04-16T12:31:38.210+0000] {logging_mixin.py:188} INFO - [2024-04-16T12:31:38.210+0000] {dagbag.py:540} INFO - Filling up the DagBag from /home/airflow/.local/lib/python3.12/site-packages/airflow/example_dags/example_bash_operator.py
[2024-04-16T12:31:38.227+0000] {processor.py:840} INFO - DAG(s) 'example_bash_operator' retrieved from /home/airflow/.local/lib/python3.12/site-packages/airflow/example_dags/example_bash_operator.py
[2024-04-16T12:31:38.399+0000] {logging_mixin.py:188} INFO - [2024-04-16T12:31:38.399+0000] {dag.py:3096} INFO - Sync 1 DAGs
[2024-04-16T12:31:38.429+0000] {logging_mixin.py:188} INFO - [2024-04-16T12:31:38.429+0000] {dag.py:3954} INFO - Setting next_dagrun for example_bash_operator to 2024-04-15 00:00:00+00:00, run_after=2024-04-16 00:00:00+00:00
[2024-04-16T12:31:38.454+0000] {processor.py:183} INFO - Processing /home/airflow/.local/lib/python3.12/site-packages/airflow/example_dags/example_bash_operator.py took 0.254 seconds
[2024-04-16T12:32:08.715+0000] {processor.py:161} INFO - Started process (PID=156) to work on /home/airflow/.local/lib/python3.12/site-packages/airflow/example_dags/example_bash_operator.py
[2024-04-16T12:32:08.716+0000] {processor.py:830} INFO - Processing file /home/airflow/.local/lib/python3.12/site-packages/airflow/example_dags/example_bash_operator.py for tasks to queue
[2024-04-16T12:32:08.717+0000] {logging_mixin.py:188} INFO - [2024-04-16T12:32:08.717+0000] {dagbag.py:540} INFO - Filling up the DagBag from /home/airflow/.local/lib/python3.12/site-packages/airflow/example_dags/example_bash_operator.py
[2024-04-16T12:32:08.728+0000] {processor.py:840} INFO - DAG(s) 'example_bash_operator' retrieved from /home/airflow/.local/lib/python3.12/site-packages/airflow/example_dags/example_bash_operator.py
[2024-04-16T12:32:08.753+0000] {logging_mixin.py:188} INFO - [2024-04-16T12:32:08.753+0000] {dag.py:3096} INFO - Sync 1 DAGs
[2024-04-16T12:32:08.776+0000] {logging_mixin.py:188} INFO - [2024-04-16T12:32:08.776+0000] {dag.py:3954} INFO - Setting next_dagrun for example_bash_operator to 2024-04-15 00:00:00+00:00, run_after=2024-04-16 00:00:00+00:00
[2024-04-16T12:32:08.795+0000] {processor.py:183} INFO - Processing /home/airflow/.local/lib/python3.12/site-packages/airflow/example_dags/example_bash_operator.py took 0.084 seconds
[2024-04-16T12:32:39.186+0000] {processor.py:161} INFO - Started process (PID=219) to work on /home/airflow/.local/lib/python3.12/site-packages/airflow/example_dags/example_bash_operator.py
[2024-04-16T12:32:39.188+0000] {processor.py:830} INFO - Processing file /home/airflow/.local/lib/python3.12/site-packages/airflow/example_dags/example_bash_operator.py for tasks to queue
[2024-04-16T12:32:39.189+0000] {logging_mixin.py:188} INFO - [2024-04-16T12:32:39.188+0000] {dagbag.py:540} INFO - Filling up the DagBag from /home/airflow/.local/lib/python3.12/site-packages/airflow/example_dags/example_bash_operator.py
[2024-04-16T12:32:39.201+0000] {processor.py:840} INFO - DAG(s) 'example_bash_operator' retrieved from /home/airflow/.local/lib/python3.12/site-packages/airflow/example_dags/example_bash_operator.py
[2024-04-16T12:32:39.229+0000] {logging_mixin.py:188} INFO - [2024-04-16T12:32:39.228+0000] {dag.py:3096} INFO - Sync 1 DAGs
[2024-04-16T12:32:39.255+0000] {logging_mixin.py:188} INFO - [2024-04-16T12:32:39.255+0000] {dag.py:3954} INFO - Setting next_dagrun for example_bash_operator to 2024-04-15 00:00:00+00:00, run_after=2024-04-16 00:00:00+00:00
[2024-04-16T12:32:39.277+0000] {processor.py:183} INFO - Processing /home/airflow/.local/lib/python3.12/site-packages/airflow/example_dags/example_bash_operator.py took 0.096 seconds
[2024-04-16T12:33:15.704+0000] {processor.py:161} INFO - Started process (PID=285) to work on /home/airflow/.local/lib/python3.12/site-packages/airflow/example_dags/example_bash_operator.py
[2024-04-16T12:33:15.706+0000] {processor.py:830} INFO - Processing file /home/airflow/.local/lib/python3.12/site-packages/airflow/example_dags/example_bash_operator.py for tasks to queue
[2024-04-16T12:33:15.717+0000] {logging_mixin.py:188} INFO - [2024-04-16T12:33:15.712+0000] {dagbag.py:540} INFO - Filling up the DagBag from /home/airflow/.local/lib/python3.12/site-packages/airflow/example_dags/example_bash_operator.py
[2024-04-16T12:33:15.751+0000] {processor.py:840} INFO - DAG(s) 'example_bash_operator' retrieved from /home/airflow/.local/lib/python3.12/site-packages/airflow/example_dags/example_bash_operator.py
[2024-04-16T12:33:15.872+0000] {logging_mixin.py:188} INFO - [2024-04-16T12:33:15.860+0000] {dag.py:3096} INFO - Sync 1 DAGs
[2024-04-16T12:33:15.978+0000] {logging_mixin.py:188} INFO - [2024-04-16T12:33:15.977+0000] {dag.py:3954} INFO - Setting next_dagrun for example_bash_operator to 2024-04-15 00:00:00+00:00, run_after=2024-04-16 00:00:00+00:00
[2024-04-16T12:33:16.050+0000] {processor.py:183} INFO - Processing /home/airflow/.local/lib/python3.12/site-packages/airflow/example_dags/example_bash_operator.py took 0.358 seconds
[2024-04-16T12:33:46.783+0000] {processor.py:161} INFO - Started process (PID=348) to work on /home/airflow/.local/lib/python3.12/site-packages/airflow/example_dags/example_bash_operator.py
[2024-04-16T12:33:46.784+0000] {processor.py:830} INFO - Processing file /home/airflow/.local/lib/python3.12/site-packages/airflow/example_dags/example_bash_operator.py for tasks to queue
[2024-04-16T12:33:46.786+0000] {logging_mixin.py:188} INFO - [2024-04-16T12:33:46.785+0000] {dagbag.py:540} INFO - Filling up the DagBag from /home/airflow/.local/lib/python3.12/site-packages/airflow/example_dags/example_bash_operator.py
[2024-04-16T12:33:46.803+0000] {processor.py:840} INFO - DAG(s) 'example_bash_operator' retrieved from /home/airflow/.local/lib/python3.12/site-packages/airflow/example_dags/example_bash_operator.py
[2024-04-16T12:33:46.846+0000] {logging_mixin.py:188} INFO - [2024-04-16T12:33:46.845+0000] {dag.py:3096} INFO - Sync 1 DAGs
[2024-04-16T12:33:46.888+0000] {logging_mixin.py:188} INFO - [2024-04-16T12:33:46.888+0000] {dag.py:3954} INFO - Setting next_dagrun for example_bash_operator to 2024-04-15 00:00:00+00:00, run_after=2024-04-16 00:00:00+00:00
[2024-04-16T12:33:46.917+0000] {processor.py:183} INFO - Processing /home/airflow/.local/lib/python3.12/site-packages/airflow/example_dags/example_bash_operator.py took 0.141 seconds
[2024-04-16T12:34:17.046+0000] {processor.py:161} INFO - Started process (PID=411) to work on /home/airflow/.local/lib/python3.12/site-packages/airflow/example_dags/example_bash_operator.py
[2024-04-16T12:34:17.047+0000] {processor.py:830} INFO - Processing file /home/airflow/.local/lib/python3.12/site-packages/airflow/example_dags/example_bash_operator.py for tasks to queue
[2024-04-16T12:34:17.049+0000] {logging_mixin.py:188} INFO - [2024-04-16T12:34:17.048+0000] {dagbag.py:540} INFO - Filling up the DagBag from /home/airflow/.local/lib/python3.12/site-packages/airflow/example_dags/example_bash_operator.py
[2024-04-16T12:34:17.061+0000] {processor.py:840} INFO - DAG(s) 'example_bash_operator' retrieved from /home/airflow/.local/lib/python3.12/site-packages/airflow/example_dags/example_bash_operator.py
[2024-04-16T12:34:17.093+0000] {logging_mixin.py:188} INFO - [2024-04-16T12:34:17.092+0000] {dag.py:3096} INFO - Sync 1 DAGs
[2024-04-16T12:34:17.117+0000] {logging_mixin.py:188} INFO - [2024-04-16T12:34:17.117+0000] {dag.py:3954} INFO - Setting next_dagrun for example_bash_operator to 2024-04-15 00:00:00+00:00, run_after=2024-04-16 00:00:00+00:00
[2024-04-16T12:34:17.139+0000] {processor.py:183} INFO - Processing /home/airflow/.local/lib/python3.12/site-packages/airflow/example_dags/example_bash_operator.py took 0.099 seconds
[2024-04-16T12:38:15.767+0000] {processor.py:161} INFO - Started process (PID=514) to work on /home/airflow/.local/lib/python3.12/site-packages/airflow/example_dags/example_bash_operator.py
[2024-04-16T12:38:15.775+0000] {processor.py:830} INFO - Processing file /home/airflow/.local/lib/python3.12/site-packages/airflow/example_dags/example_bash_operator.py for tasks to queue
[2024-04-16T12:38:15.779+0000] {logging_mixin.py:188} INFO - [2024-04-16T12:38:15.778+0000] {dagbag.py:540} INFO - Filling up the DagBag from /home/airflow/.local/lib/python3.12/site-packages/airflow/example_dags/example_bash_operator.py
[2024-04-16T12:38:15.820+0000] {processor.py:840} INFO - DAG(s) 'example_bash_operator' retrieved from /home/airflow/.local/lib/python3.12/site-packages/airflow/example_dags/example_bash_operator.py
[2024-04-16T12:38:15.903+0000] {logging_mixin.py:188} INFO - [2024-04-16T12:38:15.902+0000] {dag.py:3096} INFO - Sync 1 DAGs
[2024-04-16T12:38:15.967+0000] {logging_mixin.py:188} INFO - [2024-04-16T12:38:15.960+0000] {dag.py:3954} INFO - Setting next_dagrun for example_bash_operator to 2024-04-15 00:00:00+00:00, run_after=2024-04-16 00:00:00+00:00
[2024-04-16T12:38:16.004+0000] {processor.py:183} INFO - Processing /home/airflow/.local/lib/python3.12/site-packages/airflow/example_dags/example_bash_operator.py took 0.245 seconds
[2024-04-16T12:39:43.579+0000] {processor.py:161} INFO - Started process (PID=580) to work on /home/airflow/.local/lib/python3.12/site-packages/airflow/example_dags/example_bash_operator.py
[2024-04-16T12:39:43.584+0000] {processor.py:830} INFO - Processing file /home/airflow/.local/lib/python3.12/site-packages/airflow/example_dags/example_bash_operator.py for tasks to queue
[2024-04-16T12:39:43.587+0000] {logging_mixin.py:188} INFO - [2024-04-16T12:39:43.585+0000] {dagbag.py:540} INFO - Filling up the DagBag from /home/airflow/.local/lib/python3.12/site-packages/airflow/example_dags/example_bash_operator.py
[2024-04-16T12:39:43.660+0000] {processor.py:840} INFO - DAG(s) 'example_bash_operator' retrieved from /home/airflow/.local/lib/python3.12/site-packages/airflow/example_dags/example_bash_operator.py
[2024-04-16T12:39:43.748+0000] {logging_mixin.py:188} INFO - [2024-04-16T12:39:43.748+0000] {dag.py:3096} INFO - Sync 1 DAGs
[2024-04-16T12:39:43.825+0000] {logging_mixin.py:188} INFO - [2024-04-16T12:39:43.824+0000] {dag.py:3954} INFO - Setting next_dagrun for example_bash_operator to 2024-04-15 00:00:00+00:00, run_after=2024-04-16 00:00:00+00:00
[2024-04-16T12:39:43.863+0000] {processor.py:183} INFO - Processing /home/airflow/.local/lib/python3.12/site-packages/airflow/example_dags/example_bash_operator.py took 0.307 seconds
