[2024-04-16T11:58:25.731+0000] {processor.py:161} INFO - Started process (PID=87) to work on /home/airflow/.local/lib/python3.12/site-packages/airflow/example_dags/example_sensors.py
[2024-04-16T11:58:25.737+0000] {processor.py:830} INFO - Processing file /home/airflow/.local/lib/python3.12/site-packages/airflow/example_dags/example_sensors.py for tasks to queue
[2024-04-16T11:58:25.747+0000] {logging_mixin.py:188} INFO - [2024-04-16T11:58:25.745+0000] {dagbag.py:540} INFO - Filling up the DagBag from /home/airflow/.local/lib/python3.12/site-packages/airflow/example_dags/example_sensors.py
[2024-04-16T11:58:25.818+0000] {processor.py:840} INFO - DAG(s) 'example_sensors' retrieved from /home/airflow/.local/lib/python3.12/site-packages/airflow/example_dags/example_sensors.py
[2024-04-16T11:58:26.435+0000] {logging_mixin.py:188} INFO - [2024-04-16T11:58:26.434+0000] {dag.py:3096} INFO - Sync 1 DAGs
[2024-04-16T11:58:26.464+0000] {logging_mixin.py:188} INFO - [2024-04-16T11:58:26.463+0000] {dag.py:3954} INFO - Setting next_dagrun for example_sensors to None, run_after=None
[2024-04-16T11:58:26.565+0000] {processor.py:183} INFO - Processing /home/airflow/.local/lib/python3.12/site-packages/airflow/example_dags/example_sensors.py took 0.847 seconds
[2024-04-16T12:08:58.730+0000] {processor.py:161} INFO - Started process (PID=91) to work on /home/airflow/.local/lib/python3.12/site-packages/airflow/example_dags/example_sensors.py
[2024-04-16T12:08:58.732+0000] {processor.py:830} INFO - Processing file /home/airflow/.local/lib/python3.12/site-packages/airflow/example_dags/example_sensors.py for tasks to queue
[2024-04-16T12:08:58.738+0000] {logging_mixin.py:188} INFO - [2024-04-16T12:08:58.737+0000] {dagbag.py:540} INFO - Filling up the DagBag from /home/airflow/.local/lib/python3.12/site-packages/airflow/example_dags/example_sensors.py
[2024-04-16T12:08:58.758+0000] {processor.py:840} INFO - DAG(s) 'example_sensors' retrieved from /home/airflow/.local/lib/python3.12/site-packages/airflow/example_dags/example_sensors.py
[2024-04-16T12:08:58.991+0000] {logging_mixin.py:188} INFO - [2024-04-16T12:08:58.990+0000] {dag.py:3096} INFO - Sync 1 DAGs
[2024-04-16T12:08:59.011+0000] {logging_mixin.py:188} INFO - [2024-04-16T12:08:59.011+0000] {dag.py:3954} INFO - Setting next_dagrun for example_sensors to None, run_after=None
[2024-04-16T12:08:59.073+0000] {processor.py:183} INFO - Processing /home/airflow/.local/lib/python3.12/site-packages/airflow/example_dags/example_sensors.py took 0.353 seconds
[2024-04-16T12:09:29.499+0000] {processor.py:161} INFO - Started process (PID=154) to work on /home/airflow/.local/lib/python3.12/site-packages/airflow/example_dags/example_sensors.py
[2024-04-16T12:09:29.500+0000] {processor.py:830} INFO - Processing file /home/airflow/.local/lib/python3.12/site-packages/airflow/example_dags/example_sensors.py for tasks to queue
[2024-04-16T12:09:29.504+0000] {logging_mixin.py:188} INFO - [2024-04-16T12:09:29.502+0000] {dagbag.py:540} INFO - Filling up the DagBag from /home/airflow/.local/lib/python3.12/site-packages/airflow/example_dags/example_sensors.py
[2024-04-16T12:09:29.523+0000] {processor.py:840} INFO - DAG(s) 'example_sensors' retrieved from /home/airflow/.local/lib/python3.12/site-packages/airflow/example_dags/example_sensors.py
[2024-04-16T12:09:29.555+0000] {logging_mixin.py:188} INFO - [2024-04-16T12:09:29.555+0000] {dag.py:3096} INFO - Sync 1 DAGs
[2024-04-16T12:09:29.579+0000] {logging_mixin.py:188} INFO - [2024-04-16T12:09:29.578+0000] {dag.py:3954} INFO - Setting next_dagrun for example_sensors to None, run_after=None
[2024-04-16T12:09:29.610+0000] {processor.py:183} INFO - Processing /home/airflow/.local/lib/python3.12/site-packages/airflow/example_dags/example_sensors.py took 0.119 seconds
[2024-04-16T12:10:00.060+0000] {processor.py:161} INFO - Started process (PID=217) to work on /home/airflow/.local/lib/python3.12/site-packages/airflow/example_dags/example_sensors.py
[2024-04-16T12:10:00.068+0000] {processor.py:830} INFO - Processing file /home/airflow/.local/lib/python3.12/site-packages/airflow/example_dags/example_sensors.py for tasks to queue
[2024-04-16T12:10:00.071+0000] {logging_mixin.py:188} INFO - [2024-04-16T12:10:00.071+0000] {dagbag.py:540} INFO - Filling up the DagBag from /home/airflow/.local/lib/python3.12/site-packages/airflow/example_dags/example_sensors.py
[2024-04-16T12:10:00.095+0000] {processor.py:840} INFO - DAG(s) 'example_sensors' retrieved from /home/airflow/.local/lib/python3.12/site-packages/airflow/example_dags/example_sensors.py
[2024-04-16T12:10:00.184+0000] {logging_mixin.py:188} INFO - [2024-04-16T12:10:00.181+0000] {dag.py:3096} INFO - Sync 1 DAGs
[2024-04-16T12:10:00.212+0000] {logging_mixin.py:188} INFO - [2024-04-16T12:10:00.211+0000] {dag.py:3954} INFO - Setting next_dagrun for example_sensors to None, run_after=None
[2024-04-16T12:10:00.257+0000] {processor.py:183} INFO - Processing /home/airflow/.local/lib/python3.12/site-packages/airflow/example_dags/example_sensors.py took 0.216 seconds
[2024-04-16T12:31:38.502+0000] {processor.py:161} INFO - Started process (PID=95) to work on /home/airflow/.local/lib/python3.12/site-packages/airflow/example_dags/example_sensors.py
[2024-04-16T12:31:38.503+0000] {processor.py:830} INFO - Processing file /home/airflow/.local/lib/python3.12/site-packages/airflow/example_dags/example_sensors.py for tasks to queue
[2024-04-16T12:31:38.507+0000] {logging_mixin.py:188} INFO - [2024-04-16T12:31:38.506+0000] {dagbag.py:540} INFO - Filling up the DagBag from /home/airflow/.local/lib/python3.12/site-packages/airflow/example_dags/example_sensors.py
[2024-04-16T12:31:38.521+0000] {processor.py:840} INFO - DAG(s) 'example_sensors' retrieved from /home/airflow/.local/lib/python3.12/site-packages/airflow/example_dags/example_sensors.py
[2024-04-16T12:31:38.668+0000] {logging_mixin.py:188} INFO - [2024-04-16T12:31:38.667+0000] {dag.py:3096} INFO - Sync 1 DAGs
[2024-04-16T12:31:38.683+0000] {logging_mixin.py:188} INFO - [2024-04-16T12:31:38.682+0000] {dag.py:3954} INFO - Setting next_dagrun for example_sensors to None, run_after=None
[2024-04-16T12:31:38.710+0000] {processor.py:183} INFO - Processing /home/airflow/.local/lib/python3.12/site-packages/airflow/example_dags/example_sensors.py took 0.218 seconds
[2024-04-16T12:32:08.829+0000] {processor.py:161} INFO - Started process (PID=158) to work on /home/airflow/.local/lib/python3.12/site-packages/airflow/example_dags/example_sensors.py
[2024-04-16T12:32:08.830+0000] {processor.py:830} INFO - Processing file /home/airflow/.local/lib/python3.12/site-packages/airflow/example_dags/example_sensors.py for tasks to queue
[2024-04-16T12:32:08.831+0000] {logging_mixin.py:188} INFO - [2024-04-16T12:32:08.831+0000] {dagbag.py:540} INFO - Filling up the DagBag from /home/airflow/.local/lib/python3.12/site-packages/airflow/example_dags/example_sensors.py
[2024-04-16T12:32:08.842+0000] {processor.py:840} INFO - DAG(s) 'example_sensors' retrieved from /home/airflow/.local/lib/python3.12/site-packages/airflow/example_dags/example_sensors.py
[2024-04-16T12:32:08.868+0000] {logging_mixin.py:188} INFO - [2024-04-16T12:32:08.867+0000] {dag.py:3096} INFO - Sync 1 DAGs
[2024-04-16T12:32:08.880+0000] {logging_mixin.py:188} INFO - [2024-04-16T12:32:08.880+0000] {dag.py:3954} INFO - Setting next_dagrun for example_sensors to None, run_after=None
[2024-04-16T12:32:08.899+0000] {processor.py:183} INFO - Processing /home/airflow/.local/lib/python3.12/site-packages/airflow/example_dags/example_sensors.py took 0.074 seconds
[2024-04-16T12:32:39.311+0000] {processor.py:161} INFO - Started process (PID=221) to work on /home/airflow/.local/lib/python3.12/site-packages/airflow/example_dags/example_sensors.py
[2024-04-16T12:32:39.312+0000] {processor.py:830} INFO - Processing file /home/airflow/.local/lib/python3.12/site-packages/airflow/example_dags/example_sensors.py for tasks to queue
[2024-04-16T12:32:39.313+0000] {logging_mixin.py:188} INFO - [2024-04-16T12:32:39.312+0000] {dagbag.py:540} INFO - Filling up the DagBag from /home/airflow/.local/lib/python3.12/site-packages/airflow/example_dags/example_sensors.py
[2024-04-16T12:32:39.322+0000] {processor.py:840} INFO - DAG(s) 'example_sensors' retrieved from /home/airflow/.local/lib/python3.12/site-packages/airflow/example_dags/example_sensors.py
[2024-04-16T12:32:39.350+0000] {logging_mixin.py:188} INFO - [2024-04-16T12:32:39.349+0000] {dag.py:3096} INFO - Sync 1 DAGs
[2024-04-16T12:32:39.364+0000] {logging_mixin.py:188} INFO - [2024-04-16T12:32:39.364+0000] {dag.py:3954} INFO - Setting next_dagrun for example_sensors to None, run_after=None
[2024-04-16T12:32:39.385+0000] {processor.py:183} INFO - Processing /home/airflow/.local/lib/python3.12/site-packages/airflow/example_dags/example_sensors.py took 0.081 seconds
[2024-04-16T12:33:16.151+0000] {processor.py:161} INFO - Started process (PID=287) to work on /home/airflow/.local/lib/python3.12/site-packages/airflow/example_dags/example_sensors.py
[2024-04-16T12:33:16.153+0000] {processor.py:830} INFO - Processing file /home/airflow/.local/lib/python3.12/site-packages/airflow/example_dags/example_sensors.py for tasks to queue
[2024-04-16T12:33:16.155+0000] {logging_mixin.py:188} INFO - [2024-04-16T12:33:16.154+0000] {dagbag.py:540} INFO - Filling up the DagBag from /home/airflow/.local/lib/python3.12/site-packages/airflow/example_dags/example_sensors.py
[2024-04-16T12:33:16.199+0000] {processor.py:840} INFO - DAG(s) 'example_sensors' retrieved from /home/airflow/.local/lib/python3.12/site-packages/airflow/example_dags/example_sensors.py
[2024-04-16T12:33:16.286+0000] {logging_mixin.py:188} INFO - [2024-04-16T12:33:16.286+0000] {dag.py:3096} INFO - Sync 1 DAGs
[2024-04-16T12:33:16.335+0000] {logging_mixin.py:188} INFO - [2024-04-16T12:33:16.335+0000] {dag.py:3954} INFO - Setting next_dagrun for example_sensors to None, run_after=None
[2024-04-16T12:33:16.381+0000] {processor.py:183} INFO - Processing /home/airflow/.local/lib/python3.12/site-packages/airflow/example_dags/example_sensors.py took 0.258 seconds
[2024-04-16T12:33:46.941+0000] {processor.py:161} INFO - Started process (PID=350) to work on /home/airflow/.local/lib/python3.12/site-packages/airflow/example_dags/example_sensors.py
[2024-04-16T12:33:46.942+0000] {processor.py:830} INFO - Processing file /home/airflow/.local/lib/python3.12/site-packages/airflow/example_dags/example_sensors.py for tasks to queue
[2024-04-16T12:33:46.944+0000] {logging_mixin.py:188} INFO - [2024-04-16T12:33:46.943+0000] {dagbag.py:540} INFO - Filling up the DagBag from /home/airflow/.local/lib/python3.12/site-packages/airflow/example_dags/example_sensors.py
[2024-04-16T12:33:46.957+0000] {processor.py:840} INFO - DAG(s) 'example_sensors' retrieved from /home/airflow/.local/lib/python3.12/site-packages/airflow/example_dags/example_sensors.py
[2024-04-16T12:33:47.002+0000] {logging_mixin.py:188} INFO - [2024-04-16T12:33:47.002+0000] {dag.py:3096} INFO - Sync 1 DAGs
[2024-04-16T12:33:47.035+0000] {logging_mixin.py:188} INFO - [2024-04-16T12:33:47.035+0000] {dag.py:3954} INFO - Setting next_dagrun for example_sensors to None, run_after=None
[2024-04-16T12:33:47.094+0000] {processor.py:183} INFO - Processing /home/airflow/.local/lib/python3.12/site-packages/airflow/example_dags/example_sensors.py took 0.159 seconds
[2024-04-16T12:34:17.183+0000] {processor.py:161} INFO - Started process (PID=414) to work on /home/airflow/.local/lib/python3.12/site-packages/airflow/example_dags/example_sensors.py
[2024-04-16T12:34:17.184+0000] {processor.py:830} INFO - Processing file /home/airflow/.local/lib/python3.12/site-packages/airflow/example_dags/example_sensors.py for tasks to queue
[2024-04-16T12:34:17.186+0000] {logging_mixin.py:188} INFO - [2024-04-16T12:34:17.185+0000] {dagbag.py:540} INFO - Filling up the DagBag from /home/airflow/.local/lib/python3.12/site-packages/airflow/example_dags/example_sensors.py
[2024-04-16T12:34:17.200+0000] {processor.py:840} INFO - DAG(s) 'example_sensors' retrieved from /home/airflow/.local/lib/python3.12/site-packages/airflow/example_dags/example_sensors.py
[2024-04-16T12:34:17.241+0000] {logging_mixin.py:188} INFO - [2024-04-16T12:34:17.241+0000] {dag.py:3096} INFO - Sync 1 DAGs
[2024-04-16T12:34:17.260+0000] {logging_mixin.py:188} INFO - [2024-04-16T12:34:17.260+0000] {dag.py:3954} INFO - Setting next_dagrun for example_sensors to None, run_after=None
[2024-04-16T12:34:17.289+0000] {processor.py:183} INFO - Processing /home/airflow/.local/lib/python3.12/site-packages/airflow/example_dags/example_sensors.py took 0.113 seconds
[2024-04-16T12:38:16.097+0000] {processor.py:161} INFO - Started process (PID=516) to work on /home/airflow/.local/lib/python3.12/site-packages/airflow/example_dags/example_sensors.py
[2024-04-16T12:38:16.101+0000] {processor.py:830} INFO - Processing file /home/airflow/.local/lib/python3.12/site-packages/airflow/example_dags/example_sensors.py for tasks to queue
[2024-04-16T12:38:16.103+0000] {logging_mixin.py:188} INFO - [2024-04-16T12:38:16.102+0000] {dagbag.py:540} INFO - Filling up the DagBag from /home/airflow/.local/lib/python3.12/site-packages/airflow/example_dags/example_sensors.py
[2024-04-16T12:38:16.182+0000] {processor.py:840} INFO - DAG(s) 'example_sensors' retrieved from /home/airflow/.local/lib/python3.12/site-packages/airflow/example_dags/example_sensors.py
[2024-04-16T12:38:16.262+0000] {logging_mixin.py:188} INFO - [2024-04-16T12:38:16.261+0000] {dag.py:3096} INFO - Sync 1 DAGs
[2024-04-16T12:38:16.312+0000] {logging_mixin.py:188} INFO - [2024-04-16T12:38:16.312+0000] {dag.py:3954} INFO - Setting next_dagrun for example_sensors to None, run_after=None
[2024-04-16T12:38:16.421+0000] {processor.py:183} INFO - Processing /home/airflow/.local/lib/python3.12/site-packages/airflow/example_dags/example_sensors.py took 0.342 seconds
[2024-04-16T12:39:43.921+0000] {processor.py:161} INFO - Started process (PID=582) to work on /home/airflow/.local/lib/python3.12/site-packages/airflow/example_dags/example_sensors.py
[2024-04-16T12:39:43.923+0000] {processor.py:830} INFO - Processing file /home/airflow/.local/lib/python3.12/site-packages/airflow/example_dags/example_sensors.py for tasks to queue
[2024-04-16T12:39:43.924+0000] {logging_mixin.py:188} INFO - [2024-04-16T12:39:43.924+0000] {dagbag.py:540} INFO - Filling up the DagBag from /home/airflow/.local/lib/python3.12/site-packages/airflow/example_dags/example_sensors.py
[2024-04-16T12:39:43.946+0000] {processor.py:840} INFO - DAG(s) 'example_sensors' retrieved from /home/airflow/.local/lib/python3.12/site-packages/airflow/example_dags/example_sensors.py
[2024-04-16T12:39:44.059+0000] {logging_mixin.py:188} INFO - [2024-04-16T12:39:44.057+0000] {dag.py:3096} INFO - Sync 1 DAGs
[2024-04-16T12:39:44.116+0000] {logging_mixin.py:188} INFO - [2024-04-16T12:39:44.115+0000] {dag.py:3954} INFO - Setting next_dagrun for example_sensors to None, run_after=None
[2024-04-16T12:39:44.230+0000] {processor.py:183} INFO - Processing /home/airflow/.local/lib/python3.12/site-packages/airflow/example_dags/example_sensors.py took 0.319 seconds
