[2024-04-16T11:58:06.577+0000] {processor.py:161} INFO - Started process (PID=56) to work on /home/airflow/.local/lib/python3.12/site-packages/airflow/example_dags/example_python_decorator.py
[2024-04-16T11:58:06.578+0000] {processor.py:830} INFO - Processing file /home/airflow/.local/lib/python3.12/site-packages/airflow/example_dags/example_python_decorator.py for tasks to queue
[2024-04-16T11:58:06.582+0000] {logging_mixin.py:188} INFO - [2024-04-16T11:58:06.582+0000] {dagbag.py:540} INFO - Filling up the DagBag from /home/airflow/.local/lib/python3.12/site-packages/airflow/example_dags/example_python_decorator.py
[2024-04-16T11:58:06.644+0000] {processor.py:840} INFO - DAG(s) 'example_python_decorator' retrieved from /home/airflow/.local/lib/python3.12/site-packages/airflow/example_dags/example_python_decorator.py
[2024-04-16T11:58:07.134+0000] {logging_mixin.py:188} INFO - [2024-04-16T11:58:07.133+0000] {dag.py:3096} INFO - Sync 1 DAGs
[2024-04-16T11:58:07.182+0000] {logging_mixin.py:188} INFO - [2024-04-16T11:58:07.181+0000] {dag.py:3954} INFO - Setting next_dagrun for example_python_decorator to None, run_after=None
[2024-04-16T11:58:07.274+0000] {processor.py:183} INFO - Processing /home/airflow/.local/lib/python3.12/site-packages/airflow/example_dags/example_python_decorator.py took 0.707 seconds
[2024-04-16T11:58:42.388+0000] {processor.py:161} INFO - Started process (PID=124) to work on /home/airflow/.local/lib/python3.12/site-packages/airflow/example_dags/example_python_decorator.py
[2024-04-16T11:58:42.394+0000] {processor.py:830} INFO - Processing file /home/airflow/.local/lib/python3.12/site-packages/airflow/example_dags/example_python_decorator.py for tasks to queue
[2024-04-16T11:58:42.415+0000] {logging_mixin.py:188} INFO - [2024-04-16T11:58:42.415+0000] {dagbag.py:540} INFO - Filling up the DagBag from /home/airflow/.local/lib/python3.12/site-packages/airflow/example_dags/example_python_decorator.py
[2024-04-16T11:58:42.451+0000] {processor.py:840} INFO - DAG(s) 'example_python_decorator' retrieved from /home/airflow/.local/lib/python3.12/site-packages/airflow/example_dags/example_python_decorator.py
[2024-04-16T11:58:42.610+0000] {logging_mixin.py:188} INFO - [2024-04-16T11:58:42.610+0000] {dag.py:3096} INFO - Sync 1 DAGs
[2024-04-16T11:58:42.648+0000] {logging_mixin.py:188} INFO - [2024-04-16T11:58:42.647+0000] {dag.py:3954} INFO - Setting next_dagrun for example_python_decorator to None, run_after=None
[2024-04-16T11:58:42.753+0000] {processor.py:183} INFO - Processing /home/airflow/.local/lib/python3.12/site-packages/airflow/example_dags/example_python_decorator.py took 0.387 seconds
[2024-04-16T12:08:48.514+0000] {processor.py:161} INFO - Started process (PID=55) to work on /home/airflow/.local/lib/python3.12/site-packages/airflow/example_dags/example_python_decorator.py
[2024-04-16T12:08:48.524+0000] {processor.py:830} INFO - Processing file /home/airflow/.local/lib/python3.12/site-packages/airflow/example_dags/example_python_decorator.py for tasks to queue
[2024-04-16T12:08:48.527+0000] {logging_mixin.py:188} INFO - [2024-04-16T12:08:48.527+0000] {dagbag.py:540} INFO - Filling up the DagBag from /home/airflow/.local/lib/python3.12/site-packages/airflow/example_dags/example_python_decorator.py
[2024-04-16T12:08:48.579+0000] {processor.py:840} INFO - DAG(s) 'example_python_decorator' retrieved from /home/airflow/.local/lib/python3.12/site-packages/airflow/example_dags/example_python_decorator.py
[2024-04-16T12:08:49.028+0000] {logging_mixin.py:188} INFO - [2024-04-16T12:08:49.027+0000] {dag.py:3096} INFO - Sync 1 DAGs
[2024-04-16T12:08:49.110+0000] {logging_mixin.py:188} INFO - [2024-04-16T12:08:49.109+0000] {dag.py:3954} INFO - Setting next_dagrun for example_python_decorator to None, run_after=None
[2024-04-16T12:08:49.227+0000] {processor.py:183} INFO - Processing /home/airflow/.local/lib/python3.12/site-packages/airflow/example_dags/example_python_decorator.py took 0.720 seconds
[2024-04-16T12:09:19.836+0000] {processor.py:161} INFO - Started process (PID=117) to work on /home/airflow/.local/lib/python3.12/site-packages/airflow/example_dags/example_python_decorator.py
[2024-04-16T12:09:19.837+0000] {processor.py:830} INFO - Processing file /home/airflow/.local/lib/python3.12/site-packages/airflow/example_dags/example_python_decorator.py for tasks to queue
[2024-04-16T12:09:19.840+0000] {logging_mixin.py:188} INFO - [2024-04-16T12:09:19.839+0000] {dagbag.py:540} INFO - Filling up the DagBag from /home/airflow/.local/lib/python3.12/site-packages/airflow/example_dags/example_python_decorator.py
[2024-04-16T12:09:19.857+0000] {processor.py:840} INFO - DAG(s) 'example_python_decorator' retrieved from /home/airflow/.local/lib/python3.12/site-packages/airflow/example_dags/example_python_decorator.py
[2024-04-16T12:09:19.887+0000] {logging_mixin.py:188} INFO - [2024-04-16T12:09:19.886+0000] {dag.py:3096} INFO - Sync 1 DAGs
[2024-04-16T12:09:19.903+0000] {logging_mixin.py:188} INFO - [2024-04-16T12:09:19.903+0000] {dag.py:3954} INFO - Setting next_dagrun for example_python_decorator to None, run_after=None
[2024-04-16T12:09:19.927+0000] {processor.py:183} INFO - Processing /home/airflow/.local/lib/python3.12/site-packages/airflow/example_dags/example_python_decorator.py took 0.099 seconds
[2024-04-16T12:09:50.111+0000] {processor.py:161} INFO - Started process (PID=180) to work on /home/airflow/.local/lib/python3.12/site-packages/airflow/example_dags/example_python_decorator.py
[2024-04-16T12:09:50.113+0000] {processor.py:830} INFO - Processing file /home/airflow/.local/lib/python3.12/site-packages/airflow/example_dags/example_python_decorator.py for tasks to queue
[2024-04-16T12:09:50.115+0000] {logging_mixin.py:188} INFO - [2024-04-16T12:09:50.115+0000] {dagbag.py:540} INFO - Filling up the DagBag from /home/airflow/.local/lib/python3.12/site-packages/airflow/example_dags/example_python_decorator.py
[2024-04-16T12:09:50.135+0000] {processor.py:840} INFO - DAG(s) 'example_python_decorator' retrieved from /home/airflow/.local/lib/python3.12/site-packages/airflow/example_dags/example_python_decorator.py
[2024-04-16T12:09:50.164+0000] {logging_mixin.py:188} INFO - [2024-04-16T12:09:50.164+0000] {dag.py:3096} INFO - Sync 1 DAGs
[2024-04-16T12:09:50.187+0000] {logging_mixin.py:188} INFO - [2024-04-16T12:09:50.187+0000] {dag.py:3954} INFO - Setting next_dagrun for example_python_decorator to None, run_after=None
[2024-04-16T12:09:50.215+0000] {processor.py:183} INFO - Processing /home/airflow/.local/lib/python3.12/site-packages/airflow/example_dags/example_python_decorator.py took 0.110 seconds
[2024-04-16T12:31:30.281+0000] {processor.py:161} INFO - Started process (PID=58) to work on /home/airflow/.local/lib/python3.12/site-packages/airflow/example_dags/example_python_decorator.py
[2024-04-16T12:31:30.284+0000] {processor.py:830} INFO - Processing file /home/airflow/.local/lib/python3.12/site-packages/airflow/example_dags/example_python_decorator.py for tasks to queue
[2024-04-16T12:31:30.294+0000] {logging_mixin.py:188} INFO - [2024-04-16T12:31:30.292+0000] {dagbag.py:540} INFO - Filling up the DagBag from /home/airflow/.local/lib/python3.12/site-packages/airflow/example_dags/example_python_decorator.py
[2024-04-16T12:31:30.334+0000] {processor.py:840} INFO - DAG(s) 'example_python_decorator' retrieved from /home/airflow/.local/lib/python3.12/site-packages/airflow/example_dags/example_python_decorator.py
[2024-04-16T12:31:30.535+0000] {logging_mixin.py:188} INFO - [2024-04-16T12:31:30.534+0000] {dag.py:3096} INFO - Sync 1 DAGs
[2024-04-16T12:31:30.581+0000] {logging_mixin.py:188} INFO - [2024-04-16T12:31:30.581+0000] {dag.py:3954} INFO - Setting next_dagrun for example_python_decorator to None, run_after=None
[2024-04-16T12:31:30.642+0000] {processor.py:183} INFO - Processing /home/airflow/.local/lib/python3.12/site-packages/airflow/example_dags/example_python_decorator.py took 0.374 seconds
[2024-04-16T12:32:00.919+0000] {processor.py:161} INFO - Started process (PID=121) to work on /home/airflow/.local/lib/python3.12/site-packages/airflow/example_dags/example_python_decorator.py
[2024-04-16T12:32:00.920+0000] {processor.py:830} INFO - Processing file /home/airflow/.local/lib/python3.12/site-packages/airflow/example_dags/example_python_decorator.py for tasks to queue
[2024-04-16T12:32:00.922+0000] {logging_mixin.py:188} INFO - [2024-04-16T12:32:00.921+0000] {dagbag.py:540} INFO - Filling up the DagBag from /home/airflow/.local/lib/python3.12/site-packages/airflow/example_dags/example_python_decorator.py
[2024-04-16T12:32:00.936+0000] {processor.py:840} INFO - DAG(s) 'example_python_decorator' retrieved from /home/airflow/.local/lib/python3.12/site-packages/airflow/example_dags/example_python_decorator.py
[2024-04-16T12:32:00.960+0000] {logging_mixin.py:188} INFO - [2024-04-16T12:32:00.960+0000] {dag.py:3096} INFO - Sync 1 DAGs
[2024-04-16T12:32:00.973+0000] {logging_mixin.py:188} INFO - [2024-04-16T12:32:00.972+0000] {dag.py:3954} INFO - Setting next_dagrun for example_python_decorator to None, run_after=None
[2024-04-16T12:32:00.993+0000] {processor.py:183} INFO - Processing /home/airflow/.local/lib/python3.12/site-packages/airflow/example_dags/example_python_decorator.py took 0.080 seconds
[2024-04-16T12:32:31.299+0000] {processor.py:161} INFO - Started process (PID=184) to work on /home/airflow/.local/lib/python3.12/site-packages/airflow/example_dags/example_python_decorator.py
[2024-04-16T12:32:31.300+0000] {processor.py:830} INFO - Processing file /home/airflow/.local/lib/python3.12/site-packages/airflow/example_dags/example_python_decorator.py for tasks to queue
[2024-04-16T12:32:31.301+0000] {logging_mixin.py:188} INFO - [2024-04-16T12:32:31.301+0000] {dagbag.py:540} INFO - Filling up the DagBag from /home/airflow/.local/lib/python3.12/site-packages/airflow/example_dags/example_python_decorator.py
[2024-04-16T12:32:31.317+0000] {processor.py:840} INFO - DAG(s) 'example_python_decorator' retrieved from /home/airflow/.local/lib/python3.12/site-packages/airflow/example_dags/example_python_decorator.py
[2024-04-16T12:32:31.339+0000] {logging_mixin.py:188} INFO - [2024-04-16T12:32:31.338+0000] {dag.py:3096} INFO - Sync 1 DAGs
[2024-04-16T12:32:31.352+0000] {logging_mixin.py:188} INFO - [2024-04-16T12:32:31.351+0000] {dag.py:3954} INFO - Setting next_dagrun for example_python_decorator to None, run_after=None
[2024-04-16T12:32:31.373+0000] {processor.py:183} INFO - Processing /home/airflow/.local/lib/python3.12/site-packages/airflow/example_dags/example_python_decorator.py took 0.079 seconds
[2024-04-16T12:33:01.510+0000] {processor.py:161} INFO - Started process (PID=248) to work on /home/airflow/.local/lib/python3.12/site-packages/airflow/example_dags/example_python_decorator.py
[2024-04-16T12:33:01.512+0000] {processor.py:830} INFO - Processing file /home/airflow/.local/lib/python3.12/site-packages/airflow/example_dags/example_python_decorator.py for tasks to queue
[2024-04-16T12:33:01.517+0000] {logging_mixin.py:188} INFO - [2024-04-16T12:33:01.514+0000] {dagbag.py:540} INFO - Filling up the DagBag from /home/airflow/.local/lib/python3.12/site-packages/airflow/example_dags/example_python_decorator.py
[2024-04-16T12:33:01.533+0000] {processor.py:840} INFO - DAG(s) 'example_python_decorator' retrieved from /home/airflow/.local/lib/python3.12/site-packages/airflow/example_dags/example_python_decorator.py
[2024-04-16T12:33:01.560+0000] {logging_mixin.py:188} INFO - [2024-04-16T12:33:01.560+0000] {dag.py:3096} INFO - Sync 1 DAGs
[2024-04-16T12:33:01.586+0000] {logging_mixin.py:188} INFO - [2024-04-16T12:33:01.585+0000] {dag.py:3954} INFO - Setting next_dagrun for example_python_decorator to None, run_after=None
[2024-04-16T12:33:01.607+0000] {processor.py:183} INFO - Processing /home/airflow/.local/lib/python3.12/site-packages/airflow/example_dags/example_python_decorator.py took 0.104 seconds
[2024-04-16T12:33:32.328+0000] {processor.py:161} INFO - Started process (PID=312) to work on /home/airflow/.local/lib/python3.12/site-packages/airflow/example_dags/example_python_decorator.py
[2024-04-16T12:33:32.330+0000] {processor.py:830} INFO - Processing file /home/airflow/.local/lib/python3.12/site-packages/airflow/example_dags/example_python_decorator.py for tasks to queue
[2024-04-16T12:33:32.331+0000] {logging_mixin.py:188} INFO - [2024-04-16T12:33:32.330+0000] {dagbag.py:540} INFO - Filling up the DagBag from /home/airflow/.local/lib/python3.12/site-packages/airflow/example_dags/example_python_decorator.py
[2024-04-16T12:33:32.357+0000] {processor.py:840} INFO - DAG(s) 'example_python_decorator' retrieved from /home/airflow/.local/lib/python3.12/site-packages/airflow/example_dags/example_python_decorator.py
[2024-04-16T12:33:32.396+0000] {logging_mixin.py:188} INFO - [2024-04-16T12:33:32.395+0000] {dag.py:3096} INFO - Sync 1 DAGs
[2024-04-16T12:33:32.413+0000] {logging_mixin.py:188} INFO - [2024-04-16T12:33:32.413+0000] {dag.py:3954} INFO - Setting next_dagrun for example_python_decorator to None, run_after=None
[2024-04-16T12:33:32.436+0000] {processor.py:183} INFO - Processing /home/airflow/.local/lib/python3.12/site-packages/airflow/example_dags/example_python_decorator.py took 0.119 seconds
[2024-04-16T12:34:04.773+0000] {processor.py:161} INFO - Started process (PID=374) to work on /home/airflow/.local/lib/python3.12/site-packages/airflow/example_dags/example_python_decorator.py
[2024-04-16T12:34:04.778+0000] {processor.py:830} INFO - Processing file /home/airflow/.local/lib/python3.12/site-packages/airflow/example_dags/example_python_decorator.py for tasks to queue
[2024-04-16T12:34:04.780+0000] {logging_mixin.py:188} INFO - [2024-04-16T12:34:04.780+0000] {dagbag.py:540} INFO - Filling up the DagBag from /home/airflow/.local/lib/python3.12/site-packages/airflow/example_dags/example_python_decorator.py
[2024-04-16T12:34:04.815+0000] {processor.py:840} INFO - DAG(s) 'example_python_decorator' retrieved from /home/airflow/.local/lib/python3.12/site-packages/airflow/example_dags/example_python_decorator.py
[2024-04-16T12:34:04.893+0000] {logging_mixin.py:188} INFO - [2024-04-16T12:34:04.892+0000] {dag.py:3096} INFO - Sync 1 DAGs
[2024-04-16T12:34:04.943+0000] {logging_mixin.py:188} INFO - [2024-04-16T12:34:04.943+0000] {dag.py:3954} INFO - Setting next_dagrun for example_python_decorator to None, run_after=None
[2024-04-16T12:34:04.996+0000] {processor.py:183} INFO - Processing /home/airflow/.local/lib/python3.12/site-packages/airflow/example_dags/example_python_decorator.py took 0.238 seconds
[2024-04-16T12:34:37.636+0000] {processor.py:161} INFO - Started process (PID=446) to work on /home/airflow/.local/lib/python3.12/site-packages/airflow/example_dags/example_python_decorator.py
[2024-04-16T12:34:37.642+0000] {processor.py:830} INFO - Processing file /home/airflow/.local/lib/python3.12/site-packages/airflow/example_dags/example_python_decorator.py for tasks to queue
[2024-04-16T12:34:37.655+0000] {logging_mixin.py:188} INFO - [2024-04-16T12:34:37.655+0000] {dagbag.py:540} INFO - Filling up the DagBag from /home/airflow/.local/lib/python3.12/site-packages/airflow/example_dags/example_python_decorator.py
[2024-04-16T12:34:37.765+0000] {processor.py:840} INFO - DAG(s) 'example_python_decorator' retrieved from /home/airflow/.local/lib/python3.12/site-packages/airflow/example_dags/example_python_decorator.py
[2024-04-16T12:34:37.914+0000] {logging_mixin.py:188} INFO - [2024-04-16T12:34:37.913+0000] {dag.py:3096} INFO - Sync 1 DAGs
[2024-04-16T12:34:37.960+0000] {logging_mixin.py:188} INFO - [2024-04-16T12:34:37.960+0000] {dag.py:3954} INFO - Setting next_dagrun for example_python_decorator to None, run_after=None
[2024-04-16T12:34:38.049+0000] {processor.py:183} INFO - Processing /home/airflow/.local/lib/python3.12/site-packages/airflow/example_dags/example_python_decorator.py took 0.424 seconds
[2024-04-16T12:37:06.756+0000] {processor.py:161} INFO - Started process (PID=478) to work on /home/airflow/.local/lib/python3.12/site-packages/airflow/example_dags/example_python_decorator.py
[2024-04-16T12:37:06.763+0000] {processor.py:830} INFO - Processing file /home/airflow/.local/lib/python3.12/site-packages/airflow/example_dags/example_python_decorator.py for tasks to queue
[2024-04-16T12:37:06.765+0000] {logging_mixin.py:188} INFO - [2024-04-16T12:37:06.764+0000] {dagbag.py:540} INFO - Filling up the DagBag from /home/airflow/.local/lib/python3.12/site-packages/airflow/example_dags/example_python_decorator.py
[2024-04-16T12:37:06.797+0000] {processor.py:840} INFO - DAG(s) 'example_python_decorator' retrieved from /home/airflow/.local/lib/python3.12/site-packages/airflow/example_dags/example_python_decorator.py
[2024-04-16T12:37:06.869+0000] {logging_mixin.py:188} INFO - [2024-04-16T12:37:06.857+0000] {dag.py:3096} INFO - Sync 1 DAGs
[2024-04-16T12:37:06.890+0000] {logging_mixin.py:188} INFO - [2024-04-16T12:37:06.890+0000] {dag.py:3954} INFO - Setting next_dagrun for example_python_decorator to None, run_after=None
[2024-04-16T12:37:06.963+0000] {processor.py:183} INFO - Processing /home/airflow/.local/lib/python3.12/site-packages/airflow/example_dags/example_python_decorator.py took 0.227 seconds
[2024-04-16T12:39:33.241+0000] {processor.py:161} INFO - Started process (PID=549) to work on /home/airflow/.local/lib/python3.12/site-packages/airflow/example_dags/example_python_decorator.py
[2024-04-16T12:39:33.255+0000] {processor.py:830} INFO - Processing file /home/airflow/.local/lib/python3.12/site-packages/airflow/example_dags/example_python_decorator.py for tasks to queue
[2024-04-16T12:39:33.282+0000] {logging_mixin.py:188} INFO - [2024-04-16T12:39:33.282+0000] {dagbag.py:540} INFO - Filling up the DagBag from /home/airflow/.local/lib/python3.12/site-packages/airflow/example_dags/example_python_decorator.py
[2024-04-16T12:39:33.399+0000] {processor.py:840} INFO - DAG(s) 'example_python_decorator' retrieved from /home/airflow/.local/lib/python3.12/site-packages/airflow/example_dags/example_python_decorator.py
[2024-04-16T12:39:34.412+0000] {logging_mixin.py:188} INFO - [2024-04-16T12:39:34.412+0000] {dag.py:3096} INFO - Sync 1 DAGs
[2024-04-16T12:39:34.441+0000] {logging_mixin.py:188} INFO - [2024-04-16T12:39:34.440+0000] {dag.py:3954} INFO - Setting next_dagrun for example_python_decorator to None, run_after=None
[2024-04-16T12:39:34.480+0000] {processor.py:183} INFO - Processing /home/airflow/.local/lib/python3.12/site-packages/airflow/example_dags/example_python_decorator.py took 1.250 seconds
