[2024-04-16T11:58:04.690+0000] {processor.py:161} INFO - Started process (PID=53) to work on /home/airflow/.local/lib/python3.12/site-packages/airflow/example_dags/example_latest_only_with_trigger.py
[2024-04-16T11:58:04.698+0000] {processor.py:830} INFO - Processing file /home/airflow/.local/lib/python3.12/site-packages/airflow/example_dags/example_latest_only_with_trigger.py for tasks to queue
[2024-04-16T11:58:04.727+0000] {logging_mixin.py:188} INFO - [2024-04-16T11:58:04.726+0000] {dagbag.py:540} INFO - Filling up the DagBag from /home/airflow/.local/lib/python3.12/site-packages/airflow/example_dags/example_latest_only_with_trigger.py
[2024-04-16T11:58:04.792+0000] {processor.py:840} INFO - DAG(s) 'latest_only_with_trigger' retrieved from /home/airflow/.local/lib/python3.12/site-packages/airflow/example_dags/example_latest_only_with_trigger.py
[2024-04-16T11:58:05.736+0000] {logging_mixin.py:188} INFO - [2024-04-16T11:58:05.735+0000] {dag.py:3096} INFO - Sync 1 DAGs
[2024-04-16T11:58:05.827+0000] {logging_mixin.py:188} INFO - [2024-04-16T11:58:05.827+0000] {dag.py:3954} INFO - Setting next_dagrun for latest_only_with_trigger to 2024-04-16 04:00:00+00:00, run_after=2024-04-16 08:00:00+00:00
[2024-04-16T11:58:05.912+0000] {processor.py:183} INFO - Processing /home/airflow/.local/lib/python3.12/site-packages/airflow/example_dags/example_latest_only_with_trigger.py took 1.266 seconds
[2024-04-16T11:58:41.204+0000] {processor.py:161} INFO - Started process (PID=121) to work on /home/airflow/.local/lib/python3.12/site-packages/airflow/example_dags/example_latest_only_with_trigger.py
[2024-04-16T11:58:41.207+0000] {processor.py:830} INFO - Processing file /home/airflow/.local/lib/python3.12/site-packages/airflow/example_dags/example_latest_only_with_trigger.py for tasks to queue
[2024-04-16T11:58:41.212+0000] {logging_mixin.py:188} INFO - [2024-04-16T11:58:41.210+0000] {dagbag.py:540} INFO - Filling up the DagBag from /home/airflow/.local/lib/python3.12/site-packages/airflow/example_dags/example_latest_only_with_trigger.py
[2024-04-16T11:58:41.230+0000] {processor.py:840} INFO - DAG(s) 'latest_only_with_trigger' retrieved from /home/airflow/.local/lib/python3.12/site-packages/airflow/example_dags/example_latest_only_with_trigger.py
[2024-04-16T11:58:41.376+0000] {logging_mixin.py:188} INFO - [2024-04-16T11:58:41.376+0000] {dag.py:3096} INFO - Sync 1 DAGs
[2024-04-16T11:58:41.541+0000] {logging_mixin.py:188} INFO - [2024-04-16T11:58:41.541+0000] {dag.py:3954} INFO - Setting next_dagrun for latest_only_with_trigger to 2024-04-16 04:00:00+00:00, run_after=2024-04-16 08:00:00+00:00
[2024-04-16T11:58:41.709+0000] {processor.py:183} INFO - Processing /home/airflow/.local/lib/python3.12/site-packages/airflow/example_dags/example_latest_only_with_trigger.py took 0.528 seconds
[2024-04-16T12:08:47.358+0000] {processor.py:161} INFO - Started process (PID=52) to work on /home/airflow/.local/lib/python3.12/site-packages/airflow/example_dags/example_latest_only_with_trigger.py
[2024-04-16T12:08:47.360+0000] {processor.py:830} INFO - Processing file /home/airflow/.local/lib/python3.12/site-packages/airflow/example_dags/example_latest_only_with_trigger.py for tasks to queue
[2024-04-16T12:08:47.364+0000] {logging_mixin.py:188} INFO - [2024-04-16T12:08:47.364+0000] {dagbag.py:540} INFO - Filling up the DagBag from /home/airflow/.local/lib/python3.12/site-packages/airflow/example_dags/example_latest_only_with_trigger.py
[2024-04-16T12:08:47.376+0000] {processor.py:840} INFO - DAG(s) 'latest_only_with_trigger' retrieved from /home/airflow/.local/lib/python3.12/site-packages/airflow/example_dags/example_latest_only_with_trigger.py
[2024-04-16T12:08:47.765+0000] {logging_mixin.py:188} INFO - [2024-04-16T12:08:47.765+0000] {dag.py:3096} INFO - Sync 1 DAGs
[2024-04-16T12:08:47.820+0000] {logging_mixin.py:188} INFO - [2024-04-16T12:08:47.819+0000] {dag.py:3954} INFO - Setting next_dagrun for latest_only_with_trigger to 2024-04-16 08:00:00+00:00, run_after=2024-04-16 12:00:00+00:00
[2024-04-16T12:08:47.887+0000] {processor.py:183} INFO - Processing /home/airflow/.local/lib/python3.12/site-packages/airflow/example_dags/example_latest_only_with_trigger.py took 0.536 seconds
[2024-04-16T12:09:18.508+0000] {processor.py:161} INFO - Started process (PID=114) to work on /home/airflow/.local/lib/python3.12/site-packages/airflow/example_dags/example_latest_only_with_trigger.py
[2024-04-16T12:09:18.509+0000] {processor.py:830} INFO - Processing file /home/airflow/.local/lib/python3.12/site-packages/airflow/example_dags/example_latest_only_with_trigger.py for tasks to queue
[2024-04-16T12:09:18.511+0000] {logging_mixin.py:188} INFO - [2024-04-16T12:09:18.511+0000] {dagbag.py:540} INFO - Filling up the DagBag from /home/airflow/.local/lib/python3.12/site-packages/airflow/example_dags/example_latest_only_with_trigger.py
[2024-04-16T12:09:18.517+0000] {processor.py:840} INFO - DAG(s) 'latest_only_with_trigger' retrieved from /home/airflow/.local/lib/python3.12/site-packages/airflow/example_dags/example_latest_only_with_trigger.py
[2024-04-16T12:09:18.559+0000] {logging_mixin.py:188} INFO - [2024-04-16T12:09:18.558+0000] {dag.py:3096} INFO - Sync 1 DAGs
[2024-04-16T12:09:18.597+0000] {logging_mixin.py:188} INFO - [2024-04-16T12:09:18.597+0000] {dag.py:3954} INFO - Setting next_dagrun for latest_only_with_trigger to 2024-04-16 08:00:00+00:00, run_after=2024-04-16 12:00:00+00:00
[2024-04-16T12:09:18.641+0000] {processor.py:183} INFO - Processing /home/airflow/.local/lib/python3.12/site-packages/airflow/example_dags/example_latest_only_with_trigger.py took 0.140 seconds
[2024-04-16T12:09:48.790+0000] {processor.py:161} INFO - Started process (PID=177) to work on /home/airflow/.local/lib/python3.12/site-packages/airflow/example_dags/example_latest_only_with_trigger.py
[2024-04-16T12:09:48.793+0000] {processor.py:830} INFO - Processing file /home/airflow/.local/lib/python3.12/site-packages/airflow/example_dags/example_latest_only_with_trigger.py for tasks to queue
[2024-04-16T12:09:48.797+0000] {logging_mixin.py:188} INFO - [2024-04-16T12:09:48.797+0000] {dagbag.py:540} INFO - Filling up the DagBag from /home/airflow/.local/lib/python3.12/site-packages/airflow/example_dags/example_latest_only_with_trigger.py
[2024-04-16T12:09:48.806+0000] {processor.py:840} INFO - DAG(s) 'latest_only_with_trigger' retrieved from /home/airflow/.local/lib/python3.12/site-packages/airflow/example_dags/example_latest_only_with_trigger.py
[2024-04-16T12:09:48.844+0000] {logging_mixin.py:188} INFO - [2024-04-16T12:09:48.844+0000] {dag.py:3096} INFO - Sync 1 DAGs
[2024-04-16T12:09:48.877+0000] {logging_mixin.py:188} INFO - [2024-04-16T12:09:48.876+0000] {dag.py:3954} INFO - Setting next_dagrun for latest_only_with_trigger to 2024-04-16 08:00:00+00:00, run_after=2024-04-16 12:00:00+00:00
[2024-04-16T12:09:48.904+0000] {processor.py:183} INFO - Processing /home/airflow/.local/lib/python3.12/site-packages/airflow/example_dags/example_latest_only_with_trigger.py took 0.131 seconds
[2024-04-16T12:31:29.173+0000] {processor.py:161} INFO - Started process (PID=55) to work on /home/airflow/.local/lib/python3.12/site-packages/airflow/example_dags/example_latest_only_with_trigger.py
[2024-04-16T12:31:29.178+0000] {processor.py:830} INFO - Processing file /home/airflow/.local/lib/python3.12/site-packages/airflow/example_dags/example_latest_only_with_trigger.py for tasks to queue
[2024-04-16T12:31:29.191+0000] {logging_mixin.py:188} INFO - [2024-04-16T12:31:29.189+0000] {dagbag.py:540} INFO - Filling up the DagBag from /home/airflow/.local/lib/python3.12/site-packages/airflow/example_dags/example_latest_only_with_trigger.py
[2024-04-16T12:31:29.216+0000] {processor.py:840} INFO - DAG(s) 'latest_only_with_trigger' retrieved from /home/airflow/.local/lib/python3.12/site-packages/airflow/example_dags/example_latest_only_with_trigger.py
[2024-04-16T12:31:29.630+0000] {logging_mixin.py:188} INFO - [2024-04-16T12:31:29.630+0000] {dag.py:3096} INFO - Sync 1 DAGs
[2024-04-16T12:31:29.710+0000] {logging_mixin.py:188} INFO - [2024-04-16T12:31:29.710+0000] {dag.py:3954} INFO - Setting next_dagrun for latest_only_with_trigger to 2024-04-16 08:00:00+00:00, run_after=2024-04-16 12:00:00+00:00
[2024-04-16T12:31:29.749+0000] {processor.py:183} INFO - Processing /home/airflow/.local/lib/python3.12/site-packages/airflow/example_dags/example_latest_only_with_trigger.py took 0.615 seconds
[2024-04-16T12:32:00.615+0000] {processor.py:161} INFO - Started process (PID=118) to work on /home/airflow/.local/lib/python3.12/site-packages/airflow/example_dags/example_latest_only_with_trigger.py
[2024-04-16T12:32:00.616+0000] {processor.py:830} INFO - Processing file /home/airflow/.local/lib/python3.12/site-packages/airflow/example_dags/example_latest_only_with_trigger.py for tasks to queue
[2024-04-16T12:32:00.618+0000] {logging_mixin.py:188} INFO - [2024-04-16T12:32:00.618+0000] {dagbag.py:540} INFO - Filling up the DagBag from /home/airflow/.local/lib/python3.12/site-packages/airflow/example_dags/example_latest_only_with_trigger.py
[2024-04-16T12:32:00.624+0000] {processor.py:840} INFO - DAG(s) 'latest_only_with_trigger' retrieved from /home/airflow/.local/lib/python3.12/site-packages/airflow/example_dags/example_latest_only_with_trigger.py
[2024-04-16T12:32:00.649+0000] {logging_mixin.py:188} INFO - [2024-04-16T12:32:00.649+0000] {dag.py:3096} INFO - Sync 1 DAGs
[2024-04-16T12:32:00.672+0000] {logging_mixin.py:188} INFO - [2024-04-16T12:32:00.671+0000] {dag.py:3954} INFO - Setting next_dagrun for latest_only_with_trigger to 2024-04-16 08:00:00+00:00, run_after=2024-04-16 12:00:00+00:00
[2024-04-16T12:32:00.694+0000] {processor.py:183} INFO - Processing /home/airflow/.local/lib/python3.12/site-packages/airflow/example_dags/example_latest_only_with_trigger.py took 0.084 seconds
[2024-04-16T12:32:31.000+0000] {processor.py:161} INFO - Started process (PID=181) to work on /home/airflow/.local/lib/python3.12/site-packages/airflow/example_dags/example_latest_only_with_trigger.py
[2024-04-16T12:32:31.002+0000] {processor.py:830} INFO - Processing file /home/airflow/.local/lib/python3.12/site-packages/airflow/example_dags/example_latest_only_with_trigger.py for tasks to queue
[2024-04-16T12:32:31.003+0000] {logging_mixin.py:188} INFO - [2024-04-16T12:32:31.002+0000] {dagbag.py:540} INFO - Filling up the DagBag from /home/airflow/.local/lib/python3.12/site-packages/airflow/example_dags/example_latest_only_with_trigger.py
[2024-04-16T12:32:31.009+0000] {processor.py:840} INFO - DAG(s) 'latest_only_with_trigger' retrieved from /home/airflow/.local/lib/python3.12/site-packages/airflow/example_dags/example_latest_only_with_trigger.py
[2024-04-16T12:32:31.029+0000] {logging_mixin.py:188} INFO - [2024-04-16T12:32:31.029+0000] {dag.py:3096} INFO - Sync 1 DAGs
[2024-04-16T12:32:31.051+0000] {logging_mixin.py:188} INFO - [2024-04-16T12:32:31.051+0000] {dag.py:3954} INFO - Setting next_dagrun for latest_only_with_trigger to 2024-04-16 08:00:00+00:00, run_after=2024-04-16 12:00:00+00:00
[2024-04-16T12:32:31.074+0000] {processor.py:183} INFO - Processing /home/airflow/.local/lib/python3.12/site-packages/airflow/example_dags/example_latest_only_with_trigger.py took 0.079 seconds
[2024-04-16T12:33:01.167+0000] {processor.py:161} INFO - Started process (PID=244) to work on /home/airflow/.local/lib/python3.12/site-packages/airflow/example_dags/example_latest_only_with_trigger.py
[2024-04-16T12:33:01.168+0000] {processor.py:830} INFO - Processing file /home/airflow/.local/lib/python3.12/site-packages/airflow/example_dags/example_latest_only_with_trigger.py for tasks to queue
[2024-04-16T12:33:01.170+0000] {logging_mixin.py:188} INFO - [2024-04-16T12:33:01.169+0000] {dagbag.py:540} INFO - Filling up the DagBag from /home/airflow/.local/lib/python3.12/site-packages/airflow/example_dags/example_latest_only_with_trigger.py
[2024-04-16T12:33:01.176+0000] {processor.py:840} INFO - DAG(s) 'latest_only_with_trigger' retrieved from /home/airflow/.local/lib/python3.12/site-packages/airflow/example_dags/example_latest_only_with_trigger.py
[2024-04-16T12:33:01.206+0000] {logging_mixin.py:188} INFO - [2024-04-16T12:33:01.205+0000] {dag.py:3096} INFO - Sync 1 DAGs
[2024-04-16T12:33:01.239+0000] {logging_mixin.py:188} INFO - [2024-04-16T12:33:01.238+0000] {dag.py:3954} INFO - Setting next_dagrun for latest_only_with_trigger to 2024-04-16 08:00:00+00:00, run_after=2024-04-16 12:00:00+00:00
[2024-04-16T12:33:01.266+0000] {processor.py:183} INFO - Processing /home/airflow/.local/lib/python3.12/site-packages/airflow/example_dags/example_latest_only_with_trigger.py took 0.107 seconds
[2024-04-16T12:33:31.650+0000] {processor.py:161} INFO - Started process (PID=308) to work on /home/airflow/.local/lib/python3.12/site-packages/airflow/example_dags/example_latest_only_with_trigger.py
[2024-04-16T12:33:31.651+0000] {processor.py:830} INFO - Processing file /home/airflow/.local/lib/python3.12/site-packages/airflow/example_dags/example_latest_only_with_trigger.py for tasks to queue
[2024-04-16T12:33:31.652+0000] {logging_mixin.py:188} INFO - [2024-04-16T12:33:31.652+0000] {dagbag.py:540} INFO - Filling up the DagBag from /home/airflow/.local/lib/python3.12/site-packages/airflow/example_dags/example_latest_only_with_trigger.py
[2024-04-16T12:33:31.661+0000] {processor.py:840} INFO - DAG(s) 'latest_only_with_trigger' retrieved from /home/airflow/.local/lib/python3.12/site-packages/airflow/example_dags/example_latest_only_with_trigger.py
[2024-04-16T12:33:31.695+0000] {logging_mixin.py:188} INFO - [2024-04-16T12:33:31.694+0000] {dag.py:3096} INFO - Sync 1 DAGs
[2024-04-16T12:33:31.735+0000] {logging_mixin.py:188} INFO - [2024-04-16T12:33:31.735+0000] {dag.py:3954} INFO - Setting next_dagrun for latest_only_with_trigger to 2024-04-16 08:00:00+00:00, run_after=2024-04-16 12:00:00+00:00
[2024-04-16T12:33:31.764+0000] {processor.py:183} INFO - Processing /home/airflow/.local/lib/python3.12/site-packages/airflow/example_dags/example_latest_only_with_trigger.py took 0.121 seconds
[2024-04-16T12:34:04.074+0000] {processor.py:161} INFO - Started process (PID=371) to work on /home/airflow/.local/lib/python3.12/site-packages/airflow/example_dags/example_latest_only_with_trigger.py
[2024-04-16T12:34:04.107+0000] {processor.py:830} INFO - Processing file /home/airflow/.local/lib/python3.12/site-packages/airflow/example_dags/example_latest_only_with_trigger.py for tasks to queue
[2024-04-16T12:34:04.116+0000] {logging_mixin.py:188} INFO - [2024-04-16T12:34:04.116+0000] {dagbag.py:540} INFO - Filling up the DagBag from /home/airflow/.local/lib/python3.12/site-packages/airflow/example_dags/example_latest_only_with_trigger.py
[2024-04-16T12:34:04.131+0000] {processor.py:840} INFO - DAG(s) 'latest_only_with_trigger' retrieved from /home/airflow/.local/lib/python3.12/site-packages/airflow/example_dags/example_latest_only_with_trigger.py
[2024-04-16T12:34:04.196+0000] {logging_mixin.py:188} INFO - [2024-04-16T12:34:04.195+0000] {dag.py:3096} INFO - Sync 1 DAGs
[2024-04-16T12:34:04.275+0000] {logging_mixin.py:188} INFO - [2024-04-16T12:34:04.275+0000] {dag.py:3954} INFO - Setting next_dagrun for latest_only_with_trigger to 2024-04-16 08:00:00+00:00, run_after=2024-04-16 12:00:00+00:00
[2024-04-16T12:34:04.351+0000] {processor.py:183} INFO - Processing /home/airflow/.local/lib/python3.12/site-packages/airflow/example_dags/example_latest_only_with_trigger.py took 0.305 seconds
[2024-04-16T12:34:35.535+0000] {processor.py:161} INFO - Started process (PID=437) to work on /home/airflow/.local/lib/python3.12/site-packages/airflow/example_dags/example_latest_only_with_trigger.py
[2024-04-16T12:34:35.538+0000] {processor.py:830} INFO - Processing file /home/airflow/.local/lib/python3.12/site-packages/airflow/example_dags/example_latest_only_with_trigger.py for tasks to queue
[2024-04-16T12:34:35.549+0000] {logging_mixin.py:188} INFO - [2024-04-16T12:34:35.549+0000] {dagbag.py:540} INFO - Filling up the DagBag from /home/airflow/.local/lib/python3.12/site-packages/airflow/example_dags/example_latest_only_with_trigger.py
[2024-04-16T12:34:35.710+0000] {processor.py:840} INFO - DAG(s) 'latest_only_with_trigger' retrieved from /home/airflow/.local/lib/python3.12/site-packages/airflow/example_dags/example_latest_only_with_trigger.py
[2024-04-16T12:34:35.893+0000] {logging_mixin.py:188} INFO - [2024-04-16T12:34:35.892+0000] {dag.py:3096} INFO - Sync 1 DAGs
[2024-04-16T12:34:36.054+0000] {logging_mixin.py:188} INFO - [2024-04-16T12:34:36.053+0000] {dag.py:3954} INFO - Setting next_dagrun for latest_only_with_trigger to 2024-04-16 08:00:00+00:00, run_after=2024-04-16 12:00:00+00:00
[2024-04-16T12:34:36.288+0000] {processor.py:183} INFO - Processing /home/airflow/.local/lib/python3.12/site-packages/airflow/example_dags/example_latest_only_with_trigger.py took 0.797 seconds
[2024-04-16T12:37:05.502+0000] {processor.py:161} INFO - Started process (PID=475) to work on /home/airflow/.local/lib/python3.12/site-packages/airflow/example_dags/example_latest_only_with_trigger.py
[2024-04-16T12:37:05.508+0000] {processor.py:830} INFO - Processing file /home/airflow/.local/lib/python3.12/site-packages/airflow/example_dags/example_latest_only_with_trigger.py for tasks to queue
[2024-04-16T12:37:05.515+0000] {logging_mixin.py:188} INFO - [2024-04-16T12:37:05.510+0000] {dagbag.py:540} INFO - Filling up the DagBag from /home/airflow/.local/lib/python3.12/site-packages/airflow/example_dags/example_latest_only_with_trigger.py
[2024-04-16T12:37:05.590+0000] {processor.py:840} INFO - DAG(s) 'latest_only_with_trigger' retrieved from /home/airflow/.local/lib/python3.12/site-packages/airflow/example_dags/example_latest_only_with_trigger.py
[2024-04-16T12:37:05.728+0000] {logging_mixin.py:188} INFO - [2024-04-16T12:37:05.727+0000] {dag.py:3096} INFO - Sync 1 DAGs
[2024-04-16T12:37:05.845+0000] {logging_mixin.py:188} INFO - [2024-04-16T12:37:05.845+0000] {dag.py:3954} INFO - Setting next_dagrun for latest_only_with_trigger to 2024-04-16 08:00:00+00:00, run_after=2024-04-16 12:00:00+00:00
[2024-04-16T12:37:05.988+0000] {processor.py:183} INFO - Processing /home/airflow/.local/lib/python3.12/site-packages/airflow/example_dags/example_latest_only_with_trigger.py took 0.497 seconds
[2024-04-16T12:39:32.306+0000] {processor.py:161} INFO - Started process (PID=546) to work on /home/airflow/.local/lib/python3.12/site-packages/airflow/example_dags/example_latest_only_with_trigger.py
[2024-04-16T12:39:32.312+0000] {processor.py:830} INFO - Processing file /home/airflow/.local/lib/python3.12/site-packages/airflow/example_dags/example_latest_only_with_trigger.py for tasks to queue
[2024-04-16T12:39:32.314+0000] {logging_mixin.py:188} INFO - [2024-04-16T12:39:32.313+0000] {dagbag.py:540} INFO - Filling up the DagBag from /home/airflow/.local/lib/python3.12/site-packages/airflow/example_dags/example_latest_only_with_trigger.py
[2024-04-16T12:39:32.335+0000] {processor.py:840} INFO - DAG(s) 'latest_only_with_trigger' retrieved from /home/airflow/.local/lib/python3.12/site-packages/airflow/example_dags/example_latest_only_with_trigger.py
[2024-04-16T12:39:32.503+0000] {logging_mixin.py:188} INFO - [2024-04-16T12:39:32.503+0000] {dag.py:3096} INFO - Sync 1 DAGs
[2024-04-16T12:39:32.611+0000] {logging_mixin.py:188} INFO - [2024-04-16T12:39:32.608+0000] {dag.py:3954} INFO - Setting next_dagrun for latest_only_with_trigger to 2024-04-16 08:00:00+00:00, run_after=2024-04-16 12:00:00+00:00
[2024-04-16T12:39:32.712+0000] {processor.py:183} INFO - Processing /home/airflow/.local/lib/python3.12/site-packages/airflow/example_dags/example_latest_only_with_trigger.py took 0.414 seconds
