[2024-04-16T11:58:20.413+0000] {processor.py:161} INFO - Started process (PID=76) to work on /home/airflow/.local/lib/python3.12/site-packages/airflow/example_dags/example_display_name.py
[2024-04-16T11:58:20.429+0000] {processor.py:830} INFO - Processing file /home/airflow/.local/lib/python3.12/site-packages/airflow/example_dags/example_display_name.py for tasks to queue
[2024-04-16T11:58:20.465+0000] {logging_mixin.py:188} INFO - [2024-04-16T11:58:20.458+0000] {dagbag.py:540} INFO - Filling up the DagBag from /home/airflow/.local/lib/python3.12/site-packages/airflow/example_dags/example_display_name.py
[2024-04-16T11:58:20.529+0000] {processor.py:840} INFO - DAG(s) 'example_display_name' retrieved from /home/airflow/.local/lib/python3.12/site-packages/airflow/example_dags/example_display_name.py
[2024-04-16T11:58:21.323+0000] {logging_mixin.py:188} INFO - [2024-04-16T11:58:21.323+0000] {dag.py:3096} INFO - Sync 1 DAGs
[2024-04-16T11:58:21.391+0000] {logging_mixin.py:188} INFO - [2024-04-16T11:58:21.391+0000] {dag.py:3954} INFO - Setting next_dagrun for example_display_name to None, run_after=None
[2024-04-16T11:58:21.562+0000] {processor.py:183} INFO - Processing /home/airflow/.local/lib/python3.12/site-packages/airflow/example_dags/example_display_name.py took 1.224 seconds
[2024-04-16T12:08:56.885+0000] {processor.py:161} INFO - Started process (PID=80) to work on /home/airflow/.local/lib/python3.12/site-packages/airflow/example_dags/example_display_name.py
[2024-04-16T12:08:56.886+0000] {processor.py:830} INFO - Processing file /home/airflow/.local/lib/python3.12/site-packages/airflow/example_dags/example_display_name.py for tasks to queue
[2024-04-16T12:08:56.891+0000] {logging_mixin.py:188} INFO - [2024-04-16T12:08:56.891+0000] {dagbag.py:540} INFO - Filling up the DagBag from /home/airflow/.local/lib/python3.12/site-packages/airflow/example_dags/example_display_name.py
[2024-04-16T12:08:56.906+0000] {processor.py:840} INFO - DAG(s) 'example_display_name' retrieved from /home/airflow/.local/lib/python3.12/site-packages/airflow/example_dags/example_display_name.py
[2024-04-16T12:08:57.055+0000] {logging_mixin.py:188} INFO - [2024-04-16T12:08:57.054+0000] {dag.py:3096} INFO - Sync 1 DAGs
[2024-04-16T12:08:57.069+0000] {logging_mixin.py:188} INFO - [2024-04-16T12:08:57.069+0000] {dag.py:3954} INFO - Setting next_dagrun for example_display_name to None, run_after=None
[2024-04-16T12:08:57.099+0000] {processor.py:183} INFO - Processing /home/airflow/.local/lib/python3.12/site-packages/airflow/example_dags/example_display_name.py took 0.221 seconds
[2024-04-16T12:09:27.423+0000] {processor.py:161} INFO - Started process (PID=143) to work on /home/airflow/.local/lib/python3.12/site-packages/airflow/example_dags/example_display_name.py
[2024-04-16T12:09:27.424+0000] {processor.py:830} INFO - Processing file /home/airflow/.local/lib/python3.12/site-packages/airflow/example_dags/example_display_name.py for tasks to queue
[2024-04-16T12:09:27.425+0000] {logging_mixin.py:188} INFO - [2024-04-16T12:09:27.425+0000] {dagbag.py:540} INFO - Filling up the DagBag from /home/airflow/.local/lib/python3.12/site-packages/airflow/example_dags/example_display_name.py
[2024-04-16T12:09:27.431+0000] {processor.py:840} INFO - DAG(s) 'example_display_name' retrieved from /home/airflow/.local/lib/python3.12/site-packages/airflow/example_dags/example_display_name.py
[2024-04-16T12:09:27.451+0000] {logging_mixin.py:188} INFO - [2024-04-16T12:09:27.450+0000] {dag.py:3096} INFO - Sync 1 DAGs
[2024-04-16T12:09:27.463+0000] {logging_mixin.py:188} INFO - [2024-04-16T12:09:27.463+0000] {dag.py:3954} INFO - Setting next_dagrun for example_display_name to None, run_after=None
[2024-04-16T12:09:27.485+0000] {processor.py:183} INFO - Processing /home/airflow/.local/lib/python3.12/site-packages/airflow/example_dags/example_display_name.py took 0.069 seconds
[2024-04-16T12:09:57.938+0000] {processor.py:161} INFO - Started process (PID=206) to work on /home/airflow/.local/lib/python3.12/site-packages/airflow/example_dags/example_display_name.py
[2024-04-16T12:09:57.949+0000] {processor.py:830} INFO - Processing file /home/airflow/.local/lib/python3.12/site-packages/airflow/example_dags/example_display_name.py for tasks to queue
[2024-04-16T12:09:57.955+0000] {logging_mixin.py:188} INFO - [2024-04-16T12:09:57.954+0000] {dagbag.py:540} INFO - Filling up the DagBag from /home/airflow/.local/lib/python3.12/site-packages/airflow/example_dags/example_display_name.py
[2024-04-16T12:09:57.970+0000] {processor.py:840} INFO - DAG(s) 'example_display_name' retrieved from /home/airflow/.local/lib/python3.12/site-packages/airflow/example_dags/example_display_name.py
[2024-04-16T12:09:58.010+0000] {logging_mixin.py:188} INFO - [2024-04-16T12:09:58.010+0000] {dag.py:3096} INFO - Sync 1 DAGs
[2024-04-16T12:09:58.026+0000] {logging_mixin.py:188} INFO - [2024-04-16T12:09:58.026+0000] {dag.py:3954} INFO - Setting next_dagrun for example_display_name to None, run_after=None
[2024-04-16T12:09:58.051+0000] {processor.py:183} INFO - Processing /home/airflow/.local/lib/python3.12/site-packages/airflow/example_dags/example_display_name.py took 0.131 seconds
[2024-04-16T12:31:36.840+0000] {processor.py:161} INFO - Started process (PID=84) to work on /home/airflow/.local/lib/python3.12/site-packages/airflow/example_dags/example_display_name.py
[2024-04-16T12:31:36.842+0000] {processor.py:830} INFO - Processing file /home/airflow/.local/lib/python3.12/site-packages/airflow/example_dags/example_display_name.py for tasks to queue
[2024-04-16T12:31:36.845+0000] {logging_mixin.py:188} INFO - [2024-04-16T12:31:36.845+0000] {dagbag.py:540} INFO - Filling up the DagBag from /home/airflow/.local/lib/python3.12/site-packages/airflow/example_dags/example_display_name.py
[2024-04-16T12:31:36.856+0000] {processor.py:840} INFO - DAG(s) 'example_display_name' retrieved from /home/airflow/.local/lib/python3.12/site-packages/airflow/example_dags/example_display_name.py
[2024-04-16T12:31:37.023+0000] {logging_mixin.py:188} INFO - [2024-04-16T12:31:37.022+0000] {dag.py:3096} INFO - Sync 1 DAGs
[2024-04-16T12:31:37.037+0000] {logging_mixin.py:188} INFO - [2024-04-16T12:31:37.036+0000] {dag.py:3954} INFO - Setting next_dagrun for example_display_name to None, run_after=None
[2024-04-16T12:31:37.088+0000] {processor.py:183} INFO - Processing /home/airflow/.local/lib/python3.12/site-packages/airflow/example_dags/example_display_name.py took 0.272 seconds
[2024-04-16T12:32:08.038+0000] {processor.py:161} INFO - Started process (PID=147) to work on /home/airflow/.local/lib/python3.12/site-packages/airflow/example_dags/example_display_name.py
[2024-04-16T12:32:08.039+0000] {processor.py:830} INFO - Processing file /home/airflow/.local/lib/python3.12/site-packages/airflow/example_dags/example_display_name.py for tasks to queue
[2024-04-16T12:32:08.040+0000] {logging_mixin.py:188} INFO - [2024-04-16T12:32:08.039+0000] {dagbag.py:540} INFO - Filling up the DagBag from /home/airflow/.local/lib/python3.12/site-packages/airflow/example_dags/example_display_name.py
[2024-04-16T12:32:08.047+0000] {processor.py:840} INFO - DAG(s) 'example_display_name' retrieved from /home/airflow/.local/lib/python3.12/site-packages/airflow/example_dags/example_display_name.py
[2024-04-16T12:32:08.069+0000] {logging_mixin.py:188} INFO - [2024-04-16T12:32:08.069+0000] {dag.py:3096} INFO - Sync 1 DAGs
[2024-04-16T12:32:08.086+0000] {logging_mixin.py:188} INFO - [2024-04-16T12:32:08.086+0000] {dag.py:3954} INFO - Setting next_dagrun for example_display_name to None, run_after=None
[2024-04-16T12:32:08.113+0000] {processor.py:183} INFO - Processing /home/airflow/.local/lib/python3.12/site-packages/airflow/example_dags/example_display_name.py took 0.080 seconds
[2024-04-16T12:32:38.614+0000] {processor.py:161} INFO - Started process (PID=210) to work on /home/airflow/.local/lib/python3.12/site-packages/airflow/example_dags/example_display_name.py
[2024-04-16T12:32:38.616+0000] {processor.py:830} INFO - Processing file /home/airflow/.local/lib/python3.12/site-packages/airflow/example_dags/example_display_name.py for tasks to queue
[2024-04-16T12:32:38.617+0000] {logging_mixin.py:188} INFO - [2024-04-16T12:32:38.616+0000] {dagbag.py:540} INFO - Filling up the DagBag from /home/airflow/.local/lib/python3.12/site-packages/airflow/example_dags/example_display_name.py
[2024-04-16T12:32:38.623+0000] {processor.py:840} INFO - DAG(s) 'example_display_name' retrieved from /home/airflow/.local/lib/python3.12/site-packages/airflow/example_dags/example_display_name.py
[2024-04-16T12:32:38.645+0000] {logging_mixin.py:188} INFO - [2024-04-16T12:32:38.644+0000] {dag.py:3096} INFO - Sync 1 DAGs
[2024-04-16T12:32:38.657+0000] {logging_mixin.py:188} INFO - [2024-04-16T12:32:38.657+0000] {dag.py:3954} INFO - Setting next_dagrun for example_display_name to None, run_after=None
[2024-04-16T12:32:38.680+0000] {processor.py:183} INFO - Processing /home/airflow/.local/lib/python3.12/site-packages/airflow/example_dags/example_display_name.py took 0.070 seconds
[2024-04-16T12:33:12.028+0000] {processor.py:161} INFO - Started process (PID=276) to work on /home/airflow/.local/lib/python3.12/site-packages/airflow/example_dags/example_display_name.py
[2024-04-16T12:33:12.030+0000] {processor.py:830} INFO - Processing file /home/airflow/.local/lib/python3.12/site-packages/airflow/example_dags/example_display_name.py for tasks to queue
[2024-04-16T12:33:12.040+0000] {logging_mixin.py:188} INFO - [2024-04-16T12:33:12.031+0000] {dagbag.py:540} INFO - Filling up the DagBag from /home/airflow/.local/lib/python3.12/site-packages/airflow/example_dags/example_display_name.py
[2024-04-16T12:33:12.059+0000] {processor.py:840} INFO - DAG(s) 'example_display_name' retrieved from /home/airflow/.local/lib/python3.12/site-packages/airflow/example_dags/example_display_name.py
[2024-04-16T12:33:12.128+0000] {logging_mixin.py:188} INFO - [2024-04-16T12:33:12.117+0000] {dag.py:3096} INFO - Sync 1 DAGs
[2024-04-16T12:33:12.182+0000] {logging_mixin.py:188} INFO - [2024-04-16T12:33:12.181+0000] {dag.py:3954} INFO - Setting next_dagrun for example_display_name to None, run_after=None
[2024-04-16T12:33:12.277+0000] {processor.py:183} INFO - Processing /home/airflow/.local/lib/python3.12/site-packages/airflow/example_dags/example_display_name.py took 0.262 seconds
[2024-04-16T12:33:42.634+0000] {processor.py:161} INFO - Started process (PID=339) to work on /home/airflow/.local/lib/python3.12/site-packages/airflow/example_dags/example_display_name.py
[2024-04-16T12:33:42.638+0000] {processor.py:830} INFO - Processing file /home/airflow/.local/lib/python3.12/site-packages/airflow/example_dags/example_display_name.py for tasks to queue
[2024-04-16T12:33:42.644+0000] {logging_mixin.py:188} INFO - [2024-04-16T12:33:42.644+0000] {dagbag.py:540} INFO - Filling up the DagBag from /home/airflow/.local/lib/python3.12/site-packages/airflow/example_dags/example_display_name.py
[2024-04-16T12:33:42.658+0000] {processor.py:840} INFO - DAG(s) 'example_display_name' retrieved from /home/airflow/.local/lib/python3.12/site-packages/airflow/example_dags/example_display_name.py
[2024-04-16T12:33:42.712+0000] {logging_mixin.py:188} INFO - [2024-04-16T12:33:42.711+0000] {dag.py:3096} INFO - Sync 1 DAGs
[2024-04-16T12:33:42.765+0000] {logging_mixin.py:188} INFO - [2024-04-16T12:33:42.764+0000] {dag.py:3954} INFO - Setting next_dagrun for example_display_name to None, run_after=None
[2024-04-16T12:33:42.814+0000] {processor.py:183} INFO - Processing /home/airflow/.local/lib/python3.12/site-packages/airflow/example_dags/example_display_name.py took 0.195 seconds
[2024-04-16T12:34:13.231+0000] {processor.py:161} INFO - Started process (PID=402) to work on /home/airflow/.local/lib/python3.12/site-packages/airflow/example_dags/example_display_name.py
[2024-04-16T12:34:13.232+0000] {processor.py:830} INFO - Processing file /home/airflow/.local/lib/python3.12/site-packages/airflow/example_dags/example_display_name.py for tasks to queue
[2024-04-16T12:34:13.234+0000] {logging_mixin.py:188} INFO - [2024-04-16T12:34:13.233+0000] {dagbag.py:540} INFO - Filling up the DagBag from /home/airflow/.local/lib/python3.12/site-packages/airflow/example_dags/example_display_name.py
[2024-04-16T12:34:13.255+0000] {processor.py:840} INFO - DAG(s) 'example_display_name' retrieved from /home/airflow/.local/lib/python3.12/site-packages/airflow/example_dags/example_display_name.py
[2024-04-16T12:34:13.275+0000] {logging_mixin.py:188} INFO - [2024-04-16T12:34:13.275+0000] {dag.py:3096} INFO - Sync 1 DAGs
[2024-04-16T12:34:13.295+0000] {logging_mixin.py:188} INFO - [2024-04-16T12:34:13.294+0000] {dag.py:3954} INFO - Setting next_dagrun for example_display_name to None, run_after=None
[2024-04-16T12:34:13.319+0000] {processor.py:183} INFO - Processing /home/airflow/.local/lib/python3.12/site-packages/airflow/example_dags/example_display_name.py took 0.094 seconds
[2024-04-16T12:38:12.563+0000] {processor.py:161} INFO - Started process (PID=505) to work on /home/airflow/.local/lib/python3.12/site-packages/airflow/example_dags/example_display_name.py
[2024-04-16T12:38:12.569+0000] {processor.py:830} INFO - Processing file /home/airflow/.local/lib/python3.12/site-packages/airflow/example_dags/example_display_name.py for tasks to queue
[2024-04-16T12:38:12.572+0000] {logging_mixin.py:188} INFO - [2024-04-16T12:38:12.571+0000] {dagbag.py:540} INFO - Filling up the DagBag from /home/airflow/.local/lib/python3.12/site-packages/airflow/example_dags/example_display_name.py
[2024-04-16T12:38:12.595+0000] {processor.py:840} INFO - DAG(s) 'example_display_name' retrieved from /home/airflow/.local/lib/python3.12/site-packages/airflow/example_dags/example_display_name.py
[2024-04-16T12:38:12.701+0000] {logging_mixin.py:188} INFO - [2024-04-16T12:38:12.699+0000] {dag.py:3096} INFO - Sync 1 DAGs
[2024-04-16T12:38:12.756+0000] {logging_mixin.py:188} INFO - [2024-04-16T12:38:12.756+0000] {dag.py:3954} INFO - Setting next_dagrun for example_display_name to None, run_after=None
[2024-04-16T12:38:12.885+0000] {processor.py:183} INFO - Processing /home/airflow/.local/lib/python3.12/site-packages/airflow/example_dags/example_display_name.py took 0.399 seconds
[2024-04-16T12:39:41.126+0000] {processor.py:161} INFO - Started process (PID=571) to work on /home/airflow/.local/lib/python3.12/site-packages/airflow/example_dags/example_display_name.py
[2024-04-16T12:39:41.132+0000] {processor.py:830} INFO - Processing file /home/airflow/.local/lib/python3.12/site-packages/airflow/example_dags/example_display_name.py for tasks to queue
[2024-04-16T12:39:41.135+0000] {logging_mixin.py:188} INFO - [2024-04-16T12:39:41.135+0000] {dagbag.py:540} INFO - Filling up the DagBag from /home/airflow/.local/lib/python3.12/site-packages/airflow/example_dags/example_display_name.py
[2024-04-16T12:39:41.200+0000] {processor.py:840} INFO - DAG(s) 'example_display_name' retrieved from /home/airflow/.local/lib/python3.12/site-packages/airflow/example_dags/example_display_name.py
[2024-04-16T12:39:41.305+0000] {logging_mixin.py:188} INFO - [2024-04-16T12:39:41.304+0000] {dag.py:3096} INFO - Sync 1 DAGs
[2024-04-16T12:39:41.354+0000] {logging_mixin.py:188} INFO - [2024-04-16T12:39:41.353+0000] {dag.py:3954} INFO - Setting next_dagrun for example_display_name to None, run_after=None
[2024-04-16T12:39:41.478+0000] {processor.py:183} INFO - Processing /home/airflow/.local/lib/python3.12/site-packages/airflow/example_dags/example_display_name.py took 0.363 seconds
