[2024-04-16T11:58:23.777+0000] {processor.py:161} INFO - Started process (PID=82) to work on /home/airflow/.local/lib/python3.12/site-packages/airflow/example_dags/example_short_circuit_operator.py
[2024-04-16T11:58:23.781+0000] {processor.py:830} INFO - Processing file /home/airflow/.local/lib/python3.12/site-packages/airflow/example_dags/example_short_circuit_operator.py for tasks to queue
[2024-04-16T11:58:23.789+0000] {logging_mixin.py:188} INFO - [2024-04-16T11:58:23.788+0000] {dagbag.py:540} INFO - Filling up the DagBag from /home/airflow/.local/lib/python3.12/site-packages/airflow/example_dags/example_short_circuit_operator.py
[2024-04-16T11:58:23.816+0000] {processor.py:840} INFO - DAG(s) 'example_short_circuit_operator' retrieved from /home/airflow/.local/lib/python3.12/site-packages/airflow/example_dags/example_short_circuit_operator.py
[2024-04-16T11:58:24.236+0000] {logging_mixin.py:188} INFO - [2024-04-16T11:58:24.235+0000] {dag.py:3096} INFO - Sync 1 DAGs
[2024-04-16T11:58:24.284+0000] {logging_mixin.py:188} INFO - [2024-04-16T11:58:24.283+0000] {dag.py:3954} INFO - Setting next_dagrun for example_short_circuit_operator to 2024-04-15 00:00:00+00:00, run_after=2024-04-16 00:00:00+00:00
[2024-04-16T11:58:24.368+0000] {processor.py:183} INFO - Processing /home/airflow/.local/lib/python3.12/site-packages/airflow/example_dags/example_short_circuit_operator.py took 0.623 seconds
[2024-04-16T12:08:57.995+0000] {processor.py:161} INFO - Started process (PID=86) to work on /home/airflow/.local/lib/python3.12/site-packages/airflow/example_dags/example_short_circuit_operator.py
[2024-04-16T12:08:57.996+0000] {processor.py:830} INFO - Processing file /home/airflow/.local/lib/python3.12/site-packages/airflow/example_dags/example_short_circuit_operator.py for tasks to queue
[2024-04-16T12:08:57.999+0000] {logging_mixin.py:188} INFO - [2024-04-16T12:08:57.999+0000] {dagbag.py:540} INFO - Filling up the DagBag from /home/airflow/.local/lib/python3.12/site-packages/airflow/example_dags/example_short_circuit_operator.py
[2024-04-16T12:08:58.011+0000] {processor.py:840} INFO - DAG(s) 'example_short_circuit_operator' retrieved from /home/airflow/.local/lib/python3.12/site-packages/airflow/example_dags/example_short_circuit_operator.py
[2024-04-16T12:08:58.193+0000] {logging_mixin.py:188} INFO - [2024-04-16T12:08:58.193+0000] {dag.py:3096} INFO - Sync 1 DAGs
[2024-04-16T12:08:58.221+0000] {logging_mixin.py:188} INFO - [2024-04-16T12:08:58.221+0000] {dag.py:3954} INFO - Setting next_dagrun for example_short_circuit_operator to 2024-04-15 00:00:00+00:00, run_after=2024-04-16 00:00:00+00:00
[2024-04-16T12:08:58.251+0000] {processor.py:183} INFO - Processing /home/airflow/.local/lib/python3.12/site-packages/airflow/example_dags/example_short_circuit_operator.py took 0.266 seconds
[2024-04-16T12:09:28.849+0000] {processor.py:161} INFO - Started process (PID=149) to work on /home/airflow/.local/lib/python3.12/site-packages/airflow/example_dags/example_short_circuit_operator.py
[2024-04-16T12:09:28.850+0000] {processor.py:830} INFO - Processing file /home/airflow/.local/lib/python3.12/site-packages/airflow/example_dags/example_short_circuit_operator.py for tasks to queue
[2024-04-16T12:09:28.855+0000] {logging_mixin.py:188} INFO - [2024-04-16T12:09:28.854+0000] {dagbag.py:540} INFO - Filling up the DagBag from /home/airflow/.local/lib/python3.12/site-packages/airflow/example_dags/example_short_circuit_operator.py
[2024-04-16T12:09:28.873+0000] {processor.py:840} INFO - DAG(s) 'example_short_circuit_operator' retrieved from /home/airflow/.local/lib/python3.12/site-packages/airflow/example_dags/example_short_circuit_operator.py
[2024-04-16T12:09:28.913+0000] {logging_mixin.py:188} INFO - [2024-04-16T12:09:28.913+0000] {dag.py:3096} INFO - Sync 1 DAGs
[2024-04-16T12:09:28.959+0000] {logging_mixin.py:188} INFO - [2024-04-16T12:09:28.959+0000] {dag.py:3954} INFO - Setting next_dagrun for example_short_circuit_operator to 2024-04-15 00:00:00+00:00, run_after=2024-04-16 00:00:00+00:00
[2024-04-16T12:09:28.995+0000] {processor.py:183} INFO - Processing /home/airflow/.local/lib/python3.12/site-packages/airflow/example_dags/example_short_circuit_operator.py took 0.153 seconds
[2024-04-16T12:09:59.441+0000] {processor.py:161} INFO - Started process (PID=212) to work on /home/airflow/.local/lib/python3.12/site-packages/airflow/example_dags/example_short_circuit_operator.py
[2024-04-16T12:09:59.442+0000] {processor.py:830} INFO - Processing file /home/airflow/.local/lib/python3.12/site-packages/airflow/example_dags/example_short_circuit_operator.py for tasks to queue
[2024-04-16T12:09:59.447+0000] {logging_mixin.py:188} INFO - [2024-04-16T12:09:59.445+0000] {dagbag.py:540} INFO - Filling up the DagBag from /home/airflow/.local/lib/python3.12/site-packages/airflow/example_dags/example_short_circuit_operator.py
[2024-04-16T12:09:59.456+0000] {processor.py:840} INFO - DAG(s) 'example_short_circuit_operator' retrieved from /home/airflow/.local/lib/python3.12/site-packages/airflow/example_dags/example_short_circuit_operator.py
[2024-04-16T12:09:59.489+0000] {logging_mixin.py:188} INFO - [2024-04-16T12:09:59.488+0000] {dag.py:3096} INFO - Sync 1 DAGs
[2024-04-16T12:09:59.527+0000] {logging_mixin.py:188} INFO - [2024-04-16T12:09:59.527+0000] {dag.py:3954} INFO - Setting next_dagrun for example_short_circuit_operator to 2024-04-15 00:00:00+00:00, run_after=2024-04-16 00:00:00+00:00
[2024-04-16T12:09:59.569+0000] {processor.py:183} INFO - Processing /home/airflow/.local/lib/python3.12/site-packages/airflow/example_dags/example_short_circuit_operator.py took 0.134 seconds
[2024-04-16T12:31:37.836+0000] {processor.py:161} INFO - Started process (PID=90) to work on /home/airflow/.local/lib/python3.12/site-packages/airflow/example_dags/example_short_circuit_operator.py
[2024-04-16T12:31:37.838+0000] {processor.py:830} INFO - Processing file /home/airflow/.local/lib/python3.12/site-packages/airflow/example_dags/example_short_circuit_operator.py for tasks to queue
[2024-04-16T12:31:37.841+0000] {logging_mixin.py:188} INFO - [2024-04-16T12:31:37.840+0000] {dagbag.py:540} INFO - Filling up the DagBag from /home/airflow/.local/lib/python3.12/site-packages/airflow/example_dags/example_short_circuit_operator.py
[2024-04-16T12:31:37.856+0000] {processor.py:840} INFO - DAG(s) 'example_short_circuit_operator' retrieved from /home/airflow/.local/lib/python3.12/site-packages/airflow/example_dags/example_short_circuit_operator.py
[2024-04-16T12:31:38.027+0000] {logging_mixin.py:188} INFO - [2024-04-16T12:31:38.026+0000] {dag.py:3096} INFO - Sync 1 DAGs
[2024-04-16T12:31:38.053+0000] {logging_mixin.py:188} INFO - [2024-04-16T12:31:38.052+0000] {dag.py:3954} INFO - Setting next_dagrun for example_short_circuit_operator to 2024-04-15 00:00:00+00:00, run_after=2024-04-16 00:00:00+00:00
[2024-04-16T12:31:38.078+0000] {processor.py:183} INFO - Processing /home/airflow/.local/lib/python3.12/site-packages/airflow/example_dags/example_short_circuit_operator.py took 0.255 seconds
[2024-04-16T12:32:08.526+0000] {processor.py:161} INFO - Started process (PID=153) to work on /home/airflow/.local/lib/python3.12/site-packages/airflow/example_dags/example_short_circuit_operator.py
[2024-04-16T12:32:08.527+0000] {processor.py:830} INFO - Processing file /home/airflow/.local/lib/python3.12/site-packages/airflow/example_dags/example_short_circuit_operator.py for tasks to queue
[2024-04-16T12:32:08.528+0000] {logging_mixin.py:188} INFO - [2024-04-16T12:32:08.528+0000] {dagbag.py:540} INFO - Filling up the DagBag from /home/airflow/.local/lib/python3.12/site-packages/airflow/example_dags/example_short_circuit_operator.py
[2024-04-16T12:32:08.536+0000] {processor.py:840} INFO - DAG(s) 'example_short_circuit_operator' retrieved from /home/airflow/.local/lib/python3.12/site-packages/airflow/example_dags/example_short_circuit_operator.py
[2024-04-16T12:32:08.561+0000] {logging_mixin.py:188} INFO - [2024-04-16T12:32:08.561+0000] {dag.py:3096} INFO - Sync 1 DAGs
[2024-04-16T12:32:08.581+0000] {logging_mixin.py:188} INFO - [2024-04-16T12:32:08.580+0000] {dag.py:3954} INFO - Setting next_dagrun for example_short_circuit_operator to 2024-04-15 00:00:00+00:00, run_after=2024-04-16 00:00:00+00:00
[2024-04-16T12:32:08.601+0000] {processor.py:183} INFO - Processing /home/airflow/.local/lib/python3.12/site-packages/airflow/example_dags/example_short_circuit_operator.py took 0.080 seconds
[2024-04-16T12:32:39.078+0000] {processor.py:161} INFO - Started process (PID=216) to work on /home/airflow/.local/lib/python3.12/site-packages/airflow/example_dags/example_short_circuit_operator.py
[2024-04-16T12:32:39.079+0000] {processor.py:830} INFO - Processing file /home/airflow/.local/lib/python3.12/site-packages/airflow/example_dags/example_short_circuit_operator.py for tasks to queue
[2024-04-16T12:32:39.081+0000] {logging_mixin.py:188} INFO - [2024-04-16T12:32:39.080+0000] {dagbag.py:540} INFO - Filling up the DagBag from /home/airflow/.local/lib/python3.12/site-packages/airflow/example_dags/example_short_circuit_operator.py
[2024-04-16T12:32:39.088+0000] {processor.py:840} INFO - DAG(s) 'example_short_circuit_operator' retrieved from /home/airflow/.local/lib/python3.12/site-packages/airflow/example_dags/example_short_circuit_operator.py
[2024-04-16T12:32:39.110+0000] {logging_mixin.py:188} INFO - [2024-04-16T12:32:39.109+0000] {dag.py:3096} INFO - Sync 1 DAGs
[2024-04-16T12:32:39.131+0000] {logging_mixin.py:188} INFO - [2024-04-16T12:32:39.131+0000] {dag.py:3954} INFO - Setting next_dagrun for example_short_circuit_operator to 2024-04-15 00:00:00+00:00, run_after=2024-04-16 00:00:00+00:00
[2024-04-16T12:32:39.151+0000] {processor.py:183} INFO - Processing /home/airflow/.local/lib/python3.12/site-packages/airflow/example_dags/example_short_circuit_operator.py took 0.079 seconds
[2024-04-16T12:33:13.833+0000] {processor.py:161} INFO - Started process (PID=282) to work on /home/airflow/.local/lib/python3.12/site-packages/airflow/example_dags/example_short_circuit_operator.py
[2024-04-16T12:33:13.849+0000] {processor.py:830} INFO - Processing file /home/airflow/.local/lib/python3.12/site-packages/airflow/example_dags/example_short_circuit_operator.py for tasks to queue
[2024-04-16T12:33:13.867+0000] {logging_mixin.py:188} INFO - [2024-04-16T12:33:13.866+0000] {dagbag.py:540} INFO - Filling up the DagBag from /home/airflow/.local/lib/python3.12/site-packages/airflow/example_dags/example_short_circuit_operator.py
[2024-04-16T12:33:13.935+0000] {processor.py:840} INFO - DAG(s) 'example_short_circuit_operator' retrieved from /home/airflow/.local/lib/python3.12/site-packages/airflow/example_dags/example_short_circuit_operator.py
[2024-04-16T12:33:14.004+0000] {logging_mixin.py:188} INFO - [2024-04-16T12:33:14.004+0000] {dag.py:3096} INFO - Sync 1 DAGs
[2024-04-16T12:33:14.082+0000] {logging_mixin.py:188} INFO - [2024-04-16T12:33:14.081+0000] {dag.py:3954} INFO - Setting next_dagrun for example_short_circuit_operator to 2024-04-15 00:00:00+00:00, run_after=2024-04-16 00:00:00+00:00
[2024-04-16T12:33:14.172+0000] {processor.py:183} INFO - Processing /home/airflow/.local/lib/python3.12/site-packages/airflow/example_dags/example_short_circuit_operator.py took 0.386 seconds
[2024-04-16T12:33:44.457+0000] {processor.py:161} INFO - Started process (PID=345) to work on /home/airflow/.local/lib/python3.12/site-packages/airflow/example_dags/example_short_circuit_operator.py
[2024-04-16T12:33:44.460+0000] {processor.py:830} INFO - Processing file /home/airflow/.local/lib/python3.12/site-packages/airflow/example_dags/example_short_circuit_operator.py for tasks to queue
[2024-04-16T12:33:44.462+0000] {logging_mixin.py:188} INFO - [2024-04-16T12:33:44.461+0000] {dagbag.py:540} INFO - Filling up the DagBag from /home/airflow/.local/lib/python3.12/site-packages/airflow/example_dags/example_short_circuit_operator.py
[2024-04-16T12:33:44.490+0000] {processor.py:840} INFO - DAG(s) 'example_short_circuit_operator' retrieved from /home/airflow/.local/lib/python3.12/site-packages/airflow/example_dags/example_short_circuit_operator.py
[2024-04-16T12:33:44.529+0000] {logging_mixin.py:188} INFO - [2024-04-16T12:33:44.529+0000] {dag.py:3096} INFO - Sync 1 DAGs
[2024-04-16T12:33:44.580+0000] {logging_mixin.py:188} INFO - [2024-04-16T12:33:44.579+0000] {dag.py:3954} INFO - Setting next_dagrun for example_short_circuit_operator to 2024-04-15 00:00:00+00:00, run_after=2024-04-16 00:00:00+00:00
[2024-04-16T12:33:44.632+0000] {processor.py:183} INFO - Processing /home/airflow/.local/lib/python3.12/site-packages/airflow/example_dags/example_short_circuit_operator.py took 0.183 seconds
[2024-04-16T12:34:14.757+0000] {processor.py:161} INFO - Started process (PID=408) to work on /home/airflow/.local/lib/python3.12/site-packages/airflow/example_dags/example_short_circuit_operator.py
[2024-04-16T12:34:14.758+0000] {processor.py:830} INFO - Processing file /home/airflow/.local/lib/python3.12/site-packages/airflow/example_dags/example_short_circuit_operator.py for tasks to queue
[2024-04-16T12:34:14.759+0000] {logging_mixin.py:188} INFO - [2024-04-16T12:34:14.759+0000] {dagbag.py:540} INFO - Filling up the DagBag from /home/airflow/.local/lib/python3.12/site-packages/airflow/example_dags/example_short_circuit_operator.py
[2024-04-16T12:34:14.775+0000] {processor.py:840} INFO - DAG(s) 'example_short_circuit_operator' retrieved from /home/airflow/.local/lib/python3.12/site-packages/airflow/example_dags/example_short_circuit_operator.py
[2024-04-16T12:34:14.821+0000] {logging_mixin.py:188} INFO - [2024-04-16T12:34:14.821+0000] {dag.py:3096} INFO - Sync 1 DAGs
[2024-04-16T12:34:14.855+0000] {logging_mixin.py:188} INFO - [2024-04-16T12:34:14.855+0000] {dag.py:3954} INFO - Setting next_dagrun for example_short_circuit_operator to 2024-04-15 00:00:00+00:00, run_after=2024-04-16 00:00:00+00:00
[2024-04-16T12:34:14.875+0000] {processor.py:183} INFO - Processing /home/airflow/.local/lib/python3.12/site-packages/airflow/example_dags/example_short_circuit_operator.py took 0.127 seconds
[2024-04-16T12:38:15.037+0000] {processor.py:161} INFO - Started process (PID=511) to work on /home/airflow/.local/lib/python3.12/site-packages/airflow/example_dags/example_short_circuit_operator.py
[2024-04-16T12:38:15.050+0000] {processor.py:830} INFO - Processing file /home/airflow/.local/lib/python3.12/site-packages/airflow/example_dags/example_short_circuit_operator.py for tasks to queue
[2024-04-16T12:38:15.056+0000] {logging_mixin.py:188} INFO - [2024-04-16T12:38:15.056+0000] {dagbag.py:540} INFO - Filling up the DagBag from /home/airflow/.local/lib/python3.12/site-packages/airflow/example_dags/example_short_circuit_operator.py
[2024-04-16T12:38:15.096+0000] {processor.py:840} INFO - DAG(s) 'example_short_circuit_operator' retrieved from /home/airflow/.local/lib/python3.12/site-packages/airflow/example_dags/example_short_circuit_operator.py
[2024-04-16T12:38:15.164+0000] {logging_mixin.py:188} INFO - [2024-04-16T12:38:15.164+0000] {dag.py:3096} INFO - Sync 1 DAGs
[2024-04-16T12:38:15.232+0000] {logging_mixin.py:188} INFO - [2024-04-16T12:38:15.231+0000] {dag.py:3954} INFO - Setting next_dagrun for example_short_circuit_operator to 2024-04-15 00:00:00+00:00, run_after=2024-04-16 00:00:00+00:00
[2024-04-16T12:38:15.300+0000] {processor.py:183} INFO - Processing /home/airflow/.local/lib/python3.12/site-packages/airflow/example_dags/example_short_circuit_operator.py took 0.274 seconds
[2024-04-16T12:39:42.882+0000] {processor.py:161} INFO - Started process (PID=577) to work on /home/airflow/.local/lib/python3.12/site-packages/airflow/example_dags/example_short_circuit_operator.py
[2024-04-16T12:39:42.888+0000] {processor.py:830} INFO - Processing file /home/airflow/.local/lib/python3.12/site-packages/airflow/example_dags/example_short_circuit_operator.py for tasks to queue
[2024-04-16T12:39:42.889+0000] {logging_mixin.py:188} INFO - [2024-04-16T12:39:42.889+0000] {dagbag.py:540} INFO - Filling up the DagBag from /home/airflow/.local/lib/python3.12/site-packages/airflow/example_dags/example_short_circuit_operator.py
[2024-04-16T12:39:42.903+0000] {processor.py:840} INFO - DAG(s) 'example_short_circuit_operator' retrieved from /home/airflow/.local/lib/python3.12/site-packages/airflow/example_dags/example_short_circuit_operator.py
[2024-04-16T12:39:42.940+0000] {logging_mixin.py:188} INFO - [2024-04-16T12:39:42.939+0000] {dag.py:3096} INFO - Sync 1 DAGs
[2024-04-16T12:39:42.980+0000] {logging_mixin.py:188} INFO - [2024-04-16T12:39:42.979+0000] {dag.py:3954} INFO - Setting next_dagrun for example_short_circuit_operator to 2024-04-15 00:00:00+00:00, run_after=2024-04-16 00:00:00+00:00
[2024-04-16T12:39:43.036+0000] {processor.py:183} INFO - Processing /home/airflow/.local/lib/python3.12/site-packages/airflow/example_dags/example_short_circuit_operator.py took 0.163 seconds
