[2024-04-16T11:58:25.391+0000] {processor.py:161} INFO - Started process (PID=86) to work on /home/airflow/.local/lib/python3.12/site-packages/airflow/example_dags/example_latest_only.py
[2024-04-16T11:58:25.398+0000] {processor.py:830} INFO - Processing file /home/airflow/.local/lib/python3.12/site-packages/airflow/example_dags/example_latest_only.py for tasks to queue
[2024-04-16T11:58:25.400+0000] {logging_mixin.py:188} INFO - [2024-04-16T11:58:25.400+0000] {dagbag.py:540} INFO - Filling up the DagBag from /home/airflow/.local/lib/python3.12/site-packages/airflow/example_dags/example_latest_only.py
[2024-04-16T11:58:25.419+0000] {processor.py:840} INFO - DAG(s) 'latest_only' retrieved from /home/airflow/.local/lib/python3.12/site-packages/airflow/example_dags/example_latest_only.py
[2024-04-16T11:58:25.744+0000] {logging_mixin.py:188} INFO - [2024-04-16T11:58:25.744+0000] {dag.py:3096} INFO - Sync 1 DAGs
[2024-04-16T11:58:25.810+0000] {logging_mixin.py:188} INFO - [2024-04-16T11:58:25.808+0000] {dag.py:3954} INFO - Setting next_dagrun for latest_only to 2024-04-16 04:00:00+00:00, run_after=2024-04-16 08:00:00+00:00
[2024-04-16T11:58:25.996+0000] {processor.py:183} INFO - Processing /home/airflow/.local/lib/python3.12/site-packages/airflow/example_dags/example_latest_only.py took 0.613 seconds
[2024-04-16T12:08:58.619+0000] {processor.py:161} INFO - Started process (PID=90) to work on /home/airflow/.local/lib/python3.12/site-packages/airflow/example_dags/example_latest_only.py
[2024-04-16T12:08:58.622+0000] {processor.py:830} INFO - Processing file /home/airflow/.local/lib/python3.12/site-packages/airflow/example_dags/example_latest_only.py for tasks to queue
[2024-04-16T12:08:58.625+0000] {logging_mixin.py:188} INFO - [2024-04-16T12:08:58.624+0000] {dagbag.py:540} INFO - Filling up the DagBag from /home/airflow/.local/lib/python3.12/site-packages/airflow/example_dags/example_latest_only.py
[2024-04-16T12:08:58.638+0000] {processor.py:840} INFO - DAG(s) 'latest_only' retrieved from /home/airflow/.local/lib/python3.12/site-packages/airflow/example_dags/example_latest_only.py
[2024-04-16T12:08:58.811+0000] {logging_mixin.py:188} INFO - [2024-04-16T12:08:58.811+0000] {dag.py:3096} INFO - Sync 1 DAGs
[2024-04-16T12:08:58.849+0000] {logging_mixin.py:188} INFO - [2024-04-16T12:08:58.849+0000] {dag.py:3954} INFO - Setting next_dagrun for latest_only to 2024-04-16 08:00:00+00:00, run_after=2024-04-16 12:00:00+00:00
[2024-04-16T12:08:58.887+0000] {processor.py:183} INFO - Processing /home/airflow/.local/lib/python3.12/site-packages/airflow/example_dags/example_latest_only.py took 0.276 seconds
[2024-04-16T12:09:29.309+0000] {processor.py:161} INFO - Started process (PID=153) to work on /home/airflow/.local/lib/python3.12/site-packages/airflow/example_dags/example_latest_only.py
[2024-04-16T12:09:29.313+0000] {processor.py:830} INFO - Processing file /home/airflow/.local/lib/python3.12/site-packages/airflow/example_dags/example_latest_only.py for tasks to queue
[2024-04-16T12:09:29.322+0000] {logging_mixin.py:188} INFO - [2024-04-16T12:09:29.321+0000] {dagbag.py:540} INFO - Filling up the DagBag from /home/airflow/.local/lib/python3.12/site-packages/airflow/example_dags/example_latest_only.py
[2024-04-16T12:09:29.352+0000] {processor.py:840} INFO - DAG(s) 'latest_only' retrieved from /home/airflow/.local/lib/python3.12/site-packages/airflow/example_dags/example_latest_only.py
[2024-04-16T12:09:29.414+0000] {logging_mixin.py:188} INFO - [2024-04-16T12:09:29.414+0000] {dag.py:3096} INFO - Sync 1 DAGs
[2024-04-16T12:09:29.449+0000] {logging_mixin.py:188} INFO - [2024-04-16T12:09:29.449+0000] {dag.py:3954} INFO - Setting next_dagrun for latest_only to 2024-04-16 08:00:00+00:00, run_after=2024-04-16 12:00:00+00:00
[2024-04-16T12:09:29.494+0000] {processor.py:183} INFO - Processing /home/airflow/.local/lib/python3.12/site-packages/airflow/example_dags/example_latest_only.py took 0.192 seconds
[2024-04-16T12:09:59.942+0000] {processor.py:161} INFO - Started process (PID=216) to work on /home/airflow/.local/lib/python3.12/site-packages/airflow/example_dags/example_latest_only.py
[2024-04-16T12:09:59.945+0000] {processor.py:830} INFO - Processing file /home/airflow/.local/lib/python3.12/site-packages/airflow/example_dags/example_latest_only.py for tasks to queue
[2024-04-16T12:09:59.950+0000] {logging_mixin.py:188} INFO - [2024-04-16T12:09:59.947+0000] {dagbag.py:540} INFO - Filling up the DagBag from /home/airflow/.local/lib/python3.12/site-packages/airflow/example_dags/example_latest_only.py
[2024-04-16T12:09:59.965+0000] {processor.py:840} INFO - DAG(s) 'latest_only' retrieved from /home/airflow/.local/lib/python3.12/site-packages/airflow/example_dags/example_latest_only.py
[2024-04-16T12:10:00.038+0000] {logging_mixin.py:188} INFO - [2024-04-16T12:10:00.037+0000] {dag.py:3096} INFO - Sync 1 DAGs
[2024-04-16T12:10:00.116+0000] {logging_mixin.py:188} INFO - [2024-04-16T12:10:00.116+0000] {dag.py:3954} INFO - Setting next_dagrun for latest_only to 2024-04-16 08:00:00+00:00, run_after=2024-04-16 12:00:00+00:00
[2024-04-16T12:10:00.181+0000] {processor.py:183} INFO - Processing /home/airflow/.local/lib/python3.12/site-packages/airflow/example_dags/example_latest_only.py took 0.249 seconds
[2024-04-16T12:31:38.347+0000] {processor.py:161} INFO - Started process (PID=94) to work on /home/airflow/.local/lib/python3.12/site-packages/airflow/example_dags/example_latest_only.py
[2024-04-16T12:31:38.348+0000] {processor.py:830} INFO - Processing file /home/airflow/.local/lib/python3.12/site-packages/airflow/example_dags/example_latest_only.py for tasks to queue
[2024-04-16T12:31:38.351+0000] {logging_mixin.py:188} INFO - [2024-04-16T12:31:38.350+0000] {dagbag.py:540} INFO - Filling up the DagBag from /home/airflow/.local/lib/python3.12/site-packages/airflow/example_dags/example_latest_only.py
[2024-04-16T12:31:38.359+0000] {processor.py:840} INFO - DAG(s) 'latest_only' retrieved from /home/airflow/.local/lib/python3.12/site-packages/airflow/example_dags/example_latest_only.py
[2024-04-16T12:31:38.507+0000] {logging_mixin.py:188} INFO - [2024-04-16T12:31:38.507+0000] {dag.py:3096} INFO - Sync 1 DAGs
[2024-04-16T12:31:38.540+0000] {logging_mixin.py:188} INFO - [2024-04-16T12:31:38.539+0000] {dag.py:3954} INFO - Setting next_dagrun for latest_only to 2024-04-16 08:00:00+00:00, run_after=2024-04-16 12:00:00+00:00
[2024-04-16T12:31:38.569+0000] {processor.py:183} INFO - Processing /home/airflow/.local/lib/python3.12/site-packages/airflow/example_dags/example_latest_only.py took 0.228 seconds
[2024-04-16T12:32:08.827+0000] {processor.py:161} INFO - Started process (PID=157) to work on /home/airflow/.local/lib/python3.12/site-packages/airflow/example_dags/example_latest_only.py
[2024-04-16T12:32:08.828+0000] {processor.py:830} INFO - Processing file /home/airflow/.local/lib/python3.12/site-packages/airflow/example_dags/example_latest_only.py for tasks to queue
[2024-04-16T12:32:08.829+0000] {logging_mixin.py:188} INFO - [2024-04-16T12:32:08.829+0000] {dagbag.py:540} INFO - Filling up the DagBag from /home/airflow/.local/lib/python3.12/site-packages/airflow/example_dags/example_latest_only.py
[2024-04-16T12:32:08.835+0000] {processor.py:840} INFO - DAG(s) 'latest_only' retrieved from /home/airflow/.local/lib/python3.12/site-packages/airflow/example_dags/example_latest_only.py
[2024-04-16T12:32:08.856+0000] {logging_mixin.py:188} INFO - [2024-04-16T12:32:08.856+0000] {dag.py:3096} INFO - Sync 1 DAGs
[2024-04-16T12:32:08.877+0000] {logging_mixin.py:188} INFO - [2024-04-16T12:32:08.877+0000] {dag.py:3954} INFO - Setting next_dagrun for latest_only to 2024-04-16 08:00:00+00:00, run_after=2024-04-16 12:00:00+00:00
[2024-04-16T12:32:08.896+0000] {processor.py:183} INFO - Processing /home/airflow/.local/lib/python3.12/site-packages/airflow/example_dags/example_latest_only.py took 0.074 seconds
[2024-04-16T12:32:39.280+0000] {processor.py:161} INFO - Started process (PID=220) to work on /home/airflow/.local/lib/python3.12/site-packages/airflow/example_dags/example_latest_only.py
[2024-04-16T12:32:39.281+0000] {processor.py:830} INFO - Processing file /home/airflow/.local/lib/python3.12/site-packages/airflow/example_dags/example_latest_only.py for tasks to queue
[2024-04-16T12:32:39.282+0000] {logging_mixin.py:188} INFO - [2024-04-16T12:32:39.282+0000] {dagbag.py:540} INFO - Filling up the DagBag from /home/airflow/.local/lib/python3.12/site-packages/airflow/example_dags/example_latest_only.py
[2024-04-16T12:32:39.289+0000] {processor.py:840} INFO - DAG(s) 'latest_only' retrieved from /home/airflow/.local/lib/python3.12/site-packages/airflow/example_dags/example_latest_only.py
[2024-04-16T12:32:39.310+0000] {logging_mixin.py:188} INFO - [2024-04-16T12:32:39.310+0000] {dag.py:3096} INFO - Sync 1 DAGs
[2024-04-16T12:32:39.333+0000] {logging_mixin.py:188} INFO - [2024-04-16T12:32:39.333+0000] {dag.py:3954} INFO - Setting next_dagrun for latest_only to 2024-04-16 08:00:00+00:00, run_after=2024-04-16 12:00:00+00:00
[2024-04-16T12:32:39.352+0000] {processor.py:183} INFO - Processing /home/airflow/.local/lib/python3.12/site-packages/airflow/example_dags/example_latest_only.py took 0.079 seconds
[2024-04-16T12:33:15.726+0000] {processor.py:161} INFO - Started process (PID=286) to work on /home/airflow/.local/lib/python3.12/site-packages/airflow/example_dags/example_latest_only.py
[2024-04-16T12:33:15.747+0000] {processor.py:830} INFO - Processing file /home/airflow/.local/lib/python3.12/site-packages/airflow/example_dags/example_latest_only.py for tasks to queue
[2024-04-16T12:33:15.780+0000] {logging_mixin.py:188} INFO - [2024-04-16T12:33:15.779+0000] {dagbag.py:540} INFO - Filling up the DagBag from /home/airflow/.local/lib/python3.12/site-packages/airflow/example_dags/example_latest_only.py
[2024-04-16T12:33:15.820+0000] {processor.py:840} INFO - DAG(s) 'latest_only' retrieved from /home/airflow/.local/lib/python3.12/site-packages/airflow/example_dags/example_latest_only.py
[2024-04-16T12:33:15.890+0000] {logging_mixin.py:188} INFO - [2024-04-16T12:33:15.889+0000] {dag.py:3096} INFO - Sync 1 DAGs
[2024-04-16T12:33:15.989+0000] {logging_mixin.py:188} INFO - [2024-04-16T12:33:15.988+0000] {dag.py:3954} INFO - Setting next_dagrun for latest_only to 2024-04-16 08:00:00+00:00, run_after=2024-04-16 12:00:00+00:00
[2024-04-16T12:33:16.067+0000] {processor.py:183} INFO - Processing /home/airflow/.local/lib/python3.12/site-packages/airflow/example_dags/example_latest_only.py took 0.349 seconds
[2024-04-16T12:33:46.783+0000] {processor.py:161} INFO - Started process (PID=349) to work on /home/airflow/.local/lib/python3.12/site-packages/airflow/example_dags/example_latest_only.py
[2024-04-16T12:33:46.784+0000] {processor.py:830} INFO - Processing file /home/airflow/.local/lib/python3.12/site-packages/airflow/example_dags/example_latest_only.py for tasks to queue
[2024-04-16T12:33:46.787+0000] {logging_mixin.py:188} INFO - [2024-04-16T12:33:46.785+0000] {dagbag.py:540} INFO - Filling up the DagBag from /home/airflow/.local/lib/python3.12/site-packages/airflow/example_dags/example_latest_only.py
[2024-04-16T12:33:46.796+0000] {processor.py:840} INFO - DAG(s) 'latest_only' retrieved from /home/airflow/.local/lib/python3.12/site-packages/airflow/example_dags/example_latest_only.py
[2024-04-16T12:33:46.829+0000] {logging_mixin.py:188} INFO - [2024-04-16T12:33:46.822+0000] {dag.py:3096} INFO - Sync 1 DAGs
[2024-04-16T12:33:46.871+0000] {logging_mixin.py:188} INFO - [2024-04-16T12:33:46.871+0000] {dag.py:3954} INFO - Setting next_dagrun for latest_only to 2024-04-16 08:00:00+00:00, run_after=2024-04-16 12:00:00+00:00
[2024-04-16T12:33:46.898+0000] {processor.py:183} INFO - Processing /home/airflow/.local/lib/python3.12/site-packages/airflow/example_dags/example_latest_only.py took 0.122 seconds
[2024-04-16T12:34:17.049+0000] {processor.py:161} INFO - Started process (PID=412) to work on /home/airflow/.local/lib/python3.12/site-packages/airflow/example_dags/example_latest_only.py
[2024-04-16T12:34:17.050+0000] {processor.py:830} INFO - Processing file /home/airflow/.local/lib/python3.12/site-packages/airflow/example_dags/example_latest_only.py for tasks to queue
[2024-04-16T12:34:17.052+0000] {logging_mixin.py:188} INFO - [2024-04-16T12:34:17.051+0000] {dagbag.py:540} INFO - Filling up the DagBag from /home/airflow/.local/lib/python3.12/site-packages/airflow/example_dags/example_latest_only.py
[2024-04-16T12:34:17.057+0000] {processor.py:840} INFO - DAG(s) 'latest_only' retrieved from /home/airflow/.local/lib/python3.12/site-packages/airflow/example_dags/example_latest_only.py
[2024-04-16T12:34:17.079+0000] {logging_mixin.py:188} INFO - [2024-04-16T12:34:17.079+0000] {dag.py:3096} INFO - Sync 1 DAGs
[2024-04-16T12:34:17.106+0000] {logging_mixin.py:188} INFO - [2024-04-16T12:34:17.106+0000] {dag.py:3954} INFO - Setting next_dagrun for latest_only to 2024-04-16 08:00:00+00:00, run_after=2024-04-16 12:00:00+00:00
[2024-04-16T12:34:17.126+0000] {processor.py:183} INFO - Processing /home/airflow/.local/lib/python3.12/site-packages/airflow/example_dags/example_latest_only.py took 0.083 seconds
[2024-04-16T12:38:15.909+0000] {processor.py:161} INFO - Started process (PID=515) to work on /home/airflow/.local/lib/python3.12/site-packages/airflow/example_dags/example_latest_only.py
[2024-04-16T12:38:15.918+0000] {processor.py:830} INFO - Processing file /home/airflow/.local/lib/python3.12/site-packages/airflow/example_dags/example_latest_only.py for tasks to queue
[2024-04-16T12:38:15.925+0000] {logging_mixin.py:188} INFO - [2024-04-16T12:38:15.925+0000] {dagbag.py:540} INFO - Filling up the DagBag from /home/airflow/.local/lib/python3.12/site-packages/airflow/example_dags/example_latest_only.py
[2024-04-16T12:38:15.950+0000] {processor.py:840} INFO - DAG(s) 'latest_only' retrieved from /home/airflow/.local/lib/python3.12/site-packages/airflow/example_dags/example_latest_only.py
[2024-04-16T12:38:16.011+0000] {logging_mixin.py:188} INFO - [2024-04-16T12:38:16.010+0000] {dag.py:3096} INFO - Sync 1 DAGs
[2024-04-16T12:38:16.079+0000] {logging_mixin.py:188} INFO - [2024-04-16T12:38:16.079+0000] {dag.py:3954} INFO - Setting next_dagrun for latest_only to 2024-04-16 08:00:00+00:00, run_after=2024-04-16 12:00:00+00:00
[2024-04-16T12:38:16.149+0000] {processor.py:183} INFO - Processing /home/airflow/.local/lib/python3.12/site-packages/airflow/example_dags/example_latest_only.py took 0.256 seconds
[2024-04-16T12:39:43.826+0000] {processor.py:161} INFO - Started process (PID=581) to work on /home/airflow/.local/lib/python3.12/site-packages/airflow/example_dags/example_latest_only.py
[2024-04-16T12:39:43.828+0000] {processor.py:830} INFO - Processing file /home/airflow/.local/lib/python3.12/site-packages/airflow/example_dags/example_latest_only.py for tasks to queue
[2024-04-16T12:39:43.830+0000] {logging_mixin.py:188} INFO - [2024-04-16T12:39:43.829+0000] {dagbag.py:540} INFO - Filling up the DagBag from /home/airflow/.local/lib/python3.12/site-packages/airflow/example_dags/example_latest_only.py
[2024-04-16T12:39:43.841+0000] {processor.py:840} INFO - DAG(s) 'latest_only' retrieved from /home/airflow/.local/lib/python3.12/site-packages/airflow/example_dags/example_latest_only.py
[2024-04-16T12:39:43.912+0000] {logging_mixin.py:188} INFO - [2024-04-16T12:39:43.909+0000] {dag.py:3096} INFO - Sync 1 DAGs
[2024-04-16T12:39:44.012+0000] {logging_mixin.py:188} INFO - [2024-04-16T12:39:44.012+0000] {dag.py:3954} INFO - Setting next_dagrun for latest_only to 2024-04-16 08:00:00+00:00, run_after=2024-04-16 12:00:00+00:00
[2024-04-16T12:39:44.067+0000] {processor.py:183} INFO - Processing /home/airflow/.local/lib/python3.12/site-packages/airflow/example_dags/example_latest_only.py took 0.251 seconds
