[2024-04-16T11:58:03.462+0000] {processor.py:161} INFO - Started process (PID=51) to work on /home/airflow/.local/lib/python3.12/site-packages/airflow/example_dags/example_branch_python_dop_operator_3.py
[2024-04-16T11:58:03.463+0000] {processor.py:830} INFO - Processing file /home/airflow/.local/lib/python3.12/site-packages/airflow/example_dags/example_branch_python_dop_operator_3.py for tasks to queue
[2024-04-16T11:58:03.467+0000] {logging_mixin.py:188} INFO - [2024-04-16T11:58:03.466+0000] {dagbag.py:540} INFO - Filling up the DagBag from /home/airflow/.local/lib/python3.12/site-packages/airflow/example_dags/example_branch_python_dop_operator_3.py
[2024-04-16T11:58:03.493+0000] {processor.py:840} INFO - DAG(s) 'example_branch_dop_operator_v3' retrieved from /home/airflow/.local/lib/python3.12/site-packages/airflow/example_dags/example_branch_python_dop_operator_3.py
[2024-04-16T11:58:03.977+0000] {logging_mixin.py:188} INFO - [2024-04-16T11:58:03.977+0000] {dag.py:3096} INFO - Sync 1 DAGs
[2024-04-16T11:58:04.093+0000] {logging_mixin.py:188} INFO - [2024-04-16T11:58:04.093+0000] {dag.py:3954} INFO - Setting next_dagrun for example_branch_dop_operator_v3 to 2024-04-16 11:57:00+00:00, run_after=2024-04-16 11:58:00+00:00
[2024-04-16T11:58:04.176+0000] {processor.py:183} INFO - Processing /home/airflow/.local/lib/python3.12/site-packages/airflow/example_dags/example_branch_python_dop_operator_3.py took 0.720 seconds
[2024-04-16T11:58:40.498+0000] {processor.py:161} INFO - Started process (PID=119) to work on /home/airflow/.local/lib/python3.12/site-packages/airflow/example_dags/example_branch_python_dop_operator_3.py
[2024-04-16T11:58:40.501+0000] {processor.py:830} INFO - Processing file /home/airflow/.local/lib/python3.12/site-packages/airflow/example_dags/example_branch_python_dop_operator_3.py for tasks to queue
[2024-04-16T11:58:40.515+0000] {logging_mixin.py:188} INFO - [2024-04-16T11:58:40.511+0000] {dagbag.py:540} INFO - Filling up the DagBag from /home/airflow/.local/lib/python3.12/site-packages/airflow/example_dags/example_branch_python_dop_operator_3.py
[2024-04-16T11:58:40.593+0000] {processor.py:840} INFO - DAG(s) 'example_branch_dop_operator_v3' retrieved from /home/airflow/.local/lib/python3.12/site-packages/airflow/example_dags/example_branch_python_dop_operator_3.py
[2024-04-16T11:58:40.698+0000] {logging_mixin.py:188} INFO - [2024-04-16T11:58:40.697+0000] {dag.py:3096} INFO - Sync 1 DAGs
[2024-04-16T11:58:40.858+0000] {logging_mixin.py:188} INFO - [2024-04-16T11:58:40.856+0000] {dag.py:3954} INFO - Setting next_dagrun for example_branch_dop_operator_v3 to 2024-04-16 11:57:00+00:00, run_after=2024-04-16 11:58:00+00:00
[2024-04-16T11:58:41.030+0000] {processor.py:183} INFO - Processing /home/airflow/.local/lib/python3.12/site-packages/airflow/example_dags/example_branch_python_dop_operator_3.py took 0.559 seconds
[2024-04-16T12:08:46.964+0000] {processor.py:161} INFO - Started process (PID=50) to work on /home/airflow/.local/lib/python3.12/site-packages/airflow/example_dags/example_branch_python_dop_operator_3.py
[2024-04-16T12:08:46.966+0000] {processor.py:830} INFO - Processing file /home/airflow/.local/lib/python3.12/site-packages/airflow/example_dags/example_branch_python_dop_operator_3.py for tasks to queue
[2024-04-16T12:08:46.969+0000] {logging_mixin.py:188} INFO - [2024-04-16T12:08:46.969+0000] {dagbag.py:540} INFO - Filling up the DagBag from /home/airflow/.local/lib/python3.12/site-packages/airflow/example_dags/example_branch_python_dop_operator_3.py
[2024-04-16T12:08:46.993+0000] {processor.py:840} INFO - DAG(s) 'example_branch_dop_operator_v3' retrieved from /home/airflow/.local/lib/python3.12/site-packages/airflow/example_dags/example_branch_python_dop_operator_3.py
[2024-04-16T12:08:47.196+0000] {logging_mixin.py:188} INFO - [2024-04-16T12:08:47.196+0000] {dag.py:3096} INFO - Sync 1 DAGs
[2024-04-16T12:08:47.247+0000] {logging_mixin.py:188} INFO - [2024-04-16T12:08:47.247+0000] {dag.py:3954} INFO - Setting next_dagrun for example_branch_dop_operator_v3 to 2024-04-16 12:07:00+00:00, run_after=2024-04-16 12:08:00+00:00
[2024-04-16T12:08:47.286+0000] {processor.py:183} INFO - Processing /home/airflow/.local/lib/python3.12/site-packages/airflow/example_dags/example_branch_python_dop_operator_3.py took 0.330 seconds
[2024-04-16T12:09:17.439+0000] {processor.py:161} INFO - Started process (PID=112) to work on /home/airflow/.local/lib/python3.12/site-packages/airflow/example_dags/example_branch_python_dop_operator_3.py
[2024-04-16T12:09:17.440+0000] {processor.py:830} INFO - Processing file /home/airflow/.local/lib/python3.12/site-packages/airflow/example_dags/example_branch_python_dop_operator_3.py for tasks to queue
[2024-04-16T12:09:17.443+0000] {logging_mixin.py:188} INFO - [2024-04-16T12:09:17.442+0000] {dagbag.py:540} INFO - Filling up the DagBag from /home/airflow/.local/lib/python3.12/site-packages/airflow/example_dags/example_branch_python_dop_operator_3.py
[2024-04-16T12:09:17.455+0000] {processor.py:840} INFO - DAG(s) 'example_branch_dop_operator_v3' retrieved from /home/airflow/.local/lib/python3.12/site-packages/airflow/example_dags/example_branch_python_dop_operator_3.py
[2024-04-16T12:09:17.483+0000] {logging_mixin.py:188} INFO - [2024-04-16T12:09:17.483+0000] {dag.py:3096} INFO - Sync 1 DAGs
[2024-04-16T12:09:17.514+0000] {logging_mixin.py:188} INFO - [2024-04-16T12:09:17.514+0000] {dag.py:3954} INFO - Setting next_dagrun for example_branch_dop_operator_v3 to 2024-04-16 12:08:00+00:00, run_after=2024-04-16 12:09:00+00:00
[2024-04-16T12:09:17.540+0000] {processor.py:183} INFO - Processing /home/airflow/.local/lib/python3.12/site-packages/airflow/example_dags/example_branch_python_dop_operator_3.py took 0.109 seconds
[2024-04-16T12:09:47.628+0000] {processor.py:161} INFO - Started process (PID=175) to work on /home/airflow/.local/lib/python3.12/site-packages/airflow/example_dags/example_branch_python_dop_operator_3.py
[2024-04-16T12:09:47.629+0000] {processor.py:830} INFO - Processing file /home/airflow/.local/lib/python3.12/site-packages/airflow/example_dags/example_branch_python_dop_operator_3.py for tasks to queue
[2024-04-16T12:09:47.631+0000] {logging_mixin.py:188} INFO - [2024-04-16T12:09:47.631+0000] {dagbag.py:540} INFO - Filling up the DagBag from /home/airflow/.local/lib/python3.12/site-packages/airflow/example_dags/example_branch_python_dop_operator_3.py
[2024-04-16T12:09:47.644+0000] {processor.py:840} INFO - DAG(s) 'example_branch_dop_operator_v3' retrieved from /home/airflow/.local/lib/python3.12/site-packages/airflow/example_dags/example_branch_python_dop_operator_3.py
[2024-04-16T12:09:47.677+0000] {logging_mixin.py:188} INFO - [2024-04-16T12:09:47.677+0000] {dag.py:3096} INFO - Sync 1 DAGs
[2024-04-16T12:09:47.703+0000] {logging_mixin.py:188} INFO - [2024-04-16T12:09:47.702+0000] {dag.py:3954} INFO - Setting next_dagrun for example_branch_dop_operator_v3 to 2024-04-16 12:08:00+00:00, run_after=2024-04-16 12:09:00+00:00
[2024-04-16T12:09:47.723+0000] {processor.py:183} INFO - Processing /home/airflow/.local/lib/python3.12/site-packages/airflow/example_dags/example_branch_python_dop_operator_3.py took 0.103 seconds
[2024-04-16T12:31:28.314+0000] {processor.py:161} INFO - Started process (PID=49) to work on /home/airflow/.local/lib/python3.12/site-packages/airflow/example_dags/example_branch_python_dop_operator_3.py
[2024-04-16T12:31:28.316+0000] {processor.py:830} INFO - Processing file /home/airflow/.local/lib/python3.12/site-packages/airflow/example_dags/example_branch_python_dop_operator_3.py for tasks to queue
[2024-04-16T12:31:28.322+0000] {logging_mixin.py:188} INFO - [2024-04-16T12:31:28.321+0000] {dagbag.py:540} INFO - Filling up the DagBag from /home/airflow/.local/lib/python3.12/site-packages/airflow/example_dags/example_branch_python_dop_operator_3.py
[2024-04-16T12:31:28.390+0000] {processor.py:840} INFO - DAG(s) 'example_branch_dop_operator_v3' retrieved from /home/airflow/.local/lib/python3.12/site-packages/airflow/example_dags/example_branch_python_dop_operator_3.py
[2024-04-16T12:31:28.832+0000] {logging_mixin.py:188} INFO - [2024-04-16T12:31:28.832+0000] {dag.py:3096} INFO - Sync 1 DAGs
[2024-04-16T12:31:28.904+0000] {logging_mixin.py:188} INFO - [2024-04-16T12:31:28.904+0000] {dag.py:3954} INFO - Setting next_dagrun for example_branch_dop_operator_v3 to 2024-04-16 12:30:00+00:00, run_after=2024-04-16 12:31:00+00:00
[2024-04-16T12:31:29.007+0000] {processor.py:183} INFO - Processing /home/airflow/.local/lib/python3.12/site-packages/airflow/example_dags/example_branch_python_dop_operator_3.py took 0.709 seconds
[2024-04-16T12:31:59.488+0000] {processor.py:161} INFO - Started process (PID=116) to work on /home/airflow/.local/lib/python3.12/site-packages/airflow/example_dags/example_branch_python_dop_operator_3.py
[2024-04-16T12:31:59.489+0000] {processor.py:830} INFO - Processing file /home/airflow/.local/lib/python3.12/site-packages/airflow/example_dags/example_branch_python_dop_operator_3.py for tasks to queue
[2024-04-16T12:31:59.491+0000] {logging_mixin.py:188} INFO - [2024-04-16T12:31:59.490+0000] {dagbag.py:540} INFO - Filling up the DagBag from /home/airflow/.local/lib/python3.12/site-packages/airflow/example_dags/example_branch_python_dop_operator_3.py
[2024-04-16T12:31:59.499+0000] {processor.py:840} INFO - DAG(s) 'example_branch_dop_operator_v3' retrieved from /home/airflow/.local/lib/python3.12/site-packages/airflow/example_dags/example_branch_python_dop_operator_3.py
[2024-04-16T12:31:59.522+0000] {logging_mixin.py:188} INFO - [2024-04-16T12:31:59.522+0000] {dag.py:3096} INFO - Sync 1 DAGs
[2024-04-16T12:31:59.551+0000] {logging_mixin.py:188} INFO - [2024-04-16T12:31:59.550+0000] {dag.py:3954} INFO - Setting next_dagrun for example_branch_dop_operator_v3 to 2024-04-16 12:30:00+00:00, run_after=2024-04-16 12:31:00+00:00
[2024-04-16T12:31:59.571+0000] {processor.py:183} INFO - Processing /home/airflow/.local/lib/python3.12/site-packages/airflow/example_dags/example_branch_python_dop_operator_3.py took 0.091 seconds
[2024-04-16T12:32:29.973+0000] {processor.py:161} INFO - Started process (PID=179) to work on /home/airflow/.local/lib/python3.12/site-packages/airflow/example_dags/example_branch_python_dop_operator_3.py
[2024-04-16T12:32:29.974+0000] {processor.py:830} INFO - Processing file /home/airflow/.local/lib/python3.12/site-packages/airflow/example_dags/example_branch_python_dop_operator_3.py for tasks to queue
[2024-04-16T12:32:29.976+0000] {logging_mixin.py:188} INFO - [2024-04-16T12:32:29.975+0000] {dagbag.py:540} INFO - Filling up the DagBag from /home/airflow/.local/lib/python3.12/site-packages/airflow/example_dags/example_branch_python_dop_operator_3.py
[2024-04-16T12:32:29.985+0000] {processor.py:840} INFO - DAG(s) 'example_branch_dop_operator_v3' retrieved from /home/airflow/.local/lib/python3.12/site-packages/airflow/example_dags/example_branch_python_dop_operator_3.py
[2024-04-16T12:32:30.005+0000] {logging_mixin.py:188} INFO - [2024-04-16T12:32:30.005+0000] {dag.py:3096} INFO - Sync 1 DAGs
[2024-04-16T12:32:30.032+0000] {logging_mixin.py:188} INFO - [2024-04-16T12:32:30.032+0000] {dag.py:3954} INFO - Setting next_dagrun for example_branch_dop_operator_v3 to 2024-04-16 12:31:00+00:00, run_after=2024-04-16 12:32:00+00:00
[2024-04-16T12:32:30.052+0000] {processor.py:183} INFO - Processing /home/airflow/.local/lib/python3.12/site-packages/airflow/example_dags/example_branch_python_dop_operator_3.py took 0.085 seconds
[2024-04-16T12:33:00.144+0000] {processor.py:161} INFO - Started process (PID=242) to work on /home/airflow/.local/lib/python3.12/site-packages/airflow/example_dags/example_branch_python_dop_operator_3.py
[2024-04-16T12:33:00.145+0000] {processor.py:830} INFO - Processing file /home/airflow/.local/lib/python3.12/site-packages/airflow/example_dags/example_branch_python_dop_operator_3.py for tasks to queue
[2024-04-16T12:33:00.146+0000] {logging_mixin.py:188} INFO - [2024-04-16T12:33:00.146+0000] {dagbag.py:540} INFO - Filling up the DagBag from /home/airflow/.local/lib/python3.12/site-packages/airflow/example_dags/example_branch_python_dop_operator_3.py
[2024-04-16T12:33:00.156+0000] {processor.py:840} INFO - DAG(s) 'example_branch_dop_operator_v3' retrieved from /home/airflow/.local/lib/python3.12/site-packages/airflow/example_dags/example_branch_python_dop_operator_3.py
[2024-04-16T12:33:00.178+0000] {logging_mixin.py:188} INFO - [2024-04-16T12:33:00.178+0000] {dag.py:3096} INFO - Sync 1 DAGs
[2024-04-16T12:33:00.203+0000] {logging_mixin.py:188} INFO - [2024-04-16T12:33:00.203+0000] {dag.py:3954} INFO - Setting next_dagrun for example_branch_dop_operator_v3 to 2024-04-16 12:32:00+00:00, run_after=2024-04-16 12:33:00+00:00
[2024-04-16T12:33:00.228+0000] {processor.py:183} INFO - Processing /home/airflow/.local/lib/python3.12/site-packages/airflow/example_dags/example_branch_python_dop_operator_3.py took 0.089 seconds
[2024-04-16T12:33:31.359+0000] {processor.py:161} INFO - Started process (PID=306) to work on /home/airflow/.local/lib/python3.12/site-packages/airflow/example_dags/example_branch_python_dop_operator_3.py
[2024-04-16T12:33:31.361+0000] {processor.py:830} INFO - Processing file /home/airflow/.local/lib/python3.12/site-packages/airflow/example_dags/example_branch_python_dop_operator_3.py for tasks to queue
[2024-04-16T12:33:31.363+0000] {logging_mixin.py:188} INFO - [2024-04-16T12:33:31.362+0000] {dagbag.py:540} INFO - Filling up the DagBag from /home/airflow/.local/lib/python3.12/site-packages/airflow/example_dags/example_branch_python_dop_operator_3.py
[2024-04-16T12:33:31.386+0000] {processor.py:840} INFO - DAG(s) 'example_branch_dop_operator_v3' retrieved from /home/airflow/.local/lib/python3.12/site-packages/airflow/example_dags/example_branch_python_dop_operator_3.py
[2024-04-16T12:33:31.417+0000] {logging_mixin.py:188} INFO - [2024-04-16T12:33:31.417+0000] {dag.py:3096} INFO - Sync 1 DAGs
[2024-04-16T12:33:31.457+0000] {logging_mixin.py:188} INFO - [2024-04-16T12:33:31.457+0000] {dag.py:3954} INFO - Setting next_dagrun for example_branch_dop_operator_v3 to 2024-04-16 12:32:00+00:00, run_after=2024-04-16 12:33:00+00:00
[2024-04-16T12:33:31.488+0000] {processor.py:183} INFO - Processing /home/airflow/.local/lib/python3.12/site-packages/airflow/example_dags/example_branch_python_dop_operator_3.py took 0.140 seconds
[2024-04-16T12:34:02.414+0000] {processor.py:161} INFO - Started process (PID=369) to work on /home/airflow/.local/lib/python3.12/site-packages/airflow/example_dags/example_branch_python_dop_operator_3.py
[2024-04-16T12:34:02.427+0000] {processor.py:830} INFO - Processing file /home/airflow/.local/lib/python3.12/site-packages/airflow/example_dags/example_branch_python_dop_operator_3.py for tasks to queue
[2024-04-16T12:34:02.455+0000] {logging_mixin.py:188} INFO - [2024-04-16T12:34:02.454+0000] {dagbag.py:540} INFO - Filling up the DagBag from /home/airflow/.local/lib/python3.12/site-packages/airflow/example_dags/example_branch_python_dop_operator_3.py
[2024-04-16T12:34:02.506+0000] {processor.py:840} INFO - DAG(s) 'example_branch_dop_operator_v3' retrieved from /home/airflow/.local/lib/python3.12/site-packages/airflow/example_dags/example_branch_python_dop_operator_3.py
[2024-04-16T12:34:02.600+0000] {logging_mixin.py:188} INFO - [2024-04-16T12:34:02.600+0000] {dag.py:3096} INFO - Sync 1 DAGs
[2024-04-16T12:34:02.903+0000] {logging_mixin.py:188} INFO - [2024-04-16T12:34:02.902+0000] {dag.py:3954} INFO - Setting next_dagrun for example_branch_dop_operator_v3 to 2024-04-16 12:33:00+00:00, run_after=2024-04-16 12:34:00+00:00
[2024-04-16T12:34:03.110+0000] {processor.py:183} INFO - Processing /home/airflow/.local/lib/python3.12/site-packages/airflow/example_dags/example_branch_python_dop_operator_3.py took 0.734 seconds
[2024-04-16T12:34:34.257+0000] {processor.py:161} INFO - Started process (PID=434) to work on /home/airflow/.local/lib/python3.12/site-packages/airflow/example_dags/example_branch_python_dop_operator_3.py
[2024-04-16T12:34:34.283+0000] {processor.py:830} INFO - Processing file /home/airflow/.local/lib/python3.12/site-packages/airflow/example_dags/example_branch_python_dop_operator_3.py for tasks to queue
[2024-04-16T12:34:34.286+0000] {logging_mixin.py:188} INFO - [2024-04-16T12:34:34.286+0000] {dagbag.py:540} INFO - Filling up the DagBag from /home/airflow/.local/lib/python3.12/site-packages/airflow/example_dags/example_branch_python_dop_operator_3.py
[2024-04-16T12:34:34.429+0000] {processor.py:840} INFO - DAG(s) 'example_branch_dop_operator_v3' retrieved from /home/airflow/.local/lib/python3.12/site-packages/airflow/example_dags/example_branch_python_dop_operator_3.py
[2024-04-16T12:34:34.598+0000] {logging_mixin.py:188} INFO - [2024-04-16T12:34:34.597+0000] {dag.py:3096} INFO - Sync 1 DAGs
[2024-04-16T12:34:34.723+0000] {logging_mixin.py:188} INFO - [2024-04-16T12:34:34.722+0000] {dag.py:3954} INFO - Setting next_dagrun for example_branch_dop_operator_v3 to 2024-04-16 12:33:00+00:00, run_after=2024-04-16 12:34:00+00:00
[2024-04-16T12:34:34.886+0000] {processor.py:183} INFO - Processing /home/airflow/.local/lib/python3.12/site-packages/airflow/example_dags/example_branch_python_dop_operator_3.py took 0.667 seconds
[2024-04-16T12:37:05.074+0000] {processor.py:161} INFO - Started process (PID=473) to work on /home/airflow/.local/lib/python3.12/site-packages/airflow/example_dags/example_branch_python_dop_operator_3.py
[2024-04-16T12:37:05.076+0000] {processor.py:830} INFO - Processing file /home/airflow/.local/lib/python3.12/site-packages/airflow/example_dags/example_branch_python_dop_operator_3.py for tasks to queue
[2024-04-16T12:37:05.079+0000] {logging_mixin.py:188} INFO - [2024-04-16T12:37:05.079+0000] {dagbag.py:540} INFO - Filling up the DagBag from /home/airflow/.local/lib/python3.12/site-packages/airflow/example_dags/example_branch_python_dop_operator_3.py
[2024-04-16T12:37:05.108+0000] {processor.py:840} INFO - DAG(s) 'example_branch_dop_operator_v3' retrieved from /home/airflow/.local/lib/python3.12/site-packages/airflow/example_dags/example_branch_python_dop_operator_3.py
[2024-04-16T12:37:05.190+0000] {logging_mixin.py:188} INFO - [2024-04-16T12:37:05.190+0000] {dag.py:3096} INFO - Sync 1 DAGs
[2024-04-16T12:37:05.255+0000] {logging_mixin.py:188} INFO - [2024-04-16T12:37:05.255+0000] {dag.py:3954} INFO - Setting next_dagrun for example_branch_dop_operator_v3 to 2024-04-16 12:36:00+00:00, run_after=2024-04-16 12:37:00+00:00
[2024-04-16T12:37:05.395+0000] {processor.py:183} INFO - Processing /home/airflow/.local/lib/python3.12/site-packages/airflow/example_dags/example_branch_python_dop_operator_3.py took 0.331 seconds
[2024-04-16T12:39:29.993+0000] {processor.py:161} INFO - Started process (PID=544) to work on /home/airflow/.local/lib/python3.12/site-packages/airflow/example_dags/example_branch_python_dop_operator_3.py
[2024-04-16T12:39:30.001+0000] {processor.py:830} INFO - Processing file /home/airflow/.local/lib/python3.12/site-packages/airflow/example_dags/example_branch_python_dop_operator_3.py for tasks to queue
[2024-04-16T12:39:30.003+0000] {logging_mixin.py:188} INFO - [2024-04-16T12:39:30.002+0000] {dagbag.py:540} INFO - Filling up the DagBag from /home/airflow/.local/lib/python3.12/site-packages/airflow/example_dags/example_branch_python_dop_operator_3.py
[2024-04-16T12:39:30.064+0000] {processor.py:840} INFO - DAG(s) 'example_branch_dop_operator_v3' retrieved from /home/airflow/.local/lib/python3.12/site-packages/airflow/example_dags/example_branch_python_dop_operator_3.py
[2024-04-16T12:39:31.948+0000] {logging_mixin.py:188} INFO - [2024-04-16T12:39:31.948+0000] {dag.py:3096} INFO - Sync 1 DAGs
[2024-04-16T12:39:32.057+0000] {logging_mixin.py:188} INFO - [2024-04-16T12:39:32.055+0000] {dag.py:3954} INFO - Setting next_dagrun for example_branch_dop_operator_v3 to 2024-04-16 12:38:00+00:00, run_after=2024-04-16 12:39:00+00:00
[2024-04-16T12:39:32.163+0000] {processor.py:183} INFO - Processing /home/airflow/.local/lib/python3.12/site-packages/airflow/example_dags/example_branch_python_dop_operator_3.py took 2.210 seconds
