[2024-04-16T11:58:22.625+0000] {processor.py:161} INFO - Started process (PID=79) to work on /home/airflow/.local/lib/python3.12/site-packages/airflow/example_dags/example_branch_datetime_operator.py
[2024-04-16T11:58:22.645+0000] {processor.py:830} INFO - Processing file /home/airflow/.local/lib/python3.12/site-packages/airflow/example_dags/example_branch_datetime_operator.py for tasks to queue
[2024-04-16T11:58:22.677+0000] {logging_mixin.py:188} INFO - [2024-04-16T11:58:22.676+0000] {dagbag.py:540} INFO - Filling up the DagBag from /home/airflow/.local/lib/python3.12/site-packages/airflow/example_dags/example_branch_datetime_operator.py
[2024-04-16T11:58:22.756+0000] {processor.py:840} INFO - DAG(s) 'example_branch_datetime_operator_2', 'example_branch_datetime_operator', 'example_branch_datetime_operator_3' retrieved from /home/airflow/.local/lib/python3.12/site-packages/airflow/example_dags/example_branch_datetime_operator.py
[2024-04-16T11:58:23.294+0000] {logging_mixin.py:188} INFO - [2024-04-16T11:58:23.293+0000] {dag.py:3096} INFO - Sync 3 DAGs
[2024-04-16T11:58:23.404+0000] {logging_mixin.py:188} INFO - [2024-04-16T11:58:23.403+0000] {dag.py:3954} INFO - Setting next_dagrun for example_branch_datetime_operator to 2024-04-15 00:00:00+00:00, run_after=2024-04-16 00:00:00+00:00
[2024-04-16T11:58:23.421+0000] {logging_mixin.py:188} INFO - [2024-04-16T11:58:23.421+0000] {dag.py:3954} INFO - Setting next_dagrun for example_branch_datetime_operator_2 to 2024-04-15 00:00:00+00:00, run_after=2024-04-16 00:00:00+00:00
[2024-04-16T11:58:23.427+0000] {logging_mixin.py:188} INFO - [2024-04-16T11:58:23.425+0000] {dag.py:3954} INFO - Setting next_dagrun for example_branch_datetime_operator_3 to 2024-04-15 00:00:00+00:00, run_after=2024-04-16 00:00:00+00:00
[2024-04-16T11:58:23.521+0000] {processor.py:183} INFO - Processing /home/airflow/.local/lib/python3.12/site-packages/airflow/example_dags/example_branch_datetime_operator.py took 0.949 seconds
[2024-04-16T12:08:57.220+0000] {processor.py:161} INFO - Started process (PID=83) to work on /home/airflow/.local/lib/python3.12/site-packages/airflow/example_dags/example_branch_datetime_operator.py
[2024-04-16T12:08:57.221+0000] {processor.py:830} INFO - Processing file /home/airflow/.local/lib/python3.12/site-packages/airflow/example_dags/example_branch_datetime_operator.py for tasks to queue
[2024-04-16T12:08:57.224+0000] {logging_mixin.py:188} INFO - [2024-04-16T12:08:57.224+0000] {dagbag.py:540} INFO - Filling up the DagBag from /home/airflow/.local/lib/python3.12/site-packages/airflow/example_dags/example_branch_datetime_operator.py
[2024-04-16T12:08:57.239+0000] {processor.py:840} INFO - DAG(s) 'example_branch_datetime_operator', 'example_branch_datetime_operator_3', 'example_branch_datetime_operator_2' retrieved from /home/airflow/.local/lib/python3.12/site-packages/airflow/example_dags/example_branch_datetime_operator.py
[2024-04-16T12:08:57.447+0000] {logging_mixin.py:188} INFO - [2024-04-16T12:08:57.446+0000] {dag.py:3096} INFO - Sync 3 DAGs
[2024-04-16T12:08:57.492+0000] {logging_mixin.py:188} INFO - [2024-04-16T12:08:57.492+0000] {dag.py:3954} INFO - Setting next_dagrun for example_branch_datetime_operator to 2024-04-15 00:00:00+00:00, run_after=2024-04-16 00:00:00+00:00
[2024-04-16T12:08:57.503+0000] {logging_mixin.py:188} INFO - [2024-04-16T12:08:57.503+0000] {dag.py:3954} INFO - Setting next_dagrun for example_branch_datetime_operator_2 to 2024-04-15 00:00:00+00:00, run_after=2024-04-16 00:00:00+00:00
[2024-04-16T12:08:57.511+0000] {logging_mixin.py:188} INFO - [2024-04-16T12:08:57.511+0000] {dag.py:3954} INFO - Setting next_dagrun for example_branch_datetime_operator_3 to 2024-04-15 00:00:00+00:00, run_after=2024-04-16 00:00:00+00:00
[2024-04-16T12:08:57.556+0000] {processor.py:183} INFO - Processing /home/airflow/.local/lib/python3.12/site-packages/airflow/example_dags/example_branch_datetime_operator.py took 0.344 seconds
[2024-04-16T12:09:27.631+0000] {processor.py:161} INFO - Started process (PID=146) to work on /home/airflow/.local/lib/python3.12/site-packages/airflow/example_dags/example_branch_datetime_operator.py
[2024-04-16T12:09:27.633+0000] {processor.py:830} INFO - Processing file /home/airflow/.local/lib/python3.12/site-packages/airflow/example_dags/example_branch_datetime_operator.py for tasks to queue
[2024-04-16T12:09:27.635+0000] {logging_mixin.py:188} INFO - [2024-04-16T12:09:27.635+0000] {dagbag.py:540} INFO - Filling up the DagBag from /home/airflow/.local/lib/python3.12/site-packages/airflow/example_dags/example_branch_datetime_operator.py
[2024-04-16T12:09:27.648+0000] {processor.py:840} INFO - DAG(s) 'example_branch_datetime_operator', 'example_branch_datetime_operator_2', 'example_branch_datetime_operator_3' retrieved from /home/airflow/.local/lib/python3.12/site-packages/airflow/example_dags/example_branch_datetime_operator.py
[2024-04-16T12:09:27.689+0000] {logging_mixin.py:188} INFO - [2024-04-16T12:09:27.689+0000] {dag.py:3096} INFO - Sync 3 DAGs
[2024-04-16T12:09:27.737+0000] {logging_mixin.py:188} INFO - [2024-04-16T12:09:27.736+0000] {dag.py:3954} INFO - Setting next_dagrun for example_branch_datetime_operator to 2024-04-15 00:00:00+00:00, run_after=2024-04-16 00:00:00+00:00
[2024-04-16T12:09:27.744+0000] {logging_mixin.py:188} INFO - [2024-04-16T12:09:27.744+0000] {dag.py:3954} INFO - Setting next_dagrun for example_branch_datetime_operator_2 to 2024-04-15 00:00:00+00:00, run_after=2024-04-16 00:00:00+00:00
[2024-04-16T12:09:27.747+0000] {logging_mixin.py:188} INFO - [2024-04-16T12:09:27.747+0000] {dag.py:3954} INFO - Setting next_dagrun for example_branch_datetime_operator_3 to 2024-04-15 00:00:00+00:00, run_after=2024-04-16 00:00:00+00:00
[2024-04-16T12:09:27.766+0000] {processor.py:183} INFO - Processing /home/airflow/.local/lib/python3.12/site-packages/airflow/example_dags/example_branch_datetime_operator.py took 0.142 seconds
[2024-04-16T12:09:58.171+0000] {processor.py:161} INFO - Started process (PID=209) to work on /home/airflow/.local/lib/python3.12/site-packages/airflow/example_dags/example_branch_datetime_operator.py
[2024-04-16T12:09:58.172+0000] {processor.py:830} INFO - Processing file /home/airflow/.local/lib/python3.12/site-packages/airflow/example_dags/example_branch_datetime_operator.py for tasks to queue
[2024-04-16T12:09:58.174+0000] {logging_mixin.py:188} INFO - [2024-04-16T12:09:58.173+0000] {dagbag.py:540} INFO - Filling up the DagBag from /home/airflow/.local/lib/python3.12/site-packages/airflow/example_dags/example_branch_datetime_operator.py
[2024-04-16T12:09:58.186+0000] {processor.py:840} INFO - DAG(s) 'example_branch_datetime_operator_2', 'example_branch_datetime_operator', 'example_branch_datetime_operator_3' retrieved from /home/airflow/.local/lib/python3.12/site-packages/airflow/example_dags/example_branch_datetime_operator.py
[2024-04-16T12:09:58.218+0000] {logging_mixin.py:188} INFO - [2024-04-16T12:09:58.218+0000] {dag.py:3096} INFO - Sync 3 DAGs
[2024-04-16T12:09:58.254+0000] {logging_mixin.py:188} INFO - [2024-04-16T12:09:58.254+0000] {dag.py:3954} INFO - Setting next_dagrun for example_branch_datetime_operator to 2024-04-15 00:00:00+00:00, run_after=2024-04-16 00:00:00+00:00
[2024-04-16T12:09:58.260+0000] {logging_mixin.py:188} INFO - [2024-04-16T12:09:58.259+0000] {dag.py:3954} INFO - Setting next_dagrun for example_branch_datetime_operator_2 to 2024-04-15 00:00:00+00:00, run_after=2024-04-16 00:00:00+00:00
[2024-04-16T12:09:58.265+0000] {logging_mixin.py:188} INFO - [2024-04-16T12:09:58.264+0000] {dag.py:3954} INFO - Setting next_dagrun for example_branch_datetime_operator_3 to 2024-04-15 00:00:00+00:00, run_after=2024-04-16 00:00:00+00:00
[2024-04-16T12:09:58.285+0000] {processor.py:183} INFO - Processing /home/airflow/.local/lib/python3.12/site-packages/airflow/example_dags/example_branch_datetime_operator.py took 0.120 seconds
[2024-04-16T12:31:37.286+0000] {processor.py:161} INFO - Started process (PID=87) to work on /home/airflow/.local/lib/python3.12/site-packages/airflow/example_dags/example_branch_datetime_operator.py
[2024-04-16T12:31:37.290+0000] {processor.py:830} INFO - Processing file /home/airflow/.local/lib/python3.12/site-packages/airflow/example_dags/example_branch_datetime_operator.py for tasks to queue
[2024-04-16T12:31:37.295+0000] {logging_mixin.py:188} INFO - [2024-04-16T12:31:37.294+0000] {dagbag.py:540} INFO - Filling up the DagBag from /home/airflow/.local/lib/python3.12/site-packages/airflow/example_dags/example_branch_datetime_operator.py
[2024-04-16T12:31:37.310+0000] {processor.py:840} INFO - DAG(s) 'example_branch_datetime_operator', 'example_branch_datetime_operator_3', 'example_branch_datetime_operator_2' retrieved from /home/airflow/.local/lib/python3.12/site-packages/airflow/example_dags/example_branch_datetime_operator.py
[2024-04-16T12:31:37.494+0000] {logging_mixin.py:188} INFO - [2024-04-16T12:31:37.493+0000] {dag.py:3096} INFO - Sync 3 DAGs
[2024-04-16T12:31:37.522+0000] {logging_mixin.py:188} INFO - [2024-04-16T12:31:37.522+0000] {dag.py:3954} INFO - Setting next_dagrun for example_branch_datetime_operator to 2024-04-15 00:00:00+00:00, run_after=2024-04-16 00:00:00+00:00
[2024-04-16T12:31:37.528+0000] {logging_mixin.py:188} INFO - [2024-04-16T12:31:37.528+0000] {dag.py:3954} INFO - Setting next_dagrun for example_branch_datetime_operator_2 to 2024-04-15 00:00:00+00:00, run_after=2024-04-16 00:00:00+00:00
[2024-04-16T12:31:37.531+0000] {logging_mixin.py:188} INFO - [2024-04-16T12:31:37.531+0000] {dag.py:3954} INFO - Setting next_dagrun for example_branch_datetime_operator_3 to 2024-04-15 00:00:00+00:00, run_after=2024-04-16 00:00:00+00:00
[2024-04-16T12:31:37.556+0000] {processor.py:183} INFO - Processing /home/airflow/.local/lib/python3.12/site-packages/airflow/example_dags/example_branch_datetime_operator.py took 0.279 seconds
[2024-04-16T12:32:08.158+0000] {processor.py:161} INFO - Started process (PID=150) to work on /home/airflow/.local/lib/python3.12/site-packages/airflow/example_dags/example_branch_datetime_operator.py
[2024-04-16T12:32:08.159+0000] {processor.py:830} INFO - Processing file /home/airflow/.local/lib/python3.12/site-packages/airflow/example_dags/example_branch_datetime_operator.py for tasks to queue
[2024-04-16T12:32:08.160+0000] {logging_mixin.py:188} INFO - [2024-04-16T12:32:08.160+0000] {dagbag.py:540} INFO - Filling up the DagBag from /home/airflow/.local/lib/python3.12/site-packages/airflow/example_dags/example_branch_datetime_operator.py
[2024-04-16T12:32:08.172+0000] {processor.py:840} INFO - DAG(s) 'example_branch_datetime_operator_3', 'example_branch_datetime_operator', 'example_branch_datetime_operator_2' retrieved from /home/airflow/.local/lib/python3.12/site-packages/airflow/example_dags/example_branch_datetime_operator.py
[2024-04-16T12:32:08.199+0000] {logging_mixin.py:188} INFO - [2024-04-16T12:32:08.199+0000] {dag.py:3096} INFO - Sync 3 DAGs
[2024-04-16T12:32:08.224+0000] {logging_mixin.py:188} INFO - [2024-04-16T12:32:08.224+0000] {dag.py:3954} INFO - Setting next_dagrun for example_branch_datetime_operator to 2024-04-15 00:00:00+00:00, run_after=2024-04-16 00:00:00+00:00
[2024-04-16T12:32:08.230+0000] {logging_mixin.py:188} INFO - [2024-04-16T12:32:08.230+0000] {dag.py:3954} INFO - Setting next_dagrun for example_branch_datetime_operator_2 to 2024-04-15 00:00:00+00:00, run_after=2024-04-16 00:00:00+00:00
[2024-04-16T12:32:08.234+0000] {logging_mixin.py:188} INFO - [2024-04-16T12:32:08.233+0000] {dag.py:3954} INFO - Setting next_dagrun for example_branch_datetime_operator_3 to 2024-04-15 00:00:00+00:00, run_after=2024-04-16 00:00:00+00:00
[2024-04-16T12:32:08.259+0000] {processor.py:183} INFO - Processing /home/airflow/.local/lib/python3.12/site-packages/airflow/example_dags/example_branch_datetime_operator.py took 0.106 seconds
[2024-04-16T12:32:38.725+0000] {processor.py:161} INFO - Started process (PID=213) to work on /home/airflow/.local/lib/python3.12/site-packages/airflow/example_dags/example_branch_datetime_operator.py
[2024-04-16T12:32:38.727+0000] {processor.py:830} INFO - Processing file /home/airflow/.local/lib/python3.12/site-packages/airflow/example_dags/example_branch_datetime_operator.py for tasks to queue
[2024-04-16T12:32:38.728+0000] {logging_mixin.py:188} INFO - [2024-04-16T12:32:38.727+0000] {dagbag.py:540} INFO - Filling up the DagBag from /home/airflow/.local/lib/python3.12/site-packages/airflow/example_dags/example_branch_datetime_operator.py
[2024-04-16T12:32:38.737+0000] {processor.py:840} INFO - DAG(s) 'example_branch_datetime_operator_3', 'example_branch_datetime_operator_2', 'example_branch_datetime_operator' retrieved from /home/airflow/.local/lib/python3.12/site-packages/airflow/example_dags/example_branch_datetime_operator.py
[2024-04-16T12:32:38.768+0000] {logging_mixin.py:188} INFO - [2024-04-16T12:32:38.767+0000] {dag.py:3096} INFO - Sync 3 DAGs
[2024-04-16T12:32:38.790+0000] {logging_mixin.py:188} INFO - [2024-04-16T12:32:38.790+0000] {dag.py:3954} INFO - Setting next_dagrun for example_branch_datetime_operator to 2024-04-15 00:00:00+00:00, run_after=2024-04-16 00:00:00+00:00
[2024-04-16T12:32:38.796+0000] {logging_mixin.py:188} INFO - [2024-04-16T12:32:38.796+0000] {dag.py:3954} INFO - Setting next_dagrun for example_branch_datetime_operator_2 to 2024-04-15 00:00:00+00:00, run_after=2024-04-16 00:00:00+00:00
[2024-04-16T12:32:38.799+0000] {logging_mixin.py:188} INFO - [2024-04-16T12:32:38.798+0000] {dag.py:3954} INFO - Setting next_dagrun for example_branch_datetime_operator_3 to 2024-04-15 00:00:00+00:00, run_after=2024-04-16 00:00:00+00:00
[2024-04-16T12:32:38.815+0000] {processor.py:183} INFO - Processing /home/airflow/.local/lib/python3.12/site-packages/airflow/example_dags/example_branch_datetime_operator.py took 0.096 seconds
[2024-04-16T12:33:12.531+0000] {processor.py:161} INFO - Started process (PID=279) to work on /home/airflow/.local/lib/python3.12/site-packages/airflow/example_dags/example_branch_datetime_operator.py
[2024-04-16T12:33:12.543+0000] {processor.py:830} INFO - Processing file /home/airflow/.local/lib/python3.12/site-packages/airflow/example_dags/example_branch_datetime_operator.py for tasks to queue
[2024-04-16T12:33:12.545+0000] {logging_mixin.py:188} INFO - [2024-04-16T12:33:12.545+0000] {dagbag.py:540} INFO - Filling up the DagBag from /home/airflow/.local/lib/python3.12/site-packages/airflow/example_dags/example_branch_datetime_operator.py
[2024-04-16T12:33:12.585+0000] {processor.py:840} INFO - DAG(s) 'example_branch_datetime_operator_2', 'example_branch_datetime_operator', 'example_branch_datetime_operator_3' retrieved from /home/airflow/.local/lib/python3.12/site-packages/airflow/example_dags/example_branch_datetime_operator.py
[2024-04-16T12:33:12.707+0000] {logging_mixin.py:188} INFO - [2024-04-16T12:33:12.706+0000] {dag.py:3096} INFO - Sync 3 DAGs
[2024-04-16T12:33:12.819+0000] {logging_mixin.py:188} INFO - [2024-04-16T12:33:12.818+0000] {dag.py:3954} INFO - Setting next_dagrun for example_branch_datetime_operator to 2024-04-15 00:00:00+00:00, run_after=2024-04-16 00:00:00+00:00
[2024-04-16T12:33:12.872+0000] {logging_mixin.py:188} INFO - [2024-04-16T12:33:12.872+0000] {dag.py:3954} INFO - Setting next_dagrun for example_branch_datetime_operator_2 to 2024-04-15 00:00:00+00:00, run_after=2024-04-16 00:00:00+00:00
[2024-04-16T12:33:12.889+0000] {logging_mixin.py:188} INFO - [2024-04-16T12:33:12.889+0000] {dag.py:3954} INFO - Setting next_dagrun for example_branch_datetime_operator_3 to 2024-04-15 00:00:00+00:00, run_after=2024-04-16 00:00:00+00:00
[2024-04-16T12:33:12.996+0000] {processor.py:183} INFO - Processing /home/airflow/.local/lib/python3.12/site-packages/airflow/example_dags/example_branch_datetime_operator.py took 0.483 seconds
[2024-04-16T12:33:43.962+0000] {processor.py:161} INFO - Started process (PID=342) to work on /home/airflow/.local/lib/python3.12/site-packages/airflow/example_dags/example_branch_datetime_operator.py
[2024-04-16T12:33:43.965+0000] {processor.py:830} INFO - Processing file /home/airflow/.local/lib/python3.12/site-packages/airflow/example_dags/example_branch_datetime_operator.py for tasks to queue
[2024-04-16T12:33:43.967+0000] {logging_mixin.py:188} INFO - [2024-04-16T12:33:43.966+0000] {dagbag.py:540} INFO - Filling up the DagBag from /home/airflow/.local/lib/python3.12/site-packages/airflow/example_dags/example_branch_datetime_operator.py
[2024-04-16T12:33:43.988+0000] {processor.py:840} INFO - DAG(s) 'example_branch_datetime_operator', 'example_branch_datetime_operator_3', 'example_branch_datetime_operator_2' retrieved from /home/airflow/.local/lib/python3.12/site-packages/airflow/example_dags/example_branch_datetime_operator.py
[2024-04-16T12:33:44.056+0000] {logging_mixin.py:188} INFO - [2024-04-16T12:33:44.056+0000] {dag.py:3096} INFO - Sync 3 DAGs
[2024-04-16T12:33:44.125+0000] {logging_mixin.py:188} INFO - [2024-04-16T12:33:44.125+0000] {dag.py:3954} INFO - Setting next_dagrun for example_branch_datetime_operator to 2024-04-15 00:00:00+00:00, run_after=2024-04-16 00:00:00+00:00
[2024-04-16T12:33:44.134+0000] {logging_mixin.py:188} INFO - [2024-04-16T12:33:44.133+0000] {dag.py:3954} INFO - Setting next_dagrun for example_branch_datetime_operator_2 to 2024-04-15 00:00:00+00:00, run_after=2024-04-16 00:00:00+00:00
[2024-04-16T12:33:44.140+0000] {logging_mixin.py:188} INFO - [2024-04-16T12:33:44.140+0000] {dag.py:3954} INFO - Setting next_dagrun for example_branch_datetime_operator_3 to 2024-04-15 00:00:00+00:00, run_after=2024-04-16 00:00:00+00:00
[2024-04-16T12:33:44.178+0000] {processor.py:183} INFO - Processing /home/airflow/.local/lib/python3.12/site-packages/airflow/example_dags/example_branch_datetime_operator.py took 0.229 seconds
[2024-04-16T12:34:14.377+0000] {processor.py:161} INFO - Started process (PID=405) to work on /home/airflow/.local/lib/python3.12/site-packages/airflow/example_dags/example_branch_datetime_operator.py
[2024-04-16T12:34:14.378+0000] {processor.py:830} INFO - Processing file /home/airflow/.local/lib/python3.12/site-packages/airflow/example_dags/example_branch_datetime_operator.py for tasks to queue
[2024-04-16T12:34:14.379+0000] {logging_mixin.py:188} INFO - [2024-04-16T12:34:14.379+0000] {dagbag.py:540} INFO - Filling up the DagBag from /home/airflow/.local/lib/python3.12/site-packages/airflow/example_dags/example_branch_datetime_operator.py
[2024-04-16T12:34:14.392+0000] {processor.py:840} INFO - DAG(s) 'example_branch_datetime_operator_2', 'example_branch_datetime_operator_3', 'example_branch_datetime_operator' retrieved from /home/airflow/.local/lib/python3.12/site-packages/airflow/example_dags/example_branch_datetime_operator.py
[2024-04-16T12:34:14.426+0000] {logging_mixin.py:188} INFO - [2024-04-16T12:34:14.426+0000] {dag.py:3096} INFO - Sync 3 DAGs
[2024-04-16T12:34:14.455+0000] {logging_mixin.py:188} INFO - [2024-04-16T12:34:14.454+0000] {dag.py:3954} INFO - Setting next_dagrun for example_branch_datetime_operator to 2024-04-15 00:00:00+00:00, run_after=2024-04-16 00:00:00+00:00
[2024-04-16T12:34:14.460+0000] {logging_mixin.py:188} INFO - [2024-04-16T12:34:14.460+0000] {dag.py:3954} INFO - Setting next_dagrun for example_branch_datetime_operator_2 to 2024-04-15 00:00:00+00:00, run_after=2024-04-16 00:00:00+00:00
[2024-04-16T12:34:14.464+0000] {logging_mixin.py:188} INFO - [2024-04-16T12:34:14.463+0000] {dag.py:3954} INFO - Setting next_dagrun for example_branch_datetime_operator_3 to 2024-04-15 00:00:00+00:00, run_after=2024-04-16 00:00:00+00:00
[2024-04-16T12:34:14.498+0000] {processor.py:183} INFO - Processing /home/airflow/.local/lib/python3.12/site-packages/airflow/example_dags/example_branch_datetime_operator.py took 0.125 seconds
[2024-04-16T12:38:14.143+0000] {processor.py:161} INFO - Started process (PID=508) to work on /home/airflow/.local/lib/python3.12/site-packages/airflow/example_dags/example_branch_datetime_operator.py
[2024-04-16T12:38:14.159+0000] {processor.py:830} INFO - Processing file /home/airflow/.local/lib/python3.12/site-packages/airflow/example_dags/example_branch_datetime_operator.py for tasks to queue
[2024-04-16T12:38:14.162+0000] {logging_mixin.py:188} INFO - [2024-04-16T12:38:14.161+0000] {dagbag.py:540} INFO - Filling up the DagBag from /home/airflow/.local/lib/python3.12/site-packages/airflow/example_dags/example_branch_datetime_operator.py
[2024-04-16T12:38:14.217+0000] {processor.py:840} INFO - DAG(s) 'example_branch_datetime_operator', 'example_branch_datetime_operator_3', 'example_branch_datetime_operator_2' retrieved from /home/airflow/.local/lib/python3.12/site-packages/airflow/example_dags/example_branch_datetime_operator.py
[2024-04-16T12:38:14.298+0000] {logging_mixin.py:188} INFO - [2024-04-16T12:38:14.296+0000] {dag.py:3096} INFO - Sync 3 DAGs
[2024-04-16T12:38:14.429+0000] {logging_mixin.py:188} INFO - [2024-04-16T12:38:14.428+0000] {dag.py:3954} INFO - Setting next_dagrun for example_branch_datetime_operator to 2024-04-15 00:00:00+00:00, run_after=2024-04-16 00:00:00+00:00
[2024-04-16T12:38:14.441+0000] {logging_mixin.py:188} INFO - [2024-04-16T12:38:14.440+0000] {dag.py:3954} INFO - Setting next_dagrun for example_branch_datetime_operator_2 to 2024-04-15 00:00:00+00:00, run_after=2024-04-16 00:00:00+00:00
[2024-04-16T12:38:14.450+0000] {logging_mixin.py:188} INFO - [2024-04-16T12:38:14.450+0000] {dag.py:3954} INFO - Setting next_dagrun for example_branch_datetime_operator_3 to 2024-04-15 00:00:00+00:00, run_after=2024-04-16 00:00:00+00:00
[2024-04-16T12:38:14.514+0000] {processor.py:183} INFO - Processing /home/airflow/.local/lib/python3.12/site-packages/airflow/example_dags/example_branch_datetime_operator.py took 0.383 seconds
[2024-04-16T12:39:42.283+0000] {processor.py:161} INFO - Started process (PID=574) to work on /home/airflow/.local/lib/python3.12/site-packages/airflow/example_dags/example_branch_datetime_operator.py
[2024-04-16T12:39:42.289+0000] {processor.py:830} INFO - Processing file /home/airflow/.local/lib/python3.12/site-packages/airflow/example_dags/example_branch_datetime_operator.py for tasks to queue
[2024-04-16T12:39:42.297+0000] {logging_mixin.py:188} INFO - [2024-04-16T12:39:42.296+0000] {dagbag.py:540} INFO - Filling up the DagBag from /home/airflow/.local/lib/python3.12/site-packages/airflow/example_dags/example_branch_datetime_operator.py
[2024-04-16T12:39:42.430+0000] {processor.py:840} INFO - DAG(s) 'example_branch_datetime_operator_2', 'example_branch_datetime_operator', 'example_branch_datetime_operator_3' retrieved from /home/airflow/.local/lib/python3.12/site-packages/airflow/example_dags/example_branch_datetime_operator.py
[2024-04-16T12:39:42.571+0000] {logging_mixin.py:188} INFO - [2024-04-16T12:39:42.570+0000] {dag.py:3096} INFO - Sync 3 DAGs
[2024-04-16T12:39:42.638+0000] {logging_mixin.py:188} INFO - [2024-04-16T12:39:42.634+0000] {dag.py:3954} INFO - Setting next_dagrun for example_branch_datetime_operator to 2024-04-15 00:00:00+00:00, run_after=2024-04-16 00:00:00+00:00
[2024-04-16T12:39:42.660+0000] {logging_mixin.py:188} INFO - [2024-04-16T12:39:42.660+0000] {dag.py:3954} INFO - Setting next_dagrun for example_branch_datetime_operator_2 to 2024-04-15 00:00:00+00:00, run_after=2024-04-16 00:00:00+00:00
[2024-04-16T12:39:42.666+0000] {logging_mixin.py:188} INFO - [2024-04-16T12:39:42.666+0000] {dag.py:3954} INFO - Setting next_dagrun for example_branch_datetime_operator_3 to 2024-04-15 00:00:00+00:00, run_after=2024-04-16 00:00:00+00:00
[2024-04-16T12:39:42.708+0000] {processor.py:183} INFO - Processing /home/airflow/.local/lib/python3.12/site-packages/airflow/example_dags/example_branch_datetime_operator.py took 0.449 seconds
