[2024-04-16T11:58:09.788+0000] {processor.py:161} INFO - Started process (PID=63) to work on /home/airflow/.local/lib/python3.12/site-packages/airflow/example_dags/example_dag_decorator.py
[2024-04-16T11:58:09.795+0000] {processor.py:830} INFO - Processing file /home/airflow/.local/lib/python3.12/site-packages/airflow/example_dags/example_dag_decorator.py for tasks to queue
[2024-04-16T11:58:09.803+0000] {logging_mixin.py:188} INFO - [2024-04-16T11:58:09.800+0000] {dagbag.py:540} INFO - Filling up the DagBag from /home/airflow/.local/lib/python3.12/site-packages/airflow/example_dags/example_dag_decorator.py
[2024-04-16T11:58:11.584+0000] {processor.py:840} INFO - DAG(s) 'example_dag_decorator' retrieved from /home/airflow/.local/lib/python3.12/site-packages/airflow/example_dags/example_dag_decorator.py
[2024-04-16T11:58:13.190+0000] {logging_mixin.py:188} INFO - [2024-04-16T11:58:13.189+0000] {dag.py:3096} INFO - Sync 1 DAGs
[2024-04-16T11:58:13.283+0000] {logging_mixin.py:188} INFO - [2024-04-16T11:58:13.283+0000] {dag.py:3954} INFO - Setting next_dagrun for example_dag_decorator to None, run_after=None
[2024-04-16T11:58:13.459+0000] {processor.py:183} INFO - Processing /home/airflow/.local/lib/python3.12/site-packages/airflow/example_dags/example_dag_decorator.py took 3.702 seconds
[2024-04-16T12:08:50.739+0000] {processor.py:161} INFO - Started process (PID=62) to work on /home/airflow/.local/lib/python3.12/site-packages/airflow/example_dags/example_dag_decorator.py
[2024-04-16T12:08:50.741+0000] {processor.py:830} INFO - Processing file /home/airflow/.local/lib/python3.12/site-packages/airflow/example_dags/example_dag_decorator.py for tasks to queue
[2024-04-16T12:08:50.746+0000] {logging_mixin.py:188} INFO - [2024-04-16T12:08:50.745+0000] {dagbag.py:540} INFO - Filling up the DagBag from /home/airflow/.local/lib/python3.12/site-packages/airflow/example_dags/example_dag_decorator.py
[2024-04-16T12:08:52.095+0000] {processor.py:840} INFO - DAG(s) 'example_dag_decorator' retrieved from /home/airflow/.local/lib/python3.12/site-packages/airflow/example_dags/example_dag_decorator.py
[2024-04-16T12:08:52.981+0000] {logging_mixin.py:188} INFO - [2024-04-16T12:08:52.981+0000] {dag.py:3096} INFO - Sync 1 DAGs
[2024-04-16T12:08:53.016+0000] {logging_mixin.py:188} INFO - [2024-04-16T12:08:53.015+0000] {dag.py:3954} INFO - Setting next_dagrun for example_dag_decorator to None, run_after=None
[2024-04-16T12:08:53.074+0000] {processor.py:183} INFO - Processing /home/airflow/.local/lib/python3.12/site-packages/airflow/example_dags/example_dag_decorator.py took 2.387 seconds
[2024-04-16T12:09:23.388+0000] {processor.py:161} INFO - Started process (PID=125) to work on /home/airflow/.local/lib/python3.12/site-packages/airflow/example_dags/example_dag_decorator.py
[2024-04-16T12:09:23.389+0000] {processor.py:830} INFO - Processing file /home/airflow/.local/lib/python3.12/site-packages/airflow/example_dags/example_dag_decorator.py for tasks to queue
[2024-04-16T12:09:23.392+0000] {logging_mixin.py:188} INFO - [2024-04-16T12:09:23.391+0000] {dagbag.py:540} INFO - Filling up the DagBag from /home/airflow/.local/lib/python3.12/site-packages/airflow/example_dags/example_dag_decorator.py
[2024-04-16T12:09:23.525+0000] {processor.py:840} INFO - DAG(s) 'example_dag_decorator' retrieved from /home/airflow/.local/lib/python3.12/site-packages/airflow/example_dags/example_dag_decorator.py
[2024-04-16T12:09:23.644+0000] {logging_mixin.py:188} INFO - [2024-04-16T12:09:23.644+0000] {dag.py:3096} INFO - Sync 1 DAGs
[2024-04-16T12:09:23.660+0000] {logging_mixin.py:188} INFO - [2024-04-16T12:09:23.660+0000] {dag.py:3954} INFO - Setting next_dagrun for example_dag_decorator to None, run_after=None
[2024-04-16T12:09:23.681+0000] {processor.py:183} INFO - Processing /home/airflow/.local/lib/python3.12/site-packages/airflow/example_dags/example_dag_decorator.py took 0.301 seconds
[2024-04-16T12:09:53.991+0000] {processor.py:161} INFO - Started process (PID=188) to work on /home/airflow/.local/lib/python3.12/site-packages/airflow/example_dags/example_dag_decorator.py
[2024-04-16T12:09:54.002+0000] {processor.py:830} INFO - Processing file /home/airflow/.local/lib/python3.12/site-packages/airflow/example_dags/example_dag_decorator.py for tasks to queue
[2024-04-16T12:09:54.007+0000] {logging_mixin.py:188} INFO - [2024-04-16T12:09:54.006+0000] {dagbag.py:540} INFO - Filling up the DagBag from /home/airflow/.local/lib/python3.12/site-packages/airflow/example_dags/example_dag_decorator.py
[2024-04-16T12:09:54.616+0000] {processor.py:840} INFO - DAG(s) 'example_dag_decorator' retrieved from /home/airflow/.local/lib/python3.12/site-packages/airflow/example_dags/example_dag_decorator.py
[2024-04-16T12:09:56.363+0000] {logging_mixin.py:188} INFO - [2024-04-16T12:09:56.363+0000] {dag.py:3096} INFO - Sync 1 DAGs
[2024-04-16T12:09:56.377+0000] {logging_mixin.py:188} INFO - [2024-04-16T12:09:56.376+0000] {dag.py:3954} INFO - Setting next_dagrun for example_dag_decorator to None, run_after=None
[2024-04-16T12:09:56.403+0000] {processor.py:183} INFO - Processing /home/airflow/.local/lib/python3.12/site-packages/airflow/example_dags/example_dag_decorator.py took 2.419 seconds
[2024-04-16T12:31:31.461+0000] {processor.py:161} INFO - Started process (PID=65) to work on /home/airflow/.local/lib/python3.12/site-packages/airflow/example_dags/example_dag_decorator.py
[2024-04-16T12:31:31.466+0000] {processor.py:830} INFO - Processing file /home/airflow/.local/lib/python3.12/site-packages/airflow/example_dags/example_dag_decorator.py for tasks to queue
[2024-04-16T12:31:31.470+0000] {logging_mixin.py:188} INFO - [2024-04-16T12:31:31.470+0000] {dagbag.py:540} INFO - Filling up the DagBag from /home/airflow/.local/lib/python3.12/site-packages/airflow/example_dags/example_dag_decorator.py
[2024-04-16T12:31:32.797+0000] {processor.py:840} INFO - DAG(s) 'example_dag_decorator' retrieved from /home/airflow/.local/lib/python3.12/site-packages/airflow/example_dags/example_dag_decorator.py
[2024-04-16T12:31:33.458+0000] {logging_mixin.py:188} INFO - [2024-04-16T12:31:33.456+0000] {dag.py:3096} INFO - Sync 1 DAGs
[2024-04-16T12:31:33.515+0000] {logging_mixin.py:188} INFO - [2024-04-16T12:31:33.515+0000] {dag.py:3954} INFO - Setting next_dagrun for example_dag_decorator to None, run_after=None
[2024-04-16T12:31:33.628+0000] {processor.py:183} INFO - Processing /home/airflow/.local/lib/python3.12/site-packages/airflow/example_dags/example_dag_decorator.py took 2.181 seconds
[2024-04-16T12:32:04.384+0000] {processor.py:161} INFO - Started process (PID=130) to work on /home/airflow/.local/lib/python3.12/site-packages/airflow/example_dags/example_dag_decorator.py
[2024-04-16T12:32:04.385+0000] {processor.py:830} INFO - Processing file /home/airflow/.local/lib/python3.12/site-packages/airflow/example_dags/example_dag_decorator.py for tasks to queue
[2024-04-16T12:32:04.387+0000] {logging_mixin.py:188} INFO - [2024-04-16T12:32:04.387+0000] {dagbag.py:540} INFO - Filling up the DagBag from /home/airflow/.local/lib/python3.12/site-packages/airflow/example_dags/example_dag_decorator.py
[2024-04-16T12:32:04.532+0000] {processor.py:840} INFO - DAG(s) 'example_dag_decorator' retrieved from /home/airflow/.local/lib/python3.12/site-packages/airflow/example_dags/example_dag_decorator.py
[2024-04-16T12:32:04.665+0000] {logging_mixin.py:188} INFO - [2024-04-16T12:32:04.665+0000] {dag.py:3096} INFO - Sync 1 DAGs
[2024-04-16T12:32:04.675+0000] {logging_mixin.py:188} INFO - [2024-04-16T12:32:04.675+0000] {dag.py:3954} INFO - Setting next_dagrun for example_dag_decorator to None, run_after=None
[2024-04-16T12:32:04.693+0000] {processor.py:183} INFO - Processing /home/airflow/.local/lib/python3.12/site-packages/airflow/example_dags/example_dag_decorator.py took 0.314 seconds
[2024-04-16T12:32:34.780+0000] {processor.py:161} INFO - Started process (PID=193) to work on /home/airflow/.local/lib/python3.12/site-packages/airflow/example_dags/example_dag_decorator.py
[2024-04-16T12:32:34.781+0000] {processor.py:830} INFO - Processing file /home/airflow/.local/lib/python3.12/site-packages/airflow/example_dags/example_dag_decorator.py for tasks to queue
[2024-04-16T12:32:34.782+0000] {logging_mixin.py:188} INFO - [2024-04-16T12:32:34.782+0000] {dagbag.py:540} INFO - Filling up the DagBag from /home/airflow/.local/lib/python3.12/site-packages/airflow/example_dags/example_dag_decorator.py
[2024-04-16T12:32:34.976+0000] {processor.py:840} INFO - DAG(s) 'example_dag_decorator' retrieved from /home/airflow/.local/lib/python3.12/site-packages/airflow/example_dags/example_dag_decorator.py
[2024-04-16T12:32:35.337+0000] {logging_mixin.py:188} INFO - [2024-04-16T12:32:35.337+0000] {dag.py:3096} INFO - Sync 1 DAGs
[2024-04-16T12:32:35.346+0000] {logging_mixin.py:188} INFO - [2024-04-16T12:32:35.346+0000] {dag.py:3954} INFO - Setting next_dagrun for example_dag_decorator to None, run_after=None
[2024-04-16T12:32:35.363+0000] {processor.py:183} INFO - Processing /home/airflow/.local/lib/python3.12/site-packages/airflow/example_dags/example_dag_decorator.py took 0.590 seconds
[2024-04-16T12:33:05.956+0000] {processor.py:161} INFO - Started process (PID=263) to work on /home/airflow/.local/lib/python3.12/site-packages/airflow/example_dags/example_dag_decorator.py
[2024-04-16T12:33:05.958+0000] {processor.py:830} INFO - Processing file /home/airflow/.local/lib/python3.12/site-packages/airflow/example_dags/example_dag_decorator.py for tasks to queue
[2024-04-16T12:33:05.960+0000] {logging_mixin.py:188} INFO - [2024-04-16T12:33:05.960+0000] {dagbag.py:540} INFO - Filling up the DagBag from /home/airflow/.local/lib/python3.12/site-packages/airflow/example_dags/example_dag_decorator.py
[2024-04-16T12:33:06.127+0000] {processor.py:840} INFO - DAG(s) 'example_dag_decorator' retrieved from /home/airflow/.local/lib/python3.12/site-packages/airflow/example_dags/example_dag_decorator.py
[2024-04-16T12:33:06.531+0000] {logging_mixin.py:188} INFO - [2024-04-16T12:33:06.530+0000] {dag.py:3096} INFO - Sync 1 DAGs
[2024-04-16T12:33:06.858+0000] {logging_mixin.py:188} INFO - [2024-04-16T12:33:06.858+0000] {dag.py:3954} INFO - Setting next_dagrun for example_dag_decorator to None, run_after=None
[2024-04-16T12:33:06.912+0000] {processor.py:183} INFO - Processing /home/airflow/.local/lib/python3.12/site-packages/airflow/example_dags/example_dag_decorator.py took 0.963 seconds
[2024-04-16T12:33:37.322+0000] {processor.py:161} INFO - Started process (PID=330) to work on /home/airflow/.local/lib/python3.12/site-packages/airflow/example_dags/example_dag_decorator.py
[2024-04-16T12:33:37.323+0000] {processor.py:830} INFO - Processing file /home/airflow/.local/lib/python3.12/site-packages/airflow/example_dags/example_dag_decorator.py for tasks to queue
[2024-04-16T12:33:37.324+0000] {logging_mixin.py:188} INFO - [2024-04-16T12:33:37.324+0000] {dagbag.py:540} INFO - Filling up the DagBag from /home/airflow/.local/lib/python3.12/site-packages/airflow/example_dags/example_dag_decorator.py
[2024-04-16T12:33:37.744+0000] {processor.py:840} INFO - DAG(s) 'example_dag_decorator' retrieved from /home/airflow/.local/lib/python3.12/site-packages/airflow/example_dags/example_dag_decorator.py
[2024-04-16T12:33:38.404+0000] {logging_mixin.py:188} INFO - [2024-04-16T12:33:38.403+0000] {dag.py:3096} INFO - Sync 1 DAGs
[2024-04-16T12:33:38.412+0000] {logging_mixin.py:188} INFO - [2024-04-16T12:33:38.412+0000] {dag.py:3954} INFO - Setting next_dagrun for example_dag_decorator to None, run_after=None
[2024-04-16T12:33:38.432+0000] {processor.py:183} INFO - Processing /home/airflow/.local/lib/python3.12/site-packages/airflow/example_dags/example_dag_decorator.py took 1.119 seconds
[2024-04-16T12:34:08.486+0000] {processor.py:161} INFO - Started process (PID=394) to work on /home/airflow/.local/lib/python3.12/site-packages/airflow/example_dags/example_dag_decorator.py
[2024-04-16T12:34:08.502+0000] {processor.py:830} INFO - Processing file /home/airflow/.local/lib/python3.12/site-packages/airflow/example_dags/example_dag_decorator.py for tasks to queue
[2024-04-16T12:34:08.518+0000] {logging_mixin.py:188} INFO - [2024-04-16T12:34:08.517+0000] {dagbag.py:540} INFO - Filling up the DagBag from /home/airflow/.local/lib/python3.12/site-packages/airflow/example_dags/example_dag_decorator.py
[2024-04-16T12:34:08.938+0000] {processor.py:840} INFO - DAG(s) 'example_dag_decorator' retrieved from /home/airflow/.local/lib/python3.12/site-packages/airflow/example_dags/example_dag_decorator.py
[2024-04-16T12:34:09.619+0000] {logging_mixin.py:188} INFO - [2024-04-16T12:34:09.615+0000] {dag.py:3096} INFO - Sync 1 DAGs
[2024-04-16T12:34:09.641+0000] {logging_mixin.py:188} INFO - [2024-04-16T12:34:09.641+0000] {dag.py:3954} INFO - Setting next_dagrun for example_dag_decorator to None, run_after=None
[2024-04-16T12:34:09.681+0000] {processor.py:183} INFO - Processing /home/airflow/.local/lib/python3.12/site-packages/airflow/example_dags/example_dag_decorator.py took 1.212 seconds
[2024-04-16T12:37:08.798+0000] {processor.py:161} INFO - Started process (PID=483) to work on /home/airflow/.local/lib/python3.12/site-packages/airflow/example_dags/example_dag_decorator.py
[2024-04-16T12:37:08.804+0000] {processor.py:830} INFO - Processing file /home/airflow/.local/lib/python3.12/site-packages/airflow/example_dags/example_dag_decorator.py for tasks to queue
[2024-04-16T12:37:08.814+0000] {logging_mixin.py:188} INFO - [2024-04-16T12:37:08.810+0000] {dagbag.py:540} INFO - Filling up the DagBag from /home/airflow/.local/lib/python3.12/site-packages/airflow/example_dags/example_dag_decorator.py
[2024-04-16T12:37:10.010+0000] {processor.py:840} INFO - DAG(s) 'example_dag_decorator' retrieved from /home/airflow/.local/lib/python3.12/site-packages/airflow/example_dags/example_dag_decorator.py
[2024-04-16T12:39:37.784+0000] {processor.py:161} INFO - Started process (PID=561) to work on /home/airflow/.local/lib/python3.12/site-packages/airflow/example_dags/example_dag_decorator.py
[2024-04-16T12:39:37.785+0000] {processor.py:830} INFO - Processing file /home/airflow/.local/lib/python3.12/site-packages/airflow/example_dags/example_dag_decorator.py for tasks to queue
[2024-04-16T12:39:37.789+0000] {logging_mixin.py:188} INFO - [2024-04-16T12:39:37.788+0000] {dagbag.py:540} INFO - Filling up the DagBag from /home/airflow/.local/lib/python3.12/site-packages/airflow/example_dags/example_dag_decorator.py
[2024-04-16T12:39:38.177+0000] {processor.py:840} INFO - DAG(s) 'example_dag_decorator' retrieved from /home/airflow/.local/lib/python3.12/site-packages/airflow/example_dags/example_dag_decorator.py
[2024-04-16T12:39:39.335+0000] {logging_mixin.py:188} INFO - [2024-04-16T12:39:39.334+0000] {dag.py:3096} INFO - Sync 1 DAGs
[2024-04-16T12:39:39.355+0000] {logging_mixin.py:188} INFO - [2024-04-16T12:39:39.355+0000] {dag.py:3954} INFO - Setting next_dagrun for example_dag_decorator to None, run_after=None
[2024-04-16T12:39:39.456+0000] {processor.py:183} INFO - Processing /home/airflow/.local/lib/python3.12/site-packages/airflow/example_dags/example_dag_decorator.py took 1.679 seconds
