[2024-04-16T11:58:11.377+0000] {processor.py:161} INFO - Started process (PID=66) to work on /home/airflow/.local/lib/python3.12/site-packages/airflow/example_dags/example_nested_branch_dag.py
[2024-04-16T11:58:11.380+0000] {processor.py:830} INFO - Processing file /home/airflow/.local/lib/python3.12/site-packages/airflow/example_dags/example_nested_branch_dag.py for tasks to queue
[2024-04-16T11:58:11.388+0000] {logging_mixin.py:188} INFO - [2024-04-16T11:58:11.387+0000] {dagbag.py:540} INFO - Filling up the DagBag from /home/airflow/.local/lib/python3.12/site-packages/airflow/example_dags/example_nested_branch_dag.py
[2024-04-16T11:58:11.422+0000] {processor.py:840} INFO - DAG(s) 'example_nested_branch_dag' retrieved from /home/airflow/.local/lib/python3.12/site-packages/airflow/example_dags/example_nested_branch_dag.py
[2024-04-16T11:58:11.953+0000] {logging_mixin.py:188} INFO - [2024-04-16T11:58:11.953+0000] {dag.py:3096} INFO - Sync 1 DAGs
[2024-04-16T11:58:12.076+0000] {logging_mixin.py:188} INFO - [2024-04-16T11:58:12.076+0000] {dag.py:3954} INFO - Setting next_dagrun for example_nested_branch_dag to 2024-04-15 00:00:00+00:00, run_after=2024-04-16 00:00:00+00:00
[2024-04-16T11:58:12.259+0000] {processor.py:183} INFO - Processing /home/airflow/.local/lib/python3.12/site-packages/airflow/example_dags/example_nested_branch_dag.py took 0.899 seconds
[2024-04-16T12:08:53.148+0000] {processor.py:161} INFO - Started process (PID=70) to work on /home/airflow/.local/lib/python3.12/site-packages/airflow/example_dags/example_nested_branch_dag.py
[2024-04-16T12:08:53.151+0000] {processor.py:830} INFO - Processing file /home/airflow/.local/lib/python3.12/site-packages/airflow/example_dags/example_nested_branch_dag.py for tasks to queue
[2024-04-16T12:08:53.155+0000] {logging_mixin.py:188} INFO - [2024-04-16T12:08:53.154+0000] {dagbag.py:540} INFO - Filling up the DagBag from /home/airflow/.local/lib/python3.12/site-packages/airflow/example_dags/example_nested_branch_dag.py
[2024-04-16T12:08:53.174+0000] {processor.py:840} INFO - DAG(s) 'example_nested_branch_dag' retrieved from /home/airflow/.local/lib/python3.12/site-packages/airflow/example_dags/example_nested_branch_dag.py
[2024-04-16T12:08:53.561+0000] {logging_mixin.py:188} INFO - [2024-04-16T12:08:53.561+0000] {dag.py:3096} INFO - Sync 1 DAGs
[2024-04-16T12:08:53.610+0000] {logging_mixin.py:188} INFO - [2024-04-16T12:08:53.610+0000] {dag.py:3954} INFO - Setting next_dagrun for example_nested_branch_dag to 2024-04-15 00:00:00+00:00, run_after=2024-04-16 00:00:00+00:00
[2024-04-16T12:08:53.660+0000] {processor.py:183} INFO - Processing /home/airflow/.local/lib/python3.12/site-packages/airflow/example_dags/example_nested_branch_dag.py took 0.520 seconds
[2024-04-16T12:09:23.715+0000] {processor.py:161} INFO - Started process (PID=127) to work on /home/airflow/.local/lib/python3.12/site-packages/airflow/example_dags/example_nested_branch_dag.py
[2024-04-16T12:09:23.716+0000] {processor.py:830} INFO - Processing file /home/airflow/.local/lib/python3.12/site-packages/airflow/example_dags/example_nested_branch_dag.py for tasks to queue
[2024-04-16T12:09:23.718+0000] {logging_mixin.py:188} INFO - [2024-04-16T12:09:23.718+0000] {dagbag.py:540} INFO - Filling up the DagBag from /home/airflow/.local/lib/python3.12/site-packages/airflow/example_dags/example_nested_branch_dag.py
[2024-04-16T12:09:23.728+0000] {processor.py:840} INFO - DAG(s) 'example_nested_branch_dag' retrieved from /home/airflow/.local/lib/python3.12/site-packages/airflow/example_dags/example_nested_branch_dag.py
[2024-04-16T12:09:23.751+0000] {logging_mixin.py:188} INFO - [2024-04-16T12:09:23.751+0000] {dag.py:3096} INFO - Sync 1 DAGs
[2024-04-16T12:09:23.780+0000] {logging_mixin.py:188} INFO - [2024-04-16T12:09:23.779+0000] {dag.py:3954} INFO - Setting next_dagrun for example_nested_branch_dag to 2024-04-15 00:00:00+00:00, run_after=2024-04-16 00:00:00+00:00
[2024-04-16T12:09:23.804+0000] {processor.py:183} INFO - Processing /home/airflow/.local/lib/python3.12/site-packages/airflow/example_dags/example_nested_branch_dag.py took 0.094 seconds
[2024-04-16T12:09:54.702+0000] {processor.py:161} INFO - Started process (PID=190) to work on /home/airflow/.local/lib/python3.12/site-packages/airflow/example_dags/example_nested_branch_dag.py
[2024-04-16T12:09:54.741+0000] {processor.py:830} INFO - Processing file /home/airflow/.local/lib/python3.12/site-packages/airflow/example_dags/example_nested_branch_dag.py for tasks to queue
[2024-04-16T12:09:54.822+0000] {logging_mixin.py:188} INFO - [2024-04-16T12:09:54.820+0000] {dagbag.py:540} INFO - Filling up the DagBag from /home/airflow/.local/lib/python3.12/site-packages/airflow/example_dags/example_nested_branch_dag.py
[2024-04-16T12:09:54.934+0000] {processor.py:840} INFO - DAG(s) 'example_nested_branch_dag' retrieved from /home/airflow/.local/lib/python3.12/site-packages/airflow/example_dags/example_nested_branch_dag.py
[2024-04-16T12:09:55.167+0000] {logging_mixin.py:188} INFO - [2024-04-16T12:09:55.166+0000] {dag.py:3096} INFO - Sync 1 DAGs
[2024-04-16T12:09:55.381+0000] {logging_mixin.py:188} INFO - [2024-04-16T12:09:55.381+0000] {dag.py:3954} INFO - Setting next_dagrun for example_nested_branch_dag to 2024-04-15 00:00:00+00:00, run_after=2024-04-16 00:00:00+00:00
[2024-04-16T12:09:55.582+0000] {processor.py:183} INFO - Processing /home/airflow/.local/lib/python3.12/site-packages/airflow/example_dags/example_nested_branch_dag.py took 0.943 seconds
[2024-04-16T12:31:33.029+0000] {processor.py:161} INFO - Started process (PID=74) to work on /home/airflow/.local/lib/python3.12/site-packages/airflow/example_dags/example_nested_branch_dag.py
[2024-04-16T12:31:33.031+0000] {processor.py:830} INFO - Processing file /home/airflow/.local/lib/python3.12/site-packages/airflow/example_dags/example_nested_branch_dag.py for tasks to queue
[2024-04-16T12:31:33.034+0000] {logging_mixin.py:188} INFO - [2024-04-16T12:31:33.033+0000] {dagbag.py:540} INFO - Filling up the DagBag from /home/airflow/.local/lib/python3.12/site-packages/airflow/example_dags/example_nested_branch_dag.py
[2024-04-16T12:31:33.050+0000] {processor.py:840} INFO - DAG(s) 'example_nested_branch_dag' retrieved from /home/airflow/.local/lib/python3.12/site-packages/airflow/example_dags/example_nested_branch_dag.py
[2024-04-16T12:31:33.269+0000] {logging_mixin.py:188} INFO - [2024-04-16T12:31:33.269+0000] {dag.py:3096} INFO - Sync 1 DAGs
[2024-04-16T12:31:33.329+0000] {logging_mixin.py:188} INFO - [2024-04-16T12:31:33.329+0000] {dag.py:3954} INFO - Setting next_dagrun for example_nested_branch_dag to 2024-04-15 00:00:00+00:00, run_after=2024-04-16 00:00:00+00:00
[2024-04-16T12:31:33.411+0000] {processor.py:183} INFO - Processing /home/airflow/.local/lib/python3.12/site-packages/airflow/example_dags/example_nested_branch_dag.py took 0.390 seconds
[2024-04-16T12:32:04.385+0000] {processor.py:161} INFO - Started process (PID=131) to work on /home/airflow/.local/lib/python3.12/site-packages/airflow/example_dags/example_nested_branch_dag.py
[2024-04-16T12:32:04.386+0000] {processor.py:830} INFO - Processing file /home/airflow/.local/lib/python3.12/site-packages/airflow/example_dags/example_nested_branch_dag.py for tasks to queue
[2024-04-16T12:32:04.388+0000] {logging_mixin.py:188} INFO - [2024-04-16T12:32:04.387+0000] {dagbag.py:540} INFO - Filling up the DagBag from /home/airflow/.local/lib/python3.12/site-packages/airflow/example_dags/example_nested_branch_dag.py
[2024-04-16T12:32:04.399+0000] {processor.py:840} INFO - DAG(s) 'example_nested_branch_dag' retrieved from /home/airflow/.local/lib/python3.12/site-packages/airflow/example_dags/example_nested_branch_dag.py
[2024-04-16T12:32:04.425+0000] {logging_mixin.py:188} INFO - [2024-04-16T12:32:04.425+0000] {dag.py:3096} INFO - Sync 1 DAGs
[2024-04-16T12:32:04.456+0000] {logging_mixin.py:188} INFO - [2024-04-16T12:32:04.455+0000] {dag.py:3954} INFO - Setting next_dagrun for example_nested_branch_dag to 2024-04-15 00:00:00+00:00, run_after=2024-04-16 00:00:00+00:00
[2024-04-16T12:32:04.477+0000] {processor.py:183} INFO - Processing /home/airflow/.local/lib/python3.12/site-packages/airflow/example_dags/example_nested_branch_dag.py took 0.098 seconds
[2024-04-16T12:32:34.781+0000] {processor.py:161} INFO - Started process (PID=194) to work on /home/airflow/.local/lib/python3.12/site-packages/airflow/example_dags/example_nested_branch_dag.py
[2024-04-16T12:32:34.782+0000] {processor.py:830} INFO - Processing file /home/airflow/.local/lib/python3.12/site-packages/airflow/example_dags/example_nested_branch_dag.py for tasks to queue
[2024-04-16T12:32:34.783+0000] {logging_mixin.py:188} INFO - [2024-04-16T12:32:34.783+0000] {dagbag.py:540} INFO - Filling up the DagBag from /home/airflow/.local/lib/python3.12/site-packages/airflow/example_dags/example_nested_branch_dag.py
[2024-04-16T12:32:34.804+0000] {processor.py:840} INFO - DAG(s) 'example_nested_branch_dag' retrieved from /home/airflow/.local/lib/python3.12/site-packages/airflow/example_dags/example_nested_branch_dag.py
[2024-04-16T12:32:34.862+0000] {logging_mixin.py:188} INFO - [2024-04-16T12:32:34.862+0000] {dag.py:3096} INFO - Sync 1 DAGs
[2024-04-16T12:32:34.914+0000] {logging_mixin.py:188} INFO - [2024-04-16T12:32:34.914+0000] {dag.py:3954} INFO - Setting next_dagrun for example_nested_branch_dag to 2024-04-15 00:00:00+00:00, run_after=2024-04-16 00:00:00+00:00
[2024-04-16T12:32:34.960+0000] {processor.py:183} INFO - Processing /home/airflow/.local/lib/python3.12/site-packages/airflow/example_dags/example_nested_branch_dag.py took 0.185 seconds
[2024-04-16T12:33:05.963+0000] {processor.py:161} INFO - Started process (PID=264) to work on /home/airflow/.local/lib/python3.12/site-packages/airflow/example_dags/example_nested_branch_dag.py
[2024-04-16T12:33:05.964+0000] {processor.py:830} INFO - Processing file /home/airflow/.local/lib/python3.12/site-packages/airflow/example_dags/example_nested_branch_dag.py for tasks to queue
[2024-04-16T12:33:05.965+0000] {logging_mixin.py:188} INFO - [2024-04-16T12:33:05.965+0000] {dagbag.py:540} INFO - Filling up the DagBag from /home/airflow/.local/lib/python3.12/site-packages/airflow/example_dags/example_nested_branch_dag.py
[2024-04-16T12:33:05.980+0000] {processor.py:840} INFO - DAG(s) 'example_nested_branch_dag' retrieved from /home/airflow/.local/lib/python3.12/site-packages/airflow/example_dags/example_nested_branch_dag.py
[2024-04-16T12:33:06.016+0000] {logging_mixin.py:188} INFO - [2024-04-16T12:33:06.015+0000] {dag.py:3096} INFO - Sync 1 DAGs
[2024-04-16T12:33:06.073+0000] {logging_mixin.py:188} INFO - [2024-04-16T12:33:06.073+0000] {dag.py:3954} INFO - Setting next_dagrun for example_nested_branch_dag to 2024-04-15 00:00:00+00:00, run_after=2024-04-16 00:00:00+00:00
[2024-04-16T12:33:06.104+0000] {processor.py:183} INFO - Processing /home/airflow/.local/lib/python3.12/site-packages/airflow/example_dags/example_nested_branch_dag.py took 0.149 seconds
[2024-04-16T12:33:37.016+0000] {processor.py:161} INFO - Started process (PID=326) to work on /home/airflow/.local/lib/python3.12/site-packages/airflow/example_dags/example_nested_branch_dag.py
[2024-04-16T12:33:37.018+0000] {processor.py:830} INFO - Processing file /home/airflow/.local/lib/python3.12/site-packages/airflow/example_dags/example_nested_branch_dag.py for tasks to queue
[2024-04-16T12:33:37.020+0000] {logging_mixin.py:188} INFO - [2024-04-16T12:33:37.019+0000] {dagbag.py:540} INFO - Filling up the DagBag from /home/airflow/.local/lib/python3.12/site-packages/airflow/example_dags/example_nested_branch_dag.py
[2024-04-16T12:33:37.034+0000] {processor.py:840} INFO - DAG(s) 'example_nested_branch_dag' retrieved from /home/airflow/.local/lib/python3.12/site-packages/airflow/example_dags/example_nested_branch_dag.py
[2024-04-16T12:33:37.098+0000] {logging_mixin.py:188} INFO - [2024-04-16T12:33:37.098+0000] {dag.py:3096} INFO - Sync 1 DAGs
[2024-04-16T12:33:37.131+0000] {logging_mixin.py:188} INFO - [2024-04-16T12:33:37.130+0000] {dag.py:3954} INFO - Setting next_dagrun for example_nested_branch_dag to 2024-04-15 00:00:00+00:00, run_after=2024-04-16 00:00:00+00:00
[2024-04-16T12:33:37.164+0000] {processor.py:183} INFO - Processing /home/airflow/.local/lib/python3.12/site-packages/airflow/example_dags/example_nested_branch_dag.py took 0.158 seconds
[2024-04-16T12:34:07.335+0000] {processor.py:161} INFO - Started process (PID=389) to work on /home/airflow/.local/lib/python3.12/site-packages/airflow/example_dags/example_nested_branch_dag.py
[2024-04-16T12:34:07.338+0000] {processor.py:830} INFO - Processing file /home/airflow/.local/lib/python3.12/site-packages/airflow/example_dags/example_nested_branch_dag.py for tasks to queue
[2024-04-16T12:34:07.346+0000] {logging_mixin.py:188} INFO - [2024-04-16T12:34:07.344+0000] {dagbag.py:540} INFO - Filling up the DagBag from /home/airflow/.local/lib/python3.12/site-packages/airflow/example_dags/example_nested_branch_dag.py
[2024-04-16T12:34:07.398+0000] {processor.py:840} INFO - DAG(s) 'example_nested_branch_dag' retrieved from /home/airflow/.local/lib/python3.12/site-packages/airflow/example_dags/example_nested_branch_dag.py
[2024-04-16T12:34:07.543+0000] {logging_mixin.py:188} INFO - [2024-04-16T12:34:07.543+0000] {dag.py:3096} INFO - Sync 1 DAGs
[2024-04-16T12:34:07.597+0000] {logging_mixin.py:188} INFO - [2024-04-16T12:34:07.596+0000] {dag.py:3954} INFO - Setting next_dagrun for example_nested_branch_dag to 2024-04-15 00:00:00+00:00, run_after=2024-04-16 00:00:00+00:00
[2024-04-16T12:34:07.668+0000] {processor.py:183} INFO - Processing /home/airflow/.local/lib/python3.12/site-packages/airflow/example_dags/example_nested_branch_dag.py took 0.354 seconds
[2024-04-16T12:37:09.214+0000] {processor.py:161} INFO - Started process (PID=484) to work on /home/airflow/.local/lib/python3.12/site-packages/airflow/example_dags/example_nested_branch_dag.py
[2024-04-16T12:37:09.233+0000] {processor.py:830} INFO - Processing file /home/airflow/.local/lib/python3.12/site-packages/airflow/example_dags/example_nested_branch_dag.py for tasks to queue
[2024-04-16T12:37:09.239+0000] {logging_mixin.py:188} INFO - [2024-04-16T12:37:09.234+0000] {dagbag.py:540} INFO - Filling up the DagBag from /home/airflow/.local/lib/python3.12/site-packages/airflow/example_dags/example_nested_branch_dag.py
[2024-04-16T12:37:09.272+0000] {processor.py:840} INFO - DAG(s) 'example_nested_branch_dag' retrieved from /home/airflow/.local/lib/python3.12/site-packages/airflow/example_dags/example_nested_branch_dag.py
[2024-04-16T12:37:39.481+0000] {logging_mixin.py:188} INFO - [2024-04-16T12:37:39.478+0000] {dag.py:3096} INFO - Sync 1 DAGs
[2024-04-16T12:37:39.844+0000] {logging_mixin.py:188} INFO - [2024-04-16T12:37:39.836+0000] {dag.py:3954} INFO - Setting next_dagrun for example_nested_branch_dag to 2024-04-15 00:00:00+00:00, run_after=2024-04-16 00:00:00+00:00
[2024-04-16T12:37:39.933+0000] {processor.py:183} INFO - Processing /home/airflow/.local/lib/python3.12/site-packages/airflow/example_dags/example_nested_branch_dag.py took 30.751 seconds
[2024-04-16T12:39:37.133+0000] {processor.py:161} INFO - Started process (PID=558) to work on /home/airflow/.local/lib/python3.12/site-packages/airflow/example_dags/example_nested_branch_dag.py
[2024-04-16T12:39:37.135+0000] {processor.py:830} INFO - Processing file /home/airflow/.local/lib/python3.12/site-packages/airflow/example_dags/example_nested_branch_dag.py for tasks to queue
[2024-04-16T12:39:37.136+0000] {logging_mixin.py:188} INFO - [2024-04-16T12:39:37.135+0000] {dagbag.py:540} INFO - Filling up the DagBag from /home/airflow/.local/lib/python3.12/site-packages/airflow/example_dags/example_nested_branch_dag.py
[2024-04-16T12:39:37.156+0000] {processor.py:840} INFO - DAG(s) 'example_nested_branch_dag' retrieved from /home/airflow/.local/lib/python3.12/site-packages/airflow/example_dags/example_nested_branch_dag.py
[2024-04-16T12:39:37.209+0000] {logging_mixin.py:188} INFO - [2024-04-16T12:39:37.208+0000] {dag.py:3096} INFO - Sync 1 DAGs
[2024-04-16T12:39:37.251+0000] {logging_mixin.py:188} INFO - [2024-04-16T12:39:37.251+0000] {dag.py:3954} INFO - Setting next_dagrun for example_nested_branch_dag to 2024-04-15 00:00:00+00:00, run_after=2024-04-16 00:00:00+00:00
[2024-04-16T12:39:37.280+0000] {processor.py:183} INFO - Processing /home/airflow/.local/lib/python3.12/site-packages/airflow/example_dags/example_nested_branch_dag.py took 0.154 seconds
