[2024-04-16T11:58:24.257+0000] {processor.py:161} INFO - Started process (PID=83) to work on /home/airflow/.local/lib/python3.12/site-packages/airflow/example_dags/example_short_circuit_decorator.py
[2024-04-16T11:58:24.258+0000] {processor.py:830} INFO - Processing file /home/airflow/.local/lib/python3.12/site-packages/airflow/example_dags/example_short_circuit_decorator.py for tasks to queue
[2024-04-16T11:58:24.263+0000] {logging_mixin.py:188} INFO - [2024-04-16T11:58:24.262+0000] {dagbag.py:540} INFO - Filling up the DagBag from /home/airflow/.local/lib/python3.12/site-packages/airflow/example_dags/example_short_circuit_decorator.py
[2024-04-16T11:58:24.294+0000] {processor.py:840} INFO - DAG(s) 'example_short_circuit_decorator' retrieved from /home/airflow/.local/lib/python3.12/site-packages/airflow/example_dags/example_short_circuit_decorator.py
[2024-04-16T11:58:24.765+0000] {logging_mixin.py:188} INFO - [2024-04-16T11:58:24.765+0000] {dag.py:3096} INFO - Sync 1 DAGs
[2024-04-16T11:58:24.895+0000] {logging_mixin.py:188} INFO - [2024-04-16T11:58:24.894+0000] {dag.py:3954} INFO - Setting next_dagrun for example_short_circuit_decorator to 2024-04-15 00:00:00+00:00, run_after=2024-04-16 00:00:00+00:00
[2024-04-16T11:58:24.963+0000] {processor.py:183} INFO - Processing /home/airflow/.local/lib/python3.12/site-packages/airflow/example_dags/example_short_circuit_decorator.py took 0.727 seconds
[2024-04-16T12:08:58.078+0000] {processor.py:161} INFO - Started process (PID=87) to work on /home/airflow/.local/lib/python3.12/site-packages/airflow/example_dags/example_short_circuit_decorator.py
[2024-04-16T12:08:58.080+0000] {processor.py:830} INFO - Processing file /home/airflow/.local/lib/python3.12/site-packages/airflow/example_dags/example_short_circuit_decorator.py for tasks to queue
[2024-04-16T12:08:58.083+0000] {logging_mixin.py:188} INFO - [2024-04-16T12:08:58.083+0000] {dagbag.py:540} INFO - Filling up the DagBag from /home/airflow/.local/lib/python3.12/site-packages/airflow/example_dags/example_short_circuit_decorator.py
[2024-04-16T12:08:58.105+0000] {processor.py:840} INFO - DAG(s) 'example_short_circuit_decorator' retrieved from /home/airflow/.local/lib/python3.12/site-packages/airflow/example_dags/example_short_circuit_decorator.py
[2024-04-16T12:08:58.274+0000] {logging_mixin.py:188} INFO - [2024-04-16T12:08:58.274+0000] {dag.py:3096} INFO - Sync 1 DAGs
[2024-04-16T12:08:58.323+0000] {logging_mixin.py:188} INFO - [2024-04-16T12:08:58.322+0000] {dag.py:3954} INFO - Setting next_dagrun for example_short_circuit_decorator to 2024-04-15 00:00:00+00:00, run_after=2024-04-16 00:00:00+00:00
[2024-04-16T12:08:58.361+0000] {processor.py:183} INFO - Processing /home/airflow/.local/lib/python3.12/site-packages/airflow/example_dags/example_short_circuit_decorator.py took 0.321 seconds
[2024-04-16T12:09:29.050+0000] {processor.py:161} INFO - Started process (PID=150) to work on /home/airflow/.local/lib/python3.12/site-packages/airflow/example_dags/example_short_circuit_decorator.py
[2024-04-16T12:09:29.051+0000] {processor.py:830} INFO - Processing file /home/airflow/.local/lib/python3.12/site-packages/airflow/example_dags/example_short_circuit_decorator.py for tasks to queue
[2024-04-16T12:09:29.055+0000] {logging_mixin.py:188} INFO - [2024-04-16T12:09:29.054+0000] {dagbag.py:540} INFO - Filling up the DagBag from /home/airflow/.local/lib/python3.12/site-packages/airflow/example_dags/example_short_circuit_decorator.py
[2024-04-16T12:09:29.072+0000] {processor.py:840} INFO - DAG(s) 'example_short_circuit_decorator' retrieved from /home/airflow/.local/lib/python3.12/site-packages/airflow/example_dags/example_short_circuit_decorator.py
[2024-04-16T12:09:29.110+0000] {logging_mixin.py:188} INFO - [2024-04-16T12:09:29.110+0000] {dag.py:3096} INFO - Sync 1 DAGs
[2024-04-16T12:09:29.176+0000] {logging_mixin.py:188} INFO - [2024-04-16T12:09:29.176+0000] {dag.py:3954} INFO - Setting next_dagrun for example_short_circuit_decorator to 2024-04-15 00:00:00+00:00, run_after=2024-04-16 00:00:00+00:00
[2024-04-16T12:09:29.246+0000] {processor.py:183} INFO - Processing /home/airflow/.local/lib/python3.12/site-packages/airflow/example_dags/example_short_circuit_decorator.py took 0.207 seconds
[2024-04-16T12:09:59.746+0000] {processor.py:161} INFO - Started process (PID=214) to work on /home/airflow/.local/lib/python3.12/site-packages/airflow/example_dags/example_short_circuit_decorator.py
[2024-04-16T12:09:59.747+0000] {processor.py:830} INFO - Processing file /home/airflow/.local/lib/python3.12/site-packages/airflow/example_dags/example_short_circuit_decorator.py for tasks to queue
[2024-04-16T12:09:59.749+0000] {logging_mixin.py:188} INFO - [2024-04-16T12:09:59.749+0000] {dagbag.py:540} INFO - Filling up the DagBag from /home/airflow/.local/lib/python3.12/site-packages/airflow/example_dags/example_short_circuit_decorator.py
[2024-04-16T12:09:59.761+0000] {processor.py:840} INFO - DAG(s) 'example_short_circuit_decorator' retrieved from /home/airflow/.local/lib/python3.12/site-packages/airflow/example_dags/example_short_circuit_decorator.py
[2024-04-16T12:09:59.787+0000] {logging_mixin.py:188} INFO - [2024-04-16T12:09:59.787+0000] {dag.py:3096} INFO - Sync 1 DAGs
[2024-04-16T12:09:59.817+0000] {logging_mixin.py:188} INFO - [2024-04-16T12:09:59.817+0000] {dag.py:3954} INFO - Setting next_dagrun for example_short_circuit_decorator to 2024-04-15 00:00:00+00:00, run_after=2024-04-16 00:00:00+00:00
[2024-04-16T12:09:59.845+0000] {processor.py:183} INFO - Processing /home/airflow/.local/lib/python3.12/site-packages/airflow/example_dags/example_short_circuit_decorator.py took 0.108 seconds
[2024-04-16T12:31:37.947+0000] {processor.py:161} INFO - Started process (PID=91) to work on /home/airflow/.local/lib/python3.12/site-packages/airflow/example_dags/example_short_circuit_decorator.py
[2024-04-16T12:31:37.952+0000] {processor.py:830} INFO - Processing file /home/airflow/.local/lib/python3.12/site-packages/airflow/example_dags/example_short_circuit_decorator.py for tasks to queue
[2024-04-16T12:31:37.957+0000] {logging_mixin.py:188} INFO - [2024-04-16T12:31:37.956+0000] {dagbag.py:540} INFO - Filling up the DagBag from /home/airflow/.local/lib/python3.12/site-packages/airflow/example_dags/example_short_circuit_decorator.py
[2024-04-16T12:31:37.977+0000] {processor.py:840} INFO - DAG(s) 'example_short_circuit_decorator' retrieved from /home/airflow/.local/lib/python3.12/site-packages/airflow/example_dags/example_short_circuit_decorator.py
[2024-04-16T12:31:38.120+0000] {logging_mixin.py:188} INFO - [2024-04-16T12:31:38.119+0000] {dag.py:3096} INFO - Sync 1 DAGs
[2024-04-16T12:31:38.144+0000] {logging_mixin.py:188} INFO - [2024-04-16T12:31:38.144+0000] {dag.py:3954} INFO - Setting next_dagrun for example_short_circuit_decorator to 2024-04-15 00:00:00+00:00, run_after=2024-04-16 00:00:00+00:00
[2024-04-16T12:31:38.173+0000] {processor.py:183} INFO - Processing /home/airflow/.local/lib/python3.12/site-packages/airflow/example_dags/example_short_circuit_decorator.py took 0.233 seconds
[2024-04-16T12:32:08.528+0000] {processor.py:161} INFO - Started process (PID=154) to work on /home/airflow/.local/lib/python3.12/site-packages/airflow/example_dags/example_short_circuit_decorator.py
[2024-04-16T12:32:08.529+0000] {processor.py:830} INFO - Processing file /home/airflow/.local/lib/python3.12/site-packages/airflow/example_dags/example_short_circuit_decorator.py for tasks to queue
[2024-04-16T12:32:08.530+0000] {logging_mixin.py:188} INFO - [2024-04-16T12:32:08.530+0000] {dagbag.py:540} INFO - Filling up the DagBag from /home/airflow/.local/lib/python3.12/site-packages/airflow/example_dags/example_short_circuit_decorator.py
[2024-04-16T12:32:08.539+0000] {processor.py:840} INFO - DAG(s) 'example_short_circuit_decorator' retrieved from /home/airflow/.local/lib/python3.12/site-packages/airflow/example_dags/example_short_circuit_decorator.py
[2024-04-16T12:32:08.563+0000] {logging_mixin.py:188} INFO - [2024-04-16T12:32:08.563+0000] {dag.py:3096} INFO - Sync 1 DAGs
[2024-04-16T12:32:08.582+0000] {logging_mixin.py:188} INFO - [2024-04-16T12:32:08.582+0000] {dag.py:3954} INFO - Setting next_dagrun for example_short_circuit_decorator to 2024-04-15 00:00:00+00:00, run_after=2024-04-16 00:00:00+00:00
[2024-04-16T12:32:08.601+0000] {processor.py:183} INFO - Processing /home/airflow/.local/lib/python3.12/site-packages/airflow/example_dags/example_short_circuit_decorator.py took 0.078 seconds
[2024-04-16T12:32:39.079+0000] {processor.py:161} INFO - Started process (PID=217) to work on /home/airflow/.local/lib/python3.12/site-packages/airflow/example_dags/example_short_circuit_decorator.py
[2024-04-16T12:32:39.080+0000] {processor.py:830} INFO - Processing file /home/airflow/.local/lib/python3.12/site-packages/airflow/example_dags/example_short_circuit_decorator.py for tasks to queue
[2024-04-16T12:32:39.081+0000] {logging_mixin.py:188} INFO - [2024-04-16T12:32:39.080+0000] {dagbag.py:540} INFO - Filling up the DagBag from /home/airflow/.local/lib/python3.12/site-packages/airflow/example_dags/example_short_circuit_decorator.py
[2024-04-16T12:32:39.089+0000] {processor.py:840} INFO - DAG(s) 'example_short_circuit_decorator' retrieved from /home/airflow/.local/lib/python3.12/site-packages/airflow/example_dags/example_short_circuit_decorator.py
[2024-04-16T12:32:39.110+0000] {logging_mixin.py:188} INFO - [2024-04-16T12:32:39.109+0000] {dag.py:3096} INFO - Sync 1 DAGs
[2024-04-16T12:32:39.131+0000] {logging_mixin.py:188} INFO - [2024-04-16T12:32:39.131+0000] {dag.py:3954} INFO - Setting next_dagrun for example_short_circuit_decorator to 2024-04-15 00:00:00+00:00, run_after=2024-04-16 00:00:00+00:00
[2024-04-16T12:32:39.151+0000] {processor.py:183} INFO - Processing /home/airflow/.local/lib/python3.12/site-packages/airflow/example_dags/example_short_circuit_decorator.py took 0.077 seconds
[2024-04-16T12:33:14.281+0000] {processor.py:161} INFO - Started process (PID=283) to work on /home/airflow/.local/lib/python3.12/site-packages/airflow/example_dags/example_short_circuit_decorator.py
[2024-04-16T12:33:14.290+0000] {processor.py:830} INFO - Processing file /home/airflow/.local/lib/python3.12/site-packages/airflow/example_dags/example_short_circuit_decorator.py for tasks to queue
[2024-04-16T12:33:14.295+0000] {logging_mixin.py:188} INFO - [2024-04-16T12:33:14.294+0000] {dagbag.py:540} INFO - Filling up the DagBag from /home/airflow/.local/lib/python3.12/site-packages/airflow/example_dags/example_short_circuit_decorator.py
[2024-04-16T12:33:14.328+0000] {processor.py:840} INFO - DAG(s) 'example_short_circuit_decorator' retrieved from /home/airflow/.local/lib/python3.12/site-packages/airflow/example_dags/example_short_circuit_decorator.py
[2024-04-16T12:33:14.404+0000] {logging_mixin.py:188} INFO - [2024-04-16T12:33:14.404+0000] {dag.py:3096} INFO - Sync 1 DAGs
[2024-04-16T12:33:14.529+0000] {logging_mixin.py:188} INFO - [2024-04-16T12:33:14.528+0000] {dag.py:3954} INFO - Setting next_dagrun for example_short_circuit_decorator to 2024-04-15 00:00:00+00:00, run_after=2024-04-16 00:00:00+00:00
[2024-04-16T12:33:14.683+0000] {processor.py:183} INFO - Processing /home/airflow/.local/lib/python3.12/site-packages/airflow/example_dags/example_short_circuit_decorator.py took 0.410 seconds
[2024-04-16T12:33:45.543+0000] {processor.py:161} INFO - Started process (PID=346) to work on /home/airflow/.local/lib/python3.12/site-packages/airflow/example_dags/example_short_circuit_decorator.py
[2024-04-16T12:33:45.545+0000] {processor.py:830} INFO - Processing file /home/airflow/.local/lib/python3.12/site-packages/airflow/example_dags/example_short_circuit_decorator.py for tasks to queue
[2024-04-16T12:33:45.547+0000] {logging_mixin.py:188} INFO - [2024-04-16T12:33:45.546+0000] {dagbag.py:540} INFO - Filling up the DagBag from /home/airflow/.local/lib/python3.12/site-packages/airflow/example_dags/example_short_circuit_decorator.py
[2024-04-16T12:33:45.571+0000] {processor.py:840} INFO - DAG(s) 'example_short_circuit_decorator' retrieved from /home/airflow/.local/lib/python3.12/site-packages/airflow/example_dags/example_short_circuit_decorator.py
[2024-04-16T12:33:45.619+0000] {logging_mixin.py:188} INFO - [2024-04-16T12:33:45.618+0000] {dag.py:3096} INFO - Sync 1 DAGs
[2024-04-16T12:33:45.698+0000] {logging_mixin.py:188} INFO - [2024-04-16T12:33:45.698+0000] {dag.py:3954} INFO - Setting next_dagrun for example_short_circuit_decorator to 2024-04-15 00:00:00+00:00, run_after=2024-04-16 00:00:00+00:00
[2024-04-16T12:33:45.747+0000] {processor.py:183} INFO - Processing /home/airflow/.local/lib/python3.12/site-packages/airflow/example_dags/example_short_circuit_decorator.py took 0.221 seconds
[2024-04-16T12:34:15.917+0000] {processor.py:161} INFO - Started process (PID=410) to work on /home/airflow/.local/lib/python3.12/site-packages/airflow/example_dags/example_short_circuit_decorator.py
[2024-04-16T12:34:15.919+0000] {processor.py:830} INFO - Processing file /home/airflow/.local/lib/python3.12/site-packages/airflow/example_dags/example_short_circuit_decorator.py for tasks to queue
[2024-04-16T12:34:15.920+0000] {logging_mixin.py:188} INFO - [2024-04-16T12:34:15.920+0000] {dagbag.py:540} INFO - Filling up the DagBag from /home/airflow/.local/lib/python3.12/site-packages/airflow/example_dags/example_short_circuit_decorator.py
[2024-04-16T12:34:15.933+0000] {processor.py:840} INFO - DAG(s) 'example_short_circuit_decorator' retrieved from /home/airflow/.local/lib/python3.12/site-packages/airflow/example_dags/example_short_circuit_decorator.py
[2024-04-16T12:34:15.967+0000] {logging_mixin.py:188} INFO - [2024-04-16T12:34:15.967+0000] {dag.py:3096} INFO - Sync 1 DAGs
[2024-04-16T12:34:15.991+0000] {logging_mixin.py:188} INFO - [2024-04-16T12:34:15.991+0000] {dag.py:3954} INFO - Setting next_dagrun for example_short_circuit_decorator to 2024-04-15 00:00:00+00:00, run_after=2024-04-16 00:00:00+00:00
[2024-04-16T12:34:16.009+0000] {processor.py:183} INFO - Processing /home/airflow/.local/lib/python3.12/site-packages/airflow/example_dags/example_short_circuit_decorator.py took 0.099 seconds
[2024-04-16T12:38:15.416+0000] {processor.py:161} INFO - Started process (PID=512) to work on /home/airflow/.local/lib/python3.12/site-packages/airflow/example_dags/example_short_circuit_decorator.py
[2024-04-16T12:38:15.419+0000] {processor.py:830} INFO - Processing file /home/airflow/.local/lib/python3.12/site-packages/airflow/example_dags/example_short_circuit_decorator.py for tasks to queue
[2024-04-16T12:38:15.422+0000] {logging_mixin.py:188} INFO - [2024-04-16T12:38:15.421+0000] {dagbag.py:540} INFO - Filling up the DagBag from /home/airflow/.local/lib/python3.12/site-packages/airflow/example_dags/example_short_circuit_decorator.py
[2024-04-16T12:38:15.477+0000] {processor.py:840} INFO - DAG(s) 'example_short_circuit_decorator' retrieved from /home/airflow/.local/lib/python3.12/site-packages/airflow/example_dags/example_short_circuit_decorator.py
[2024-04-16T12:38:15.582+0000] {logging_mixin.py:188} INFO - [2024-04-16T12:38:15.582+0000] {dag.py:3096} INFO - Sync 1 DAGs
[2024-04-16T12:38:15.671+0000] {logging_mixin.py:188} INFO - [2024-04-16T12:38:15.667+0000] {dag.py:3954} INFO - Setting next_dagrun for example_short_circuit_decorator to 2024-04-15 00:00:00+00:00, run_after=2024-04-16 00:00:00+00:00
[2024-04-16T12:38:15.727+0000] {processor.py:183} INFO - Processing /home/airflow/.local/lib/python3.12/site-packages/airflow/example_dags/example_short_circuit_decorator.py took 0.321 seconds
[2024-04-16T12:39:43.163+0000] {processor.py:161} INFO - Started process (PID=578) to work on /home/airflow/.local/lib/python3.12/site-packages/airflow/example_dags/example_short_circuit_decorator.py
[2024-04-16T12:39:43.168+0000] {processor.py:830} INFO - Processing file /home/airflow/.local/lib/python3.12/site-packages/airflow/example_dags/example_short_circuit_decorator.py for tasks to queue
[2024-04-16T12:39:43.175+0000] {logging_mixin.py:188} INFO - [2024-04-16T12:39:43.175+0000] {dagbag.py:540} INFO - Filling up the DagBag from /home/airflow/.local/lib/python3.12/site-packages/airflow/example_dags/example_short_circuit_decorator.py
[2024-04-16T12:39:43.250+0000] {processor.py:840} INFO - DAG(s) 'example_short_circuit_decorator' retrieved from /home/airflow/.local/lib/python3.12/site-packages/airflow/example_dags/example_short_circuit_decorator.py
[2024-04-16T12:39:43.342+0000] {logging_mixin.py:188} INFO - [2024-04-16T12:39:43.333+0000] {dag.py:3096} INFO - Sync 1 DAGs
[2024-04-16T12:39:43.414+0000] {logging_mixin.py:188} INFO - [2024-04-16T12:39:43.413+0000] {dag.py:3954} INFO - Setting next_dagrun for example_short_circuit_decorator to 2024-04-15 00:00:00+00:00, run_after=2024-04-16 00:00:00+00:00
[2024-04-16T12:39:43.456+0000] {processor.py:183} INFO - Processing /home/airflow/.local/lib/python3.12/site-packages/airflow/example_dags/example_short_circuit_decorator.py took 0.305 seconds
