[2024-04-16T11:58:14.714+0000] {processor.py:161} INFO - Started process (PID=70) to work on /home/airflow/.local/lib/python3.12/site-packages/airflow/example_dags/tutorial_dag.py
[2024-04-16T11:58:14.723+0000] {processor.py:830} INFO - Processing file /home/airflow/.local/lib/python3.12/site-packages/airflow/example_dags/tutorial_dag.py for tasks to queue
[2024-04-16T11:58:14.745+0000] {logging_mixin.py:188} INFO - [2024-04-16T11:58:14.744+0000] {dagbag.py:540} INFO - Filling up the DagBag from /home/airflow/.local/lib/python3.12/site-packages/airflow/example_dags/tutorial_dag.py
[2024-04-16T11:58:14.848+0000] {processor.py:840} INFO - DAG(s) 'tutorial_dag' retrieved from /home/airflow/.local/lib/python3.12/site-packages/airflow/example_dags/tutorial_dag.py
[2024-04-16T11:58:15.556+0000] {logging_mixin.py:188} INFO - [2024-04-16T11:58:15.555+0000] {dag.py:3096} INFO - Sync 1 DAGs
[2024-04-16T11:58:15.589+0000] {logging_mixin.py:188} INFO - [2024-04-16T11:58:15.589+0000] {dag.py:3954} INFO - Setting next_dagrun for tutorial_dag to None, run_after=None
[2024-04-16T11:58:15.723+0000] {processor.py:183} INFO - Processing /home/airflow/.local/lib/python3.12/site-packages/airflow/example_dags/tutorial_dag.py took 1.079 seconds
[2024-04-16T12:08:55.330+0000] {processor.py:161} INFO - Started process (PID=74) to work on /home/airflow/.local/lib/python3.12/site-packages/airflow/example_dags/tutorial_dag.py
[2024-04-16T12:08:55.332+0000] {processor.py:830} INFO - Processing file /home/airflow/.local/lib/python3.12/site-packages/airflow/example_dags/tutorial_dag.py for tasks to queue
[2024-04-16T12:08:55.337+0000] {logging_mixin.py:188} INFO - [2024-04-16T12:08:55.336+0000] {dagbag.py:540} INFO - Filling up the DagBag from /home/airflow/.local/lib/python3.12/site-packages/airflow/example_dags/tutorial_dag.py
[2024-04-16T12:08:55.372+0000] {processor.py:840} INFO - DAG(s) 'tutorial_dag' retrieved from /home/airflow/.local/lib/python3.12/site-packages/airflow/example_dags/tutorial_dag.py
[2024-04-16T12:08:55.610+0000] {logging_mixin.py:188} INFO - [2024-04-16T12:08:55.609+0000] {dag.py:3096} INFO - Sync 1 DAGs
[2024-04-16T12:08:55.644+0000] {logging_mixin.py:188} INFO - [2024-04-16T12:08:55.644+0000] {dag.py:3954} INFO - Setting next_dagrun for tutorial_dag to None, run_after=None
[2024-04-16T12:08:55.705+0000] {processor.py:183} INFO - Processing /home/airflow/.local/lib/python3.12/site-packages/airflow/example_dags/tutorial_dag.py took 0.415 seconds
[2024-04-16T12:09:25.968+0000] {processor.py:161} INFO - Started process (PID=137) to work on /home/airflow/.local/lib/python3.12/site-packages/airflow/example_dags/tutorial_dag.py
[2024-04-16T12:09:25.969+0000] {processor.py:830} INFO - Processing file /home/airflow/.local/lib/python3.12/site-packages/airflow/example_dags/tutorial_dag.py for tasks to queue
[2024-04-16T12:09:25.971+0000] {logging_mixin.py:188} INFO - [2024-04-16T12:09:25.971+0000] {dagbag.py:540} INFO - Filling up the DagBag from /home/airflow/.local/lib/python3.12/site-packages/airflow/example_dags/tutorial_dag.py
[2024-04-16T12:09:25.976+0000] {processor.py:840} INFO - DAG(s) 'tutorial_dag' retrieved from /home/airflow/.local/lib/python3.12/site-packages/airflow/example_dags/tutorial_dag.py
[2024-04-16T12:09:25.995+0000] {logging_mixin.py:188} INFO - [2024-04-16T12:09:25.995+0000] {dag.py:3096} INFO - Sync 1 DAGs
[2024-04-16T12:09:26.007+0000] {logging_mixin.py:188} INFO - [2024-04-16T12:09:26.007+0000] {dag.py:3954} INFO - Setting next_dagrun for tutorial_dag to None, run_after=None
[2024-04-16T12:09:26.024+0000] {processor.py:183} INFO - Processing /home/airflow/.local/lib/python3.12/site-packages/airflow/example_dags/tutorial_dag.py took 0.061 seconds
[2024-04-16T12:09:56.457+0000] {processor.py:161} INFO - Started process (PID=200) to work on /home/airflow/.local/lib/python3.12/site-packages/airflow/example_dags/tutorial_dag.py
[2024-04-16T12:09:56.459+0000] {processor.py:830} INFO - Processing file /home/airflow/.local/lib/python3.12/site-packages/airflow/example_dags/tutorial_dag.py for tasks to queue
[2024-04-16T12:09:56.461+0000] {logging_mixin.py:188} INFO - [2024-04-16T12:09:56.461+0000] {dagbag.py:540} INFO - Filling up the DagBag from /home/airflow/.local/lib/python3.12/site-packages/airflow/example_dags/tutorial_dag.py
[2024-04-16T12:09:56.473+0000] {processor.py:840} INFO - DAG(s) 'tutorial_dag' retrieved from /home/airflow/.local/lib/python3.12/site-packages/airflow/example_dags/tutorial_dag.py
[2024-04-16T12:09:56.503+0000] {logging_mixin.py:188} INFO - [2024-04-16T12:09:56.502+0000] {dag.py:3096} INFO - Sync 1 DAGs
[2024-04-16T12:09:56.523+0000] {logging_mixin.py:188} INFO - [2024-04-16T12:09:56.523+0000] {dag.py:3954} INFO - Setting next_dagrun for tutorial_dag to None, run_after=None
[2024-04-16T12:09:56.551+0000] {processor.py:183} INFO - Processing /home/airflow/.local/lib/python3.12/site-packages/airflow/example_dags/tutorial_dag.py took 0.107 seconds
[2024-04-16T12:31:34.725+0000] {processor.py:161} INFO - Started process (PID=78) to work on /home/airflow/.local/lib/python3.12/site-packages/airflow/example_dags/tutorial_dag.py
[2024-04-16T12:31:34.729+0000] {processor.py:830} INFO - Processing file /home/airflow/.local/lib/python3.12/site-packages/airflow/example_dags/tutorial_dag.py for tasks to queue
[2024-04-16T12:31:34.741+0000] {logging_mixin.py:188} INFO - [2024-04-16T12:31:34.741+0000] {dagbag.py:540} INFO - Filling up the DagBag from /home/airflow/.local/lib/python3.12/site-packages/airflow/example_dags/tutorial_dag.py
[2024-04-16T12:31:34.785+0000] {processor.py:840} INFO - DAG(s) 'tutorial_dag' retrieved from /home/airflow/.local/lib/python3.12/site-packages/airflow/example_dags/tutorial_dag.py
[2024-04-16T12:31:35.277+0000] {logging_mixin.py:188} INFO - [2024-04-16T12:31:35.277+0000] {dag.py:3096} INFO - Sync 1 DAGs
[2024-04-16T12:31:35.304+0000] {logging_mixin.py:188} INFO - [2024-04-16T12:31:35.304+0000] {dag.py:3954} INFO - Setting next_dagrun for tutorial_dag to None, run_after=None
[2024-04-16T12:31:35.367+0000] {processor.py:183} INFO - Processing /home/airflow/.local/lib/python3.12/site-packages/airflow/example_dags/tutorial_dag.py took 0.653 seconds
[2024-04-16T12:32:05.746+0000] {processor.py:161} INFO - Started process (PID=141) to work on /home/airflow/.local/lib/python3.12/site-packages/airflow/example_dags/tutorial_dag.py
[2024-04-16T12:32:05.747+0000] {processor.py:830} INFO - Processing file /home/airflow/.local/lib/python3.12/site-packages/airflow/example_dags/tutorial_dag.py for tasks to queue
[2024-04-16T12:32:05.748+0000] {logging_mixin.py:188} INFO - [2024-04-16T12:32:05.748+0000] {dagbag.py:540} INFO - Filling up the DagBag from /home/airflow/.local/lib/python3.12/site-packages/airflow/example_dags/tutorial_dag.py
[2024-04-16T12:32:05.754+0000] {processor.py:840} INFO - DAG(s) 'tutorial_dag' retrieved from /home/airflow/.local/lib/python3.12/site-packages/airflow/example_dags/tutorial_dag.py
[2024-04-16T12:32:05.777+0000] {logging_mixin.py:188} INFO - [2024-04-16T12:32:05.777+0000] {dag.py:3096} INFO - Sync 1 DAGs
[2024-04-16T12:32:05.792+0000] {logging_mixin.py:188} INFO - [2024-04-16T12:32:05.792+0000] {dag.py:3954} INFO - Setting next_dagrun for tutorial_dag to None, run_after=None
[2024-04-16T12:32:05.815+0000] {processor.py:183} INFO - Processing /home/airflow/.local/lib/python3.12/site-packages/airflow/example_dags/tutorial_dag.py took 0.076 seconds
[2024-04-16T12:32:36.332+0000] {processor.py:161} INFO - Started process (PID=204) to work on /home/airflow/.local/lib/python3.12/site-packages/airflow/example_dags/tutorial_dag.py
[2024-04-16T12:32:36.333+0000] {processor.py:830} INFO - Processing file /home/airflow/.local/lib/python3.12/site-packages/airflow/example_dags/tutorial_dag.py for tasks to queue
[2024-04-16T12:32:36.334+0000] {logging_mixin.py:188} INFO - [2024-04-16T12:32:36.334+0000] {dagbag.py:540} INFO - Filling up the DagBag from /home/airflow/.local/lib/python3.12/site-packages/airflow/example_dags/tutorial_dag.py
[2024-04-16T12:32:36.339+0000] {processor.py:840} INFO - DAG(s) 'tutorial_dag' retrieved from /home/airflow/.local/lib/python3.12/site-packages/airflow/example_dags/tutorial_dag.py
[2024-04-16T12:32:36.360+0000] {logging_mixin.py:188} INFO - [2024-04-16T12:32:36.360+0000] {dag.py:3096} INFO - Sync 1 DAGs
[2024-04-16T12:32:36.374+0000] {logging_mixin.py:188} INFO - [2024-04-16T12:32:36.374+0000] {dag.py:3954} INFO - Setting next_dagrun for tutorial_dag to None, run_after=None
[2024-04-16T12:32:36.397+0000] {processor.py:183} INFO - Processing /home/airflow/.local/lib/python3.12/site-packages/airflow/example_dags/tutorial_dag.py took 0.071 seconds
[2024-04-16T12:33:06.818+0000] {processor.py:161} INFO - Started process (PID=268) to work on /home/airflow/.local/lib/python3.12/site-packages/airflow/example_dags/tutorial_dag.py
[2024-04-16T12:33:06.820+0000] {processor.py:830} INFO - Processing file /home/airflow/.local/lib/python3.12/site-packages/airflow/example_dags/tutorial_dag.py for tasks to queue
[2024-04-16T12:33:06.821+0000] {logging_mixin.py:188} INFO - [2024-04-16T12:33:06.821+0000] {dagbag.py:540} INFO - Filling up the DagBag from /home/airflow/.local/lib/python3.12/site-packages/airflow/example_dags/tutorial_dag.py
[2024-04-16T12:33:06.834+0000] {processor.py:840} INFO - DAG(s) 'tutorial_dag' retrieved from /home/airflow/.local/lib/python3.12/site-packages/airflow/example_dags/tutorial_dag.py
[2024-04-16T12:33:06.887+0000] {logging_mixin.py:188} INFO - [2024-04-16T12:33:06.887+0000] {dag.py:3096} INFO - Sync 1 DAGs
[2024-04-16T12:33:06.937+0000] {logging_mixin.py:188} INFO - [2024-04-16T12:33:06.937+0000] {dag.py:3954} INFO - Setting next_dagrun for tutorial_dag to None, run_after=None
[2024-04-16T12:33:06.989+0000] {processor.py:183} INFO - Processing /home/airflow/.local/lib/python3.12/site-packages/airflow/example_dags/tutorial_dag.py took 0.178 seconds
[2024-04-16T12:33:37.340+0000] {processor.py:161} INFO - Started process (PID=331) to work on /home/airflow/.local/lib/python3.12/site-packages/airflow/example_dags/tutorial_dag.py
[2024-04-16T12:33:37.342+0000] {processor.py:830} INFO - Processing file /home/airflow/.local/lib/python3.12/site-packages/airflow/example_dags/tutorial_dag.py for tasks to queue
[2024-04-16T12:33:37.343+0000] {logging_mixin.py:188} INFO - [2024-04-16T12:33:37.343+0000] {dagbag.py:540} INFO - Filling up the DagBag from /home/airflow/.local/lib/python3.12/site-packages/airflow/example_dags/tutorial_dag.py
[2024-04-16T12:33:37.350+0000] {processor.py:840} INFO - DAG(s) 'tutorial_dag' retrieved from /home/airflow/.local/lib/python3.12/site-packages/airflow/example_dags/tutorial_dag.py
[2024-04-16T12:33:37.393+0000] {logging_mixin.py:188} INFO - [2024-04-16T12:33:37.392+0000] {dag.py:3096} INFO - Sync 1 DAGs
[2024-04-16T12:33:37.458+0000] {logging_mixin.py:188} INFO - [2024-04-16T12:33:37.458+0000] {dag.py:3954} INFO - Setting next_dagrun for tutorial_dag to None, run_after=None
[2024-04-16T12:33:37.548+0000] {processor.py:183} INFO - Processing /home/airflow/.local/lib/python3.12/site-packages/airflow/example_dags/tutorial_dag.py took 0.215 seconds
[2024-04-16T12:34:08.269+0000] {processor.py:161} INFO - Started process (PID=393) to work on /home/airflow/.local/lib/python3.12/site-packages/airflow/example_dags/tutorial_dag.py
[2024-04-16T12:34:08.271+0000] {processor.py:830} INFO - Processing file /home/airflow/.local/lib/python3.12/site-packages/airflow/example_dags/tutorial_dag.py for tasks to queue
[2024-04-16T12:34:08.272+0000] {logging_mixin.py:188} INFO - [2024-04-16T12:34:08.272+0000] {dagbag.py:540} INFO - Filling up the DagBag from /home/airflow/.local/lib/python3.12/site-packages/airflow/example_dags/tutorial_dag.py
[2024-04-16T12:34:08.287+0000] {processor.py:840} INFO - DAG(s) 'tutorial_dag' retrieved from /home/airflow/.local/lib/python3.12/site-packages/airflow/example_dags/tutorial_dag.py
[2024-04-16T12:34:08.384+0000] {logging_mixin.py:188} INFO - [2024-04-16T12:34:08.383+0000] {dag.py:3096} INFO - Sync 1 DAGs
[2024-04-16T12:34:08.425+0000] {logging_mixin.py:188} INFO - [2024-04-16T12:34:08.424+0000] {dag.py:3954} INFO - Setting next_dagrun for tutorial_dag to None, run_after=None
[2024-04-16T12:34:08.476+0000] {processor.py:183} INFO - Processing /home/airflow/.local/lib/python3.12/site-packages/airflow/example_dags/tutorial_dag.py took 0.221 seconds
[2024-04-16T12:38:07.870+0000] {processor.py:161} INFO - Started process (PID=488) to work on /home/airflow/.local/lib/python3.12/site-packages/airflow/example_dags/tutorial_dag.py
[2024-04-16T12:38:07.874+0000] {processor.py:830} INFO - Processing file /home/airflow/.local/lib/python3.12/site-packages/airflow/example_dags/tutorial_dag.py for tasks to queue
[2024-04-16T12:38:07.882+0000] {logging_mixin.py:188} INFO - [2024-04-16T12:38:07.881+0000] {dagbag.py:540} INFO - Filling up the DagBag from /home/airflow/.local/lib/python3.12/site-packages/airflow/example_dags/tutorial_dag.py
[2024-04-16T12:38:08.094+0000] {processor.py:840} INFO - DAG(s) 'tutorial_dag' retrieved from /home/airflow/.local/lib/python3.12/site-packages/airflow/example_dags/tutorial_dag.py
[2024-04-16T12:38:09.182+0000] {logging_mixin.py:188} INFO - [2024-04-16T12:38:09.181+0000] {dag.py:3096} INFO - Sync 1 DAGs
[2024-04-16T12:38:09.247+0000] {logging_mixin.py:188} INFO - [2024-04-16T12:38:09.241+0000] {dag.py:3954} INFO - Setting next_dagrun for tutorial_dag to None, run_after=None
[2024-04-16T12:38:09.413+0000] {processor.py:183} INFO - Processing /home/airflow/.local/lib/python3.12/site-packages/airflow/example_dags/tutorial_dag.py took 1.599 seconds
[2024-04-16T12:39:40.265+0000] {processor.py:161} INFO - Started process (PID=565) to work on /home/airflow/.local/lib/python3.12/site-packages/airflow/example_dags/tutorial_dag.py
[2024-04-16T12:39:40.271+0000] {processor.py:830} INFO - Processing file /home/airflow/.local/lib/python3.12/site-packages/airflow/example_dags/tutorial_dag.py for tasks to queue
[2024-04-16T12:39:40.273+0000] {logging_mixin.py:188} INFO - [2024-04-16T12:39:40.272+0000] {dagbag.py:540} INFO - Filling up the DagBag from /home/airflow/.local/lib/python3.12/site-packages/airflow/example_dags/tutorial_dag.py
[2024-04-16T12:39:40.312+0000] {processor.py:840} INFO - DAG(s) 'tutorial_dag' retrieved from /home/airflow/.local/lib/python3.12/site-packages/airflow/example_dags/tutorial_dag.py
[2024-04-16T12:39:40.405+0000] {logging_mixin.py:188} INFO - [2024-04-16T12:39:40.405+0000] {dag.py:3096} INFO - Sync 1 DAGs
[2024-04-16T12:39:40.447+0000] {logging_mixin.py:188} INFO - [2024-04-16T12:39:40.447+0000] {dag.py:3954} INFO - Setting next_dagrun for tutorial_dag to None, run_after=None
[2024-04-16T12:39:40.539+0000] {processor.py:183} INFO - Processing /home/airflow/.local/lib/python3.12/site-packages/airflow/example_dags/tutorial_dag.py took 0.293 seconds
